Mplus VERSION 8.9
MUTHEN & MUTHEN
01/22/2025   2:37 PM

INPUT INSTRUCTIONS

  DATA:
    FILE IS "mplus.dat";
  VARIABLE:
    MISSING ARE ALL (-99);
    NAMES ARE id Gender1 Age1 Education_mother1 Education_father1
    unemployed_mother1 unemployed_father1 Fin1 Fin2 Fin3 Personal1
    Personal2 Personal3 Public1 Public2 Public3 Collective1
    Collective2 Collective3 Relational1 Relational2
    Relational3 Autonomy1 Autonomy2 Autonomy3 Relatedness1 Relatedness2
    Relatedness3 Competence1 Competence2 Competence3
    PA1 PA2 PA3 NA1 NA2 NA3 SWLS1 SWLS2 SWLS3;

  usevar =
  Gender1 Age1 Education_mother1 Education_father1
  unemployed_mother1 unemployed_father1 Fin1 Fin2 Fin3
  x1-x3 y1-y3 m1-m3 ;

  define:
  x1 = Personal1;
  x2 = Personal2;
  x3 = Personal3;

  m1 = Autonomy1;
  m2 = Autonomy2;
  m3 = Autonomy3;

  y1 = SWLS1;
  y2 = SWLS2;
  y3 = SWLS3;





  analysis:

  MODEL = NOCOV;
  bootstrap = 10000;


  MODEL:
  RIx BY x1@1 x2@1 x3@1;
  RIy BY y1@1 y2@1 y3@1;
  RIm BY m1@1 m2@1 m3@1;



  wx1 BY x1@1;
  wx2 BY x2@1;
  wx3 BY x3@1;



  wy1 BY y1@1;
  wy2 BY y2@1;
  wy3 BY y3@1;



  wm1 By m1@1;
  wm2 By m2@1;
  wm3 By m3@1;


  x1-m3@0;


  wy2 ON wy1 (a );
  wy3 ON wy2 (a );


  wx2 ON wx1 (b );
  wx3 ON wx2 (b );


  wm2 ON wm1  (c);
  wm3 ON wm2  (c);


  wy2 ON  wx1 wm1  (d e);
  wy3 ON  wx2 wm2  (d e);


  wx2 ON wy1 wm1  (f j);
  wx3 ON wy2 wm2  (f j);


  wm2 ON wx1 wy1   (h i);
  wm3 ON wx2 wy2   (h i);


  RIx RIy RIm  with RIx RIy RIm ;

  wx1 wy1 wm1 with wx1 wy1 wm1;
  wx2 wy2 wm2 with wx2 wy2 wm2 (cov1 cov2 cov3);
  wx3 wy3 wm3 with wx3 wy3 wm3 (cov1 cov2 cov3);

  wx2 (vx); wy2 (vy); wm2 (vm);
  wx3 (vx); wy3 (vy); wm3 (vm);

  x1-m3 on Gender1 Age1 Education_mother1 Education_father1
  unemployed_mother1 unemployed_father1 ;

  x1 y1 m1 on Fin1;
  x2 y2 m2 on Fin2;
  x3 y3 m3 on Fin3;

  Gender1 -Fin3 with Gender1 -Fin3;

  [x1-x3] (mx);
  [m1-m3] (mm);
  [y1-y3] (my);

  model constraint:
  new (ind);
  ind = h*e;

  output: cinterval (boot) stdyx;



*** WARNING in VARIABLE command
  Note that only the first 8 characters of variable names are used in the output.
  Shorten variable names to avoid any confusion.
   1 WARNING(S) FOUND IN THE INPUT INSTRUCTIONS




SUMMARY OF ANALYSIS

Number of groups                                                 1
Number of observations                                         971

Number of dependent variables                                    9
Number of independent variables                                  9
Number of continuous latent variables                           12

Observed dependent variables

  Continuous
   X1          X2          X3          Y1          Y2          Y3
   M1          M2          M3

Observed independent variables
   GENDER1     AGE1        EDUCATIO    EDUCATIO    UNEMPLOY    UNEMPLOY
   FIN1        FIN2        FIN3

Continuous latent variables
   RIX         RIY         RIM         WX1         WX2         WX3
   WY1         WY2         WY3         WM1         WM2         WM3


Estimator                                                       ML
Information matrix                                        OBSERVED
Maximum number of iterations                                  1000
Convergence criterion                                    0.500D-04
Maximum number of steepest descent iterations                   20
Maximum number of iterations for H1                           2000
Convergence criterion for H1                             0.100D-03
Number of bootstrap draws
    Requested                                                10000
    Completed                                                10000

Input data file(s)
  mplus.dat

Input data format  FREE


SUMMARY OF DATA

     Number of missing data patterns            19


COVARIANCE COVERAGE OF DATA

Minimum covariance coverage value   0.100


     PROPORTION OF DATA PRESENT


           Covariance Coverage
              X1            X2            X3            Y1            Y2
              ________      ________      ________      ________      ________
 X1             1.000
 X2             1.000         1.000
 X3             1.000         1.000         1.000
 Y1             1.000         1.000         1.000         1.000
 Y2             1.000         1.000         1.000         1.000         1.000
 Y3             1.000         1.000         1.000         1.000         1.000
 M1             1.000         1.000         1.000         1.000         1.000
 M2             1.000         1.000         1.000         1.000         1.000
 M3             1.000         1.000         1.000         1.000         1.000
 GENDER1        0.998         0.998         0.998         0.998         0.998
 AGE1           0.999         0.999         0.999         0.999         0.999
 EDUCATIO       0.994         0.994         0.994         0.994         0.994
 EDUCATIO       0.991         0.991         0.991         0.991         0.991
 UNEMPLOY       0.992         0.992         0.992         0.992         0.992
 UNEMPLOY       0.974         0.974         0.974         0.974         0.974
 FIN1           0.994         0.994         0.994         0.994         0.994
 FIN2           0.991         0.991         0.991         0.991         0.991
 FIN3           0.991         0.991         0.991         0.991         0.991


           Covariance Coverage
              Y3            M1            M2            M3            GENDER1
              ________      ________      ________      ________      ________
 Y3             1.000
 M1             1.000         1.000
 M2             1.000         1.000         1.000
 M3             1.000         1.000         1.000         1.000
 GENDER1        0.998         0.998         0.998         0.998         0.998
 AGE1           0.999         0.999         0.999         0.999         0.997
 EDUCATIO       0.994         0.994         0.994         0.994         0.992
 EDUCATIO       0.991         0.991         0.991         0.991         0.989
 UNEMPLOY       0.992         0.992         0.992         0.992         0.990
 UNEMPLOY       0.974         0.974         0.974         0.974         0.972
 FIN1           0.994         0.994         0.994         0.994         0.992
 FIN2           0.991         0.991         0.991         0.991         0.990
 FIN3           0.991         0.991         0.991         0.991         0.989


           Covariance Coverage
              AGE1          EDUCATIO      EDUCATIO      UNEMPLOY      UNEMPLOY
              ________      ________      ________      ________      ________
 AGE1           0.999
 EDUCATIO       0.993         0.994
 EDUCATIO       0.990         0.987         0.991
 UNEMPLOY       0.991         0.989         0.984         0.992
 UNEMPLOY       0.973         0.969         0.970         0.968         0.974
 FIN1           0.993         0.989         0.986         0.988         0.969
 FIN2           0.990         0.985         0.981         0.982         0.965
 FIN3           0.990         0.985         0.981         0.982         0.965


           Covariance Coverage
              FIN1          FIN2          FIN3
              ________      ________      ________
 FIN1           0.994
 FIN2           0.986         0.991
 FIN3           0.986         0.984         0.991



UNIVARIATE SAMPLE STATISTICS


     UNIVARIATE HIGHER-ORDER MOMENT DESCRIPTIVE STATISTICS

         Variable/         Mean/     Skewness/   Minimum/ % with                Percentiles
        Sample Size      Variance    Kurtosis    Maximum  Min/Max      20%/60%    40%/80%    Median

     X1                   -0.019      -0.225      -3.871    0.10%      -0.751     -0.228      0.011
             971.000       0.796       0.179       2.389    0.10%       0.224      0.753
     X2                   -0.012       0.007      -3.561    0.10%      -0.779     -0.282     -0.045
             971.000       0.821      -0.194       2.554    0.10%       0.191      0.815
     X3                   -0.010      -0.051      -4.397    0.10%      -0.784     -0.280     -0.039
             971.000       0.852       0.065       2.669    0.10%       0.202      0.811
     Y1                    5.197      -0.908       1.000    0.51%       4.333      5.000      5.333
             971.000       1.455       0.746       7.000    4.43%       5.667      6.333
     Y2                    5.307      -0.912       1.000    0.41%       4.333      5.333      5.667
             971.000       1.416       0.731       7.000    5.97%       5.667      6.333
     Y3                    5.309      -0.984       1.000    0.82%       4.333      5.333      5.667
             971.000       1.518       0.898       7.000    7.11%       5.667      6.333
     M1                   -0.011      -0.113      -2.043    0.10%      -0.393     -0.135     -0.018
             971.000       0.220       0.142       1.071    1.24%       0.092      0.393
     M2                   -0.010      -0.062      -1.617    0.10%      -0.431     -0.133     -0.005
             971.000       0.273       0.011       1.172    2.37%       0.109      0.420
     M3                   -0.009       0.040      -1.447    0.10%      -0.484     -0.148     -0.035
             971.000       0.292      -0.337       1.198    2.16%       0.100      0.476
     GENDER1               0.646      -0.611       0.000   35.40%       0.000      1.000      1.000
             969.000       0.229      -1.627       1.000   64.60%       1.000      1.000
     AGE1                 15.638      -0.547      15.000   36.29%      15.000     16.000     16.000
             970.000       0.233      -1.625      17.000    0.10%      16.000     16.000
     EDUCATION_MOTHE       3.907      -0.084       1.000    0.31%       3.000      3.000      4.000
             965.000       0.945      -1.378       5.000   39.17%       4.000      5.000
     EDUCATION_FATHE       3.754       0.093       1.000    0.62%       3.000      3.000      3.000
             962.000       0.984      -1.211       5.000   33.78%       4.000      5.000
     UNEMPLOYED_MOTH       0.154       1.921       0.000   84.63%       0.000      0.000      0.000
             963.000       0.130       1.688       1.000   15.37%       0.000      0.000
     UNEMPLOYED_FATH       0.070       3.378       0.000   93.02%       0.000      0.000      0.000
             946.000       0.065       9.408       1.000    6.98%       0.000      0.000
     FIN1                  3.754      -0.071       1.000    0.31%       3.000      3.000      4.000
             965.000       0.726      -0.634       5.000   21.55%       4.000      5.000
     FIN2                  3.777      -0.071       1.000    0.42%       3.000      4.000      4.000
             962.000       0.685      -0.517       5.000   21.21%       4.000      5.000
     FIN3                  3.756      -0.179       1.000    0.94%       3.000      3.000      4.000
             962.000       0.750      -0.296       5.000   21.93%       4.000      5.000


THE MODEL ESTIMATION TERMINATED NORMALLY



MODEL FIT INFORMATION

Number of Free Parameters                      147

Loglikelihood

          H0 Value                      -15555.409
          H1 Value                      -15470.439

Information Criteria

          Akaike (AIC)                   31404.817
          Bayesian (BIC)                 32121.931
          Sample-Size Adjusted BIC       31655.060
            (n* = (n + 2) / 24)

Chi-Square Test of Model Fit

          Value                            169.940
          Degrees of Freedom                    42
          P-Value                           0.0000

RMSEA (Root Mean Square Error Of Approximation)

          Estimate                           0.056
          90 Percent C.I.                    0.047  0.065
          Probability RMSEA <= .05           0.123

CFI/TLI

          CFI                                0.973
          TLI                                0.924

Chi-Square Test of Model Fit for the Baseline Model

          Value                           4780.807
          Degrees of Freedom                   117
          P-Value                           0.0000

SRMR (Standardized Root Mean Square Residual)

          Value                              0.050



MODEL RESULTS

                                                    Two-Tailed
                    Estimate       S.E.  Est./S.E.    P-Value

 RIX      BY
    X1                 1.000      0.000    999.000    999.000
    X2                 1.000      0.000    999.000    999.000
    X3                 1.000      0.000    999.000    999.000

 RIY      BY
    Y1                 1.000      0.000    999.000    999.000
    Y2                 1.000      0.000    999.000    999.000
    Y3                 1.000      0.000    999.000    999.000

 RIM      BY
    M1                 1.000      0.000    999.000    999.000
    M2                 1.000      0.000    999.000    999.000
    M3                 1.000      0.000    999.000    999.000

 WX1      BY
    X1                 1.000      0.000    999.000    999.000

 WX2      BY
    X2                 1.000      0.000    999.000    999.000

 WX3      BY
    X3                 1.000      0.000    999.000    999.000

 WY1      BY
    Y1                 1.000      0.000    999.000    999.000

 WY2      BY
    Y2                 1.000      0.000    999.000    999.000

 WY3      BY
    Y3                 1.000      0.000    999.000    999.000

 WM1      BY
    M1                 1.000      0.000    999.000    999.000

 WM2      BY
    M2                 1.000      0.000    999.000    999.000

 WM3      BY
    M3                 1.000      0.000    999.000    999.000

 WY2      ON
    WY1                0.186      0.074      2.497      0.013
    WX1               -0.031      0.069     -0.457      0.647
    WM1                0.157      0.114      1.372      0.170

 WY3      ON
    WY2                0.186      0.074      2.497      0.013
    WX2               -0.031      0.069     -0.457      0.647
    WM2                0.157      0.114      1.372      0.170

 WX2      ON
    WX1                0.068      0.068      0.996      0.319
    WY1               -0.018      0.031     -0.583      0.560
    WM1                0.151      0.081      1.857      0.063

 WX3      ON
    WX2                0.068      0.068      0.996      0.319
    WY2               -0.018      0.031     -0.583      0.560
    WM2                0.151      0.081      1.857      0.063

 WM2      ON
    WM1                0.257      0.064      4.009      0.000
    WX1               -0.011      0.030     -0.355      0.722
    WY1                0.043      0.018      2.348      0.019

 WM3      ON
    WM2                0.257      0.064      4.009      0.000
    WX2               -0.011      0.030     -0.355      0.722
    WY2                0.043      0.018      2.348      0.019

 X1       ON
    GENDER1            0.586      0.058     10.099      0.000
    AGE1               0.103      0.051      2.044      0.041
    EDUCATION_         0.035      0.033      1.062      0.288
    EDUCATION_         0.052      0.031      1.686      0.092
    UNEMPLOYED        -0.083      0.076     -1.088      0.276
    UNEMPLOYED         0.180      0.097      1.856      0.063
    FIN1               0.051      0.029      1.728      0.084

 X2       ON
    GENDER1            0.410      0.060      6.809      0.000
    AGE1               0.100      0.051      1.968      0.049
    EDUCATION_         0.022      0.035      0.644      0.520
    EDUCATION_         0.053      0.033      1.604      0.109
    UNEMPLOYED        -0.030      0.080     -0.377      0.706
    UNEMPLOYED         0.235      0.111      2.121      0.034
    FIN2               0.106      0.030      3.519      0.000

 X3       ON
    GENDER1            0.420      0.061      6.941      0.000
    AGE1               0.106      0.050      2.114      0.035
    EDUCATION_         0.032      0.035      0.901      0.368
    EDUCATION_         0.035      0.033      1.049      0.294
    UNEMPLOYED        -0.045      0.080     -0.558      0.577
    UNEMPLOYED         0.266      0.103      2.576      0.010
    FIN3               0.087      0.033      2.645      0.008

 Y1       ON
    GENDER1           -0.272      0.073     -3.744      0.000
    AGE1               0.126      0.058      2.167      0.030
    EDUCATION_        -0.028      0.046     -0.617      0.537
    EDUCATION_         0.011      0.047      0.236      0.813
    UNEMPLOYED        -0.146      0.115     -1.276      0.202
    UNEMPLOYED         0.144      0.154      0.936      0.349
    FIN1               0.439      0.042     10.342      0.000

 Y2       ON
    GENDER1           -0.129      0.073     -1.774      0.076
    AGE1               0.108      0.059      1.827      0.068
    EDUCATION_         0.039      0.043      0.908      0.364
    EDUCATION_         0.030      0.045      0.670      0.503
    UNEMPLOYED        -0.123      0.110     -1.121      0.262
    UNEMPLOYED         0.003      0.143      0.020      0.984
    FIN2               0.431      0.042     10.346      0.000

 Y3       ON
    GENDER1            0.016      0.076      0.216      0.829
    AGE1               0.073      0.059      1.240      0.215
    EDUCATION_         0.033      0.042      0.792      0.428
    EDUCATION_         0.040      0.040      1.000      0.318
    UNEMPLOYED        -0.031      0.103     -0.299      0.765
    UNEMPLOYED         0.053      0.146      0.361      0.718
    FIN3               0.545      0.044     12.386      0.000

 M1       ON
    GENDER1           -0.022      0.031     -0.720      0.471
    AGE1               0.045      0.027      1.623      0.105
    EDUCATION_        -0.033      0.019     -1.721      0.085
    EDUCATION_         0.007      0.018      0.381      0.703
    UNEMPLOYED         0.013      0.045      0.278      0.781
    UNEMPLOYED         0.115      0.063      1.839      0.066
    FIN1               0.094      0.017      5.632      0.000

 M2       ON
    GENDER1           -0.067      0.034     -1.994      0.046
    AGE1               0.047      0.027      1.706      0.088
    EDUCATION_        -0.024      0.020     -1.214      0.225
    EDUCATION_        -0.001      0.020     -0.034      0.973
    UNEMPLOYED        -0.022      0.050     -0.434      0.664
    UNEMPLOYED        -0.021      0.063     -0.331      0.741
    FIN2               0.095      0.019      5.121      0.000

 M3       ON
    GENDER1           -0.018      0.037     -0.480      0.631
    AGE1               0.040      0.028      1.456      0.145
    EDUCATION_        -0.022      0.021     -1.017      0.309
    EDUCATION_         0.013      0.021      0.639      0.523
    UNEMPLOYED         0.001      0.050      0.028      0.978
    UNEMPLOYED         0.065      0.063      1.039      0.299
    FIN3               0.096      0.020      4.768      0.000

 RIX      WITH
    RIY                0.152      0.030      5.043      0.000
    RIM                0.147      0.014     10.335      0.000

 RIY      WITH
    RIM                0.121      0.019      6.255      0.000

 WX1      WITH
    WY1               -0.019      0.026     -0.743      0.457
    WM1                0.039      0.011      3.626      0.000

 WY1      WITH
    WM1                0.064      0.020      3.214      0.001

 WX2      WITH
    WY2                0.058      0.022      2.591      0.010
    WM2                0.071      0.010      7.183      0.000

 WY2      WITH
    WM2                0.080      0.013      6.234      0.000

 WX3      WITH
    WY3                0.058      0.022      2.591      0.010
    WM3                0.071      0.010      7.183      0.000

 WY3      WITH
    WM3                0.080      0.013      6.234      0.000

 GENDER1  WITH
    AGE1              -0.001      0.007     -0.075      0.940
    EDUCATION_        -0.036      0.015     -2.368      0.018
    EDUCATION_        -0.022      0.015     -1.448      0.148
    UNEMPLOYED        -0.003      0.006     -0.514      0.607
    UNEMPLOYED        -0.002      0.004     -0.411      0.681
    FIN1               0.014      0.013      1.057      0.291
    FIN2              -0.002      0.013     -0.125      0.900
    FIN3               0.006      0.014      0.408      0.683

 AGE1     WITH
    EDUCATION_        -0.037      0.015     -2.449      0.014
    EDUCATION_        -0.018      0.015     -1.182      0.237
    UNEMPLOYED         0.012      0.005      2.235      0.025
    UNEMPLOYED         0.002      0.004      0.450      0.653
    FIN1              -0.005      0.013     -0.407      0.684
    FIN2              -0.010      0.013     -0.782      0.434
    FIN3              -0.012      0.014     -0.895      0.371

 EDUCATIO WITH
    EDUCATION_         0.452      0.030     14.938      0.000
    UNEMPLOYED        -0.088      0.012     -7.486      0.000
    UNEMPLOYED        -0.024      0.009     -2.746      0.006
    FIN1               0.117      0.027      4.318      0.000
    FIN2               0.130      0.026      5.048      0.000
    FIN3               0.134      0.027      4.934      0.000

 EDUCATIO WITH
    UNEMPLOYED        -0.057      0.011     -4.936      0.000
    UNEMPLOYED        -0.031      0.007     -4.118      0.000
    FIN1               0.145      0.028      5.245      0.000
    FIN2               0.173      0.026      6.600      0.000
    FIN3               0.183      0.027      6.784      0.000

 UNEMPLOY WITH
    UNEMPLOYED         0.013      0.004      3.274      0.001
    FIN1              -0.033      0.011     -2.984      0.003
    FIN2              -0.029      0.010     -2.845      0.004
    FIN3              -0.040      0.010     -3.824      0.000

 UNEMPLOY WITH
    FIN1              -0.026      0.008     -3.170      0.002
    FIN2              -0.020      0.007     -2.980      0.003
    FIN3              -0.020      0.008     -2.655      0.008

 FIN1     WITH
    FIN2               0.505      0.025     20.388      0.000
    FIN3               0.484      0.025     19.229      0.000

 FIN2     WITH
    FIN3               0.504      0.024     20.770      0.000

 Means
    GENDER1            0.646      0.015     42.461      0.000
    AGE1              15.638      0.016   1007.248      0.000
    EDUCATION_         3.906      0.031    124.266      0.000
    EDUCATION_         3.754      0.032    116.410      0.000
    UNEMPLOYED         0.154      0.012     13.358      0.000
    UNEMPLOYED         0.070      0.008      8.373      0.000
    FIN1               3.756      0.027    138.438      0.000
    FIN2               3.776      0.027    141.603      0.000
    FIN3               3.754      0.028    133.455      0.000

 Intercepts
    X1                -2.537      0.808     -3.138      0.002
    X2                -2.537      0.808     -3.138      0.002
    X3                -2.537      0.808     -3.138      0.002
    Y1                 1.834      0.936      1.960      0.050
    Y2                 1.834      0.936      1.960      0.050
    Y3                 1.834      0.936      1.960      0.050
    M1                -0.953      0.439     -2.174      0.030
    M2                -0.953      0.439     -2.174      0.030
    M3                -0.953      0.439     -2.174      0.030

 Variances
    GENDER1            0.229      0.004     51.272      0.000
    AGE1               0.233      0.005     50.732      0.000
    EDUCATION_         0.946      0.024     38.659      0.000
    EDUCATION_         0.984      0.028     34.918      0.000
    UNEMPLOYED         0.130      0.008     16.313      0.000
    UNEMPLOYED         0.065      0.007      9.063      0.000
    FIN1               0.727      0.028     26.426      0.000
    FIN2               0.684      0.027     25.755      0.000
    FIN3               0.750      0.032     23.550      0.000
    RIX                0.438      0.031     14.326      0.000
    RIY                0.481      0.062      7.731      0.000
    RIM                0.115      0.011     10.465      0.000
    WX1                0.292      0.026     11.287      0.000
    WY1                0.700      0.082      8.578      0.000
    WM1                0.086      0.010      8.743      0.000

 Residual Variances
    X1                 0.000      0.000    999.000    999.000
    X2                 0.000      0.000    999.000    999.000
    X3                 0.000      0.000    999.000    999.000
    Y1                 0.000      0.000    999.000    999.000
    Y2                 0.000      0.000    999.000    999.000
    Y3                 0.000      0.000    999.000    999.000
    M1                 0.000      0.000    999.000    999.000
    M2                 0.000      0.000    999.000    999.000
    M3                 0.000      0.000    999.000    999.000
    WX2                0.323      0.025     12.954      0.000
    WX3                0.323      0.025     12.954      0.000
    WY2                0.644      0.062     10.426      0.000
    WY3                0.644      0.062     10.426      0.000
    WM2                0.145      0.007     20.511      0.000
    WM3                0.145      0.007     20.511      0.000

New/Additional Parameters
    IND               -0.002      0.006     -0.282      0.778


STANDARDIZED MODEL RESULTS


STDYX Standardization

                                                    Two-Tailed
                    Estimate       S.E.  Est./S.E.    P-Value

 RIX      BY
    X1                 0.731      0.020     36.143      0.000
    X2                 0.731      0.022     32.947      0.000
    X3                 0.730      0.023     32.290      0.000

 RIY      BY
    Y1                 0.599      0.039     15.185      0.000
    Y2                 0.607      0.041     14.955      0.000
    Y3                 0.587      0.040     14.825      0.000

 RIM      BY
    M1                 0.742      0.032     23.435      0.000
    M2                 0.646      0.027     24.187      0.000
    M3                 0.641      0.028     22.643      0.000

 WX1      BY
    X1                 0.597      0.023     26.025      0.000

 WX2      BY
    X2                 0.631      0.025     25.231      0.000

 WX3      BY
    X3                 0.632      0.026     24.687      0.000

 WY1      BY
    Y1                 0.723      0.033     22.110      0.000

 WY2      BY
    Y2                 0.718      0.034     20.849      0.000

 WY3      BY
    Y3                 0.695      0.034     20.594      0.000

 WM1      BY
    M1                 0.642      0.034     18.643      0.000

 WM2      BY
    M2                 0.745      0.023     33.030      0.000

 WM3      BY
    M3                 0.750      0.023     32.114      0.000

 WY2      ON
    WY1                0.189      0.073      2.593      0.010
    WX1               -0.021      0.045     -0.455      0.649
    WM1                0.056      0.042      1.327      0.184

 WY3      ON
    WY2                0.186      0.074      2.500      0.012
    WX2               -0.022      0.048     -0.459      0.647
    WM2                0.075      0.055      1.352      0.176

 WX2      ON
    WX1                0.064      0.063      1.009      0.313
    WY1               -0.026      0.045     -0.584      0.559
    WM1                0.078      0.043      1.787      0.074

 WX3      ON
    WX2                0.067      0.067      0.999      0.318
    WY2               -0.026      0.044     -0.583      0.560
    WM2                0.103      0.056      1.842      0.065

 WM2      ON
    WM1                0.193      0.052      3.726      0.000
    WX1               -0.015      0.042     -0.354      0.723
    WY1                0.092      0.040      2.299      0.022

 WM3      ON
    WM2                0.253      0.062      4.104      0.000
    WX2               -0.015      0.043     -0.356      0.722
    WY2                0.089      0.038      2.342      0.019

 X1       ON
    GENDER1            0.310      0.029     10.702      0.000
    AGE1               0.055      0.027      2.042      0.041
    EDUCATION_         0.038      0.035      1.067      0.286
    EDUCATION_         0.057      0.034      1.687      0.092
    UNEMPLOYED        -0.033      0.030     -1.089      0.276
    UNEMPLOYED         0.051      0.027      1.874      0.061
    FIN1               0.048      0.028      1.728      0.084

 X2       ON
    GENDER1            0.217      0.031      6.980      0.000
    AGE1               0.053      0.027      1.965      0.049
    EDUCATION_         0.024      0.037      0.644      0.520
    EDUCATION_         0.058      0.036      1.606      0.108
    UNEMPLOYED        -0.012      0.032     -0.378      0.705
    UNEMPLOYED         0.066      0.031      2.129      0.033
    FIN2               0.097      0.027      3.534      0.000

 X3       ON
    GENDER1            0.222      0.031      7.106      0.000
    AGE1               0.057      0.027      2.113      0.035
    EDUCATION_         0.034      0.038      0.901      0.367
    EDUCATION_         0.038      0.036      1.051      0.293
    UNEMPLOYED        -0.018      0.032     -0.560      0.576
    UNEMPLOYED         0.075      0.029      2.579      0.010
    FIN3               0.083      0.031      2.665      0.008

 Y1       ON
    GENDER1           -0.112      0.030     -3.793      0.000
    AGE1               0.053      0.024      2.160      0.031
    EDUCATION_        -0.024      0.039     -0.618      0.537
    EDUCATION_         0.009      0.040      0.237      0.813
    UNEMPLOYED        -0.046      0.035     -1.290      0.197
    UNEMPLOYED         0.032      0.034      0.941      0.347
    FIN1               0.323      0.032      9.983      0.000

 Y2       ON
    GENDER1           -0.054      0.030     -1.781      0.075
    AGE1               0.045      0.025      1.823      0.068
    EDUCATION_         0.033      0.036      0.908      0.364
    EDUCATION_         0.026      0.039      0.672      0.502
    UNEMPLOYED        -0.039      0.034     -1.129      0.259
    UNEMPLOYED         0.001      0.032      0.020      0.984
    FIN2               0.312      0.030     10.353      0.000

 Y3       ON
    GENDER1            0.007      0.031      0.216      0.829
    AGE1               0.030      0.024      1.238      0.216
    EDUCATION_         0.027      0.035      0.793      0.428
    EDUCATION_         0.034      0.034      1.004      0.316
    UNEMPLOYED        -0.009      0.031     -0.300      0.764
    UNEMPLOYED         0.011      0.031      0.364      0.716
    FIN3               0.399      0.031     12.976      0.000

 M1       ON
    GENDER1           -0.023      0.032     -0.721      0.471
    AGE1               0.047      0.029      1.623      0.105
    EDUCATION_        -0.069      0.040     -1.732      0.083
    EDUCATION_         0.015      0.039      0.382      0.702
    UNEMPLOYED         0.010      0.035      0.278      0.781
    UNEMPLOYED         0.064      0.035      1.849      0.064
    FIN1               0.174      0.031      5.688      0.000

 M2       ON
    GENDER1           -0.061      0.030     -2.006      0.045
    AGE1               0.043      0.025      1.704      0.088
    EDUCATION_        -0.045      0.037     -1.219      0.223
    EDUCATION_        -0.001      0.037     -0.034      0.973
    UNEMPLOYED        -0.015      0.034     -0.435      0.663
    UNEMPLOYED        -0.010      0.031     -0.332      0.740
    FIN2               0.149      0.029      5.171      0.000

 M3       ON
    GENDER1           -0.016      0.033     -0.480      0.631
    AGE1               0.036      0.025      1.454      0.146
    EDUCATION_        -0.040      0.039     -1.019      0.308
    EDUCATION_         0.025      0.038      0.639      0.523
    UNEMPLOYED         0.001      0.034      0.028      0.977
    UNEMPLOYED         0.031      0.030      1.044      0.297
    FIN3               0.156      0.032      4.896      0.000

 RIX      WITH
    RIY                0.332      0.067      4.948      0.000
    RIM                0.655      0.040     16.407      0.000

 RIY      WITH
    RIM                0.513      0.059      8.672      0.000

 WX1      WITH
    WY1               -0.043      0.057     -0.756      0.450
    WM1                0.246      0.060      4.062      0.000

 WY1      WITH
    WM1                0.261      0.066      3.940      0.000

 WX2      WITH
    WY2                0.127      0.049      2.607      0.009
    WM2                0.327      0.043      7.620      0.000

 WY2      WITH
    WM2                0.261      0.043      6.086      0.000

 WX3      WITH
    WY3                0.127      0.049      2.607      0.009
    WM3                0.327      0.043      7.620      0.000

 WY3      WITH
    WM3                0.261      0.043      6.086      0.000

 GENDER1  WITH
    AGE1              -0.002      0.032     -0.075      0.940
    EDUCATION_        -0.076      0.032     -2.363      0.018
    EDUCATION_        -0.046      0.032     -1.448      0.148
    UNEMPLOYED        -0.017      0.032     -0.514      0.608
    UNEMPLOYED        -0.014      0.033     -0.411      0.681
    FIN1               0.034      0.032      1.057      0.290
    FIN2              -0.004      0.033     -0.125      0.901
    FIN3               0.013      0.033      0.408      0.683

 AGE1     WITH
    EDUCATION_        -0.078      0.032     -2.446      0.014
    EDUCATION_        -0.038      0.032     -1.180      0.238
    UNEMPLOYED         0.069      0.031      2.248      0.025
    UNEMPLOYED         0.014      0.032      0.449      0.653
    FIN1              -0.013      0.032     -0.406      0.685
    FIN2              -0.025      0.032     -0.782      0.434
    FIN3              -0.029      0.032     -0.896      0.370

 EDUCATIO WITH
    EDUCATION_         0.469      0.028     16.558      0.000
    UNEMPLOYED        -0.250      0.030     -8.365      0.000
    UNEMPLOYED        -0.096      0.034     -2.845      0.004
    FIN1               0.141      0.032      4.391      0.000
    FIN2               0.162      0.032      5.132      0.000
    FIN3               0.159      0.032      4.984      0.000

 EDUCATIO WITH
    UNEMPLOYED        -0.158      0.031     -5.174      0.000
    UNEMPLOYED        -0.122      0.027     -4.502      0.000
    FIN1               0.172      0.032      5.293      0.000
    FIN2               0.211      0.031      6.819      0.000
    FIN3               0.214      0.031      6.990      0.000

 UNEMPLOY WITH
    UNEMPLOYED         0.146      0.042      3.485      0.000
    FIN1              -0.106      0.035     -3.042      0.002
    FIN2              -0.096      0.033     -2.879      0.004
    FIN3              -0.128      0.033     -3.932      0.000

 UNEMPLOY WITH
    FIN1              -0.122      0.036     -3.351      0.001
    FIN2              -0.094      0.030     -3.124      0.002
    FIN3              -0.091      0.033     -2.753      0.006

 FIN1     WITH
    FIN2               0.716      0.019     38.361      0.000
    FIN3               0.656      0.023     27.917      0.000

 FIN2     WITH
    FIN3               0.703      0.021     33.404      0.000

 Means
    GENDER1            1.351      0.045     29.943      0.000
    AGE1              32.399      0.350     92.494      0.000
    EDUCATION_         4.016      0.064     62.469      0.000
    EDUCATION_         3.785      0.060     63.182      0.000
    UNEMPLOYED         0.427      0.019     22.561      0.000
    UNEMPLOYED         0.273      0.018     15.490      0.000
    FIN1               4.404      0.091     48.142      0.000
    FIN2               4.567      0.096     47.435      0.000
    FIN3               4.336      0.103     42.298      0.000

 Intercepts
    X1                -2.802      0.888     -3.154      0.002
    X2                -2.802      0.891     -3.145      0.002
    X3                -2.798      0.888     -3.149      0.002
    Y1                 1.584      0.810      1.954      0.051
    Y2                 1.604      0.820      1.956      0.050
    Y3                 1.552      0.794      1.955      0.051
    M1                -2.083      0.958     -2.174      0.030
    M2                -1.814      0.836     -2.170      0.030
    M3                -1.799      0.828     -2.172      0.030

 Variances
    GENDER1            1.000      0.000    999.000    999.000
    AGE1               1.000      0.000    999.000    999.000
    EDUCATION_         1.000      0.000    999.000    999.000
    EDUCATION_         1.000      0.000    999.000    999.000
    UNEMPLOYED         1.000      0.000    999.000    999.000
    UNEMPLOYED         1.000      0.000    999.000    999.000
    FIN1               1.000      0.000    999.000    999.000
    FIN2               1.000      0.000    999.000    999.000
    FIN3               1.000      0.000    999.000    999.000
    RIX                1.000      0.000    999.000    999.000
    RIY                1.000      0.000    999.000    999.000
    RIM                1.000      0.000    999.000    999.000
    WX1                1.000      0.000    999.000    999.000
    WY1                1.000      0.000    999.000    999.000
    WM1                1.000      0.000    999.000    999.000

 Residual Variances
    X1                 0.000      0.000      0.000      1.000
    X2                 0.000      0.000      0.000      1.000
    X3                 0.000      0.000      0.000      1.000
    Y1                 0.000      0.000      0.000      1.000
    Y2                 0.000      0.000      0.000      1.000
    Y3                 0.000      0.000      0.000      1.000
    M1                 0.000      0.000      0.000      1.000
    M2                 0.000      0.000      0.000      1.000
    M3                 0.000      0.000      0.000      1.000
    WX2                0.988      0.014     70.868      0.000
    WX3                0.982      0.019     51.143      0.000
    WY2                0.955      0.030     32.286      0.000
    WY3                0.954      0.030     31.969      0.000
    WM2                0.946      0.026     36.984      0.000
    WM3                0.918      0.034     26.844      0.000


R-SQUARE

    Observed                                        Two-Tailed
    Variable        Estimate       S.E.  Est./S.E.    P-Value

    X1                 1.000      0.000    999.000    999.000
    X2                 1.000      0.000    999.000    999.000
    X3                 1.000      0.000    999.000    999.000
    Y1                 1.000      0.000    999.000    999.000
    Y2                 1.000      0.000    999.000    999.000
    Y3                 1.000      0.000    999.000    999.000
    M1                 1.000      0.000    999.000    999.000
    M2                 1.000      0.000    999.000    999.000
    M3                 1.000      0.000    999.000    999.000

     Latent                                         Two-Tailed
    Variable        Estimate       S.E.  Est./S.E.    P-Value

    WX2                0.012      0.014      0.881      0.378
    WX3                0.018      0.019      0.960      0.337
    WY2                0.045      0.030      1.513      0.130
    WY3                0.046      0.030      1.556      0.120
    WM2                0.054      0.026      2.101      0.036
    WM3                0.082      0.034      2.399      0.016


CONFIDENCE INTERVALS OF MODEL RESULTS

                  Lower .5%  Lower 2.5%    Lower 5%    Estimate    Upper 5%  Upper 2.5%   Upper .5%

 RIX      BY
    X1               1.000       1.000       1.000       1.000       1.000       1.000       1.000
    X2               1.000       1.000       1.000       1.000       1.000       1.000       1.000
    X3               1.000       1.000       1.000       1.000       1.000       1.000       1.000

 RIY      BY
    Y1               1.000       1.000       1.000       1.000       1.000       1.000       1.000
    Y2               1.000       1.000       1.000       1.000       1.000       1.000       1.000
    Y3               1.000       1.000       1.000       1.000       1.000       1.000       1.000

 RIM      BY
    M1               1.000       1.000       1.000       1.000       1.000       1.000       1.000
    M2               1.000       1.000       1.000       1.000       1.000       1.000       1.000
    M3               1.000       1.000       1.000       1.000       1.000       1.000       1.000

 WX1      BY
    X1               1.000       1.000       1.000       1.000       1.000       1.000       1.000

 WX2      BY
    X2               1.000       1.000       1.000       1.000       1.000       1.000       1.000

 WX3      BY
    X3               1.000       1.000       1.000       1.000       1.000       1.000       1.000

 WY1      BY
    Y1               1.000       1.000       1.000       1.000       1.000       1.000       1.000

 WY2      BY
    Y2               1.000       1.000       1.000       1.000       1.000       1.000       1.000

 WY3      BY
    Y3               1.000       1.000       1.000       1.000       1.000       1.000       1.000

 WM1      BY
    M1               1.000       1.000       1.000       1.000       1.000       1.000       1.000

 WM2      BY
    M2               1.000       1.000       1.000       1.000       1.000       1.000       1.000

 WM3      BY
    M3               1.000       1.000       1.000       1.000       1.000       1.000       1.000

 WY2      ON
    WY1             -0.007       0.039       0.063       0.186       0.305       0.331       0.378
    WX1             -0.203      -0.164      -0.144      -0.031       0.082       0.102       0.147
    WM1             -0.154      -0.075      -0.036       0.157       0.343       0.379       0.439

 WY3      ON
    WY2             -0.007       0.039       0.063       0.186       0.305       0.331       0.378
    WX2             -0.203      -0.164      -0.144      -0.031       0.082       0.102       0.147
    WM2             -0.154      -0.075      -0.036       0.157       0.343       0.379       0.439

 WX2      ON
    WX1             -0.107      -0.066      -0.044       0.068       0.180       0.199       0.240
    WY1             -0.100      -0.080      -0.070      -0.018       0.031       0.040       0.062
    WM1             -0.055      -0.007       0.019       0.151       0.286       0.310       0.359

 WX3      ON
    WX2             -0.107      -0.066      -0.044       0.068       0.180       0.199       0.240
    WY2             -0.100      -0.080      -0.070      -0.018       0.031       0.040       0.062
    WM2             -0.055      -0.007       0.019       0.151       0.286       0.310       0.359

 WM2      ON
    WM1              0.091       0.128       0.150       0.257       0.361       0.383       0.419
    WX1             -0.085      -0.068      -0.060      -0.011       0.041       0.049       0.069
    WY1             -0.005       0.007       0.012       0.043       0.072       0.078       0.089

 WM3      ON
    WM2              0.091       0.128       0.150       0.257       0.361       0.383       0.419
    WX2             -0.085      -0.068      -0.060      -0.011       0.041       0.049       0.069
    WY2             -0.005       0.007       0.012       0.043       0.072       0.078       0.089

 X1       ON
    GENDER1          0.438       0.473       0.491       0.586       0.681       0.698       0.732
    AGE1            -0.023       0.005       0.020       0.103       0.186       0.203       0.235
    EDUCATION_      -0.049      -0.029      -0.018       0.035       0.091       0.101       0.121
    EDUCATION_      -0.028      -0.008       0.001       0.052       0.102       0.111       0.130
    UNEMPLOYED      -0.275      -0.228      -0.205      -0.083       0.044       0.070       0.122
    UNEMPLOYED      -0.071      -0.010       0.020       0.180       0.341       0.374       0.433
    FIN1            -0.024      -0.008       0.002       0.051       0.099       0.108       0.126

 X2       ON
    GENDER1          0.256       0.290       0.310       0.410       0.508       0.526       0.568
    AGE1            -0.028       0.001       0.016       0.100       0.183       0.200       0.232
    EDUCATION_      -0.066      -0.045      -0.034       0.022       0.079       0.091       0.114
    EDUCATION_      -0.034      -0.013      -0.002       0.053       0.107       0.117       0.136
    UNEMPLOYED      -0.243      -0.183      -0.159      -0.030       0.104       0.127       0.178
    UNEMPLOYED      -0.049       0.017       0.051       0.235       0.418       0.455       0.524
    FIN2             0.029       0.047       0.056       0.106       0.156       0.166       0.184

 X3       ON
    GENDER1          0.264       0.303       0.321       0.420       0.520       0.539       0.576
    AGE1            -0.021       0.007       0.022       0.106       0.188       0.206       0.236
    EDUCATION_      -0.058      -0.038      -0.027       0.032       0.089       0.099       0.121
    EDUCATION_      -0.052      -0.031      -0.020       0.035       0.089       0.101       0.121
    UNEMPLOYED      -0.254      -0.200      -0.174      -0.045       0.088       0.113       0.162
    UNEMPLOYED      -0.005       0.060       0.095       0.266       0.435       0.464       0.532
    FIN3             0.003       0.024       0.033       0.087       0.142       0.153       0.175

 Y1       ON
    GENDER1         -0.460      -0.414      -0.392      -0.272      -0.153      -0.131      -0.084
    AGE1            -0.025       0.012       0.031       0.126       0.223       0.240       0.276
    EDUCATION_      -0.148      -0.118      -0.105      -0.028       0.047       0.061       0.088
    EDUCATION_      -0.105      -0.078      -0.065       0.011       0.090       0.104       0.133
    UNEMPLOYED      -0.458      -0.374      -0.336      -0.146       0.043       0.075       0.135
    UNEMPLOYED      -0.270      -0.171      -0.115       0.144       0.390       0.435       0.531
    FIN1             0.327       0.356       0.369       0.439       0.508       0.521       0.547

 Y2       ON
    GENDER1         -0.313      -0.270      -0.249      -0.129      -0.008       0.014       0.054
    AGE1            -0.047      -0.008       0.012       0.108       0.204       0.224       0.259
    EDUCATION_      -0.075      -0.046      -0.032       0.039       0.109       0.121       0.146
    EDUCATION_      -0.085      -0.057      -0.044       0.030       0.106       0.122       0.151
    UNEMPLOYED      -0.402      -0.338      -0.305      -0.123       0.060       0.093       0.158
    UNEMPLOYED      -0.396      -0.288      -0.238       0.003       0.230       0.272       0.354
    FIN2             0.318       0.348       0.362       0.431       0.499       0.512       0.538

 Y3       ON
    GENDER1         -0.174      -0.133      -0.109       0.016       0.142       0.164       0.215
    AGE1            -0.080      -0.041      -0.023       0.073       0.169       0.190       0.224
    EDUCATION_      -0.077      -0.049      -0.036       0.033       0.103       0.115       0.138
    EDUCATION_      -0.063      -0.037      -0.026       0.040       0.108       0.121       0.143
    UNEMPLOYED      -0.297      -0.232      -0.200      -0.031       0.138       0.171       0.233
    UNEMPLOYED      -0.352      -0.241      -0.191       0.053       0.288       0.328       0.406
    FIN3             0.433       0.459       0.473       0.545       0.616       0.629       0.660

 M1       ON
    GENDER1         -0.102      -0.083      -0.072      -0.022       0.028       0.038       0.056
    AGE1            -0.026      -0.009       0.000       0.045       0.089       0.099       0.117
    EDUCATION_      -0.081      -0.069      -0.063      -0.033      -0.001       0.005       0.016
    EDUCATION_      -0.039      -0.028      -0.022       0.007       0.036       0.042       0.053
    UNEMPLOYED      -0.106      -0.077      -0.062       0.013       0.087       0.099       0.126
    UNEMPLOYED      -0.051      -0.008       0.011       0.115       0.218       0.239       0.278
    FIN1             0.051       0.060       0.066       0.094       0.121       0.126       0.136

 M2       ON
    GENDER1         -0.155      -0.133      -0.122      -0.067      -0.012      -0.001       0.020
    AGE1            -0.023      -0.006       0.002       0.047       0.092       0.101       0.118
    EDUCATION_      -0.077      -0.063      -0.057      -0.024       0.009       0.016       0.028
    EDUCATION_      -0.053      -0.040      -0.033      -0.001       0.032       0.038       0.050
    UNEMPLOYED      -0.154      -0.120      -0.105      -0.022       0.060       0.075       0.107
    UNEMPLOYED      -0.188      -0.145      -0.124      -0.021       0.083       0.105       0.144
    FIN2             0.047       0.059       0.065       0.095       0.126       0.132       0.143

 M3       ON
    GENDER1         -0.113      -0.090      -0.079      -0.018       0.042       0.054       0.077
    AGE1            -0.031      -0.014      -0.005       0.040       0.085       0.094       0.111
    EDUCATION_      -0.076      -0.063      -0.057      -0.022       0.013       0.020       0.035
    EDUCATION_      -0.040      -0.027      -0.021       0.013       0.047       0.054       0.066
    UNEMPLOYED      -0.129      -0.098      -0.082       0.001       0.083       0.098       0.128
    UNEMPLOYED      -0.103      -0.060      -0.038       0.065       0.166       0.186       0.225
    FIN3             0.045       0.057       0.063       0.096       0.129       0.136       0.148

 RIX      WITH
    RIY              0.075       0.093       0.102       0.152       0.202       0.212       0.231
    RIM              0.108       0.117       0.122       0.147       0.169       0.173       0.182

 RIY      WITH
    RIM              0.066       0.080       0.087       0.121       0.151       0.156       0.168

 WX1      WITH
    WY1             -0.094      -0.073      -0.063      -0.019       0.022       0.030       0.044
    WM1              0.012       0.018       0.022       0.039       0.057       0.061       0.068

 WY1      WITH
    WM1              0.018       0.029       0.034       0.064       0.099       0.107       0.125

 WX2      WITH
    WY2             -0.001       0.013       0.019       0.058       0.093       0.100       0.115
    WM2              0.045       0.051       0.054       0.071       0.086       0.090       0.096

 WY2      WITH
    WM2              0.044       0.052       0.057       0.080       0.099       0.103       0.111

 WX3      WITH
    WY3             -0.001       0.013       0.019       0.058       0.093       0.100       0.115
    WM3              0.045       0.051       0.054       0.071       0.086       0.090       0.096

 WY3      WITH
    WM3              0.044       0.052       0.057       0.080       0.099       0.103       0.111

 GENDER1  WITH
    AGE1            -0.019      -0.015      -0.013      -0.001       0.012       0.014       0.019
    EDUCATION_      -0.073      -0.065      -0.060      -0.036      -0.011      -0.006       0.004
    EDUCATION_      -0.059      -0.050      -0.046      -0.022       0.003       0.008       0.018
    UNEMPLOYED      -0.017      -0.014      -0.012      -0.003       0.006       0.008       0.011
    UNEMPLOYED      -0.012      -0.010      -0.008      -0.002       0.005       0.006       0.009
    FIN1            -0.020      -0.012      -0.008       0.014       0.035       0.039       0.047
    FIN2            -0.036      -0.027      -0.023      -0.002       0.020       0.024       0.031
    FIN3            -0.030      -0.021      -0.017       0.006       0.028       0.032       0.040

 AGE1     WITH
    EDUCATION_      -0.075      -0.067      -0.062      -0.037      -0.012      -0.008       0.002
    EDUCATION_      -0.057      -0.048      -0.044      -0.018       0.007       0.012       0.022
    UNEMPLOYED      -0.002       0.001       0.003       0.012       0.021       0.022       0.025
    UNEMPLOYED      -0.009      -0.006      -0.005       0.002       0.008       0.009       0.012
    FIN1            -0.039      -0.031      -0.027      -0.005       0.016       0.021       0.028
    FIN2            -0.044      -0.036      -0.031      -0.010       0.011       0.015       0.023
    FIN3            -0.047      -0.038      -0.034      -0.012       0.010       0.015       0.023

 EDUCATIO WITH
    EDUCATION_       0.372       0.393       0.403       0.452       0.502       0.511       0.530
    UNEMPLOYED      -0.120      -0.111      -0.107      -0.088      -0.069      -0.065      -0.058
    UNEMPLOYED      -0.046      -0.041      -0.038      -0.024      -0.010      -0.007      -0.001
    FIN1             0.047       0.063       0.072       0.117       0.161       0.170       0.188
    FIN2             0.064       0.080       0.087       0.130       0.172       0.180       0.195
    FIN3             0.064       0.082       0.090       0.134       0.179       0.187       0.205

 EDUCATIO WITH
    UNEMPLOYED      -0.086      -0.079      -0.075      -0.057      -0.038      -0.034      -0.027
    UNEMPLOYED      -0.050      -0.045      -0.043      -0.031      -0.019      -0.016      -0.013
    FIN1             0.075       0.091       0.100       0.145       0.190       0.201       0.217
    FIN2             0.108       0.122       0.130       0.173       0.216       0.224       0.241
    FIN3             0.113       0.130       0.139       0.183       0.229       0.237       0.253

 UNEMPLOY WITH
    UNEMPLOYED       0.004       0.006       0.007       0.013       0.020       0.022       0.025
    FIN1            -0.062      -0.054      -0.051      -0.033      -0.015      -0.011      -0.005
    FIN2            -0.055      -0.048      -0.045      -0.029      -0.012      -0.009      -0.003
    FIN3            -0.067      -0.061      -0.057      -0.040      -0.023      -0.020      -0.013

 UNEMPLOY WITH
    FIN1            -0.048      -0.043      -0.040      -0.026      -0.013      -0.010      -0.005
    FIN2            -0.037      -0.033      -0.031      -0.020      -0.009      -0.007      -0.003
    FIN3            -0.040      -0.035      -0.033      -0.020      -0.008      -0.006      -0.001

 FIN1     WITH
    FIN2             0.440       0.456       0.463       0.505       0.545       0.553       0.567
    FIN3             0.420       0.434       0.442       0.484       0.526       0.533       0.550

 FIN2     WITH
    FIN3             0.441       0.456       0.463       0.504       0.543       0.552       0.566

 Means
    GENDER1          0.607       0.617       0.621       0.646       0.671       0.676       0.686
    AGE1            15.598      15.608      15.612      15.638      15.663      15.669      15.679
    EDUCATION_       3.826       3.846       3.855       3.906       3.959       3.968       3.987
    EDUCATION_       3.670       3.690       3.700       3.754       3.806       3.816       3.837
    UNEMPLOYED       0.124       0.132       0.135       0.154       0.173       0.176       0.184
    UNEMPLOYED       0.049       0.054       0.056       0.070       0.083       0.086       0.091
    FIN1             3.684       3.702       3.712       3.756       3.800       3.808       3.827
    FIN2             3.708       3.724       3.733       3.776       3.820       3.828       3.843
    FIN3             3.681       3.699       3.707       3.754       3.800       3.808       3.824

 Intercepts
    X1              -4.637      -4.123      -3.865      -2.537      -1.202      -0.964      -0.492
    X2              -4.637      -4.123      -3.865      -2.537      -1.202      -0.964      -0.492
    X3              -4.637      -4.123      -3.865      -2.537      -1.202      -0.964      -0.492
    Y1              -0.535      -0.011       0.285       1.834       3.356       3.653       4.329
    Y2              -0.535      -0.011       0.285       1.834       3.356       3.653       4.329
    Y3              -0.535      -0.011       0.285       1.834       3.356       3.653       4.329
    M1              -2.109      -1.817      -1.666      -0.953      -0.232      -0.105       0.176
    M2              -2.109      -1.817      -1.666      -0.953      -0.232      -0.105       0.176
    M3              -2.109      -1.817      -1.666      -0.953      -0.232      -0.105       0.176

 Variances
    GENDER1          0.216       0.219       0.221       0.229       0.235       0.236       0.238
    AGE1             0.220       0.223       0.225       0.233       0.240       0.241       0.244
    EDUCATION_       0.886       0.900       0.906       0.946       0.986       0.996       1.013
    EDUCATION_       0.914       0.929       0.938       0.984       1.030       1.039       1.059
    UNEMPLOYED       0.109       0.114       0.117       0.130       0.143       0.145       0.150
    UNEMPLOYED       0.047       0.051       0.053       0.065       0.077       0.079       0.083
    FIN1             0.658       0.672       0.681       0.727       0.771       0.780       0.799
    FIN2             0.618       0.632       0.640       0.684       0.728       0.737       0.753
    FIN3             0.669       0.687       0.697       0.750       0.803       0.813       0.833
    RIX              0.355       0.374       0.383       0.438       0.484       0.494       0.512
    RIY              0.303       0.347       0.369       0.481       0.572       0.590       0.627
    RIM              0.083       0.091       0.095       0.115       0.131       0.134       0.140
    WX1              0.230       0.244       0.251       0.292       0.336       0.346       0.367
    WY1              0.505       0.551       0.573       0.700       0.839       0.871       0.930
    WM1              0.064       0.069       0.072       0.086       0.104       0.108       0.117

 Residual Variances
    X1               0.000       0.000       0.000       0.000       0.000       0.000       0.000
    X2               0.000       0.000       0.000       0.000       0.000       0.000       0.000
    X3               0.000       0.000       0.000       0.000       0.000       0.000       0.000
    Y1               0.000       0.000       0.000       0.000       0.000       0.000       0.000
    Y2               0.000       0.000       0.000       0.000       0.000       0.000       0.000
    Y3               0.000       0.000       0.000       0.000       0.000       0.000       0.000
    M1               0.000       0.000       0.000       0.000       0.000       0.000       0.000
    M2               0.000       0.000       0.000       0.000       0.000       0.000       0.000
    M3               0.000       0.000       0.000       0.000       0.000       0.000       0.000
    WX2              0.256       0.271       0.279       0.323       0.360       0.368       0.384
    WX3              0.256       0.271       0.279       0.323       0.360       0.368       0.384
    WY2              0.485       0.521       0.540       0.644       0.742       0.763       0.806
    WY3              0.485       0.521       0.540       0.644       0.742       0.763       0.806
    WM2              0.126       0.130       0.132       0.145       0.155       0.158       0.162
    WM3              0.126       0.130       0.132       0.145       0.155       0.158       0.162

New/Additional Parameters
    IND             -0.024      -0.017      -0.013      -0.002       0.006       0.009       0.014


CONFIDENCE INTERVALS OF STANDARDIZED MODEL RESULTS


STDYX Standardization

                  Lower .5%  Lower 2.5%    Lower 5%    Estimate    Upper 5%  Upper 2.5%   Upper .5%

 RIX      BY
    X1               0.670       0.685       0.693       0.731       0.759       0.765       0.775
    X2               0.665       0.681       0.690       0.731       0.762       0.768       0.779
    X3               0.662       0.679       0.687       0.730       0.761       0.767       0.778

 RIY      BY
    Y1               0.473       0.509       0.523       0.599       0.652       0.661       0.682
    Y2               0.477       0.515       0.530       0.607       0.661       0.672       0.694
    Y3               0.461       0.496       0.512       0.587       0.640       0.651       0.671

 RIM      BY
    M1               0.635       0.665       0.679       0.742       0.782       0.789       0.803
    M2               0.557       0.582       0.594       0.646       0.681       0.687       0.698
    M3               0.546       0.573       0.586       0.641       0.678       0.685       0.696

 WX1      BY
    X1               0.540       0.552       0.560       0.597       0.635       0.642       0.659

 WX2      BY
    X2               0.566       0.583       0.589       0.631       0.672       0.680       0.696

 WX3      BY
    X3               0.567       0.583       0.590       0.632       0.674       0.683       0.701

 WY1      BY
    Y1               0.639       0.660       0.669       0.723       0.776       0.785       0.808

 WY2      BY
    Y2               0.631       0.653       0.663       0.718       0.775       0.787       0.810

 WY3      BY
    Y3               0.610       0.631       0.641       0.695       0.751       0.764       0.786

 WM1      BY
    M1               0.560       0.579       0.588       0.642       0.702       0.714       0.739

 WM2      BY
    M2               0.692       0.703       0.709       0.745       0.783       0.791       0.809

 WM3      BY
    M3               0.694       0.706       0.712       0.750       0.789       0.798       0.816

 WY2      ON
    WY1             -0.007       0.041       0.066       0.189       0.305       0.325       0.371
    WX1             -0.139      -0.111      -0.096      -0.021       0.053       0.067       0.097
    WM1             -0.053      -0.026      -0.013       0.056       0.128       0.142       0.169

 WY3      ON
    WY2             -0.007       0.038       0.063       0.186       0.305       0.329       0.377
    WX2             -0.141      -0.113      -0.099      -0.022       0.057       0.072       0.105
    WM2             -0.070      -0.034      -0.017       0.075       0.166       0.184       0.215

 WX2      ON
    WX1             -0.108      -0.065      -0.043       0.064       0.164       0.182       0.223
    WY1             -0.145      -0.117      -0.101      -0.026       0.046       0.060       0.089
    WM1             -0.028      -0.004       0.010       0.078       0.152       0.167       0.195

 WX3      ON
    WX2             -0.107      -0.066      -0.044       0.067       0.179       0.198       0.238
    WY2             -0.141      -0.113      -0.099      -0.026       0.044       0.059       0.089
    WM2             -0.037      -0.005       0.013       0.103       0.196       0.215       0.249

 WM2      ON
    WM1              0.066       0.094       0.109       0.193       0.280       0.299       0.339
    WX1             -0.120      -0.096      -0.084      -0.015       0.056       0.068       0.093
    WY1             -0.012       0.015       0.025       0.092       0.157       0.170       0.193

 WM3      ON
    WM2              0.091       0.128       0.148       0.253       0.352       0.373       0.407
    WX2             -0.120      -0.097      -0.085      -0.015       0.059       0.073       0.100
    WY2             -0.012       0.014       0.025       0.089       0.149       0.162       0.185

 X1       ON
    GENDER1          0.234       0.252       0.261       0.310       0.357       0.365       0.382
    AGE1            -0.012       0.003       0.011       0.055       0.099       0.108       0.124
    EDUCATION_      -0.054      -0.031      -0.020       0.038       0.097       0.108       0.128
    EDUCATION_      -0.030      -0.009       0.001       0.057       0.111       0.122       0.143
    UNEMPLOYED      -0.109      -0.091      -0.082      -0.033       0.017       0.028       0.048
    UNEMPLOYED      -0.020      -0.003       0.006       0.051       0.095       0.104       0.120
    FIN1            -0.023      -0.007       0.001       0.048       0.093       0.102       0.119

 X2       ON
    GENDER1          0.136       0.155       0.165       0.217       0.266       0.276       0.296
    AGE1            -0.015       0.000       0.009       0.053       0.098       0.106       0.124
    EDUCATION_      -0.069      -0.048      -0.037       0.024       0.084       0.097       0.121
    EDUCATION_      -0.037      -0.014      -0.003       0.058       0.117       0.128       0.148
    UNEMPLOYED      -0.096      -0.073      -0.063      -0.012       0.042       0.051       0.069
    UNEMPLOYED      -0.013       0.005       0.014       0.066       0.117       0.127       0.147
    FIN2             0.027       0.043       0.051       0.097       0.142       0.151       0.167

 X3       ON
    GENDER1          0.139       0.160       0.170       0.222       0.273       0.282       0.301
    AGE1            -0.011       0.004       0.012       0.057       0.101       0.109       0.125
    EDUCATION_      -0.062      -0.041      -0.029       0.034       0.095       0.106       0.130
    EDUCATION_      -0.056      -0.033      -0.022       0.038       0.097       0.110       0.133
    UNEMPLOYED      -0.102      -0.079      -0.069      -0.018       0.035       0.045       0.064
    UNEMPLOYED      -0.001       0.016       0.026       0.075       0.122       0.131       0.148
    FIN3             0.002       0.023       0.032       0.083       0.135       0.145       0.165

 Y1       ON
    GENDER1         -0.188      -0.170      -0.160      -0.112      -0.064      -0.054      -0.035
    AGE1            -0.011       0.005       0.013       0.053       0.092       0.101       0.115
    EDUCATION_      -0.123      -0.099      -0.087      -0.024       0.040       0.051       0.074
    EDUCATION_      -0.090      -0.067      -0.056       0.009       0.076       0.088       0.113
    UNEMPLOYED      -0.139      -0.115      -0.104      -0.046       0.013       0.024       0.043
    UNEMPLOYED      -0.058      -0.037      -0.025       0.032       0.085       0.095       0.117
    FIN1             0.236       0.259       0.269       0.323       0.376       0.385       0.403

 Y2       ON
    GENDER1         -0.131      -0.112      -0.104      -0.054      -0.003       0.006       0.023
    AGE1            -0.019      -0.003       0.005       0.045       0.087       0.094       0.110
    EDUCATION_      -0.064      -0.039      -0.027       0.033       0.093       0.103       0.124
    EDUCATION_      -0.074      -0.049      -0.038       0.026       0.092       0.104       0.129
    UNEMPLOYED      -0.126      -0.106      -0.096      -0.039       0.019       0.029       0.049
    UNEMPLOYED      -0.086      -0.064      -0.053       0.001       0.051       0.060       0.076
    FIN2             0.231       0.251       0.261       0.312       0.361       0.369       0.390

 Y3       ON
    GENDER1         -0.071      -0.054      -0.044       0.007       0.057       0.066       0.086
    AGE1            -0.032      -0.017      -0.009       0.030       0.070       0.078       0.092
    EDUCATION_      -0.063      -0.040      -0.029       0.027       0.085       0.094       0.113
    EDUCATION_      -0.053      -0.031      -0.022       0.034       0.091       0.101       0.120
    UNEMPLOYED      -0.091      -0.071      -0.061      -0.009       0.042       0.052       0.072
    UNEMPLOYED      -0.076      -0.052      -0.041       0.011       0.061       0.071       0.089
    FIN3             0.319       0.338       0.347       0.399       0.449       0.457       0.476

 M1       ON
    GENDER1         -0.106      -0.086      -0.076      -0.023       0.030       0.039       0.059
    AGE1            -0.027      -0.010       0.000       0.047       0.094       0.104       0.123
    EDUCATION_      -0.172      -0.145      -0.133      -0.069      -0.002       0.011       0.035
    EDUCATION_      -0.085      -0.060      -0.048       0.015       0.078       0.090       0.115
    UNEMPLOYED      -0.084      -0.060      -0.048       0.010       0.068       0.078       0.099
    UNEMPLOYED      -0.027      -0.004       0.006       0.064       0.120       0.130       0.155
    FIN1             0.095       0.114       0.123       0.174       0.224       0.234       0.251

 M2       ON
    GENDER1         -0.140      -0.120      -0.110      -0.061      -0.011      -0.001       0.018
    AGE1            -0.021      -0.006       0.001       0.043       0.084       0.092       0.109
    EDUCATION_      -0.140      -0.116      -0.105      -0.045       0.017       0.029       0.051
    EDUCATION_      -0.099      -0.075      -0.062      -0.001       0.061       0.072       0.094
    UNEMPLOYED      -0.104      -0.082      -0.072      -0.015       0.041       0.052       0.072
    UNEMPLOYED      -0.091      -0.070      -0.060      -0.010       0.039       0.050       0.070
    FIN2             0.074       0.092       0.102       0.149       0.197       0.206       0.223

 M3       ON
    GENDER1         -0.103      -0.080      -0.071      -0.016       0.038       0.049       0.069
    AGE1            -0.028      -0.013      -0.004       0.036       0.077       0.086       0.102
    EDUCATION_      -0.138      -0.116      -0.103      -0.040       0.024       0.036       0.063
    EDUCATION_      -0.074      -0.050      -0.038       0.025       0.089       0.102       0.124
    UNEMPLOYED      -0.087      -0.067      -0.056       0.001       0.057       0.067       0.086
    UNEMPLOYED      -0.048      -0.029      -0.018       0.031       0.080       0.089       0.108
    FIN3             0.075       0.094       0.103       0.156       0.208       0.219       0.238

 RIX      WITH
    RIY              0.175       0.211       0.232       0.332       0.451       0.478       0.533
    RIM              0.551       0.576       0.590       0.655       0.721       0.734       0.761

 RIY      WITH
    RIM              0.350       0.397       0.419       0.513       0.611       0.630       0.671

 WX1      WITH
    WY1             -0.197      -0.156      -0.137      -0.043       0.048       0.065       0.098
    WM1              0.075       0.121       0.144       0.246       0.343       0.360       0.388

 WY1      WITH
    WM1              0.085       0.128       0.153       0.261       0.369       0.388       0.425

 WX2      WITH
    WY2             -0.002       0.029       0.044       0.127       0.204       0.220       0.249
    WM2              0.218       0.244       0.257       0.327       0.400       0.412       0.436

 WY2      WITH
    WM2              0.147       0.174       0.189       0.261       0.329       0.342       0.368

 WX3      WITH
    WY3             -0.002       0.029       0.044       0.127       0.204       0.220       0.249
    WM3              0.218       0.244       0.257       0.327       0.400       0.412       0.436

 WY3      WITH
    WM3              0.147       0.174       0.189       0.261       0.329       0.342       0.368

 GENDER1  WITH
    AGE1            -0.085      -0.065      -0.056      -0.002       0.050       0.060       0.081
    EDUCATION_      -0.158      -0.139      -0.129      -0.076      -0.023      -0.013       0.008
    EDUCATION_      -0.125      -0.106      -0.096      -0.046       0.007       0.017       0.038
    UNEMPLOYED      -0.101      -0.080      -0.071      -0.017       0.036       0.046       0.065
    UNEMPLOYED      -0.102      -0.079      -0.068      -0.014       0.041       0.051       0.072
    FIN1            -0.048      -0.030      -0.020       0.034       0.086       0.097       0.116
    FIN2            -0.090      -0.069      -0.059      -0.004       0.049       0.060       0.077
    FIN3            -0.073      -0.051      -0.042       0.013       0.067       0.077       0.095

 AGE1     WITH
    EDUCATION_      -0.159      -0.142      -0.131      -0.078      -0.026      -0.016       0.003
    EDUCATION_      -0.119      -0.102      -0.091      -0.038       0.015       0.025       0.047
    UNEMPLOYED      -0.013       0.008       0.017       0.069       0.119       0.127       0.145
    UNEMPLOYED      -0.072      -0.049      -0.039       0.014       0.066       0.075       0.095
    FIN1            -0.096      -0.075      -0.066      -0.013       0.040       0.050       0.070
    FIN2            -0.108      -0.089      -0.078      -0.025       0.027       0.038       0.058
    FIN3            -0.110      -0.091      -0.082      -0.029       0.024       0.035       0.055

 EDUCATIO WITH
    EDUCATION_       0.395       0.413       0.422       0.469       0.515       0.523       0.539
    UNEMPLOYED      -0.326      -0.308      -0.298      -0.250      -0.200      -0.190      -0.172
    UNEMPLOYED      -0.181      -0.159      -0.150      -0.096      -0.040      -0.029      -0.006
    FIN1             0.058       0.077       0.088       0.141       0.193       0.203       0.222
    FIN2             0.079       0.099       0.109       0.162       0.213       0.222       0.240
    FIN3             0.077       0.097       0.107       0.159       0.212       0.222       0.241

 EDUCATIO WITH
    UNEMPLOYED      -0.236      -0.217      -0.207      -0.158      -0.107      -0.098      -0.077
    UNEMPLOYED      -0.188      -0.173      -0.164      -0.122      -0.076      -0.067      -0.051
    FIN1             0.088       0.108       0.118       0.172       0.225       0.236       0.257
    FIN2             0.133       0.150       0.159       0.211       0.261       0.270       0.290
    FIN3             0.133       0.152       0.163       0.214       0.264       0.274       0.292

 UNEMPLOY WITH
    UNEMPLOYED       0.040       0.065       0.078       0.146       0.215       0.230       0.258
    FIN1            -0.196      -0.175      -0.165      -0.106      -0.049      -0.038      -0.017
    FIN2            -0.182      -0.160      -0.150      -0.096      -0.041      -0.030      -0.011
    FIN3            -0.213      -0.191      -0.181      -0.128      -0.075      -0.064      -0.043

 UNEMPLOY WITH
    FIN1            -0.215      -0.192      -0.181      -0.122      -0.061      -0.049      -0.026
    FIN2            -0.170      -0.152      -0.143      -0.094      -0.045      -0.035      -0.016
    FIN3            -0.174      -0.155      -0.145      -0.091      -0.036      -0.026      -0.005

 FIN1     WITH
    FIN2             0.664       0.677       0.684       0.716       0.745       0.751       0.761
    FIN3             0.593       0.608       0.615       0.656       0.693       0.700       0.713

 FIN2     WITH
    FIN3             0.644       0.659       0.668       0.703       0.737       0.742       0.754

 Means
    GENDER1          1.243       1.268       1.280       1.351       1.428       1.443       1.477
    AGE1            31.618      31.785      31.878      32.399      33.018      33.146      33.447
    EDUCATION_       3.851       3.891       3.913       4.016       4.124       4.146       4.184
    EDUCATION_       3.630       3.670       3.689       3.785       3.886       3.904       3.943
    UNEMPLOYED       0.377       0.390       0.395       0.427       0.457       0.463       0.475
    UNEMPLOYED       0.227       0.238       0.243       0.273       0.301       0.307       0.317
    FIN1             4.182       4.239       4.265       4.404       4.564       4.597       4.652
    FIN2             4.331       4.385       4.414       4.567       4.731       4.766       4.822
    FIN3             4.085       4.143       4.174       4.336       4.509       4.549       4.624

 Intercepts
    X1              -5.117      -4.537      -4.261      -2.802      -1.327      -1.078      -0.558
    X2              -5.100      -4.544      -4.267      -2.802      -1.327      -1.064      -0.550
    X3              -5.074      -4.537      -4.260      -2.798      -1.325      -1.068      -0.552
    Y1              -0.456      -0.010       0.247       1.584       2.901       3.154       3.717
    Y2              -0.472      -0.009       0.251       1.604       2.944       3.185       3.790
    Y3              -0.446      -0.009       0.243       1.552       2.848       3.083       3.667
    M1              -4.638      -3.956      -3.642      -2.083      -0.509      -0.225       0.377
    M2              -4.014      -3.459      -3.169      -1.814      -0.440      -0.198       0.331
    M3              -3.983      -3.427      -3.141      -1.799      -0.437      -0.197       0.327

 Variances
    GENDER1          1.000       1.000       1.000       1.000       1.000       1.000       1.000
    AGE1             1.000       1.000       1.000       1.000       1.000       1.000       1.000
    EDUCATION_       1.000       1.000       1.000       1.000       1.000       1.000       1.000
    EDUCATION_       1.000       1.000       1.000       1.000       1.000       1.000       1.000
    UNEMPLOYED       1.000       1.000       1.000       1.000       1.000       1.000       1.000
    UNEMPLOYED       1.000       1.000       1.000       1.000       1.000       1.000       1.000
    FIN1             1.000       1.000       1.000       1.000       1.000       1.000       1.000
    FIN2             1.000       1.000       1.000       1.000       1.000       1.000       1.000
    FIN3             1.000       1.000       1.000       1.000       1.000       1.000       1.000
    RIX              1.000       1.000       1.000       1.000       1.000       1.000       1.000
    RIY              1.000       1.000       1.000       1.000       1.000       1.000       1.000
    RIM              1.000       1.000       1.000       1.000       1.000       1.000       1.000
    WX1              1.000       1.000       1.000       1.000       1.000       1.000       1.000
    WY1              1.000       1.000       1.000       1.000       1.000       1.000       1.000
    WM1              1.000       1.000       1.000       1.000       1.000       1.000       1.000

 Residual Variances
    X1               0.000       0.000       0.000       0.000       0.000       0.000       0.000
    X2               0.000       0.000       0.000       0.000       0.000       0.000       0.000
    X3               0.000       0.000       0.000       0.000       0.000       0.000       0.000
    Y1               0.000       0.000       0.000       0.000       0.000       0.000       0.000
    Y2               0.000       0.000       0.000       0.000       0.000       0.000       0.000
    Y3               0.000       0.000       0.000       0.000       0.000       0.000       0.000
    M1               0.000       0.000       0.000       0.000       0.000       0.000       0.000
    M2               0.000       0.000       0.000       0.000       0.000       0.000       0.000
    M3               0.000       0.000       0.000       0.000       0.000       0.000       0.000
    WX2              0.928       0.944       0.953       0.988       0.996       0.998       0.999
    WX3              0.902       0.925       0.935       0.982       0.995       0.997       0.999
    WY2              0.845       0.878       0.892       0.955       0.986       0.990       0.996
    WY3              0.843       0.875       0.888       0.954       0.983       0.988       0.994
    WM2              0.854       0.880       0.892       0.946       0.975       0.980       0.987
    WM3              0.806       0.836       0.850       0.918       0.961       0.969       0.979


     Beginning Time:  14:37:10
        Ending Time:  14:47:29
       Elapsed Time:  00:10:19



MUTHEN & MUTHEN
3463 Stoner Ave.
Los Angeles, CA  90066

Tel: (310) 391-9971
Fax: (310) 391-8971
Web: www.StatModel.com
Support: Support@StatModel.com

Copyright (c) 1998-2023 Muthen & Muthen
