Mplus VERSION 8.9
MUTHEN & MUTHEN
01/22/2025   2:47 PM

INPUT INSTRUCTIONS

  DATA:
    FILE IS "mplus.dat";
  VARIABLE:
    MISSING ARE ALL (-99);
    NAMES ARE id Gender1 Age1 Education_mother1 Education_father1
    unemployed_mother1 unemployed_father1 Fin1 Fin2 Fin3 Personal1
    Personal2 Personal3 Public1 Public2 Public3 Collective1
    Collective2 Collective3 Relational1 Relational2
    Relational3 Autonomy1 Autonomy2 Autonomy3 Relatedness1 Relatedness2
    Relatedness3 Competence1 Competence2 Competence3
    PA1 PA2 PA3 NA1 NA2 NA3 SWLS1 SWLS2 SWLS3;

  usevar =
  Gender1 Age1 Education_mother1 Education_father1
  unemployed_mother1 unemployed_father1 Fin1 Fin2 Fin3
  x1-x3 y1-y3 m1-m3 ;

  define:
  x1 = Relational1;
  x2 = Relational2;
  x3 = Relational3;

  m1 = Autonomy1;
  m2 = Autonomy2;
  m3 = Autonomy3;

  y1 = SWLS1;
  y2 = SWLS2;
  y3 = SWLS3;




  analysis:

  MODEL = NOCOV;
  bootstrap = 10000;


  MODEL:
  RIx BY x1@1 x2@1 x3@1;
  RIy BY y1@1 y2@1 y3@1;
  RIm BY m1@1 m2@1 m3@1;



  wx1 BY x1@1;
  wx2 BY x2@1;
  wx3 BY x3@1;



  wy1 BY y1@1;
  wy2 BY y2@1;
  wy3 BY y3@1;



  wm1 By m1@1;
  wm2 By m2@1;
  wm3 By m3@1;


  x1-m3@0;


  wy2 ON wy1 (a );
  wy3 ON wy2 (a );


  wx2 ON wx1 (b );
  wx3 ON wx2 (b );


  wm2 ON wm1  (c);
  wm3 ON wm2  (c);


  wy2 ON  wx1 wm1  (d e);
  wy3 ON  wx2 wm2  (d e);


  wx2 ON wy1 wm1  (f j);
  wx3 ON wy2 wm2  (f j);


  wm2 ON wx1 wy1   (h i);
  wm3 ON wx2 wy2   (h i);


  RIx RIy RIm  with RIx RIy RIm ;

  wx1 wy1 wm1 with wx1 wy1 wm1;
  wx2 wy2 wm2 with wx2 wy2 wm2 (cov1 cov2 cov3);
  wx3 wy3 wm3 with wx3 wy3 wm3 (cov1 cov2 cov3);

  wx2 (vx); wy2 (vy); wm2 (vm);
  wx3 (vx); wy3 (vy); wm3 (vm);

  x1-m3 on Gender1 Age1 Education_mother1 Education_father1
  unemployed_mother1 unemployed_father1 ;

  x1 y1 m1 on Fin1;
  x2 y2 m2 on Fin2;
  x3 y3 m3 on Fin3;

  Gender1 -Fin3 with Gender1 -Fin3;

  [x1-x3] (mx);
  [m1-m3] (mm);
  [y1-y3] (my);

  model constraint:
  new (ind);
  ind = h*e;

  output: cinterval (boot) stdyx;



*** WARNING in VARIABLE command
  Note that only the first 8 characters of variable names are used in the output.
  Shorten variable names to avoid any confusion.
   1 WARNING(S) FOUND IN THE INPUT INSTRUCTIONS




SUMMARY OF ANALYSIS

Number of groups                                                 1
Number of observations                                         971

Number of dependent variables                                    9
Number of independent variables                                  9
Number of continuous latent variables                           12

Observed dependent variables

  Continuous
   X1          X2          X3          Y1          Y2          Y3
   M1          M2          M3

Observed independent variables
   GENDER1     AGE1        EDUCATIO    EDUCATIO    UNEMPLOY    UNEMPLOY
   FIN1        FIN2        FIN3

Continuous latent variables
   RIX         RIY         RIM         WX1         WX2         WX3
   WY1         WY2         WY3         WM1         WM2         WM3


Estimator                                                       ML
Information matrix                                        OBSERVED
Maximum number of iterations                                  1000
Convergence criterion                                    0.500D-04
Maximum number of steepest descent iterations                   20
Maximum number of iterations for H1                           2000
Convergence criterion for H1                             0.100D-03
Number of bootstrap draws
    Requested                                                10000
    Completed                                                10000

Input data file(s)
  mplus.dat

Input data format  FREE


SUMMARY OF DATA

     Number of missing data patterns            19


COVARIANCE COVERAGE OF DATA

Minimum covariance coverage value   0.100


     PROPORTION OF DATA PRESENT


           Covariance Coverage
              X1            X2            X3            Y1            Y2
              ________      ________      ________      ________      ________
 X1             1.000
 X2             1.000         1.000
 X3             1.000         1.000         1.000
 Y1             1.000         1.000         1.000         1.000
 Y2             1.000         1.000         1.000         1.000         1.000
 Y3             1.000         1.000         1.000         1.000         1.000
 M1             1.000         1.000         1.000         1.000         1.000
 M2             1.000         1.000         1.000         1.000         1.000
 M3             1.000         1.000         1.000         1.000         1.000
 GENDER1        0.998         0.998         0.998         0.998         0.998
 AGE1           0.999         0.999         0.999         0.999         0.999
 EDUCATIO       0.994         0.994         0.994         0.994         0.994
 EDUCATIO       0.991         0.991         0.991         0.991         0.991
 UNEMPLOY       0.992         0.992         0.992         0.992         0.992
 UNEMPLOY       0.974         0.974         0.974         0.974         0.974
 FIN1           0.994         0.994         0.994         0.994         0.994
 FIN2           0.991         0.991         0.991         0.991         0.991
 FIN3           0.991         0.991         0.991         0.991         0.991


           Covariance Coverage
              Y3            M1            M2            M3            GENDER1
              ________      ________      ________      ________      ________
 Y3             1.000
 M1             1.000         1.000
 M2             1.000         1.000         1.000
 M3             1.000         1.000         1.000         1.000
 GENDER1        0.998         0.998         0.998         0.998         0.998
 AGE1           0.999         0.999         0.999         0.999         0.997
 EDUCATIO       0.994         0.994         0.994         0.994         0.992
 EDUCATIO       0.991         0.991         0.991         0.991         0.989
 UNEMPLOY       0.992         0.992         0.992         0.992         0.990
 UNEMPLOY       0.974         0.974         0.974         0.974         0.972
 FIN1           0.994         0.994         0.994         0.994         0.992
 FIN2           0.991         0.991         0.991         0.991         0.990
 FIN3           0.991         0.991         0.991         0.991         0.989


           Covariance Coverage
              AGE1          EDUCATIO      EDUCATIO      UNEMPLOY      UNEMPLOY
              ________      ________      ________      ________      ________
 AGE1           0.999
 EDUCATIO       0.993         0.994
 EDUCATIO       0.990         0.987         0.991
 UNEMPLOY       0.991         0.989         0.984         0.992
 UNEMPLOY       0.973         0.969         0.970         0.968         0.974
 FIN1           0.993         0.989         0.986         0.988         0.969
 FIN2           0.990         0.985         0.981         0.982         0.965
 FIN3           0.990         0.985         0.981         0.982         0.965


           Covariance Coverage
              FIN1          FIN2          FIN3
              ________      ________      ________
 FIN1           0.994
 FIN2           0.986         0.991
 FIN3           0.986         0.984         0.991



UNIVARIATE SAMPLE STATISTICS


     UNIVARIATE HIGHER-ORDER MOMENT DESCRIPTIVE STATISTICS

         Variable/         Mean/     Skewness/   Minimum/ % with                Percentiles
        Sample Size      Variance    Kurtosis    Maximum  Min/Max      20%/60%    40%/80%    Median

     X1                   -0.018      -0.228      -3.919    0.21%      -0.786     -0.276     -0.021
             971.000       0.848       0.343       2.130    0.10%       0.218      0.773
     X2                   -0.015      -0.051      -3.511    0.10%      -0.773     -0.265     -0.076
             971.000       0.854      -0.055       2.293    0.10%       0.167      0.769
     X3                   -0.011      -0.059      -4.326    0.10%      -0.766     -0.327     -0.088
             971.000       0.871       0.122       2.343    0.10%       0.213      0.798
     Y1                    5.197      -0.908       1.000    0.51%       4.333      5.000      5.333
             971.000       1.455       0.746       7.000    4.43%       5.667      6.333
     Y2                    5.307      -0.912       1.000    0.41%       4.333      5.333      5.667
             971.000       1.416       0.731       7.000    5.97%       5.667      6.333
     Y3                    5.309      -0.984       1.000    0.82%       4.333      5.333      5.667
             971.000       1.518       0.898       7.000    7.11%       5.667      6.333
     M1                   -0.011      -0.113      -2.043    0.10%      -0.393     -0.135     -0.018
             971.000       0.220       0.142       1.071    1.24%       0.092      0.393
     M2                   -0.010      -0.062      -1.617    0.10%      -0.431     -0.133     -0.005
             971.000       0.273       0.011       1.172    2.37%       0.109      0.420
     M3                   -0.009       0.040      -1.447    0.10%      -0.484     -0.148     -0.035
             971.000       0.292      -0.337       1.198    2.16%       0.100      0.476
     GENDER1               0.646      -0.611       0.000   35.40%       0.000      1.000      1.000
             969.000       0.229      -1.627       1.000   64.60%       1.000      1.000
     AGE1                 15.638      -0.547      15.000   36.29%      15.000     16.000     16.000
             970.000       0.233      -1.625      17.000    0.10%      16.000     16.000
     EDUCATION_MOTHE       3.907      -0.084       1.000    0.31%       3.000      3.000      4.000
             965.000       0.945      -1.378       5.000   39.17%       4.000      5.000
     EDUCATION_FATHE       3.754       0.093       1.000    0.62%       3.000      3.000      3.000
             962.000       0.984      -1.211       5.000   33.78%       4.000      5.000
     UNEMPLOYED_MOTH       0.154       1.921       0.000   84.63%       0.000      0.000      0.000
             963.000       0.130       1.688       1.000   15.37%       0.000      0.000
     UNEMPLOYED_FATH       0.070       3.378       0.000   93.02%       0.000      0.000      0.000
             946.000       0.065       9.408       1.000    6.98%       0.000      0.000
     FIN1                  3.754      -0.071       1.000    0.31%       3.000      3.000      4.000
             965.000       0.726      -0.634       5.000   21.55%       4.000      5.000
     FIN2                  3.777      -0.071       1.000    0.42%       3.000      4.000      4.000
             962.000       0.685      -0.517       5.000   21.21%       4.000      5.000
     FIN3                  3.756      -0.179       1.000    0.94%       3.000      3.000      4.000
             962.000       0.750      -0.296       5.000   21.93%       4.000      5.000


THE MODEL ESTIMATION TERMINATED NORMALLY



MODEL FIT INFORMATION

Number of Free Parameters                      147

Loglikelihood

          H0 Value                      -15914.169
          H1 Value                      -15832.000

Information Criteria

          Akaike (AIC)                   32122.339
          Bayesian (BIC)                 32839.453
          Sample-Size Adjusted BIC       32372.581
            (n* = (n + 2) / 24)

Chi-Square Test of Model Fit

          Value                            164.339
          Degrees of Freedom                    42
          P-Value                           0.0000

RMSEA (Root Mean Square Error Of Approximation)

          Estimate                           0.055
          90 Percent C.I.                    0.046  0.064
          Probability RMSEA <= .05           0.177

CFI/TLI

          CFI                                0.970
          TLI                                0.916

Chi-Square Test of Model Fit for the Baseline Model

          Value                           4178.706
          Degrees of Freedom                   117
          P-Value                           0.0000

SRMR (Standardized Root Mean Square Residual)

          Value                              0.050



MODEL RESULTS

                                                    Two-Tailed
                    Estimate       S.E.  Est./S.E.    P-Value

 RIX      BY
    X1                 1.000      0.000    999.000    999.000
    X2                 1.000      0.000    999.000    999.000
    X3                 1.000      0.000    999.000    999.000

 RIY      BY
    Y1                 1.000      0.000    999.000    999.000
    Y2                 1.000      0.000    999.000    999.000
    Y3                 1.000      0.000    999.000    999.000

 RIM      BY
    M1                 1.000      0.000    999.000    999.000
    M2                 1.000      0.000    999.000    999.000
    M3                 1.000      0.000    999.000    999.000

 WX1      BY
    X1                 1.000      0.000    999.000    999.000

 WX2      BY
    X2                 1.000      0.000    999.000    999.000

 WX3      BY
    X3                 1.000      0.000    999.000    999.000

 WY1      BY
    Y1                 1.000      0.000    999.000    999.000

 WY2      BY
    Y2                 1.000      0.000    999.000    999.000

 WY3      BY
    Y3                 1.000      0.000    999.000    999.000

 WM1      BY
    M1                 1.000      0.000    999.000    999.000

 WM2      BY
    M2                 1.000      0.000    999.000    999.000

 WM3      BY
    M3                 1.000      0.000    999.000    999.000

 WY2      ON
    WY1                0.180      0.074      2.434      0.015
    WX1                0.020      0.061      0.336      0.737
    WM1                0.109      0.114      0.953      0.341

 WY3      ON
    WY2                0.180      0.074      2.434      0.015
    WX2                0.020      0.061      0.336      0.737
    WM2                0.109      0.114      0.953      0.341

 WX2      ON
    WX1                0.126      0.071      1.773      0.076
    WY1                0.052      0.036      1.458      0.145
    WM1                0.179      0.093      1.925      0.054

 WX3      ON
    WX2                0.126      0.071      1.773      0.076
    WY2                0.052      0.036      1.458      0.145
    WM2                0.179      0.093      1.925      0.054

 WM2      ON
    WM1                0.219      0.064      3.402      0.001
    WX1                0.010      0.029      0.342      0.732
    WY1                0.038      0.018      2.107      0.035

 WM3      ON
    WM2                0.219      0.064      3.402      0.001
    WX2                0.010      0.029      0.342      0.732
    WY2                0.038      0.018      2.107      0.035

 X1       ON
    GENDER1            0.511      0.061      8.330      0.000
    AGE1               0.055      0.052      1.058      0.290
    EDUCATION_         0.022      0.034      0.655      0.512
    EDUCATION_         0.060      0.032      1.884      0.060
    UNEMPLOYED        -0.016      0.080     -0.194      0.846
    UNEMPLOYED         0.126      0.103      1.217      0.224
    FIN1               0.054      0.031      1.743      0.081

 X2       ON
    GENDER1            0.361      0.062      5.793      0.000
    AGE1               0.051      0.052      0.966      0.334
    EDUCATION_         0.034      0.036      0.940      0.347
    EDUCATION_         0.052      0.035      1.499      0.134
    UNEMPLOYED         0.054      0.081      0.663      0.507
    UNEMPLOYED         0.100      0.107      0.936      0.349
    FIN2               0.092      0.034      2.725      0.006

 X3       ON
    GENDER1            0.370      0.062      5.993      0.000
    AGE1               0.054      0.052      1.040      0.298
    EDUCATION_         0.057      0.036      1.571      0.116
    EDUCATION_         0.041      0.034      1.186      0.236
    UNEMPLOYED         0.072      0.082      0.878      0.380
    UNEMPLOYED         0.071      0.104      0.683      0.495
    FIN3               0.065      0.035      1.854      0.064

 Y1       ON
    GENDER1           -0.269      0.073     -3.707      0.000
    AGE1               0.126      0.058      2.160      0.031
    EDUCATION_        -0.028      0.046     -0.619      0.536
    EDUCATION_         0.011      0.047      0.229      0.819
    UNEMPLOYED        -0.146      0.115     -1.271      0.204
    UNEMPLOYED         0.142      0.154      0.922      0.356
    FIN1               0.437      0.042     10.310      0.000

 Y2       ON
    GENDER1           -0.128      0.073     -1.758      0.079
    AGE1               0.108      0.059      1.822      0.068
    EDUCATION_         0.039      0.043      0.910      0.363
    EDUCATION_         0.031      0.045      0.677      0.498
    UNEMPLOYED        -0.123      0.110     -1.114      0.265
    UNEMPLOYED         0.001      0.143      0.008      0.994
    FIN2               0.429      0.042     10.297      0.000

 Y3       ON
    GENDER1            0.018      0.076      0.235      0.814
    AGE1               0.073      0.059      1.235      0.217
    EDUCATION_         0.034      0.042      0.803      0.422
    EDUCATION_         0.041      0.041      1.011      0.312
    UNEMPLOYED        -0.031      0.103     -0.303      0.762
    UNEMPLOYED         0.055      0.146      0.376      0.707
    FIN3               0.542      0.044     12.347      0.000

 M1       ON
    GENDER1           -0.022      0.031     -0.716      0.474
    AGE1               0.045      0.027      1.652      0.098
    EDUCATION_        -0.032      0.019     -1.713      0.087
    EDUCATION_         0.007      0.018      0.398      0.691
    UNEMPLOYED         0.012      0.045      0.263      0.793
    UNEMPLOYED         0.114      0.062      1.833      0.067
    FIN1               0.091      0.017      5.440      0.000

 M2       ON
    GENDER1           -0.067      0.034     -1.994      0.046
    AGE1               0.047      0.027      1.718      0.086
    EDUCATION_        -0.024      0.020     -1.210      0.226
    EDUCATION_        -0.001      0.020     -0.029      0.977
    UNEMPLOYED        -0.022      0.050     -0.428      0.669
    UNEMPLOYED        -0.021      0.063     -0.330      0.741
    FIN2               0.095      0.019      5.077      0.000

 M3       ON
    GENDER1           -0.018      0.037     -0.481      0.630
    AGE1               0.041      0.028      1.469      0.142
    EDUCATION_        -0.022      0.021     -1.015      0.310
    EDUCATION_         0.013      0.021      0.650      0.516
    UNEMPLOYED         0.001      0.050      0.028      0.977
    UNEMPLOYED         0.065      0.063      1.034      0.301
    FIN3               0.095      0.020      4.687      0.000

 RIX      WITH
    RIY                0.054      0.032      1.691      0.091
    RIM                0.059      0.015      3.952      0.000

 RIY      WITH
    RIM                0.126      0.019      6.790      0.000

 WX1      WITH
    WY1                0.027      0.030      0.908      0.364
    WM1                0.050      0.012      4.061      0.000

 WY1      WITH
    WM1                0.060      0.019      3.254      0.001

 WX2      WITH
    WY2                0.059      0.023      2.604      0.009
    WM2                0.058      0.011      5.464      0.000

 WY2      WITH
    WM2                0.076      0.013      6.006      0.000

 WX3      WITH
    WY3                0.059      0.023      2.604      0.009
    WM3                0.058      0.011      5.464      0.000

 WY3      WITH
    WM3                0.076      0.013      6.006      0.000

 GENDER1  WITH
    AGE1              -0.001      0.007     -0.072      0.943
    EDUCATION_        -0.036      0.015     -2.385      0.017
    EDUCATION_        -0.022      0.015     -1.458      0.145
    UNEMPLOYED        -0.003      0.006     -0.492      0.622
    UNEMPLOYED        -0.002      0.004     -0.418      0.676
    FIN1               0.014      0.013      1.042      0.297
    FIN2              -0.002      0.013     -0.127      0.899
    FIN3               0.005      0.014      0.404      0.686

 AGE1     WITH
    EDUCATION_        -0.037      0.015     -2.441      0.015
    EDUCATION_        -0.018      0.015     -1.172      0.241
    UNEMPLOYED         0.012      0.005      2.230      0.026
    UNEMPLOYED         0.002      0.004      0.433      0.665
    FIN1              -0.005      0.013     -0.405      0.686
    FIN2              -0.010      0.013     -0.786      0.432
    FIN3              -0.012      0.014     -0.896      0.370

 EDUCATIO WITH
    EDUCATION_         0.452      0.030     14.931      0.000
    UNEMPLOYED        -0.088      0.012     -7.484      0.000
    UNEMPLOYED        -0.024      0.009     -2.743      0.006
    FIN1               0.117      0.027      4.312      0.000
    FIN2               0.130      0.026      5.049      0.000
    FIN3               0.134      0.027      4.925      0.000

 EDUCATIO WITH
    UNEMPLOYED        -0.057      0.011     -4.932      0.000
    UNEMPLOYED        -0.031      0.007     -4.100      0.000
    FIN1               0.145      0.028      5.239      0.000
    FIN2               0.173      0.026      6.596      0.000
    FIN3               0.183      0.027      6.780      0.000

 UNEMPLOY WITH
    UNEMPLOYED         0.013      0.004      3.270      0.001
    FIN1              -0.033      0.011     -2.985      0.003
    FIN2              -0.029      0.010     -2.850      0.004
    FIN3              -0.040      0.010     -3.827      0.000

 UNEMPLOY WITH
    FIN1              -0.026      0.008     -3.165      0.002
    FIN2              -0.020      0.007     -2.970      0.003
    FIN3              -0.020      0.008     -2.651      0.008

 FIN1     WITH
    FIN2               0.505      0.025     20.387      0.000
    FIN3               0.484      0.025     19.228      0.000

 FIN2     WITH
    FIN3               0.504      0.024     20.769      0.000

 Means
    GENDER1            0.646      0.015     42.427      0.000
    AGE1              15.638      0.016   1007.237      0.000
    EDUCATION_         3.906      0.031    124.323      0.000
    EDUCATION_         3.754      0.032    116.450      0.000
    UNEMPLOYED         0.154      0.012     13.357      0.000
    UNEMPLOYED         0.070      0.008      8.372      0.000
    FIN1               3.756      0.027    138.426      0.000
    FIN2               3.776      0.027    141.610      0.000
    FIN3               3.754      0.028    133.478      0.000

 Intercepts
    X1                -1.730      0.840     -2.061      0.039
    X2                -1.730      0.840     -2.061      0.039
    X3                -1.730      0.840     -2.061      0.039
    Y1                 1.837      0.941      1.954      0.051
    Y2                 1.837      0.941      1.954      0.051
    Y3                 1.837      0.941      1.954      0.051
    M1                -0.959      0.440     -2.181      0.029
    M2                -0.959      0.440     -2.181      0.029
    M3                -0.959      0.440     -2.181      0.029

 Variances
    GENDER1            0.229      0.004     51.290      0.000
    AGE1               0.233      0.005     50.732      0.000
    EDUCATION_         0.946      0.024     38.654      0.000
    EDUCATION_         0.984      0.028     34.923      0.000
    UNEMPLOYED         0.130      0.008     16.316      0.000
    UNEMPLOYED         0.065      0.007      9.063      0.000
    FIN1               0.727      0.028     26.427      0.000
    FIN2               0.684      0.027     25.756      0.000
    FIN3               0.750      0.032     23.556      0.000
    RIX                0.411      0.036     11.316      0.000
    RIY                0.491      0.060      8.174      0.000
    RIM                0.118      0.011     11.094      0.000
    WX1                0.378      0.038     10.041      0.000
    WY1                0.686      0.079      8.687      0.000
    WM1                0.088      0.009      9.294      0.000

 Residual Variances
    X1                 0.000      0.000    999.000    999.000
    X2                 0.000      0.000    999.000    999.000
    X3                 0.000      0.000    999.000    999.000
    Y1                 0.000      0.000    999.000    999.000
    Y2                 0.000      0.000    999.000    999.000
    Y3                 0.000      0.000    999.000    999.000
    M1                 0.000      0.000    999.000    999.000
    M2                 0.000      0.000    999.000    999.000
    M3                 0.000      0.000    999.000    999.000
    WX2                0.387      0.027     14.300      0.000
    WX3                0.387      0.027     14.300      0.000
    WY2                0.641      0.062     10.377      0.000
    WY3                0.641      0.062     10.377      0.000
    WM2                0.142      0.007     19.740      0.000
    WM3                0.142      0.007     19.740      0.000

New/Additional Parameters
    IND                0.001      0.004      0.241      0.809


STANDARDIZED MODEL RESULTS


STDYX Standardization

                                                    Two-Tailed
                    Estimate       S.E.  Est./S.E.    P-Value

 RIX      BY
    X1                 0.693      0.029     24.100      0.000
    X2                 0.694      0.028     25.150      0.000
    X3                 0.692      0.028     24.388      0.000

 RIY      BY
    Y1                 0.607      0.037     16.191      0.000
    Y2                 0.613      0.039     15.895      0.000
    Y3                 0.593      0.038     15.706      0.000

 RIM      BY
    M1                 0.744      0.029     25.631      0.000
    M2                 0.656      0.025     25.932      0.000
    M3                 0.652      0.027     24.372      0.000

 WX1      BY
    X1                 0.664      0.028     23.912      0.000

 WX2      BY
    X2                 0.686      0.028     24.663      0.000

 WX3      BY
    X3                 0.688      0.028     24.396      0.000

 WY1      BY
    Y1                 0.717      0.032     22.554      0.000

 WY2      BY
    Y2                 0.714      0.034     21.304      0.000

 WY3      BY
    Y3                 0.692      0.033     20.933      0.000

 WM1      BY
    M1                 0.641      0.032     20.074      0.000

 WM2      BY
    M2                 0.736      0.022     33.226      0.000

 WM3      BY
    M3                 0.740      0.023     32.123      0.000

 WY2      ON
    WY1                0.182      0.072      2.529      0.011
    WX1                0.015      0.046      0.334      0.738
    WM1                0.039      0.042      0.934      0.350

 WY3      ON
    WY2                0.179      0.073      2.440      0.015
    WX2                0.016      0.047      0.335      0.738
    WM2                0.051      0.054      0.945      0.345

 WX2      ON
    WX1                0.122      0.069      1.773      0.076
    WY1                0.068      0.047      1.450      0.147
    WM1                0.084      0.044      1.882      0.060

 WX3      ON
    WX2                0.125      0.070      1.778      0.075
    WY2                0.067      0.046      1.461      0.144
    WM2                0.108      0.056      1.939      0.052

 WM2      ON
    WM1                0.169      0.052      3.266      0.001
    WX1                0.016      0.046      0.341      0.733
    WY1                0.081      0.039      2.076      0.038

 WM3      ON
    WM2                0.217      0.063      3.469      0.001
    WX2                0.016      0.047      0.340      0.733
    WY2                0.079      0.038      2.111      0.035

 X1       ON
    GENDER1            0.264      0.030      8.825      0.000
    AGE1               0.029      0.027      1.059      0.290
    EDUCATION_         0.023      0.035      0.657      0.511
    EDUCATION_         0.065      0.034      1.888      0.059
    UNEMPLOYED        -0.006      0.031     -0.195      0.846
    UNEMPLOYED         0.035      0.028      1.229      0.219
    FIN1               0.050      0.028      1.754      0.079

 X2       ON
    GENDER1            0.187      0.031      5.943      0.000
    AGE1               0.026      0.027      0.967      0.334
    EDUCATION_         0.036      0.038      0.941      0.347
    EDUCATION_         0.056      0.037      1.504      0.132
    UNEMPLOYED         0.021      0.032      0.665      0.506
    UNEMPLOYED         0.028      0.029      0.942      0.346
    FIN2               0.082      0.030      2.736      0.006

 X3       ON
    GENDER1            0.191      0.031      6.133      0.000
    AGE1               0.028      0.027      1.041      0.298
    EDUCATION_         0.059      0.038      1.572      0.116
    EDUCATION_         0.044      0.037      1.189      0.235
    UNEMPLOYED         0.028      0.032      0.880      0.379
    UNEMPLOYED         0.020      0.028      0.688      0.491
    FIN3               0.060      0.032      1.865      0.062

 Y1       ON
    GENDER1           -0.111      0.030     -3.754      0.000
    AGE1               0.053      0.024      2.154      0.031
    EDUCATION_        -0.024      0.039     -0.620      0.535
    EDUCATION_         0.009      0.040      0.229      0.819
    UNEMPLOYED        -0.046      0.035     -1.285      0.199
    UNEMPLOYED         0.031      0.034      0.927      0.354
    FIN1               0.323      0.032      9.970      0.000

 Y2       ON
    GENDER1           -0.054      0.030     -1.765      0.078
    AGE1               0.045      0.025      1.819      0.069
    EDUCATION_         0.033      0.036      0.910      0.363
    EDUCATION_         0.026      0.039      0.679      0.497
    UNEMPLOYED        -0.039      0.034     -1.122      0.262
    UNEMPLOYED         0.000      0.032      0.008      0.994
    FIN2               0.310      0.030     10.307      0.000

 Y3       ON
    GENDER1            0.007      0.031      0.235      0.814
    AGE1               0.030      0.024      1.234      0.217
    EDUCATION_         0.028      0.035      0.804      0.421
    EDUCATION_         0.034      0.034      1.015      0.310
    UNEMPLOYED        -0.010      0.031     -0.304      0.761
    UNEMPLOYED         0.012      0.031      0.379      0.705
    FIN3               0.397      0.031     12.931      0.000

 M1       ON
    GENDER1           -0.023      0.032     -0.717      0.473
    AGE1               0.048      0.029      1.652      0.099
    EDUCATION_        -0.068      0.040     -1.723      0.085
    EDUCATION_         0.015      0.038      0.398      0.690
    UNEMPLOYED         0.009      0.035      0.263      0.792
    UNEMPLOYED         0.063      0.034      1.843      0.065
    FIN1               0.168      0.031      5.485      0.000

 M2       ON
    GENDER1           -0.061      0.030     -2.006      0.045
    AGE1               0.044      0.025      1.716      0.086
    EDUCATION_        -0.045      0.037     -1.214      0.225
    EDUCATION_        -0.001      0.038     -0.029      0.977
    UNEMPLOYED        -0.015      0.035     -0.429      0.668
    UNEMPLOYED        -0.010      0.031     -0.332      0.740
    FIN2               0.149      0.029      5.124      0.000

 M3       ON
    GENDER1           -0.016      0.033     -0.482      0.630
    AGE1               0.037      0.025      1.468      0.142
    EDUCATION_        -0.040      0.039     -1.017      0.309
    EDUCATION_         0.025      0.039      0.650      0.516
    UNEMPLOYED         0.001      0.034      0.028      0.977
    UNEMPLOYED         0.031      0.030      1.039      0.299
    FIN3               0.156      0.032      4.814      0.000

 RIX      WITH
    RIY                0.119      0.072      1.663      0.096
    RIM                0.270      0.061      4.430      0.000

 RIY      WITH
    RIM                0.523      0.057      9.235      0.000

 WX1      WITH
    WY1                0.054      0.058      0.919      0.358
    WM1                0.273      0.058      4.739      0.000

 WY1      WITH
    WM1                0.246      0.064      3.849      0.000

 WX2      WITH
    WY2                0.118      0.046      2.564      0.010
    WM2                0.248      0.043      5.734      0.000

 WY2      WITH
    WM2                0.253      0.043      5.842      0.000

 WX3      WITH
    WY3                0.118      0.046      2.564      0.010
    WM3                0.248      0.043      5.734      0.000

 WY3      WITH
    WM3                0.253      0.043      5.842      0.000

 GENDER1  WITH
    AGE1              -0.002      0.032     -0.072      0.943
    EDUCATION_        -0.077      0.032     -2.381      0.017
    EDUCATION_        -0.046      0.032     -1.458      0.145
    UNEMPLOYED        -0.016      0.032     -0.492      0.623
    UNEMPLOYED        -0.014      0.033     -0.417      0.677
    FIN1               0.033      0.032      1.043      0.297
    FIN2              -0.004      0.033     -0.127      0.899
    FIN3               0.013      0.033      0.404      0.686

 AGE1     WITH
    EDUCATION_        -0.078      0.032     -2.438      0.015
    EDUCATION_        -0.038      0.032     -1.170      0.242
    UNEMPLOYED         0.069      0.031      2.244      0.025
    UNEMPLOYED         0.014      0.032      0.433      0.665
    FIN1              -0.013      0.032     -0.404      0.686
    FIN2              -0.025      0.032     -0.786      0.432
    FIN3              -0.029      0.032     -0.897      0.370

 EDUCATIO WITH
    EDUCATION_         0.469      0.028     16.550      0.000
    UNEMPLOYED        -0.250      0.030     -8.359      0.000
    UNEMPLOYED        -0.096      0.034     -2.841      0.004
    FIN1               0.141      0.032      4.384      0.000
    FIN2               0.162      0.032      5.132      0.000
    FIN3               0.159      0.032      4.974      0.000

 EDUCATIO WITH
    UNEMPLOYED        -0.158      0.031     -5.169      0.000
    UNEMPLOYED        -0.122      0.027     -4.479      0.000
    FIN1               0.172      0.032      5.286      0.000
    FIN2               0.211      0.031      6.815      0.000
    FIN3               0.214      0.031      6.986      0.000

 UNEMPLOY WITH
    UNEMPLOYED         0.146      0.042      3.480      0.001
    FIN1              -0.106      0.035     -3.044      0.002
    FIN2              -0.096      0.033     -2.884      0.004
    FIN3              -0.128      0.033     -3.936      0.000

 UNEMPLOY WITH
    FIN1              -0.122      0.036     -3.346      0.001
    FIN2              -0.093      0.030     -3.112      0.002
    FIN3              -0.091      0.033     -2.749      0.006

 FIN1     WITH
    FIN2               0.716      0.019     38.364      0.000
    FIN3               0.656      0.024     27.911      0.000

 FIN2     WITH
    FIN3               0.703      0.021     33.403      0.000

 Means
    GENDER1            1.351      0.045     29.928      0.000
    AGE1              32.399      0.350     92.494      0.000
    EDUCATION_         4.017      0.064     62.476      0.000
    EDUCATION_         3.785      0.060     63.220      0.000
    UNEMPLOYED         0.427      0.019     22.558      0.000
    UNEMPLOYED         0.274      0.018     15.490      0.000
    FIN1               4.404      0.091     48.146      0.000
    FIN2               4.567      0.096     47.436      0.000
    FIN3               4.336      0.102     42.310      0.000

 Intercepts
    X1                -1.870      0.903     -2.071      0.038
    X2                -1.873      0.906     -2.068      0.039
    X3                -1.869      0.904     -2.068      0.039
    Y1                 1.590      0.817      1.946      0.052
    Y2                 1.606      0.824      1.949      0.051
    Y3                 1.554      0.798      1.948      0.051
    M1                -2.080      0.954     -2.181      0.029
    M2                -1.835      0.842     -2.178      0.029
    M3                -1.824      0.837     -2.180      0.029

 Variances
    GENDER1            1.000      0.000    999.000    999.000
    AGE1               1.000      0.000    999.000    999.000
    EDUCATION_         1.000      0.000    999.000    999.000
    EDUCATION_         1.000      0.000    999.000    999.000
    UNEMPLOYED         1.000      0.000    999.000    999.000
    UNEMPLOYED         1.000      0.000    999.000    999.000
    FIN1               1.000      0.000    999.000    999.000
    FIN2               1.000      0.000    999.000    999.000
    FIN3               1.000      0.000    999.000    999.000
    RIX                1.000      0.000    999.000    999.000
    RIY                1.000      0.000    999.000    999.000
    RIM                1.000      0.000    999.000    999.000
    WX1                1.000      0.000    999.000    999.000
    WY1                1.000      0.000    999.000    999.000
    WM1                1.000      0.000    999.000    999.000

 Residual Variances
    X1                 0.000      0.000      0.000      1.000
    X2                 0.000      0.000      0.000      1.000
    X3                 0.000      0.000      0.000      1.000
    Y1                 0.000      0.000      0.000      1.000
    Y2                 0.000      0.000      0.000      1.000
    Y3                 0.000      0.000      0.000      1.000
    M1                 0.000      0.000      0.000      1.000
    M2                 0.000      0.000      0.000      1.000
    M3                 0.000      0.000      0.000      1.000
    WX2                0.964      0.025     38.554      0.000
    WX3                0.955      0.030     31.670      0.000
    WY2                0.961      0.027     35.471      0.000
    WY3                0.959      0.028     34.160      0.000
    WM2                0.956      0.023     42.408      0.000
    WM3                0.935      0.031     30.217      0.000


R-SQUARE

    Observed                                        Two-Tailed
    Variable        Estimate       S.E.  Est./S.E.    P-Value

    X1                 1.000      0.000    999.000    999.000
    X2                 1.000      0.000    999.000    999.000
    X3                 1.000      0.000    999.000    999.000
    Y1                 1.000      0.000    999.000    999.000
    Y2                 1.000      0.000    999.000    999.000
    Y3                 1.000      0.000    999.000    999.000
    M1                 1.000      0.000    999.000    999.000
    M2                 1.000      0.000    999.000    999.000
    M3                 1.000      0.000    999.000    999.000

     Latent                                         Two-Tailed
    Variable        Estimate       S.E.  Est./S.E.    P-Value

    WX2                0.036      0.025      1.426      0.154
    WX3                0.045      0.030      1.503      0.133
    WY2                0.039      0.027      1.442      0.149
    WY3                0.041      0.028      1.470      0.141
    WM2                0.044      0.023      1.937      0.053
    WM3                0.065      0.031      2.110      0.035


CONFIDENCE INTERVALS OF MODEL RESULTS

                  Lower .5%  Lower 2.5%    Lower 5%    Estimate    Upper 5%  Upper 2.5%   Upper .5%

 RIX      BY
    X1               1.000       1.000       1.000       1.000       1.000       1.000       1.000
    X2               1.000       1.000       1.000       1.000       1.000       1.000       1.000
    X3               1.000       1.000       1.000       1.000       1.000       1.000       1.000

 RIY      BY
    Y1               1.000       1.000       1.000       1.000       1.000       1.000       1.000
    Y2               1.000       1.000       1.000       1.000       1.000       1.000       1.000
    Y3               1.000       1.000       1.000       1.000       1.000       1.000       1.000

 RIM      BY
    M1               1.000       1.000       1.000       1.000       1.000       1.000       1.000
    M2               1.000       1.000       1.000       1.000       1.000       1.000       1.000
    M3               1.000       1.000       1.000       1.000       1.000       1.000       1.000

 WX1      BY
    X1               1.000       1.000       1.000       1.000       1.000       1.000       1.000

 WX2      BY
    X2               1.000       1.000       1.000       1.000       1.000       1.000       1.000

 WX3      BY
    X3               1.000       1.000       1.000       1.000       1.000       1.000       1.000

 WY1      BY
    Y1               1.000       1.000       1.000       1.000       1.000       1.000       1.000

 WY2      BY
    Y2               1.000       1.000       1.000       1.000       1.000       1.000       1.000

 WY3      BY
    Y3               1.000       1.000       1.000       1.000       1.000       1.000       1.000

 WM1      BY
    M1               1.000       1.000       1.000       1.000       1.000       1.000       1.000

 WM2      BY
    M2               1.000       1.000       1.000       1.000       1.000       1.000       1.000

 WM3      BY
    M3               1.000       1.000       1.000       1.000       1.000       1.000       1.000

 WY2      ON
    WY1             -0.007       0.034       0.058       0.180       0.299       0.322       0.372
    WX1             -0.138      -0.099      -0.081       0.020       0.121       0.140       0.178
    WM1             -0.201      -0.129      -0.087       0.109       0.290       0.321       0.394

 WY3      ON
    WY2             -0.007       0.034       0.058       0.180       0.299       0.322       0.372
    WX2             -0.138      -0.099      -0.081       0.020       0.121       0.140       0.178
    WM2             -0.201      -0.129      -0.087       0.109       0.290       0.321       0.394

 WX2      ON
    WX1             -0.052      -0.007       0.012       0.126       0.247       0.270       0.313
    WY1             -0.044      -0.020      -0.008       0.052       0.109       0.120       0.143
    WM1             -0.065      -0.001       0.026       0.179       0.330       0.358       0.415

 WX3      ON
    WX2             -0.052      -0.007       0.012       0.126       0.247       0.270       0.313
    WY2             -0.044      -0.020      -0.008       0.052       0.109       0.120       0.143
    WM2             -0.065      -0.001       0.026       0.179       0.330       0.358       0.415

 WM2      ON
    WM1              0.051       0.092       0.112       0.219       0.325       0.347       0.383
    WX1             -0.063      -0.047      -0.037       0.010       0.058       0.068       0.086
    WY1             -0.010       0.003       0.007       0.038       0.067       0.072       0.083

 WM3      ON
    WM2              0.051       0.092       0.112       0.219       0.325       0.347       0.383
    WX2             -0.063      -0.047      -0.037       0.010       0.058       0.068       0.086
    WY2             -0.010       0.003       0.007       0.038       0.067       0.072       0.083

 X1       ON
    GENDER1          0.352       0.390       0.410       0.511       0.611       0.630       0.666
    AGE1            -0.076      -0.048      -0.032       0.055       0.140       0.158       0.188
    EDUCATION_      -0.062      -0.042      -0.033       0.022       0.077       0.089       0.110
    EDUCATION_      -0.022      -0.002       0.008       0.060       0.113       0.123       0.144
    UNEMPLOYED      -0.222      -0.171      -0.148      -0.016       0.118       0.147       0.195
    UNEMPLOYED      -0.133      -0.072      -0.041       0.126       0.298       0.335       0.405
    FIN1            -0.026      -0.007       0.003       0.054       0.105       0.114       0.136

 X2       ON
    GENDER1          0.198       0.241       0.260       0.361       0.466       0.484       0.523
    AGE1            -0.083      -0.053      -0.036       0.051       0.136       0.155       0.184
    EDUCATION_      -0.061      -0.037      -0.026       0.034       0.094       0.105       0.126
    EDUCATION_      -0.039      -0.015      -0.005       0.052       0.108       0.120       0.142
    UNEMPLOYED      -0.153      -0.103      -0.077       0.054       0.192       0.217       0.268
    UNEMPLOYED      -0.164      -0.109      -0.074       0.100       0.278       0.314       0.379
    FIN2             0.006       0.026       0.036       0.092       0.147       0.158       0.180

 X3       ON
    GENDER1          0.209       0.249       0.269       0.370       0.471       0.489       0.529
    AGE1            -0.079      -0.050      -0.032       0.054       0.140       0.156       0.188
    EDUCATION_      -0.034      -0.014      -0.003       0.057       0.115       0.127       0.150
    EDUCATION_      -0.050      -0.027      -0.016       0.041       0.097       0.108       0.131
    UNEMPLOYED      -0.141      -0.088      -0.061       0.072       0.210       0.235       0.273
    UNEMPLOYED      -0.201      -0.130      -0.099       0.071       0.245       0.278       0.336
    FIN3            -0.023      -0.003       0.008       0.065       0.122       0.133       0.159

 Y1       ON
    GENDER1         -0.458      -0.412      -0.389      -0.269      -0.150      -0.128      -0.082
    AGE1            -0.026       0.012       0.031       0.126       0.223       0.241       0.277
    EDUCATION_      -0.148      -0.118      -0.105      -0.028       0.047       0.061       0.088
    EDUCATION_      -0.106      -0.078      -0.065       0.011       0.089       0.103       0.133
    UNEMPLOYED      -0.458      -0.373      -0.336      -0.146       0.043       0.077       0.136
    UNEMPLOYED      -0.271      -0.172      -0.118       0.142       0.387       0.434       0.529
    FIN1             0.326       0.354       0.367       0.437       0.506       0.518       0.544

 Y2       ON
    GENDER1         -0.313      -0.269      -0.248      -0.128      -0.007       0.015       0.056
    AGE1            -0.048      -0.008       0.011       0.108       0.206       0.225       0.260
    EDUCATION_      -0.074      -0.046      -0.032       0.039       0.109       0.122       0.146
    EDUCATION_      -0.085      -0.057      -0.043       0.031       0.106       0.122       0.151
    UNEMPLOYED      -0.401      -0.338      -0.304      -0.123       0.060       0.093       0.158
    UNEMPLOYED      -0.399      -0.290      -0.240       0.001       0.229       0.272       0.352
    FIN2             0.316       0.346       0.360       0.429       0.497       0.510       0.534

 Y3       ON
    GENDER1         -0.173      -0.131      -0.107       0.018       0.144       0.166       0.217
    AGE1            -0.082      -0.042      -0.024       0.073       0.171       0.190       0.225
    EDUCATION_      -0.076      -0.048      -0.035       0.034       0.104       0.116       0.138
    EDUCATION_      -0.063      -0.036      -0.025       0.041       0.109       0.121       0.144
    UNEMPLOYED      -0.298      -0.233      -0.201      -0.031       0.138       0.170       0.232
    UNEMPLOYED      -0.347      -0.239      -0.188       0.055       0.290       0.329       0.408
    FIN3             0.432       0.457       0.470       0.542       0.614       0.626       0.657

 M1       ON
    GENDER1         -0.101      -0.082      -0.072      -0.022       0.029       0.038       0.056
    AGE1            -0.025      -0.008       0.001       0.045       0.090       0.100       0.118
    EDUCATION_      -0.081      -0.069      -0.063      -0.032      -0.001       0.005       0.016
    EDUCATION_      -0.039      -0.027      -0.022       0.007       0.036       0.042       0.053
    UNEMPLOYED      -0.106      -0.078      -0.062       0.012       0.086       0.098       0.126
    UNEMPLOYED      -0.051      -0.008       0.011       0.114       0.217       0.238       0.277
    FIN1             0.049       0.058       0.063       0.091       0.119       0.124       0.133

 M2       ON
    GENDER1         -0.155      -0.133      -0.122      -0.067      -0.012      -0.001       0.020
    AGE1            -0.022      -0.006       0.002       0.047       0.092       0.101       0.119
    EDUCATION_      -0.076      -0.063      -0.057      -0.024       0.009       0.016       0.028
    EDUCATION_      -0.053      -0.040      -0.033      -0.001       0.032       0.038       0.050
    UNEMPLOYED      -0.154      -0.120      -0.105      -0.022       0.061       0.075       0.108
    UNEMPLOYED      -0.189      -0.145      -0.124      -0.021       0.082       0.105       0.143
    FIN2             0.046       0.059       0.064       0.095       0.125       0.131       0.143

 M3       ON
    GENDER1         -0.113      -0.090      -0.079      -0.018       0.042       0.054       0.076
    AGE1            -0.031      -0.013      -0.004       0.041       0.085       0.095       0.113
    EDUCATION_      -0.076      -0.063      -0.057      -0.022       0.013       0.020       0.035
    EDUCATION_      -0.040      -0.027      -0.020       0.013       0.047       0.054       0.067
    UNEMPLOYED      -0.129      -0.098      -0.082       0.001       0.083       0.098       0.127
    UNEMPLOYED      -0.103      -0.061      -0.039       0.065       0.166       0.186       0.223
    FIN3             0.044       0.056       0.062       0.095       0.128       0.135       0.147

 RIX      WITH
    RIY             -0.033      -0.009       0.002       0.054       0.105       0.115       0.132
    RIM              0.017       0.028       0.033       0.059       0.082       0.087       0.096

 RIY      WITH
    RIM              0.075       0.087       0.094       0.126       0.155       0.161       0.172

 WX1      WITH
    WY1             -0.051      -0.033      -0.023       0.027       0.076       0.086       0.106
    WM1              0.021       0.027       0.031       0.050       0.070       0.075       0.084

 WY1      WITH
    WM1              0.017       0.026       0.031       0.060       0.092       0.099       0.112

 WX2      WITH
    WY2             -0.001       0.013       0.020       0.059       0.095       0.102       0.115
    WM2              0.030       0.037       0.040       0.058       0.075       0.079       0.086

 WY2      WITH
    WM2              0.041       0.049       0.054       0.076       0.096       0.099       0.107

 WX3      WITH
    WY3             -0.001       0.013       0.020       0.059       0.095       0.102       0.115
    WM3              0.030       0.037       0.040       0.058       0.075       0.079       0.086

 WY3      WITH
    WM3              0.041       0.049       0.054       0.076       0.096       0.099       0.107

 GENDER1  WITH
    AGE1            -0.019      -0.015      -0.013      -0.001       0.012       0.014       0.019
    EDUCATION_      -0.073      -0.065      -0.060      -0.036      -0.011      -0.006       0.004
    EDUCATION_      -0.059      -0.051      -0.046      -0.022       0.003       0.008       0.018
    UNEMPLOYED      -0.017      -0.014      -0.012      -0.003       0.006       0.008       0.011
    UNEMPLOYED      -0.012      -0.010      -0.008      -0.002       0.005       0.006       0.009
    FIN1            -0.020      -0.012      -0.008       0.014       0.035       0.039       0.047
    FIN2            -0.036      -0.027      -0.023      -0.002       0.020       0.024       0.031
    FIN3            -0.030      -0.021      -0.017       0.005       0.028       0.032       0.040

 AGE1     WITH
    EDUCATION_      -0.075      -0.067      -0.061      -0.037      -0.012      -0.007       0.002
    EDUCATION_      -0.057      -0.048      -0.044      -0.018       0.007       0.012       0.023
    UNEMPLOYED      -0.002       0.001       0.003       0.012       0.021       0.022       0.025
    UNEMPLOYED      -0.009      -0.006      -0.005       0.002       0.008       0.009       0.012
    FIN1            -0.039      -0.031      -0.027      -0.005       0.016       0.021       0.028
    FIN2            -0.044      -0.036      -0.031      -0.010       0.011       0.015       0.023
    FIN3            -0.047      -0.038      -0.034      -0.012       0.010       0.015       0.023

 EDUCATIO WITH
    EDUCATION_       0.373       0.393       0.403       0.452       0.501       0.511       0.530
    UNEMPLOYED      -0.120      -0.111      -0.107      -0.088      -0.068      -0.065      -0.058
    UNEMPLOYED      -0.046      -0.040      -0.038      -0.024      -0.010      -0.007      -0.002
    FIN1             0.047       0.063       0.072       0.117       0.161       0.170       0.188
    FIN2             0.064       0.080       0.087       0.130       0.172       0.180       0.195
    FIN3             0.064       0.081       0.089       0.134       0.179       0.187       0.204

 EDUCATIO WITH
    UNEMPLOYED      -0.086      -0.079      -0.075      -0.057      -0.038      -0.034      -0.027
    UNEMPLOYED      -0.050      -0.045      -0.043      -0.031      -0.018      -0.016      -0.012
    FIN1             0.074       0.091       0.099       0.145       0.190       0.201       0.217
    FIN2             0.108       0.122       0.129       0.173       0.216       0.224       0.241
    FIN3             0.112       0.130       0.139       0.183       0.228       0.237       0.253

 UNEMPLOY WITH
    UNEMPLOYED       0.004       0.006       0.007       0.013       0.020       0.022       0.024
    FIN1            -0.062      -0.054      -0.051      -0.033      -0.015      -0.011      -0.005
    FIN2            -0.055      -0.048      -0.045      -0.029      -0.012      -0.009      -0.003
    FIN3            -0.067      -0.061      -0.057      -0.040      -0.023      -0.020      -0.013

 UNEMPLOY WITH
    FIN1            -0.048      -0.043      -0.040      -0.026      -0.013      -0.010      -0.005
    FIN2            -0.037      -0.033      -0.031      -0.020      -0.009      -0.007      -0.003
    FIN3            -0.040      -0.035      -0.033      -0.020      -0.008      -0.006      -0.001

 FIN1     WITH
    FIN2             0.440       0.456       0.463       0.505       0.545       0.553       0.568
    FIN3             0.420       0.434       0.442       0.484       0.526       0.533       0.550

 FIN2     WITH
    FIN3             0.441       0.456       0.463       0.504       0.543       0.552       0.566

 Means
    GENDER1          0.607       0.616       0.621       0.646       0.671       0.676       0.685
    AGE1            15.598      15.608      15.612      15.638      15.663      15.669      15.679
    EDUCATION_       3.827       3.846       3.855       3.906       3.959       3.969       3.988
    EDUCATION_       3.671       3.691       3.701       3.754       3.806       3.817       3.838
    UNEMPLOYED       0.124       0.132       0.135       0.154       0.173       0.176       0.184
    UNEMPLOYED       0.049       0.054       0.056       0.070       0.084       0.087       0.092
    FIN1             3.684       3.702       3.712       3.756       3.800       3.808       3.827
    FIN2             3.707       3.725       3.733       3.776       3.820       3.829       3.843
    FIN3             3.682       3.699       3.707       3.754       3.800       3.808       3.824

 Intercepts
    X1              -3.888      -3.365      -3.119      -1.730      -0.329      -0.069       0.412
    X2              -3.888      -3.365      -3.119      -1.730      -0.329      -0.069       0.412
    X3              -3.888      -3.365      -3.119      -1.730      -0.329      -0.069       0.412
    Y1              -0.560      -0.024       0.281       1.837       3.366       3.663       4.302
    Y2              -0.560      -0.024       0.281       1.837       3.366       3.663       4.302
    Y3              -0.560      -0.024       0.281       1.837       3.366       3.663       4.302
    M1              -2.118      -1.824      -1.679      -0.959      -0.237      -0.105       0.172
    M2              -2.118      -1.824      -1.679      -0.959      -0.237      -0.105       0.172
    M3              -2.118      -1.824      -1.679      -0.959      -0.237      -0.105       0.172

 Variances
    GENDER1          0.216       0.219       0.221       0.229       0.235       0.236       0.239
    AGE1             0.220       0.223       0.225       0.233       0.240       0.241       0.244
    EDUCATION_       0.886       0.900       0.906       0.946       0.987       0.996       1.013
    EDUCATION_       0.914       0.929       0.938       0.984       1.030       1.039       1.058
    UNEMPLOYED       0.109       0.114       0.117       0.130       0.143       0.145       0.150
    UNEMPLOYED       0.047       0.051       0.053       0.065       0.077       0.079       0.083
    FIN1             0.658       0.672       0.681       0.727       0.771       0.780       0.799
    FIN2             0.618       0.632       0.640       0.684       0.728       0.737       0.753
    FIN3             0.669       0.687       0.697       0.750       0.803       0.813       0.833
    RIX              0.302       0.331       0.343       0.411       0.462       0.475       0.498
    RIY              0.322       0.362       0.382       0.491       0.580       0.597       0.633
    RIM              0.087       0.095       0.098       0.118       0.133       0.137       0.143
    WX1              0.296       0.313       0.322       0.378       0.445       0.460       0.497
    WY1              0.498       0.541       0.561       0.686       0.818       0.849       0.907
    WM1              0.066       0.071       0.073       0.088       0.104       0.108       0.115

 Residual Variances
    X1               0.000       0.000       0.000       0.000       0.000       0.000       0.000
    X2               0.000       0.000       0.000       0.000       0.000       0.000       0.000
    X3               0.000       0.000       0.000       0.000       0.000       0.000       0.000
    Y1               0.000       0.000       0.000       0.000       0.000       0.000       0.000
    Y2               0.000       0.000       0.000       0.000       0.000       0.000       0.000
    Y3               0.000       0.000       0.000       0.000       0.000       0.000       0.000
    M1               0.000       0.000       0.000       0.000       0.000       0.000       0.000
    M2               0.000       0.000       0.000       0.000       0.000       0.000       0.000
    M3               0.000       0.000       0.000       0.000       0.000       0.000       0.000
    WX2              0.313       0.331       0.339       0.387       0.429       0.438       0.454
    WX3              0.313       0.331       0.339       0.387       0.429       0.438       0.454
    WY2              0.485       0.520       0.537       0.641       0.739       0.761       0.805
    WY3              0.485       0.520       0.537       0.641       0.739       0.761       0.805
    WM2              0.122       0.126       0.128       0.142       0.152       0.154       0.159
    WM3              0.122       0.126       0.128       0.142       0.152       0.154       0.159

New/Additional Parameters
    IND             -0.014      -0.008      -0.006       0.001       0.008       0.011       0.017


CONFIDENCE INTERVALS OF STANDARDIZED MODEL RESULTS


STDYX Standardization

                  Lower .5%  Lower 2.5%    Lower 5%    Estimate    Upper 5%  Upper 2.5%   Upper .5%

 RIX      BY
    X1               0.598       0.625       0.637       0.693       0.730       0.736       0.750
    X2               0.604       0.629       0.640       0.694       0.730       0.736       0.749
    X3               0.599       0.625       0.636       0.692       0.729       0.736       0.749

 RIY      BY
    Y1               0.488       0.521       0.535       0.607       0.657       0.666       0.686
    Y2               0.491       0.525       0.540       0.613       0.665       0.675       0.697
    Y3               0.474       0.507       0.522       0.593       0.644       0.654       0.674

 RIM      BY
    M1               0.648       0.675       0.688       0.744       0.782       0.789       0.802
    M2               0.574       0.597       0.607       0.656       0.691       0.697       0.707
    M3               0.565       0.590       0.600       0.652       0.689       0.695       0.707

 WX1      BY
    X1               0.600       0.614       0.621       0.664       0.712       0.723       0.745

 WX2      BY
    X2               0.619       0.634       0.643       0.686       0.734       0.743       0.761

 WX3      BY
    X3               0.620       0.636       0.644       0.688       0.736       0.746       0.765

 WY1      BY
    Y1               0.634       0.655       0.664       0.717       0.768       0.777       0.799

 WY2      BY
    Y2               0.630       0.650       0.660       0.714       0.769       0.780       0.803

 WY3      BY
    Y3               0.609       0.629       0.639       0.692       0.747       0.758       0.780

 WM1      BY
    M1               0.563       0.581       0.590       0.641       0.696       0.707       0.731

 WM2      BY
    M2               0.682       0.693       0.699       0.736       0.772       0.780       0.797

 WM3      BY
    M3               0.683       0.696       0.702       0.740       0.778       0.787       0.802

 WY2      ON
    WY1             -0.007       0.035       0.061       0.182       0.296       0.317       0.361
    WX1             -0.108      -0.076      -0.062       0.015       0.089       0.104       0.131
    WM1             -0.072      -0.045      -0.031       0.039       0.108       0.122       0.149

 WY3      ON
    WY2             -0.007       0.034       0.058       0.179       0.299       0.321       0.368
    WX2             -0.108      -0.076      -0.063       0.016       0.093       0.108       0.139
    WM2             -0.091      -0.058      -0.040       0.051       0.139       0.154       0.189

 WX2      ON
    WX1             -0.051      -0.007       0.012       0.122       0.241       0.262       0.308
    WY1             -0.057      -0.025      -0.011       0.068       0.143       0.159       0.185
    WM1             -0.030      -0.001       0.012       0.084       0.157       0.171       0.200

 WX3      ON
    WX2             -0.052      -0.007       0.012       0.125       0.245       0.268       0.311
    WY2             -0.056      -0.026      -0.010       0.067       0.139       0.153       0.183
    WM2             -0.040      -0.001       0.016       0.108       0.199       0.215       0.249

 WM2      ON
    WM1              0.039       0.070       0.084       0.169       0.256       0.272       0.309
    WX1             -0.099      -0.075      -0.059       0.016       0.093       0.109       0.139
    WY1             -0.020       0.005       0.016       0.081       0.145       0.158       0.183

 WM3      ON
    WM2              0.051       0.092       0.111       0.217       0.318       0.339       0.373
    WX2             -0.099      -0.074      -0.059       0.016       0.096       0.113       0.144
    WY2             -0.021       0.005       0.016       0.079       0.139       0.151       0.175

 X1       ON
    GENDER1          0.186       0.204       0.214       0.264       0.312       0.321       0.337
    AGE1            -0.039      -0.025      -0.016       0.029       0.073       0.082       0.098
    EDUCATION_      -0.066      -0.045      -0.034       0.023       0.081       0.092       0.114
    EDUCATION_      -0.023      -0.002       0.008       0.065       0.121       0.132       0.154
    UNEMPLOYED      -0.085      -0.067      -0.058      -0.006       0.046       0.057       0.076
    UNEMPLOYED      -0.037      -0.020      -0.011       0.035       0.081       0.091       0.110
    FIN1            -0.024      -0.007       0.002       0.050       0.096       0.105       0.123

 X2       ON
    GENDER1          0.103       0.125       0.135       0.187       0.239       0.248       0.267
    AGE1            -0.043      -0.028      -0.019       0.026       0.071       0.081       0.096
    EDUCATION_      -0.063      -0.039      -0.027       0.036       0.099       0.111       0.133
    EDUCATION_      -0.042      -0.016      -0.005       0.056       0.116       0.127       0.153
    UNEMPLOYED      -0.060      -0.040      -0.030       0.021       0.075       0.085       0.103
    UNEMPLOYED      -0.045      -0.030      -0.020       0.028       0.076       0.086       0.103
    FIN2             0.005       0.023       0.032       0.082       0.131       0.141       0.159

 X3       ON
    GENDER1          0.110       0.129       0.139       0.191       0.242       0.251       0.267
    AGE1            -0.041      -0.026      -0.016       0.028       0.073       0.082       0.098
    EDUCATION_      -0.036      -0.015      -0.003       0.059       0.121       0.133       0.157
    EDUCATION_      -0.054      -0.029      -0.017       0.044       0.104       0.115       0.138
    UNEMPLOYED      -0.053      -0.034      -0.024       0.028       0.082       0.091       0.107
    UNEMPLOYED      -0.055      -0.035      -0.027       0.020       0.066       0.076       0.093
    FIN3            -0.022      -0.003       0.008       0.060       0.113       0.123       0.147

 Y1       ON
    GENDER1         -0.187      -0.169      -0.160      -0.111      -0.063      -0.053      -0.034
    AGE1            -0.011       0.005       0.013       0.053       0.093       0.101       0.116
    EDUCATION_      -0.123      -0.099      -0.087      -0.024       0.040       0.051       0.074
    EDUCATION_      -0.090      -0.067      -0.056       0.009       0.076       0.088       0.112
    UNEMPLOYED      -0.140      -0.115      -0.104      -0.046       0.014       0.024       0.043
    UNEMPLOYED      -0.059      -0.038      -0.026       0.031       0.085       0.095       0.116
    FIN1             0.236       0.259       0.269       0.323       0.375       0.384       0.403

 Y2       ON
    GENDER1         -0.131      -0.112      -0.103      -0.054      -0.003       0.006       0.023
    AGE1            -0.020      -0.003       0.005       0.045       0.087       0.095       0.110
    EDUCATION_      -0.063      -0.039      -0.027       0.033       0.093       0.103       0.124
    EDUCATION_      -0.073      -0.049      -0.038       0.026       0.092       0.104       0.129
    UNEMPLOYED      -0.126      -0.106      -0.095      -0.039       0.019       0.030       0.050
    UNEMPLOYED      -0.087      -0.065      -0.054       0.000       0.050       0.059       0.076
    FIN2             0.229       0.250       0.259       0.310       0.359       0.367       0.387

 Y3       ON
    GENDER1         -0.070      -0.053      -0.044       0.007       0.058       0.067       0.086
    AGE1            -0.033      -0.017      -0.010       0.030       0.070       0.078       0.093
    EDUCATION_      -0.062      -0.040      -0.029       0.028       0.085       0.095       0.114
    EDUCATION_      -0.052      -0.030      -0.021       0.034       0.091       0.101       0.120
    UNEMPLOYED      -0.090      -0.072      -0.061      -0.010       0.042       0.052       0.071
    UNEMPLOYED      -0.075      -0.051      -0.041       0.012       0.062       0.071       0.089
    FIN3             0.318       0.336       0.345       0.397       0.447       0.455       0.474

 M1       ON
    GENDER1         -0.106      -0.085      -0.075      -0.023       0.030       0.040       0.058
    AGE1            -0.026      -0.009       0.001       0.048       0.095       0.104       0.123
    EDUCATION_      -0.170      -0.143      -0.132      -0.068      -0.002       0.011       0.034
    EDUCATION_      -0.084      -0.059      -0.047       0.015       0.078       0.090       0.114
    UNEMPLOYED      -0.083      -0.060      -0.048       0.009       0.067       0.077       0.098
    UNEMPLOYED      -0.027      -0.004       0.006       0.063       0.119       0.130       0.155
    FIN1             0.090       0.107       0.117       0.168       0.218       0.228       0.245

 M2       ON
    GENDER1         -0.141      -0.121      -0.111      -0.061      -0.011      -0.001       0.018
    AGE1            -0.021      -0.006       0.002       0.044       0.085       0.093       0.110
    EDUCATION_      -0.140      -0.117      -0.105      -0.045       0.017       0.029       0.052
    EDUCATION_      -0.099      -0.075      -0.062      -0.001       0.061       0.073       0.095
    UNEMPLOYED      -0.105      -0.082      -0.072      -0.015       0.042       0.052       0.073
    UNEMPLOYED      -0.091      -0.070      -0.061      -0.010       0.040       0.050       0.070
    FIN2             0.073       0.092       0.102       0.149       0.197       0.206       0.225

 M3       ON
    GENDER1         -0.104      -0.081      -0.071      -0.016       0.038       0.049       0.070
    AGE1            -0.028      -0.012      -0.004       0.037       0.079       0.087       0.104
    EDUCATION_      -0.139      -0.117      -0.104      -0.040       0.024       0.036       0.063
    EDUCATION_      -0.074      -0.050      -0.038       0.025       0.090       0.103       0.126
    UNEMPLOYED      -0.088      -0.067      -0.056       0.001       0.057       0.068       0.087
    UNEMPLOYED      -0.047      -0.029      -0.019       0.031       0.081       0.090       0.109
    FIN3             0.074       0.092       0.102       0.156       0.209       0.220       0.238

 RIX      WITH
    RIY             -0.081      -0.021       0.004       0.119       0.238       0.260       0.308
    RIM              0.089       0.141       0.166       0.270       0.363       0.382       0.412

 RIY      WITH
    RIM              0.376       0.417       0.434       0.523       0.619       0.638       0.680

 WX1      WITH
    WY1             -0.096      -0.063      -0.046       0.054       0.147       0.165       0.199
    WM1              0.124       0.158       0.176       0.273       0.367       0.384       0.414

 WY1      WITH
    WM1              0.076       0.118       0.139       0.246       0.349       0.367       0.402

 WX2      WITH
    WY2             -0.003       0.027       0.042       0.118       0.193       0.208       0.236
    WM2              0.133       0.164       0.178       0.248       0.320       0.333       0.358

 WY2      WITH
    WM2              0.139       0.165       0.181       0.253       0.322       0.336       0.361

 WX3      WITH
    WY3             -0.003       0.027       0.042       0.118       0.193       0.208       0.236
    WM3              0.133       0.164       0.178       0.248       0.320       0.333       0.358

 WY3      WITH
    WM3              0.139       0.165       0.181       0.253       0.322       0.336       0.361

 GENDER1  WITH
    AGE1            -0.085      -0.064      -0.056      -0.002       0.050       0.061       0.081
    EDUCATION_      -0.158      -0.140      -0.130      -0.077      -0.024      -0.013       0.008
    EDUCATION_      -0.126      -0.106      -0.097      -0.046       0.007       0.016       0.038
    UNEMPLOYED      -0.100      -0.080      -0.070      -0.016       0.037       0.047       0.066
    UNEMPLOYED      -0.102      -0.079      -0.068      -0.014       0.041       0.050       0.072
    FIN1            -0.048      -0.030      -0.020       0.033       0.085       0.096       0.115
    FIN2            -0.090      -0.069      -0.059      -0.004       0.049       0.060       0.077
    FIN3            -0.073      -0.052      -0.042       0.013       0.067       0.077       0.095

 AGE1     WITH
    EDUCATION_      -0.159      -0.142      -0.131      -0.078      -0.026      -0.016       0.003
    EDUCATION_      -0.119      -0.101      -0.091      -0.038       0.015       0.025       0.048
    UNEMPLOYED      -0.013       0.008       0.017       0.069       0.119       0.127       0.144
    UNEMPLOYED      -0.073      -0.050      -0.039       0.014       0.065       0.075       0.094
    FIN1            -0.096      -0.075      -0.066      -0.013       0.040       0.050       0.070
    FIN2            -0.108      -0.089      -0.078      -0.025       0.027       0.038       0.058
    FIN3            -0.110      -0.092      -0.082      -0.029       0.024       0.035       0.055

 EDUCATIO WITH
    EDUCATION_       0.395       0.413       0.422       0.469       0.514       0.523       0.539
    UNEMPLOYED      -0.326      -0.308      -0.298      -0.250      -0.200      -0.190      -0.172
    UNEMPLOYED      -0.180      -0.159      -0.150      -0.096      -0.040      -0.029      -0.006
    FIN1             0.058       0.077       0.087       0.141       0.193       0.203       0.222
    FIN2             0.080       0.099       0.109       0.162       0.213       0.222       0.241
    FIN3             0.077       0.097       0.106       0.159       0.211       0.222       0.240

 EDUCATIO WITH
    UNEMPLOYED      -0.235      -0.217      -0.207      -0.158      -0.107      -0.098      -0.077
    UNEMPLOYED      -0.188      -0.173      -0.164      -0.122      -0.076      -0.067      -0.050
    FIN1             0.088       0.108       0.118       0.172       0.225       0.236       0.257
    FIN2             0.133       0.150       0.159       0.211       0.261       0.271       0.290
    FIN3             0.133       0.152       0.163       0.214       0.264       0.274       0.292

 UNEMPLOY WITH
    UNEMPLOYED       0.040       0.065       0.078       0.146       0.215       0.230       0.258
    FIN1            -0.196      -0.175      -0.165      -0.106      -0.049      -0.038      -0.018
    FIN2            -0.182      -0.160      -0.151      -0.096      -0.041      -0.030      -0.012
    FIN3            -0.212      -0.192      -0.181      -0.128      -0.075      -0.064      -0.043

 UNEMPLOY WITH
    FIN1            -0.214      -0.192      -0.181      -0.122      -0.061      -0.049      -0.026
    FIN2            -0.169      -0.152      -0.142      -0.093      -0.044      -0.034      -0.016
    FIN3            -0.174      -0.155      -0.145      -0.091      -0.036      -0.026      -0.005

 FIN1     WITH
    FIN2             0.664       0.677       0.684       0.716       0.745       0.751       0.761
    FIN3             0.593       0.608       0.615       0.656       0.693       0.700       0.713

 FIN2     WITH
    FIN3             0.644       0.659       0.668       0.703       0.737       0.742       0.754

 Means
    GENDER1          1.243       1.268       1.280       1.351       1.428       1.443       1.476
    AGE1            31.618      31.784      31.878      32.399      33.019      33.146      33.447
    EDUCATION_       3.851       3.892       3.913       4.017       4.125       4.147       4.184
    EDUCATION_       3.631       3.671       3.689       3.785       3.886       3.904       3.944
    UNEMPLOYED       0.377       0.390       0.395       0.427       0.457       0.463       0.475
    UNEMPLOYED       0.227       0.238       0.244       0.274       0.302       0.308       0.317
    FIN1             4.182       4.238       4.265       4.404       4.564       4.597       4.652
    FIN2             4.332       4.385       4.414       4.567       4.731       4.766       4.822
    FIN3             4.085       4.144       4.174       4.336       4.510       4.549       4.623

 Intercepts
    X1              -4.175      -3.634      -3.345      -1.870      -0.357      -0.076       0.440
    X2              -4.181      -3.640      -3.363      -1.873      -0.356      -0.075       0.441
    X3              -4.173      -3.632      -3.357      -1.869      -0.355      -0.075       0.439
    Y1              -0.473      -0.021       0.242       1.590       2.921       3.176       3.736
    Y2              -0.483      -0.021       0.245       1.606       2.955       3.209       3.806
    Y3              -0.462      -0.021       0.239       1.554       2.859       3.095       3.679
    M1              -4.628      -3.948      -3.629      -2.080      -0.516      -0.227       0.379
    M2              -4.052      -3.490      -3.204      -1.835      -0.453      -0.198       0.328
    M3              -4.029      -3.470      -3.184      -1.824      -0.450      -0.195       0.325

 Variances
    GENDER1          1.000       1.000       1.000       1.000       1.000       1.000       1.000
    AGE1             1.000       1.000       1.000       1.000       1.000       1.000       1.000
    EDUCATION_       1.000       1.000       1.000       1.000       1.000       1.000       1.000
    EDUCATION_       1.000       1.000       1.000       1.000       1.000       1.000       1.000
    UNEMPLOYED       1.000       1.000       1.000       1.000       1.000       1.000       1.000
    UNEMPLOYED       1.000       1.000       1.000       1.000       1.000       1.000       1.000
    FIN1             1.000       1.000       1.000       1.000       1.000       1.000       1.000
    FIN2             1.000       1.000       1.000       1.000       1.000       1.000       1.000
    FIN3             1.000       1.000       1.000       1.000       1.000       1.000       1.000
    RIX              1.000       1.000       1.000       1.000       1.000       1.000       1.000
    RIY              1.000       1.000       1.000       1.000       1.000       1.000       1.000
    RIM              1.000       1.000       1.000       1.000       1.000       1.000       1.000
    WX1              1.000       1.000       1.000       1.000       1.000       1.000       1.000
    WY1              1.000       1.000       1.000       1.000       1.000       1.000       1.000
    WM1              1.000       1.000       1.000       1.000       1.000       1.000       1.000

 Residual Variances
    X1               0.000       0.000       0.000       0.000       0.000       0.000       0.000
    X2               0.000       0.000       0.000       0.000       0.000       0.000       0.000
    X3               0.000       0.000       0.000       0.000       0.000       0.000       0.000
    Y1               0.000       0.000       0.000       0.000       0.000       0.000       0.000
    Y2               0.000       0.000       0.000       0.000       0.000       0.000       0.000
    Y3               0.000       0.000       0.000       0.000       0.000       0.000       0.000
    M1               0.000       0.000       0.000       0.000       0.000       0.000       0.000
    M2               0.000       0.000       0.000       0.000       0.000       0.000       0.000
    M3               0.000       0.000       0.000       0.000       0.000       0.000       0.000
    WX2              0.868       0.897       0.908       0.964       0.988       0.992       0.997
    WX3              0.844       0.875       0.889       0.955       0.985       0.989       0.996
    WY2              0.860       0.890       0.903       0.961       0.988       0.992       0.996
    WY3              0.852       0.883       0.897       0.959       0.986       0.990       0.996
    WM2              0.873       0.897       0.908       0.956       0.981       0.985       0.991
    WM3              0.830       0.857       0.871       0.935       0.972       0.978       0.987


     Beginning Time:  14:47:30
        Ending Time:  14:57:43
       Elapsed Time:  00:10:13



MUTHEN & MUTHEN
3463 Stoner Ave.
Los Angeles, CA  90066

Tel: (310) 391-9971
Fax: (310) 391-8971
Web: www.StatModel.com
Support: Support@StatModel.com

Copyright (c) 1998-2023 Muthen & Muthen
