Mplus VERSION 8.9
MUTHEN & MUTHEN
01/22/2025   2:57 PM

INPUT INSTRUCTIONS

  DATA:
    FILE IS "mplus.dat";
  VARIABLE:
    MISSING ARE ALL (-99);
    NAMES ARE id Gender1 Age1 Education_mother1 Education_father1
    unemployed_mother1 unemployed_father1 Fin1 Fin2 Fin3 Personal1
    Personal2 Personal3 Public1 Public2 Public3 Collective1
    Collective2 Collective3 Relational1 Relational2
    Relational3 Autonomy1 Autonomy2 Autonomy3 Relatedness1 Relatedness2
    Relatedness3 Competence1 Competence2 Competence3
    PA1 PA2 PA3 NA1 NA2 NA3 SWLS1 SWLS2 SWLS3;

  usevar =
  Gender1 Age1 Education_mother1 Education_father1
  unemployed_mother1 unemployed_father1 Fin1 Fin2 Fin3
  x1-x3 y1-y3 m1-m3 ;

  define:
  x1 = Relational1;
  x2 = Relational2;
  x3 = Relational3;

  m1 = Relatedness1;
  m2 = Relatedness2;
  m3 = Relatedness3;

  y1 = SWLS1;
  y2 = SWLS2;
  y3 = SWLS3;





  analysis:

  MODEL = NOCOV;
  bootstrap = 10000;


  MODEL:
  RIx BY x1@1 x2@1 x3@1;
  RIy BY y1@1 y2@1 y3@1;
  RIm BY m1@1 m2@1 m3@1;



  wx1 BY x1@1;
  wx2 BY x2@1;
  wx3 BY x3@1;



  wy1 BY y1@1;
  wy2 BY y2@1;
  wy3 BY y3@1;



  wm1 By m1@1;
  wm2 By m2@1;
  wm3 By m3@1;


  x1-m3@0;


  wy2 ON wy1 (a );
  wy3 ON wy2 (a );


  wx2 ON wx1 (b );
  wx3 ON wx2 (b );


  wm2 ON wm1  (c);
  wm3 ON wm2  (c);


  wy2 ON  wx1 wm1  (d e);
  wy3 ON  wx2 wm2  (d e);


  wx2 ON wy1 wm1  (f j);
  wx3 ON wy2 wm2  (f j);


  wm2 ON wx1 wy1   (h i);
  wm3 ON wx2 wy2   (h i);


  RIx RIy RIm  with RIx RIy RIm ;

  wx1 wy1 wm1 with wx1 wy1 wm1;
  wx2 wy2 wm2 with wx2 wy2 wm2 (cov1 cov2 cov3);
  wx3 wy3 wm3 with wx3 wy3 wm3 (cov1 cov2 cov3);

  wx2 (vx); wy2 (vy); wm2 (vm);
  wx3 (vx); wy3 (vy); wm3 (vm);

  x1-m3 on Gender1 Age1 Education_mother1 Education_father1
  unemployed_mother1 unemployed_father1 ;

  x1 y1 m1 on Fin1;
  x2 y2 m2 on Fin2;
  x3 y3 m3 on Fin3;

  Gender1 -Fin3 with Gender1 -Fin3;

  [x1-x3] (mx);
  [m1-m3] (mm);
  [y1-y3] (my);

  model constraint:
  new (ind);
  ind = h*e;

  output: cinterval (boot) stdyx;



*** WARNING in VARIABLE command
  Note that only the first 8 characters of variable names are used in the output.
  Shorten variable names to avoid any confusion.
   1 WARNING(S) FOUND IN THE INPUT INSTRUCTIONS




SUMMARY OF ANALYSIS

Number of groups                                                 1
Number of observations                                         971

Number of dependent variables                                    9
Number of independent variables                                  9
Number of continuous latent variables                           12

Observed dependent variables

  Continuous
   X1          X2          X3          Y1          Y2          Y3
   M1          M2          M3

Observed independent variables
   GENDER1     AGE1        EDUCATIO    EDUCATIO    UNEMPLOY    UNEMPLOY
   FIN1        FIN2        FIN3

Continuous latent variables
   RIX         RIY         RIM         WX1         WX2         WX3
   WY1         WY2         WY3         WM1         WM2         WM3


Estimator                                                       ML
Information matrix                                        OBSERVED
Maximum number of iterations                                  1000
Convergence criterion                                    0.500D-04
Maximum number of steepest descent iterations                   20
Maximum number of iterations for H1                           2000
Convergence criterion for H1                             0.100D-03
Number of bootstrap draws
    Requested                                                10000
    Completed                                                10000

Input data file(s)
  mplus.dat

Input data format  FREE


SUMMARY OF DATA

     Number of missing data patterns            19


COVARIANCE COVERAGE OF DATA

Minimum covariance coverage value   0.100


     PROPORTION OF DATA PRESENT


           Covariance Coverage
              X1            X2            X3            Y1            Y2
              ________      ________      ________      ________      ________
 X1             1.000
 X2             1.000         1.000
 X3             1.000         1.000         1.000
 Y1             1.000         1.000         1.000         1.000
 Y2             1.000         1.000         1.000         1.000         1.000
 Y3             1.000         1.000         1.000         1.000         1.000
 M1             1.000         1.000         1.000         1.000         1.000
 M2             1.000         1.000         1.000         1.000         1.000
 M3             1.000         1.000         1.000         1.000         1.000
 GENDER1        0.998         0.998         0.998         0.998         0.998
 AGE1           0.999         0.999         0.999         0.999         0.999
 EDUCATIO       0.994         0.994         0.994         0.994         0.994
 EDUCATIO       0.991         0.991         0.991         0.991         0.991
 UNEMPLOY       0.992         0.992         0.992         0.992         0.992
 UNEMPLOY       0.974         0.974         0.974         0.974         0.974
 FIN1           0.994         0.994         0.994         0.994         0.994
 FIN2           0.991         0.991         0.991         0.991         0.991
 FIN3           0.991         0.991         0.991         0.991         0.991


           Covariance Coverage
              Y3            M1            M2            M3            GENDER1
              ________      ________      ________      ________      ________
 Y3             1.000
 M1             1.000         1.000
 M2             1.000         1.000         1.000
 M3             1.000         1.000         1.000         1.000
 GENDER1        0.998         0.998         0.998         0.998         0.998
 AGE1           0.999         0.999         0.999         0.999         0.997
 EDUCATIO       0.994         0.994         0.994         0.994         0.992
 EDUCATIO       0.991         0.991         0.991         0.991         0.989
 UNEMPLOY       0.992         0.992         0.992         0.992         0.990
 UNEMPLOY       0.974         0.974         0.974         0.974         0.972
 FIN1           0.994         0.994         0.994         0.994         0.992
 FIN2           0.991         0.991         0.991         0.991         0.990
 FIN3           0.991         0.991         0.991         0.991         0.989


           Covariance Coverage
              AGE1          EDUCATIO      EDUCATIO      UNEMPLOY      UNEMPLOY
              ________      ________      ________      ________      ________
 AGE1           0.999
 EDUCATIO       0.993         0.994
 EDUCATIO       0.990         0.987         0.991
 UNEMPLOY       0.991         0.989         0.984         0.992
 UNEMPLOY       0.973         0.969         0.970         0.968         0.974
 FIN1           0.993         0.989         0.986         0.988         0.969
 FIN2           0.990         0.985         0.981         0.982         0.965
 FIN3           0.990         0.985         0.981         0.982         0.965


           Covariance Coverage
              FIN1          FIN2          FIN3
              ________      ________      ________
 FIN1           0.994
 FIN2           0.986         0.991
 FIN3           0.986         0.984         0.991



UNIVARIATE SAMPLE STATISTICS


     UNIVARIATE HIGHER-ORDER MOMENT DESCRIPTIVE STATISTICS

         Variable/         Mean/     Skewness/   Minimum/ % with                Percentiles
        Sample Size      Variance    Kurtosis    Maximum  Min/Max      20%/60%    40%/80%    Median

     X1                   -0.018      -0.228      -3.919    0.21%      -0.786     -0.276     -0.021
             971.000       0.848       0.343       2.130    0.10%       0.218      0.773
     X2                   -0.015      -0.051      -3.511    0.10%      -0.773     -0.265     -0.076
             971.000       0.854      -0.055       2.293    0.10%       0.167      0.769
     X3                   -0.011      -0.059      -4.326    0.10%      -0.766     -0.327     -0.088
             971.000       0.871       0.122       2.343    0.10%       0.213      0.798
     Y1                    5.197      -0.908       1.000    0.51%       4.333      5.000      5.333
             971.000       1.455       0.746       7.000    4.43%       5.667      6.333
     Y2                    5.307      -0.912       1.000    0.41%       4.333      5.333      5.667
             971.000       1.416       0.731       7.000    5.97%       5.667      6.333
     Y3                    5.309      -0.984       1.000    0.82%       4.333      5.333      5.667
             971.000       1.518       0.898       7.000    7.11%       5.667      6.333
     M1                   -0.034      -0.538      -1.942    0.10%      -0.486     -0.142      0.034
             971.000       0.243      -0.181       0.793    1.24%       0.182      0.446
     M2                   -0.029      -0.424      -1.864    0.10%      -0.518     -0.166      0.029
             971.000       0.294      -0.219       0.934    2.37%       0.184      0.487
     M3                   -0.033      -0.375      -2.113    0.10%      -0.528     -0.198      0.016
             971.000       0.356      -0.467       1.004    2.16%       0.216      0.541
     GENDER1               0.646      -0.611       0.000   35.40%       0.000      1.000      1.000
             969.000       0.229      -1.627       1.000   64.60%       1.000      1.000
     AGE1                 15.638      -0.547      15.000   36.29%      15.000     16.000     16.000
             970.000       0.233      -1.625      17.000    0.10%      16.000     16.000
     EDUCATION_MOTHE       3.907      -0.084       1.000    0.31%       3.000      3.000      4.000
             965.000       0.945      -1.378       5.000   39.17%       4.000      5.000
     EDUCATION_FATHE       3.754       0.093       1.000    0.62%       3.000      3.000      3.000
             962.000       0.984      -1.211       5.000   33.78%       4.000      5.000
     UNEMPLOYED_MOTH       0.154       1.921       0.000   84.63%       0.000      0.000      0.000
             963.000       0.130       1.688       1.000   15.37%       0.000      0.000
     UNEMPLOYED_FATH       0.070       3.378       0.000   93.02%       0.000      0.000      0.000
             946.000       0.065       9.408       1.000    6.98%       0.000      0.000
     FIN1                  3.754      -0.071       1.000    0.31%       3.000      3.000      4.000
             965.000       0.726      -0.634       5.000   21.55%       4.000      5.000
     FIN2                  3.777      -0.071       1.000    0.42%       3.000      4.000      4.000
             962.000       0.685      -0.517       5.000   21.21%       4.000      5.000
     FIN3                  3.756      -0.179       1.000    0.94%       3.000      3.000      4.000
             962.000       0.750      -0.296       5.000   21.93%       4.000      5.000


THE MODEL ESTIMATION TERMINATED NORMALLY



MODEL FIT INFORMATION

Number of Free Parameters                      147

Loglikelihood

          H0 Value                      -16140.311
          H1 Value                      -16053.043

Information Criteria

          Akaike (AIC)                   32574.622
          Bayesian (BIC)                 33291.736
          Sample-Size Adjusted BIC       32824.864
            (n* = (n + 2) / 24)

Chi-Square Test of Model Fit

          Value                            174.535
          Degrees of Freedom                    42
          P-Value                           0.0000

RMSEA (Root Mean Square Error Of Approximation)

          Estimate                           0.057
          90 Percent C.I.                    0.048  0.066
          Probability RMSEA <= .05           0.089

CFI/TLI

          CFI                                0.967
          TLI                                0.907

Chi-Square Test of Model Fit for the Baseline Model

          Value                           4101.205
          Degrees of Freedom                   117
          P-Value                           0.0000

SRMR (Standardized Root Mean Square Residual)

          Value                              0.053



MODEL RESULTS

                                                    Two-Tailed
                    Estimate       S.E.  Est./S.E.    P-Value

 RIX      BY
    X1                 1.000      0.000    999.000    999.000
    X2                 1.000      0.000    999.000    999.000
    X3                 1.000      0.000    999.000    999.000

 RIY      BY
    Y1                 1.000      0.000    999.000    999.000
    Y2                 1.000      0.000    999.000    999.000
    Y3                 1.000      0.000    999.000    999.000

 RIM      BY
    M1                 1.000      0.000    999.000    999.000
    M2                 1.000      0.000    999.000    999.000
    M3                 1.000      0.000    999.000    999.000

 WX1      BY
    X1                 1.000      0.000    999.000    999.000

 WX2      BY
    X2                 1.000      0.000    999.000    999.000

 WX3      BY
    X3                 1.000      0.000    999.000    999.000

 WY1      BY
    Y1                 1.000      0.000    999.000    999.000

 WY2      BY
    Y2                 1.000      0.000    999.000    999.000

 WY3      BY
    Y3                 1.000      0.000    999.000    999.000

 WM1      BY
    M1                 1.000      0.000    999.000    999.000

 WM2      BY
    M2                 1.000      0.000    999.000    999.000

 WM3      BY
    M3                 1.000      0.000    999.000    999.000

 WY2      ON
    WY1                0.197      0.074      2.648      0.008
    WX1                0.031      0.062      0.494      0.622
    WM1                0.032      0.093      0.342      0.733

 WY3      ON
    WY2                0.197      0.074      2.648      0.008
    WX2                0.031      0.062      0.494      0.622
    WM2                0.032      0.093      0.342      0.733

 WX2      ON
    WX1                0.104      0.067      1.554      0.120
    WY1                0.057      0.036      1.587      0.112
    WM1                0.179      0.075      2.393      0.017

 WX3      ON
    WX2                0.104      0.067      1.554      0.120
    WY2                0.057      0.036      1.587      0.112
    WM2                0.179      0.075      2.393      0.017

 WM2      ON
    WM1                0.207      0.059      3.489      0.000
    WX1                0.039      0.032      1.219      0.223
    WY1                0.036      0.023      1.595      0.111

 WM3      ON
    WM2                0.207      0.059      3.489      0.000
    WX2                0.039      0.032      1.219      0.223
    WY2                0.036      0.023      1.595      0.111

 X1       ON
    GENDER1            0.511      0.061      8.323      0.000
    AGE1               0.052      0.052      0.999      0.318
    EDUCATION_         0.022      0.034      0.655      0.513
    EDUCATION_         0.061      0.032      1.898      0.058
    UNEMPLOYED        -0.016      0.080     -0.197      0.844
    UNEMPLOYED         0.127      0.103      1.231      0.218
    FIN1               0.050      0.031      1.624      0.104

 X2       ON
    GENDER1            0.360      0.062      5.768      0.000
    AGE1               0.048      0.053      0.917      0.359
    EDUCATION_         0.034      0.036      0.939      0.348
    EDUCATION_         0.053      0.035      1.520      0.129
    UNEMPLOYED         0.054      0.081      0.662      0.508
    UNEMPLOYED         0.098      0.107      0.921      0.357
    FIN2               0.086      0.033      2.586      0.010

 X3       ON
    GENDER1            0.369      0.062      5.971      0.000
    AGE1               0.051      0.052      0.983      0.326
    EDUCATION_         0.057      0.036      1.574      0.116
    EDUCATION_         0.041      0.034      1.202      0.229
    UNEMPLOYED         0.072      0.082      0.879      0.379
    UNEMPLOYED         0.070      0.104      0.677      0.498
    FIN3               0.061      0.035      1.743      0.081

 Y1       ON
    GENDER1           -0.272      0.073     -3.735      0.000
    AGE1               0.123      0.059      2.098      0.036
    EDUCATION_        -0.029      0.046     -0.634      0.526
    EDUCATION_         0.011      0.047      0.242      0.809
    UNEMPLOYED        -0.146      0.115     -1.275      0.202
    UNEMPLOYED         0.144      0.154      0.935      0.350
    FIN1               0.434      0.042     10.359      0.000

 Y2       ON
    GENDER1           -0.129      0.073     -1.771      0.077
    AGE1               0.105      0.059      1.770      0.077
    EDUCATION_         0.039      0.043      0.902      0.367
    EDUCATION_         0.032      0.045      0.699      0.484
    UNEMPLOYED        -0.123      0.110     -1.119      0.263
    UNEMPLOYED         0.001      0.143      0.008      0.994
    FIN2               0.423      0.041     10.202      0.000

 Y3       ON
    GENDER1            0.017      0.076      0.218      0.827
    AGE1               0.070      0.059      1.175      0.240
    EDUCATION_         0.033      0.042      0.792      0.428
    EDUCATION_         0.042      0.040      1.035      0.301
    UNEMPLOYED        -0.033      0.103     -0.317      0.751
    UNEMPLOYED         0.059      0.146      0.402      0.688
    FIN3               0.538      0.044     12.368      0.000

 M1       ON
    GENDER1            0.154      0.033      4.630      0.000
    AGE1               0.030      0.028      1.079      0.281
    EDUCATION_        -0.028      0.019     -1.435      0.151
    EDUCATION_         0.018      0.018      0.964      0.335
    UNEMPLOYED        -0.049      0.046     -1.072      0.284
    UNEMPLOYED         0.062      0.062      0.992      0.321
    FIN1               0.088      0.017      5.126      0.000

 M2       ON
    GENDER1            0.076      0.036      2.090      0.037
    AGE1               0.030      0.028      1.070      0.285
    EDUCATION_        -0.003      0.020     -0.157      0.875
    EDUCATION_        -0.012      0.020     -0.618      0.536
    UNEMPLOYED        -0.045      0.051     -0.886      0.375
    UNEMPLOYED         0.006      0.070      0.086      0.931
    FIN2               0.108      0.019      5.669      0.000

 M3       ON
    GENDER1            0.181      0.040      4.481      0.000
    AGE1               0.020      0.028      0.726      0.468
    EDUCATION_         0.004      0.023      0.154      0.877
    EDUCATION_         0.015      0.022      0.691      0.490
    UNEMPLOYED        -0.085      0.055     -1.564      0.118
    UNEMPLOYED         0.125      0.078      1.598      0.110
    FIN3               0.094      0.021      4.471      0.000

 RIX      WITH
    RIY                0.053      0.032      1.680      0.093
    RIM                0.110      0.017      6.568      0.000

 RIY      WITH
    RIM                0.126      0.019      6.688      0.000

 WX1      WITH
    WY1                0.025      0.030      0.835      0.404
    WM1                0.058      0.014      4.009      0.000

 WY1      WITH
    WM1                0.038      0.019      1.966      0.049

 WX2      WITH
    WY2                0.061      0.022      2.742      0.006
    WM2                0.086      0.011      7.523      0.000

 WY2      WITH
    WM2                0.068      0.015      4.694      0.000

 WX3      WITH
    WY3                0.061      0.022      2.742      0.006
    WM3                0.086      0.011      7.523      0.000

 WY3      WITH
    WM3                0.068      0.015      4.694      0.000

 GENDER1  WITH
    AGE1              -0.001      0.007     -0.069      0.945
    EDUCATION_        -0.036      0.015     -2.394      0.017
    EDUCATION_        -0.022      0.015     -1.449      0.147
    UNEMPLOYED        -0.003      0.006     -0.489      0.625
    UNEMPLOYED        -0.002      0.004     -0.432      0.666
    FIN1               0.014      0.013      1.052      0.293
    FIN2              -0.002      0.013     -0.126      0.900
    FIN3               0.006      0.014      0.407      0.684

 AGE1     WITH
    EDUCATION_        -0.037      0.015     -2.438      0.015
    EDUCATION_        -0.018      0.015     -1.166      0.244
    UNEMPLOYED         0.012      0.005      2.228      0.026
    UNEMPLOYED         0.002      0.004      0.415      0.678
    FIN1              -0.005      0.013     -0.402      0.688
    FIN2              -0.010      0.013     -0.800      0.424
    FIN3              -0.012      0.014     -0.896      0.370

 EDUCATIO WITH
    EDUCATION_         0.452      0.030     14.917      0.000
    UNEMPLOYED        -0.088      0.012     -7.481      0.000
    UNEMPLOYED        -0.024      0.009     -2.744      0.006
    FIN1               0.116      0.027      4.291      0.000
    FIN2               0.130      0.026      5.044      0.000
    FIN3               0.134      0.027      4.915      0.000

 EDUCATIO WITH
    UNEMPLOYED        -0.057      0.011     -4.929      0.000
    UNEMPLOYED        -0.031      0.007     -4.099      0.000
    FIN1               0.145      0.028      5.230      0.000
    FIN2               0.173      0.026      6.592      0.000
    FIN3               0.183      0.027      6.769      0.000

 UNEMPLOY WITH
    UNEMPLOYED         0.013      0.004      3.271      0.001
    FIN1              -0.033      0.011     -2.985      0.003
    FIN2              -0.029      0.010     -2.853      0.004
    FIN3              -0.040      0.010     -3.837      0.000

 UNEMPLOY WITH
    FIN1              -0.026      0.008     -3.156      0.002
    FIN2              -0.020      0.007     -2.971      0.003
    FIN3              -0.020      0.008     -2.645      0.008

 FIN1     WITH
    FIN2               0.505      0.025     20.393      0.000
    FIN3               0.484      0.025     19.235      0.000

 FIN2     WITH
    FIN3               0.504      0.024     20.777      0.000

 Means
    GENDER1            0.646      0.015     42.450      0.000
    AGE1              15.638      0.016   1007.234      0.000
    EDUCATION_         3.906      0.031    124.291      0.000
    EDUCATION_         3.754      0.032    116.474      0.000
    UNEMPLOYED         0.154      0.012     13.354      0.000
    UNEMPLOYED         0.070      0.008      8.374      0.000
    FIN1               3.756      0.027    138.399      0.000
    FIN2               3.777      0.027    141.646      0.000
    FIN3               3.754      0.028    133.491      0.000

 Intercepts
    X1                -1.672      0.842     -1.987      0.047
    X2                -1.672      0.842     -1.987      0.047
    X3                -1.672      0.842     -1.987      0.047
    Y1                 1.905      0.943      2.020      0.043
    Y2                 1.905      0.943      2.020      0.043
    Y3                 1.905      0.943      2.020      0.043
    M1                -0.889      0.447     -1.986      0.047
    M2                -0.889      0.447     -1.986      0.047
    M3                -0.889      0.447     -1.986      0.047

 Variances
    GENDER1            0.229      0.004     51.271      0.000
    AGE1               0.233      0.005     50.731      0.000
    EDUCATION_         0.946      0.024     38.650      0.000
    EDUCATION_         0.983      0.028     34.939      0.000
    UNEMPLOYED         0.130      0.008     16.315      0.000
    UNEMPLOYED         0.065      0.007      9.063      0.000
    FIN1               0.728      0.028     26.422      0.000
    FIN2               0.684      0.027     25.756      0.000
    FIN3               0.750      0.032     23.566      0.000
    RIX                0.418      0.036     11.728      0.000
    RIY                0.485      0.061      7.948      0.000
    RIM                0.106      0.012      8.863      0.000
    WX1                0.375      0.037     10.087      0.000
    WY1                0.688      0.079      8.696      0.000
    WM1                0.119      0.012     10.005      0.000

 Residual Variances
    X1                 0.000      0.000    999.000    999.000
    X2                 0.000      0.000    999.000    999.000
    X3                 0.000      0.000    999.000    999.000
    Y1                 0.000      0.000    999.000    999.000
    Y2                 0.000      0.000    999.000    999.000
    Y3                 0.000      0.000    999.000    999.000
    M1                 0.000      0.000    999.000    999.000
    M2                 0.000      0.000    999.000    999.000
    M3                 0.000      0.000    999.000    999.000
    WX2                0.383      0.026     14.594      0.000
    WX3                0.383      0.026     14.594      0.000
    WY2                0.647      0.062     10.488      0.000
    WY3                0.647      0.062     10.488      0.000
    WM2                0.187      0.009     21.230      0.000
    WM3                0.187      0.009     21.230      0.000

New/Additional Parameters
    IND                0.001      0.005      0.268      0.789


STANDARDIZED MODEL RESULTS


STDYX Standardization

                                                    Two-Tailed
                    Estimate       S.E.  Est./S.E.    P-Value

 RIX      BY
    X1                 0.697      0.028     24.992      0.000
    X2                 0.699      0.026     26.633      0.000
    X3                 0.697      0.027     25.693      0.000

 RIY      BY
    Y1                 0.604      0.039     15.606      0.000
    Y2                 0.609      0.040     15.334      0.000
    Y3                 0.590      0.039     15.163      0.000

 RIM      BY
    M1                 0.667      0.036     18.742      0.000
    M2                 0.583      0.030     19.600      0.000
    M3                 0.572      0.031     18.451      0.000

 WX1      BY
    X1                 0.660      0.027     24.203      0.000

 WX2      BY
    X2                 0.681      0.027     25.442      0.000

 WX3      BY
    X3                 0.684      0.027     25.036      0.000

 WY1      BY
    Y1                 0.719      0.032     22.244      0.000

 WY2      BY
    Y2                 0.719      0.034     21.064      0.000

 WY3      BY
    Y3                 0.696      0.034     20.660      0.000

 WM1      BY
    M1                 0.708      0.032     22.025      0.000

 WM2      BY
    M2                 0.793      0.022     36.435      0.000

 WM3      BY
    M3                 0.787      0.022     35.346      0.000

 WY2      ON
    WY1                0.199      0.073      2.733      0.006
    WX1                0.023      0.047      0.493      0.622
    WM1                0.013      0.039      0.340      0.734

 WY3      ON
    WY2                0.197      0.074      2.655      0.008
    WX2                0.024      0.048      0.493      0.622
    WM2                0.017      0.050      0.341      0.733

 WX2      ON
    WX1                0.102      0.066      1.550      0.121
    WY1                0.075      0.047      1.581      0.114
    WM1                0.098      0.042      2.346      0.019

 WX3      ON
    WX2                0.104      0.067      1.558      0.119
    WY2                0.074      0.046      1.595      0.111
    WM2                0.125      0.051      2.432      0.015

 WM2      ON
    WM1                0.162      0.048      3.346      0.001
    WX1                0.054      0.044      1.212      0.226
    WY1                0.068      0.043      1.593      0.111

 WM3      ON
    WM2                0.205      0.058      3.550      0.000
    WX2                0.054      0.045      1.198      0.231
    WY2                0.066      0.042      1.592      0.111

 X1       ON
    GENDER1            0.263      0.030      8.816      0.000
    AGE1               0.027      0.027      0.999      0.318
    EDUCATION_         0.023      0.035      0.657      0.511
    EDUCATION_         0.065      0.034      1.902      0.057
    UNEMPLOYED        -0.006      0.031     -0.198      0.843
    UNEMPLOYED         0.035      0.028      1.243      0.214
    FIN1               0.046      0.028      1.633      0.102

 X2       ON
    GENDER1            0.186      0.032      5.916      0.000
    AGE1               0.025      0.027      0.918      0.359
    EDUCATION_         0.036      0.038      0.940      0.347
    EDUCATION_         0.057      0.037      1.526      0.127
    UNEMPLOYED         0.021      0.032      0.664      0.507
    UNEMPLOYED         0.027      0.029      0.928      0.354
    FIN2               0.077      0.030      2.594      0.009

 X3       ON
    GENDER1            0.190      0.031      6.105      0.000
    AGE1               0.027      0.027      0.984      0.325
    EDUCATION_         0.059      0.038      1.575      0.115
    EDUCATION_         0.044      0.037      1.205      0.228
    UNEMPLOYED         0.028      0.032      0.881      0.378
    UNEMPLOYED         0.019      0.028      0.682      0.495
    FIN3               0.057      0.032      1.752      0.080

 Y1       ON
    GENDER1           -0.113      0.030     -3.792      0.000
    AGE1               0.051      0.025      2.093      0.036
    EDUCATION_        -0.025      0.039     -0.635      0.526
    EDUCATION_         0.010      0.040      0.242      0.808
    UNEMPLOYED        -0.046      0.036     -1.288      0.198
    UNEMPLOYED         0.032      0.034      0.940      0.347
    FIN1               0.321      0.032     10.074      0.000

 Y2       ON
    GENDER1           -0.054      0.030     -1.778      0.075
    AGE1               0.044      0.025      1.767      0.077
    EDUCATION_         0.033      0.036      0.902      0.367
    EDUCATION_         0.027      0.039      0.701      0.483
    UNEMPLOYED        -0.039      0.035     -1.126      0.260
    UNEMPLOYED         0.000      0.032      0.008      0.994
    FIN2               0.306      0.030     10.214      0.000

 Y3       ON
    GENDER1            0.007      0.031      0.219      0.827
    AGE1               0.028      0.024      1.174      0.241
    EDUCATION_         0.028      0.035      0.793      0.428
    EDUCATION_         0.035      0.034      1.040      0.299
    UNEMPLOYED        -0.010      0.031     -0.318      0.751
    UNEMPLOYED         0.013      0.031      0.405      0.685
    FIN3               0.394      0.030     12.963      0.000

 M1       ON
    GENDER1            0.151      0.032      4.658      0.000
    AGE1               0.030      0.028      1.080      0.280
    EDUCATION_        -0.055      0.038     -1.444      0.149
    EDUCATION_         0.036      0.037      0.967      0.334
    UNEMPLOYED        -0.036      0.034     -1.076      0.282
    UNEMPLOYED         0.032      0.032      1.000      0.317
    FIN1               0.154      0.030      5.104      0.000

 M2       ON
    GENDER1            0.065      0.031      2.087      0.037
    AGE1               0.026      0.024      1.068      0.285
    EDUCATION_        -0.006      0.035     -0.157      0.875
    EDUCATION_        -0.022      0.036     -0.618      0.536
    UNEMPLOYED        -0.029      0.033     -0.889      0.374
    UNEMPLOYED         0.003      0.032      0.087      0.931
    FIN2               0.161      0.029      5.639      0.000

 M3       ON
    GENDER1            0.153      0.034      4.517      0.000
    AGE1               0.017      0.024      0.724      0.469
    EDUCATION_         0.006      0.040      0.154      0.877
    EDUCATION_         0.027      0.039      0.691      0.490
    UNEMPLOYED        -0.054      0.034     -1.574      0.116
    UNEMPLOYED         0.056      0.035      1.606      0.108
    FIN3               0.144      0.032      4.537      0.000

 RIX      WITH
    RIY                0.118      0.072      1.648      0.099
    RIM                0.522      0.054      9.598      0.000

 RIY      WITH
    RIM                0.558      0.070      7.947      0.000

 WX1      WITH
    WY1                0.049      0.058      0.846      0.398
    WM1                0.275      0.056      4.902      0.000

 WY1      WITH
    WM1                0.131      0.064      2.062      0.039

 WX2      WITH
    WY2                0.123      0.046      2.698      0.007
    WM2                0.321      0.038      8.375      0.000

 WY2      WITH
    WM2                0.196      0.043      4.589      0.000

 WX3      WITH
    WY3                0.123      0.046      2.698      0.007
    WM3                0.321      0.038      8.375      0.000

 WY3      WITH
    WM3                0.196      0.043      4.589      0.000

 GENDER1  WITH
    AGE1              -0.002      0.032     -0.069      0.945
    EDUCATION_        -0.077      0.032     -2.389      0.017
    EDUCATION_        -0.046      0.032     -1.449      0.147
    UNEMPLOYED        -0.016      0.032     -0.488      0.625
    UNEMPLOYED        -0.014      0.033     -0.432      0.666
    FIN1               0.034      0.032      1.053      0.293
    FIN2              -0.004      0.033     -0.126      0.900
    FIN3               0.013      0.033      0.407      0.684

 AGE1     WITH
    EDUCATION_        -0.078      0.032     -2.435      0.015
    EDUCATION_        -0.038      0.032     -1.164      0.244
    UNEMPLOYED         0.069      0.031      2.241      0.025
    UNEMPLOYED         0.013      0.032      0.415      0.678
    FIN1              -0.013      0.032     -0.401      0.688
    FIN2              -0.026      0.032     -0.800      0.424
    FIN3              -0.029      0.032     -0.897      0.370

 EDUCATIO WITH
    EDUCATION_         0.469      0.028     16.539      0.000
    UNEMPLOYED        -0.250      0.030     -8.355      0.000
    UNEMPLOYED        -0.096      0.034     -2.843      0.004
    FIN1               0.140      0.032      4.362      0.000
    FIN2               0.161      0.031      5.127      0.000
    FIN3               0.159      0.032      4.964      0.000

 EDUCATIO WITH
    UNEMPLOYED        -0.158      0.031     -5.166      0.000
    UNEMPLOYED        -0.121      0.027     -4.478      0.000
    FIN1               0.171      0.032      5.278      0.000
    FIN2               0.210      0.031      6.811      0.000
    FIN3               0.213      0.031      6.974      0.000

 UNEMPLOY WITH
    UNEMPLOYED         0.146      0.042      3.481      0.000
    FIN1              -0.106      0.035     -3.043      0.002
    FIN2              -0.096      0.033     -2.888      0.004
    FIN3              -0.128      0.033     -3.947      0.000

 UNEMPLOY WITH
    FIN1              -0.121      0.036     -3.335      0.001
    FIN2              -0.093      0.030     -3.113      0.002
    FIN3              -0.090      0.033     -2.742      0.006

 FIN1     WITH
    FIN2               0.716      0.019     38.368      0.000
    FIN3               0.656      0.023     27.918      0.000

 FIN2     WITH
    FIN3               0.704      0.021     33.423      0.000

 Means
    GENDER1            1.351      0.045     29.938      0.000
    AGE1              32.399      0.350     92.492      0.000
    EDUCATION_         4.016      0.064     62.467      0.000
    EDUCATION_         3.786      0.060     63.255      0.000
    UNEMPLOYED         0.426      0.019     22.549      0.000
    UNEMPLOYED         0.274      0.018     15.501      0.000
    FIN1               4.403      0.091     48.142      0.000
    FIN2               4.567      0.096     47.442      0.000
    FIN3               4.336      0.102     42.328      0.000

 Intercepts
    X1                -1.803      0.903     -1.997      0.046
    X2                -1.810      0.908     -1.994      0.046
    X3                -1.804      0.905     -1.994      0.046
    Y1                 1.652      0.821      2.012      0.044
    Y2                 1.666      0.827      2.015      0.044
    Y3                 1.612      0.800      2.015      0.044
    M1                -1.825      0.916     -1.992      0.046
    M2                -1.595      0.805     -1.982      0.048
    M3                -1.565      0.789     -1.982      0.047

 Variances
    GENDER1            1.000      0.000    999.000    999.000
    AGE1               1.000      0.000    999.000    999.000
    EDUCATION_         1.000      0.000    999.000    999.000
    EDUCATION_         1.000      0.000    999.000    999.000
    UNEMPLOYED         1.000      0.000    999.000    999.000
    UNEMPLOYED         1.000      0.000    999.000    999.000
    FIN1               1.000      0.000    999.000    999.000
    FIN2               1.000      0.000    999.000    999.000
    FIN3               1.000      0.000    999.000    999.000
    RIX                1.000      0.000    999.000    999.000
    RIY                1.000      0.000    999.000    999.000
    RIM                1.000      0.000    999.000    999.000
    WX1                1.000      0.000    999.000    999.000
    WY1                1.000      0.000    999.000    999.000
    WM1                1.000      0.000    999.000    999.000

 Residual Variances
    X1                 0.000      0.000      0.000      1.000
    X2                 0.000      0.000      0.000      1.000
    X3                 0.000      0.000      0.000      1.000
    Y1                 0.000      0.000      0.000      1.000
    Y2                 0.000      0.000      0.000      1.000
    Y3                 0.000      0.000      0.000      1.000
    M1                 0.000      0.000      0.000      1.000
    M2                 0.000      0.000      0.000      1.000
    M3                 0.000      0.000      0.000      1.000
    WX2                0.966      0.023     41.524      0.000
    WX3                0.953      0.029     32.444      0.000
    WY2                0.958      0.029     32.621      0.000
    WY3                0.957      0.030     31.552      0.000
    WM2                0.958      0.020     48.029      0.000
    WM3                0.936      0.028     33.127      0.000


R-SQUARE

    Observed                                        Two-Tailed
    Variable        Estimate       S.E.  Est./S.E.    P-Value

    X1                 1.000      0.000    999.000    999.000
    X2                 1.000      0.000    999.000    999.000
    X3                 1.000      0.000    999.000    999.000
    Y1                 1.000      0.000    999.000    999.000
    Y2                 1.000      0.000    999.000    999.000
    Y3                 1.000      0.000    999.000    999.000
    M1                 1.000      0.000    999.000    999.000
    M2                 1.000      0.000    999.000    999.000
    M3                 1.000      0.000    999.000    999.000

     Latent                                         Two-Tailed
    Variable        Estimate       S.E.  Est./S.E.    P-Value

    WX2                0.034      0.023      1.449      0.147
    WX3                0.047      0.029      1.590      0.112
    WY2                0.042      0.029      1.413      0.158
    WY3                0.043      0.030      1.403      0.161
    WM2                0.042      0.020      2.086      0.037
    WM3                0.064      0.028      2.256      0.024


CONFIDENCE INTERVALS OF MODEL RESULTS

                  Lower .5%  Lower 2.5%    Lower 5%    Estimate    Upper 5%  Upper 2.5%   Upper .5%

 RIX      BY
    X1               1.000       1.000       1.000       1.000       1.000       1.000       1.000
    X2               1.000       1.000       1.000       1.000       1.000       1.000       1.000
    X3               1.000       1.000       1.000       1.000       1.000       1.000       1.000

 RIY      BY
    Y1               1.000       1.000       1.000       1.000       1.000       1.000       1.000
    Y2               1.000       1.000       1.000       1.000       1.000       1.000       1.000
    Y3               1.000       1.000       1.000       1.000       1.000       1.000       1.000

 RIM      BY
    M1               1.000       1.000       1.000       1.000       1.000       1.000       1.000
    M2               1.000       1.000       1.000       1.000       1.000       1.000       1.000
    M3               1.000       1.000       1.000       1.000       1.000       1.000       1.000

 WX1      BY
    X1               1.000       1.000       1.000       1.000       1.000       1.000       1.000

 WX2      BY
    X2               1.000       1.000       1.000       1.000       1.000       1.000       1.000

 WX3      BY
    X3               1.000       1.000       1.000       1.000       1.000       1.000       1.000

 WY1      BY
    Y1               1.000       1.000       1.000       1.000       1.000       1.000       1.000

 WY2      BY
    Y2               1.000       1.000       1.000       1.000       1.000       1.000       1.000

 WY3      BY
    Y3               1.000       1.000       1.000       1.000       1.000       1.000       1.000

 WM1      BY
    M1               1.000       1.000       1.000       1.000       1.000       1.000       1.000

 WM2      BY
    M2               1.000       1.000       1.000       1.000       1.000       1.000       1.000

 WM3      BY
    M3               1.000       1.000       1.000       1.000       1.000       1.000       1.000

 WY2      ON
    WY1              0.004       0.049       0.073       0.197       0.316       0.339       0.389
    WX1             -0.133      -0.093      -0.075       0.031       0.132       0.151       0.191
    WM1             -0.210      -0.156      -0.125       0.032       0.183       0.213       0.267

 WY3      ON
    WY2              0.004       0.049       0.073       0.197       0.316       0.339       0.389
    WX2             -0.133      -0.093      -0.075       0.031       0.132       0.151       0.191
    WM2             -0.210      -0.156      -0.125       0.032       0.183       0.213       0.267

 WX2      ON
    WX1             -0.063      -0.021      -0.002       0.104       0.220       0.240       0.287
    WY1             -0.038      -0.016      -0.004       0.057       0.114       0.126       0.148
    WM1             -0.009       0.029       0.053       0.179       0.302       0.325       0.368

 WX3      ON
    WX2             -0.063      -0.021      -0.002       0.104       0.220       0.240       0.287
    WY2             -0.038      -0.016      -0.004       0.057       0.114       0.126       0.148
    WM2             -0.009       0.029       0.053       0.179       0.302       0.325       0.368

 WM2      ON
    WM1              0.050       0.088       0.108       0.207       0.303       0.322       0.363
    WX1             -0.041      -0.024      -0.014       0.039       0.091       0.102       0.124
    WY1             -0.024      -0.010      -0.002       0.036       0.073       0.080       0.095

 WM3      ON
    WM2              0.050       0.088       0.108       0.207       0.303       0.322       0.363
    WX2             -0.041      -0.024      -0.014       0.039       0.091       0.102       0.124
    WY2             -0.024      -0.010      -0.002       0.036       0.073       0.080       0.095

 X1       ON
    GENDER1          0.351       0.390       0.410       0.511       0.611       0.629       0.665
    AGE1            -0.078      -0.051      -0.035       0.052       0.138       0.155       0.187
    EDUCATION_      -0.062      -0.042      -0.033       0.022       0.077       0.089       0.110
    EDUCATION_      -0.021      -0.002       0.008       0.061       0.114       0.123       0.145
    UNEMPLOYED      -0.223      -0.172      -0.148      -0.016       0.118       0.147       0.195
    UNEMPLOYED      -0.132      -0.070      -0.039       0.127       0.299       0.336       0.408
    FIN1            -0.029      -0.011      -0.001       0.050       0.101       0.110       0.132

 X2       ON
    GENDER1          0.195       0.240       0.259       0.360       0.464       0.483       0.522
    AGE1            -0.086      -0.055      -0.039       0.048       0.135       0.153       0.184
    EDUCATION_      -0.061      -0.037      -0.025       0.034       0.094       0.105       0.126
    EDUCATION_      -0.037      -0.015      -0.004       0.053       0.109       0.120       0.144
    UNEMPLOYED      -0.154      -0.104      -0.077       0.054       0.193       0.217       0.268
    UNEMPLOYED      -0.166      -0.112      -0.076       0.098       0.277       0.313       0.380
    FIN2             0.003       0.021       0.031       0.086       0.140       0.151       0.173

 X3       ON
    GENDER1          0.208       0.248       0.268       0.369       0.471       0.489       0.528
    AGE1            -0.082      -0.052      -0.035       0.051       0.137       0.155       0.186
    EDUCATION_      -0.034      -0.014      -0.003       0.057       0.115       0.127       0.150
    EDUCATION_      -0.050      -0.027      -0.015       0.041       0.098       0.108       0.131
    UNEMPLOYED      -0.140      -0.087      -0.061       0.072       0.211       0.235       0.274
    UNEMPLOYED      -0.205      -0.130      -0.100       0.070       0.245       0.278       0.337
    FIN3            -0.026      -0.006       0.005       0.061       0.118       0.129       0.155

 Y1       ON
    GENDER1         -0.461      -0.415      -0.391      -0.272      -0.152      -0.130      -0.083
    AGE1            -0.030       0.009       0.026       0.123       0.220       0.239       0.274
    EDUCATION_      -0.148      -0.119      -0.105      -0.029       0.046       0.060       0.087
    EDUCATION_      -0.105      -0.078      -0.064       0.011       0.090       0.104       0.133
    UNEMPLOYED      -0.459      -0.374      -0.337      -0.146       0.042       0.076       0.136
    UNEMPLOYED      -0.269      -0.171      -0.115       0.144       0.390       0.437       0.532
    FIN1             0.323       0.352       0.365       0.434       0.501       0.515       0.541

 Y2       ON
    GENDER1         -0.313      -0.271      -0.249      -0.129      -0.008       0.014       0.055
    AGE1            -0.050      -0.011       0.008       0.105       0.202       0.222       0.259
    EDUCATION_      -0.075      -0.046      -0.032       0.039       0.108       0.121       0.145
    EDUCATION_      -0.084      -0.055      -0.042       0.032       0.106       0.123       0.152
    UNEMPLOYED      -0.403      -0.338      -0.305      -0.123       0.060       0.093       0.157
    UNEMPLOYED      -0.404      -0.291      -0.240       0.001       0.229       0.272       0.352
    FIN2             0.310       0.341       0.354       0.423       0.490       0.504       0.528

 Y3       ON
    GENDER1         -0.173      -0.133      -0.109       0.017       0.142       0.165       0.216
    AGE1            -0.085      -0.045      -0.027       0.070       0.167       0.188       0.223
    EDUCATION_      -0.077      -0.049      -0.036       0.033       0.103       0.115       0.137
    EDUCATION_      -0.061      -0.035      -0.024       0.042       0.110       0.122       0.145
    UNEMPLOYED      -0.300      -0.235      -0.203      -0.033       0.137       0.170       0.231
    UNEMPLOYED      -0.341      -0.234      -0.184       0.059       0.294       0.332       0.414
    FIN3             0.428       0.454       0.467       0.538       0.609       0.622       0.652

 M1       ON
    GENDER1          0.069       0.089       0.098       0.154       0.209       0.218       0.237
    AGE1            -0.041      -0.024      -0.015       0.030       0.076       0.085       0.103
    EDUCATION_      -0.078      -0.065      -0.059      -0.028       0.004       0.010       0.021
    EDUCATION_      -0.030      -0.018      -0.012       0.018       0.048       0.053       0.066
    UNEMPLOYED      -0.167      -0.139      -0.124      -0.049       0.025       0.040       0.071
    UNEMPLOYED      -0.104      -0.062      -0.042       0.062       0.163       0.181       0.223
    FIN1             0.043       0.054       0.059       0.088       0.116       0.121       0.132

 M2       ON
    GENDER1         -0.021       0.004       0.016       0.076       0.136       0.147       0.169
    AGE1            -0.039      -0.024      -0.015       0.030       0.076       0.085       0.103
    EDUCATION_      -0.055      -0.043      -0.037      -0.003       0.030       0.037       0.050
    EDUCATION_      -0.063      -0.052      -0.046      -0.012       0.020       0.027       0.037
    UNEMPLOYED      -0.178      -0.147      -0.130      -0.045       0.040       0.055       0.088
    UNEMPLOYED      -0.174      -0.133      -0.110       0.006       0.120       0.141       0.184
    FIN2             0.059       0.070       0.077       0.108       0.140       0.146       0.158

 M3       ON
    GENDER1          0.077       0.101       0.115       0.181       0.247       0.260       0.285
    AGE1            -0.050      -0.035      -0.025       0.020       0.067       0.076       0.092
    EDUCATION_      -0.057      -0.042      -0.035       0.004       0.041       0.048       0.063
    EDUCATION_      -0.040      -0.028      -0.021       0.015       0.052       0.059       0.074
    UNEMPLOYED      -0.228      -0.194      -0.175      -0.085       0.004       0.019       0.051
    UNEMPLOYED      -0.081      -0.030      -0.004       0.125       0.250       0.277       0.324
    FIN3             0.040       0.054       0.060       0.094       0.130       0.136       0.148

 RIX      WITH
    RIY             -0.031      -0.009       0.002       0.053       0.106       0.114       0.135
    RIM              0.064       0.075       0.081       0.110       0.136       0.141       0.151

 RIY      WITH
    RIM              0.073       0.089       0.094       0.126       0.157       0.163       0.175

 WX1      WITH
    WY1             -0.052      -0.035      -0.026       0.025       0.073       0.084       0.102
    WM1              0.025       0.032       0.036       0.058       0.083       0.089       0.099

 WY1      WITH
    WM1             -0.010       0.001       0.007       0.038       0.069       0.077       0.089

 WX2      WITH
    WY2              0.001       0.016       0.023       0.061       0.097       0.103       0.118
    WM2              0.056       0.063       0.066       0.086       0.104       0.107       0.116

 WY2      WITH
    WM2              0.028       0.038       0.042       0.068       0.091       0.094       0.102

 WX3      WITH
    WY3              0.001       0.016       0.023       0.061       0.097       0.103       0.118
    WM3              0.056       0.063       0.066       0.086       0.104       0.107       0.116

 WY3      WITH
    WM3              0.028       0.038       0.042       0.068       0.091       0.094       0.102

 GENDER1  WITH
    AGE1            -0.019      -0.015      -0.013      -0.001       0.012       0.014       0.019
    EDUCATION_      -0.074      -0.065      -0.060      -0.036      -0.011      -0.006       0.004
    EDUCATION_      -0.059      -0.050      -0.046      -0.022       0.003       0.008       0.018
    UNEMPLOYED      -0.017      -0.014      -0.012      -0.003       0.006       0.008       0.011
    UNEMPLOYED      -0.012      -0.010      -0.008      -0.002       0.005       0.006       0.009
    FIN1            -0.020      -0.012      -0.008       0.014       0.035       0.039       0.047
    FIN2            -0.036      -0.027      -0.023      -0.002       0.020       0.024       0.031
    FIN3            -0.030      -0.021      -0.017       0.006       0.028       0.032       0.040

 AGE1     WITH
    EDUCATION_      -0.075      -0.067      -0.061      -0.037      -0.012      -0.007       0.002
    EDUCATION_      -0.056      -0.048      -0.044      -0.018       0.007       0.012       0.023
    UNEMPLOYED      -0.002       0.001       0.003       0.012       0.021       0.022       0.025
    UNEMPLOYED      -0.009      -0.006      -0.005       0.002       0.008       0.009       0.012
    FIN1            -0.039      -0.031      -0.027      -0.005       0.016       0.021       0.028
    FIN2            -0.044      -0.036      -0.031      -0.010       0.011       0.015       0.023
    FIN3            -0.047      -0.038      -0.034      -0.012       0.010       0.015       0.023

 EDUCATIO WITH
    EDUCATION_       0.373       0.392       0.403       0.452       0.501       0.511       0.530
    UNEMPLOYED      -0.119      -0.111      -0.107      -0.088      -0.068      -0.065      -0.058
    UNEMPLOYED      -0.046      -0.041      -0.038      -0.024      -0.010      -0.007      -0.001
    FIN1             0.047       0.063       0.071       0.116       0.160       0.169       0.187
    FIN2             0.064       0.080       0.087       0.130       0.172       0.180       0.195
    FIN3             0.063       0.081       0.089       0.134       0.178       0.186       0.204

 EDUCATIO WITH
    UNEMPLOYED      -0.086      -0.079      -0.075      -0.057      -0.038      -0.034      -0.027
    UNEMPLOYED      -0.050      -0.046      -0.043      -0.031      -0.018      -0.016      -0.012
    FIN1             0.074       0.091       0.099       0.145       0.190       0.200       0.217
    FIN2             0.108       0.122       0.129       0.173       0.216       0.224       0.240
    FIN3             0.112       0.129       0.139       0.183       0.228       0.237       0.252

 UNEMPLOY WITH
    UNEMPLOYED       0.004       0.006       0.007       0.013       0.020       0.022       0.024
    FIN1            -0.062      -0.054      -0.051      -0.033      -0.015      -0.011      -0.005
    FIN2            -0.055      -0.048      -0.045      -0.029      -0.012      -0.009      -0.003
    FIN3            -0.067      -0.061      -0.057      -0.040      -0.023      -0.020      -0.013

 UNEMPLOY WITH
    FIN1            -0.048      -0.043      -0.040      -0.026      -0.013      -0.010      -0.005
    FIN2            -0.037      -0.033      -0.031      -0.020      -0.009      -0.007      -0.003
    FIN3            -0.039      -0.035      -0.032      -0.020      -0.008      -0.006      -0.001

 FIN1     WITH
    FIN2             0.440       0.456       0.464       0.505       0.546       0.553       0.568
    FIN3             0.420       0.434       0.442       0.484       0.526       0.533       0.551

 FIN2     WITH
    FIN3             0.441       0.456       0.463       0.504       0.544       0.552       0.567

 Means
    GENDER1          0.607       0.617       0.621       0.646       0.671       0.676       0.685
    AGE1            15.598      15.608      15.612      15.638      15.664      15.669      15.679
    EDUCATION_       3.827       3.846       3.856       3.906       3.959       3.969       3.988
    EDUCATION_       3.671       3.691       3.701       3.754       3.807       3.817       3.838
    UNEMPLOYED       0.124       0.132       0.135       0.154       0.172       0.176       0.183
    UNEMPLOYED       0.049       0.054       0.056       0.070       0.084       0.087       0.092
    FIN1             3.684       3.702       3.712       3.756       3.800       3.808       3.827
    FIN2             3.708       3.725       3.733       3.777       3.821       3.829       3.844
    FIN3             3.682       3.699       3.707       3.754       3.800       3.809       3.824

 Intercepts
    X1              -3.854      -3.325      -3.065      -1.672      -0.273      -0.015       0.456
    X2              -3.854      -3.325      -3.065      -1.672      -0.273      -0.015       0.456
    X3              -3.854      -3.325      -3.065      -1.672      -0.273      -0.015       0.456
    Y1              -0.512       0.026       0.351       1.905       3.433       3.746       4.407
    Y2              -0.512       0.026       0.351       1.905       3.433       3.746       4.407
    Y3              -0.512       0.026       0.351       1.905       3.433       3.746       4.407
    M1              -2.046      -1.763      -1.629      -0.889      -0.159      -0.016       0.244
    M2              -2.046      -1.763      -1.629      -0.889      -0.159      -0.016       0.244
    M3              -2.046      -1.763      -1.629      -0.889      -0.159      -0.016       0.244

 Variances
    GENDER1          0.216       0.219       0.221       0.229       0.235       0.236       0.238
    AGE1             0.220       0.223       0.225       0.233       0.240       0.241       0.244
    EDUCATION_       0.886       0.900       0.907       0.946       0.987       0.996       1.013
    EDUCATION_       0.914       0.929       0.938       0.983       1.030       1.039       1.058
    UNEMPLOYED       0.109       0.114       0.117       0.130       0.143       0.145       0.150
    UNEMPLOYED       0.047       0.051       0.053       0.065       0.077       0.079       0.083
    FIN1             0.658       0.672       0.681       0.728       0.772       0.780       0.799
    FIN2             0.618       0.632       0.640       0.684       0.728       0.737       0.753
    FIN3             0.669       0.687       0.697       0.750       0.803       0.813       0.833
    RIX              0.312       0.341       0.352       0.418       0.468       0.480       0.503
    RIY              0.311       0.353       0.374       0.485       0.575       0.594       0.628
    RIM              0.072       0.080       0.084       0.106       0.123       0.127       0.134
    WX1              0.294       0.311       0.320       0.375       0.441       0.456       0.490
    WY1              0.501       0.543       0.564       0.688       0.823       0.852       0.910
    WM1              0.091       0.097       0.100       0.119       0.139       0.144       0.154

 Residual Variances
    X1               0.000       0.000       0.000       0.000       0.000       0.000       0.000
    X2               0.000       0.000       0.000       0.000       0.000       0.000       0.000
    X3               0.000       0.000       0.000       0.000       0.000       0.000       0.000
    Y1               0.000       0.000       0.000       0.000       0.000       0.000       0.000
    Y2               0.000       0.000       0.000       0.000       0.000       0.000       0.000
    Y3               0.000       0.000       0.000       0.000       0.000       0.000       0.000
    M1               0.000       0.000       0.000       0.000       0.000       0.000       0.000
    M2               0.000       0.000       0.000       0.000       0.000       0.000       0.000
    M3               0.000       0.000       0.000       0.000       0.000       0.000       0.000
    WX2              0.311       0.328       0.336       0.383       0.422       0.432       0.448
    WX3              0.311       0.328       0.336       0.383       0.422       0.432       0.448
    WY2              0.490       0.525       0.542       0.647       0.744       0.766       0.810
    WY3              0.490       0.525       0.542       0.647       0.744       0.766       0.810
    WM2              0.163       0.168       0.171       0.187       0.199       0.202       0.209
    WM3              0.163       0.168       0.171       0.187       0.199       0.202       0.209

New/Additional Parameters
    IND             -0.013      -0.008      -0.006       0.001       0.009       0.012       0.017


CONFIDENCE INTERVALS OF STANDARDIZED MODEL RESULTS


STDYX Standardization

                  Lower .5%  Lower 2.5%    Lower 5%    Estimate    Upper 5%  Upper 2.5%   Upper .5%

 RIX      BY
    X1               0.607       0.631       0.643       0.697       0.734       0.740       0.753
    X2               0.612       0.638       0.648       0.699       0.734       0.740       0.752
    X3               0.608       0.634       0.644       0.697       0.733       0.740       0.752

 RIY      BY
    Y1               0.481       0.515       0.529       0.604       0.656       0.666       0.685
    Y2               0.481       0.519       0.534       0.609       0.663       0.673       0.694
    Y3               0.466       0.500       0.516       0.590       0.642       0.652       0.672

 RIM      BY
    M1               0.552       0.586       0.600       0.667       0.716       0.725       0.740
    M2               0.487       0.515       0.528       0.583       0.624       0.631       0.645
    M3               0.472       0.500       0.514       0.572       0.614       0.623       0.637

 WX1      BY
    X1               0.597       0.611       0.618       0.660       0.707       0.718       0.738

 WX2      BY
    X2               0.616       0.631       0.639       0.681       0.726       0.735       0.756

 WX3      BY
    X3               0.617       0.633       0.640       0.684       0.729       0.739       0.760

 WY1      BY
    Y1               0.637       0.657       0.666       0.719       0.773       0.782       0.804

 WY2      BY
    Y2               0.633       0.653       0.664       0.719       0.775       0.787       0.809

 WY3      BY
    Y3               0.612       0.632       0.642       0.696       0.752       0.764       0.785

 WM1      BY
    M1               0.627       0.646       0.656       0.708       0.761       0.772       0.793

 WM2      BY
    M2               0.738       0.751       0.757       0.793       0.828       0.836       0.852

 WM3      BY
    M3               0.730       0.743       0.750       0.787       0.823       0.830       0.846

 WY2      ON
    WY1              0.004       0.051       0.076       0.199       0.313       0.334       0.379
    WX1             -0.102      -0.070      -0.056       0.023       0.097       0.112       0.142
    WM1             -0.088      -0.065      -0.051       0.013       0.078       0.092       0.116

 WY3      ON
    WY2              0.004       0.049       0.073       0.197       0.315       0.338       0.386
    WX2             -0.101      -0.071      -0.056       0.024       0.101       0.117       0.150
    WM2             -0.111      -0.081      -0.065       0.017       0.099       0.118       0.148

 WX2      ON
    WX1             -0.062      -0.021      -0.002       0.102       0.214       0.234       0.279
    WY1             -0.050      -0.021      -0.005       0.075       0.151       0.166       0.191
    WM1             -0.005       0.016       0.028       0.098       0.169       0.182       0.207

 WX3      ON
    WX2             -0.062      -0.021      -0.002       0.104       0.218       0.237       0.286
    WY2             -0.050      -0.021      -0.005       0.074       0.147       0.161       0.190
    WM2             -0.006       0.021       0.037       0.125       0.208       0.222       0.252

 WM2      ON
    WM1              0.038       0.067       0.083       0.162       0.241       0.258       0.292
    WX1             -0.057      -0.033      -0.020       0.054       0.126       0.141       0.175
    WY1             -0.045      -0.018      -0.003       0.068       0.138       0.151       0.177

 WM3      ON
    WM2              0.050       0.087       0.107       0.205       0.297       0.315       0.353
    WX2             -0.057      -0.033      -0.020       0.054       0.131       0.145       0.182
    WY2             -0.044      -0.018      -0.003       0.066       0.135       0.148       0.171

 X1       ON
    GENDER1          0.186       0.204       0.213       0.263       0.311       0.320       0.336
    AGE1            -0.040      -0.026      -0.018       0.027       0.072       0.081       0.097
    EDUCATION_      -0.066      -0.044      -0.034       0.023       0.081       0.092       0.113
    EDUCATION_      -0.023      -0.002       0.009       0.065       0.122       0.132       0.154
    UNEMPLOYED      -0.085      -0.067      -0.058      -0.006       0.046       0.057       0.076
    UNEMPLOYED      -0.036      -0.019      -0.011       0.035       0.081       0.092       0.111
    FIN1            -0.027      -0.010      -0.001       0.046       0.092       0.101       0.120

 X2       ON
    GENDER1          0.102       0.124       0.135       0.186       0.238       0.248       0.267
    AGE1            -0.045      -0.029      -0.020       0.025       0.070       0.080       0.096
    EDUCATION_      -0.063      -0.039      -0.027       0.036       0.099       0.111       0.133
    EDUCATION_      -0.041      -0.016      -0.004       0.057       0.116       0.128       0.153
    UNEMPLOYED      -0.060      -0.041      -0.030       0.021       0.075       0.085       0.103
    UNEMPLOYED      -0.046      -0.030      -0.021       0.027       0.076       0.086       0.103
    FIN2             0.003       0.019       0.027       0.077       0.125       0.135       0.154

 X3       ON
    GENDER1          0.109       0.129       0.139       0.190       0.241       0.250       0.267
    AGE1            -0.042      -0.027      -0.018       0.027       0.071       0.081       0.097
    EDUCATION_      -0.036      -0.014      -0.003       0.059       0.120       0.132       0.157
    EDUCATION_      -0.053      -0.028      -0.016       0.044       0.105       0.116       0.139
    UNEMPLOYED      -0.054      -0.034      -0.024       0.028       0.082       0.091       0.108
    UNEMPLOYED      -0.055      -0.035      -0.027       0.019       0.066       0.076       0.092
    FIN3            -0.026      -0.006       0.004       0.057       0.109       0.120       0.143

 Y1       ON
    GENDER1         -0.189      -0.171      -0.161      -0.113      -0.064      -0.054      -0.035
    AGE1            -0.012       0.004       0.011       0.051       0.092       0.100       0.115
    EDUCATION_      -0.124      -0.100      -0.089      -0.025       0.039       0.051       0.073
    EDUCATION_      -0.090      -0.067      -0.056       0.010       0.076       0.089       0.113
    UNEMPLOYED      -0.140      -0.115      -0.104      -0.046       0.014       0.024       0.043
    UNEMPLOYED      -0.059      -0.037      -0.026       0.032       0.086       0.096       0.117
    FIN1             0.237       0.258       0.268       0.321       0.373       0.381       0.400

 Y2       ON
    GENDER1         -0.131      -0.112      -0.104      -0.054      -0.003       0.006       0.023
    AGE1            -0.021      -0.005       0.004       0.044       0.085       0.094       0.110
    EDUCATION_      -0.064      -0.040      -0.027       0.033       0.092       0.103       0.124
    EDUCATION_      -0.073      -0.048      -0.037       0.027       0.093       0.105       0.130
    UNEMPLOYED      -0.126      -0.106      -0.096      -0.039       0.019       0.029       0.049
    UNEMPLOYED      -0.087      -0.065      -0.053       0.000       0.050       0.059       0.077
    FIN2             0.225       0.245       0.256       0.306       0.354       0.362       0.382

 Y3       ON
    GENDER1         -0.070      -0.054      -0.044       0.007       0.057       0.066       0.086
    AGE1            -0.034      -0.018      -0.011       0.028       0.068       0.077       0.091
    EDUCATION_      -0.062      -0.040      -0.029       0.028       0.085       0.094       0.113
    EDUCATION_      -0.052      -0.030      -0.020       0.035       0.092       0.102       0.121
    UNEMPLOYED      -0.091      -0.072      -0.062      -0.010       0.042       0.052       0.071
    UNEMPLOYED      -0.074      -0.050      -0.040       0.013       0.063       0.072       0.089
    FIN3             0.316       0.334       0.344       0.394       0.444       0.452       0.471

 M1       ON
    GENDER1          0.068       0.087       0.097       0.151       0.204       0.214       0.233
    AGE1            -0.041      -0.024      -0.015       0.030       0.075       0.084       0.102
    EDUCATION_      -0.153      -0.129      -0.117      -0.055       0.008       0.021       0.042
    EDUCATION_      -0.061      -0.037      -0.025       0.036       0.096       0.108       0.132
    UNEMPLOYED      -0.122      -0.103      -0.091      -0.036       0.018       0.030       0.052
    UNEMPLOYED      -0.054      -0.033      -0.022       0.032       0.084       0.095       0.115
    FIN1             0.075       0.095       0.103       0.154       0.203       0.212       0.230

 M2       ON
    GENDER1         -0.018       0.003       0.013       0.065       0.116       0.126       0.145
    AGE1            -0.034      -0.021      -0.013       0.026       0.066       0.074       0.089
    EDUCATION_      -0.096      -0.074      -0.063      -0.006       0.054       0.065       0.087
    EDUCATION_      -0.113      -0.093      -0.081      -0.022       0.037       0.048       0.067
    UNEMPLOYED      -0.114      -0.095      -0.083      -0.029       0.026       0.036       0.057
    UNEMPLOYED      -0.080      -0.059      -0.050       0.003       0.055       0.064       0.084
    FIN2             0.088       0.105       0.114       0.161       0.207       0.217       0.235

 M3       ON
    GENDER1          0.065       0.085       0.097       0.153       0.207       0.219       0.238
    AGE1            -0.042      -0.029      -0.022       0.017       0.057       0.065       0.079
    EDUCATION_      -0.098      -0.071      -0.060       0.006       0.071       0.082       0.108
    EDUCATION_      -0.070      -0.049      -0.037       0.027       0.092       0.104       0.129
    UNEMPLOYED      -0.141      -0.122      -0.111      -0.054       0.003       0.012       0.032
    UNEMPLOYED      -0.036      -0.013      -0.002       0.056       0.112       0.123       0.143
    FIN3             0.062       0.082       0.092       0.144       0.197       0.206       0.225

 RIX      WITH
    RIY             -0.077      -0.022       0.004       0.118       0.237       0.262       0.310
    RIM              0.368       0.411       0.431       0.522       0.609       0.626       0.656

 RIY      WITH
    RIM              0.390       0.433       0.454       0.558       0.684       0.711       0.780

 WX1      WITH
    WY1             -0.102      -0.069      -0.051       0.049       0.143       0.161       0.195
    WM1              0.132       0.164       0.182       0.275       0.368       0.382       0.415

 WY1      WITH
    WM1             -0.034       0.003       0.025       0.131       0.234       0.254       0.290

 WX2      WITH
    WY2              0.002       0.033       0.047       0.123       0.197       0.212       0.239
    WM2              0.220       0.244       0.256       0.321       0.383       0.395       0.418

 WY2      WITH
    WM2              0.081       0.110       0.123       0.196       0.264       0.277       0.300

 WX3      WITH
    WY3              0.002       0.033       0.047       0.123       0.197       0.212       0.239
    WM3              0.220       0.244       0.256       0.321       0.383       0.395       0.418

 WY3      WITH
    WM3              0.081       0.110       0.123       0.196       0.264       0.277       0.300

 GENDER1  WITH
    AGE1            -0.085      -0.064      -0.055      -0.002       0.050       0.061       0.081
    EDUCATION_      -0.159      -0.140      -0.130      -0.077      -0.024      -0.013       0.008
    EDUCATION_      -0.126      -0.106      -0.096      -0.046       0.007       0.017       0.038
    UNEMPLOYED      -0.100      -0.080      -0.070      -0.016       0.037       0.047       0.067
    UNEMPLOYED      -0.102      -0.079      -0.068      -0.014       0.040       0.050       0.070
    FIN1            -0.048      -0.030      -0.020       0.034       0.085       0.097       0.115
    FIN2            -0.090      -0.069      -0.059      -0.004       0.049       0.060       0.077
    FIN3            -0.073      -0.052      -0.042       0.013       0.067       0.077       0.095

 AGE1     WITH
    EDUCATION_      -0.159      -0.142      -0.131      -0.078      -0.025      -0.016       0.004
    EDUCATION_      -0.118      -0.101      -0.091      -0.038       0.015       0.026       0.048
    UNEMPLOYED      -0.013       0.008       0.017       0.069       0.119       0.127       0.144
    UNEMPLOYED      -0.073      -0.051      -0.040       0.013       0.065       0.074       0.093
    FIN1            -0.096      -0.075      -0.066      -0.013       0.040       0.050       0.070
    FIN2            -0.109      -0.089      -0.078      -0.026       0.027       0.038       0.057
    FIN3            -0.110      -0.091      -0.082      -0.029       0.024       0.035       0.055

 EDUCATIO WITH
    EDUCATION_       0.395       0.413       0.422       0.469       0.515       0.523       0.539
    UNEMPLOYED      -0.326      -0.308      -0.298      -0.250      -0.200      -0.190      -0.172
    UNEMPLOYED      -0.180      -0.159      -0.150      -0.096      -0.040      -0.029      -0.006
    FIN1             0.057       0.076       0.087       0.140       0.192       0.202       0.222
    FIN2             0.080       0.099       0.109       0.161       0.213       0.222       0.240
    FIN3             0.077       0.096       0.106       0.159       0.211       0.221       0.240

 EDUCATIO WITH
    UNEMPLOYED      -0.235      -0.217      -0.207      -0.158      -0.107      -0.097      -0.077
    UNEMPLOYED      -0.188      -0.172      -0.164      -0.121      -0.076      -0.067      -0.050
    FIN1             0.088       0.108       0.118       0.171       0.225       0.236       0.256
    FIN2             0.133       0.150       0.159       0.210       0.261       0.271       0.290
    FIN3             0.132       0.152       0.163       0.213       0.264       0.274       0.292

 UNEMPLOY WITH
    UNEMPLOYED       0.040       0.065       0.078       0.146       0.215       0.230       0.258
    FIN1            -0.196      -0.175      -0.165      -0.106      -0.049      -0.038      -0.018
    FIN2            -0.182      -0.160      -0.151      -0.096      -0.041      -0.030      -0.012
    FIN3            -0.213      -0.192      -0.181      -0.128      -0.075      -0.064      -0.043

 UNEMPLOY WITH
    FIN1            -0.214      -0.191      -0.180      -0.121      -0.061      -0.049      -0.025
    FIN2            -0.170      -0.152      -0.142      -0.093      -0.044      -0.034      -0.016
    FIN3            -0.174      -0.154      -0.144      -0.090      -0.036      -0.026      -0.005

 FIN1     WITH
    FIN2             0.664       0.677       0.684       0.716       0.745       0.751       0.761
    FIN3             0.593       0.608       0.615       0.656       0.693       0.700       0.713

 FIN2     WITH
    FIN3             0.644       0.659       0.668       0.704       0.737       0.742       0.754

 Means
    GENDER1          1.243       1.268       1.280       1.351       1.428       1.443       1.476
    AGE1            31.618      31.785      31.878      32.399      33.019      33.146      33.447
    EDUCATION_       3.851       3.891       3.913       4.016       4.125       4.147       4.185
    EDUCATION_       3.632       3.672       3.690       3.786       3.887       3.905       3.945
    UNEMPLOYED       0.377       0.389       0.395       0.426       0.457       0.463       0.474
    UNEMPLOYED       0.227       0.238       0.244       0.274       0.302       0.308       0.318
    FIN1             4.180       4.237       4.264       4.403       4.563       4.596       4.652
    FIN2             4.334       4.386       4.415       4.567       4.732       4.767       4.823
    FIN3             4.086       4.144       4.175       4.336       4.510       4.549       4.623

 Intercepts
    X1              -4.136      -3.575      -3.285      -1.803      -0.294      -0.016       0.492
    X2              -4.142      -3.595      -3.311      -1.810      -0.294      -0.016       0.494
    X3              -4.124      -3.577      -3.305      -1.804      -0.292      -0.016       0.497
    Y1              -0.438       0.023       0.307       1.652       2.995       3.247       3.828
    Y2              -0.445       0.024       0.304       1.666       3.018       3.269       3.878
    Y3              -0.433       0.023       0.295       1.612       2.917       3.165       3.755
    M1              -4.197      -3.630      -3.340      -1.825      -0.326      -0.033       0.502
    M2              -3.671      -3.190      -2.928      -1.595      -0.285      -0.029       0.446
    M3              -3.621      -3.124      -2.864      -1.565      -0.280      -0.028       0.437

 Variances
    GENDER1          1.000       1.000       1.000       1.000       1.000       1.000       1.000
    AGE1             1.000       1.000       1.000       1.000       1.000       1.000       1.000
    EDUCATION_       1.000       1.000       1.000       1.000       1.000       1.000       1.000
    EDUCATION_       1.000       1.000       1.000       1.000       1.000       1.000       1.000
    UNEMPLOYED       1.000       1.000       1.000       1.000       1.000       1.000       1.000
    UNEMPLOYED       1.000       1.000       1.000       1.000       1.000       1.000       1.000
    FIN1             1.000       1.000       1.000       1.000       1.000       1.000       1.000
    FIN2             1.000       1.000       1.000       1.000       1.000       1.000       1.000
    FIN3             1.000       1.000       1.000       1.000       1.000       1.000       1.000
    RIX              1.000       1.000       1.000       1.000       1.000       1.000       1.000
    RIY              1.000       1.000       1.000       1.000       1.000       1.000       1.000
    RIM              1.000       1.000       1.000       1.000       1.000       1.000       1.000
    WX1              1.000       1.000       1.000       1.000       1.000       1.000       1.000
    WY1              1.000       1.000       1.000       1.000       1.000       1.000       1.000
    WM1              1.000       1.000       1.000       1.000       1.000       1.000       1.000

 Residual Variances
    X1               0.000       0.000       0.000       0.000       0.000       0.000       0.000
    X2               0.000       0.000       0.000       0.000       0.000       0.000       0.000
    X3               0.000       0.000       0.000       0.000       0.000       0.000       0.000
    Y1               0.000       0.000       0.000       0.000       0.000       0.000       0.000
    Y2               0.000       0.000       0.000       0.000       0.000       0.000       0.000
    Y3               0.000       0.000       0.000       0.000       0.000       0.000       0.000
    M1               0.000       0.000       0.000       0.000       0.000       0.000       0.000
    M2               0.000       0.000       0.000       0.000       0.000       0.000       0.000
    M3               0.000       0.000       0.000       0.000       0.000       0.000       0.000
    WX2              0.877       0.903       0.914       0.966       0.988       0.992       0.996
    WX3              0.846       0.877       0.891       0.953       0.984       0.989       0.995
    WY2              0.851       0.882       0.895       0.958       0.989       0.993       0.997
    WY3              0.845       0.877       0.891       0.957       0.988       0.992       0.997
    WM2              0.886       0.907       0.916       0.958       0.980       0.984       0.990
    WM3              0.841       0.866       0.878       0.936       0.971       0.976       0.986


     Beginning Time:  14:57:44
        Ending Time:  15:08:17
       Elapsed Time:  00:10:33



MUTHEN & MUTHEN
3463 Stoner Ave.
Los Angeles, CA  90066

Tel: (310) 391-9971
Fax: (310) 391-8971
Web: www.StatModel.com
Support: Support@StatModel.com

Copyright (c) 1998-2023 Muthen & Muthen
