Mplus VERSION 8.9
MUTHEN & MUTHEN
01/22/2025   3:08 PM

INPUT INSTRUCTIONS

  DATA:
    FILE IS "mplus.dat";
  VARIABLE:
    MISSING ARE ALL (-99);
    NAMES ARE id Gender1 Age1 Education_mother1 Education_father1
    unemployed_mother1 unemployed_father1 Fin1 Fin2 Fin3 Personal1
    Personal2 Personal3 Public1 Public2 Public3 Collective1
    Collective2 Collective3 Relational1 Relational2
    Relational3 Autonomy1 Autonomy2 Autonomy3 Relatedness1 Relatedness2
    Relatedness3 Competence1 Competence2 Competence3
    PA1 PA2 PA3 NA1 NA2 NA3 SWLS1 SWLS2 SWLS3;

  usevar =
  Gender1 Age1 Education_mother1 Education_father1
  unemployed_mother1 unemployed_father1 Fin1 Fin2 Fin3
  x1-x3 y1-y3 m1-m3 ;

  define:
  x1 = Relational1;
  x2 = Relational2;
  x3 = Relational3;

  m1 = Competence1;
  m2 = Competence2;
  m3 = Competence3;

  y1 = SWLS1;
  y2 = SWLS2;
  y3 = SWLS3;






  analysis:

  MODEL = NOCOV;
  bootstrap = 10000;


  MODEL:
  RIx BY x1@1 x2@1 x3@1;
  RIy BY y1@1 y2@1 y3@1;
  RIm BY m1@1 m2@1 m3@1;



  wx1 BY x1@1;
  wx2 BY x2@1;
  wx3 BY x3@1;



  wy1 BY y1@1;
  wy2 BY y2@1;
  wy3 BY y3@1;



  wm1 By m1@1;
  wm2 By m2@1;
  wm3 By m3@1;


  x1-m3@0;


  wy2 ON wy1 (a );
  wy3 ON wy2 (a );


  wx2 ON wx1 (b );
  wx3 ON wx2 (b );


  wm2 ON wm1  (c);
  wm3 ON wm2  (c);


  wy2 ON  wx1 wm1  (d e);
  wy3 ON  wx2 wm2  (d e);


  wx2 ON wy1 wm1  (f j);
  wx3 ON wy2 wm2  (f j);


  wm2 ON wx1 wy1   (h i);
  wm3 ON wx2 wy2   (h i);


  RIx RIy RIm  with RIx RIy RIm ;

  wx1 wy1 wm1 with wx1 wy1 wm1;
  wx2 wy2 wm2 with wx2 wy2 wm2 (cov1 cov2 cov3);
  wx3 wy3 wm3 with wx3 wy3 wm3 (cov1 cov2 cov3);

  wx2 (vx); wy2 (vy); wm2 (vm);
  wx3 (vx); wy3 (vy); wm3 (vm);

  x1-m3 on Gender1 Age1 Education_mother1 Education_father1
  unemployed_mother1 unemployed_father1 ;

  x1 y1 m1 on Fin1;
  x2 y2 m2 on Fin2;
  x3 y3 m3 on Fin3;

  Gender1 -Fin3 with Gender1 -Fin3;

  [x1-x3] (mx);
  [m1-m3] (mm);
  [y1-y3] (my);

  model constraint:
  new (ind);
  ind = h*e;

  output: cinterval (boot) stdyx;



*** WARNING in VARIABLE command
  Note that only the first 8 characters of variable names are used in the output.
  Shorten variable names to avoid any confusion.
   1 WARNING(S) FOUND IN THE INPUT INSTRUCTIONS




SUMMARY OF ANALYSIS

Number of groups                                                 1
Number of observations                                         971

Number of dependent variables                                    9
Number of independent variables                                  9
Number of continuous latent variables                           12

Observed dependent variables

  Continuous
   X1          X2          X3          Y1          Y2          Y3
   M1          M2          M3

Observed independent variables
   GENDER1     AGE1        EDUCATIO    EDUCATIO    UNEMPLOY    UNEMPLOY
   FIN1        FIN2        FIN3

Continuous latent variables
   RIX         RIY         RIM         WX1         WX2         WX3
   WY1         WY2         WY3         WM1         WM2         WM3


Estimator                                                       ML
Information matrix                                        OBSERVED
Maximum number of iterations                                  1000
Convergence criterion                                    0.500D-04
Maximum number of steepest descent iterations                   20
Maximum number of iterations for H1                           2000
Convergence criterion for H1                             0.100D-03
Number of bootstrap draws
    Requested                                                10000
    Completed                                                10000

Input data file(s)
  mplus.dat

Input data format  FREE


SUMMARY OF DATA

     Number of missing data patterns            19


COVARIANCE COVERAGE OF DATA

Minimum covariance coverage value   0.100


     PROPORTION OF DATA PRESENT


           Covariance Coverage
              X1            X2            X3            Y1            Y2
              ________      ________      ________      ________      ________
 X1             1.000
 X2             1.000         1.000
 X3             1.000         1.000         1.000
 Y1             1.000         1.000         1.000         1.000
 Y2             1.000         1.000         1.000         1.000         1.000
 Y3             1.000         1.000         1.000         1.000         1.000
 M1             1.000         1.000         1.000         1.000         1.000
 M2             1.000         1.000         1.000         1.000         1.000
 M3             1.000         1.000         1.000         1.000         1.000
 GENDER1        0.998         0.998         0.998         0.998         0.998
 AGE1           0.999         0.999         0.999         0.999         0.999
 EDUCATIO       0.994         0.994         0.994         0.994         0.994
 EDUCATIO       0.991         0.991         0.991         0.991         0.991
 UNEMPLOY       0.992         0.992         0.992         0.992         0.992
 UNEMPLOY       0.974         0.974         0.974         0.974         0.974
 FIN1           0.994         0.994         0.994         0.994         0.994
 FIN2           0.991         0.991         0.991         0.991         0.991
 FIN3           0.991         0.991         0.991         0.991         0.991


           Covariance Coverage
              Y3            M1            M2            M3            GENDER1
              ________      ________      ________      ________      ________
 Y3             1.000
 M1             1.000         1.000
 M2             1.000         1.000         1.000
 M3             1.000         1.000         1.000         1.000
 GENDER1        0.998         0.998         0.998         0.998         0.998
 AGE1           0.999         0.999         0.999         0.999         0.997
 EDUCATIO       0.994         0.994         0.994         0.994         0.992
 EDUCATIO       0.991         0.991         0.991         0.991         0.989
 UNEMPLOY       0.992         0.992         0.992         0.992         0.990
 UNEMPLOY       0.974         0.974         0.974         0.974         0.972
 FIN1           0.994         0.994         0.994         0.994         0.992
 FIN2           0.991         0.991         0.991         0.991         0.990
 FIN3           0.991         0.991         0.991         0.991         0.989


           Covariance Coverage
              AGE1          EDUCATIO      EDUCATIO      UNEMPLOY      UNEMPLOY
              ________      ________      ________      ________      ________
 AGE1           0.999
 EDUCATIO       0.993         0.994
 EDUCATIO       0.990         0.987         0.991
 UNEMPLOY       0.991         0.989         0.984         0.992
 UNEMPLOY       0.973         0.969         0.970         0.968         0.974
 FIN1           0.993         0.989         0.986         0.988         0.969
 FIN2           0.990         0.985         0.981         0.982         0.965
 FIN3           0.990         0.985         0.981         0.982         0.965


           Covariance Coverage
              FIN1          FIN2          FIN3
              ________      ________      ________
 FIN1           0.994
 FIN2           0.986         0.991
 FIN3           0.986         0.984         0.991



UNIVARIATE SAMPLE STATISTICS


     UNIVARIATE HIGHER-ORDER MOMENT DESCRIPTIVE STATISTICS

         Variable/         Mean/     Skewness/   Minimum/ % with                Percentiles
        Sample Size      Variance    Kurtosis    Maximum  Min/Max      20%/60%    40%/80%    Median

     X1                   -0.018      -0.228      -3.919    0.21%      -0.786     -0.276     -0.021
             971.000       0.848       0.343       2.130    0.10%       0.218      0.773
     X2                   -0.015      -0.051      -3.511    0.10%      -0.773     -0.265     -0.076
             971.000       0.854      -0.055       2.293    0.10%       0.167      0.769
     X3                   -0.011      -0.059      -4.326    0.10%      -0.766     -0.327     -0.088
             971.000       0.871       0.122       2.343    0.10%       0.213      0.798
     Y1                    5.197      -0.908       1.000    0.51%       4.333      5.000      5.333
             971.000       1.455       0.746       7.000    4.43%       5.667      6.333
     Y2                    5.307      -0.912       1.000    0.41%       4.333      5.333      5.667
             971.000       1.416       0.731       7.000    5.97%       5.667      6.333
     Y3                    5.309      -0.984       1.000    0.82%       4.333      5.333      5.667
             971.000       1.518       0.898       7.000    7.11%       5.667      6.333
     M1                   -0.013      -0.207      -2.157    0.10%      -0.547     -0.152     -0.037
             971.000       0.426      -0.176       1.305    1.24%       0.156      0.562
     M2                   -0.012      -0.221      -2.427    0.10%      -0.568     -0.153     -0.024
             971.000       0.500       0.061       1.414    2.47%       0.149      0.590
     M3                   -0.011      -0.082      -2.110    0.10%      -0.624     -0.206     -0.045
             971.000       0.507      -0.375       1.425    2.16%       0.159      0.607
     GENDER1               0.646      -0.611       0.000   35.40%       0.000      1.000      1.000
             969.000       0.229      -1.627       1.000   64.60%       1.000      1.000
     AGE1                 15.638      -0.547      15.000   36.29%      15.000     16.000     16.000
             970.000       0.233      -1.625      17.000    0.10%      16.000     16.000
     EDUCATION_MOTHE       3.907      -0.084       1.000    0.31%       3.000      3.000      4.000
             965.000       0.945      -1.378       5.000   39.17%       4.000      5.000
     EDUCATION_FATHE       3.754       0.093       1.000    0.62%       3.000      3.000      3.000
             962.000       0.984      -1.211       5.000   33.78%       4.000      5.000
     UNEMPLOYED_MOTH       0.154       1.921       0.000   84.63%       0.000      0.000      0.000
             963.000       0.130       1.688       1.000   15.37%       0.000      0.000
     UNEMPLOYED_FATH       0.070       3.378       0.000   93.02%       0.000      0.000      0.000
             946.000       0.065       9.408       1.000    6.98%       0.000      0.000
     FIN1                  3.754      -0.071       1.000    0.31%       3.000      3.000      4.000
             965.000       0.726      -0.634       5.000   21.55%       4.000      5.000
     FIN2                  3.777      -0.071       1.000    0.42%       3.000      4.000      4.000
             962.000       0.685      -0.517       5.000   21.21%       4.000      5.000
     FIN3                  3.756      -0.179       1.000    0.94%       3.000      3.000      4.000
             962.000       0.750      -0.296       5.000   21.93%       4.000      5.000


THE MODEL ESTIMATION TERMINATED NORMALLY



MODEL FIT INFORMATION

Number of Free Parameters                      147

Loglikelihood

          H0 Value                      -16706.009
          H1 Value                      -16614.139

Information Criteria

          Akaike (AIC)                   33706.018
          Bayesian (BIC)                 34423.132
          Sample-Size Adjusted BIC       33956.260
            (n* = (n + 2) / 24)

Chi-Square Test of Model Fit

          Value                            183.740
          Degrees of Freedom                    42
          P-Value                           0.0000

RMSEA (Root Mean Square Error Of Approximation)

          Estimate                           0.059
          90 Percent C.I.                    0.050  0.068
          Probability RMSEA <= .05           0.043

CFI/TLI

          CFI                                0.967
          TLI                                0.907

Chi-Square Test of Model Fit for the Baseline Model

          Value                           4380.628
          Degrees of Freedom                   117
          P-Value                           0.0000

SRMR (Standardized Root Mean Square Residual)

          Value                              0.051



MODEL RESULTS

                                                    Two-Tailed
                    Estimate       S.E.  Est./S.E.    P-Value

 RIX      BY
    X1                 1.000      0.000    999.000    999.000
    X2                 1.000      0.000    999.000    999.000
    X3                 1.000      0.000    999.000    999.000

 RIY      BY
    Y1                 1.000      0.000    999.000    999.000
    Y2                 1.000      0.000    999.000    999.000
    Y3                 1.000      0.000    999.000    999.000

 RIM      BY
    M1                 1.000      0.000    999.000    999.000
    M2                 1.000      0.000    999.000    999.000
    M3                 1.000      0.000    999.000    999.000

 WX1      BY
    X1                 1.000      0.000    999.000    999.000

 WX2      BY
    X2                 1.000      0.000    999.000    999.000

 WX3      BY
    X3                 1.000      0.000    999.000    999.000

 WY1      BY
    Y1                 1.000      0.000    999.000    999.000

 WY2      BY
    Y2                 1.000      0.000    999.000    999.000

 WY3      BY
    Y3                 1.000      0.000    999.000    999.000

 WM1      BY
    M1                 1.000      0.000    999.000    999.000

 WM2      BY
    M2                 1.000      0.000    999.000    999.000

 WM3      BY
    M3                 1.000      0.000    999.000    999.000

 WY2      ON
    WY1                0.180      0.074      2.430      0.015
    WX1                0.033      0.059      0.558      0.577
    WM1                0.049      0.094      0.516      0.606

 WY3      ON
    WY2                0.180      0.074      2.430      0.015
    WX2                0.033      0.059      0.558      0.577
    WM2                0.049      0.094      0.516      0.606

 WX2      ON
    WX1                0.136      0.071      1.915      0.055
    WY1                0.056      0.036      1.571      0.116
    WM1                0.131      0.070      1.864      0.062

 WX3      ON
    WX2                0.136      0.071      1.915      0.055
    WY2                0.056      0.036      1.571      0.116
    WM2                0.131      0.070      1.864      0.062

 WM2      ON
    WM1                0.300      0.063      4.751      0.000
    WX1                0.027      0.032      0.848      0.397
    WY1                0.033      0.021      1.559      0.119

 WM3      ON
    WM2                0.300      0.063      4.751      0.000
    WX2                0.027      0.032      0.848      0.397
    WY2                0.033      0.021      1.559      0.119

 X1       ON
    GENDER1            0.511      0.061      8.335      0.000
    AGE1               0.054      0.052      1.039      0.299
    EDUCATION_         0.022      0.034      0.652      0.514
    EDUCATION_         0.061      0.032      1.885      0.059
    UNEMPLOYED        -0.016      0.080     -0.202      0.840
    UNEMPLOYED         0.124      0.103      1.200      0.230
    FIN1               0.054      0.031      1.723      0.085

 X2       ON
    GENDER1            0.362      0.062      5.808      0.000
    AGE1               0.050      0.052      0.950      0.342
    EDUCATION_         0.034      0.036      0.934      0.350
    EDUCATION_         0.052      0.035      1.503      0.133
    UNEMPLOYED         0.054      0.081      0.664      0.507
    UNEMPLOYED         0.099      0.107      0.929      0.353
    FIN2               0.090      0.034      2.675      0.007

 X3       ON
    GENDER1            0.370      0.062      6.008      0.000
    AGE1               0.053      0.052      1.018      0.309
    EDUCATION_         0.056      0.036      1.566      0.117
    EDUCATION_         0.041      0.034      1.183      0.237
    UNEMPLOYED         0.071      0.082      0.868      0.385
    UNEMPLOYED         0.070      0.104      0.675      0.500
    FIN3               0.065      0.035      1.867      0.062

 Y1       ON
    GENDER1           -0.267      0.073     -3.673      0.000
    AGE1               0.125      0.059      2.136      0.033
    EDUCATION_        -0.029      0.046     -0.626      0.531
    EDUCATION_         0.011      0.047      0.240      0.810
    UNEMPLOYED        -0.146      0.115     -1.273      0.203
    UNEMPLOYED         0.138      0.154      0.898      0.369
    FIN1               0.433      0.042     10.258      0.000

 Y2       ON
    GENDER1           -0.127      0.073     -1.744      0.081
    AGE1               0.106      0.059      1.800      0.072
    EDUCATION_         0.039      0.043      0.906      0.365
    EDUCATION_         0.031      0.045      0.688      0.491
    UNEMPLOYED        -0.123      0.110     -1.117      0.264
    UNEMPLOYED        -0.001      0.143     -0.007      0.994
    FIN2               0.424      0.041     10.273      0.000

 Y3       ON
    GENDER1            0.019      0.076      0.249      0.803
    AGE1               0.071      0.059      1.204      0.229
    EDUCATION_         0.033      0.042      0.790      0.429
    EDUCATION_         0.041      0.041      1.020      0.308
    UNEMPLOYED        -0.033      0.103     -0.316      0.752
    UNEMPLOYED         0.051      0.146      0.350      0.726
    FIN3               0.540      0.044     12.344      0.000

 M1       ON
    GENDER1           -0.156      0.042     -3.681      0.000
    AGE1               0.076      0.039      1.948      0.051
    EDUCATION_        -0.023      0.025     -0.903      0.367
    EDUCATION_         0.023      0.024      0.957      0.339
    UNEMPLOYED         0.017      0.061      0.282      0.778
    UNEMPLOYED         0.184      0.089      2.079      0.038
    FIN1               0.107      0.022      4.952      0.000

 M2       ON
    GENDER1           -0.155      0.046     -3.373      0.001
    AGE1               0.073      0.039      1.876      0.061
    EDUCATION_        -0.006      0.026     -0.222      0.824
    EDUCATION_         0.017      0.027      0.640      0.522
    UNEMPLOYED         0.012      0.067      0.179      0.858
    UNEMPLOYED        -0.002      0.093     -0.022      0.983
    FIN2               0.110      0.023      4.857      0.000

 M3       ON
    GENDER1           -0.107      0.048     -2.247      0.025
    AGE1               0.072      0.039      1.847      0.065
    EDUCATION_         0.003      0.027      0.116      0.908
    EDUCATION_         0.010      0.026      0.382      0.703
    UNEMPLOYED        -0.043      0.065     -0.656      0.512
    UNEMPLOYED         0.142      0.090      1.584      0.113
    FIN3               0.105      0.025      4.251      0.000

 RIX      WITH
    RIY                0.050      0.031      1.614      0.107
    RIM                0.046      0.020      2.302      0.021

 RIY      WITH
    RIM                0.179      0.026      6.806      0.000

 WX1      WITH
    WY1                0.029      0.030      0.995      0.320
    WM1                0.049      0.017      2.854      0.004

 WY1      WITH
    WM1                0.078      0.027      2.854      0.004

 WX2      WITH
    WY2                0.061      0.022      2.728      0.006
    WM2                0.059      0.012      4.754      0.000

 WY2      WITH
    WM2                0.094      0.015      6.249      0.000

 WX3      WITH
    WY3                0.061      0.022      2.728      0.006
    WM3                0.059      0.012      4.754      0.000

 WY3      WITH
    WM3                0.094      0.015      6.249      0.000

 GENDER1  WITH
    AGE1              -0.001      0.007     -0.075      0.940
    EDUCATION_        -0.036      0.015     -2.398      0.016
    EDUCATION_        -0.022      0.015     -1.474      0.140
    UNEMPLOYED        -0.003      0.006     -0.476      0.634
    UNEMPLOYED        -0.002      0.004     -0.424      0.671
    FIN1               0.014      0.013      1.033      0.301
    FIN2              -0.002      0.013     -0.129      0.897
    FIN3               0.005      0.014      0.401      0.689

 AGE1     WITH
    EDUCATION_        -0.037      0.015     -2.440      0.015
    EDUCATION_        -0.018      0.015     -1.178      0.239
    UNEMPLOYED         0.012      0.005      2.225      0.026
    UNEMPLOYED         0.002      0.004      0.435      0.663
    FIN1              -0.005      0.013     -0.407      0.684
    FIN2              -0.010      0.013     -0.788      0.431
    FIN3              -0.012      0.014     -0.897      0.369

 EDUCATIO WITH
    EDUCATION_         0.452      0.030     14.927      0.000
    UNEMPLOYED        -0.088      0.012     -7.484      0.000
    UNEMPLOYED        -0.024      0.009     -2.745      0.006
    FIN1               0.116      0.027      4.302      0.000
    FIN2               0.130      0.026      5.040      0.000
    FIN3               0.134      0.027      4.914      0.000

 EDUCATIO WITH
    UNEMPLOYED        -0.057      0.011     -4.935      0.000
    UNEMPLOYED        -0.031      0.007     -4.083      0.000
    FIN1               0.145      0.028      5.238      0.000
    FIN2               0.173      0.026      6.602      0.000
    FIN3               0.183      0.027      6.779      0.000

 UNEMPLOY WITH
    UNEMPLOYED         0.013      0.004      3.272      0.001
    FIN1              -0.033      0.011     -2.989      0.003
    FIN2              -0.029      0.010     -2.857      0.004
    FIN3              -0.040      0.010     -3.828      0.000

 UNEMPLOY WITH
    FIN1              -0.026      0.008     -3.169      0.002
    FIN2              -0.020      0.007     -2.984      0.003
    FIN3              -0.020      0.008     -2.663      0.008

 FIN1     WITH
    FIN2               0.505      0.025     20.381      0.000
    FIN3               0.484      0.025     19.229      0.000

 FIN2     WITH
    FIN3               0.504      0.024     20.775      0.000

 Means
    GENDER1            0.646      0.015     42.403      0.000
    AGE1              15.638      0.016   1007.238      0.000
    EDUCATION_         3.907      0.031    124.284      0.000
    EDUCATION_         3.754      0.032    116.472      0.000
    UNEMPLOYED         0.154      0.012     13.356      0.000
    UNEMPLOYED         0.070      0.008      8.373      0.000
    FIN1               3.756      0.027    138.430      0.000
    FIN2               3.776      0.027    141.586      0.000
    FIN3               3.754      0.028    133.470      0.000

 Intercepts
    X1                -1.712      0.840     -2.039      0.041
    X2                -1.712      0.840     -2.039      0.041
    X3                -1.712      0.840     -2.039      0.041
    Y1                 1.873      0.941      1.990      0.047
    Y2                 1.873      0.941      1.990      0.047
    Y3                 1.873      0.941      1.990      0.047
    M1                -1.511      0.625     -2.418      0.016
    M2                -1.511      0.625     -2.418      0.016
    M3                -1.511      0.625     -2.418      0.016

 Variances
    GENDER1            0.229      0.004     51.294      0.000
    AGE1               0.233      0.005     50.732      0.000
    EDUCATION_         0.946      0.024     38.646      0.000
    EDUCATION_         0.983      0.028     34.914      0.000
    UNEMPLOYED         0.130      0.008     16.315      0.000
    UNEMPLOYED         0.065      0.007      9.063      0.000
    FIN1               0.727      0.028     26.422      0.000
    FIN2               0.684      0.027     25.757      0.000
    FIN3               0.750      0.032     23.564      0.000
    RIX                0.408      0.037     11.154      0.000
    RIY                0.495      0.059      8.321      0.000
    RIM                0.236      0.022     10.837      0.000
    WX1                0.379      0.038     10.018      0.000
    WY1                0.684      0.078      8.739      0.000
    WM1                0.157      0.020      7.811      0.000

 Residual Variances
    X1                 0.000      0.000    999.000    999.000
    X2                 0.000      0.000    999.000    999.000
    X3                 0.000      0.000    999.000    999.000
    Y1                 0.000      0.000    999.000    999.000
    Y2                 0.000      0.000    999.000    999.000
    Y3                 0.000      0.000    999.000    999.000
    M1                 0.000      0.000    999.000    999.000
    M2                 0.000      0.000    999.000    999.000
    M3                 0.000      0.000    999.000    999.000
    WX2                0.390      0.027     14.412      0.000
    WX3                0.390      0.027     14.412      0.000
    WY2                0.640      0.061     10.485      0.000
    WY3                0.640      0.061     10.485      0.000
    WM2                0.221      0.011     19.390      0.000
    WM3                0.221      0.011     19.390      0.000

New/Additional Parameters
    IND                0.001      0.004      0.319      0.750


STANDARDIZED MODEL RESULTS


STDYX Standardization

                                                    Two-Tailed
                    Estimate       S.E.  Est./S.E.    P-Value

 RIX      BY
    X1                 0.691      0.029     23.667      0.000
    X2                 0.691      0.028     24.750      0.000
    X3                 0.690      0.029     24.053      0.000

 RIY      BY
    Y1                 0.609      0.037     16.522      0.000
    Y2                 0.615      0.038     16.225      0.000
    Y3                 0.595      0.037     16.036      0.000

 RIM      BY
    M1                 0.759      0.032     24.061      0.000
    M2                 0.694      0.027     26.004      0.000
    M3                 0.689      0.028     24.674      0.000

 WX1      BY
    X1                 0.666      0.028     23.684      0.000

 WX2      BY
    X2                 0.689      0.028     24.686      0.000

 WX3      BY
    X3                 0.691      0.028     24.423      0.000

 WY1      BY
    Y1                 0.716      0.031     22.783      0.000

 WY2      BY
    Y2                 0.713      0.033     21.577      0.000

 WY3      BY
    Y3                 0.690      0.033     21.149      0.000

 WM1      BY
    M1                 0.619      0.038     16.493      0.000

 WM2      BY
    M2                 0.698      0.026     27.205      0.000

 WM3      BY
    M3                 0.706      0.027     26.419      0.000

 WY2      ON
    WY1                0.183      0.072      2.525      0.012
    WX1                0.025      0.045      0.557      0.577
    WM1                0.024      0.046      0.508      0.611

 WY3      ON
    WY2                0.180      0.074      2.436      0.015
    WX2                0.026      0.046      0.557      0.578
    WM2                0.029      0.057      0.511      0.609

 WX2      ON
    WX1                0.132      0.069      1.917      0.055
    WY1                0.073      0.047      1.560      0.119
    WM1                0.082      0.045      1.819      0.069

 WX3      ON
    WX2                0.135      0.071      1.921      0.055
    WY2                0.072      0.046      1.573      0.116
    WM2                0.100      0.054      1.866      0.062

 WM2      ON
    WM1                0.243      0.056      4.322      0.000
    WX1                0.034      0.041      0.843      0.399
    WY1                0.056      0.036      1.550      0.121

 WM3      ON
    WM2                0.295      0.061      4.868      0.000
    WX2                0.035      0.042      0.838      0.402
    WY2                0.054      0.035      1.552      0.121

 X1       ON
    GENDER1            0.265      0.030      8.831      0.000
    AGE1               0.028      0.027      1.039      0.299
    EDUCATION_         0.023      0.035      0.654      0.513
    EDUCATION_         0.065      0.034      1.889      0.059
    UNEMPLOYED        -0.006      0.031     -0.203      0.839
    UNEMPLOYED         0.034      0.028      1.212      0.226
    FIN1               0.050      0.029      1.733      0.083

 X2       ON
    GENDER1            0.187      0.031      5.960      0.000
    AGE1               0.026      0.027      0.951      0.342
    EDUCATION_         0.036      0.038      0.935      0.350
    EDUCATION_         0.056      0.037      1.509      0.131
    UNEMPLOYED         0.021      0.032      0.666      0.505
    UNEMPLOYED         0.027      0.029      0.936      0.350
    FIN2               0.081      0.030      2.685      0.007

 X3       ON
    GENDER1            0.191      0.031      6.145      0.000
    AGE1               0.028      0.027      1.018      0.309
    EDUCATION_         0.059      0.038      1.567      0.117
    EDUCATION_         0.044      0.037      1.185      0.236
    UNEMPLOYED         0.028      0.032      0.870      0.384
    UNEMPLOYED         0.019      0.028      0.680      0.497
    FIN3               0.061      0.032      1.879      0.060

 Y1       ON
    GENDER1           -0.111      0.030     -3.723      0.000
    AGE1               0.052      0.025      2.131      0.033
    EDUCATION_        -0.024      0.039     -0.627      0.531
    EDUCATION_         0.010      0.040      0.240      0.810
    UNEMPLOYED        -0.046      0.035     -1.287      0.198
    UNEMPLOYED         0.031      0.034      0.903      0.367
    FIN1               0.319      0.032      9.901      0.000

 Y2       ON
    GENDER1           -0.053      0.030     -1.751      0.080
    AGE1               0.045      0.025      1.797      0.072
    EDUCATION_         0.033      0.036      0.906      0.365
    EDUCATION_         0.027      0.039      0.690      0.490
    UNEMPLOYED        -0.039      0.035     -1.125      0.261
    UNEMPLOYED         0.000      0.032     -0.007      0.994
    FIN2               0.307      0.030     10.283      0.000

 Y3       ON
    GENDER1            0.008      0.031      0.249      0.803
    AGE1               0.029      0.024      1.203      0.229
    EDUCATION_         0.027      0.035      0.791      0.429
    EDUCATION_         0.035      0.034      1.025      0.305
    UNEMPLOYED        -0.010      0.031     -0.317      0.751
    UNEMPLOYED         0.011      0.031      0.353      0.724
    FIN3               0.396      0.031     12.938      0.000

 M1       ON
    GENDER1           -0.117      0.031     -3.720      0.000
    AGE1               0.057      0.029      1.953      0.051
    EDUCATION_        -0.035      0.039     -0.904      0.366
    EDUCATION_         0.036      0.037      0.958      0.338
    UNEMPLOYED         0.010      0.034      0.283      0.778
    UNEMPLOYED         0.073      0.035      2.086      0.037
    FIN1               0.142      0.029      4.924      0.000

 M2       ON
    GENDER1           -0.106      0.031     -3.420      0.001
    AGE1               0.050      0.027      1.876      0.061
    EDUCATION_        -0.008      0.037     -0.222      0.824
    EDUCATION_         0.024      0.038      0.640      0.522
    UNEMPLOYED         0.006      0.034      0.179      0.858
    UNEMPLOYED        -0.001      0.034     -0.022      0.983
    FIN2               0.130      0.027      4.850      0.000

 M3       ON
    GENDER1           -0.073      0.032     -2.260      0.024
    AGE1               0.049      0.027      1.847      0.065
    EDUCATION_         0.004      0.037      0.116      0.908
    EDUCATION_         0.014      0.037      0.382      0.703
    UNEMPLOYED        -0.022      0.033     -0.658      0.511
    UNEMPLOYED         0.051      0.032      1.589      0.112
    FIN3               0.129      0.030      4.316      0.000

 RIX      WITH
    RIY                0.112      0.070      1.590      0.112
    RIM                0.150      0.063      2.387      0.017

 RIY      WITH
    RIM                0.523      0.060      8.717      0.000

 WX1      WITH
    WY1                0.058      0.057      1.009      0.313
    WM1                0.201      0.063      3.172      0.002

 WY1      WITH
    WM1                0.238      0.072      3.313      0.001

 WX2      WITH
    WY2                0.123      0.046      2.684      0.007
    WM2                0.200      0.041      4.888      0.000

 WY2      WITH
    WM2                0.250      0.040      6.279      0.000

 WX3      WITH
    WY3                0.123      0.046      2.684      0.007
    WM3                0.200      0.041      4.888      0.000

 WY3      WITH
    WM3                0.250      0.040      6.279      0.000

 GENDER1  WITH
    AGE1              -0.002      0.032     -0.075      0.940
    EDUCATION_        -0.077      0.032     -2.394      0.017
    EDUCATION_        -0.046      0.032     -1.474      0.140
    UNEMPLOYED        -0.015      0.032     -0.475      0.635
    UNEMPLOYED        -0.014      0.033     -0.424      0.672
    FIN1               0.033      0.032      1.034      0.301
    FIN2              -0.004      0.033     -0.129      0.897
    FIN3               0.013      0.033      0.401      0.689

 AGE1     WITH
    EDUCATION_        -0.078      0.032     -2.437      0.015
    EDUCATION_        -0.038      0.032     -1.176      0.240
    UNEMPLOYED         0.069      0.031      2.239      0.025
    UNEMPLOYED         0.014      0.032      0.435      0.664
    FIN1              -0.013      0.032     -0.407      0.684
    FIN2              -0.025      0.032     -0.788      0.431
    FIN3              -0.029      0.032     -0.899      0.369

 EDUCATIO WITH
    EDUCATION_         0.469      0.028     16.550      0.000
    UNEMPLOYED        -0.250      0.030     -8.360      0.000
    UNEMPLOYED        -0.096      0.034     -2.844      0.004
    FIN1               0.140      0.032      4.374      0.000
    FIN2               0.161      0.032      5.123      0.000
    FIN3               0.159      0.032      4.963      0.000

 EDUCATIO WITH
    UNEMPLOYED        -0.158      0.031     -5.173      0.000
    UNEMPLOYED        -0.121      0.027     -4.457      0.000
    FIN1               0.172      0.032      5.286      0.000
    FIN2               0.211      0.031      6.822      0.000
    FIN3               0.213      0.031      6.984      0.000

 UNEMPLOY WITH
    UNEMPLOYED         0.146      0.042      3.483      0.000
    FIN1              -0.106      0.035     -3.048      0.002
    FIN2              -0.096      0.033     -2.892      0.004
    FIN3              -0.128      0.033     -3.937      0.000

 UNEMPLOY WITH
    FIN1              -0.122      0.036     -3.350      0.001
    FIN2              -0.094      0.030     -3.128      0.002
    FIN3              -0.091      0.033     -2.761      0.006

 FIN1     WITH
    FIN2               0.715      0.019     38.334      0.000
    FIN3               0.656      0.024     27.907      0.000

 FIN2     WITH
    FIN3               0.703      0.021     33.415      0.000

 Means
    GENDER1            1.351      0.045     29.917      0.000
    AGE1              32.399      0.350     92.494      0.000
    EDUCATION_         4.017      0.064     62.462      0.000
    EDUCATION_         3.786      0.060     63.219      0.000
    UNEMPLOYED         0.427      0.019     22.553      0.000
    UNEMPLOYED         0.274      0.018     15.493      0.000
    FIN1               4.404      0.091     48.140      0.000
    FIN2               4.567      0.096     47.438      0.000
    FIN3               4.336      0.102     42.321      0.000

 Intercepts
    X1                -1.853      0.904     -2.050      0.040
    X2                -1.853      0.906     -2.046      0.041
    X3                -1.849      0.904     -2.047      0.041
    Y1                 1.622      0.818      1.982      0.047
    Y2                 1.638      0.826      1.985      0.047
    Y3                 1.585      0.799      1.984      0.047
    M1                -2.363      0.975     -2.424      0.015
    M2                -2.158      0.893     -2.418      0.016
    M3                -2.145      0.887     -2.417      0.016

 Variances
    GENDER1            1.000      0.000    999.000    999.000
    AGE1               1.000      0.000    999.000    999.000
    EDUCATION_         1.000      0.000    999.000    999.000
    EDUCATION_         1.000      0.000    999.000    999.000
    UNEMPLOYED         1.000      0.000    999.000    999.000
    UNEMPLOYED         1.000      0.000    999.000    999.000
    FIN1               1.000      0.000    999.000    999.000
    FIN2               1.000      0.000    999.000    999.000
    FIN3               1.000      0.000    999.000    999.000
    RIX                1.000      0.000    999.000    999.000
    RIY                1.000      0.000    999.000    999.000
    RIM                1.000      0.000    999.000    999.000
    WX1                1.000      0.000    999.000    999.000
    WY1                1.000      0.000    999.000    999.000
    WM1                1.000      0.000    999.000    999.000

 Residual Variances
    X1                 0.000      0.000      0.000      1.000
    X2                 0.000      0.000      0.000      1.000
    X3                 0.000      0.000      0.000      1.000
    Y1                 0.000      0.000      0.000      1.000
    Y2                 0.000      0.000      0.000      1.000
    Y3                 0.000      0.000      0.000      1.000
    M1                 0.000      0.000      0.000      1.000
    M2                 0.000      0.000      0.000      1.000
    M3                 0.000      0.000      0.000      1.000
    WX2                0.962      0.025     38.423      0.000
    WX3                0.954      0.029     32.346      0.000
    WY2                0.963      0.027     35.890      0.000
    WY3                0.962      0.028     34.615      0.000
    WM2                0.927      0.031     29.700      0.000
    WM3                0.895      0.038     23.453      0.000


R-SQUARE

    Observed                                        Two-Tailed
    Variable        Estimate       S.E.  Est./S.E.    P-Value

    X1                 1.000      0.000    999.000    999.000
    X2                 1.000      0.000    999.000    999.000
    X3                 1.000      0.000    999.000    999.000
    Y1                 1.000      0.000    999.000    999.000
    Y2                 1.000      0.000    999.000    999.000
    Y3                 1.000      0.000    999.000    999.000
    M1                 1.000      0.000    999.000    999.000
    M2                 1.000      0.000    999.000    999.000
    M3                 1.000      0.000    999.000    999.000

     Latent                                         Two-Tailed
    Variable        Estimate       S.E.  Est./S.E.    P-Value

    WX2                0.038      0.025      1.501      0.133
    WX3                0.046      0.029      1.574      0.115
    WY2                0.037      0.027      1.391      0.164
    WY3                0.038      0.028      1.380      0.168
    WM2                0.073      0.031      2.347      0.019
    WM3                0.105      0.038      2.741      0.006


CONFIDENCE INTERVALS OF MODEL RESULTS

                  Lower .5%  Lower 2.5%    Lower 5%    Estimate    Upper 5%  Upper 2.5%   Upper .5%

 RIX      BY
    X1               1.000       1.000       1.000       1.000       1.000       1.000       1.000
    X2               1.000       1.000       1.000       1.000       1.000       1.000       1.000
    X3               1.000       1.000       1.000       1.000       1.000       1.000       1.000

 RIY      BY
    Y1               1.000       1.000       1.000       1.000       1.000       1.000       1.000
    Y2               1.000       1.000       1.000       1.000       1.000       1.000       1.000
    Y3               1.000       1.000       1.000       1.000       1.000       1.000       1.000

 RIM      BY
    M1               1.000       1.000       1.000       1.000       1.000       1.000       1.000
    M2               1.000       1.000       1.000       1.000       1.000       1.000       1.000
    M3               1.000       1.000       1.000       1.000       1.000       1.000       1.000

 WX1      BY
    X1               1.000       1.000       1.000       1.000       1.000       1.000       1.000

 WX2      BY
    X2               1.000       1.000       1.000       1.000       1.000       1.000       1.000

 WX3      BY
    X3               1.000       1.000       1.000       1.000       1.000       1.000       1.000

 WY1      BY
    Y1               1.000       1.000       1.000       1.000       1.000       1.000       1.000

 WY2      BY
    Y2               1.000       1.000       1.000       1.000       1.000       1.000       1.000

 WY3      BY
    Y3               1.000       1.000       1.000       1.000       1.000       1.000       1.000

 WM1      BY
    M1               1.000       1.000       1.000       1.000       1.000       1.000       1.000

 WM2      BY
    M2               1.000       1.000       1.000       1.000       1.000       1.000       1.000

 WM3      BY
    M3               1.000       1.000       1.000       1.000       1.000       1.000       1.000

 WY2      ON
    WY1             -0.007       0.034       0.059       0.180       0.301       0.323       0.375
    WX1             -0.123      -0.083      -0.065       0.033       0.130       0.150       0.184
    WM1             -0.208      -0.146      -0.113       0.049       0.195       0.227       0.286

 WY3      ON
    WY2             -0.007       0.034       0.059       0.180       0.301       0.323       0.375
    WX2             -0.123      -0.083      -0.065       0.033       0.130       0.150       0.184
    WM2             -0.208      -0.146      -0.113       0.049       0.195       0.227       0.286

 WX2      ON
    WX1             -0.043       0.002       0.021       0.136       0.257       0.279       0.326
    WY1             -0.038      -0.016      -0.004       0.056       0.114       0.125       0.149
    WM1             -0.051      -0.009       0.012       0.131       0.246       0.266       0.311

 WX3      ON
    WX2             -0.043       0.002       0.021       0.136       0.257       0.279       0.326
    WY2             -0.038      -0.016      -0.004       0.056       0.114       0.125       0.149
    WM2             -0.051      -0.009       0.012       0.131       0.246       0.266       0.311

 WM2      ON
    WM1              0.141       0.176       0.197       0.300       0.406       0.425       0.467
    WX1             -0.054      -0.035      -0.025       0.027       0.081       0.091       0.112
    WY1             -0.023      -0.010      -0.004       0.033       0.066       0.072       0.086

 WM3      ON
    WM2              0.141       0.176       0.197       0.300       0.406       0.425       0.467
    WX2             -0.054      -0.035      -0.025       0.027       0.081       0.091       0.112
    WY2             -0.023      -0.010      -0.004       0.033       0.066       0.072       0.086

 X1       ON
    GENDER1          0.353       0.390       0.410       0.511       0.611       0.630       0.666
    AGE1            -0.077      -0.048      -0.032       0.054       0.140       0.157       0.188
    EDUCATION_      -0.062      -0.042      -0.033       0.022       0.077       0.089       0.110
    EDUCATION_      -0.022      -0.002       0.008       0.061       0.113       0.123       0.145
    UNEMPLOYED      -0.223      -0.172      -0.148      -0.016       0.118       0.145       0.195
    UNEMPLOYED      -0.136      -0.074      -0.043       0.124       0.297       0.333       0.403
    FIN1            -0.026      -0.008       0.002       0.054       0.105       0.114       0.135

 X2       ON
    GENDER1          0.198       0.242       0.261       0.362       0.467       0.486       0.524
    AGE1            -0.084      -0.053      -0.037       0.050       0.136       0.153       0.184
    EDUCATION_      -0.061      -0.037      -0.026       0.034       0.094       0.105       0.126
    EDUCATION_      -0.038      -0.015      -0.004       0.052       0.108       0.120       0.143
    UNEMPLOYED      -0.154      -0.103      -0.077       0.054       0.193       0.217       0.269
    UNEMPLOYED      -0.165      -0.110      -0.074       0.099       0.277       0.313       0.380
    FIN2             0.005       0.024       0.034       0.090       0.146       0.156       0.177

 X3       ON
    GENDER1          0.211       0.250       0.270       0.370       0.472       0.490       0.529
    AGE1            -0.080      -0.051      -0.033       0.053       0.139       0.155       0.186
    EDUCATION_      -0.035      -0.014      -0.003       0.056       0.115       0.126       0.150
    EDUCATION_      -0.050      -0.027      -0.016       0.041       0.097       0.108       0.131
    UNEMPLOYED      -0.142      -0.088      -0.062       0.071       0.210       0.234       0.272
    UNEMPLOYED      -0.202      -0.130      -0.101       0.070       0.244       0.278       0.335
    FIN3            -0.024      -0.003       0.009       0.065       0.122       0.133       0.159

 Y1       ON
    GENDER1         -0.454      -0.410      -0.386      -0.267      -0.148      -0.125      -0.081
    AGE1            -0.027       0.011       0.029       0.125       0.222       0.240       0.275
    EDUCATION_      -0.148      -0.119      -0.105      -0.029       0.047       0.061       0.087
    EDUCATION_      -0.105      -0.078      -0.064       0.011       0.090       0.104       0.134
    UNEMPLOYED      -0.459      -0.374      -0.336      -0.146       0.043       0.076       0.136
    UNEMPLOYED      -0.272      -0.178      -0.121       0.138       0.385       0.432       0.530
    FIN1             0.323       0.350       0.363       0.433       0.501       0.514       0.538

 Y2       ON
    GENDER1         -0.313      -0.268      -0.247      -0.127      -0.006       0.016       0.057
    AGE1            -0.049      -0.010       0.011       0.106       0.204       0.224       0.258
    EDUCATION_      -0.075      -0.046      -0.032       0.039       0.109       0.121       0.145
    EDUCATION_      -0.084      -0.056      -0.043       0.031       0.106       0.123       0.151
    UNEMPLOYED      -0.403      -0.338      -0.305      -0.123       0.060       0.093       0.157
    UNEMPLOYED      -0.402      -0.292      -0.242      -0.001       0.228       0.270       0.349
    FIN2             0.314       0.342       0.356       0.424       0.492       0.505       0.528

 Y3       ON
    GENDER1         -0.171      -0.130      -0.106       0.019       0.145       0.167       0.218
    AGE1            -0.084      -0.044      -0.026       0.071       0.169       0.189       0.223
    EDUCATION_      -0.077      -0.049      -0.036       0.033       0.103       0.115       0.138
    EDUCATION_      -0.062      -0.036      -0.025       0.041       0.109       0.122       0.144
    UNEMPLOYED      -0.299      -0.235      -0.202      -0.033       0.137       0.170       0.232
    UNEMPLOYED      -0.351      -0.243      -0.191       0.051       0.287       0.326       0.405
    FIN3             0.430       0.456       0.469       0.540       0.612       0.625       0.655

 M1       ON
    GENDER1         -0.269      -0.240      -0.226      -0.156      -0.088      -0.074      -0.050
    AGE1            -0.023      -0.001       0.012       0.076       0.140       0.152       0.177
    EDUCATION_      -0.088      -0.073      -0.064      -0.023       0.019       0.027       0.041
    EDUCATION_      -0.041      -0.024      -0.017       0.023       0.063       0.071       0.085
    UNEMPLOYED      -0.141      -0.103      -0.082       0.017       0.117       0.135       0.173
    UNEMPLOYED      -0.045       0.010       0.038       0.184       0.329       0.356       0.414
    FIN1             0.051       0.065       0.071       0.107       0.142       0.149       0.164

 M2       ON
    GENDER1         -0.274      -0.246      -0.232      -0.155      -0.081      -0.066      -0.037
    AGE1            -0.026      -0.004       0.010       0.073       0.138       0.149       0.173
    EDUCATION_      -0.073      -0.058      -0.049      -0.006       0.038       0.046       0.063
    EDUCATION_      -0.052      -0.036      -0.027       0.017       0.060       0.068       0.085
    UNEMPLOYED      -0.165      -0.118      -0.097       0.012       0.121       0.145       0.182
    UNEMPLOYED      -0.248      -0.188      -0.154      -0.002       0.153       0.184       0.237
    FIN2             0.053       0.066       0.073       0.110       0.147       0.155       0.168

 M3       ON
    GENDER1         -0.236      -0.203      -0.188      -0.107      -0.030      -0.015       0.011
    AGE1            -0.028      -0.004       0.007       0.072       0.135       0.148       0.171
    EDUCATION_      -0.066      -0.050      -0.042       0.003       0.047       0.055       0.070
    EDUCATION_      -0.060      -0.043      -0.034       0.010       0.054       0.063       0.079
    UNEMPLOYED      -0.209      -0.174      -0.151      -0.043       0.063       0.084       0.129
    UNEMPLOYED      -0.105      -0.037      -0.005       0.142       0.287       0.314       0.372
    FIN3             0.042       0.057       0.065       0.105       0.146       0.154       0.169

 RIX      WITH
    RIY             -0.033      -0.012      -0.001       0.050       0.101       0.110       0.129
    RIM             -0.009       0.005       0.011       0.046       0.078       0.084       0.095

 RIY      WITH
    RIM              0.108       0.125       0.133       0.179       0.219       0.228       0.245

 WX1      WITH
    WY1             -0.047      -0.028      -0.020       0.029       0.078       0.088       0.108
    WM1              0.008       0.018       0.022       0.049       0.078       0.085       0.097

 WY1      WITH
    WM1              0.014       0.028       0.036       0.078       0.125       0.135       0.157

 WX2      WITH
    WY2              0.001       0.016       0.023       0.061       0.097       0.104       0.118
    WM2              0.026       0.034       0.038       0.059       0.078       0.082       0.090

 WY2      WITH
    WM2              0.052       0.062       0.068       0.094       0.117       0.122       0.132

 WX3      WITH
    WY3              0.001       0.016       0.023       0.061       0.097       0.104       0.118
    WM3              0.026       0.034       0.038       0.059       0.078       0.082       0.090

 WY3      WITH
    WM3              0.052       0.062       0.068       0.094       0.117       0.122       0.132

 GENDER1  WITH
    AGE1            -0.019      -0.015      -0.013      -0.001       0.012       0.014       0.019
    EDUCATION_      -0.074      -0.065      -0.060      -0.036      -0.011      -0.006       0.004
    EDUCATION_      -0.060      -0.051      -0.046      -0.022       0.003       0.007       0.018
    UNEMPLOYED      -0.017      -0.014      -0.012      -0.003       0.006       0.008       0.012
    UNEMPLOYED      -0.012      -0.010      -0.008      -0.002       0.005       0.006       0.009
    FIN1            -0.020      -0.012      -0.008       0.014       0.035       0.039       0.047
    FIN2            -0.036      -0.027      -0.023      -0.002       0.020       0.024       0.031
    FIN3            -0.030      -0.021      -0.017       0.005       0.028       0.032       0.040

 AGE1     WITH
    EDUCATION_      -0.075      -0.067      -0.061      -0.037      -0.012      -0.007       0.002
    EDUCATION_      -0.057      -0.048      -0.044      -0.018       0.007       0.012       0.023
    UNEMPLOYED      -0.002       0.001       0.003       0.012       0.021       0.022       0.025
    UNEMPLOYED      -0.009      -0.006      -0.005       0.002       0.008       0.009       0.012
    FIN1            -0.039      -0.031      -0.027      -0.005       0.016       0.021       0.028
    FIN2            -0.044      -0.036      -0.031      -0.010       0.011       0.015       0.023
    FIN3            -0.047      -0.038      -0.034      -0.012       0.010       0.015       0.023

 EDUCATIO WITH
    EDUCATION_       0.373       0.393       0.403       0.452       0.501       0.511       0.530
    UNEMPLOYED      -0.120      -0.111      -0.107      -0.088      -0.068      -0.065      -0.058
    UNEMPLOYED      -0.046      -0.041      -0.038      -0.024      -0.010      -0.007      -0.002
    FIN1             0.047       0.063       0.071       0.116       0.161       0.169       0.187
    FIN2             0.064       0.079       0.087       0.130       0.172       0.180       0.195
    FIN3             0.064       0.081       0.089       0.134       0.178       0.186       0.204

 EDUCATIO WITH
    UNEMPLOYED      -0.086      -0.079      -0.075      -0.057      -0.038      -0.034      -0.027
    UNEMPLOYED      -0.050      -0.045      -0.043      -0.031      -0.018      -0.016      -0.012
    FIN1             0.074       0.091       0.099       0.145       0.190       0.201       0.217
    FIN2             0.108       0.122       0.130       0.173       0.216       0.224       0.241
    FIN3             0.112       0.129       0.139       0.183       0.228       0.237       0.253

 UNEMPLOY WITH
    UNEMPLOYED       0.004       0.006       0.007       0.013       0.020       0.022       0.024
    FIN1            -0.062      -0.054      -0.051      -0.033      -0.015      -0.011      -0.005
    FIN2            -0.055      -0.048      -0.045      -0.029      -0.012      -0.009      -0.004
    FIN3            -0.067      -0.061      -0.057      -0.040      -0.023      -0.020      -0.013

 UNEMPLOY WITH
    FIN1            -0.048      -0.043      -0.040      -0.026      -0.013      -0.010      -0.005
    FIN2            -0.037      -0.033      -0.031      -0.020      -0.009      -0.007      -0.003
    FIN3            -0.040      -0.035      -0.033      -0.020      -0.008      -0.006      -0.001

 FIN1     WITH
    FIN2             0.440       0.456       0.463       0.505       0.545       0.553       0.567
    FIN3             0.420       0.434       0.442       0.484       0.526       0.533       0.550

 FIN2     WITH
    FIN3             0.441       0.456       0.463       0.504       0.543       0.552       0.567

 Means
    GENDER1          0.607       0.616       0.621       0.646       0.671       0.675       0.685
    AGE1            15.598      15.608      15.612      15.638      15.663      15.669      15.679
    EDUCATION_       3.827       3.846       3.856       3.907       3.959       3.969       3.988
    EDUCATION_       3.671       3.691       3.701       3.754       3.806       3.817       3.838
    UNEMPLOYED       0.124       0.132       0.135       0.154       0.173       0.176       0.183
    UNEMPLOYED       0.049       0.054       0.056       0.070       0.084       0.087       0.092
    FIN1             3.684       3.702       3.712       3.756       3.800       3.808       3.827
    FIN2             3.707       3.725       3.733       3.776       3.820       3.829       3.843
    FIN3             3.682       3.699       3.707       3.754       3.800       3.809       3.824

 Intercepts
    X1              -3.873      -3.358      -3.100      -1.712      -0.311      -0.050       0.411
    X2              -3.873      -3.358      -3.100      -1.712      -0.311      -0.050       0.411
    X3              -3.873      -3.358      -3.100      -1.712      -0.311      -0.050       0.411
    Y1              -0.515       0.013       0.315       1.873       3.402       3.712       4.346
    Y2              -0.515       0.013       0.315       1.873       3.402       3.712       4.346
    Y3              -0.515       0.013       0.315       1.873       3.402       3.712       4.346
    M1              -3.122      -2.744      -2.552      -1.511      -0.491      -0.283       0.053
    M2              -3.122      -2.744      -2.552      -1.511      -0.491      -0.283       0.053
    M3              -3.122      -2.744      -2.552      -1.511      -0.491      -0.283       0.053

 Variances
    GENDER1          0.216       0.219       0.221       0.229       0.235       0.236       0.239
    AGE1             0.220       0.223       0.225       0.233       0.240       0.241       0.244
    EDUCATION_       0.885       0.900       0.907       0.946       0.987       0.996       1.013
    EDUCATION_       0.914       0.929       0.938       0.983       1.030       1.039       1.058
    UNEMPLOYED       0.109       0.114       0.117       0.130       0.143       0.145       0.150
    UNEMPLOYED       0.047       0.051       0.053       0.065       0.077       0.079       0.083
    FIN1             0.657       0.672       0.681       0.727       0.771       0.780       0.799
    FIN2             0.618       0.632       0.640       0.684       0.728       0.737       0.753
    FIN3             0.669       0.687       0.697       0.750       0.803       0.813       0.833
    RIX              0.299       0.328       0.340       0.408       0.460       0.472       0.494
    RIY              0.327       0.368       0.388       0.495       0.582       0.600       0.636
    RIM              0.170       0.187       0.195       0.236       0.267       0.272       0.285
    WX1              0.296       0.313       0.323       0.379       0.447       0.462       0.495
    WY1              0.499       0.540       0.559       0.684       0.816       0.845       0.904
    WM1              0.113       0.122       0.128       0.157       0.192       0.200       0.220

 Residual Variances
    X1               0.000       0.000       0.000       0.000       0.000       0.000       0.000
    X2               0.000       0.000       0.000       0.000       0.000       0.000       0.000
    X3               0.000       0.000       0.000       0.000       0.000       0.000       0.000
    Y1               0.000       0.000       0.000       0.000       0.000       0.000       0.000
    Y2               0.000       0.000       0.000       0.000       0.000       0.000       0.000
    Y3               0.000       0.000       0.000       0.000       0.000       0.000       0.000
    M1               0.000       0.000       0.000       0.000       0.000       0.000       0.000
    M2               0.000       0.000       0.000       0.000       0.000       0.000       0.000
    M3               0.000       0.000       0.000       0.000       0.000       0.000       0.000
    WX2              0.316       0.333       0.341       0.390       0.431       0.440       0.455
    WX3              0.316       0.333       0.341       0.390       0.431       0.440       0.455
    WY2              0.483       0.519       0.537       0.640       0.737       0.758       0.802
    WY3              0.483       0.519       0.537       0.640       0.737       0.758       0.802
    WM2              0.191       0.197       0.200       0.221       0.238       0.242       0.250
    WM3              0.191       0.197       0.200       0.221       0.238       0.242       0.250

New/Additional Parameters
    IND             -0.012      -0.007      -0.005       0.001       0.008       0.011       0.017


CONFIDENCE INTERVALS OF STANDARDIZED MODEL RESULTS


STDYX Standardization

                  Lower .5%  Lower 2.5%    Lower 5%    Estimate    Upper 5%  Upper 2.5%   Upper .5%

 RIX      BY
    X1               0.596       0.622       0.634       0.691       0.729       0.736       0.749
    X2               0.599       0.626       0.637       0.691       0.728       0.734       0.748
    X3               0.595       0.622       0.633       0.690       0.727       0.734       0.748

 RIY      BY
    Y1               0.494       0.525       0.539       0.609       0.659       0.669       0.688
    Y2               0.497       0.530       0.543       0.615       0.667       0.677       0.699
    Y3               0.480       0.510       0.525       0.595       0.646       0.655       0.675

 RIM      BY
    M1               0.652       0.683       0.697       0.759       0.799       0.806       0.819
    M2               0.599       0.628       0.641       0.694       0.727       0.733       0.744
    M3               0.593       0.621       0.633       0.689       0.724       0.731       0.743

 WX1      BY
    X1               0.601       0.615       0.622       0.666       0.715       0.725       0.746

 WX2      BY
    X2               0.621       0.636       0.645       0.689       0.736       0.745       0.765

 WX3      BY
    X3               0.622       0.638       0.646       0.691       0.738       0.749       0.770

 WY1      BY
    Y1               0.635       0.654       0.664       0.716       0.767       0.776       0.798

 WY2      BY
    Y2               0.629       0.649       0.660       0.713       0.768       0.779       0.800

 WY3      BY
    Y3               0.607       0.628       0.638       0.690       0.745       0.756       0.777

 WM1      BY
    M1               0.530       0.550       0.561       0.619       0.683       0.698       0.724

 WM2      BY
    M2               0.639       0.652       0.658       0.698       0.742       0.752       0.773

 WM3      BY
    M3               0.643       0.657       0.664       0.706       0.751       0.761       0.783

 WY2      ON
    WY1             -0.007       0.035       0.060       0.183       0.297       0.317       0.361
    WX1             -0.095      -0.064      -0.050       0.025       0.098       0.112       0.139
    WM1             -0.098      -0.068      -0.053       0.024       0.099       0.116       0.150

 WY3      ON
    WY2             -0.007       0.033       0.059       0.180       0.300       0.322       0.373
    WX2             -0.096      -0.065      -0.051       0.026       0.102       0.117       0.147
    WM2             -0.118      -0.084      -0.065       0.029       0.121       0.141       0.179

 WX2      ON
    WX1             -0.044       0.002       0.020       0.132       0.248       0.269       0.317
    WY1             -0.048      -0.021      -0.005       0.073       0.149       0.164       0.194
    WM1             -0.031      -0.005       0.008       0.082       0.155       0.170       0.200

 WX3      ON
    WX2             -0.042       0.002       0.021       0.135       0.255       0.276       0.324
    WY2             -0.048      -0.021      -0.005       0.072       0.145       0.159       0.189
    WM2             -0.040      -0.007       0.009       0.100       0.187       0.203       0.237

 WM2      ON
    WM1              0.109       0.137       0.154       0.243       0.339       0.360       0.404
    WX1             -0.069      -0.043      -0.032       0.034       0.103       0.117       0.143
    WY1             -0.038      -0.016      -0.006       0.056       0.113       0.123       0.148

 WM3      ON
    WM2              0.139       0.174       0.195       0.295       0.396       0.414       0.453
    WX2             -0.068      -0.044      -0.032       0.035       0.106       0.120       0.149
    WY2             -0.036      -0.016      -0.006       0.054       0.109       0.119       0.143

 X1       ON
    GENDER1          0.187       0.205       0.214       0.265       0.313       0.322       0.337
    AGE1            -0.040      -0.025      -0.017       0.028       0.073       0.081       0.098
    EDUCATION_      -0.066      -0.045      -0.035       0.023       0.081       0.093       0.114
    EDUCATION_      -0.023      -0.002       0.008       0.065       0.122       0.132       0.154
    UNEMPLOYED      -0.086      -0.068      -0.058      -0.006       0.046       0.057       0.076
    UNEMPLOYED      -0.037      -0.020      -0.012       0.034       0.081       0.091       0.110
    FIN1            -0.024      -0.007       0.002       0.050       0.096       0.105       0.123

 X2       ON
    GENDER1          0.103       0.126       0.136       0.187       0.239       0.249       0.268
    AGE1            -0.044      -0.028      -0.019       0.026       0.071       0.080       0.095
    EDUCATION_      -0.064      -0.039      -0.027       0.036       0.099       0.111       0.133
    EDUCATION_      -0.041      -0.016      -0.005       0.056       0.116       0.127       0.153
    UNEMPLOYED      -0.060      -0.040      -0.030       0.021       0.075       0.085       0.103
    UNEMPLOYED      -0.045      -0.030      -0.020       0.027       0.076       0.086       0.103
    FIN2             0.004       0.022       0.030       0.081       0.130       0.140       0.158

 X3       ON
    GENDER1          0.110       0.130       0.140       0.191       0.242       0.251       0.268
    AGE1            -0.042      -0.026      -0.017       0.028       0.072       0.081       0.098
    EDUCATION_      -0.036      -0.014      -0.003       0.059       0.121       0.133       0.157
    EDUCATION_      -0.053      -0.029      -0.017       0.044       0.104       0.115       0.139
    UNEMPLOYED      -0.054      -0.034      -0.024       0.028       0.082       0.091       0.107
    UNEMPLOYED      -0.055      -0.036      -0.027       0.019       0.066       0.076       0.092
    FIN3            -0.022      -0.003       0.008       0.061       0.114       0.124       0.147

 Y1       ON
    GENDER1         -0.186      -0.169      -0.159      -0.111      -0.061      -0.052      -0.033
    AGE1            -0.011       0.005       0.012       0.052       0.093       0.101       0.116
    EDUCATION_      -0.123      -0.100      -0.088      -0.024       0.039       0.051       0.074
    EDUCATION_      -0.090      -0.067      -0.055       0.010       0.076       0.089       0.113
    UNEMPLOYED      -0.140      -0.115      -0.104      -0.046       0.013       0.024       0.043
    UNEMPLOYED      -0.060      -0.039      -0.027       0.031       0.085       0.094       0.116
    FIN1             0.234       0.256       0.265       0.319       0.373       0.381       0.400

 Y2       ON
    GENDER1         -0.131      -0.112      -0.103      -0.053      -0.002       0.007       0.024
    AGE1            -0.021      -0.004       0.004       0.045       0.086       0.094       0.110
    EDUCATION_      -0.063      -0.040      -0.027       0.033       0.092       0.103       0.124
    EDUCATION_      -0.073      -0.048      -0.037       0.027       0.092       0.105       0.129
    UNEMPLOYED      -0.126      -0.106      -0.096      -0.039       0.019       0.030       0.049
    UNEMPLOYED      -0.088      -0.065      -0.054       0.000       0.050       0.059       0.076
    FIN2             0.227       0.247       0.257       0.307       0.355       0.364       0.384

 Y3       ON
    GENDER1         -0.070      -0.053      -0.043       0.008       0.058       0.067       0.086
    AGE1            -0.034      -0.018      -0.010       0.029       0.069       0.077       0.092
    EDUCATION_      -0.063      -0.040      -0.029       0.027       0.085       0.094       0.113
    EDUCATION_      -0.052      -0.030      -0.021       0.035       0.092       0.102       0.120
    UNEMPLOYED      -0.091      -0.073      -0.062      -0.010       0.042       0.052       0.071
    UNEMPLOYED      -0.076      -0.052      -0.041       0.011       0.061       0.070       0.088
    FIN3             0.317       0.335       0.345       0.396       0.445       0.454       0.472

 M1       ON
    GENDER1         -0.201      -0.178      -0.168      -0.117      -0.066      -0.056      -0.037
    AGE1            -0.018      -0.001       0.009       0.057       0.106       0.115       0.133
    EDUCATION_      -0.132      -0.110      -0.098      -0.035       0.029       0.041       0.062
    EDUCATION_      -0.063      -0.037      -0.026       0.036       0.097       0.109       0.131
    UNEMPLOYED      -0.080      -0.058      -0.046       0.010       0.066       0.076       0.099
    UNEMPLOYED      -0.018       0.004       0.015       0.073       0.131       0.141       0.164
    FIN1             0.067       0.086       0.095       0.142       0.190       0.199       0.219

 M2       ON
    GENDER1         -0.186      -0.167      -0.157      -0.106      -0.055      -0.045      -0.026
    AGE1            -0.018      -0.003       0.007       0.050       0.095       0.103       0.120
    EDUCATION_      -0.102      -0.081      -0.068      -0.008       0.053       0.065       0.088
    EDUCATION_      -0.073      -0.050      -0.038       0.024       0.085       0.097       0.121
    UNEMPLOYED      -0.084      -0.060      -0.050       0.006       0.063       0.074       0.093
    UNEMPLOYED      -0.088      -0.068      -0.056      -0.001       0.056       0.066       0.087
    FIN2             0.062       0.078       0.087       0.130       0.174       0.183       0.198

 M3       ON
    GENDER1         -0.158      -0.136      -0.127      -0.073      -0.021      -0.010       0.008
    AGE1            -0.019      -0.003       0.005       0.049       0.093       0.101       0.118
    EDUCATION_      -0.089      -0.069      -0.057       0.004       0.065       0.076       0.096
    EDUCATION_      -0.082      -0.060      -0.047       0.014       0.076       0.088       0.111
    UNEMPLOYED      -0.105      -0.088      -0.077      -0.022       0.032       0.043       0.066
    UNEMPLOYED      -0.036      -0.013      -0.002       0.051       0.104       0.113       0.134
    FIN3             0.052       0.071       0.081       0.129       0.179       0.188       0.205

 RIX      WITH
    RIY             -0.081      -0.029      -0.002       0.112       0.227       0.248       0.296
    RIM             -0.034       0.017       0.040       0.150       0.245       0.261       0.297

 RIY      WITH
    RIM              0.374       0.415       0.432       0.523       0.627       0.649       0.699

 WX1      WITH
    WY1             -0.090      -0.056      -0.040       0.058       0.150       0.168       0.203
    WM1              0.034       0.076       0.096       0.201       0.306       0.323       0.363

 WY1      WITH
    WM1              0.045       0.093       0.116       0.238       0.353       0.375       0.414

 WX2      WITH
    WY2              0.002       0.032       0.047       0.123       0.198       0.213       0.240
    WM2              0.093       0.119       0.132       0.200       0.266       0.278       0.302

 WY2      WITH
    WM2              0.140       0.168       0.183       0.250       0.313       0.325       0.349

 WX3      WITH
    WY3              0.002       0.032       0.047       0.123       0.198       0.213       0.240
    WM3              0.093       0.119       0.132       0.200       0.266       0.278       0.302

 WY3      WITH
    WM3              0.140       0.168       0.183       0.250       0.313       0.325       0.349

 GENDER1  WITH
    AGE1            -0.084      -0.065      -0.056      -0.002       0.050       0.061       0.080
    EDUCATION_      -0.158      -0.140      -0.130      -0.077      -0.024      -0.014       0.008
    EDUCATION_      -0.126      -0.107      -0.097      -0.046       0.006       0.016       0.037
    UNEMPLOYED      -0.100      -0.079      -0.070      -0.015       0.037       0.048       0.067
    UNEMPLOYED      -0.103      -0.079      -0.068      -0.014       0.040       0.050       0.071
    FIN1            -0.049      -0.030      -0.020       0.033       0.085       0.096       0.114
    FIN2            -0.090      -0.069      -0.059      -0.004       0.049       0.060       0.077
    FIN3            -0.073      -0.052      -0.042       0.013       0.067       0.076       0.095

 AGE1     WITH
    EDUCATION_      -0.159      -0.142      -0.131      -0.078      -0.025      -0.016       0.003
    EDUCATION_      -0.119      -0.101      -0.091      -0.038       0.015       0.025       0.047
    UNEMPLOYED      -0.014       0.008       0.017       0.069       0.118       0.127       0.144
    UNEMPLOYED      -0.072      -0.050      -0.039       0.014       0.065       0.075       0.094
    FIN1            -0.096      -0.075      -0.066      -0.013       0.040       0.050       0.070
    FIN2            -0.108      -0.089      -0.078      -0.025       0.027       0.038       0.058
    FIN3            -0.110      -0.092      -0.082      -0.029       0.024       0.035       0.055

 EDUCATIO WITH
    EDUCATION_       0.395       0.413       0.422       0.469       0.515       0.523       0.539
    UNEMPLOYED      -0.326      -0.308      -0.298      -0.250      -0.200      -0.190      -0.172
    UNEMPLOYED      -0.180      -0.159      -0.150      -0.096      -0.040      -0.029      -0.006
    FIN1             0.057       0.077       0.087       0.140       0.193       0.203       0.222
    FIN2             0.080       0.099       0.109       0.161       0.213       0.222       0.240
    FIN3             0.077       0.096       0.106       0.159       0.211       0.221       0.240

 EDUCATIO WITH
    UNEMPLOYED      -0.236      -0.217      -0.207      -0.158      -0.107      -0.098      -0.077
    UNEMPLOYED      -0.188      -0.172      -0.164      -0.121      -0.075      -0.066      -0.050
    FIN1             0.088       0.108       0.118       0.172       0.225       0.236       0.257
    FIN2             0.133       0.150       0.159       0.211       0.261       0.271       0.290
    FIN3             0.133       0.152       0.163       0.213       0.264       0.274       0.292

 UNEMPLOY WITH
    UNEMPLOYED       0.040       0.065       0.078       0.146       0.215       0.230       0.257
    FIN1            -0.196      -0.175      -0.165      -0.106      -0.050      -0.038      -0.018
    FIN2            -0.182      -0.160      -0.151      -0.096      -0.041      -0.031      -0.012
    FIN3            -0.213      -0.192      -0.181      -0.128      -0.075      -0.064      -0.043

 UNEMPLOY WITH
    FIN1            -0.214      -0.192      -0.181      -0.122      -0.062      -0.050      -0.025
    FIN2            -0.170      -0.152      -0.143      -0.094      -0.045      -0.035      -0.017
    FIN3            -0.174      -0.155      -0.145      -0.091      -0.037      -0.026      -0.006

 FIN1     WITH
    FIN2             0.663       0.677       0.684       0.715       0.745       0.750       0.761
    FIN3             0.593       0.608       0.615       0.656       0.693       0.700       0.713

 FIN2     WITH
    FIN3             0.644       0.659       0.668       0.703       0.737       0.742       0.754

 Means
    GENDER1          1.242       1.268       1.279       1.351       1.427       1.443       1.476
    AGE1            31.618      31.785      31.878      32.399      33.019      33.146      33.447
    EDUCATION_       3.851       3.892       3.913       4.017       4.125       4.147       4.184
    EDUCATION_       3.631       3.671       3.690       3.786       3.886       3.905       3.945
    UNEMPLOYED       0.377       0.389       0.395       0.427       0.457       0.463       0.474
    UNEMPLOYED       0.228       0.239       0.244       0.274       0.303       0.308       0.318
    FIN1             4.181       4.238       4.265       4.404       4.564       4.597       4.653
    FIN2             4.332       4.385       4.414       4.567       4.731       4.766       4.823
    FIN3             4.086       4.144       4.175       4.336       4.510       4.549       4.623

 Intercepts
    X1              -4.142      -3.617      -3.323      -1.853      -0.337      -0.055       0.444
    X2              -4.158      -3.626      -3.347      -1.853      -0.338      -0.055       0.437
    X3              -4.153      -3.618      -3.340      -1.849      -0.336      -0.056       0.434
    Y1              -0.437       0.011       0.269       1.622       2.957       3.209       3.759
    Y2              -0.439       0.011       0.278       1.638       2.990       3.236       3.827
    Y3              -0.428       0.011       0.267       1.585       2.892       3.133       3.681
    M1              -4.881      -4.270      -3.976      -2.363      -0.766      -0.446       0.082
    M2              -4.492      -3.911      -3.635      -2.158      -0.698      -0.410       0.076
    M3              -4.443      -3.894      -3.609      -2.145      -0.699      -0.405       0.075

 Variances
    GENDER1          1.000       1.000       1.000       1.000       1.000       1.000       1.000
    AGE1             1.000       1.000       1.000       1.000       1.000       1.000       1.000
    EDUCATION_       1.000       1.000       1.000       1.000       1.000       1.000       1.000
    EDUCATION_       1.000       1.000       1.000       1.000       1.000       1.000       1.000
    UNEMPLOYED       1.000       1.000       1.000       1.000       1.000       1.000       1.000
    UNEMPLOYED       1.000       1.000       1.000       1.000       1.000       1.000       1.000
    FIN1             1.000       1.000       1.000       1.000       1.000       1.000       1.000
    FIN2             1.000       1.000       1.000       1.000       1.000       1.000       1.000
    FIN3             1.000       1.000       1.000       1.000       1.000       1.000       1.000
    RIX              1.000       1.000       1.000       1.000       1.000       1.000       1.000
    RIY              1.000       1.000       1.000       1.000       1.000       1.000       1.000
    RIM              1.000       1.000       1.000       1.000       1.000       1.000       1.000
    WX1              1.000       1.000       1.000       1.000       1.000       1.000       1.000
    WY1              1.000       1.000       1.000       1.000       1.000       1.000       1.000
    WM1              1.000       1.000       1.000       1.000       1.000       1.000       1.000

 Residual Variances
    X1               0.000       0.000       0.000       0.000       0.000       0.000       0.000
    X2               0.000       0.000       0.000       0.000       0.000       0.000       0.000
    X3               0.000       0.000       0.000       0.000       0.000       0.000       0.000
    Y1               0.000       0.000       0.000       0.000       0.000       0.000       0.000
    Y2               0.000       0.000       0.000       0.000       0.000       0.000       0.000
    Y3               0.000       0.000       0.000       0.000       0.000       0.000       0.000
    M1               0.000       0.000       0.000       0.000       0.000       0.000       0.000
    M2               0.000       0.000       0.000       0.000       0.000       0.000       0.000
    M3               0.000       0.000       0.000       0.000       0.000       0.000       0.000
    WX2              0.869       0.894       0.907       0.962       0.987       0.990       0.996
    WX3              0.846       0.875       0.889       0.954       0.984       0.988       0.995
    WY2              0.865       0.892       0.904       0.963       0.989       0.993       0.997
    WY3              0.856       0.886       0.900       0.962       0.988       0.992       0.997
    WM2              0.817       0.847       0.862       0.927       0.963       0.969       0.978
    WM3              0.770       0.802       0.820       0.895       0.945       0.953       0.968


     Beginning Time:  15:08:19
        Ending Time:  15:18:22
       Elapsed Time:  00:10:03



MUTHEN & MUTHEN
3463 Stoner Ave.
Los Angeles, CA  90066

Tel: (310) 391-9971
Fax: (310) 391-8971
Web: www.StatModel.com
Support: Support@StatModel.com

Copyright (c) 1998-2023 Muthen & Muthen
