Mplus VERSION 8.9
MUTHEN & MUTHEN
01/22/2025   3:18 PM

INPUT INSTRUCTIONS

  DATA:
    FILE IS "mplus.dat";
  VARIABLE:
    MISSING ARE ALL (-99);
    NAMES ARE id Gender1 Age1 Education_mother1 Education_father1
    unemployed_mother1 unemployed_father1 Fin1 Fin2 Fin3 Personal1
    Personal2 Personal3 Public1 Public2 Public3 Collective1
    Collective2 Collective3 Relational1 Relational2
    Relational3 Autonomy1 Autonomy2 Autonomy3 Relatedness1 Relatedness2
    Relatedness3 Competence1 Competence2 Competence3
    PA1 PA2 PA3 NA1 NA2 NA3 SWLS1 SWLS2 SWLS3;

  usevar =
  Gender1 Age1 Education_mother1 Education_father1
  unemployed_mother1 unemployed_father1 Fin1 Fin2 Fin3
  x1-x3 y1-y3 m1-m3 ;

  define:
  x1 = Personal1;
  x2 = Personal2;
  x3 = Personal3;

  m1 = Autonomy1;
  m2 = Autonomy2;
  m3 = Autonomy3;

  y1 = PA1;
  y2 = PA2;
  y3 = PA3;







  analysis:

  MODEL = NOCOV;
  bootstrap = 10000;


  MODEL:
  RIx BY x1@1 x2@1 x3@1;
  RIy BY y1@1 y2@1 y3@1;
  RIm BY m1@1 m2@1 m3@1;



  wx1 BY x1@1;
  wx2 BY x2@1;
  wx3 BY x3@1;



  wy1 BY y1@1;
  wy2 BY y2@1;
  wy3 BY y3@1;



  wm1 By m1@1;
  wm2 By m2@1;
  wm3 By m3@1;


  x1-m3@0;


  wy2 ON wy1 (a );
  wy3 ON wy2 (a );


  wx2 ON wx1 (b );
  wx3 ON wx2 (b );


  wm2 ON wm1  (c);
  wm3 ON wm2  (c);


  wy2 ON  wx1 wm1  (d e);
  wy3 ON  wx2 wm2  (d e);


  wx2 ON wy1 wm1  (f j);
  wx3 ON wy2 wm2  (f j);


  wm2 ON wx1 wy1   (h i);
  wm3 ON wx2 wy2   (h i);


  RIx RIy RIm  with RIx RIy RIm ;

  wx1 wy1 wm1 with wx1 wy1 wm1;
  wx2 wy2 wm2 with wx2 wy2 wm2 (cov1 cov2 cov3);
  wx3 wy3 wm3 with wx3 wy3 wm3 (cov1 cov2 cov3);

  wx2 (vx); wy2 (vy); wm2 (vm);
  wx3 (vx); wy3 (vy); wm3 (vm);

  x1-m3 on Gender1 Age1 Education_mother1 Education_father1
  unemployed_mother1 unemployed_father1 ;

  x1 y1 m1 on Fin1;
  x2 y2 m2 on Fin2;
  x3 y3 m3 on Fin3;

  Gender1 -Fin3 with Gender1 -Fin3;

  [x1-x3] (mx);
  [m1-m3] (mm);
  [y1-y3] (my);

  model constraint:
  new (ind);
  ind = h*e;

  output: cinterval (boot) stdyx;



*** WARNING in VARIABLE command
  Note that only the first 8 characters of variable names are used in the output.
  Shorten variable names to avoid any confusion.
   1 WARNING(S) FOUND IN THE INPUT INSTRUCTIONS




SUMMARY OF ANALYSIS

Number of groups                                                 1
Number of observations                                         971

Number of dependent variables                                    9
Number of independent variables                                  9
Number of continuous latent variables                           12

Observed dependent variables

  Continuous
   X1          X2          X3          Y1          Y2          Y3
   M1          M2          M3

Observed independent variables
   GENDER1     AGE1        EDUCATIO    EDUCATIO    UNEMPLOY    UNEMPLOY
   FIN1        FIN2        FIN3

Continuous latent variables
   RIX         RIY         RIM         WX1         WX2         WX3
   WY1         WY2         WY3         WM1         WM2         WM3


Estimator                                                       ML
Information matrix                                        OBSERVED
Maximum number of iterations                                  1000
Convergence criterion                                    0.500D-04
Maximum number of steepest descent iterations                   20
Maximum number of iterations for H1                           2000
Convergence criterion for H1                             0.100D-03
Number of bootstrap draws
    Requested                                                10000
    Completed                                                10000

Input data file(s)
  mplus.dat

Input data format  FREE


SUMMARY OF DATA

     Number of missing data patterns            19


COVARIANCE COVERAGE OF DATA

Minimum covariance coverage value   0.100


     PROPORTION OF DATA PRESENT


           Covariance Coverage
              X1            X2            X3            Y1            Y2
              ________      ________      ________      ________      ________
 X1             1.000
 X2             1.000         1.000
 X3             1.000         1.000         1.000
 Y1             1.000         1.000         1.000         1.000
 Y2             1.000         1.000         1.000         1.000         1.000
 Y3             1.000         1.000         1.000         1.000         1.000
 M1             1.000         1.000         1.000         1.000         1.000
 M2             1.000         1.000         1.000         1.000         1.000
 M3             1.000         1.000         1.000         1.000         1.000
 GENDER1        0.998         0.998         0.998         0.998         0.998
 AGE1           0.999         0.999         0.999         0.999         0.999
 EDUCATIO       0.994         0.994         0.994         0.994         0.994
 EDUCATIO       0.991         0.991         0.991         0.991         0.991
 UNEMPLOY       0.992         0.992         0.992         0.992         0.992
 UNEMPLOY       0.974         0.974         0.974         0.974         0.974
 FIN1           0.994         0.994         0.994         0.994         0.994
 FIN2           0.991         0.991         0.991         0.991         0.991
 FIN3           0.991         0.991         0.991         0.991         0.991


           Covariance Coverage
              Y3            M1            M2            M3            GENDER1
              ________      ________      ________      ________      ________
 Y3             1.000
 M1             1.000         1.000
 M2             1.000         1.000         1.000
 M3             1.000         1.000         1.000         1.000
 GENDER1        0.998         0.998         0.998         0.998         0.998
 AGE1           0.999         0.999         0.999         0.999         0.997
 EDUCATIO       0.994         0.994         0.994         0.994         0.992
 EDUCATIO       0.991         0.991         0.991         0.991         0.989
 UNEMPLOY       0.992         0.992         0.992         0.992         0.990
 UNEMPLOY       0.974         0.974         0.974         0.974         0.972
 FIN1           0.994         0.994         0.994         0.994         0.992
 FIN2           0.991         0.991         0.991         0.991         0.990
 FIN3           0.991         0.991         0.991         0.991         0.989


           Covariance Coverage
              AGE1          EDUCATIO      EDUCATIO      UNEMPLOY      UNEMPLOY
              ________      ________      ________      ________      ________
 AGE1           0.999
 EDUCATIO       0.993         0.994
 EDUCATIO       0.990         0.987         0.991
 UNEMPLOY       0.991         0.989         0.984         0.992
 UNEMPLOY       0.973         0.969         0.970         0.968         0.974
 FIN1           0.993         0.989         0.986         0.988         0.969
 FIN2           0.990         0.985         0.981         0.982         0.965
 FIN3           0.990         0.985         0.981         0.982         0.965


           Covariance Coverage
              FIN1          FIN2          FIN3
              ________      ________      ________
 FIN1           0.994
 FIN2           0.986         0.991
 FIN3           0.986         0.984         0.991



UNIVARIATE SAMPLE STATISTICS


     UNIVARIATE HIGHER-ORDER MOMENT DESCRIPTIVE STATISTICS

         Variable/         Mean/     Skewness/   Minimum/ % with                Percentiles
        Sample Size      Variance    Kurtosis    Maximum  Min/Max      20%/60%    40%/80%    Median

     X1                   -0.019      -0.225      -3.871    0.10%      -0.751     -0.228      0.011
             971.000       0.796       0.179       2.389    0.10%       0.224      0.753
     X2                   -0.012       0.007      -3.561    0.10%      -0.779     -0.282     -0.045
             971.000       0.821      -0.194       2.554    0.10%       0.191      0.815
     X3                   -0.010      -0.051      -4.397    0.10%      -0.784     -0.280     -0.039
             971.000       0.852       0.065       2.669    0.10%       0.202      0.811
     Y1                    0.000      -0.852      -2.603    0.10%      -0.536     -0.025      0.104
             971.000       0.467       0.543       1.028    0.82%       0.246      0.602
     Y2                    0.000      -0.845      -2.692    0.10%      -0.615     -0.025      0.114
             971.000       0.536       0.375       1.046    1.03%       0.272      0.639
     Y3                    0.000      -0.937      -2.754    0.10%      -0.553     -0.036      0.085
             971.000       0.499       0.856       0.988    1.44%       0.256      0.610
     M1                   -0.011      -0.113      -2.043    0.10%      -0.393     -0.135     -0.018
             971.000       0.220       0.142       1.071    1.24%       0.092      0.393
     M2                   -0.010      -0.062      -1.617    0.10%      -0.431     -0.133     -0.005
             971.000       0.273       0.011       1.172    2.37%       0.109      0.420
     M3                   -0.009       0.040      -1.447    0.10%      -0.484     -0.148     -0.035
             971.000       0.292      -0.337       1.198    2.16%       0.100      0.476
     GENDER1               0.646      -0.611       0.000   35.40%       0.000      1.000      1.000
             969.000       0.229      -1.627       1.000   64.60%       1.000      1.000
     AGE1                 15.638      -0.547      15.000   36.29%      15.000     16.000     16.000
             970.000       0.233      -1.625      17.000    0.10%      16.000     16.000
     EDUCATION_MOTHE       3.907      -0.084       1.000    0.31%       3.000      3.000      4.000
             965.000       0.945      -1.378       5.000   39.17%       4.000      5.000
     EDUCATION_FATHE       3.754       0.093       1.000    0.62%       3.000      3.000      3.000
             962.000       0.984      -1.211       5.000   33.78%       4.000      5.000
     UNEMPLOYED_MOTH       0.154       1.921       0.000   84.63%       0.000      0.000      0.000
             963.000       0.130       1.688       1.000   15.37%       0.000      0.000
     UNEMPLOYED_FATH       0.070       3.378       0.000   93.02%       0.000      0.000      0.000
             946.000       0.065       9.408       1.000    6.98%       0.000      0.000
     FIN1                  3.754      -0.071       1.000    0.31%       3.000      3.000      4.000
             965.000       0.726      -0.634       5.000   21.55%       4.000      5.000
     FIN2                  3.777      -0.071       1.000    0.42%       3.000      4.000      4.000
             962.000       0.685      -0.517       5.000   21.21%       4.000      5.000
     FIN3                  3.756      -0.179       1.000    0.94%       3.000      3.000      4.000
             962.000       0.750      -0.296       5.000   21.93%       4.000      5.000


THE MODEL ESTIMATION TERMINATED NORMALLY



MODEL FIT INFORMATION

Number of Free Parameters                      147

Loglikelihood

          H0 Value                      -14062.678
          H1 Value                      -14008.664

Information Criteria

          Akaike (AIC)                   28419.357
          Bayesian (BIC)                 29136.471
          Sample-Size Adjusted BIC       28669.599
            (n* = (n + 2) / 24)

Chi-Square Test of Model Fit

          Value                            108.028
          Degrees of Freedom                    42
          P-Value                           0.0000

RMSEA (Root Mean Square Error Of Approximation)

          Estimate                           0.040
          90 Percent C.I.                    0.031  0.050
          Probability RMSEA <= .05           0.956

CFI/TLI

          CFI                                0.985
          TLI                                0.959

Chi-Square Test of Model Fit for the Baseline Model

          Value                           4579.243
          Degrees of Freedom                   117
          P-Value                           0.0000

SRMR (Standardized Root Mean Square Residual)

          Value                              0.037



MODEL RESULTS

                                                    Two-Tailed
                    Estimate       S.E.  Est./S.E.    P-Value

 RIX      BY
    X1                 1.000      0.000    999.000    999.000
    X2                 1.000      0.000    999.000    999.000
    X3                 1.000      0.000    999.000    999.000

 RIY      BY
    Y1                 1.000      0.000    999.000    999.000
    Y2                 1.000      0.000    999.000    999.000
    Y3                 1.000      0.000    999.000    999.000

 RIM      BY
    M1                 1.000      0.000    999.000    999.000
    M2                 1.000      0.000    999.000    999.000
    M3                 1.000      0.000    999.000    999.000

 WX1      BY
    X1                 1.000      0.000    999.000    999.000

 WX2      BY
    X2                 1.000      0.000    999.000    999.000

 WX3      BY
    X3                 1.000      0.000    999.000    999.000

 WY1      BY
    Y1                 1.000      0.000    999.000    999.000

 WY2      BY
    Y2                 1.000      0.000    999.000    999.000

 WY3      BY
    Y3                 1.000      0.000    999.000    999.000

 WM1      BY
    M1                 1.000      0.000    999.000    999.000

 WM2      BY
    M2                 1.000      0.000    999.000    999.000

 WM3      BY
    M3                 1.000      0.000    999.000    999.000

 WY2      ON
    WY1               -0.017      0.080     -0.208      0.835
    WX1                0.021      0.042      0.489      0.625
    WM1                0.075      0.068      1.107      0.268

 WY3      ON
    WY2               -0.017      0.080     -0.208      0.835
    WX2                0.021      0.042      0.489      0.625
    WM2                0.075      0.068      1.107      0.268

 WX2      ON
    WX1                0.065      0.066      0.993      0.321
    WY1                0.019      0.055      0.344      0.731
    WM1                0.141      0.079      1.792      0.073

 WX3      ON
    WX2                0.065      0.066      0.993      0.321
    WY2                0.019      0.055      0.344      0.731
    WM2                0.141      0.079      1.792      0.073

 WM2      ON
    WM1                0.241      0.063      3.847      0.000
    WX1               -0.006      0.029     -0.211      0.833
    WY1                0.049      0.035      1.407      0.159

 WM3      ON
    WM2                0.241      0.063      3.847      0.000
    WX2               -0.006      0.029     -0.211      0.833
    WY2                0.049      0.035      1.407      0.159

 X1       ON
    GENDER1            0.586      0.058     10.085      0.000
    AGE1               0.103      0.051      2.039      0.041
    EDUCATION_         0.035      0.033      1.051      0.293
    EDUCATION_         0.052      0.031      1.688      0.091
    UNEMPLOYED        -0.082      0.076     -1.078      0.281
    UNEMPLOYED         0.181      0.097      1.873      0.061
    FIN1               0.054      0.029      1.867      0.062

 X2       ON
    GENDER1            0.410      0.060      6.804      0.000
    AGE1               0.100      0.051      1.958      0.050
    EDUCATION_         0.022      0.035      0.628      0.530
    EDUCATION_         0.052      0.033      1.584      0.113
    UNEMPLOYED        -0.029      0.080     -0.367      0.714
    UNEMPLOYED         0.235      0.110      2.125      0.034
    FIN2               0.112      0.030      3.718      0.000

 X3       ON
    GENDER1            0.420      0.061      6.932      0.000
    AGE1               0.106      0.050      2.103      0.036
    EDUCATION_         0.031      0.035      0.884      0.377
    EDUCATION_         0.034      0.033      1.029      0.304
    UNEMPLOYED        -0.044      0.080     -0.545      0.586
    UNEMPLOYED         0.266      0.103      2.581      0.010
    FIN3               0.093      0.033      2.799      0.005

 Y1       ON
    GENDER1           -0.128      0.045     -2.834      0.005
    AGE1               0.043      0.039      1.103      0.270
    EDUCATION_         0.020      0.026      0.770      0.441
    EDUCATION_        -0.005      0.024     -0.201      0.840
    UNEMPLOYED         0.006      0.067      0.095      0.924
    UNEMPLOYED         0.071      0.095      0.745      0.456
    FIN1               0.145      0.023      6.338      0.000

 Y2       ON
    GENDER1           -0.117      0.049     -2.395      0.017
    AGE1               0.047      0.040      1.176      0.240
    EDUCATION_         0.006      0.028      0.214      0.830
    EDUCATION_        -0.004      0.028     -0.140      0.889
    UNEMPLOYED        -0.142      0.067     -2.115      0.034
    UNEMPLOYED         0.100      0.097      1.033      0.301
    FIN2               0.147      0.026      5.686      0.000

 Y3       ON
    GENDER1           -0.061      0.047     -1.303      0.192
    AGE1               0.029      0.039      0.748      0.455
    EDUCATION_         0.008      0.028      0.305      0.760
    EDUCATION_         0.014      0.025      0.553      0.580
    UNEMPLOYED        -0.024      0.062     -0.377      0.706
    UNEMPLOYED         0.156      0.089      1.757      0.079
    FIN3               0.186      0.024      7.670      0.000

 M1       ON
    GENDER1           -0.023      0.031     -0.741      0.459
    AGE1               0.045      0.028      1.624      0.104
    EDUCATION_        -0.033      0.019     -1.751      0.080
    EDUCATION_         0.007      0.018      0.367      0.714
    UNEMPLOYED         0.013      0.045      0.289      0.773
    UNEMPLOYED         0.116      0.062      1.868      0.062
    FIN1               0.098      0.016      5.981      0.000

 M2       ON
    GENDER1           -0.067      0.033     -2.008      0.045
    AGE1               0.047      0.028      1.692      0.091
    EDUCATION_        -0.025      0.020     -1.251      0.211
    EDUCATION_        -0.002      0.020     -0.076      0.940
    UNEMPLOYED        -0.021      0.050     -0.421      0.674
    UNEMPLOYED        -0.020      0.063     -0.319      0.749
    FIN2               0.102      0.018      5.537      0.000

 M3       ON
    GENDER1           -0.018      0.037     -0.496      0.620
    AGE1               0.040      0.028      1.457      0.145
    EDUCATION_        -0.022      0.021     -1.038      0.299
    EDUCATION_         0.012      0.021      0.607      0.544
    UNEMPLOYED         0.002      0.050      0.037      0.971
    UNEMPLOYED         0.066      0.063      1.051      0.293
    FIN3               0.100      0.020      5.034      0.000

 RIX      WITH
    RIY                0.095      0.018      5.241      0.000
    RIM                0.145      0.014     10.383      0.000

 RIY      WITH
    RIM                0.099      0.011      9.104      0.000

 WX1      WITH
    WY1                0.013      0.013      1.020      0.308
    WM1                0.042      0.011      3.927      0.000

 WY1      WITH
    WM1                0.032      0.009      3.740      0.000

 WX2      WITH
    WY2                0.052      0.013      3.871      0.000
    WM2                0.071      0.010      7.296      0.000

 WY2      WITH
    WM2                0.055      0.008      7.095      0.000

 WX3      WITH
    WY3                0.052      0.013      3.871      0.000
    WM3                0.071      0.010      7.296      0.000

 WY3      WITH
    WM3                0.055      0.008      7.095      0.000

 GENDER1  WITH
    AGE1              -0.001      0.007     -0.079      0.937
    EDUCATION_        -0.036      0.015     -2.369      0.018
    EDUCATION_        -0.022      0.015     -1.458      0.145
    UNEMPLOYED        -0.003      0.006     -0.506      0.613
    UNEMPLOYED        -0.002      0.004     -0.402      0.687
    FIN1               0.014      0.013      1.068      0.286
    FIN2              -0.001      0.013     -0.077      0.939
    FIN3               0.006      0.014      0.434      0.664

 AGE1     WITH
    EDUCATION_        -0.037      0.015     -2.455      0.014
    EDUCATION_        -0.018      0.015     -1.186      0.235
    UNEMPLOYED         0.012      0.005      2.228      0.026
    UNEMPLOYED         0.002      0.004      0.447      0.655
    FIN1              -0.006      0.013     -0.419      0.675
    FIN2              -0.010      0.013     -0.788      0.431
    FIN3              -0.012      0.014     -0.906      0.365

 EDUCATIO WITH
    EDUCATION_         0.452      0.030     14.931      0.000
    UNEMPLOYED        -0.088      0.012     -7.489      0.000
    UNEMPLOYED        -0.024      0.009     -2.750      0.006
    FIN1               0.119      0.027      4.376      0.000
    FIN2               0.132      0.026      5.124      0.000
    FIN3               0.136      0.027      4.991      0.000

 EDUCATIO WITH
    UNEMPLOYED        -0.057      0.011     -4.934      0.000
    UNEMPLOYED        -0.031      0.007     -4.121      0.000
    FIN1               0.146      0.028      5.259      0.000
    FIN2               0.173      0.026      6.623      0.000
    FIN3               0.184      0.027      6.811      0.000

 UNEMPLOY WITH
    UNEMPLOYED         0.013      0.004      3.272      0.001
    FIN1              -0.033      0.011     -3.033      0.002
    FIN2              -0.029      0.010     -2.915      0.004
    FIN3              -0.040      0.010     -3.873      0.000

 UNEMPLOY WITH
    FIN1              -0.027      0.008     -3.190      0.001
    FIN2              -0.020      0.007     -2.979      0.003
    FIN3              -0.020      0.008     -2.660      0.008

 FIN1     WITH
    FIN2               0.504      0.025     20.358      0.000
    FIN3               0.484      0.025     19.213      0.000

 FIN2     WITH
    FIN3               0.503      0.024     20.753      0.000

 Means
    GENDER1            0.646      0.015     42.440      0.000
    AGE1              15.638      0.016   1007.235      0.000
    EDUCATION_         3.906      0.031    124.241      0.000
    EDUCATION_         3.754      0.032    116.398      0.000
    UNEMPLOYED         0.154      0.012     13.355      0.000
    UNEMPLOYED         0.070      0.008      8.375      0.000
    FIN1               3.755      0.027    138.388      0.000
    FIN2               3.776      0.027    141.582      0.000
    FIN3               3.753      0.028    133.393      0.000

 Intercepts
    X1                -2.550      0.810     -3.147      0.002
    X2                -2.550      0.810     -3.147      0.002
    X3                -2.550      0.810     -3.147      0.002
    Y1                -1.208      0.633     -1.908      0.056
    Y2                -1.208      0.633     -1.908      0.056
    Y3                -1.208      0.633     -1.908      0.056
    M1                -0.969      0.441     -2.197      0.028
    M2                -0.969      0.441     -2.197      0.028
    M3                -0.969      0.441     -2.197      0.028

 Variances
    GENDER1            0.229      0.004     51.292      0.000
    AGE1               0.233      0.005     50.733      0.000
    EDUCATION_         0.946      0.024     38.650      0.000
    EDUCATION_         0.984      0.028     34.936      0.000
    UNEMPLOYED         0.130      0.008     16.315      0.000
    UNEMPLOYED         0.065      0.007      9.065      0.000
    FIN1               0.727      0.028     26.411      0.000
    FIN2               0.683      0.027     25.732      0.000
    FIN3               0.750      0.032     23.563      0.000
    RIX                0.438      0.030     14.573      0.000
    RIY                0.253      0.020     12.503      0.000
    RIM                0.118      0.010     11.471      0.000
    WX1                0.291      0.026     11.407      0.000
    WY1                0.187      0.018     10.615      0.000
    WM1                0.085      0.009      9.219      0.000

 Residual Variances
    X1                 0.000      0.000    999.000    999.000
    X2                 0.000      0.000    999.000    999.000
    X3                 0.000      0.000    999.000    999.000
    Y1                 0.000      0.000    999.000    999.000
    Y2                 0.000      0.000    999.000    999.000
    Y3                 0.000      0.000    999.000    999.000
    M1                 0.000      0.000    999.000    999.000
    M2                 0.000      0.000    999.000    999.000
    M3                 0.000      0.000    999.000    999.000
    WX2                0.323      0.024     13.273      0.000
    WX3                0.323      0.024     13.273      0.000
    WY2                0.214      0.018     11.809      0.000
    WY3                0.214      0.018     11.809      0.000
    WM2                0.143      0.007     20.704      0.000
    WM3                0.143      0.007     20.704      0.000

New/Additional Parameters
    IND                0.000      0.003     -0.157      0.875


STANDARDIZED MODEL RESULTS


STDYX Standardization

                                                    Two-Tailed
                    Estimate       S.E.  Est./S.E.    P-Value

 RIX      BY
    X1                 0.731      0.020     36.738      0.000
    X2                 0.731      0.021     33.998      0.000
    X3                 0.730      0.022     33.125      0.000

 RIY      BY
    Y1                 0.742      0.022     33.887      0.000
    Y2                 0.719      0.024     29.871      0.000
    Y3                 0.713      0.025     28.880      0.000

 RIM      BY
    M1                 0.746      0.028     26.252      0.000
    M2                 0.653      0.024     27.438      0.000
    M3                 0.649      0.025     25.523      0.000

 WX1      BY
    X1                 0.596      0.023     26.391      0.000

 WX2      BY
    X2                 0.631      0.024     25.940      0.000

 WX3      BY
    X3                 0.633      0.025     25.380      0.000

 WY1      BY
    Y1                 0.638      0.024     26.673      0.000

 WY2      BY
    Y2                 0.662      0.025     26.033      0.000

 WY3      BY
    Y3                 0.658      0.025     25.843      0.000

 WM1      BY
    M1                 0.635      0.032     19.985      0.000

 WM2      BY
    M2                 0.736      0.021     35.424      0.000

 WM3      BY
    M3                 0.742      0.022     34.092      0.000

 WY2      ON
    WY1               -0.016      0.075     -0.207      0.836
    WX1                0.024      0.049      0.491      0.623
    WM1                0.047      0.043      1.095      0.273

 WY3      ON
    WY2               -0.017      0.080     -0.208      0.835
    WX2                0.025      0.052      0.489      0.625
    WM2                0.063      0.057      1.107      0.268

 WX2      ON
    WX1                0.062      0.061      1.003      0.316
    WY1                0.014      0.041      0.344      0.731
    WM1                0.072      0.042      1.731      0.083

 WX3      ON
    WX2                0.065      0.065      0.996      0.319
    WY2                0.015      0.044      0.344      0.731
    WM2                0.095      0.053      1.781      0.075

 WM2      ON
    WM1                0.182      0.051      3.604      0.000
    WX1               -0.008      0.040     -0.210      0.833
    WY1                0.055      0.039      1.416      0.157

 WM3      ON
    WM2                0.238      0.061      3.932      0.000
    WX2               -0.009      0.042     -0.211      0.833
    WY2                0.058      0.042      1.397      0.162

 X1       ON
    GENDER1            0.310      0.029     10.699      0.000
    AGE1               0.055      0.027      2.039      0.041
    EDUCATION_         0.037      0.035      1.056      0.291
    EDUCATION_         0.057      0.034      1.689      0.091
    UNEMPLOYED        -0.033      0.030     -1.079      0.281
    UNEMPLOYED         0.051      0.027      1.892      0.059
    FIN1               0.051      0.027      1.868      0.062

 X2       ON
    GENDER1            0.216      0.031      6.970      0.000
    AGE1               0.053      0.027      1.956      0.051
    EDUCATION_         0.023      0.037      0.628      0.530
    EDUCATION_         0.057      0.036      1.586      0.113
    UNEMPLOYED        -0.012      0.032     -0.368      0.713
    UNEMPLOYED         0.066      0.031      2.133      0.033
    FIN2               0.102      0.027      3.739      0.000

 X3       ON
    GENDER1            0.221      0.031      7.092      0.000
    AGE1               0.056      0.027      2.101      0.036
    EDUCATION_         0.033      0.038      0.885      0.376
    EDUCATION_         0.037      0.036      1.031      0.303
    UNEMPLOYED        -0.017      0.032     -0.547      0.584
    UNEMPLOYED         0.075      0.029      2.584      0.010
    FIN3               0.089      0.031      2.823      0.005

 Y1       ON
    GENDER1           -0.090      0.032     -2.822      0.005
    AGE1               0.031      0.028      1.107      0.268
    EDUCATION_         0.029      0.038      0.771      0.440
    EDUCATION_        -0.007      0.035     -0.202      0.840
    UNEMPLOYED         0.003      0.035      0.095      0.924
    UNEMPLOYED         0.027      0.035      0.750      0.453
    FIN1               0.183      0.029      6.230      0.000

 Y2       ON
    GENDER1           -0.080      0.033     -2.397      0.017
    AGE1               0.032      0.028      1.177      0.239
    EDUCATION_         0.008      0.039      0.214      0.830
    EDUCATION_        -0.006      0.040     -0.140      0.889
    UNEMPLOYED        -0.073      0.034     -2.124      0.034
    UNEMPLOYED         0.037      0.035      1.039      0.299
    FIN2               0.174      0.031      5.683      0.000

 Y3       ON
    GENDER1           -0.041      0.032     -1.303      0.193
    AGE1               0.020      0.027      0.748      0.455
    EDUCATION_         0.012      0.038      0.305      0.760
    EDUCATION_         0.020      0.036      0.554      0.580
    UNEMPLOYED        -0.012      0.032     -0.378      0.706
    UNEMPLOYED         0.057      0.032      1.768      0.077
    FIN3               0.228      0.029      7.752      0.000

 M1       ON
    GENDER1           -0.024      0.032     -0.742      0.458
    AGE1               0.047      0.029      1.623      0.105
    EDUCATION_        -0.070      0.040     -1.762      0.078
    EDUCATION_         0.014      0.038      0.367      0.713
    UNEMPLOYED         0.010      0.035      0.290      0.772
    UNEMPLOYED         0.064      0.034      1.878      0.060
    FIN1               0.181      0.030      6.055      0.000

 M2       ON
    GENDER1           -0.061      0.030     -2.020      0.043
    AGE1               0.043      0.025      1.690      0.091
    EDUCATION_        -0.046      0.037     -1.256      0.209
    EDUCATION_        -0.003      0.037     -0.076      0.940
    UNEMPLOYED        -0.015      0.035     -0.422      0.673
    UNEMPLOYED        -0.010      0.031     -0.321      0.748
    FIN2               0.160      0.028      5.613      0.000

 M3       ON
    GENDER1           -0.016      0.033     -0.496      0.620
    AGE1               0.037      0.025      1.456      0.145
    EDUCATION_        -0.041      0.039     -1.040      0.298
    EDUCATION_         0.023      0.039      0.607      0.544
    UNEMPLOYED         0.001      0.034      0.037      0.971
    UNEMPLOYED         0.032      0.030      1.056      0.291
    FIN3               0.164      0.032      5.189      0.000

 RIX      WITH
    RIY                0.287      0.051      5.677      0.000
    RIM                0.638      0.038     16.703      0.000

 RIY      WITH
    RIM                0.575      0.040     14.496      0.000

 WX1      WITH
    WY1                0.057      0.055      1.033      0.301
    WM1                0.265      0.058      4.575      0.000

 WY1      WITH
    WM1                0.255      0.057      4.439      0.000

 WX2      WITH
    WY2                0.198      0.049      4.082      0.000
    WM2                0.331      0.042      7.780      0.000

 WY2      WITH
    WM2                0.315      0.038      8.283      0.000

 WX3      WITH
    WY3                0.198      0.049      4.082      0.000
    WM3                0.331      0.042      7.780      0.000

 WY3      WITH
    WM3                0.315      0.038      8.283      0.000

 GENDER1  WITH
    AGE1              -0.003      0.032     -0.079      0.937
    EDUCATION_        -0.076      0.032     -2.365      0.018
    EDUCATION_        -0.046      0.032     -1.458      0.145
    UNEMPLOYED        -0.016      0.032     -0.505      0.613
    UNEMPLOYED        -0.013      0.033     -0.402      0.688
    FIN1               0.034      0.032      1.068      0.285
    FIN2              -0.003      0.033     -0.076      0.939
    FIN3               0.014      0.033      0.434      0.664

 AGE1     WITH
    EDUCATION_        -0.078      0.032     -2.452      0.014
    EDUCATION_        -0.038      0.032     -1.185      0.236
    UNEMPLOYED         0.069      0.031      2.242      0.025
    UNEMPLOYED         0.014      0.032      0.447      0.655
    FIN1              -0.013      0.032     -0.418      0.676
    FIN2              -0.025      0.032     -0.788      0.431
    FIN3              -0.029      0.032     -0.907      0.364

 EDUCATIO WITH
    EDUCATION_         0.469      0.028     16.554      0.000
    UNEMPLOYED        -0.250      0.030     -8.370      0.000
    UNEMPLOYED        -0.096      0.034     -2.848      0.004
    FIN1               0.143      0.032      4.459      0.000
    FIN2               0.164      0.031      5.220      0.000
    FIN3               0.162      0.032      5.052      0.000

 EDUCATIO WITH
    UNEMPLOYED        -0.158      0.031     -5.172      0.000
    UNEMPLOYED        -0.122      0.027     -4.506      0.000
    FIN1               0.172      0.032      5.308      0.000
    FIN2               0.211      0.031      6.845      0.000
    FIN3               0.214      0.031      7.019      0.000

 UNEMPLOY WITH
    UNEMPLOYED         0.146      0.042      3.482      0.000
    FIN1              -0.108      0.035     -3.095      0.002
    FIN2              -0.098      0.033     -2.952      0.003
    FIN3              -0.129      0.032     -3.985      0.000

 UNEMPLOY WITH
    FIN1              -0.122      0.036     -3.375      0.001
    FIN2              -0.093      0.030     -3.121      0.002
    FIN3              -0.091      0.033     -2.758      0.006

 FIN1     WITH
    FIN2               0.715      0.019     38.309      0.000
    FIN3               0.655      0.024     27.857      0.000

 FIN2     WITH
    FIN3               0.703      0.021     33.353      0.000

 Means
    GENDER1            1.351      0.045     29.935      0.000
    AGE1              32.399      0.350     92.495      0.000
    EDUCATION_         4.015      0.064     62.460      0.000
    EDUCATION_         3.784      0.060     63.191      0.000
    UNEMPLOYED         0.427      0.019     22.552      0.000
    UNEMPLOYED         0.273      0.018     15.497      0.000
    FIN1               4.405      0.092     48.116      0.000
    FIN2               4.567      0.096     47.384      0.000
    FIN3               4.333      0.102     42.312      0.000

 Intercepts
    X1                -2.818      0.890     -3.165      0.002
    X2                -2.815      0.893     -3.152      0.002
    X3                -2.811      0.890     -3.157      0.002
    Y1                -1.783      0.928     -1.920      0.055
    Y2                -1.728      0.905     -1.910      0.056
    Y3                -1.715      0.897     -1.911      0.056
    M1                -2.107      0.958     -2.199      0.028
    M2                -1.845      0.841     -2.194      0.028
    M3                -1.832      0.834     -2.195      0.028

 Variances
    GENDER1            1.000      0.000    999.000    999.000
    AGE1               1.000      0.000    999.000    999.000
    EDUCATION_         1.000      0.000    999.000    999.000
    EDUCATION_         1.000      0.000    999.000    999.000
    UNEMPLOYED         1.000      0.000    999.000    999.000
    UNEMPLOYED         1.000      0.000    999.000    999.000
    FIN1               1.000      0.000    999.000    999.000
    FIN2               1.000      0.000    999.000    999.000
    FIN3               1.000      0.000    999.000    999.000
    RIX                1.000      0.000    999.000    999.000
    RIY                1.000      0.000    999.000    999.000
    RIM                1.000      0.000    999.000    999.000
    WX1                1.000      0.000    999.000    999.000
    WY1                1.000      0.000    999.000    999.000
    WM1                1.000      0.000    999.000    999.000

 Residual Variances
    X1                 0.000      0.000      0.000      1.000
    X2                 0.000      0.000      0.000      1.000
    X3                 0.000      0.000      0.000      1.000
    Y1                 0.000      0.000      0.000      1.000
    Y2                 0.000      0.000      0.000      1.000
    Y3                 0.000      0.000      0.000      1.000
    M1                 0.000      0.000      0.000      1.000
    M2                 0.000      0.000      0.000      1.000
    M3                 0.000      0.000      0.000      1.000
    WX2                0.988      0.013     74.720      0.000
    WX3                0.981      0.019     51.764      0.000
    WY2                0.997      0.010    104.916      0.000
    WY3                0.995      0.013     78.720      0.000
    WM2                0.959      0.021     45.893      0.000
    WM3                0.933      0.031     30.456      0.000


R-SQUARE

    Observed                                        Two-Tailed
    Variable        Estimate       S.E.  Est./S.E.    P-Value

    X1                 1.000      0.000    999.000    999.000
    X2                 1.000      0.000    999.000    999.000
    X3                 1.000      0.000    999.000    999.000
    Y1                 1.000      0.000    999.000    999.000
    Y2                 1.000      0.000    999.000    999.000
    Y3                 1.000      0.000    999.000    999.000
    M1                 1.000      0.000    999.000    999.000
    M2                 1.000      0.000    999.000    999.000
    M3                 1.000      0.000    999.000    999.000

     Latent                                         Two-Tailed
    Variable        Estimate       S.E.  Est./S.E.    P-Value

    WX2                0.012      0.013      0.920      0.358
    WX3                0.019      0.019      1.003      0.316
    WY2                0.003      0.010      0.342      0.732
    WY3                0.005      0.013      0.405      0.686
    WM2                0.041      0.021      1.943      0.052
    WM3                0.067      0.031      2.195      0.028


CONFIDENCE INTERVALS OF MODEL RESULTS

                  Lower .5%  Lower 2.5%    Lower 5%    Estimate    Upper 5%  Upper 2.5%   Upper .5%

 RIX      BY
    X1               1.000       1.000       1.000       1.000       1.000       1.000       1.000
    X2               1.000       1.000       1.000       1.000       1.000       1.000       1.000
    X3               1.000       1.000       1.000       1.000       1.000       1.000       1.000

 RIY      BY
    Y1               1.000       1.000       1.000       1.000       1.000       1.000       1.000
    Y2               1.000       1.000       1.000       1.000       1.000       1.000       1.000
    Y3               1.000       1.000       1.000       1.000       1.000       1.000       1.000

 RIM      BY
    M1               1.000       1.000       1.000       1.000       1.000       1.000       1.000
    M2               1.000       1.000       1.000       1.000       1.000       1.000       1.000
    M3               1.000       1.000       1.000       1.000       1.000       1.000       1.000

 WX1      BY
    X1               1.000       1.000       1.000       1.000       1.000       1.000       1.000

 WX2      BY
    X2               1.000       1.000       1.000       1.000       1.000       1.000       1.000

 WX3      BY
    X3               1.000       1.000       1.000       1.000       1.000       1.000       1.000

 WY1      BY
    Y1               1.000       1.000       1.000       1.000       1.000       1.000       1.000

 WY2      BY
    Y2               1.000       1.000       1.000       1.000       1.000       1.000       1.000

 WY3      BY
    Y3               1.000       1.000       1.000       1.000       1.000       1.000       1.000

 WM1      BY
    M1               1.000       1.000       1.000       1.000       1.000       1.000       1.000

 WM2      BY
    M2               1.000       1.000       1.000       1.000       1.000       1.000       1.000

 WM3      BY
    M3               1.000       1.000       1.000       1.000       1.000       1.000       1.000

 WY2      ON
    WY1             -0.200      -0.164      -0.142      -0.017       0.122       0.147       0.198
    WX1             -0.094      -0.063      -0.051       0.021       0.088       0.101       0.123
    WM1             -0.101      -0.062      -0.040       0.075       0.185       0.203       0.246

 WY3      ON
    WY2             -0.200      -0.164      -0.142      -0.017       0.122       0.147       0.198
    WX2             -0.094      -0.063      -0.051       0.021       0.088       0.101       0.123
    WM2             -0.101      -0.062      -0.040       0.075       0.185       0.203       0.246

 WX2      ON
    WX1             -0.107      -0.065      -0.043       0.065       0.175       0.193       0.234
    WY1             -0.122      -0.090      -0.072       0.019       0.107       0.124       0.157
    WM1             -0.061      -0.012       0.012       0.141       0.271       0.297       0.342

 WX3      ON
    WX2             -0.107      -0.065      -0.043       0.065       0.175       0.193       0.234
    WY2             -0.122      -0.090      -0.072       0.019       0.107       0.124       0.157
    WM2             -0.061      -0.012       0.012       0.141       0.271       0.297       0.342

 WM2      ON
    WM1              0.079       0.114       0.136       0.241       0.345       0.363       0.399
    WX1             -0.078      -0.061      -0.053      -0.006       0.043       0.051       0.071
    WY1             -0.040      -0.020      -0.009       0.049       0.107       0.118       0.140

 WM3      ON
    WM2              0.079       0.114       0.136       0.241       0.345       0.363       0.399
    WX2             -0.078      -0.061      -0.053      -0.006       0.043       0.051       0.071
    WY2             -0.040      -0.020      -0.009       0.049       0.107       0.118       0.140

 X1       ON
    GENDER1          0.436       0.472       0.490       0.586       0.680       0.698       0.731
    AGE1            -0.024       0.004       0.019       0.103       0.186       0.203       0.234
    EDUCATION_      -0.050      -0.029      -0.019       0.035       0.090       0.101       0.121
    EDUCATION_      -0.027      -0.008       0.001       0.052       0.102       0.111       0.130
    UNEMPLOYED      -0.274      -0.227      -0.204      -0.082       0.045       0.071       0.121
    UNEMPLOYED      -0.071      -0.008       0.022       0.181       0.343       0.375       0.434
    FIN1            -0.021      -0.004       0.006       0.054       0.102       0.111       0.127

 X2       ON
    GENDER1          0.255       0.290       0.310       0.410       0.508       0.525       0.567
    AGE1            -0.030       0.000       0.016       0.100       0.182       0.199       0.232
    EDUCATION_      -0.067      -0.045      -0.035       0.022       0.078       0.090       0.112
    EDUCATION_      -0.035      -0.013      -0.003       0.052       0.106       0.117       0.135
    UNEMPLOYED      -0.242      -0.183      -0.157      -0.029       0.105       0.128       0.178
    UNEMPLOYED      -0.048       0.018       0.051       0.235       0.417       0.454       0.522
    FIN2             0.036       0.052       0.062       0.112       0.161       0.172       0.190

 X3       ON
    GENDER1          0.263       0.302       0.321       0.420       0.520       0.539       0.575
    AGE1            -0.023       0.007       0.022       0.106       0.188       0.205       0.236
    EDUCATION_      -0.059      -0.039      -0.028       0.031       0.088       0.099       0.121
    EDUCATION_      -0.053      -0.031      -0.021       0.034       0.088       0.099       0.121
    UNEMPLOYED      -0.252      -0.199      -0.173      -0.044       0.089       0.115       0.162
    UNEMPLOYED      -0.005       0.061       0.096       0.266       0.435       0.463       0.533
    FIN3             0.009       0.029       0.038       0.093       0.148       0.159       0.181

 Y1       ON
    GENDER1         -0.245      -0.216      -0.201      -0.128      -0.053      -0.039      -0.012
    AGE1            -0.061      -0.034      -0.022       0.043       0.107       0.120       0.145
    EDUCATION_      -0.047      -0.031      -0.023       0.020       0.063       0.072       0.089
    EDUCATION_      -0.068      -0.051      -0.044      -0.005       0.035       0.043       0.059
    UNEMPLOYED      -0.171      -0.125      -0.104       0.006       0.113       0.135       0.170
    UNEMPLOYED      -0.183      -0.120      -0.089       0.071       0.225       0.254       0.309
    FIN1             0.085       0.100       0.108       0.145       0.183       0.191       0.205

 Y2       ON
    GENDER1         -0.243      -0.213      -0.197      -0.117      -0.036      -0.021       0.008
    AGE1            -0.058      -0.031      -0.019       0.047       0.112       0.125       0.152
    EDUCATION_      -0.068      -0.050      -0.041       0.006       0.051       0.059       0.077
    EDUCATION_      -0.078      -0.059      -0.050      -0.004       0.043       0.052       0.070
    UNEMPLOYED      -0.318      -0.271      -0.249      -0.142      -0.030      -0.011       0.026
    UNEMPLOYED      -0.154      -0.093      -0.062       0.100       0.263       0.290       0.345
    FIN2             0.082       0.097       0.105       0.147       0.190       0.198       0.214

 Y3       ON
    GENDER1         -0.177      -0.153      -0.138      -0.061       0.015       0.029       0.057
    AGE1            -0.073      -0.048      -0.036       0.029       0.094       0.106       0.132
    EDUCATION_      -0.064      -0.048      -0.038       0.008       0.053       0.062       0.079
    EDUCATION_      -0.052      -0.036      -0.028       0.014       0.056       0.064       0.080
    UNEMPLOYED      -0.188      -0.146      -0.127      -0.024       0.078       0.096       0.131
    UNEMPLOYED      -0.078      -0.020       0.008       0.156       0.300       0.327       0.379
    FIN3             0.124       0.139       0.146       0.186       0.226       0.234       0.249

 M1       ON
    GENDER1         -0.102      -0.083      -0.073      -0.023       0.028       0.037       0.055
    AGE1            -0.027      -0.010       0.000       0.045       0.090       0.099       0.117
    EDUCATION_      -0.081      -0.069      -0.063      -0.033      -0.002       0.004       0.016
    EDUCATION_      -0.040      -0.028      -0.022       0.007       0.036       0.041       0.053
    UNEMPLOYED      -0.104      -0.077      -0.061       0.013       0.087       0.100       0.127
    UNEMPLOYED      -0.049      -0.006       0.012       0.116       0.219       0.239       0.279
    FIN1             0.056       0.065       0.071       0.098       0.124       0.129       0.140

 M2       ON
    GENDER1         -0.155      -0.133      -0.122      -0.067      -0.012      -0.001       0.020
    AGE1            -0.024      -0.007       0.001       0.047       0.091       0.101       0.118
    EDUCATION_      -0.077      -0.064      -0.058      -0.025       0.008       0.015       0.027
    EDUCATION_      -0.054      -0.041      -0.034      -0.002       0.031       0.037       0.049
    UNEMPLOYED      -0.153      -0.120      -0.105      -0.021       0.061       0.076       0.108
    UNEMPLOYED      -0.187      -0.145      -0.124      -0.020       0.083       0.106       0.144
    FIN2             0.055       0.066       0.072       0.102       0.132       0.137       0.149

 M3       ON
    GENDER1         -0.113      -0.090      -0.080      -0.018       0.042       0.054       0.076
    AGE1            -0.031      -0.014      -0.005       0.040       0.085       0.094       0.112
    EDUCATION_      -0.076      -0.064      -0.057      -0.022       0.012       0.019       0.034
    EDUCATION_      -0.040      -0.028      -0.021       0.012       0.047       0.053       0.066
    UNEMPLOYED      -0.129      -0.097      -0.082       0.002       0.084       0.099       0.128
    UNEMPLOYED      -0.103      -0.060      -0.038       0.066       0.167       0.187       0.224
    FIN3             0.050       0.061       0.067       0.100       0.133       0.139       0.151

 RIX      WITH
    RIY              0.050       0.060       0.065       0.095       0.125       0.132       0.142
    RIM              0.107       0.116       0.120       0.145       0.166       0.171       0.179

 RIY      WITH
    RIM              0.070       0.077       0.080       0.099       0.116       0.120       0.127

 WX1      WITH
    WY1             -0.020      -0.012      -0.008       0.013       0.035       0.039       0.048
    WM1              0.015       0.022       0.025       0.042       0.060       0.063       0.070

 WY1      WITH
    WM1              0.011       0.016       0.019       0.032       0.047       0.050       0.057

 WX2      WITH
    WY2              0.016       0.024       0.029       0.052       0.073       0.077       0.085
    WM2              0.045       0.051       0.054       0.071       0.087       0.090       0.095

 WY2      WITH
    WM2              0.034       0.039       0.041       0.055       0.067       0.069       0.074

 WX3      WITH
    WY3              0.016       0.024       0.029       0.052       0.073       0.077       0.085
    WM3              0.045       0.051       0.054       0.071       0.087       0.090       0.095

 WY3      WITH
    WM3              0.034       0.039       0.041       0.055       0.067       0.069       0.074

 GENDER1  WITH
    AGE1            -0.019      -0.015      -0.013      -0.001       0.012       0.014       0.019
    EDUCATION_      -0.073      -0.065      -0.060      -0.036      -0.011      -0.006       0.004
    EDUCATION_      -0.059      -0.051      -0.046      -0.022       0.003       0.008       0.018
    UNEMPLOYED      -0.017      -0.014      -0.012      -0.003       0.006       0.008       0.011
    UNEMPLOYED      -0.012      -0.010      -0.008      -0.002       0.005       0.006       0.009
    FIN1            -0.019      -0.012      -0.008       0.014       0.035       0.040       0.047
    FIN2            -0.035      -0.027      -0.022      -0.001       0.020       0.024       0.032
    FIN3            -0.030      -0.021      -0.017       0.006       0.028       0.032       0.040

 AGE1     WITH
    EDUCATION_      -0.075      -0.067      -0.062      -0.037      -0.012      -0.008       0.002
    EDUCATION_      -0.057      -0.049      -0.044      -0.018       0.007       0.012       0.022
    UNEMPLOYED      -0.002       0.001       0.003       0.012       0.021       0.022       0.025
    UNEMPLOYED      -0.009      -0.006      -0.005       0.002       0.008       0.009       0.012
    FIN1            -0.040      -0.031      -0.027      -0.006       0.016       0.020       0.028
    FIN2            -0.044      -0.036      -0.031      -0.010       0.011       0.015       0.022
    FIN3            -0.047      -0.038      -0.034      -0.012       0.010       0.015       0.023

 EDUCATIO WITH
    EDUCATION_       0.373       0.393       0.403       0.452       0.502       0.512       0.531
    UNEMPLOYED      -0.120      -0.111      -0.107      -0.088      -0.069      -0.065      -0.058
    UNEMPLOYED      -0.046      -0.041      -0.038      -0.024      -0.010      -0.007      -0.001
    FIN1             0.048       0.065       0.074       0.119       0.163       0.171       0.190
    FIN2             0.066       0.081       0.089       0.132       0.174       0.182       0.197
    FIN3             0.066       0.084       0.091       0.136       0.181       0.189       0.206

 EDUCATIO WITH
    UNEMPLOYED      -0.086      -0.079      -0.075      -0.057      -0.038      -0.034      -0.027
    UNEMPLOYED      -0.050      -0.045      -0.043      -0.031      -0.019      -0.016      -0.013
    FIN1             0.075       0.091       0.100       0.146       0.190       0.201       0.217
    FIN2             0.108       0.122       0.130       0.173       0.216       0.224       0.242
    FIN3             0.113       0.131       0.140       0.184       0.229       0.238       0.254

 UNEMPLOY WITH
    UNEMPLOYED       0.004       0.006       0.007       0.013       0.020       0.022       0.024
    FIN1            -0.062      -0.055      -0.052      -0.033      -0.016      -0.012      -0.006
    FIN2            -0.055      -0.048      -0.046      -0.029      -0.013      -0.010      -0.004
    FIN3            -0.068      -0.061      -0.058      -0.040      -0.023      -0.020      -0.014

 UNEMPLOY WITH
    FIN1            -0.048      -0.043      -0.040      -0.027      -0.013      -0.010      -0.005
    FIN2            -0.037      -0.033      -0.031      -0.020      -0.009      -0.007      -0.003
    FIN3            -0.040      -0.035      -0.032      -0.020      -0.008      -0.006      -0.001

 FIN1     WITH
    FIN2             0.440       0.455       0.463       0.504       0.545       0.553       0.568
    FIN3             0.419       0.434       0.442       0.484       0.525       0.533       0.551

 FIN2     WITH
    FIN3             0.441       0.456       0.463       0.503       0.543       0.551       0.566

 Means
    GENDER1          0.607       0.616       0.621       0.646       0.671       0.676       0.685
    AGE1            15.598      15.608      15.612      15.638      15.663      15.669      15.679
    EDUCATION_       3.826       3.846       3.855       3.906       3.958       3.968       3.987
    EDUCATION_       3.670       3.690       3.700       3.754       3.806       3.816       3.837
    UNEMPLOYED       0.124       0.132       0.135       0.154       0.173       0.176       0.184
    UNEMPLOYED       0.049       0.054       0.056       0.070       0.083       0.086       0.091
    FIN1             3.683       3.702       3.711       3.755       3.800       3.808       3.826
    FIN2             3.707       3.724       3.732       3.776       3.820       3.828       3.843
    FIN3             3.681       3.698       3.706       3.753       3.799       3.807       3.823

 Intercepts
    X1              -4.632      -4.137      -3.870      -2.550      -1.201      -0.962      -0.478
    X2              -4.632      -4.137      -3.870      -2.550      -1.201      -0.962      -0.478
    X3              -4.632      -4.137      -3.870      -2.550      -1.201      -0.962      -0.478
    Y1              -2.867      -2.441      -2.231      -1.208      -0.161       0.043       0.446
    Y2              -2.867      -2.441      -2.231      -1.208      -0.161       0.043       0.446
    Y3              -2.867      -2.441      -2.231      -1.208      -0.161       0.043       0.446
    M1              -2.127      -1.833      -1.678      -0.969      -0.243      -0.111       0.177
    M2              -2.127      -1.833      -1.678      -0.969      -0.243      -0.111       0.177
    M3              -2.127      -1.833      -1.678      -0.969      -0.243      -0.111       0.177

 Variances
    GENDER1          0.216       0.219       0.221       0.229       0.235       0.236       0.238
    AGE1             0.220       0.223       0.225       0.233       0.240       0.241       0.244
    EDUCATION_       0.886       0.900       0.907       0.946       0.987       0.996       1.013
    EDUCATION_       0.914       0.929       0.938       0.984       1.030       1.040       1.058
    UNEMPLOYED       0.109       0.114       0.117       0.130       0.143       0.145       0.150
    UNEMPLOYED       0.047       0.051       0.053       0.065       0.077       0.079       0.083
    FIN1             0.657       0.671       0.680       0.727       0.771       0.779       0.798
    FIN2             0.617       0.632       0.640       0.683       0.727       0.736       0.753
    FIN3             0.670       0.688       0.698       0.750       0.803       0.814       0.834
    RIX              0.356       0.376       0.385       0.438       0.483       0.492       0.511
    RIY              0.198       0.210       0.216       0.253       0.283       0.289       0.302
    RIM              0.088       0.095       0.099       0.118       0.133       0.136       0.142
    WX1              0.229       0.243       0.250       0.291       0.334       0.343       0.364
    WY1              0.145       0.154       0.159       0.187       0.217       0.223       0.235
    WM1              0.064       0.069       0.071       0.085       0.101       0.105       0.113

 Residual Variances
    X1               0.000       0.000       0.000       0.000       0.000       0.000       0.000
    X2               0.000       0.000       0.000       0.000       0.000       0.000       0.000
    X3               0.000       0.000       0.000       0.000       0.000       0.000       0.000
    Y1               0.000       0.000       0.000       0.000       0.000       0.000       0.000
    Y2               0.000       0.000       0.000       0.000       0.000       0.000       0.000
    Y3               0.000       0.000       0.000       0.000       0.000       0.000       0.000
    M1               0.000       0.000       0.000       0.000       0.000       0.000       0.000
    M2               0.000       0.000       0.000       0.000       0.000       0.000       0.000
    M3               0.000       0.000       0.000       0.000       0.000       0.000       0.000
    WX2              0.257       0.272       0.280       0.323       0.359       0.367       0.383
    WX3              0.257       0.272       0.280       0.323       0.359       0.367       0.383
    WY2              0.167       0.177       0.182       0.214       0.241       0.248       0.258
    WY3              0.167       0.177       0.182       0.214       0.241       0.248       0.258
    WM2              0.124       0.129       0.131       0.143       0.153       0.156       0.160
    WM3              0.124       0.129       0.131       0.143       0.153       0.156       0.160

New/Additional Parameters
    IND             -0.011      -0.007      -0.006       0.000       0.004       0.005       0.008


CONFIDENCE INTERVALS OF STANDARDIZED MODEL RESULTS


STDYX Standardization

                  Lower .5%  Lower 2.5%    Lower 5%    Estimate    Upper 5%  Upper 2.5%   Upper .5%

 RIX      BY
    X1               0.672       0.687       0.694       0.731       0.759       0.765       0.775
    X2               0.666       0.683       0.691       0.731       0.761       0.767       0.778
    X3               0.664       0.680       0.688       0.730       0.760       0.766       0.778

 RIY      BY
    Y1               0.676       0.691       0.699       0.742       0.770       0.777       0.788
    Y2               0.647       0.664       0.673       0.719       0.751       0.758       0.769
    Y3               0.639       0.657       0.667       0.713       0.747       0.754       0.765

 RIM      BY
    M1               0.654       0.679       0.691       0.746       0.783       0.790       0.804
    M2               0.576       0.598       0.607       0.653       0.685       0.691       0.701
    M3               0.565       0.590       0.600       0.649       0.683       0.689       0.700

 WX1      BY
    X1               0.540       0.552       0.559       0.596       0.633       0.641       0.657

 WX2      BY
    X2               0.568       0.583       0.590       0.631       0.671       0.678       0.692

 WX3      BY
    X3               0.568       0.584       0.591       0.633       0.673       0.681       0.696

 WY1      BY
    Y1               0.576       0.590       0.599       0.638       0.677       0.686       0.700

 WY2      BY
    Y2               0.599       0.613       0.620       0.662       0.703       0.712       0.728

 WY3      BY
    Y3               0.595       0.609       0.616       0.658       0.700       0.708       0.725

 WM1      BY
    M1               0.557       0.575       0.585       0.635       0.689       0.700       0.723

 WM2      BY
    M2               0.686       0.696       0.702       0.736       0.770       0.778       0.794

 WM3      BY
    M3               0.688       0.700       0.706       0.742       0.777       0.785       0.799

 WY2      ON
    WY1             -0.200      -0.163      -0.140      -0.016       0.108       0.130       0.172
    WX1             -0.108      -0.074      -0.059       0.024       0.102       0.115       0.143
    WM1             -0.064      -0.039      -0.025       0.047       0.118       0.130       0.158

 WY3      ON
    WY2             -0.200      -0.164      -0.142      -0.017       0.122       0.146       0.196
    WX2             -0.112      -0.076      -0.061       0.025       0.110       0.125       0.156
    WM2             -0.082      -0.051      -0.033       0.063       0.154       0.170       0.207

 WX2      ON
    WX1             -0.106      -0.064      -0.042       0.062       0.160       0.178       0.216
    WY1             -0.094      -0.069      -0.055       0.014       0.081       0.094       0.119
    WM1             -0.030      -0.006       0.006       0.072       0.143       0.156       0.186

 WX3      ON
    WX2             -0.106      -0.065      -0.043       0.065       0.173       0.192       0.232
    WY2             -0.100      -0.074      -0.059       0.015       0.087       0.101       0.127
    WM2             -0.041      -0.008       0.008       0.095       0.184       0.201       0.235

 WM2      ON
    WM1              0.058       0.084       0.100       0.182       0.267       0.285       0.321
    WX1             -0.112      -0.086      -0.074      -0.008       0.059       0.070       0.097
    WY1             -0.046      -0.022      -0.010       0.055       0.119       0.132       0.157

 WM3      ON
    WM2              0.079       0.114       0.136       0.238       0.336       0.353       0.387
    WX2             -0.111      -0.088      -0.076      -0.009       0.062       0.075       0.104
    WY2             -0.047      -0.023      -0.011       0.058       0.127       0.141       0.167

 X1       ON
    GENDER1          0.234       0.252       0.261       0.310       0.357       0.365       0.382
    AGE1            -0.013       0.002       0.010       0.055       0.099       0.108       0.124
    EDUCATION_      -0.054      -0.032      -0.020       0.037       0.097       0.107       0.128
    EDUCATION_      -0.030      -0.009       0.001       0.057       0.111       0.122       0.143
    UNEMPLOYED      -0.108      -0.091      -0.081      -0.033       0.018       0.028       0.048
    UNEMPLOYED      -0.020      -0.002       0.006       0.051       0.095       0.104       0.120
    FIN1            -0.020      -0.003       0.006       0.051       0.095       0.104       0.120

 X2       ON
    GENDER1          0.136       0.155       0.164       0.216       0.266       0.275       0.296
    AGE1            -0.016       0.000       0.008       0.053       0.097       0.106       0.124
    EDUCATION_      -0.070      -0.048      -0.038       0.023       0.084       0.097       0.121
    EDUCATION_      -0.038      -0.014      -0.003       0.057       0.116       0.128       0.147
    UNEMPLOYED      -0.096      -0.073      -0.063      -0.012       0.042       0.051       0.070
    UNEMPLOYED      -0.013       0.005       0.014       0.066       0.117       0.126       0.146
    FIN2             0.032       0.048       0.056       0.102       0.147       0.156       0.172

 X3       ON
    GENDER1          0.138       0.160       0.170       0.221       0.272       0.282       0.300
    AGE1            -0.012       0.004       0.012       0.056       0.100       0.109       0.125
    EDUCATION_      -0.063      -0.042      -0.030       0.033       0.094       0.106       0.129
    EDUCATION_      -0.057      -0.034      -0.023       0.037       0.096       0.109       0.132
    UNEMPLOYED      -0.101      -0.079      -0.069      -0.017       0.035       0.046       0.064
    UNEMPLOYED      -0.001       0.017       0.026       0.075       0.122       0.131       0.147
    FIN3             0.009       0.028       0.037       0.089       0.140       0.151       0.169

 Y1       ON
    GENDER1         -0.173      -0.153      -0.143      -0.090      -0.038      -0.028      -0.008
    AGE1            -0.043      -0.025      -0.016       0.031       0.076       0.085       0.102
    EDUCATION_      -0.069      -0.045      -0.033       0.029       0.091       0.103       0.127
    EDUCATION_      -0.098      -0.075      -0.064      -0.007       0.051       0.063       0.086
    UNEMPLOYED      -0.091      -0.066      -0.055       0.003       0.061       0.072       0.089
    UNEMPLOYED      -0.066      -0.045      -0.033       0.027       0.084       0.094       0.115
    FIN1             0.105       0.126       0.134       0.183       0.232       0.240       0.259

 Y2       ON
    GENDER1         -0.165      -0.145      -0.134      -0.080      -0.025      -0.014       0.005
    AGE1            -0.040      -0.022      -0.013       0.032       0.077       0.086       0.104
    EDUCATION_      -0.093      -0.069      -0.056       0.008       0.071       0.082       0.108
    EDUCATION_      -0.109      -0.083      -0.070      -0.006       0.062       0.074       0.099
    UNEMPLOYED      -0.162      -0.139      -0.129      -0.073      -0.016      -0.006       0.013
    UNEMPLOYED      -0.056      -0.034      -0.022       0.037       0.095       0.105       0.124
    FIN2             0.096       0.115       0.124       0.174       0.224       0.234       0.253

 Y3       ON
    GENDER1         -0.121      -0.103      -0.094      -0.041       0.010       0.020       0.038
    AGE1            -0.050      -0.033      -0.025       0.020       0.064       0.072       0.090
    EDUCATION_      -0.088      -0.065      -0.052       0.012       0.074       0.087       0.109
    EDUCATION_      -0.073      -0.051      -0.039       0.020       0.079       0.090       0.111
    UNEMPLOYED      -0.096      -0.075      -0.065      -0.012       0.040       0.049       0.066
    UNEMPLOYED      -0.028      -0.007       0.003       0.057       0.108       0.118       0.134
    FIN3             0.153       0.172       0.180       0.228       0.278       0.286       0.305

 M1       ON
    GENDER1         -0.106      -0.086      -0.076      -0.024       0.029       0.039       0.058
    AGE1            -0.028      -0.010       0.000       0.047       0.094       0.104       0.122
    EDUCATION_      -0.172      -0.145      -0.134      -0.070      -0.003       0.009       0.033
    EDUCATION_      -0.086      -0.060      -0.049       0.014       0.077       0.089       0.114
    UNEMPLOYED      -0.083      -0.060      -0.048       0.010       0.068       0.078       0.099
    UNEMPLOYED      -0.026      -0.003       0.007       0.064       0.121       0.131       0.155
    FIN1             0.105       0.121       0.131       0.181       0.229       0.239       0.257

 M2       ON
    GENDER1         -0.140      -0.120      -0.111      -0.061      -0.012      -0.001       0.018
    AGE1            -0.022      -0.007       0.001       0.043       0.084       0.092       0.109
    EDUCATION_      -0.141      -0.117      -0.106      -0.046       0.015       0.027       0.050
    EDUCATION_      -0.101      -0.077      -0.064      -0.003       0.059       0.071       0.093
    UNEMPLOYED      -0.104      -0.082      -0.072      -0.015       0.042       0.052       0.073
    UNEMPLOYED      -0.091      -0.070      -0.060      -0.010       0.040       0.051       0.070
    FIN2             0.086       0.103       0.113       0.160       0.206       0.215       0.233

 M3       ON
    GENDER1         -0.104      -0.081      -0.072      -0.016       0.037       0.049       0.069
    AGE1            -0.028      -0.012      -0.005       0.037       0.078       0.087       0.102
    EDUCATION_      -0.139      -0.117      -0.104      -0.041       0.023       0.035       0.062
    EDUCATION_      -0.076      -0.052      -0.040       0.023       0.088       0.101       0.123
    UNEMPLOYED      -0.087      -0.067      -0.056       0.001       0.057       0.068       0.087
    UNEMPLOYED      -0.048      -0.028      -0.018       0.032       0.081       0.090       0.108
    FIN3             0.084       0.102       0.111       0.164       0.215       0.225       0.244

 RIX      WITH
    RIY              0.159       0.188       0.205       0.287       0.370       0.389       0.422
    RIM              0.534       0.561       0.575       0.638       0.700       0.712       0.736

 RIY      WITH
    RIM              0.472       0.497       0.510       0.575       0.641       0.653       0.677

 WX1      WITH
    WY1             -0.085      -0.053      -0.035       0.057       0.147       0.163       0.197
    WM1              0.103       0.146       0.166       0.265       0.358       0.375       0.400

 WY1      WITH
    WM1              0.100       0.139       0.159       0.255       0.347       0.365       0.393

 WX2      WITH
    WY2              0.062       0.097       0.114       0.198       0.274       0.290       0.313
    WM2              0.223       0.247       0.260       0.331       0.401       0.413       0.435

 WY2      WITH
    WM2              0.209       0.234       0.249       0.315       0.374       0.384       0.404

 WX3      WITH
    WY3              0.062       0.097       0.114       0.198       0.274       0.290       0.313
    WM3              0.223       0.247       0.260       0.331       0.401       0.413       0.435

 WY3      WITH
    WM3              0.209       0.234       0.249       0.315       0.374       0.384       0.404

 GENDER1  WITH
    AGE1            -0.085      -0.065      -0.056      -0.003       0.050       0.060       0.081
    EDUCATION_      -0.158      -0.139      -0.129      -0.076      -0.023      -0.013       0.008
    EDUCATION_      -0.125      -0.106      -0.097      -0.046       0.007       0.016       0.038
    UNEMPLOYED      -0.101      -0.080      -0.070      -0.016       0.036       0.047       0.066
    UNEMPLOYED      -0.102      -0.078      -0.068      -0.013       0.041       0.051       0.072
    FIN1            -0.048      -0.029      -0.019       0.034       0.086       0.097       0.116
    FIN2            -0.088      -0.068      -0.057      -0.003       0.051       0.061       0.079
    FIN3            -0.072      -0.051      -0.041       0.014       0.068       0.077       0.097

 AGE1     WITH
    EDUCATION_      -0.159      -0.142      -0.132      -0.078      -0.026      -0.016       0.003
    EDUCATION_      -0.119      -0.102      -0.092      -0.038       0.014       0.025       0.047
    UNEMPLOYED      -0.013       0.008       0.017       0.069       0.119       0.127       0.144
    UNEMPLOYED      -0.072      -0.049      -0.039       0.014       0.066       0.075       0.095
    FIN1            -0.096      -0.076      -0.066      -0.013       0.039       0.050       0.069
    FIN2            -0.108      -0.089      -0.078      -0.025       0.027       0.038       0.057
    FIN3            -0.111      -0.092      -0.082      -0.029       0.024       0.035       0.055

 EDUCATIO WITH
    EDUCATION_       0.395       0.413       0.422       0.469       0.515       0.523       0.539
    UNEMPLOYED      -0.326      -0.308      -0.298      -0.250      -0.200      -0.190      -0.172
    UNEMPLOYED      -0.181      -0.159      -0.150      -0.096      -0.040      -0.029      -0.006
    FIN1             0.059       0.079       0.090       0.143       0.195       0.205       0.225
    FIN2             0.083       0.102       0.112       0.164       0.215       0.225       0.243
    FIN3             0.080       0.099       0.109       0.162       0.214       0.224       0.243

 EDUCATIO WITH
    UNEMPLOYED      -0.236      -0.217      -0.207      -0.158      -0.107      -0.098      -0.077
    UNEMPLOYED      -0.188      -0.173      -0.165      -0.122      -0.076      -0.067      -0.051
    FIN1             0.088       0.108       0.119       0.172       0.225       0.237       0.257
    FIN2             0.133       0.151       0.160       0.211       0.261       0.271       0.290
    FIN3             0.134       0.153       0.164       0.214       0.265       0.275       0.293

 UNEMPLOY WITH
    UNEMPLOYED       0.041       0.065       0.078       0.146       0.214       0.230       0.258
    FIN1            -0.198      -0.176      -0.166      -0.108      -0.051      -0.039      -0.019
    FIN2            -0.183      -0.161      -0.152      -0.098      -0.043      -0.032      -0.013
    FIN3            -0.213      -0.193      -0.182      -0.129      -0.076      -0.065      -0.045

 UNEMPLOY WITH
    FIN1            -0.214      -0.192      -0.181      -0.122      -0.062      -0.050      -0.027
    FIN2            -0.170      -0.152      -0.142      -0.093      -0.044      -0.034      -0.016
    FIN3            -0.173      -0.155      -0.145      -0.091      -0.037      -0.026      -0.005

 FIN1     WITH
    FIN2             0.663       0.677       0.684       0.715       0.745       0.751       0.761
    FIN3             0.593       0.607       0.615       0.655       0.693       0.699       0.713

 FIN2     WITH
    FIN3             0.643       0.659       0.667       0.703       0.736       0.741       0.754

 Means
    GENDER1          1.243       1.268       1.280       1.351       1.428       1.443       1.477
    AGE1            31.618      31.785      31.878      32.399      33.018      33.146      33.447
    EDUCATION_       3.850       3.890       3.912       4.015       4.124       4.145       4.184
    EDUCATION_       3.630       3.670       3.688       3.784       3.885       3.903       3.942
    UNEMPLOYED       0.376       0.389       0.395       0.427       0.457       0.463       0.475
    UNEMPLOYED       0.227       0.238       0.243       0.273       0.302       0.307       0.317
    FIN1             4.182       4.239       4.266       4.405       4.564       4.597       4.654
    FIN2             4.335       4.384       4.415       4.567       4.732       4.767       4.823
    FIN3             4.083       4.141       4.173       4.333       4.507       4.546       4.620

 Intercepts
    X1              -5.112      -4.559      -4.268      -2.818      -1.331      -1.074      -0.531
    X2              -5.123      -4.561      -4.279      -2.815      -1.324      -1.066      -0.523
    X3              -5.103      -4.545      -4.264      -2.811      -1.324      -1.068      -0.523
    Y1              -4.186      -3.585      -3.274      -1.783      -0.240       0.064       0.677
    Y2              -4.063      -3.503      -3.180      -1.728      -0.233       0.061       0.642
    Y3              -4.029      -3.472      -3.156      -1.715      -0.232       0.061       0.641
    M1              -4.646      -3.978      -3.658      -2.107      -0.529      -0.245       0.389
    M2              -4.032      -3.490      -3.204      -1.845      -0.461      -0.209       0.344
    M3              -4.020      -3.470      -3.180      -1.832      -0.459      -0.209       0.340

 Variances
    GENDER1          1.000       1.000       1.000       1.000       1.000       1.000       1.000
    AGE1             1.000       1.000       1.000       1.000       1.000       1.000       1.000
    EDUCATION_       1.000       1.000       1.000       1.000       1.000       1.000       1.000
    EDUCATION_       1.000       1.000       1.000       1.000       1.000       1.000       1.000
    UNEMPLOYED       1.000       1.000       1.000       1.000       1.000       1.000       1.000
    UNEMPLOYED       1.000       1.000       1.000       1.000       1.000       1.000       1.000
    FIN1             1.000       1.000       1.000       1.000       1.000       1.000       1.000
    FIN2             1.000       1.000       1.000       1.000       1.000       1.000       1.000
    FIN3             1.000       1.000       1.000       1.000       1.000       1.000       1.000
    RIX              1.000       1.000       1.000       1.000       1.000       1.000       1.000
    RIY              1.000       1.000       1.000       1.000       1.000       1.000       1.000
    RIM              1.000       1.000       1.000       1.000       1.000       1.000       1.000
    WX1              1.000       1.000       1.000       1.000       1.000       1.000       1.000
    WY1              1.000       1.000       1.000       1.000       1.000       1.000       1.000
    WM1              1.000       1.000       1.000       1.000       1.000       1.000       1.000

 Residual Variances
    X1               0.000       0.000       0.000       0.000       0.000       0.000       0.000
    X2               0.000       0.000       0.000       0.000       0.000       0.000       0.000
    X3               0.000       0.000       0.000       0.000       0.000       0.000       0.000
    Y1               0.000       0.000       0.000       0.000       0.000       0.000       0.000
    Y2               0.000       0.000       0.000       0.000       0.000       0.000       0.000
    Y3               0.000       0.000       0.000       0.000       0.000       0.000       0.000
    M1               0.000       0.000       0.000       0.000       0.000       0.000       0.000
    M2               0.000       0.000       0.000       0.000       0.000       0.000       0.000
    M3               0.000       0.000       0.000       0.000       0.000       0.000       0.000
    WX2              0.933       0.948       0.955       0.988       0.997       0.998       0.999
    WX3              0.905       0.926       0.936       0.981       0.996       0.997       0.999
    WY2              0.950       0.963       0.969       0.997       0.998       0.999       1.000
    WY3              0.931       0.952       0.959       0.995       0.998       0.999       1.000
    WM2              0.882       0.905       0.915       0.959       0.982       0.986       0.991
    WM3              0.831       0.857       0.870       0.933       0.970       0.977       0.986


     Beginning Time:  15:18:24
        Ending Time:  15:28:07
       Elapsed Time:  00:09:43



MUTHEN & MUTHEN
3463 Stoner Ave.
Los Angeles, CA  90066

Tel: (310) 391-9971
Fax: (310) 391-8971
Web: www.StatModel.com
Support: Support@StatModel.com

Copyright (c) 1998-2023 Muthen & Muthen
