Mplus VERSION 8.9
MUTHEN & MUTHEN
01/22/2025   3:28 PM

INPUT INSTRUCTIONS

  DATA:
    FILE IS "mplus.dat";
  VARIABLE:
    MISSING ARE ALL (-99);
    NAMES ARE id Gender1 Age1 Education_mother1 Education_father1
    unemployed_mother1 unemployed_father1 Fin1 Fin2 Fin3 Personal1
    Personal2 Personal3 Public1 Public2 Public3 Collective1
    Collective2 Collective3 Relational1 Relational2
    Relational3 Autonomy1 Autonomy2 Autonomy3 Relatedness1 Relatedness2
    Relatedness3 Competence1 Competence2 Competence3
    PA1 PA2 PA3 NA1 NA2 NA3 SWLS1 SWLS2 SWLS3;

  usevar =
  Gender1 Age1 Education_mother1 Education_father1
  unemployed_mother1 unemployed_father1 Fin1 Fin2 Fin3
  x1-x3 y1-y3 m1-m3 ;

  define:
  x1 = Personal1;
  x2 = Personal2;
  x3 = Personal3;

  m1 = Relatedness1;
  m2 = Relatedness2;
  m3 = Relatedness3;

  y1 = PA1;
  y2 = PA2;
  y3 = PA3;



  analysis:

  MODEL = NOCOV;
  bootstrap = 10000;


  MODEL:
  RIx BY x1@1 x2@1 x3@1;
  RIy BY y1@1 y2@1 y3@1;
  RIm BY m1@1 m2@1 m3@1;



  wx1 BY x1@1;
  wx2 BY x2@1;
  wx3 BY x3@1;



  wy1 BY y1@1;
  wy2 BY y2@1;
  wy3 BY y3@1;



  wm1 By m1@1;
  wm2 By m2@1;
  wm3 By m3@1;


  x1-m3@0;


  wy2 ON wy1 (a );
  wy3 ON wy2 (a );


  wx2 ON wx1 (b );
  wx3 ON wx2 (b );


  wm2 ON wm1  (c);
  wm3 ON wm2  (c);


  wy2 ON  wx1 wm1  (d e);
  wy3 ON  wx2 wm2  (d e);


  wx2 ON wy1 wm1  (f j);
  wx3 ON wy2 wm2  (f j);


  wm2 ON wx1 wy1   (h i);
  wm3 ON wx2 wy2   (h i);


  RIx RIy RIm  with RIx RIy RIm ;

  wx1 wy1 wm1 with wx1 wy1 wm1;
  wx2 wy2 wm2 with wx2 wy2 wm2 (cov1 cov2 cov3);
  wx3 wy3 wm3 with wx3 wy3 wm3 (cov1 cov2 cov3);

  wx2 (vx); wy2 (vy); wm2 (vm);
  wx3 (vx); wy3 (vy); wm3 (vm);

  x1-m3 on Gender1 Age1 Education_mother1 Education_father1
  unemployed_mother1 unemployed_father1 ;

  x1 y1 m1 on Fin1;
  x2 y2 m2 on Fin2;
  x3 y3 m3 on Fin3;

  Gender1 -Fin3 with Gender1 -Fin3;

  [x1-x3] (mx);
  [m1-m3] (mm);
  [y1-y3] (my);

  model constraint:
  new (ind);
  ind = h*e;

  output: cinterval (boot) stdyx;



*** WARNING in VARIABLE command
  Note that only the first 8 characters of variable names are used in the output.
  Shorten variable names to avoid any confusion.
   1 WARNING(S) FOUND IN THE INPUT INSTRUCTIONS




SUMMARY OF ANALYSIS

Number of groups                                                 1
Number of observations                                         971

Number of dependent variables                                    9
Number of independent variables                                  9
Number of continuous latent variables                           12

Observed dependent variables

  Continuous
   X1          X2          X3          Y1          Y2          Y3
   M1          M2          M3

Observed independent variables
   GENDER1     AGE1        EDUCATIO    EDUCATIO    UNEMPLOY    UNEMPLOY
   FIN1        FIN2        FIN3

Continuous latent variables
   RIX         RIY         RIM         WX1         WX2         WX3
   WY1         WY2         WY3         WM1         WM2         WM3


Estimator                                                       ML
Information matrix                                        OBSERVED
Maximum number of iterations                                  1000
Convergence criterion                                    0.500D-04
Maximum number of steepest descent iterations                   20
Maximum number of iterations for H1                           2000
Convergence criterion for H1                             0.100D-03
Number of bootstrap draws
    Requested                                                10000
    Completed                                                10000

Input data file(s)
  mplus.dat

Input data format  FREE


SUMMARY OF DATA

     Number of missing data patterns            19


COVARIANCE COVERAGE OF DATA

Minimum covariance coverage value   0.100


     PROPORTION OF DATA PRESENT


           Covariance Coverage
              X1            X2            X3            Y1            Y2
              ________      ________      ________      ________      ________
 X1             1.000
 X2             1.000         1.000
 X3             1.000         1.000         1.000
 Y1             1.000         1.000         1.000         1.000
 Y2             1.000         1.000         1.000         1.000         1.000
 Y3             1.000         1.000         1.000         1.000         1.000
 M1             1.000         1.000         1.000         1.000         1.000
 M2             1.000         1.000         1.000         1.000         1.000
 M3             1.000         1.000         1.000         1.000         1.000
 GENDER1        0.998         0.998         0.998         0.998         0.998
 AGE1           0.999         0.999         0.999         0.999         0.999
 EDUCATIO       0.994         0.994         0.994         0.994         0.994
 EDUCATIO       0.991         0.991         0.991         0.991         0.991
 UNEMPLOY       0.992         0.992         0.992         0.992         0.992
 UNEMPLOY       0.974         0.974         0.974         0.974         0.974
 FIN1           0.994         0.994         0.994         0.994         0.994
 FIN2           0.991         0.991         0.991         0.991         0.991
 FIN3           0.991         0.991         0.991         0.991         0.991


           Covariance Coverage
              Y3            M1            M2            M3            GENDER1
              ________      ________      ________      ________      ________
 Y3             1.000
 M1             1.000         1.000
 M2             1.000         1.000         1.000
 M3             1.000         1.000         1.000         1.000
 GENDER1        0.998         0.998         0.998         0.998         0.998
 AGE1           0.999         0.999         0.999         0.999         0.997
 EDUCATIO       0.994         0.994         0.994         0.994         0.992
 EDUCATIO       0.991         0.991         0.991         0.991         0.989
 UNEMPLOY       0.992         0.992         0.992         0.992         0.990
 UNEMPLOY       0.974         0.974         0.974         0.974         0.972
 FIN1           0.994         0.994         0.994         0.994         0.992
 FIN2           0.991         0.991         0.991         0.991         0.990
 FIN3           0.991         0.991         0.991         0.991         0.989


           Covariance Coverage
              AGE1          EDUCATIO      EDUCATIO      UNEMPLOY      UNEMPLOY
              ________      ________      ________      ________      ________
 AGE1           0.999
 EDUCATIO       0.993         0.994
 EDUCATIO       0.990         0.987         0.991
 UNEMPLOY       0.991         0.989         0.984         0.992
 UNEMPLOY       0.973         0.969         0.970         0.968         0.974
 FIN1           0.993         0.989         0.986         0.988         0.969
 FIN2           0.990         0.985         0.981         0.982         0.965
 FIN3           0.990         0.985         0.981         0.982         0.965


           Covariance Coverage
              FIN1          FIN2          FIN3
              ________      ________      ________
 FIN1           0.994
 FIN2           0.986         0.991
 FIN3           0.986         0.984         0.991



UNIVARIATE SAMPLE STATISTICS


     UNIVARIATE HIGHER-ORDER MOMENT DESCRIPTIVE STATISTICS

         Variable/         Mean/     Skewness/   Minimum/ % with                Percentiles
        Sample Size      Variance    Kurtosis    Maximum  Min/Max      20%/60%    40%/80%    Median

     X1                   -0.019      -0.225      -3.871    0.10%      -0.751     -0.228      0.011
             971.000       0.796       0.179       2.389    0.10%       0.224      0.753
     X2                   -0.012       0.007      -3.561    0.10%      -0.779     -0.282     -0.045
             971.000       0.821      -0.194       2.554    0.10%       0.191      0.815
     X3                   -0.010      -0.051      -4.397    0.10%      -0.784     -0.280     -0.039
             971.000       0.852       0.065       2.669    0.10%       0.202      0.811
     Y1                    0.000      -0.852      -2.603    0.10%      -0.536     -0.025      0.104
             971.000       0.467       0.543       1.028    0.82%       0.246      0.602
     Y2                    0.000      -0.845      -2.692    0.10%      -0.615     -0.025      0.114
             971.000       0.536       0.375       1.046    1.03%       0.272      0.639
     Y3                    0.000      -0.937      -2.754    0.10%      -0.553     -0.036      0.085
             971.000       0.499       0.856       0.988    1.44%       0.256      0.610
     M1                   -0.034      -0.538      -1.942    0.10%      -0.486     -0.142      0.034
             971.000       0.243      -0.181       0.793    1.24%       0.182      0.446
     M2                   -0.029      -0.424      -1.864    0.10%      -0.518     -0.166      0.029
             971.000       0.294      -0.219       0.934    2.37%       0.184      0.487
     M3                   -0.033      -0.375      -2.113    0.10%      -0.528     -0.198      0.016
             971.000       0.356      -0.467       1.004    2.16%       0.216      0.541
     GENDER1               0.646      -0.611       0.000   35.40%       0.000      1.000      1.000
             969.000       0.229      -1.627       1.000   64.60%       1.000      1.000
     AGE1                 15.638      -0.547      15.000   36.29%      15.000     16.000     16.000
             970.000       0.233      -1.625      17.000    0.10%      16.000     16.000
     EDUCATION_MOTHE       3.907      -0.084       1.000    0.31%       3.000      3.000      4.000
             965.000       0.945      -1.378       5.000   39.17%       4.000      5.000
     EDUCATION_FATHE       3.754       0.093       1.000    0.62%       3.000      3.000      3.000
             962.000       0.984      -1.211       5.000   33.78%       4.000      5.000
     UNEMPLOYED_MOTH       0.154       1.921       0.000   84.63%       0.000      0.000      0.000
             963.000       0.130       1.688       1.000   15.37%       0.000      0.000
     UNEMPLOYED_FATH       0.070       3.378       0.000   93.02%       0.000      0.000      0.000
             946.000       0.065       9.408       1.000    6.98%       0.000      0.000
     FIN1                  3.754      -0.071       1.000    0.31%       3.000      3.000      4.000
             965.000       0.726      -0.634       5.000   21.55%       4.000      5.000
     FIN2                  3.777      -0.071       1.000    0.42%       3.000      4.000      4.000
             962.000       0.685      -0.517       5.000   21.21%       4.000      5.000
     FIN3                  3.756      -0.179       1.000    0.94%       3.000      3.000      4.000
             962.000       0.750      -0.296       5.000   21.93%       4.000      5.000


THE MODEL ESTIMATION TERMINATED NORMALLY



MODEL FIT INFORMATION

Number of Free Parameters                      147

Loglikelihood

          H0 Value                      -14451.540
          H1 Value                      -14395.384

Information Criteria

          Akaike (AIC)                   29197.080
          Bayesian (BIC)                 29914.194
          Sample-Size Adjusted BIC       29447.323
            (n* = (n + 2) / 24)

Chi-Square Test of Model Fit

          Value                            112.312
          Degrees of Freedom                    42
          P-Value                           0.0000

RMSEA (Root Mean Square Error Of Approximation)

          Estimate                           0.042
          90 Percent C.I.                    0.032  0.051
          Probability RMSEA <= .05           0.931

CFI/TLI

          CFI                                0.983
          TLI                                0.952

Chi-Square Test of Model Fit for the Baseline Model

          Value                           4170.389
          Degrees of Freedom                   117
          P-Value                           0.0000

SRMR (Standardized Root Mean Square Residual)

          Value                              0.038



MODEL RESULTS

                                                    Two-Tailed
                    Estimate       S.E.  Est./S.E.    P-Value

 RIX      BY
    X1                 1.000      0.000    999.000    999.000
    X2                 1.000      0.000    999.000    999.000
    X3                 1.000      0.000    999.000    999.000

 RIY      BY
    Y1                 1.000      0.000    999.000    999.000
    Y2                 1.000      0.000    999.000    999.000
    Y3                 1.000      0.000    999.000    999.000

 RIM      BY
    M1                 1.000      0.000    999.000    999.000
    M2                 1.000      0.000    999.000    999.000
    M3                 1.000      0.000    999.000    999.000

 WX1      BY
    X1                 1.000      0.000    999.000    999.000

 WX2      BY
    X2                 1.000      0.000    999.000    999.000

 WX3      BY
    X3                 1.000      0.000    999.000    999.000

 WY1      BY
    Y1                 1.000      0.000    999.000    999.000

 WY2      BY
    Y2                 1.000      0.000    999.000    999.000

 WY3      BY
    Y3                 1.000      0.000    999.000    999.000

 WM1      BY
    M1                 1.000      0.000    999.000    999.000

 WM2      BY
    M2                 1.000      0.000    999.000    999.000

 WM3      BY
    M3                 1.000      0.000    999.000    999.000

 WY2      ON
    WY1                0.014      0.085      0.170      0.865
    WX1                0.045      0.044      1.020      0.308
    WM1               -0.005      0.055     -0.093      0.926

 WY3      ON
    WY2                0.014      0.085      0.170      0.865
    WX2                0.045      0.044      1.020      0.308
    WM2               -0.005      0.055     -0.093      0.926

 WX2      ON
    WX1                0.090      0.068      1.331      0.183
    WY1                0.047      0.059      0.808      0.419
    WM1                0.100      0.066      1.525      0.127

 WX3      ON
    WX2                0.090      0.068      1.331      0.183
    WY2                0.047      0.059      0.808      0.419
    WM2                0.100      0.066      1.525      0.127

 WM2      ON
    WM1                0.180      0.058      3.098      0.002
    WX1                0.009      0.033      0.268      0.789
    WY1                0.063      0.043      1.483      0.138

 WM3      ON
    WM2                0.180      0.058      3.098      0.002
    WX2                0.009      0.033      0.268      0.789
    WY2                0.063      0.043      1.483      0.138

 X1       ON
    GENDER1            0.585      0.058     10.083      0.000
    AGE1               0.100      0.051      1.981      0.048
    EDUCATION_         0.035      0.033      1.045      0.296
    EDUCATION_         0.051      0.031      1.670      0.095
    UNEMPLOYED        -0.081      0.076     -1.062      0.288
    UNEMPLOYED         0.182      0.097      1.885      0.059
    FIN1               0.057      0.029      1.961      0.050

 X2       ON
    GENDER1            0.409      0.060      6.801      0.000
    AGE1               0.097      0.051      1.916      0.055
    EDUCATION_         0.021      0.035      0.620      0.535
    EDUCATION_         0.052      0.033      1.583      0.113
    UNEMPLOYED        -0.028      0.080     -0.352      0.725
    UNEMPLOYED         0.234      0.110      2.115      0.034
    FIN2               0.111      0.030      3.699      0.000

 X3       ON
    GENDER1            0.420      0.061      6.929      0.000
    AGE1               0.104      0.050      2.054      0.040
    EDUCATION_         0.031      0.035      0.885      0.376
    EDUCATION_         0.034      0.033      1.015      0.310
    UNEMPLOYED        -0.043      0.080     -0.537      0.591
    UNEMPLOYED         0.266      0.103      2.583      0.010
    FIN3               0.094      0.034      2.783      0.005

 Y1       ON
    GENDER1           -0.128      0.045     -2.833      0.005
    AGE1               0.040      0.039      1.018      0.309
    EDUCATION_         0.020      0.026      0.752      0.452
    EDUCATION_        -0.005      0.024     -0.207      0.836
    UNEMPLOYED         0.006      0.067      0.097      0.923
    UNEMPLOYED         0.070      0.095      0.740      0.459
    FIN1               0.144      0.023      6.264      0.000

 Y2       ON
    GENDER1           -0.117      0.049     -2.399      0.016
    AGE1               0.044      0.040      1.098      0.272
    EDUCATION_         0.006      0.028      0.200      0.841
    EDUCATION_        -0.004      0.028     -0.130      0.896
    UNEMPLOYED        -0.141      0.067     -2.110      0.035
    UNEMPLOYED         0.099      0.097      1.017      0.309
    FIN2               0.144      0.026      5.564      0.000

 Y3       ON
    GENDER1           -0.061      0.047     -1.310      0.190
    AGE1               0.026      0.039      0.652      0.515
    EDUCATION_         0.008      0.028      0.285      0.776
    EDUCATION_         0.014      0.025      0.550      0.583
    UNEMPLOYED        -0.023      0.062     -0.364      0.716
    UNEMPLOYED         0.156      0.089      1.755      0.079
    FIN3               0.186      0.024      7.684      0.000

 M1       ON
    GENDER1            0.153      0.033      4.607      0.000
    AGE1               0.030      0.028      1.077      0.282
    EDUCATION_        -0.028      0.019     -1.466      0.143
    EDUCATION_         0.017      0.018      0.921      0.357
    UNEMPLOYED        -0.047      0.046     -1.042      0.297
    UNEMPLOYED         0.064      0.062      1.027      0.304
    FIN1               0.096      0.017      5.529      0.000

 M2       ON
    GENDER1            0.076      0.036      2.088      0.037
    AGE1               0.030      0.028      1.053      0.292
    EDUCATION_        -0.004      0.020     -0.217      0.828
    EDUCATION_        -0.014      0.020     -0.685      0.494
    UNEMPLOYED        -0.044      0.051     -0.865      0.387
    UNEMPLOYED         0.008      0.069      0.116      0.907
    FIN2               0.120      0.019      6.271      0.000

 M3       ON
    GENDER1            0.181      0.040      4.478      0.000
    AGE1               0.020      0.028      0.729      0.466
    EDUCATION_         0.003      0.023      0.138      0.890
    EDUCATION_         0.014      0.022      0.635      0.526
    UNEMPLOYED        -0.084      0.054     -1.541      0.123
    UNEMPLOYED         0.126      0.078      1.613      0.107
    FIN3               0.103      0.021      4.922      0.000

 RIX      WITH
    RIY                0.089      0.018      4.888      0.000
    RIM                0.111      0.014      7.763      0.000

 RIY      WITH
    RIM                0.104      0.011      9.466      0.000

 WX1      WITH
    WY1                0.014      0.013      1.093      0.274
    WM1                0.029      0.012      2.360      0.018

 WY1      WITH
    WM1                0.027      0.010      2.785      0.005

 WX2      WITH
    WY2                0.058      0.014      4.132      0.000
    WM2                0.072      0.011      6.680      0.000

 WY2      WITH
    WM2                0.066      0.009      7.328      0.000

 WX3      WITH
    WY3                0.058      0.014      4.132      0.000
    WM3                0.072      0.011      6.680      0.000

 WY3      WITH
    WM3                0.066      0.009      7.328      0.000

 GENDER1  WITH
    AGE1              -0.001      0.007     -0.079      0.937
    EDUCATION_        -0.036      0.015     -2.390      0.017
    EDUCATION_        -0.022      0.015     -1.462      0.144
    UNEMPLOYED        -0.003      0.006     -0.488      0.625
    UNEMPLOYED        -0.002      0.004     -0.411      0.681
    FIN1               0.014      0.013      1.065      0.287
    FIN2              -0.001      0.013     -0.079      0.937
    FIN3               0.006      0.014      0.436      0.663

 AGE1     WITH
    EDUCATION_        -0.037      0.015     -2.447      0.014
    EDUCATION_        -0.018      0.015     -1.179      0.238
    UNEMPLOYED         0.012      0.005      2.227      0.026
    UNEMPLOYED         0.002      0.004      0.430      0.667
    FIN1              -0.005      0.013     -0.416      0.677
    FIN2              -0.010      0.013     -0.803      0.422
    FIN3              -0.012      0.014     -0.906      0.365

 EDUCATIO WITH
    EDUCATION_         0.452      0.030     14.912      0.000
    UNEMPLOYED        -0.088      0.012     -7.485      0.000
    UNEMPLOYED        -0.024      0.009     -2.746      0.006
    FIN1               0.118      0.027      4.349      0.000
    FIN2               0.132      0.026      5.113      0.000
    FIN3               0.135      0.027      4.966      0.000

 EDUCATIO WITH
    UNEMPLOYED        -0.056      0.011     -4.924      0.000
    UNEMPLOYED        -0.031      0.007     -4.107      0.000
    FIN1               0.145      0.028      5.245      0.000
    FIN2               0.173      0.026      6.610      0.000
    FIN3               0.184      0.027      6.792      0.000

 UNEMPLOY WITH
    UNEMPLOYED         0.013      0.004      3.276      0.001
    FIN1              -0.033      0.011     -3.029      0.002
    FIN2              -0.029      0.010     -2.915      0.004
    FIN3              -0.040      0.010     -3.871      0.000

 UNEMPLOY WITH
    FIN1              -0.026      0.008     -3.176      0.001
    FIN2              -0.020      0.007     -2.980      0.003
    FIN3              -0.020      0.008     -2.661      0.008

 FIN1     WITH
    FIN2               0.504      0.025     20.369      0.000
    FIN3               0.484      0.025     19.230      0.000

 FIN2     WITH
    FIN3               0.504      0.024     20.764      0.000

 Means
    GENDER1            0.646      0.015     42.442      0.000
    AGE1              15.638      0.016   1007.245      0.000
    EDUCATION_         3.906      0.031    124.207      0.000
    EDUCATION_         3.754      0.032    116.430      0.000
    UNEMPLOYED         0.154      0.012     13.349      0.000
    UNEMPLOYED         0.070      0.008      8.377      0.000
    FIN1               3.755      0.027    138.348      0.000
    FIN2               3.776      0.027    141.653      0.000
    FIN3               3.753      0.028    133.427      0.000

 Intercepts
    X1                -2.512      0.811     -3.099      0.002
    X2                -2.512      0.811     -3.099      0.002
    X3                -2.512      0.811     -3.099      0.002
    Y1                -1.146      0.631     -1.816      0.069
    Y2                -1.146      0.631     -1.816      0.069
    Y3                -1.146      0.631     -1.816      0.069
    M1                -0.916      0.451     -2.034      0.042
    M2                -0.916      0.451     -2.034      0.042
    M3                -0.916      0.451     -2.034      0.042

 Variances
    GENDER1            0.229      0.004     51.289      0.000
    AGE1               0.233      0.005     50.732      0.000
    EDUCATION_         0.946      0.024     38.657      0.000
    EDUCATION_         0.983      0.028     34.959      0.000
    UNEMPLOYED         0.130      0.008     16.318      0.000
    UNEMPLOYED         0.065      0.007      9.065      0.000
    FIN1               0.727      0.028     26.415      0.000
    FIN2               0.683      0.027     25.734      0.000
    FIN3               0.750      0.032     23.571      0.000
    RIX                0.429      0.030     14.322      0.000
    RIY                0.248      0.020     12.189      0.000
    RIM                0.110      0.011      9.862      0.000
    WX1                0.290      0.026     11.203      0.000
    WY1                0.187      0.018     10.593      0.000
    WM1                0.119      0.011     10.529      0.000

 Residual Variances
    X1                 0.000      0.000    999.000    999.000
    X2                 0.000      0.000    999.000    999.000
    X3                 0.000      0.000    999.000    999.000
    Y1                 0.000      0.000    999.000    999.000
    Y2                 0.000      0.000    999.000    999.000
    Y3                 0.000      0.000    999.000    999.000
    M1                 0.000      0.000    999.000    999.000
    M2                 0.000      0.000    999.000    999.000
    M3                 0.000      0.000    999.000    999.000
    WX2                0.331      0.025     13.201      0.000
    WX3                0.331      0.025     13.201      0.000
    WY2                0.218      0.019     11.567      0.000
    WY3                0.218      0.019     11.567      0.000
    WM2                0.182      0.009     21.227      0.000
    WM3                0.182      0.009     21.227      0.000

New/Additional Parameters
    IND                0.000      0.002     -0.024      0.981


STANDARDIZED MODEL RESULTS


STDYX Standardization

                                                    Two-Tailed
                    Estimate       S.E.  Est./S.E.    P-Value

 RIX      BY
    X1                 0.729      0.020     35.606      0.000
    X2                 0.723      0.022     32.906      0.000
    X3                 0.722      0.023     31.863      0.000

 RIY      BY
    Y1                 0.739      0.022     32.935      0.000
    Y2                 0.713      0.025     28.315      0.000
    Y3                 0.707      0.026     27.569      0.000

 RIM      BY
    M1                 0.673      0.032     21.085      0.000
    M2                 0.597      0.027     22.287      0.000
    M3                 0.587      0.028     20.973      0.000

 WX1      BY
    X1                 0.599      0.023     25.962      0.000

 WX2      BY
    X2                 0.640      0.024     26.194      0.000

 WX3      BY
    X3                 0.641      0.025     25.509      0.000

 WY1      BY
    Y1                 0.642      0.024     26.452      0.000

 WY2      BY
    Y2                 0.670      0.027     25.260      0.000

 WY3      BY
    Y3                 0.665      0.027     24.980      0.000

 WM1      BY
    M1                 0.700      0.029     23.820      0.000

 WM2      BY
    M2                 0.779      0.020     38.200      0.000

 WM3      BY
    M3                 0.774      0.021     37.107      0.000

 WY2      ON
    WY1                0.013      0.079      0.170      0.865
    WX1                0.051      0.050      1.027      0.305
    WM1               -0.004      0.040     -0.092      0.926

 WY3      ON
    WY2                0.014      0.085      0.170      0.865
    WX2                0.055      0.054      1.016      0.310
    WM2               -0.005      0.051     -0.093      0.926

 WX2      ON
    WX1                0.084      0.062      1.357      0.175
    WY1                0.035      0.044      0.807      0.420
    WM1                0.060      0.040      1.499      0.134

 WX3      ON
    WX2                0.090      0.067      1.337      0.181
    WY2                0.038      0.047      0.807      0.420
    WM2                0.074      0.049      1.511      0.131

 WM2      ON
    WM1                0.143      0.048      2.964      0.003
    WX1                0.011      0.041      0.267      0.789
    WY1                0.063      0.042      1.492      0.136

 WM3      ON
    WM2                0.178      0.057      3.133      0.002
    WX2                0.012      0.043      0.268      0.789
    WY2                0.068      0.046      1.465      0.143

 X1       ON
    GENDER1            0.311      0.029     10.716      0.000
    AGE1               0.054      0.027      1.982      0.047
    EDUCATION_         0.037      0.036      1.051      0.293
    EDUCATION_         0.056      0.034      1.671      0.095
    UNEMPLOYED        -0.032      0.030     -1.063      0.288
    UNEMPLOYED         0.052      0.027      1.904      0.057
    FIN1               0.054      0.028      1.962      0.050

 X2       ON
    GENDER1            0.216      0.031      6.961      0.000
    AGE1               0.052      0.027      1.913      0.056
    EDUCATION_         0.023      0.037      0.620      0.535
    EDUCATION_         0.057      0.036      1.586      0.113
    UNEMPLOYED        -0.011      0.032     -0.352      0.725
    UNEMPLOYED         0.066      0.031      2.123      0.034
    FIN2               0.101      0.027      3.725      0.000

 X3       ON
    GENDER1            0.221      0.031      7.074      0.000
    AGE1               0.055      0.027      2.052      0.040
    EDUCATION_         0.033      0.038      0.885      0.376
    EDUCATION_         0.037      0.036      1.017      0.309
    UNEMPLOYED        -0.017      0.032     -0.539      0.590
    UNEMPLOYED         0.075      0.029      2.586      0.010
    FIN3               0.089      0.032      2.813      0.005

 Y1       ON
    GENDER1           -0.091      0.032     -2.824      0.005
    AGE1               0.029      0.028      1.021      0.307
    EDUCATION_         0.029      0.038      0.754      0.451
    EDUCATION_        -0.007      0.036     -0.207      0.836
    UNEMPLOYED         0.003      0.036      0.098      0.922
    UNEMPLOYED         0.027      0.036      0.745      0.456
    FIN1               0.182      0.030      6.159      0.000

 Y2       ON
    GENDER1           -0.080      0.033     -2.401      0.016
    AGE1               0.030      0.027      1.099      0.272
    EDUCATION_         0.008      0.039      0.201      0.841
    EDUCATION_        -0.005      0.040     -0.130      0.896
    UNEMPLOYED        -0.073      0.034     -2.119      0.034
    UNEMPLOYED         0.036      0.035      1.022      0.307
    FIN2               0.171      0.031      5.559      0.000

 Y3       ON
    GENDER1           -0.042      0.032     -1.310      0.190
    AGE1               0.017      0.027      0.652      0.514
    EDUCATION_         0.011      0.038      0.285      0.776
    EDUCATION_         0.020      0.036      0.551      0.582
    UNEMPLOYED        -0.012      0.032     -0.365      0.715
    UNEMPLOYED         0.057      0.032      1.766      0.077
    FIN3               0.228      0.029      7.771      0.000

 M1       ON
    GENDER1            0.149      0.032      4.634      0.000
    AGE1               0.030      0.027      1.078      0.281
    EDUCATION_        -0.056      0.038     -1.474      0.140
    EDUCATION_         0.034      0.037      0.923      0.356
    UNEMPLOYED        -0.035      0.033     -1.044      0.296
    UNEMPLOYED         0.033      0.032      1.036      0.300
    FIN1               0.167      0.030      5.511      0.000

 M2       ON
    GENDER1            0.065      0.031      2.085      0.037
    AGE1               0.026      0.024      1.051      0.293
    EDUCATION_        -0.008      0.036     -0.217      0.828
    EDUCATION_        -0.025      0.036     -0.685      0.493
    UNEMPLOYED        -0.029      0.033     -0.868      0.386
    UNEMPLOYED         0.004      0.032      0.117      0.907
    FIN2               0.178      0.029      6.246      0.000

 M3       ON
    GENDER1            0.153      0.034      4.517      0.000
    AGE1               0.018      0.024      0.728      0.467
    EDUCATION_         0.006      0.040      0.139      0.890
    EDUCATION_         0.025      0.039      0.635      0.525
    UNEMPLOYED        -0.054      0.035     -1.552      0.121
    UNEMPLOYED         0.057      0.035      1.622      0.105
    FIN3               0.158      0.032      4.996      0.000

 RIX      WITH
    RIY                0.273      0.051      5.328      0.000
    RIM                0.513      0.050     10.315      0.000

 RIY      WITH
    RIM                0.629      0.047     13.442      0.000

 WX1      WITH
    WY1                0.062      0.055      1.114      0.265
    WM1                0.158      0.061      2.590      0.010

 WY1      WITH
    WM1                0.180      0.059      3.039      0.002

 WX2      WITH
    WY2                0.216      0.049      4.407      0.000
    WM2                0.292      0.041      7.051      0.000

 WY2      WITH
    WM2                0.330      0.039      8.535      0.000

 WX3      WITH
    WY3                0.216      0.049      4.407      0.000
    WM3                0.292      0.041      7.051      0.000

 WY3      WITH
    WM3                0.330      0.039      8.535      0.000

 GENDER1  WITH
    AGE1              -0.003      0.032     -0.079      0.937
    EDUCATION_        -0.077      0.032     -2.385      0.017
    EDUCATION_        -0.046      0.032     -1.461      0.144
    UNEMPLOYED        -0.016      0.032     -0.488      0.626
    UNEMPLOYED        -0.014      0.033     -0.411      0.681
    FIN1               0.034      0.032      1.066      0.287
    FIN2              -0.003      0.033     -0.079      0.937
    FIN3               0.014      0.033      0.436      0.663

 AGE1     WITH
    EDUCATION_        -0.078      0.032     -2.444      0.015
    EDUCATION_        -0.038      0.032     -1.178      0.239
    UNEMPLOYED         0.069      0.031      2.241      0.025
    UNEMPLOYED         0.014      0.032      0.430      0.667
    FIN1              -0.013      0.032     -0.416      0.678
    FIN2              -0.026      0.032     -0.804      0.421
    FIN3              -0.029      0.032     -0.907      0.364

 EDUCATIO WITH
    EDUCATION_         0.469      0.028     16.532      0.000
    UNEMPLOYED        -0.250      0.030     -8.362      0.000
    UNEMPLOYED        -0.096      0.034     -2.845      0.004
    FIN1               0.142      0.032      4.429      0.000
    FIN2               0.164      0.031      5.207      0.000
    FIN3               0.161      0.032      5.025      0.000

 EDUCATIO WITH
    UNEMPLOYED        -0.158      0.031     -5.161      0.000
    UNEMPLOYED        -0.121      0.027     -4.488      0.000
    FIN1               0.172      0.032      5.294      0.000
    FIN2               0.211      0.031      6.831      0.000
    FIN3               0.214      0.031      6.999      0.000

 UNEMPLOY WITH
    UNEMPLOYED         0.146      0.042      3.487      0.000
    FIN1              -0.108      0.035     -3.090      0.002
    FIN2              -0.098      0.033     -2.953      0.003
    FIN3              -0.129      0.032     -3.983      0.000

 UNEMPLOY WITH
    FIN1              -0.122      0.036     -3.358      0.001
    FIN2              -0.093      0.030     -3.124      0.002
    FIN3              -0.091      0.033     -2.759      0.006

 FIN1     WITH
    FIN2               0.715      0.019     38.334      0.000
    FIN3               0.656      0.024     27.886      0.000

 FIN2     WITH
    FIN3               0.703      0.021     33.387      0.000

 Means
    GENDER1            1.351      0.045     29.935      0.000
    AGE1              32.399      0.350     92.493      0.000
    EDUCATION_         4.016      0.064     62.467      0.000
    EDUCATION_         3.785      0.060     63.245      0.000
    UNEMPLOYED         0.426      0.019     22.533      0.000
    UNEMPLOYED         0.274      0.018     15.510      0.000
    FIN1               4.403      0.091     48.128      0.000
    FIN2               4.568      0.096     47.395      0.000
    FIN3               4.334      0.102     42.332      0.000

 Intercepts
    X1                -2.793      0.895     -3.119      0.002
    X2                -2.773      0.893     -3.104      0.002
    X3                -2.768      0.891     -3.108      0.002
    Y1                -1.701      0.930     -1.828      0.068
    Y2                -1.641      0.903     -1.817      0.069
    Y3                -1.628      0.895     -1.818      0.069
    M1                -1.863      0.913     -2.040      0.041
    M2                -1.651      0.814     -2.029      0.042
    M3                -1.624      0.800     -2.030      0.042

 Variances
    GENDER1            1.000      0.000    999.000    999.000
    AGE1               1.000      0.000    999.000    999.000
    EDUCATION_         1.000      0.000    999.000    999.000
    EDUCATION_         1.000      0.000    999.000    999.000
    UNEMPLOYED         1.000      0.000    999.000    999.000
    UNEMPLOYED         1.000      0.000    999.000    999.000
    FIN1               1.000      0.000    999.000    999.000
    FIN2               1.000      0.000    999.000    999.000
    FIN3               1.000      0.000    999.000    999.000
    RIX                1.000      0.000    999.000    999.000
    RIY                1.000      0.000    999.000    999.000
    RIM                1.000      0.000    999.000    999.000
    WX1                1.000      0.000    999.000    999.000
    WY1                1.000      0.000    999.000    999.000
    WM1                1.000      0.000    999.000    999.000

 Residual Variances
    X1                 0.000      0.000      0.000      1.000
    X2                 0.000      0.000      0.000      1.000
    X3                 0.000      0.000      0.000      1.000
    Y1                 0.000      0.000      0.000      1.000
    Y2                 0.000      0.000      0.000      1.000
    Y3                 0.000      0.000      0.000      1.000
    M1                 0.000      0.000      0.000      1.000
    M2                 0.000      0.000      0.000      1.000
    M3                 0.000      0.000      0.000      1.000
    WX2                0.985      0.013     73.010      0.000
    WX3                0.977      0.020     49.857      0.000
    WY2                0.997      0.010     99.096      0.000
    WY3                0.997      0.013     78.433      0.000
    WM2                0.972      0.016     60.984      0.000
    WM3                0.954      0.024     40.416      0.000


R-SQUARE

    Observed                                        Two-Tailed
    Variable        Estimate       S.E.  Est./S.E.    P-Value

    X1                 1.000      0.000    999.000    999.000
    X2                 1.000      0.000    999.000    999.000
    X3                 1.000      0.000    999.000    999.000
    Y1                 1.000      0.000    999.000    999.000
    Y2                 1.000      0.000    999.000    999.000
    Y3                 1.000      0.000    999.000    999.000
    M1                 1.000      0.000    999.000    999.000
    M2                 1.000      0.000    999.000    999.000
    M3                 1.000      0.000    999.000    999.000

     Latent                                         Two-Tailed
    Variable        Estimate       S.E.  Est./S.E.    P-Value

    WX2                0.015      0.013      1.079      0.281
    WX3                0.023      0.020      1.148      0.251
    WY2                0.003      0.010      0.282      0.778
    WY3                0.003      0.013      0.270      0.787
    WM2                0.028      0.016      1.781      0.075
    WM3                0.046      0.024      1.942      0.052


CONFIDENCE INTERVALS OF MODEL RESULTS

                  Lower .5%  Lower 2.5%    Lower 5%    Estimate    Upper 5%  Upper 2.5%   Upper .5%

 RIX      BY
    X1               1.000       1.000       1.000       1.000       1.000       1.000       1.000
    X2               1.000       1.000       1.000       1.000       1.000       1.000       1.000
    X3               1.000       1.000       1.000       1.000       1.000       1.000       1.000

 RIY      BY
    Y1               1.000       1.000       1.000       1.000       1.000       1.000       1.000
    Y2               1.000       1.000       1.000       1.000       1.000       1.000       1.000
    Y3               1.000       1.000       1.000       1.000       1.000       1.000       1.000

 RIM      BY
    M1               1.000       1.000       1.000       1.000       1.000       1.000       1.000
    M2               1.000       1.000       1.000       1.000       1.000       1.000       1.000
    M3               1.000       1.000       1.000       1.000       1.000       1.000       1.000

 WX1      BY
    X1               1.000       1.000       1.000       1.000       1.000       1.000       1.000

 WX2      BY
    X2               1.000       1.000       1.000       1.000       1.000       1.000       1.000

 WX3      BY
    X3               1.000       1.000       1.000       1.000       1.000       1.000       1.000

 WY1      BY
    Y1               1.000       1.000       1.000       1.000       1.000       1.000       1.000

 WY2      BY
    Y2               1.000       1.000       1.000       1.000       1.000       1.000       1.000

 WY3      BY
    Y3               1.000       1.000       1.000       1.000       1.000       1.000       1.000

 WM1      BY
    M1               1.000       1.000       1.000       1.000       1.000       1.000       1.000

 WM2      BY
    M2               1.000       1.000       1.000       1.000       1.000       1.000       1.000

 WM3      BY
    M3               1.000       1.000       1.000       1.000       1.000       1.000       1.000

 WY2      ON
    WY1             -0.186      -0.146      -0.121       0.014       0.157       0.187       0.227
    WX1             -0.072      -0.045      -0.030       0.045       0.114       0.127       0.151
    WM1             -0.147      -0.115      -0.096      -0.005       0.082       0.100       0.136

 WY3      ON
    WY2             -0.186      -0.146      -0.121       0.014       0.157       0.187       0.227
    WX2             -0.072      -0.045      -0.030       0.045       0.114       0.127       0.151
    WM2             -0.147      -0.115      -0.096      -0.005       0.082       0.100       0.136

 WX2      ON
    WX1             -0.087      -0.045      -0.021       0.090       0.202       0.223       0.261
    WY1             -0.104      -0.070      -0.052       0.047       0.141       0.159       0.194
    WM1             -0.072      -0.029      -0.009       0.100       0.210       0.231       0.270

 WX3      ON
    WX2             -0.087      -0.045      -0.021       0.090       0.202       0.223       0.261
    WY2             -0.104      -0.070      -0.052       0.047       0.141       0.159       0.194
    WM2             -0.072      -0.029      -0.009       0.100       0.210       0.231       0.270

 WM2      ON
    WM1              0.027       0.065       0.083       0.180       0.275       0.294       0.328
    WX1             -0.074      -0.056      -0.046       0.009       0.061       0.073       0.093
    WY1             -0.047      -0.021      -0.009       0.063       0.132       0.147       0.171

 WM3      ON
    WM2              0.027       0.065       0.083       0.180       0.275       0.294       0.328
    WX2             -0.074      -0.056      -0.046       0.009       0.061       0.073       0.093
    WY2             -0.047      -0.021      -0.009       0.063       0.132       0.147       0.171

 X1       ON
    GENDER1          0.437       0.472       0.490       0.585       0.680       0.698       0.731
    AGE1            -0.028       0.001       0.016       0.100       0.183       0.201       0.231
    EDUCATION_      -0.050      -0.029      -0.019       0.035       0.090       0.101       0.121
    EDUCATION_      -0.027      -0.009       0.001       0.051       0.101       0.111       0.129
    UNEMPLOYED      -0.274      -0.226      -0.203      -0.081       0.046       0.072       0.122
    UNEMPLOYED      -0.069      -0.007       0.023       0.182       0.343       0.377       0.434
    FIN1            -0.019      -0.001       0.008       0.057       0.105       0.114       0.131

 X2       ON
    GENDER1          0.255       0.290       0.309       0.409       0.508       0.525       0.567
    AGE1            -0.031      -0.002       0.013       0.097       0.181       0.197       0.228
    EDUCATION_      -0.067      -0.045      -0.035       0.021       0.078       0.090       0.112
    EDUCATION_      -0.035      -0.013      -0.003       0.052       0.106       0.117       0.135
    UNEMPLOYED      -0.241      -0.182      -0.157      -0.028       0.106       0.130       0.180
    UNEMPLOYED      -0.048       0.017       0.050       0.234       0.415       0.453       0.522
    FIN2             0.035       0.051       0.061       0.111       0.161       0.170       0.190

 X3       ON
    GENDER1          0.263       0.303       0.321       0.420       0.520       0.539       0.575
    AGE1            -0.025       0.005       0.019       0.104       0.186       0.202       0.234
    EDUCATION_      -0.059      -0.039      -0.028       0.031       0.088       0.099       0.121
    EDUCATION_      -0.052      -0.031      -0.022       0.034       0.088       0.099       0.121
    UNEMPLOYED      -0.251      -0.198      -0.173      -0.043       0.089       0.115       0.162
    UNEMPLOYED      -0.003       0.060       0.096       0.266       0.436       0.464       0.533
    FIN3             0.010       0.029       0.038       0.094       0.149       0.160       0.182

 Y1       ON
    GENDER1         -0.245      -0.215      -0.201      -0.128      -0.053      -0.040      -0.012
    AGE1            -0.064      -0.037      -0.025       0.040       0.103       0.116       0.141
    EDUCATION_      -0.048      -0.032      -0.023       0.020       0.063       0.071       0.088
    EDUCATION_      -0.069      -0.052      -0.044      -0.005       0.035       0.043       0.059
    UNEMPLOYED      -0.170      -0.125      -0.104       0.006       0.114       0.134       0.170
    UNEMPLOYED      -0.182      -0.121      -0.089       0.070       0.225       0.255       0.310
    FIN1             0.083       0.099       0.106       0.144       0.182       0.189       0.205

 Y2       ON
    GENDER1         -0.243      -0.213      -0.197      -0.117      -0.037      -0.021       0.008
    AGE1            -0.060      -0.035      -0.022       0.044       0.108       0.121       0.149
    EDUCATION_      -0.068      -0.050      -0.041       0.006       0.051       0.059       0.077
    EDUCATION_      -0.077      -0.059      -0.050      -0.004       0.043       0.052       0.070
    UNEMPLOYED      -0.318      -0.272      -0.249      -0.141      -0.030      -0.011       0.027
    UNEMPLOYED      -0.154      -0.095      -0.063       0.099       0.261       0.290       0.343
    FIN2             0.078       0.094       0.102       0.144       0.187       0.195       0.210

 Y3       ON
    GENDER1         -0.177      -0.153      -0.139      -0.061       0.015       0.029       0.057
    AGE1            -0.076      -0.052      -0.039       0.026       0.089       0.102       0.128
    EDUCATION_      -0.064      -0.048      -0.038       0.008       0.053       0.061       0.078
    EDUCATION_      -0.053      -0.036      -0.028       0.014       0.056       0.064       0.080
    UNEMPLOYED      -0.187      -0.146      -0.127      -0.023       0.079       0.098       0.132
    UNEMPLOYED      -0.079      -0.020       0.008       0.156       0.300       0.327       0.380
    FIN3             0.125       0.140       0.147       0.186       0.226       0.234       0.250

 M1       ON
    GENDER1          0.068       0.088       0.098       0.153       0.207       0.217       0.236
    AGE1            -0.041      -0.025      -0.016       0.030       0.076       0.086       0.103
    EDUCATION_      -0.078      -0.065      -0.060      -0.028       0.004       0.010       0.021
    EDUCATION_      -0.030      -0.019      -0.013       0.017       0.047       0.052       0.065
    UNEMPLOYED      -0.166      -0.137      -0.122      -0.047       0.026       0.042       0.072
    UNEMPLOYED      -0.101      -0.060      -0.040       0.064       0.165       0.183       0.225
    FIN1             0.051       0.062       0.067       0.096       0.125       0.130       0.141

 M2       ON
    GENDER1         -0.022       0.004       0.016       0.076       0.135       0.146       0.168
    AGE1            -0.040      -0.025      -0.016       0.030       0.076       0.084       0.102
    EDUCATION_      -0.056      -0.044      -0.038      -0.004       0.029       0.036       0.049
    EDUCATION_      -0.065      -0.053      -0.047      -0.014       0.019       0.026       0.036
    UNEMPLOYED      -0.177      -0.146      -0.129      -0.044       0.041       0.056       0.089
    UNEMPLOYED      -0.172      -0.130      -0.108       0.008       0.122       0.143       0.185
    FIN2             0.072       0.082       0.088       0.120       0.151       0.157       0.169

 M3       ON
    GENDER1          0.077       0.101       0.114       0.181       0.246       0.260       0.285
    AGE1            -0.050      -0.035      -0.025       0.020       0.067       0.077       0.093
    EDUCATION_      -0.058      -0.042      -0.035       0.003       0.041       0.048       0.063
    EDUCATION_      -0.042      -0.029      -0.022       0.014       0.051       0.058       0.072
    UNEMPLOYED      -0.227      -0.191      -0.173      -0.084       0.005       0.020       0.052
    UNEMPLOYED      -0.080      -0.029      -0.003       0.126       0.251       0.279       0.324
    FIN3             0.049       0.062       0.069       0.103       0.137       0.144       0.156

 RIX      WITH
    RIY              0.044       0.054       0.059       0.089       0.119       0.126       0.136
    RIM              0.074       0.083       0.087       0.111       0.134       0.139       0.148

 RIY      WITH
    RIM              0.075       0.082       0.085       0.104       0.121       0.125       0.132

 WX1      WITH
    WY1             -0.018      -0.011      -0.007       0.014       0.036       0.040       0.049
    WM1             -0.001       0.007       0.010       0.029       0.051       0.055       0.065

 WY1      WITH
    WM1              0.002       0.008       0.011       0.027       0.042       0.046       0.053

 WX2      WITH
    WY2              0.020       0.028       0.033       0.058       0.079       0.084       0.091
    WM2              0.044       0.050       0.053       0.072       0.089       0.092       0.098

 WY2      WITH
    WM2              0.041       0.047       0.050       0.066       0.079       0.082       0.087

 WX3      WITH
    WY3              0.020       0.028       0.033       0.058       0.079       0.084       0.091
    WM3              0.044       0.050       0.053       0.072       0.089       0.092       0.098

 WY3      WITH
    WM3              0.041       0.047       0.050       0.066       0.079       0.082       0.087

 GENDER1  WITH
    AGE1            -0.019      -0.015      -0.013      -0.001       0.012       0.014       0.019
    EDUCATION_      -0.074      -0.065      -0.060      -0.036      -0.011      -0.006       0.004
    EDUCATION_      -0.059      -0.051      -0.046      -0.022       0.003       0.008       0.018
    UNEMPLOYED      -0.017      -0.014      -0.012      -0.003       0.006       0.008       0.011
    UNEMPLOYED      -0.012      -0.010      -0.008      -0.002       0.005       0.006       0.009
    FIN1            -0.019      -0.012      -0.008       0.014       0.035       0.040       0.047
    FIN2            -0.035      -0.027      -0.022      -0.001       0.020       0.024       0.031
    FIN3            -0.030      -0.021      -0.017       0.006       0.028       0.032       0.040

 AGE1     WITH
    EDUCATION_      -0.075      -0.067      -0.062      -0.037      -0.012      -0.008       0.002
    EDUCATION_      -0.057      -0.049      -0.044      -0.018       0.007       0.012       0.023
    UNEMPLOYED      -0.002       0.001       0.003       0.012       0.021       0.022       0.025
    UNEMPLOYED      -0.009      -0.006      -0.005       0.002       0.008       0.009       0.012
    FIN1            -0.040      -0.031      -0.027      -0.005       0.016       0.020       0.028
    FIN2            -0.044      -0.036      -0.031      -0.010       0.010       0.015       0.022
    FIN3            -0.047      -0.038      -0.034      -0.012       0.010       0.015       0.023

 EDUCATIO WITH
    EDUCATION_       0.373       0.393       0.403       0.452       0.502       0.511       0.530
    UNEMPLOYED      -0.119      -0.111      -0.107      -0.088      -0.068      -0.065      -0.058
    UNEMPLOYED      -0.046      -0.040      -0.038      -0.024      -0.010      -0.007      -0.001
    FIN1             0.048       0.064       0.073       0.118       0.162       0.171       0.189
    FIN2             0.066       0.081       0.089       0.132       0.174       0.181       0.197
    FIN3             0.065       0.083       0.091       0.135       0.180       0.189       0.205

 EDUCATIO WITH
    UNEMPLOYED      -0.086      -0.079      -0.075      -0.056      -0.038      -0.034      -0.027
    UNEMPLOYED      -0.050      -0.045      -0.043      -0.031      -0.018      -0.016      -0.012
    FIN1             0.074       0.091       0.099       0.145       0.190       0.201       0.217
    FIN2             0.108       0.122       0.130       0.173       0.216       0.224       0.241
    FIN3             0.113       0.130       0.139       0.184       0.229       0.237       0.253

 UNEMPLOY WITH
    UNEMPLOYED       0.004       0.006       0.007       0.013       0.020       0.022       0.024
    FIN1            -0.062      -0.055      -0.052      -0.033      -0.016      -0.012      -0.006
    FIN2            -0.055      -0.048      -0.046      -0.029      -0.013      -0.010      -0.004
    FIN3            -0.068      -0.061      -0.058      -0.040      -0.023      -0.020      -0.014

 UNEMPLOY WITH
    FIN1            -0.048      -0.043      -0.040      -0.026      -0.013      -0.010      -0.005
    FIN2            -0.037      -0.033      -0.031      -0.020      -0.009      -0.007      -0.003
    FIN3            -0.039      -0.035      -0.032      -0.020      -0.008      -0.006      -0.001

 FIN1     WITH
    FIN2             0.440       0.456       0.463       0.504       0.545       0.553       0.567
    FIN3             0.420       0.434       0.442       0.484       0.526       0.533       0.551

 FIN2     WITH
    FIN3             0.441       0.456       0.463       0.504       0.543       0.551       0.567

 Means
    GENDER1          0.607       0.616       0.621       0.646       0.671       0.676       0.686
    AGE1            15.598      15.608      15.612      15.638      15.663      15.669      15.679
    EDUCATION_       3.826       3.846       3.855       3.906       3.959       3.968       3.987
    EDUCATION_       3.670       3.691       3.701       3.754       3.806       3.817       3.838
    UNEMPLOYED       0.124       0.131       0.135       0.154       0.172       0.176       0.183
    UNEMPLOYED       0.049       0.054       0.056       0.070       0.083       0.087       0.091
    FIN1             3.683       3.702       3.711       3.755       3.800       3.808       3.826
    FIN2             3.707       3.724       3.733       3.776       3.820       3.828       3.843
    FIN3             3.681       3.698       3.706       3.753       3.799       3.807       3.823

 Intercepts
    X1              -4.609      -4.104      -3.835      -2.512      -1.165      -0.933      -0.442
    X2              -4.609      -4.104      -3.835      -2.512      -1.165      -0.933      -0.442
    X3              -4.609      -4.104      -3.835      -2.512      -1.165      -0.933      -0.442
    Y1              -2.813      -2.375      -2.171      -1.146      -0.106       0.105       0.514
    Y2              -2.813      -2.375      -2.171      -1.146      -0.106       0.105       0.514
    Y3              -2.813      -2.375      -2.171      -1.146      -0.106       0.105       0.514
    M1              -2.080      -1.792      -1.655      -0.916      -0.178      -0.041       0.239
    M2              -2.080      -1.792      -1.655      -0.916      -0.178      -0.041       0.239
    M3              -2.080      -1.792      -1.655      -0.916      -0.178      -0.041       0.239

 Variances
    GENDER1          0.216       0.219       0.221       0.229       0.235       0.236       0.238
    AGE1             0.220       0.223       0.225       0.233       0.240       0.241       0.244
    EDUCATION_       0.886       0.900       0.907       0.946       0.987       0.996       1.013
    EDUCATION_       0.914       0.929       0.938       0.983       1.030       1.039       1.058
    UNEMPLOYED       0.109       0.114       0.117       0.130       0.143       0.145       0.150
    UNEMPLOYED       0.047       0.051       0.053       0.065       0.077       0.079       0.083
    FIN1             0.658       0.672       0.681       0.727       0.771       0.780       0.799
    FIN2             0.617       0.632       0.640       0.683       0.727       0.736       0.753
    FIN3             0.670       0.688       0.698       0.750       0.803       0.814       0.834
    RIX              0.346       0.368       0.377       0.429       0.474       0.483       0.503
    RIY              0.194       0.205       0.212       0.248       0.278       0.285       0.298
    RIM              0.078       0.086       0.090       0.110       0.126       0.130       0.136
    WX1              0.228       0.242       0.248       0.290       0.334       0.342       0.363
    WY1              0.145       0.155       0.159       0.187       0.217       0.223       0.235
    WM1              0.092       0.098       0.101       0.119       0.138       0.142       0.151

 Residual Variances
    X1               0.000       0.000       0.000       0.000       0.000       0.000       0.000
    X2               0.000       0.000       0.000       0.000       0.000       0.000       0.000
    X3               0.000       0.000       0.000       0.000       0.000       0.000       0.000
    Y1               0.000       0.000       0.000       0.000       0.000       0.000       0.000
    Y2               0.000       0.000       0.000       0.000       0.000       0.000       0.000
    Y3               0.000       0.000       0.000       0.000       0.000       0.000       0.000
    M1               0.000       0.000       0.000       0.000       0.000       0.000       0.000
    M2               0.000       0.000       0.000       0.000       0.000       0.000       0.000
    M3               0.000       0.000       0.000       0.000       0.000       0.000       0.000
    WX2              0.263       0.278       0.286       0.331       0.368       0.376       0.391
    WX3              0.263       0.278       0.286       0.331       0.368       0.376       0.391
    WY2              0.169       0.180       0.185       0.218       0.247       0.252       0.264
    WY3              0.169       0.180       0.185       0.218       0.247       0.252       0.264
    WM2              0.159       0.163       0.166       0.182       0.194       0.197       0.202
    WM3              0.159       0.163       0.166       0.182       0.194       0.197       0.202

New/Additional Parameters
    IND             -0.007      -0.004      -0.003       0.000       0.003       0.003       0.006


CONFIDENCE INTERVALS OF STANDARDIZED MODEL RESULTS


STDYX Standardization

                  Lower .5%  Lower 2.5%    Lower 5%    Estimate    Upper 5%  Upper 2.5%   Upper .5%

 RIX      BY
    X1               0.667       0.683       0.690       0.729       0.757       0.763       0.773
    X2               0.658       0.675       0.683       0.723       0.755       0.761       0.773
    X3               0.654       0.672       0.680       0.722       0.754       0.760       0.772

 RIY      BY
    Y1               0.670       0.687       0.695       0.739       0.769       0.774       0.786
    Y2               0.639       0.657       0.665       0.713       0.747       0.754       0.767
    Y3               0.632       0.650       0.658       0.707       0.743       0.749       0.762

 RIM      BY
    M1               0.574       0.600       0.613       0.673       0.718       0.726       0.741
    M2               0.512       0.536       0.546       0.597       0.633       0.641       0.653
    M3               0.499       0.523       0.534       0.587       0.626       0.633       0.646

 WX1      BY
    X1               0.542       0.554       0.560       0.599       0.636       0.644       0.662

 WX2      BY
    X2               0.575       0.590       0.598       0.640       0.678       0.686       0.700

 WX3      BY
    X3               0.576       0.591       0.599       0.641       0.681       0.689       0.704

 WY1      BY
    Y1               0.578       0.594       0.602       0.642       0.681       0.690       0.707

 WY2      BY
    Y2               0.602       0.618       0.625       0.670       0.712       0.719       0.736

 WY3      BY
    Y3               0.598       0.613       0.621       0.665       0.708       0.716       0.733

 WM1      BY
    M1               0.624       0.642       0.652       0.700       0.748       0.758       0.777

 WM2      BY
    M2               0.727       0.739       0.745       0.779       0.812       0.819       0.834

 WM3      BY
    M3               0.720       0.732       0.738       0.774       0.807       0.814       0.828

 WY2      ON
    WY1             -0.186      -0.144      -0.120       0.013       0.140       0.164       0.202
    WX1             -0.084      -0.053      -0.035       0.051       0.130       0.144       0.170
    WM1             -0.109      -0.084      -0.071      -0.004       0.061       0.075       0.103

 WY3      ON
    WY2             -0.186      -0.147      -0.121       0.014       0.157       0.186       0.225
    WX2             -0.086      -0.055      -0.037       0.055       0.142       0.159       0.190
    WM2             -0.132      -0.105      -0.089      -0.005       0.077       0.093       0.129

 WX2      ON
    WX1             -0.087      -0.043      -0.021       0.084       0.183       0.200       0.234
    WY1             -0.077      -0.052      -0.039       0.035       0.105       0.119       0.148
    WM1             -0.042      -0.017      -0.005       0.060       0.127       0.139       0.166

 WX3      ON
    WX2             -0.087      -0.044      -0.021       0.090       0.201       0.221       0.259
    WY2             -0.084      -0.056      -0.042       0.038       0.113       0.128       0.160
    WM2             -0.052      -0.021      -0.006       0.074       0.158       0.172       0.206

 WM2      ON
    WM1              0.020       0.050       0.064       0.143       0.224       0.241       0.271
    WX1             -0.092      -0.068      -0.057       0.011       0.078       0.091       0.116
    WY1             -0.048      -0.022      -0.009       0.063       0.131       0.145       0.170

 WM3      ON
    WM2              0.027       0.065       0.082       0.178       0.271       0.289       0.321
    WX2             -0.097      -0.073      -0.060       0.012       0.083       0.099       0.124
    WY2             -0.050      -0.022      -0.009       0.068       0.144       0.158       0.186

 X1       ON
    GENDER1          0.234       0.253       0.263       0.311       0.358       0.367       0.384
    AGE1            -0.015       0.001       0.009       0.054       0.098       0.107       0.124
    EDUCATION_      -0.054      -0.032      -0.021       0.037       0.097       0.108       0.129
    EDUCATION_      -0.031      -0.010       0.001       0.056       0.111       0.122       0.143
    UNEMPLOYED      -0.109      -0.091      -0.081      -0.032       0.018       0.029       0.048
    UNEMPLOYED      -0.019      -0.002       0.007       0.052       0.096       0.105       0.121
    FIN1            -0.018      -0.001       0.008       0.054       0.099       0.108       0.124

 X2       ON
    GENDER1          0.136       0.154       0.164       0.216       0.266       0.276       0.296
    AGE1            -0.016      -0.001       0.007       0.052       0.096       0.105       0.123
    EDUCATION_      -0.070      -0.049      -0.038       0.023       0.084       0.097       0.120
    EDUCATION_      -0.038      -0.014      -0.003       0.057       0.116       0.128       0.146
    UNEMPLOYED      -0.095      -0.072      -0.062      -0.011       0.042       0.051       0.070
    UNEMPLOYED      -0.013       0.005       0.014       0.066       0.116       0.126       0.146
    FIN2             0.031       0.047       0.056       0.101       0.146       0.154       0.171

 X3       ON
    GENDER1          0.138       0.160       0.169       0.221       0.273       0.282       0.300
    AGE1            -0.013       0.002       0.010       0.055       0.099       0.108       0.124
    EDUCATION_      -0.063      -0.042      -0.030       0.033       0.094       0.106       0.129
    EDUCATION_      -0.057      -0.034      -0.024       0.037       0.096       0.109       0.132
    UNEMPLOYED      -0.101      -0.078      -0.069      -0.017       0.036       0.046       0.064
    UNEMPLOYED      -0.001       0.017       0.026       0.075       0.122       0.131       0.148
    FIN3             0.010       0.028       0.037       0.089       0.141       0.152       0.170

 Y1       ON
    GENDER1         -0.174      -0.153      -0.143      -0.091      -0.038      -0.028      -0.009
    AGE1            -0.046      -0.027      -0.018       0.029       0.074       0.083       0.100
    EDUCATION_      -0.070      -0.046      -0.033       0.029       0.090       0.103       0.128
    EDUCATION_      -0.099      -0.076      -0.065      -0.007       0.052       0.063       0.086
    UNEMPLOYED      -0.091      -0.066      -0.055       0.003       0.062       0.073       0.090
    UNEMPLOYED      -0.068      -0.045      -0.034       0.027       0.084       0.095       0.116
    FIN1             0.105       0.124       0.133       0.182       0.231       0.239       0.259

 Y2       ON
    GENDER1         -0.165      -0.146      -0.134      -0.080      -0.025      -0.014       0.005
    AGE1            -0.041      -0.024      -0.015       0.030       0.074       0.084       0.103
    EDUCATION_      -0.095      -0.070      -0.057       0.008       0.070       0.082       0.108
    EDUCATION_      -0.108      -0.083      -0.070      -0.005       0.062       0.074       0.101
    UNEMPLOYED      -0.163      -0.139      -0.129      -0.073      -0.015      -0.006       0.014
    UNEMPLOYED      -0.056      -0.034      -0.023       0.036       0.095       0.104       0.123
    FIN2             0.093       0.111       0.120       0.171       0.221       0.231       0.250

 Y3       ON
    GENDER1         -0.121      -0.103      -0.094      -0.042       0.010       0.019       0.038
    AGE1            -0.053      -0.035      -0.027       0.017       0.061       0.070       0.088
    EDUCATION_      -0.088      -0.066      -0.052       0.011       0.073       0.086       0.108
    EDUCATION_      -0.073      -0.051      -0.039       0.020       0.079       0.089       0.111
    UNEMPLOYED      -0.095      -0.074      -0.065      -0.012       0.040       0.049       0.067
    UNEMPLOYED      -0.028      -0.007       0.003       0.057       0.108       0.118       0.134
    FIN3             0.153       0.172       0.180       0.228       0.277       0.287       0.305

 M1       ON
    GENDER1          0.066       0.085       0.095       0.149       0.201       0.211       0.229
    AGE1            -0.041      -0.024      -0.015       0.030       0.075       0.084       0.101
    EDUCATION_      -0.154      -0.129      -0.117      -0.056       0.007       0.019       0.041
    EDUCATION_      -0.062      -0.038      -0.027       0.034       0.094       0.105       0.130
    UNEMPLOYED      -0.121      -0.101      -0.089      -0.035       0.019       0.031       0.053
    UNEMPLOYED      -0.052      -0.031      -0.021       0.033       0.084       0.095       0.115
    FIN1             0.087       0.106       0.116       0.167       0.216       0.225       0.244

 M2       ON
    GENDER1         -0.019       0.003       0.013       0.065       0.116       0.126       0.146
    AGE1            -0.036      -0.022      -0.014       0.026       0.066       0.074       0.089
    EDUCATION_      -0.099      -0.076      -0.066      -0.008       0.051       0.063       0.085
    EDUCATION_      -0.117      -0.095      -0.084      -0.025       0.034       0.046       0.064
    UNEMPLOYED      -0.113      -0.095      -0.083      -0.029       0.027       0.037       0.057
    UNEMPLOYED      -0.079      -0.058      -0.049       0.004       0.056       0.065       0.085
    FIN2             0.106       0.122       0.131       0.178       0.225       0.234       0.252

 M3       ON
    GENDER1          0.065       0.086       0.097       0.153       0.208       0.219       0.240
    AGE1            -0.043      -0.030      -0.022       0.018       0.058       0.065       0.080
    EDUCATION_      -0.099      -0.072      -0.061       0.006       0.071       0.082       0.108
    EDUCATION_      -0.072      -0.052      -0.039       0.025       0.090       0.102       0.128
    UNEMPLOYED      -0.141      -0.121      -0.111      -0.054       0.003       0.013       0.033
    UNEMPLOYED      -0.036      -0.013      -0.001       0.057       0.113       0.124       0.145
    FIN3             0.075       0.095       0.105       0.158       0.209       0.219       0.238

 RIX      WITH
    RIY              0.143       0.174       0.191       0.273       0.359       0.376       0.409
    RIM              0.379       0.416       0.433       0.513       0.595       0.611       0.641

 RIY      WITH
    RIM              0.514       0.544       0.557       0.629       0.713       0.729       0.765

 WX1      WITH
    WY1             -0.081      -0.048      -0.032       0.062       0.152       0.167       0.201
    WM1             -0.008       0.038       0.057       0.158       0.258       0.277       0.315

 WY1      WITH
    WM1              0.017       0.058       0.079       0.180       0.273       0.290       0.321

 WX2      WITH
    WY2              0.075       0.111       0.129       0.216       0.291       0.305       0.332
    WM2              0.185       0.209       0.224       0.292       0.359       0.371       0.394

 WY2      WITH
    WM2              0.223       0.249       0.263       0.330       0.391       0.402       0.421

 WX3      WITH
    WY3              0.075       0.111       0.129       0.216       0.291       0.305       0.332
    WM3              0.185       0.209       0.224       0.292       0.359       0.371       0.394

 WY3      WITH
    WM3              0.223       0.249       0.263       0.330       0.391       0.402       0.421

 GENDER1  WITH
    AGE1            -0.085      -0.065      -0.056      -0.003       0.050       0.060       0.081
    EDUCATION_      -0.158      -0.140      -0.130      -0.077      -0.024      -0.013       0.008
    EDUCATION_      -0.126      -0.106      -0.097      -0.046       0.006       0.016       0.038
    UNEMPLOYED      -0.100      -0.080      -0.070      -0.016       0.037       0.047       0.066
    UNEMPLOYED      -0.102      -0.079      -0.068      -0.014       0.041       0.050       0.072
    FIN1            -0.048      -0.030      -0.020       0.034       0.086       0.097       0.116
    FIN2            -0.088      -0.068      -0.057      -0.003       0.051       0.061       0.079
    FIN3            -0.072      -0.051      -0.041       0.014       0.068       0.077       0.097

 AGE1     WITH
    EDUCATION_      -0.159      -0.142      -0.131      -0.078      -0.026      -0.016       0.003
    EDUCATION_      -0.119      -0.102      -0.091      -0.038       0.015       0.025       0.048
    UNEMPLOYED      -0.013       0.008       0.017       0.069       0.119       0.127       0.144
    UNEMPLOYED      -0.073      -0.050      -0.040       0.014       0.065       0.075       0.095
    FIN1            -0.096      -0.076      -0.066      -0.013       0.040       0.050       0.069
    FIN2            -0.109      -0.090      -0.079      -0.026       0.026       0.038       0.057
    FIN3            -0.111      -0.091      -0.082      -0.029       0.024       0.035       0.054

 EDUCATIO WITH
    EDUCATION_       0.395       0.413       0.422       0.469       0.515       0.523       0.539
    UNEMPLOYED      -0.326      -0.308      -0.298      -0.250      -0.200      -0.190      -0.172
    UNEMPLOYED      -0.180      -0.159      -0.150      -0.096      -0.040      -0.029      -0.006
    FIN1             0.058       0.078       0.088       0.142       0.195       0.204       0.224
    FIN2             0.082       0.102       0.111       0.164       0.215       0.225       0.242
    FIN3             0.079       0.098       0.108       0.161       0.213       0.223       0.241

 EDUCATIO WITH
    UNEMPLOYED      -0.235      -0.217      -0.207      -0.158      -0.107      -0.097      -0.076
    UNEMPLOYED      -0.188      -0.172      -0.164      -0.121      -0.076      -0.066      -0.051
    FIN1             0.088       0.108       0.118       0.172       0.225       0.236       0.257
    FIN2             0.133       0.150       0.160       0.211       0.261       0.271       0.290
    FIN3             0.133       0.152       0.164       0.214       0.264       0.274       0.292

 UNEMPLOY WITH
    UNEMPLOYED       0.041       0.066       0.078       0.146       0.215       0.230       0.258
    FIN1            -0.197      -0.177      -0.166      -0.108      -0.051      -0.039      -0.019
    FIN2            -0.183      -0.162      -0.152      -0.098      -0.043      -0.032      -0.014
    FIN3            -0.212      -0.193      -0.182      -0.129      -0.076      -0.065      -0.045

 UNEMPLOY WITH
    FIN1            -0.214      -0.192      -0.180      -0.122      -0.062      -0.049      -0.025
    FIN2            -0.170      -0.152      -0.142      -0.093      -0.044      -0.034      -0.017
    FIN3            -0.173      -0.155      -0.145      -0.091      -0.036      -0.026      -0.005

 FIN1     WITH
    FIN2             0.664       0.677       0.684       0.715       0.745       0.751       0.761
    FIN3             0.593       0.607       0.615       0.656       0.693       0.699       0.713

 FIN2     WITH
    FIN3             0.644       0.659       0.668       0.703       0.737       0.742       0.754

 Means
    GENDER1          1.243       1.268       1.280       1.351       1.428       1.443       1.477
    AGE1            31.618      31.785      31.878      32.399      33.018      33.146      33.447
    EDUCATION_       3.851       3.891       3.913       4.016       4.124       4.146       4.184
    EDUCATION_       3.632       3.671       3.689       3.785       3.886       3.904       3.944
    UNEMPLOYED       0.376       0.389       0.394       0.426       0.456       0.462       0.474
    UNEMPLOYED       0.227       0.238       0.244       0.274       0.302       0.308       0.317
    FIN1             4.181       4.237       4.264       4.403       4.563       4.596       4.653
    FIN2             4.335       4.385       4.415       4.568       4.732       4.768       4.823
    FIN3             4.084       4.142       4.174       4.334       4.508       4.547       4.620

 Intercepts
    X1              -5.087      -4.545      -4.247      -2.793      -1.298      -1.041      -0.492
    X2              -5.085      -4.525      -4.237      -2.773      -1.287      -1.028      -0.494
    X3              -5.065      -4.516      -4.226      -2.768      -1.285      -1.028      -0.499
    Y1              -4.108      -3.489      -3.199      -1.701      -0.156       0.155       0.756
    Y2              -3.995      -3.413      -3.100      -1.641      -0.151       0.150       0.717
    Y3              -3.949      -3.375      -3.068      -1.628      -0.151       0.149       0.717
    M1              -4.220      -3.643      -3.360      -1.863      -0.367      -0.084       0.479
    M2              -3.751      -3.238      -2.987      -1.651      -0.321      -0.074       0.427
    M3              -3.685      -3.190      -2.939      -1.624      -0.313      -0.074       0.417

 Variances
    GENDER1          1.000       1.000       1.000       1.000       1.000       1.000       1.000
    AGE1             1.000       1.000       1.000       1.000       1.000       1.000       1.000
    EDUCATION_       1.000       1.000       1.000       1.000       1.000       1.000       1.000
    EDUCATION_       1.000       1.000       1.000       1.000       1.000       1.000       1.000
    UNEMPLOYED       1.000       1.000       1.000       1.000       1.000       1.000       1.000
    UNEMPLOYED       1.000       1.000       1.000       1.000       1.000       1.000       1.000
    FIN1             1.000       1.000       1.000       1.000       1.000       1.000       1.000
    FIN2             1.000       1.000       1.000       1.000       1.000       1.000       1.000
    FIN3             1.000       1.000       1.000       1.000       1.000       1.000       1.000
    RIX              1.000       1.000       1.000       1.000       1.000       1.000       1.000
    RIY              1.000       1.000       1.000       1.000       1.000       1.000       1.000
    RIM              1.000       1.000       1.000       1.000       1.000       1.000       1.000
    WX1              1.000       1.000       1.000       1.000       1.000       1.000       1.000
    WY1              1.000       1.000       1.000       1.000       1.000       1.000       1.000
    WM1              1.000       1.000       1.000       1.000       1.000       1.000       1.000

 Residual Variances
    X1               0.000       0.000       0.000       0.000       0.000       0.000       0.000
    X2               0.000       0.000       0.000       0.000       0.000       0.000       0.000
    X3               0.000       0.000       0.000       0.000       0.000       0.000       0.000
    Y1               0.000       0.000       0.000       0.000       0.000       0.000       0.000
    Y2               0.000       0.000       0.000       0.000       0.000       0.000       0.000
    Y3               0.000       0.000       0.000       0.000       0.000       0.000       0.000
    M1               0.000       0.000       0.000       0.000       0.000       0.000       0.000
    M2               0.000       0.000       0.000       0.000       0.000       0.000       0.000
    M3               0.000       0.000       0.000       0.000       0.000       0.000       0.000
    WX2              0.931       0.946       0.953       0.985       0.996       0.997       0.999
    WX3              0.902       0.921       0.932       0.977       0.994       0.996       0.999
    WY2              0.947       0.961       0.968       0.997       0.998       0.999       1.000
    WY3              0.931       0.952       0.959       0.997       0.998       0.999       1.000
    WM2              0.912       0.928       0.936       0.972       0.988       0.990       0.994
    WM3              0.869       0.892       0.904       0.954       0.981       0.985       0.991


     Beginning Time:  15:28:09
        Ending Time:  15:45:49
       Elapsed Time:  00:17:40



MUTHEN & MUTHEN
3463 Stoner Ave.
Los Angeles, CA  90066

Tel: (310) 391-9971
Fax: (310) 391-8971
Web: www.StatModel.com
Support: Support@StatModel.com

Copyright (c) 1998-2023 Muthen & Muthen
