Mplus VERSION 8.9
MUTHEN & MUTHEN
01/22/2025   3:45 PM

INPUT INSTRUCTIONS

  DATA:
    FILE IS "mplus.dat";
  VARIABLE:
    MISSING ARE ALL (-99);
    NAMES ARE id Gender1 Age1 Education_mother1 Education_father1
    unemployed_mother1 unemployed_father1 Fin1 Fin2 Fin3 Personal1
    Personal2 Personal3 Public1 Public2 Public3 Collective1
    Collective2 Collective3 Relational1 Relational2
    Relational3 Autonomy1 Autonomy2 Autonomy3 Relatedness1 Relatedness2
    Relatedness3 Competence1 Competence2 Competence3
    PA1 PA2 PA3 NA1 NA2 NA3 SWLS1 SWLS2 SWLS3;

  usevar =
  Gender1 Age1 Education_mother1 Education_father1
  unemployed_mother1 unemployed_father1 Fin1 Fin2 Fin3
  x1-x3 y1-y3 m1-m3 ;

  define:
  x1 = Personal1;
  x2 = Personal2;
  x3 = Personal3;

  m1 = Competence1;
  m2 = Competence2;
  m3 = Competence3;

  y1 = PA1;
  y2 = PA2;
  y3 = PA3;




  analysis:

  MODEL = NOCOV;
  bootstrap = 10000;


  MODEL:
  RIx BY x1@1 x2@1 x3@1;
  RIy BY y1@1 y2@1 y3@1;
  RIm BY m1@1 m2@1 m3@1;



  wx1 BY x1@1;
  wx2 BY x2@1;
  wx3 BY x3@1;



  wy1 BY y1@1;
  wy2 BY y2@1;
  wy3 BY y3@1;



  wm1 By m1@1;
  wm2 By m2@1;
  wm3 By m3@1;


  x1-m3@0;


  wy2 ON wy1 (a );
  wy3 ON wy2 (a );


  wx2 ON wx1 (b );
  wx3 ON wx2 (b );


  wm2 ON wm1  (c);
  wm3 ON wm2  (c);


  wy2 ON  wx1 wm1  (d e);
  wy3 ON  wx2 wm2  (d e);


  wx2 ON wy1 wm1  (f j);
  wx3 ON wy2 wm2  (f j);


  wm2 ON wx1 wy1   (h i);
  wm3 ON wx2 wy2   (h i);


  RIx RIy RIm  with RIx RIy RIm ;

  wx1 wy1 wm1 with wx1 wy1 wm1;
  wx2 wy2 wm2 with wx2 wy2 wm2 (cov1 cov2 cov3);
  wx3 wy3 wm3 with wx3 wy3 wm3 (cov1 cov2 cov3);

  wx2 (vx); wy2 (vy); wm2 (vm);
  wx3 (vx); wy3 (vy); wm3 (vm);

  x1-m3 on Gender1 Age1 Education_mother1 Education_father1
  unemployed_mother1 unemployed_father1 ;

  x1 y1 m1 on Fin1;
  x2 y2 m2 on Fin2;
  x3 y3 m3 on Fin3;

  Gender1 -Fin3 with Gender1 -Fin3;

  [x1-x3] (mx);
  [m1-m3] (mm);
  [y1-y3] (my);

  model constraint:
  new (ind);
  ind = h*e;

  output: cinterval (boot) stdyx;



*** WARNING in VARIABLE command
  Note that only the first 8 characters of variable names are used in the output.
  Shorten variable names to avoid any confusion.
   1 WARNING(S) FOUND IN THE INPUT INSTRUCTIONS




SUMMARY OF ANALYSIS

Number of groups                                                 1
Number of observations                                         971

Number of dependent variables                                    9
Number of independent variables                                  9
Number of continuous latent variables                           12

Observed dependent variables

  Continuous
   X1          X2          X3          Y1          Y2          Y3
   M1          M2          M3

Observed independent variables
   GENDER1     AGE1        EDUCATIO    EDUCATIO    UNEMPLOY    UNEMPLOY
   FIN1        FIN2        FIN3

Continuous latent variables
   RIX         RIY         RIM         WX1         WX2         WX3
   WY1         WY2         WY3         WM1         WM2         WM3


Estimator                                                       ML
Information matrix                                        OBSERVED
Maximum number of iterations                                  1000
Convergence criterion                                    0.500D-04
Maximum number of steepest descent iterations                   20
Maximum number of iterations for H1                           2000
Convergence criterion for H1                             0.100D-03
Number of bootstrap draws
    Requested                                                10000
    Completed                                                10000

Input data file(s)
  mplus.dat

Input data format  FREE


SUMMARY OF DATA

     Number of missing data patterns            19


COVARIANCE COVERAGE OF DATA

Minimum covariance coverage value   0.100


     PROPORTION OF DATA PRESENT


           Covariance Coverage
              X1            X2            X3            Y1            Y2
              ________      ________      ________      ________      ________
 X1             1.000
 X2             1.000         1.000
 X3             1.000         1.000         1.000
 Y1             1.000         1.000         1.000         1.000
 Y2             1.000         1.000         1.000         1.000         1.000
 Y3             1.000         1.000         1.000         1.000         1.000
 M1             1.000         1.000         1.000         1.000         1.000
 M2             1.000         1.000         1.000         1.000         1.000
 M3             1.000         1.000         1.000         1.000         1.000
 GENDER1        0.998         0.998         0.998         0.998         0.998
 AGE1           0.999         0.999         0.999         0.999         0.999
 EDUCATIO       0.994         0.994         0.994         0.994         0.994
 EDUCATIO       0.991         0.991         0.991         0.991         0.991
 UNEMPLOY       0.992         0.992         0.992         0.992         0.992
 UNEMPLOY       0.974         0.974         0.974         0.974         0.974
 FIN1           0.994         0.994         0.994         0.994         0.994
 FIN2           0.991         0.991         0.991         0.991         0.991
 FIN3           0.991         0.991         0.991         0.991         0.991


           Covariance Coverage
              Y3            M1            M2            M3            GENDER1
              ________      ________      ________      ________      ________
 Y3             1.000
 M1             1.000         1.000
 M2             1.000         1.000         1.000
 M3             1.000         1.000         1.000         1.000
 GENDER1        0.998         0.998         0.998         0.998         0.998
 AGE1           0.999         0.999         0.999         0.999         0.997
 EDUCATIO       0.994         0.994         0.994         0.994         0.992
 EDUCATIO       0.991         0.991         0.991         0.991         0.989
 UNEMPLOY       0.992         0.992         0.992         0.992         0.990
 UNEMPLOY       0.974         0.974         0.974         0.974         0.972
 FIN1           0.994         0.994         0.994         0.994         0.992
 FIN2           0.991         0.991         0.991         0.991         0.990
 FIN3           0.991         0.991         0.991         0.991         0.989


           Covariance Coverage
              AGE1          EDUCATIO      EDUCATIO      UNEMPLOY      UNEMPLOY
              ________      ________      ________      ________      ________
 AGE1           0.999
 EDUCATIO       0.993         0.994
 EDUCATIO       0.990         0.987         0.991
 UNEMPLOY       0.991         0.989         0.984         0.992
 UNEMPLOY       0.973         0.969         0.970         0.968         0.974
 FIN1           0.993         0.989         0.986         0.988         0.969
 FIN2           0.990         0.985         0.981         0.982         0.965
 FIN3           0.990         0.985         0.981         0.982         0.965


           Covariance Coverage
              FIN1          FIN2          FIN3
              ________      ________      ________
 FIN1           0.994
 FIN2           0.986         0.991
 FIN3           0.986         0.984         0.991



UNIVARIATE SAMPLE STATISTICS


     UNIVARIATE HIGHER-ORDER MOMENT DESCRIPTIVE STATISTICS

         Variable/         Mean/     Skewness/   Minimum/ % with                Percentiles
        Sample Size      Variance    Kurtosis    Maximum  Min/Max      20%/60%    40%/80%    Median

     X1                   -0.019      -0.225      -3.871    0.10%      -0.751     -0.228      0.011
             971.000       0.796       0.179       2.389    0.10%       0.224      0.753
     X2                   -0.012       0.007      -3.561    0.10%      -0.779     -0.282     -0.045
             971.000       0.821      -0.194       2.554    0.10%       0.191      0.815
     X3                   -0.010      -0.051      -4.397    0.10%      -0.784     -0.280     -0.039
             971.000       0.852       0.065       2.669    0.10%       0.202      0.811
     Y1                    0.000      -0.852      -2.603    0.10%      -0.536     -0.025      0.104
             971.000       0.467       0.543       1.028    0.82%       0.246      0.602
     Y2                    0.000      -0.845      -2.692    0.10%      -0.615     -0.025      0.114
             971.000       0.536       0.375       1.046    1.03%       0.272      0.639
     Y3                    0.000      -0.937      -2.754    0.10%      -0.553     -0.036      0.085
             971.000       0.499       0.856       0.988    1.44%       0.256      0.610
     M1                   -0.013      -0.207      -2.157    0.10%      -0.547     -0.152     -0.037
             971.000       0.426      -0.176       1.305    1.24%       0.156      0.562
     M2                   -0.012      -0.221      -2.427    0.10%      -0.568     -0.153     -0.024
             971.000       0.500       0.061       1.414    2.47%       0.149      0.590
     M3                   -0.011      -0.082      -2.110    0.10%      -0.624     -0.206     -0.045
             971.000       0.507      -0.375       1.425    2.16%       0.159      0.607
     GENDER1               0.646      -0.611       0.000   35.40%       0.000      1.000      1.000
             969.000       0.229      -1.627       1.000   64.60%       1.000      1.000
     AGE1                 15.638      -0.547      15.000   36.29%      15.000     16.000     16.000
             970.000       0.233      -1.625      17.000    0.10%      16.000     16.000
     EDUCATION_MOTHE       3.907      -0.084       1.000    0.31%       3.000      3.000      4.000
             965.000       0.945      -1.378       5.000   39.17%       4.000      5.000
     EDUCATION_FATHE       3.754       0.093       1.000    0.62%       3.000      3.000      3.000
             962.000       0.984      -1.211       5.000   33.78%       4.000      5.000
     UNEMPLOYED_MOTH       0.154       1.921       0.000   84.63%       0.000      0.000      0.000
             963.000       0.130       1.688       1.000   15.37%       0.000      0.000
     UNEMPLOYED_FATH       0.070       3.378       0.000   93.02%       0.000      0.000      0.000
             946.000       0.065       9.408       1.000    6.98%       0.000      0.000
     FIN1                  3.754      -0.071       1.000    0.31%       3.000      3.000      4.000
             965.000       0.726      -0.634       5.000   21.55%       4.000      5.000
     FIN2                  3.777      -0.071       1.000    0.42%       3.000      4.000      4.000
             962.000       0.685      -0.517       5.000   21.21%       4.000      5.000
     FIN3                  3.756      -0.179       1.000    0.94%       3.000      3.000      4.000
             962.000       0.750      -0.296       5.000   21.93%       4.000      5.000


THE MODEL ESTIMATION TERMINATED NORMALLY



MODEL FIT INFORMATION

Number of Free Parameters                      147

Loglikelihood

          H0 Value                      -14893.993
          H1 Value                      -14824.417

Information Criteria

          Akaike (AIC)                   30081.987
          Bayesian (BIC)                 30799.101
          Sample-Size Adjusted BIC       30332.229
            (n* = (n + 2) / 24)

Chi-Square Test of Model Fit

          Value                            139.153
          Degrees of Freedom                    42
          P-Value                           0.0000

RMSEA (Root Mean Square Error Of Approximation)

          Estimate                           0.049
          90 Percent C.I.                    0.040  0.058
          Probability RMSEA <= .05           0.570

CFI/TLI

          CFI                                0.979
          TLI                                0.941

Chi-Square Test of Model Fit for the Baseline Model

          Value                           4713.937
          Degrees of Freedom                   117
          P-Value                           0.0000

SRMR (Standardized Root Mean Square Residual)

          Value                              0.039



MODEL RESULTS

                                                    Two-Tailed
                    Estimate       S.E.  Est./S.E.    P-Value

 RIX      BY
    X1                 1.000      0.000    999.000    999.000
    X2                 1.000      0.000    999.000    999.000
    X3                 1.000      0.000    999.000    999.000

 RIY      BY
    Y1                 1.000      0.000    999.000    999.000
    Y2                 1.000      0.000    999.000    999.000
    Y3                 1.000      0.000    999.000    999.000

 RIM      BY
    M1                 1.000      0.000    999.000    999.000
    M2                 1.000      0.000    999.000    999.000
    M3                 1.000      0.000    999.000    999.000

 WX1      BY
    X1                 1.000      0.000    999.000    999.000

 WX2      BY
    X2                 1.000      0.000    999.000    999.000

 WX3      BY
    X3                 1.000      0.000    999.000    999.000

 WY1      BY
    Y1                 1.000      0.000    999.000    999.000

 WY2      BY
    Y2                 1.000      0.000    999.000    999.000

 WY3      BY
    Y3                 1.000      0.000    999.000    999.000

 WM1      BY
    M1                 1.000      0.000    999.000    999.000

 WM2      BY
    M2                 1.000      0.000    999.000    999.000

 WM3      BY
    M3                 1.000      0.000    999.000    999.000

 WY2      ON
    WY1               -0.010      0.083     -0.119      0.905
    WX1                0.022      0.043      0.505      0.613
    WM1                0.091      0.061      1.508      0.131

 WY3      ON
    WY2               -0.010      0.083     -0.119      0.905
    WX2                0.022      0.043      0.505      0.613
    WM2                0.091      0.061      1.508      0.131

 WX2      ON
    WX1                0.077      0.066      1.165      0.244
    WY1                0.031      0.056      0.557      0.577
    WM1                0.062      0.064      0.980      0.327

 WX3      ON
    WX2                0.077      0.066      1.165      0.244
    WY2                0.031      0.056      0.557      0.577
    WM2                0.062      0.064      0.980      0.327

 WM2      ON
    WM1                0.315      0.063      5.033      0.000
    WX1               -0.009      0.033     -0.285      0.775
    WY1                0.021      0.043      0.500      0.617

 WM3      ON
    WM2                0.315      0.063      5.033      0.000
    WX2               -0.009      0.033     -0.285      0.775
    WY2                0.021      0.043      0.500      0.617

 X1       ON
    GENDER1            0.586      0.058     10.083      0.000
    AGE1               0.102      0.051      2.018      0.044
    EDUCATION_         0.035      0.033      1.052      0.293
    EDUCATION_         0.052      0.031      1.699      0.089
    UNEMPLOYED        -0.082      0.076     -1.081      0.280
    UNEMPLOYED         0.181      0.097      1.868      0.062
    FIN1               0.052      0.029      1.779      0.075

 X2       ON
    GENDER1            0.410      0.060      6.807      0.000
    AGE1               0.099      0.051      1.941      0.052
    EDUCATION_         0.022      0.035      0.629      0.530
    EDUCATION_         0.053      0.033      1.596      0.110
    UNEMPLOYED        -0.029      0.080     -0.365      0.715
    UNEMPLOYED         0.235      0.110      2.126      0.033
    FIN2               0.108      0.030      3.624      0.000

 X3       ON
    GENDER1            0.420      0.061      6.933      0.000
    AGE1               0.105      0.050      2.075      0.038
    EDUCATION_         0.031      0.035      0.886      0.375
    EDUCATION_         0.034      0.033      1.024      0.306
    UNEMPLOYED        -0.044      0.080     -0.548      0.584
    UNEMPLOYED         0.265      0.103      2.578      0.010
    FIN3               0.092      0.033      2.776      0.006

 Y1       ON
    GENDER1           -0.129      0.045     -2.842      0.004
    AGE1               0.041      0.039      1.060      0.289
    EDUCATION_         0.020      0.026      0.755      0.450
    EDUCATION_        -0.005      0.024     -0.212      0.832
    UNEMPLOYED         0.007      0.067      0.108      0.914
    UNEMPLOYED         0.068      0.095      0.717      0.474
    FIN1               0.145      0.023      6.396      0.000

 Y2       ON
    GENDER1           -0.116      0.049     -2.381      0.017
    AGE1               0.045      0.040      1.137      0.256
    EDUCATION_         0.006      0.028      0.207      0.836
    EDUCATION_        -0.004      0.028     -0.145      0.884
    UNEMPLOYED        -0.141      0.067     -2.105      0.035
    UNEMPLOYED         0.099      0.097      1.018      0.309
    FIN2               0.146      0.026      5.710      0.000

 Y3       ON
    GENDER1           -0.060      0.047     -1.293      0.196
    AGE1               0.028      0.039      0.705      0.481
    EDUCATION_         0.008      0.028      0.290      0.772
    EDUCATION_         0.014      0.025      0.557      0.577
    UNEMPLOYED        -0.023      0.063     -0.369      0.712
    UNEMPLOYED         0.154      0.089      1.728      0.084
    FIN3               0.185      0.024      7.701      0.000

 M1       ON
    GENDER1           -0.157      0.042     -3.705      0.000
    AGE1               0.074      0.039      1.890      0.059
    EDUCATION_        -0.024      0.025     -0.933      0.351
    EDUCATION_         0.023      0.024      0.938      0.348
    UNEMPLOYED         0.019      0.061      0.312      0.755
    UNEMPLOYED         0.186      0.088      2.113      0.035
    FIN1               0.114      0.021      5.389      0.000

 M2       ON
    GENDER1           -0.155      0.046     -3.387      0.001
    AGE1               0.071      0.039      1.819      0.069
    EDUCATION_        -0.007      0.026     -0.247      0.805
    EDUCATION_         0.016      0.027      0.612      0.540
    UNEMPLOYED         0.013      0.067      0.199      0.843
    UNEMPLOYED        -0.002      0.093     -0.021      0.984
    FIN2               0.116      0.022      5.200      0.000

 M3       ON
    GENDER1           -0.108      0.048     -2.261      0.024
    AGE1               0.070      0.039      1.791      0.073
    EDUCATION_         0.002      0.027      0.092      0.927
    EDUCATION_         0.009      0.026      0.339      0.734
    UNEMPLOYED        -0.041      0.065     -0.634      0.526
    UNEMPLOYED         0.143      0.090      1.601      0.109
    FIN3               0.112      0.025      4.559      0.000

 RIX      WITH
    RIY                0.095      0.018      5.201      0.000
    RIM                0.186      0.019      9.927      0.000

 RIY      WITH
    RIM                0.131      0.016      8.215      0.000

 WX1      WITH
    WY1                0.012      0.013      0.864      0.388
    WM1                0.042      0.015      2.807      0.005

 WY1      WITH
    WM1                0.037      0.014      2.620      0.009

 WX2      WITH
    WY2                0.054      0.014      3.937      0.000
    WM2                0.074      0.012      6.453      0.000

 WY2      WITH
    WM2                0.071      0.009      7.475      0.000

 WX3      WITH
    WY3                0.054      0.014      3.937      0.000
    WM3                0.074      0.012      6.453      0.000

 WY3      WITH
    WM3                0.071      0.009      7.475      0.000

 GENDER1  WITH
    AGE1              -0.001      0.007     -0.081      0.936
    EDUCATION_        -0.036      0.015     -2.391      0.017
    EDUCATION_        -0.022      0.015     -1.478      0.140
    UNEMPLOYED        -0.003      0.006     -0.485      0.627
    UNEMPLOYED        -0.002      0.004     -0.414      0.679
    FIN1               0.014      0.013      1.061      0.289
    FIN2              -0.001      0.013     -0.083      0.934
    FIN3               0.006      0.014      0.424      0.672

 AGE1     WITH
    EDUCATION_        -0.037      0.015     -2.450      0.014
    EDUCATION_        -0.018      0.015     -1.191      0.234
    UNEMPLOYED         0.012      0.005      2.222      0.026
    UNEMPLOYED         0.002      0.004      0.457      0.647
    FIN1              -0.006      0.013     -0.425      0.671
    FIN2              -0.010      0.013     -0.788      0.431
    FIN3              -0.012      0.014     -0.904      0.366

 EDUCATIO WITH
    EDUCATION_         0.452      0.030     14.919      0.000
    UNEMPLOYED        -0.088      0.012     -7.482      0.000
    UNEMPLOYED        -0.024      0.009     -2.748      0.006
    FIN1               0.118      0.027      4.359      0.000
    FIN2               0.132      0.026      5.107      0.000
    FIN3               0.136      0.027      4.964      0.000

 EDUCATIO WITH
    UNEMPLOYED        -0.057      0.011     -4.929      0.000
    UNEMPLOYED        -0.031      0.007     -4.101      0.000
    FIN1               0.146      0.028      5.255      0.000
    FIN2               0.173      0.026      6.625      0.000
    FIN3               0.184      0.027      6.804      0.000

 UNEMPLOY WITH
    UNEMPLOYED         0.013      0.004      3.275      0.001
    FIN1              -0.033      0.011     -3.033      0.002
    FIN2              -0.029      0.010     -2.913      0.004
    FIN3              -0.040      0.010     -3.860      0.000

 UNEMPLOY WITH
    FIN1              -0.027      0.008     -3.199      0.001
    FIN2              -0.020      0.007     -2.991      0.003
    FIN3              -0.020      0.008     -2.674      0.007

 FIN1     WITH
    FIN2               0.504      0.025     20.350      0.000
    FIN3               0.484      0.025     19.216      0.000

 FIN2     WITH
    FIN3               0.503      0.024     20.761      0.000

 Means
    GENDER1            0.646      0.015     42.411      0.000
    AGE1              15.638      0.016   1007.232      0.000
    EDUCATION_         3.906      0.031    124.219      0.000
    EDUCATION_         3.754      0.032    116.420      0.000
    UNEMPLOYED         0.154      0.012     13.353      0.000
    UNEMPLOYED         0.070      0.008      8.375      0.000
    FIN1               3.755      0.027    138.389      0.000
    FIN2               3.776      0.027    141.573      0.000
    FIN3               3.753      0.028    133.396      0.000

 Intercepts
    X1                -2.525      0.810     -3.116      0.002
    X2                -2.525      0.810     -3.116      0.002
    X3                -2.525      0.810     -3.116      0.002
    Y1                -1.176      0.631     -1.864      0.062
    Y2                -1.176      0.631     -1.864      0.062
    Y3                -1.176      0.631     -1.864      0.062
    M1                -1.502      0.628     -2.392      0.017
    M2                -1.502      0.628     -2.392      0.017
    M3                -1.502      0.628     -2.392      0.017

 Variances
    GENDER1            0.229      0.004     51.303      0.000
    AGE1               0.233      0.005     50.733      0.000
    EDUCATION_         0.946      0.024     38.631      0.000
    EDUCATION_         0.984      0.028     34.930      0.000
    UNEMPLOYED         0.130      0.008     16.318      0.000
    UNEMPLOYED         0.065      0.007      9.064      0.000
    FIN1               0.727      0.028     26.408      0.000
    FIN2               0.683      0.027     25.735      0.000
    FIN3               0.750      0.032     23.565      0.000
    RIX                0.438      0.030     14.539      0.000
    RIY                0.249      0.020     12.256      0.000
    RIM                0.239      0.022     10.755      0.000
    WX1                0.292      0.026     11.427      0.000
    WY1                0.187      0.018     10.233      0.000
    WM1                0.152      0.020      7.454      0.000

 Residual Variances
    X1                 0.000      0.000    999.000    999.000
    X2                 0.000      0.000    999.000    999.000
    X3                 0.000      0.000    999.000    999.000
    Y1                 0.000      0.000    999.000    999.000
    Y2                 0.000      0.000    999.000    999.000
    Y3                 0.000      0.000    999.000    999.000
    M1                 0.000      0.000    999.000    999.000
    M2                 0.000      0.000    999.000    999.000
    M3                 0.000      0.000    999.000    999.000
    WX2                0.324      0.025     13.112      0.000
    WX3                0.324      0.025     13.112      0.000
    WY2                0.217      0.019     11.579      0.000
    WY3                0.217      0.019     11.579      0.000
    WM2                0.222      0.011     19.308      0.000
    WM3                0.222      0.011     19.308      0.000

New/Additional Parameters
    IND               -0.001      0.004     -0.234      0.815


STANDARDIZED MODEL RESULTS


STDYX Standardization

                                                    Two-Tailed
                    Estimate       S.E.  Est./S.E.    P-Value

 RIX      BY
    X1                 0.731      0.020     36.445      0.000
    X2                 0.731      0.022     33.715      0.000
    X3                 0.730      0.022     33.052      0.000

 RIY      BY
    Y1                 0.739      0.023     32.390      0.000
    Y2                 0.713      0.025     28.805      0.000
    Y3                 0.707      0.026     27.670      0.000

 RIM      BY
    M1                 0.765      0.032     23.889      0.000
    M2                 0.697      0.027     25.983      0.000
    M3                 0.692      0.028     24.532      0.000

 WX1      BY
    X1                 0.597      0.023     26.315      0.000

 WX2      BY
    X2                 0.632      0.025     25.750      0.000

 WX3      BY
    X3                 0.632      0.025     25.278      0.000

 WY1      BY
    Y1                 0.641      0.025     25.771      0.000

 WY2      BY
    Y2                 0.669      0.026     25.761      0.000

 WY3      BY
    Y3                 0.665      0.026     25.453      0.000

 WM1      BY
    M1                 0.610      0.039     15.739      0.000

 WM2      BY
    M2                 0.694      0.026     26.773      0.000

 WM3      BY
    M3                 0.702      0.027     26.036      0.000

 WY2      ON
    WY1               -0.009      0.077     -0.119      0.906
    WX1                0.025      0.049      0.507      0.612
    WM1                0.076      0.052      1.479      0.139

 WY3      ON
    WY2               -0.010      0.083     -0.119      0.905
    WX2                0.026      0.052      0.505      0.613
    WM2                0.095      0.064      1.490      0.136

 WX2      ON
    WX1                0.073      0.062      1.182      0.237
    WY1                0.024      0.042      0.558      0.577
    WM1                0.043      0.045      0.950      0.342

 WX3      ON
    WX2                0.077      0.066      1.168      0.243
    WY2                0.025      0.046      0.556      0.578
    WM2                0.053      0.055      0.969      0.332

 WM2      ON
    WM1                0.253      0.056      4.488      0.000
    WX1               -0.011      0.037     -0.285      0.775
    WY1                0.019      0.038      0.500      0.617

 WM3      ON
    WM2                0.310      0.060      5.163      0.000
    WX2               -0.011      0.038     -0.286      0.775
    WY2                0.020      0.040      0.500      0.617

 X1       ON
    GENDER1            0.309      0.029     10.703      0.000
    AGE1               0.055      0.027      2.018      0.044
    EDUCATION_         0.037      0.035      1.058      0.290
    EDUCATION_         0.057      0.034      1.700      0.089
    UNEMPLOYED        -0.033      0.030     -1.082      0.279
    UNEMPLOYED         0.051      0.027      1.887      0.059
    FIN1               0.049      0.027      1.779      0.075

 X2       ON
    GENDER1            0.216      0.031      6.972      0.000
    AGE1               0.053      0.027      1.939      0.053
    EDUCATION_         0.023      0.037      0.629      0.530
    EDUCATION_         0.058      0.036      1.598      0.110
    UNEMPLOYED        -0.012      0.032     -0.365      0.715
    UNEMPLOYED         0.066      0.031      2.135      0.033
    FIN2               0.099      0.027      3.643      0.000

 X3       ON
    GENDER1            0.222      0.031      7.091      0.000
    AGE1               0.056      0.027      2.073      0.038
    EDUCATION_         0.033      0.038      0.887      0.375
    EDUCATION_         0.037      0.036      1.027      0.305
    UNEMPLOYED        -0.017      0.032     -0.550      0.583
    UNEMPLOYED         0.075      0.029      2.581      0.010
    FIN3               0.088      0.031      2.802      0.005

 Y1       ON
    GENDER1           -0.091      0.032     -2.830      0.005
    AGE1               0.030      0.028      1.064      0.287
    EDUCATION_         0.029      0.038      0.756      0.450
    EDUCATION_        -0.008      0.036     -0.212      0.832
    UNEMPLOYED         0.004      0.036      0.108      0.914
    UNEMPLOYED         0.026      0.036      0.722      0.471
    FIN1               0.184      0.029      6.285      0.000

 Y2       ON
    GENDER1           -0.079      0.033     -2.383      0.017
    AGE1               0.031      0.027      1.137      0.255
    EDUCATION_         0.008      0.039      0.207      0.836
    EDUCATION_        -0.006      0.040     -0.146      0.884
    UNEMPLOYED        -0.073      0.034     -2.114      0.034
    UNEMPLOYED         0.036      0.035      1.023      0.306
    FIN2               0.173      0.030      5.702      0.000

 Y3       ON
    GENDER1           -0.041      0.032     -1.292      0.196
    AGE1               0.019      0.027      0.705      0.481
    EDUCATION_         0.011      0.038      0.290      0.772
    EDUCATION_         0.020      0.036      0.559      0.576
    UNEMPLOYED        -0.012      0.032     -0.370      0.711
    UNEMPLOYED         0.056      0.032      1.739      0.082
    FIN3               0.227      0.029      7.771      0.000

 M1       ON
    GENDER1           -0.117      0.031     -3.748      0.000
    AGE1               0.056      0.029      1.894      0.058
    EDUCATION_        -0.036      0.038     -0.934      0.350
    EDUCATION_         0.035      0.037      0.939      0.348
    UNEMPLOYED         0.011      0.034      0.312      0.755
    UNEMPLOYED         0.074      0.035      2.119      0.034
    FIN1               0.151      0.028      5.360      0.000

 M2       ON
    GENDER1           -0.106      0.031     -3.434      0.001
    AGE1               0.049      0.027      1.819      0.069
    EDUCATION_        -0.009      0.037     -0.247      0.805
    EDUCATION_         0.023      0.037      0.613      0.540
    UNEMPLOYED         0.007      0.034      0.199      0.842
    UNEMPLOYED        -0.001      0.034     -0.021      0.984
    FIN2               0.137      0.026      5.201      0.000

 M3       ON
    GENDER1           -0.073      0.032     -2.275      0.023
    AGE1               0.048      0.027      1.791      0.073
    EDUCATION_         0.003      0.037      0.092      0.927
    EDUCATION_         0.013      0.037      0.340      0.734
    UNEMPLOYED        -0.021      0.033     -0.636      0.525
    UNEMPLOYED         0.052      0.032      1.606      0.108
    FIN3               0.137      0.030      4.638      0.000

 RIX      WITH
    RIY                0.287      0.051      5.647      0.000
    RIM                0.575      0.041     13.952      0.000

 RIY      WITH
    RIM                0.536      0.045     11.984      0.000

 WX1      WITH
    WY1                0.050      0.057      0.876      0.381
    WM1                0.199      0.065      3.079      0.002

 WY1      WITH
    WM1                0.220      0.072      3.058      0.002

 WX2      WITH
    WY2                0.202      0.049      4.172      0.000
    WM2                0.277      0.042      6.590      0.000

 WY2      WITH
    WM2                0.322      0.037      8.757      0.000

 WX3      WITH
    WY3                0.202      0.049      4.172      0.000
    WM3                0.277      0.042      6.590      0.000

 WY3      WITH
    WM3                0.322      0.037      8.757      0.000

 GENDER1  WITH
    AGE1              -0.003      0.032     -0.081      0.936
    EDUCATION_        -0.077      0.032     -2.387      0.017
    EDUCATION_        -0.047      0.032     -1.478      0.140
    UNEMPLOYED        -0.016      0.032     -0.485      0.628
    UNEMPLOYED        -0.014      0.033     -0.414      0.679
    FIN1               0.034      0.032      1.061      0.289
    FIN2              -0.003      0.033     -0.082      0.934
    FIN3               0.014      0.033      0.424      0.672

 AGE1     WITH
    EDUCATION_        -0.078      0.032     -2.447      0.014
    EDUCATION_        -0.039      0.032     -1.189      0.235
    UNEMPLOYED         0.069      0.031      2.235      0.025
    UNEMPLOYED         0.015      0.032      0.457      0.648
    FIN1              -0.014      0.032     -0.425      0.671
    FIN2              -0.025      0.032     -0.789      0.430
    FIN3              -0.029      0.032     -0.906      0.365

 EDUCATIO WITH
    EDUCATION_         0.469      0.028     16.539      0.000
    UNEMPLOYED        -0.250      0.030     -8.361      0.000
    UNEMPLOYED        -0.096      0.034     -2.847      0.004
    FIN1               0.142      0.032      4.440      0.000
    FIN2               0.164      0.031      5.200      0.000
    FIN3               0.161      0.032      5.023      0.000

 EDUCATIO WITH
    UNEMPLOYED        -0.158      0.031     -5.166      0.000
    UNEMPLOYED        -0.121      0.027     -4.480      0.000
    FIN1               0.172      0.032      5.303      0.000
    FIN2               0.211      0.031      6.847      0.000
    FIN3               0.214      0.031      7.012      0.000

 UNEMPLOY WITH
    UNEMPLOYED         0.146      0.042      3.486      0.000
    FIN1              -0.108      0.035     -3.095      0.002
    FIN2              -0.098      0.033     -2.951      0.003
    FIN3              -0.129      0.032     -3.970      0.000

 UNEMPLOY WITH
    FIN1              -0.123      0.036     -3.386      0.001
    FIN2              -0.094      0.030     -3.136      0.002
    FIN3              -0.091      0.033     -2.774      0.006

 FIN1     WITH
    FIN2               0.715      0.019     38.257      0.000
    FIN3               0.655      0.024     27.862      0.000

 FIN2     WITH
    FIN3               0.703      0.021     33.364      0.000

 Means
    GENDER1            1.351      0.045     29.923      0.000
    AGE1              32.399      0.350     92.495      0.000
    EDUCATION_         4.016      0.064     62.433      0.000
    EDUCATION_         3.785      0.060     63.195      0.000
    UNEMPLOYED         0.426      0.019     22.545      0.000
    UNEMPLOYED         0.274      0.018     15.496      0.000
    FIN1               4.405      0.092     48.111      0.000
    FIN2               4.567      0.096     47.390      0.000
    FIN3               4.334      0.102     42.313      0.000

 Intercepts
    X1                -2.789      0.890     -3.134      0.002
    X2                -2.789      0.893     -3.122      0.002
    X3                -2.786      0.891     -3.126      0.002
    Y1                -1.744      0.930     -1.876      0.061
    Y2                -1.682      0.902     -1.865      0.062
    Y3                -1.669      0.894     -1.866      0.062
    M1                -2.347      0.979     -2.397      0.017
    M2                -2.138      0.894     -2.390      0.017
    M3                -2.123      0.888     -2.391      0.017

 Variances
    GENDER1            1.000      0.000    999.000    999.000
    AGE1               1.000      0.000    999.000    999.000
    EDUCATION_         1.000      0.000    999.000    999.000
    EDUCATION_         1.000      0.000    999.000    999.000
    UNEMPLOYED         1.000      0.000    999.000    999.000
    UNEMPLOYED         1.000      0.000    999.000    999.000
    FIN1               1.000      0.000    999.000    999.000
    FIN2               1.000      0.000    999.000    999.000
    FIN3               1.000      0.000    999.000    999.000
    RIX                1.000      0.000    999.000    999.000
    RIY                1.000      0.000    999.000    999.000
    RIM                1.000      0.000    999.000    999.000
    WX1                1.000      0.000    999.000    999.000
    WY1                1.000      0.000    999.000    999.000
    WM1                1.000      0.000    999.000    999.000

 Residual Variances
    X1                 0.000      0.000      0.000      1.000
    X2                 0.000      0.000      0.000      1.000
    X3                 0.000      0.000      0.000      1.000
    Y1                 0.000      0.000      0.000      1.000
    Y2                 0.000      0.000      0.000      1.000
    Y3                 0.000      0.000      0.000      1.000
    M1                 0.000      0.000      0.000      1.000
    M2                 0.000      0.000      0.000      1.000
    M3                 0.000      0.000      0.000      1.000
    WX2                0.990      0.013     77.535      0.000
    WX3                0.987      0.017     58.224      0.000
    WY2                0.993      0.012     84.479      0.000
    WY3                0.989      0.017     59.615      0.000
    WM2                0.935      0.031     30.389      0.000
    WM3                0.901      0.038     23.503      0.000


R-SQUARE

    Observed                                        Two-Tailed
    Variable        Estimate       S.E.  Est./S.E.    P-Value

    X1                 1.000      0.000    999.000    999.000
    X2                 1.000      0.000    999.000    999.000
    X3                 1.000      0.000    999.000    999.000
    Y1                 1.000      0.000    999.000    999.000
    Y2                 1.000      0.000    999.000    999.000
    Y3                 1.000      0.000    999.000    999.000
    M1                 1.000      0.000    999.000    999.000
    M2                 1.000      0.000    999.000    999.000
    M3                 1.000      0.000    999.000    999.000

     Latent                                         Two-Tailed
    Variable        Estimate       S.E.  Est./S.E.    P-Value

    WX2                0.010      0.013      0.750      0.453
    WX3                0.013      0.017      0.794      0.427
    WY2                0.007      0.012      0.591      0.554
    WY3                0.011      0.017      0.633      0.527
    WM2                0.065      0.031      2.124      0.034
    WM3                0.099      0.038      2.571      0.010


CONFIDENCE INTERVALS OF MODEL RESULTS

                  Lower .5%  Lower 2.5%    Lower 5%    Estimate    Upper 5%  Upper 2.5%   Upper .5%

 RIX      BY
    X1               1.000       1.000       1.000       1.000       1.000       1.000       1.000
    X2               1.000       1.000       1.000       1.000       1.000       1.000       1.000
    X3               1.000       1.000       1.000       1.000       1.000       1.000       1.000

 RIY      BY
    Y1               1.000       1.000       1.000       1.000       1.000       1.000       1.000
    Y2               1.000       1.000       1.000       1.000       1.000       1.000       1.000
    Y3               1.000       1.000       1.000       1.000       1.000       1.000       1.000

 RIM      BY
    M1               1.000       1.000       1.000       1.000       1.000       1.000       1.000
    M2               1.000       1.000       1.000       1.000       1.000       1.000       1.000
    M3               1.000       1.000       1.000       1.000       1.000       1.000       1.000

 WX1      BY
    X1               1.000       1.000       1.000       1.000       1.000       1.000       1.000

 WX2      BY
    X2               1.000       1.000       1.000       1.000       1.000       1.000       1.000

 WX3      BY
    X3               1.000       1.000       1.000       1.000       1.000       1.000       1.000

 WY1      BY
    Y1               1.000       1.000       1.000       1.000       1.000       1.000       1.000

 WY2      BY
    Y2               1.000       1.000       1.000       1.000       1.000       1.000       1.000

 WY3      BY
    Y3               1.000       1.000       1.000       1.000       1.000       1.000       1.000

 WM1      BY
    M1               1.000       1.000       1.000       1.000       1.000       1.000       1.000

 WM2      BY
    M2               1.000       1.000       1.000       1.000       1.000       1.000       1.000

 WM3      BY
    M3               1.000       1.000       1.000       1.000       1.000       1.000       1.000

 WY2      ON
    WY1             -0.200      -0.163      -0.141      -0.010       0.132       0.162       0.215
    WX1             -0.095      -0.065      -0.052       0.022       0.089       0.104       0.127
    WM1             -0.069      -0.032      -0.011       0.091       0.188       0.206       0.235

 WY3      ON
    WY2             -0.200      -0.163      -0.141      -0.010       0.132       0.162       0.215
    WX2             -0.095      -0.065      -0.052       0.022       0.089       0.104       0.127
    WM2             -0.069      -0.032      -0.011       0.091       0.188       0.206       0.235

 WX2      ON
    WX1             -0.093      -0.054      -0.032       0.077       0.187       0.208       0.249
    WY1             -0.113      -0.080      -0.064       0.031       0.121       0.139       0.173
    WM1             -0.102      -0.062      -0.040       0.062       0.169       0.188       0.227

 WX3      ON
    WX2             -0.093      -0.054      -0.032       0.077       0.187       0.208       0.249
    WY2             -0.113      -0.080      -0.064       0.031       0.121       0.139       0.173
    WM2             -0.102      -0.062      -0.040       0.062       0.169       0.188       0.227

 WM2      ON
    WM1              0.155       0.194       0.214       0.315       0.420       0.442       0.488
    WX1             -0.095      -0.074      -0.064      -0.009       0.046       0.055       0.076
    WY1             -0.090      -0.063      -0.050       0.021       0.091       0.105       0.132

 WM3      ON
    WM2              0.155       0.194       0.214       0.315       0.420       0.442       0.488
    WX2             -0.095      -0.074      -0.064      -0.009       0.046       0.055       0.076
    WY2             -0.090      -0.063      -0.050       0.021       0.091       0.105       0.132

 X1       ON
    GENDER1          0.436       0.472       0.490       0.586       0.680       0.698       0.732
    AGE1            -0.026       0.003       0.018       0.102       0.185       0.202       0.233
    EDUCATION_      -0.049      -0.029      -0.018       0.035       0.091       0.101       0.121
    EDUCATION_      -0.026      -0.008       0.001       0.052       0.102       0.111       0.130
    UNEMPLOYED      -0.275      -0.227      -0.204      -0.082       0.044       0.070       0.121
    UNEMPLOYED      -0.071      -0.008       0.022       0.181       0.342       0.375       0.433
    FIN1            -0.023      -0.007       0.003       0.052       0.099       0.108       0.124

 X2       ON
    GENDER1          0.256       0.290       0.310       0.410       0.508       0.526       0.567
    AGE1            -0.031      -0.001       0.015       0.099       0.182       0.198       0.231
    EDUCATION_      -0.067      -0.045      -0.035       0.022       0.078       0.090       0.112
    EDUCATION_      -0.034      -0.013      -0.002       0.053       0.107       0.117       0.135
    UNEMPLOYED      -0.242      -0.183      -0.157      -0.029       0.105       0.129       0.179
    UNEMPLOYED      -0.048       0.018       0.052       0.235       0.417       0.454       0.523
    FIN2             0.032       0.050       0.058       0.108       0.158       0.167       0.186

 X3       ON
    GENDER1          0.263       0.303       0.321       0.420       0.520       0.539       0.576
    AGE1            -0.026       0.005       0.021       0.105       0.187       0.204       0.234
    EDUCATION_      -0.059      -0.039      -0.028       0.031       0.088       0.099       0.121
    EDUCATION_      -0.053      -0.031      -0.021       0.034       0.088       0.099       0.121
    UNEMPLOYED      -0.252      -0.198      -0.173      -0.044       0.089       0.115       0.162
    UNEMPLOYED      -0.006       0.062       0.096       0.265       0.435       0.463       0.531
    FIN3             0.008       0.029       0.038       0.092       0.147       0.158       0.179

 Y1       ON
    GENDER1         -0.245      -0.216      -0.202      -0.129      -0.053      -0.040      -0.013
    AGE1            -0.063      -0.036      -0.023       0.041       0.105       0.118       0.142
    EDUCATION_      -0.048      -0.032      -0.023       0.020       0.063       0.072       0.088
    EDUCATION_      -0.068      -0.052      -0.044      -0.005       0.035       0.043       0.059
    UNEMPLOYED      -0.170      -0.125      -0.103       0.007       0.115       0.136       0.171
    UNEMPLOYED      -0.185      -0.122      -0.091       0.068       0.223       0.253       0.306
    FIN1             0.085       0.101       0.108       0.145       0.182       0.190       0.204

 Y2       ON
    GENDER1         -0.241      -0.212      -0.196      -0.116      -0.036      -0.020       0.009
    AGE1            -0.058      -0.033      -0.021       0.045       0.110       0.123       0.148
    EDUCATION_      -0.068      -0.050      -0.041       0.006       0.051       0.059       0.077
    EDUCATION_      -0.078      -0.060      -0.050      -0.004       0.043       0.052       0.070
    UNEMPLOYED      -0.317      -0.271      -0.249      -0.141      -0.030      -0.010       0.027
    UNEMPLOYED      -0.155      -0.096      -0.063       0.099       0.261       0.288       0.344
    FIN2             0.081       0.097       0.104       0.146       0.189       0.196       0.212

 Y3       ON
    GENDER1         -0.177      -0.152      -0.138      -0.060       0.016       0.030       0.058
    AGE1            -0.074      -0.049      -0.038       0.028       0.091       0.104       0.130
    EDUCATION_      -0.065      -0.048      -0.038       0.008       0.053       0.062       0.078
    EDUCATION_      -0.052      -0.036      -0.028       0.014       0.056       0.064       0.080
    UNEMPLOYED      -0.188      -0.146      -0.127      -0.023       0.078       0.097       0.132
    UNEMPLOYED      -0.081      -0.022       0.005       0.154       0.298       0.325       0.378
    FIN3             0.123       0.139       0.146       0.185       0.225       0.232       0.248

 M1       ON
    GENDER1         -0.271      -0.241      -0.227      -0.157      -0.088      -0.075      -0.051
    AGE1            -0.025      -0.004       0.009       0.074       0.138       0.151       0.175
    EDUCATION_      -0.088      -0.074      -0.065      -0.024       0.018       0.026       0.041
    EDUCATION_      -0.041      -0.025      -0.017       0.023       0.062       0.070       0.084
    UNEMPLOYED      -0.139      -0.102      -0.080       0.019       0.118       0.136       0.174
    UNEMPLOYED      -0.042       0.013       0.040       0.186       0.330       0.356       0.414
    FIN1             0.059       0.073       0.079       0.114       0.148       0.155       0.168

 M2       ON
    GENDER1         -0.274      -0.246      -0.233      -0.155      -0.081      -0.067      -0.038
    AGE1            -0.026      -0.007       0.007       0.071       0.136       0.148       0.172
    EDUCATION_      -0.074      -0.059      -0.050      -0.007       0.038       0.046       0.063
    EDUCATION_      -0.053      -0.036      -0.028       0.016       0.059       0.068       0.085
    UNEMPLOYED      -0.163      -0.116      -0.095       0.013       0.123       0.146       0.183
    UNEMPLOYED      -0.248      -0.187      -0.154      -0.002       0.153       0.184       0.238
    FIN2             0.061       0.073       0.080       0.116       0.154       0.161       0.174

 M3       ON
    GENDER1         -0.237      -0.203      -0.188      -0.108      -0.031      -0.016       0.010
    AGE1            -0.030      -0.007       0.005       0.070       0.134       0.146       0.172
    EDUCATION_      -0.066      -0.051      -0.042       0.002       0.046       0.055       0.069
    EDUCATION_      -0.061      -0.044      -0.034       0.009       0.053       0.062       0.077
    UNEMPLOYED      -0.207      -0.172      -0.150      -0.041       0.065       0.085       0.131
    UNEMPLOYED      -0.103      -0.035      -0.004       0.143       0.288       0.314       0.371
    FIN3             0.049       0.064       0.072       0.112       0.153       0.160       0.176

 RIX      WITH
    RIY              0.049       0.059       0.065       0.095       0.125       0.131       0.142
    RIM              0.134       0.147       0.153       0.186       0.214       0.220       0.231

 RIY      WITH
    RIM              0.086       0.098       0.103       0.131       0.155       0.160       0.170

 WX1      WITH
    WY1             -0.022      -0.014      -0.010       0.012       0.034       0.038       0.047
    WM1              0.004       0.013       0.018       0.042       0.067       0.073       0.084

 WY1      WITH
    WM1              0.004       0.011       0.015       0.037       0.062       0.067       0.080

 WX2      WITH
    WY2              0.017       0.025       0.030       0.054       0.075       0.079       0.086
    WM2              0.044       0.051       0.055       0.074       0.093       0.096       0.103

 WY2      WITH
    WM2              0.045       0.051       0.054       0.071       0.085       0.088       0.094

 WX3      WITH
    WY3              0.017       0.025       0.030       0.054       0.075       0.079       0.086
    WM3              0.044       0.051       0.055       0.074       0.093       0.096       0.103

 WY3      WITH
    WM3              0.045       0.051       0.054       0.071       0.085       0.088       0.094

 GENDER1  WITH
    AGE1            -0.019      -0.015      -0.013      -0.001       0.012       0.014       0.019
    EDUCATION_      -0.074      -0.065      -0.060      -0.036      -0.011      -0.006       0.003
    EDUCATION_      -0.060      -0.051      -0.046      -0.022       0.003       0.007       0.018
    UNEMPLOYED      -0.017      -0.014      -0.012      -0.003       0.006       0.008       0.011
    UNEMPLOYED      -0.012      -0.010      -0.008      -0.002       0.005       0.006       0.009
    FIN1            -0.019      -0.012      -0.008       0.014       0.035       0.039       0.047
    FIN2            -0.035      -0.027      -0.023      -0.001       0.020       0.024       0.031
    FIN3            -0.030      -0.021      -0.017       0.006       0.028       0.032       0.040

 AGE1     WITH
    EDUCATION_      -0.075      -0.067      -0.062      -0.037      -0.012      -0.008       0.002
    EDUCATION_      -0.057      -0.049      -0.044      -0.018       0.007       0.012       0.022
    UNEMPLOYED      -0.002       0.001       0.003       0.012       0.021       0.022       0.025
    UNEMPLOYED      -0.009      -0.006      -0.005       0.002       0.008       0.009       0.012
    FIN1            -0.040      -0.031      -0.027      -0.006       0.016       0.020       0.028
    FIN2            -0.044      -0.036      -0.031      -0.010       0.011       0.015       0.022
    FIN3            -0.047      -0.038      -0.034      -0.012       0.010       0.015       0.023

 EDUCATIO WITH
    EDUCATION_       0.373       0.393       0.403       0.452       0.501       0.511       0.530
    UNEMPLOYED      -0.119      -0.111      -0.107      -0.088      -0.068      -0.065      -0.058
    UNEMPLOYED      -0.046      -0.041      -0.038      -0.024      -0.010      -0.007      -0.001
    FIN1             0.048       0.065       0.073       0.118       0.162       0.171       0.190
    FIN2             0.066       0.081       0.089       0.132       0.174       0.181       0.197
    FIN3             0.065       0.083       0.091       0.136       0.180       0.188       0.205

 EDUCATIO WITH
    UNEMPLOYED      -0.086      -0.079      -0.075      -0.057      -0.038      -0.034      -0.027
    UNEMPLOYED      -0.050      -0.045      -0.043      -0.031      -0.018      -0.016      -0.013
    FIN1             0.075       0.091       0.100       0.146       0.190       0.201       0.218
    FIN2             0.108       0.123       0.130       0.173       0.216       0.224       0.242
    FIN3             0.113       0.130       0.140       0.184       0.229       0.238       0.254

 UNEMPLOY WITH
    UNEMPLOYED       0.004       0.006       0.007       0.013       0.020       0.022       0.024
    FIN1            -0.062      -0.055      -0.051      -0.033      -0.016      -0.012      -0.006
    FIN2            -0.055      -0.048      -0.046      -0.029      -0.013      -0.010      -0.004
    FIN3            -0.067      -0.061      -0.057      -0.040      -0.023      -0.020      -0.014

 UNEMPLOY WITH
    FIN1            -0.048      -0.043      -0.041      -0.027      -0.013      -0.011      -0.005
    FIN2            -0.037      -0.033      -0.031      -0.020      -0.009      -0.007      -0.003
    FIN3            -0.040      -0.035      -0.033      -0.020      -0.008      -0.006      -0.001

 FIN1     WITH
    FIN2             0.439       0.455       0.463       0.504       0.545       0.553       0.567
    FIN3             0.419       0.434       0.442       0.484       0.525       0.533       0.551

 FIN2     WITH
    FIN3             0.441       0.456       0.463       0.503       0.543       0.551       0.566

 Means
    GENDER1          0.607       0.616       0.621       0.646       0.671       0.675       0.685
    AGE1            15.598      15.608      15.612      15.638      15.663      15.669      15.679
    EDUCATION_       3.826       3.846       3.855       3.906       3.959       3.968       3.987
    EDUCATION_       3.671       3.691       3.701       3.754       3.806       3.817       3.838
    UNEMPLOYED       0.124       0.132       0.135       0.154       0.172       0.176       0.183
    UNEMPLOYED       0.049       0.054       0.056       0.070       0.084       0.087       0.091
    FIN1             3.683       3.702       3.711       3.755       3.800       3.808       3.826
    FIN2             3.707       3.724       3.732       3.776       3.820       3.828       3.843
    FIN3             3.681       3.698       3.706       3.753       3.799       3.808       3.823

 Intercepts
    X1              -4.617      -4.104      -3.850      -2.525      -1.183      -0.945      -0.465
    X2              -4.617      -4.104      -3.850      -2.525      -1.183      -0.945      -0.465
    X3              -4.617      -4.104      -3.850      -2.525      -1.183      -0.945      -0.465
    Y1              -2.816      -2.404      -2.193      -1.176      -0.134       0.074       0.473
    Y2              -2.816      -2.404      -2.193      -1.176      -0.134       0.074       0.473
    Y3              -2.816      -2.404      -2.193      -1.176      -0.134       0.074       0.473
    M1              -3.120      -2.736      -2.545      -1.502      -0.473      -0.276       0.060
    M2              -3.120      -2.736      -2.545      -1.502      -0.473      -0.276       0.060
    M3              -3.120      -2.736      -2.545      -1.502      -0.473      -0.276       0.060

 Variances
    GENDER1          0.216       0.219       0.221       0.229       0.235       0.236       0.238
    AGE1             0.220       0.223       0.225       0.233       0.240       0.241       0.244
    EDUCATION_       0.885       0.900       0.907       0.946       0.987       0.996       1.013
    EDUCATION_       0.914       0.929       0.938       0.984       1.030       1.039       1.058
    UNEMPLOYED       0.109       0.114       0.117       0.130       0.143       0.145       0.150
    UNEMPLOYED       0.047       0.051       0.053       0.065       0.077       0.079       0.083
    FIN1             0.657       0.671       0.680       0.727       0.771       0.779       0.798
    FIN2             0.617       0.632       0.640       0.683       0.727       0.736       0.753
    FIN3             0.670       0.688       0.698       0.750       0.803       0.814       0.834
    RIX              0.355       0.375       0.385       0.438       0.482       0.492       0.511
    RIY              0.194       0.206       0.212       0.249       0.279       0.285       0.299
    RIM              0.172       0.189       0.198       0.239       0.270       0.276       0.288
    WX1              0.231       0.245       0.251       0.292       0.336       0.344       0.366
    WY1              0.143       0.153       0.158       0.187       0.217       0.224       0.236
    WM1              0.109       0.119       0.123       0.152       0.189       0.198       0.219

 Residual Variances
    X1               0.000       0.000       0.000       0.000       0.000       0.000       0.000
    X2               0.000       0.000       0.000       0.000       0.000       0.000       0.000
    X3               0.000       0.000       0.000       0.000       0.000       0.000       0.000
    Y1               0.000       0.000       0.000       0.000       0.000       0.000       0.000
    Y2               0.000       0.000       0.000       0.000       0.000       0.000       0.000
    Y3               0.000       0.000       0.000       0.000       0.000       0.000       0.000
    M1               0.000       0.000       0.000       0.000       0.000       0.000       0.000
    M2               0.000       0.000       0.000       0.000       0.000       0.000       0.000
    M3               0.000       0.000       0.000       0.000       0.000       0.000       0.000
    WX2              0.257       0.272       0.280       0.324       0.361       0.368       0.385
    WX3              0.257       0.272       0.280       0.324       0.361       0.368       0.385
    WY2              0.169       0.179       0.185       0.217       0.246       0.252       0.262
    WY3              0.169       0.179       0.185       0.217       0.246       0.252       0.262
    WM2              0.191       0.198       0.201       0.222       0.239       0.243       0.251
    WM3              0.191       0.198       0.201       0.222       0.239       0.243       0.251

New/Additional Parameters
    IND             -0.014      -0.010      -0.008      -0.001       0.004       0.006       0.010


CONFIDENCE INTERVALS OF STANDARDIZED MODEL RESULTS


STDYX Standardization

                  Lower .5%  Lower 2.5%    Lower 5%    Estimate    Upper 5%  Upper 2.5%   Upper .5%

 RIX      BY
    X1               0.671       0.686       0.693       0.731       0.758       0.764       0.774
    X2               0.666       0.682       0.690       0.731       0.761       0.767       0.779
    X3               0.664       0.680       0.688       0.730       0.761       0.766       0.778

 RIY      BY
    Y1               0.667       0.686       0.695       0.739       0.769       0.776       0.788
    Y2               0.638       0.657       0.666       0.713       0.747       0.754       0.766
    Y3               0.631       0.649       0.659       0.707       0.742       0.749       0.761

 RIM      BY
    M1               0.654       0.687       0.701       0.765       0.805       0.811       0.824
    M2               0.602       0.631       0.643       0.697       0.729       0.736       0.746
    M3               0.594       0.623       0.636       0.692       0.727       0.733       0.745

 WX1      BY
    X1               0.542       0.553       0.560       0.597       0.635       0.643       0.659

 WX2      BY
    X2               0.568       0.583       0.590       0.632       0.671       0.679       0.694

 WX3      BY
    X3               0.568       0.584       0.591       0.632       0.673       0.681       0.695

 WY1      BY
    Y1               0.576       0.592       0.600       0.641       0.681       0.690       0.709

 WY2      BY
    Y2               0.604       0.619       0.626       0.669       0.711       0.719       0.736

 WY3      BY
    Y3               0.600       0.615       0.622       0.665       0.708       0.716       0.733

 WM1      BY
    M1               0.521       0.541       0.550       0.610       0.677       0.691       0.724

 WM2      BY
    M2               0.635       0.647       0.654       0.694       0.739       0.749       0.772

 WM3      BY
    M3               0.641       0.653       0.660       0.702       0.748       0.758       0.782

 WY2      ON
    WY1             -0.198      -0.161      -0.138      -0.009       0.117       0.140       0.184
    WX1             -0.110      -0.075      -0.061       0.025       0.102       0.117       0.144
    WM1             -0.056      -0.026      -0.009       0.076       0.160       0.176       0.207

 WY3      ON
    WY2             -0.200      -0.163      -0.140      -0.010       0.131       0.160       0.213
    WX2             -0.113      -0.077      -0.062       0.026       0.110       0.128       0.157
    WM2             -0.069      -0.033      -0.011       0.095       0.199       0.219       0.253

 WX2      ON
    WX1             -0.094      -0.053      -0.031       0.073       0.173       0.191       0.229
    WY1             -0.086      -0.060      -0.048       0.024       0.091       0.105       0.131
    WM1             -0.066      -0.040      -0.027       0.043       0.121       0.136       0.167

 WX3      ON
    WX2             -0.093      -0.054      -0.032       0.077       0.186       0.207       0.246
    WY2             -0.091      -0.065      -0.051       0.025       0.099       0.113       0.142
    WM2             -0.086      -0.052      -0.034       0.053       0.146       0.165       0.198

 WM2      ON
    WM1              0.121       0.149       0.167       0.253       0.349       0.373       0.419
    WX1             -0.105      -0.082      -0.071      -0.011       0.050       0.062       0.083
    WY1             -0.080      -0.055      -0.044       0.019       0.081       0.093       0.118

 WM3      ON
    WM2              0.155       0.192       0.212       0.310       0.410       0.430       0.475
    WX2             -0.106      -0.083      -0.072      -0.011       0.053       0.064       0.091
    WY2             -0.083      -0.058      -0.046       0.020       0.086       0.099       0.125

 X1       ON
    GENDER1          0.234       0.252       0.261       0.309       0.356       0.365       0.382
    AGE1            -0.014       0.002       0.010       0.055       0.099       0.108       0.125
    EDUCATION_      -0.054      -0.032      -0.020       0.037       0.097       0.107       0.128
    EDUCATION_      -0.029      -0.009       0.002       0.057       0.112       0.122       0.143
    UNEMPLOYED      -0.109      -0.091      -0.082      -0.033       0.017       0.028       0.048
    UNEMPLOYED      -0.020      -0.002       0.006       0.051       0.095       0.104       0.120
    FIN1            -0.022      -0.006       0.003       0.049       0.093       0.101       0.117

 X2       ON
    GENDER1          0.136       0.155       0.165       0.216       0.266       0.276       0.296
    AGE1            -0.016       0.000       0.008       0.053       0.097       0.106       0.123
    EDUCATION_      -0.070      -0.048      -0.038       0.023       0.084       0.097       0.121
    EDUCATION_      -0.038      -0.014      -0.003       0.058       0.117       0.128       0.148
    UNEMPLOYED      -0.096      -0.072      -0.063      -0.012       0.042       0.051       0.070
    UNEMPLOYED      -0.013       0.005       0.014       0.066       0.116       0.126       0.147
    FIN2             0.029       0.045       0.054       0.099       0.143       0.152       0.168

 X3       ON
    GENDER1          0.138       0.160       0.170       0.222       0.273       0.282       0.300
    AGE1            -0.014       0.003       0.011       0.056       0.100       0.108       0.125
    EDUCATION_      -0.063      -0.042      -0.030       0.033       0.094       0.106       0.129
    EDUCATION_      -0.056      -0.034      -0.023       0.037       0.096       0.109       0.132
    UNEMPLOYED      -0.102      -0.079      -0.069      -0.017       0.035       0.046       0.064
    UNEMPLOYED      -0.002       0.017       0.026       0.075       0.122       0.131       0.147
    FIN3             0.008       0.027       0.036       0.088       0.139       0.151       0.171

 Y1       ON
    GENDER1         -0.174      -0.154      -0.144      -0.091      -0.038      -0.028      -0.009
    AGE1            -0.045      -0.026      -0.017       0.030       0.075       0.084       0.101
    EDUCATION_      -0.070      -0.046      -0.033       0.029       0.090       0.103       0.127
    EDUCATION_      -0.099      -0.076      -0.065      -0.008       0.051       0.063       0.086
    UNEMPLOYED      -0.091      -0.066      -0.055       0.004       0.062       0.073       0.090
    UNEMPLOYED      -0.068      -0.046      -0.034       0.026       0.083       0.094       0.114
    FIN1             0.107       0.127       0.135       0.184       0.232       0.241       0.259

 Y2       ON
    GENDER1         -0.164      -0.145      -0.134      -0.079      -0.025      -0.014       0.006
    AGE1            -0.040      -0.023      -0.015       0.031       0.075       0.085       0.102
    EDUCATION_      -0.094      -0.069      -0.057       0.008       0.070       0.082       0.108
    EDUCATION_      -0.109      -0.083      -0.070      -0.006       0.061       0.074       0.099
    UNEMPLOYED      -0.162      -0.139      -0.128      -0.073      -0.015      -0.005       0.014
    UNEMPLOYED      -0.056      -0.034      -0.023       0.036       0.095       0.104       0.123
    FIN2             0.095       0.114       0.123       0.173       0.223       0.232       0.251

 Y3       ON
    GENDER1         -0.121      -0.103      -0.093      -0.041       0.011       0.020       0.038
    AGE1            -0.051      -0.034      -0.026       0.019       0.062       0.071       0.088
    EDUCATION_      -0.088      -0.066      -0.052       0.011       0.073       0.086       0.109
    EDUCATION_      -0.072      -0.051      -0.039       0.020       0.079       0.089       0.111
    UNEMPLOYED      -0.096      -0.075      -0.065      -0.012       0.040       0.049       0.067
    UNEMPLOYED      -0.029      -0.008       0.002       0.056       0.107       0.117       0.133
    FIN3             0.152       0.171       0.179       0.227       0.276       0.285       0.303

 M1       ON
    GENDER1         -0.202      -0.179      -0.169      -0.117      -0.066      -0.057      -0.038
    AGE1            -0.019      -0.003       0.007       0.056       0.104       0.113       0.132
    EDUCATION_      -0.133      -0.112      -0.099      -0.036       0.027       0.039       0.061
    EDUCATION_      -0.064      -0.038      -0.026       0.035       0.096       0.108       0.130
    UNEMPLOYED      -0.079      -0.057      -0.045       0.011       0.066       0.077       0.100
    UNEMPLOYED      -0.017       0.005       0.016       0.074       0.131       0.141       0.166
    FIN1             0.078       0.096       0.104       0.151       0.198       0.207       0.225

 M2       ON
    GENDER1         -0.186      -0.167      -0.157      -0.106      -0.056      -0.046      -0.026
    AGE1            -0.018      -0.005       0.005       0.049       0.093       0.102       0.119
    EDUCATION_      -0.101      -0.081      -0.069      -0.009       0.052       0.063       0.087
    EDUCATION_      -0.074      -0.051      -0.040       0.023       0.083       0.096       0.120
    UNEMPLOYED      -0.082      -0.060      -0.049       0.007       0.063       0.074       0.093
    UNEMPLOYED      -0.088      -0.067      -0.055      -0.001       0.055       0.066       0.086
    FIN2             0.071       0.086       0.094       0.137       0.180       0.189       0.206

 M3       ON
    GENDER1         -0.158      -0.136      -0.127      -0.073      -0.021      -0.011       0.007
    AGE1            -0.020      -0.005       0.004       0.048       0.092       0.100       0.117
    EDUCATION_      -0.089      -0.070      -0.058       0.003       0.064       0.075       0.095
    EDUCATION_      -0.083      -0.061      -0.048       0.013       0.074       0.086       0.108
    UNEMPLOYED      -0.104      -0.087      -0.076      -0.021       0.033       0.044       0.066
    UNEMPLOYED      -0.036      -0.012      -0.001       0.052       0.103       0.113       0.133
    FIN3             0.060       0.079       0.089       0.137       0.186       0.194       0.213

 RIX      WITH
    RIY              0.156       0.188       0.207       0.287       0.372       0.391       0.425
    RIM              0.466       0.495       0.508       0.575       0.644       0.656       0.686

 RIY      WITH
    RIM              0.416       0.448       0.463       0.536       0.610       0.624       0.653

 WX1      WITH
    WY1             -0.095      -0.062      -0.046       0.050       0.141       0.158       0.192
    WM1              0.020       0.066       0.090       0.199       0.306       0.322       0.359

 WY1      WITH
    WM1              0.027       0.072       0.099       0.220       0.336       0.358       0.398

 WX2      WITH
    WY2              0.067       0.101       0.118       0.202       0.278       0.292       0.317
    WM2              0.173       0.195       0.207       0.277       0.346       0.359       0.386

 WY2      WITH
    WM2              0.221       0.247       0.258       0.322       0.379       0.389       0.411

 WX3      WITH
    WY3              0.067       0.101       0.118       0.202       0.278       0.292       0.317
    WM3              0.173       0.195       0.207       0.277       0.346       0.359       0.386

 WY3      WITH
    WM3              0.221       0.247       0.258       0.322       0.379       0.389       0.411

 GENDER1  WITH
    AGE1            -0.084      -0.065      -0.056      -0.003       0.050       0.060       0.080
    EDUCATION_      -0.158      -0.140      -0.130      -0.077      -0.024      -0.013       0.008
    EDUCATION_      -0.126      -0.107      -0.097      -0.047       0.006       0.016       0.037
    UNEMPLOYED      -0.100      -0.079      -0.070      -0.016       0.037       0.047       0.066
    UNEMPLOYED      -0.103      -0.079      -0.068      -0.014       0.041       0.050       0.072
    FIN1            -0.048      -0.030      -0.019       0.034       0.086       0.096       0.116
    FIN2            -0.089      -0.068      -0.057      -0.003       0.051       0.061       0.079
    FIN3            -0.072      -0.051      -0.041       0.014       0.068       0.077       0.097

 AGE1     WITH
    EDUCATION_      -0.159      -0.142      -0.131      -0.078      -0.026      -0.016       0.003
    EDUCATION_      -0.119      -0.102      -0.092      -0.039       0.014       0.025       0.047
    UNEMPLOYED      -0.013       0.008       0.017       0.069       0.118       0.127       0.144
    UNEMPLOYED      -0.071      -0.049      -0.039       0.015       0.066       0.076       0.095
    FIN1            -0.096      -0.076      -0.066      -0.014       0.039       0.050       0.069
    FIN2            -0.108      -0.089      -0.078      -0.025       0.027       0.038       0.057
    FIN3            -0.111      -0.092      -0.082      -0.029       0.024       0.035       0.055

 EDUCATIO WITH
    EDUCATION_       0.395       0.413       0.422       0.469       0.515       0.523       0.539
    UNEMPLOYED      -0.326      -0.308      -0.298      -0.250      -0.200      -0.190      -0.172
    UNEMPLOYED      -0.180      -0.159      -0.150      -0.096      -0.040      -0.029      -0.005
    FIN1             0.059       0.079       0.089       0.142       0.195       0.205       0.225
    FIN2             0.082       0.101       0.111       0.164       0.215       0.225       0.242
    FIN3             0.079       0.098       0.108       0.161       0.213       0.223       0.242

 EDUCATIO WITH
    UNEMPLOYED      -0.235      -0.217      -0.207      -0.158      -0.107      -0.098      -0.076
    UNEMPLOYED      -0.188      -0.172      -0.164      -0.121      -0.076      -0.066      -0.050
    FIN1             0.088       0.108       0.119       0.172       0.225       0.237       0.257
    FIN2             0.134       0.151       0.160       0.211       0.261       0.271       0.290
    FIN3             0.134       0.153       0.164       0.214       0.265       0.275       0.293

 UNEMPLOY WITH
    UNEMPLOYED       0.041       0.065       0.078       0.146       0.215       0.230       0.258
    FIN1            -0.197      -0.176      -0.166      -0.108      -0.051      -0.039      -0.019
    FIN2            -0.184      -0.161      -0.152      -0.098      -0.043      -0.032      -0.014
    FIN3            -0.212      -0.192      -0.182      -0.129      -0.076      -0.064      -0.044

 UNEMPLOY WITH
    FIN1            -0.214      -0.193      -0.181      -0.123      -0.062      -0.050      -0.027
    FIN2            -0.169      -0.152      -0.142      -0.094      -0.045      -0.035      -0.016
    FIN3            -0.174      -0.155      -0.145      -0.091      -0.037      -0.027      -0.006

 FIN1     WITH
    FIN2             0.663       0.677       0.683       0.715       0.745       0.750       0.761
    FIN3             0.593       0.607       0.615       0.655       0.693       0.699       0.713

 FIN2     WITH
    FIN3             0.643       0.659       0.668       0.703       0.737       0.741       0.754

 Means
    GENDER1          1.243       1.268       1.279       1.351       1.427       1.443       1.476
    AGE1            31.618      31.785      31.878      32.399      33.018      33.146      33.447
    EDUCATION_       3.851       3.891       3.913       4.016       4.124       4.146       4.185
    EDUCATION_       3.631       3.671       3.689       3.785       3.886       3.904       3.943
    UNEMPLOYED       0.376       0.389       0.394       0.426       0.457       0.462       0.474
    UNEMPLOYED       0.227       0.238       0.244       0.274       0.302       0.308       0.317
    FIN1             4.183       4.239       4.266       4.405       4.564       4.597       4.654
    FIN2             4.335       4.385       4.415       4.567       4.732       4.767       4.823
    FIN3             4.084       4.142       4.173       4.334       4.508       4.547       4.620

 Intercepts
    X1              -5.090      -4.532      -4.236      -2.789      -1.313      -1.045      -0.522
    X2              -5.099      -4.535      -4.247      -2.789      -1.310      -1.043      -0.519
    X3              -5.094      -4.522      -4.240      -2.786      -1.307      -1.040      -0.517
    Y1              -4.137      -3.542      -3.236      -1.744      -0.200       0.112       0.703
    Y2              -3.998      -3.447      -3.130      -1.682      -0.190       0.106       0.682
    Y3              -3.964      -3.422      -3.107      -1.669      -0.189       0.105       0.677
    M1              -4.844      -4.256      -3.966      -2.347      -0.739      -0.426       0.100
    M2              -4.463      -3.883      -3.616      -2.138      -0.673      -0.390       0.089
    M3              -4.429      -3.858      -3.588      -2.123      -0.668      -0.389       0.088

 Variances
    GENDER1          1.000       1.000       1.000       1.000       1.000       1.000       1.000
    AGE1             1.000       1.000       1.000       1.000       1.000       1.000       1.000
    EDUCATION_       1.000       1.000       1.000       1.000       1.000       1.000       1.000
    EDUCATION_       1.000       1.000       1.000       1.000       1.000       1.000       1.000
    UNEMPLOYED       1.000       1.000       1.000       1.000       1.000       1.000       1.000
    UNEMPLOYED       1.000       1.000       1.000       1.000       1.000       1.000       1.000
    FIN1             1.000       1.000       1.000       1.000       1.000       1.000       1.000
    FIN2             1.000       1.000       1.000       1.000       1.000       1.000       1.000
    FIN3             1.000       1.000       1.000       1.000       1.000       1.000       1.000
    RIX              1.000       1.000       1.000       1.000       1.000       1.000       1.000
    RIY              1.000       1.000       1.000       1.000       1.000       1.000       1.000
    RIM              1.000       1.000       1.000       1.000       1.000       1.000       1.000
    WX1              1.000       1.000       1.000       1.000       1.000       1.000       1.000
    WY1              1.000       1.000       1.000       1.000       1.000       1.000       1.000
    WM1              1.000       1.000       1.000       1.000       1.000       1.000       1.000

 Residual Variances
    X1               0.000       0.000       0.000       0.000       0.000       0.000       0.000
    X2               0.000       0.000       0.000       0.000       0.000       0.000       0.000
    X3               0.000       0.000       0.000       0.000       0.000       0.000       0.000
    Y1               0.000       0.000       0.000       0.000       0.000       0.000       0.000
    Y2               0.000       0.000       0.000       0.000       0.000       0.000       0.000
    Y3               0.000       0.000       0.000       0.000       0.000       0.000       0.000
    M1               0.000       0.000       0.000       0.000       0.000       0.000       0.000
    M2               0.000       0.000       0.000       0.000       0.000       0.000       0.000
    M3               0.000       0.000       0.000       0.000       0.000       0.000       0.000
    WX2              0.934       0.951       0.958       0.990       0.998       0.999       1.000
    WX3              0.914       0.935       0.944       0.987       0.997       0.998       0.999
    WY2              0.938       0.955       0.961       0.993       0.997       0.998       0.999
    WY3              0.912       0.936       0.945       0.989       0.996       0.998       0.999
    WM2              0.813       0.855       0.871       0.935       0.969       0.974       0.982
    WM3              0.764       0.807       0.825       0.901       0.949       0.958       0.969


     Beginning Time:  15:45:50
        Ending Time:  15:56:05
       Elapsed Time:  00:10:15



MUTHEN & MUTHEN
3463 Stoner Ave.
Los Angeles, CA  90066

Tel: (310) 391-9971
Fax: (310) 391-8971
Web: www.StatModel.com
Support: Support@StatModel.com

Copyright (c) 1998-2023 Muthen & Muthen
