Mplus VERSION 8.9
MUTHEN & MUTHEN
01/22/2025   3:56 PM

INPUT INSTRUCTIONS

  DATA:
    FILE IS "mplus.dat";
  VARIABLE:
    MISSING ARE ALL (-99);
    NAMES ARE id Gender1 Age1 Education_mother1 Education_father1
    unemployed_mother1 unemployed_father1 Fin1 Fin2 Fin3 Personal1
    Personal2 Personal3 Public1 Public2 Public3 Collective1
    Collective2 Collective3 Relational1 Relational2
    Relational3 Autonomy1 Autonomy2 Autonomy3 Relatedness1 Relatedness2
    Relatedness3 Competence1 Competence2 Competence3
    PA1 PA2 PA3 NA1 NA2 NA3 SWLS1 SWLS2 SWLS3;

  usevar =
  Gender1 Age1 Education_mother1 Education_father1
  unemployed_mother1 unemployed_father1 Fin1 Fin2 Fin3
  x1-x3 y1-y3 m1-m3 ;

  define:
  x1 = Public1;
  x2 = Public2;
  x3 = Public3;

  m1 = Autonomy1;
  m2 = Autonomy2;
  m3 = Autonomy3;

  y1 = PA1;
  y2 = PA2;
  y3 = PA3;




  analysis:

  MODEL = NOCOV;
  bootstrap = 10000;


  MODEL:
  RIx BY x1@1 x2@1 x3@1;
  RIy BY y1@1 y2@1 y3@1;
  RIm BY m1@1 m2@1 m3@1;



  wx1 BY x1@1;
  wx2 BY x2@1;
  wx3 BY x3@1;



  wy1 BY y1@1;
  wy2 BY y2@1;
  wy3 BY y3@1;



  wm1 By m1@1;
  wm2 By m2@1;
  wm3 By m3@1;


  x1-m3@0;


  wy2 ON wy1 (a );
  wy3 ON wy2 (a );


  wx2 ON wx1 (b );
  wx3 ON wx2 (b );


  wm2 ON wm1  (c);
  wm3 ON wm2  (c);


  wy2 ON  wx1 wm1  (d e);
  wy3 ON  wx2 wm2  (d e);


  wx2 ON wy1 wm1  (f j);
  wx3 ON wy2 wm2  (f j);


  wm2 ON wx1 wy1   (h i);
  wm3 ON wx2 wy2   (h i);


  RIx RIy RIm  with RIx RIy RIm ;

  wx1 wy1 wm1 with wx1 wy1 wm1;
  wx2 wy2 wm2 with wx2 wy2 wm2 (cov1 cov2 cov3);
  wx3 wy3 wm3 with wx3 wy3 wm3 (cov1 cov2 cov3);

  wx2 (vx); wy2 (vy); wm2 (vm);
  wx3 (vx); wy3 (vy); wm3 (vm);

  x1-m3 on Gender1 Age1 Education_mother1 Education_father1
  unemployed_mother1 unemployed_father1 ;

  x1 y1 m1 on Fin1;
  x2 y2 m2 on Fin2;
  x3 y3 m3 on Fin3;

  Gender1 -Fin3 with Gender1 -Fin3;

  [x1-x3] (mx);
  [m1-m3] (mm);
  [y1-y3] (my);

  model constraint:
  new (ind);
  ind = h*e;

  output: cinterval (boot) stdyx;



*** WARNING in VARIABLE command
  Note that only the first 8 characters of variable names are used in the output.
  Shorten variable names to avoid any confusion.
   1 WARNING(S) FOUND IN THE INPUT INSTRUCTIONS




SUMMARY OF ANALYSIS

Number of groups                                                 1
Number of observations                                         971

Number of dependent variables                                    9
Number of independent variables                                  9
Number of continuous latent variables                           12

Observed dependent variables

  Continuous
   X1          X2          X3          Y1          Y2          Y3
   M1          M2          M3

Observed independent variables
   GENDER1     AGE1        EDUCATIO    EDUCATIO    UNEMPLOY    UNEMPLOY
   FIN1        FIN2        FIN3

Continuous latent variables
   RIX         RIY         RIM         WX1         WX2         WX3
   WY1         WY2         WY3         WM1         WM2         WM3


Estimator                                                       ML
Information matrix                                        OBSERVED
Maximum number of iterations                                  1000
Convergence criterion                                    0.500D-04
Maximum number of steepest descent iterations                   20
Maximum number of iterations for H1                           2000
Convergence criterion for H1                             0.100D-03
Number of bootstrap draws
    Requested                                                10000
    Completed                                                10000

Input data file(s)
  mplus.dat

Input data format  FREE


SUMMARY OF DATA

     Number of missing data patterns            19


COVARIANCE COVERAGE OF DATA

Minimum covariance coverage value   0.100


     PROPORTION OF DATA PRESENT


           Covariance Coverage
              X1            X2            X3            Y1            Y2
              ________      ________      ________      ________      ________
 X1             1.000
 X2             1.000         1.000
 X3             1.000         1.000         1.000
 Y1             1.000         1.000         1.000         1.000
 Y2             1.000         1.000         1.000         1.000         1.000
 Y3             1.000         1.000         1.000         1.000         1.000
 M1             1.000         1.000         1.000         1.000         1.000
 M2             1.000         1.000         1.000         1.000         1.000
 M3             1.000         1.000         1.000         1.000         1.000
 GENDER1        0.998         0.998         0.998         0.998         0.998
 AGE1           0.999         0.999         0.999         0.999         0.999
 EDUCATIO       0.994         0.994         0.994         0.994         0.994
 EDUCATIO       0.991         0.991         0.991         0.991         0.991
 UNEMPLOY       0.992         0.992         0.992         0.992         0.992
 UNEMPLOY       0.974         0.974         0.974         0.974         0.974
 FIN1           0.994         0.994         0.994         0.994         0.994
 FIN2           0.991         0.991         0.991         0.991         0.991
 FIN3           0.991         0.991         0.991         0.991         0.991


           Covariance Coverage
              Y3            M1            M2            M3            GENDER1
              ________      ________      ________      ________      ________
 Y3             1.000
 M1             1.000         1.000
 M2             1.000         1.000         1.000
 M3             1.000         1.000         1.000         1.000
 GENDER1        0.998         0.998         0.998         0.998         0.998
 AGE1           0.999         0.999         0.999         0.999         0.997
 EDUCATIO       0.994         0.994         0.994         0.994         0.992
 EDUCATIO       0.991         0.991         0.991         0.991         0.989
 UNEMPLOY       0.992         0.992         0.992         0.992         0.990
 UNEMPLOY       0.974         0.974         0.974         0.974         0.972
 FIN1           0.994         0.994         0.994         0.994         0.992
 FIN2           0.991         0.991         0.991         0.991         0.990
 FIN3           0.991         0.991         0.991         0.991         0.989


           Covariance Coverage
              AGE1          EDUCATIO      EDUCATIO      UNEMPLOY      UNEMPLOY
              ________      ________      ________      ________      ________
 AGE1           0.999
 EDUCATIO       0.993         0.994
 EDUCATIO       0.990         0.987         0.991
 UNEMPLOY       0.991         0.989         0.984         0.992
 UNEMPLOY       0.973         0.969         0.970         0.968         0.974
 FIN1           0.993         0.989         0.986         0.988         0.969
 FIN2           0.990         0.985         0.981         0.982         0.965
 FIN3           0.990         0.985         0.981         0.982         0.965


           Covariance Coverage
              FIN1          FIN2          FIN3
              ________      ________      ________
 FIN1           0.994
 FIN2           0.986         0.991
 FIN3           0.986         0.984         0.991



UNIVARIATE SAMPLE STATISTICS


     UNIVARIATE HIGHER-ORDER MOMENT DESCRIPTIVE STATISTICS

         Variable/         Mean/     Skewness/   Minimum/ % with                Percentiles
        Sample Size      Variance    Kurtosis    Maximum  Min/Max      20%/60%    40%/80%    Median

     X1                   -0.003      -0.091      -3.540    0.10%      -0.756     -0.211      0.039
             971.000       0.836       0.265       2.801    0.10%       0.222      0.728
     X2                    0.000       0.059      -2.732    0.10%      -0.713     -0.211     -0.009
             971.000       0.848       0.269       3.079    0.10%       0.179      0.698
     X3                    0.001       0.007      -3.090    0.10%      -0.690     -0.216     -0.019
             971.000       0.844       0.498       2.792    0.10%       0.174      0.735
     Y1                    0.000      -0.852      -2.603    0.10%      -0.536     -0.025      0.104
             971.000       0.467       0.543       1.028    0.82%       0.246      0.602
     Y2                    0.000      -0.845      -2.692    0.10%      -0.615     -0.025      0.114
             971.000       0.536       0.375       1.046    1.03%       0.272      0.639
     Y3                    0.000      -0.937      -2.754    0.10%      -0.553     -0.036      0.085
             971.000       0.499       0.856       0.988    1.44%       0.256      0.610
     M1                   -0.011      -0.113      -2.043    0.10%      -0.393     -0.135     -0.018
             971.000       0.220       0.142       1.071    1.24%       0.092      0.393
     M2                   -0.010      -0.062      -1.617    0.10%      -0.431     -0.133     -0.005
             971.000       0.273       0.011       1.172    2.37%       0.109      0.420
     M3                   -0.009       0.040      -1.447    0.10%      -0.484     -0.148     -0.035
             971.000       0.292      -0.337       1.198    2.16%       0.100      0.476
     GENDER1               0.646      -0.611       0.000   35.40%       0.000      1.000      1.000
             969.000       0.229      -1.627       1.000   64.60%       1.000      1.000
     AGE1                 15.638      -0.547      15.000   36.29%      15.000     16.000     16.000
             970.000       0.233      -1.625      17.000    0.10%      16.000     16.000
     EDUCATION_MOTHE       3.907      -0.084       1.000    0.31%       3.000      3.000      4.000
             965.000       0.945      -1.378       5.000   39.17%       4.000      5.000
     EDUCATION_FATHE       3.754       0.093       1.000    0.62%       3.000      3.000      3.000
             962.000       0.984      -1.211       5.000   33.78%       4.000      5.000
     UNEMPLOYED_MOTH       0.154       1.921       0.000   84.63%       0.000      0.000      0.000
             963.000       0.130       1.688       1.000   15.37%       0.000      0.000
     UNEMPLOYED_FATH       0.070       3.378       0.000   93.02%       0.000      0.000      0.000
             946.000       0.065       9.408       1.000    6.98%       0.000      0.000
     FIN1                  3.754      -0.071       1.000    0.31%       3.000      3.000      4.000
             965.000       0.726      -0.634       5.000   21.55%       4.000      5.000
     FIN2                  3.777      -0.071       1.000    0.42%       3.000      4.000      4.000
             962.000       0.685      -0.517       5.000   21.21%       4.000      5.000
     FIN3                  3.756      -0.179       1.000    0.94%       3.000      3.000      4.000
             962.000       0.750      -0.296       5.000   21.93%       4.000      5.000


THE MODEL ESTIMATION TERMINATED NORMALLY



MODEL FIT INFORMATION

Number of Free Parameters                      147

Loglikelihood

          H0 Value                      -14454.474
          H1 Value                      -14399.575

Information Criteria

          Akaike (AIC)                   29202.948
          Bayesian (BIC)                 29920.062
          Sample-Size Adjusted BIC       29453.191
            (n* = (n + 2) / 24)

Chi-Square Test of Model Fit

          Value                            109.798
          Degrees of Freedom                    42
          P-Value                           0.0000

RMSEA (Root Mean Square Error Of Approximation)

          Estimate                           0.041
          90 Percent C.I.                    0.032  0.050
          Probability RMSEA <= .05           0.946

CFI/TLI

          CFI                                0.982
          TLI                                0.950

Chi-Square Test of Model Fit for the Baseline Model

          Value                           3867.905
          Degrees of Freedom                   117
          P-Value                           0.0000

SRMR (Standardized Root Mean Square Residual)

          Value                              0.035



MODEL RESULTS

                                                    Two-Tailed
                    Estimate       S.E.  Est./S.E.    P-Value

 RIX      BY
    X1                 1.000      0.000    999.000    999.000
    X2                 1.000      0.000    999.000    999.000
    X3                 1.000      0.000    999.000    999.000

 RIY      BY
    Y1                 1.000      0.000    999.000    999.000
    Y2                 1.000      0.000    999.000    999.000
    Y3                 1.000      0.000    999.000    999.000

 RIM      BY
    M1                 1.000      0.000    999.000    999.000
    M2                 1.000      0.000    999.000    999.000
    M3                 1.000      0.000    999.000    999.000

 WX1      BY
    X1                 1.000      0.000    999.000    999.000

 WX2      BY
    X2                 1.000      0.000    999.000    999.000

 WX3      BY
    X3                 1.000      0.000    999.000    999.000

 WY1      BY
    Y1                 1.000      0.000    999.000    999.000

 WY2      BY
    Y2                 1.000      0.000    999.000    999.000

 WY3      BY
    Y3                 1.000      0.000    999.000    999.000

 WM1      BY
    M1                 1.000      0.000    999.000    999.000

 WM2      BY
    M2                 1.000      0.000    999.000    999.000

 WM3      BY
    M3                 1.000      0.000    999.000    999.000

 WY2      ON
    WY1               -0.023      0.078     -0.296      0.767
    WX1                0.068      0.038      1.762      0.078
    WM1                0.063      0.066      0.954      0.340

 WY3      ON
    WY2               -0.023      0.078     -0.296      0.767
    WX2                0.068      0.038      1.762      0.078
    WM2                0.063      0.066      0.954      0.340

 WX2      ON
    WX1                0.097      0.063      1.547      0.122
    WY1                0.124      0.056      2.214      0.027
    WM1                0.073      0.083      0.877      0.381

 WX3      ON
    WX2                0.097      0.063      1.547      0.122
    WY2                0.124      0.056      2.214      0.027
    WM2                0.073      0.083      0.877      0.381

 WM2      ON
    WM1                0.209      0.061      3.403      0.001
    WX1                0.033      0.032      1.035      0.301
    WY1                0.044      0.034      1.275      0.202

 WM3      ON
    WM2                0.209      0.061      3.403      0.001
    WX2                0.033      0.032      1.035      0.301
    WY2                0.044      0.034      1.275      0.202

 X1       ON
    GENDER1            0.227      0.061      3.704      0.000
    AGE1              -0.011      0.054     -0.202      0.840
    EDUCATION_         0.073      0.033      2.188      0.029
    EDUCATION_         0.145      0.035      4.183      0.000
    UNEMPLOYED         0.068      0.080      0.861      0.390
    UNEMPLOYED         0.136      0.099      1.375      0.169
    FIN1              -0.007      0.032     -0.226      0.821

 X2       ON
    GENDER1            0.131      0.062      2.128      0.033
    AGE1              -0.010      0.054     -0.177      0.860
    EDUCATION_         0.089      0.036      2.518      0.012
    EDUCATION_         0.149      0.034      4.334      0.000
    UNEMPLOYED         0.115      0.083      1.385      0.166
    UNEMPLOYED        -0.091      0.111     -0.823      0.411
    FIN2              -0.015      0.031     -0.490      0.624

 X3       ON
    GENDER1            0.064      0.062      1.030      0.303
    AGE1               0.005      0.054      0.085      0.932
    EDUCATION_         0.064      0.035      1.824      0.068
    EDUCATION_         0.105      0.034      3.063      0.002
    UNEMPLOYED         0.111      0.083      1.337      0.181
    UNEMPLOYED        -0.059      0.104     -0.571      0.568
    FIN3               0.009      0.032      0.270      0.787

 Y1       ON
    GENDER1           -0.128      0.045     -2.841      0.005
    AGE1               0.046      0.039      1.163      0.245
    EDUCATION_         0.020      0.026      0.761      0.447
    EDUCATION_        -0.005      0.024     -0.197      0.844
    UNEMPLOYED         0.006      0.067      0.088      0.930
    UNEMPLOYED         0.071      0.095      0.747      0.455
    FIN1               0.145      0.023      6.340      0.000

 Y2       ON
    GENDER1           -0.116      0.049     -2.378      0.017
    AGE1               0.049      0.040      1.233      0.218
    EDUCATION_         0.006      0.028      0.199      0.842
    EDUCATION_        -0.003      0.028     -0.102      0.918
    UNEMPLOYED        -0.142      0.067     -2.118      0.034
    UNEMPLOYED         0.102      0.097      1.047      0.295
    FIN2               0.147      0.026      5.652      0.000

 Y3       ON
    GENDER1           -0.060      0.047     -1.293      0.196
    AGE1               0.032      0.039      0.805      0.421
    EDUCATION_         0.008      0.028      0.296      0.767
    EDUCATION_         0.014      0.025      0.552      0.581
    UNEMPLOYED        -0.023      0.062     -0.375      0.707
    UNEMPLOYED         0.158      0.089      1.783      0.075
    FIN3               0.186      0.024      7.692      0.000

 M1       ON
    GENDER1           -0.023      0.031     -0.743      0.458
    AGE1               0.046      0.028      1.684      0.092
    EDUCATION_        -0.033      0.019     -1.748      0.080
    EDUCATION_         0.007      0.018      0.368      0.713
    UNEMPLOYED         0.013      0.045      0.284      0.777
    UNEMPLOYED         0.117      0.062      1.881      0.060
    FIN1               0.098      0.016      5.928      0.000

 M2       ON
    GENDER1           -0.067      0.033     -2.003      0.045
    AGE1               0.048      0.027      1.739      0.082
    EDUCATION_        -0.025      0.020     -1.246      0.213
    EDUCATION_        -0.002      0.020     -0.080      0.936
    UNEMPLOYED        -0.021      0.050     -0.412      0.680
    UNEMPLOYED        -0.019      0.063     -0.300      0.764
    FIN2               0.103      0.018      5.606      0.000

 M3       ON
    GENDER1           -0.018      0.037     -0.499      0.618
    AGE1               0.042      0.028      1.508      0.132
    EDUCATION_        -0.022      0.021     -1.035      0.301
    EDUCATION_         0.013      0.021      0.617      0.537
    UNEMPLOYED         0.002      0.050      0.041      0.968
    UNEMPLOYED         0.066      0.063      1.057      0.291
    FIN3               0.100      0.020      5.004      0.000

 RIX      WITH
    RIY               -0.052      0.018     -2.908      0.004
    RIM               -0.037      0.014     -2.748      0.006

 RIY      WITH
    RIM                0.101      0.011      9.472      0.000

 WX1      WITH
    WY1                0.001      0.013      0.041      0.967
    WM1                0.008      0.011      0.718      0.473

 WY1      WITH
    WM1                0.034      0.009      3.980      0.000

 WX2      WITH
    WY2                0.017      0.014      1.257      0.209
    WM2                0.006      0.010      0.553      0.581

 WY2      WITH
    WM2                0.052      0.008      6.849      0.000

 WX3      WITH
    WY3                0.017      0.014      1.257      0.209
    WM3                0.006      0.010      0.553      0.581

 WY3      WITH
    WM3                0.052      0.008      6.849      0.000

 GENDER1  WITH
    AGE1              -0.001      0.007     -0.087      0.930
    EDUCATION_        -0.036      0.015     -2.379      0.017
    EDUCATION_        -0.022      0.015     -1.500      0.134
    UNEMPLOYED        -0.003      0.006     -0.486      0.627
    UNEMPLOYED        -0.002      0.004     -0.397      0.691
    FIN1               0.014      0.013      1.055      0.291
    FIN2              -0.001      0.013     -0.082      0.935
    FIN3               0.006      0.014      0.429      0.668

 AGE1     WITH
    EDUCATION_        -0.037      0.015     -2.442      0.015
    EDUCATION_        -0.018      0.015     -1.181      0.238
    UNEMPLOYED         0.012      0.005      2.226      0.026
    UNEMPLOYED         0.002      0.004      0.405      0.685
    FIN1              -0.006      0.013     -0.420      0.674
    FIN2              -0.010      0.013     -0.794      0.427
    FIN3              -0.012      0.014     -0.908      0.364

 EDUCATIO WITH
    EDUCATION_         0.452      0.030     14.900      0.000
    UNEMPLOYED        -0.088      0.012     -7.488      0.000
    UNEMPLOYED        -0.024      0.009     -2.731      0.006
    FIN1               0.118      0.027      4.373      0.000
    FIN2               0.132      0.026      5.120      0.000
    FIN3               0.136      0.027      4.977      0.000

 EDUCATIO WITH
    UNEMPLOYED        -0.057      0.011     -4.931      0.000
    UNEMPLOYED        -0.031      0.007     -4.092      0.000
    FIN1               0.146      0.028      5.284      0.000
    FIN2               0.174      0.026      6.635      0.000
    FIN3               0.184      0.027      6.822      0.000

 UNEMPLOY WITH
    UNEMPLOYED         0.013      0.004      3.260      0.001
    FIN1              -0.033      0.011     -3.036      0.002
    FIN2              -0.029      0.010     -2.915      0.004
    FIN3              -0.041      0.010     -3.877      0.000

 UNEMPLOY WITH
    FIN1              -0.027      0.008     -3.198      0.001
    FIN2              -0.020      0.007     -2.986      0.003
    FIN3              -0.020      0.008     -2.648      0.008

 FIN1     WITH
    FIN2               0.504      0.025     20.354      0.000
    FIN3               0.484      0.025     19.211      0.000

 FIN2     WITH
    FIN3               0.503      0.024     20.753      0.000

 Means
    GENDER1            0.646      0.015     42.408      0.000
    AGE1              15.638      0.016   1007.160      0.000
    EDUCATION_         3.907      0.031    124.310      0.000
    EDUCATION_         3.753      0.032    116.436      0.000
    UNEMPLOYED         0.154      0.012     13.357      0.000
    UNEMPLOYED         0.070      0.008      8.379      0.000
    FIN1               3.755      0.027    138.363      0.000
    FIN2               3.776      0.027    141.581      0.000
    FIN3               3.753      0.028    133.396      0.000

 Intercepts
    X1                -0.800      0.868     -0.921      0.357
    X2                -0.800      0.868     -0.921      0.357
    X3                -0.800      0.868     -0.921      0.357
    Y1                -1.245      0.634     -1.963      0.050
    Y2                -1.245      0.634     -1.963      0.050
    Y3                -1.245      0.634     -1.963      0.050
    M1                -0.994      0.441     -2.254      0.024
    M2                -0.994      0.441     -2.254      0.024
    M3                -0.994      0.441     -2.254      0.024

 Variances
    GENDER1            0.229      0.004     51.279      0.000
    AGE1               0.233      0.005     50.735      0.000
    EDUCATION_         0.946      0.024     38.624      0.000
    EDUCATION_         0.983      0.028     34.938      0.000
    UNEMPLOYED         0.130      0.008     16.315      0.000
    UNEMPLOYED         0.065      0.007      9.066      0.000
    FIN1               0.727      0.028     26.414      0.000
    FIN2               0.683      0.027     25.738      0.000
    FIN3               0.750      0.032     23.562      0.000
    RIX                0.458      0.036     12.866      0.000
    RIY                0.255      0.020     12.734      0.000
    RIM                0.119      0.010     12.025      0.000
    WX1                0.362      0.034     10.721      0.000
    WY1                0.189      0.018     10.594      0.000
    WM1                0.088      0.009      9.607      0.000

 Residual Variances
    X1                 0.000      0.000    999.000    999.000
    X2                 0.000      0.000    999.000    999.000
    X3                 0.000      0.000    999.000    999.000
    Y1                 0.000      0.000    999.000    999.000
    Y2                 0.000      0.000    999.000    999.000
    Y3                 0.000      0.000    999.000    999.000
    M1                 0.000      0.000    999.000    999.000
    M2                 0.000      0.000    999.000    999.000
    M3                 0.000      0.000    999.000    999.000
    WX2                0.338      0.025     13.529      0.000
    WX3                0.338      0.025     13.529      0.000
    WY2                0.210      0.017     12.071      0.000
    WY3                0.210      0.017     12.071      0.000
    WM2                0.139      0.007     20.180      0.000
    WM3                0.139      0.007     20.180      0.000

New/Additional Parameters
    IND                0.002      0.003      0.618      0.537


STANDARDIZED MODEL RESULTS


STDYX Standardization

                                                    Two-Tailed
                    Estimate       S.E.  Est./S.E.    P-Value

 RIX      BY
    X1                 0.729      0.023     32.138      0.000
    X2                 0.736      0.023     31.626      0.000
    X3                 0.744      0.024     31.667      0.000

 RIY      BY
    Y1                 0.741      0.022     34.255      0.000
    Y2                 0.723      0.023     30.942      0.000
    Y3                 0.717      0.024     30.036      0.000

 RIM      BY
    M1                 0.745      0.027     27.886      0.000
    M2                 0.662      0.023     28.931      0.000
    M3                 0.659      0.024     27.154      0.000

 WX1      BY
    X1                 0.648      0.025     26.224      0.000

 WX2      BY
    X2                 0.639      0.026     24.318      0.000

 WX3      BY
    X3                 0.648      0.027     24.206      0.000

 WY1      BY
    Y1                 0.639      0.024     26.853      0.000

 WY2      BY
    Y2                 0.658      0.025     26.619      0.000

 WY3      BY
    Y3                 0.654      0.025     26.447      0.000

 WM1      BY
    M1                 0.638      0.030     21.322      0.000

 WM2      BY
    M2                 0.728      0.021     35.442      0.000

 WM3      BY
    M3                 0.732      0.021     34.190      0.000

 WY2      ON
    WY1               -0.022      0.073     -0.295      0.768
    WX1                0.089      0.050      1.764      0.078
    WM1                0.041      0.043      0.948      0.343

 WY3      ON
    WY2               -0.023      0.077     -0.296      0.767
    WX2                0.086      0.049      1.768      0.077
    WM2                0.052      0.055      0.953      0.341

 WX2      ON
    WX1                0.099      0.062      1.606      0.108
    WY1                0.092      0.041      2.226      0.026
    WM1                0.037      0.042      0.871      0.384

 WX3      ON
    WX2                0.097      0.062      1.551      0.121
    WY2                0.097      0.044      2.205      0.027
    WM2                0.047      0.053      0.880      0.379

 WM2      ON
    WM1                0.163      0.050      3.243      0.001
    WX1                0.052      0.050      1.030      0.303
    WY1                0.050      0.039      1.282      0.200

 WM3      ON
    WM2                0.207      0.060      3.463      0.001
    WX2                0.050      0.049      1.033      0.302
    WY2                0.052      0.041      1.266      0.206

 X1       ON
    GENDER1            0.117      0.031      3.741      0.000
    AGE1              -0.006      0.028     -0.202      0.840
    EDUCATION_         0.077      0.035      2.191      0.028
    EDUCATION_         0.154      0.036      4.261      0.000
    UNEMPLOYED         0.027      0.031      0.864      0.388
    UNEMPLOYED         0.037      0.027      1.385      0.166
    FIN1              -0.007      0.029     -0.226      0.821

 X2       ON
    GENDER1            0.068      0.032      2.137      0.033
    AGE1              -0.005      0.029     -0.177      0.860
    EDUCATION_         0.095      0.037      2.524      0.012
    EDUCATION_         0.161      0.036      4.457      0.000
    UNEMPLOYED         0.045      0.032      1.393      0.164
    UNEMPLOYED        -0.025      0.031     -0.829      0.407
    FIN2              -0.014      0.028     -0.490      0.624

 X3       ON
    GENDER1            0.034      0.033      1.032      0.302
    AGE1               0.002      0.028      0.086      0.932
    EDUCATION_         0.069      0.038      1.826      0.068
    EDUCATION_         0.114      0.037      3.100      0.002
    UNEMPLOYED         0.044      0.033      1.345      0.179
    UNEMPLOYED        -0.017      0.029     -0.576      0.565
    FIN3               0.008      0.030      0.271      0.787

 Y1       ON
    GENDER1           -0.090      0.032     -2.828      0.005
    AGE1               0.032      0.028      1.166      0.244
    EDUCATION_         0.028      0.037      0.761      0.446
    EDUCATION_        -0.007      0.035     -0.197      0.843
    UNEMPLOYED         0.003      0.035      0.088      0.930
    UNEMPLOYED         0.026      0.035      0.752      0.452
    FIN1               0.182      0.029      6.224      0.000

 Y2       ON
    GENDER1           -0.079      0.033     -2.381      0.017
    AGE1               0.034      0.028      1.234      0.217
    EDUCATION_         0.008      0.039      0.199      0.842
    EDUCATION_        -0.004      0.040     -0.103      0.918
    UNEMPLOYED        -0.073      0.034     -2.128      0.033
    UNEMPLOYED         0.037      0.035      1.053      0.292
    FIN2               0.173      0.031      5.649      0.000

 Y3       ON
    GENDER1           -0.041      0.032     -1.293      0.196
    AGE1               0.022      0.027      0.805      0.421
    EDUCATION_         0.011      0.038      0.296      0.767
    EDUCATION_         0.020      0.036      0.553      0.580
    UNEMPLOYED        -0.012      0.032     -0.376      0.707
    UNEMPLOYED         0.057      0.032      1.794      0.073
    FIN3               0.229      0.029      7.795      0.000

 M1       ON
    GENDER1           -0.024      0.032     -0.744      0.457
    AGE1               0.048      0.029      1.682      0.092
    EDUCATION_        -0.069      0.039     -1.758      0.079
    EDUCATION_         0.014      0.038      0.369      0.712
    UNEMPLOYED         0.010      0.035      0.284      0.776
    UNEMPLOYED         0.064      0.034      1.891      0.059
    FIN1               0.179      0.030      6.018      0.000

 M2       ON
    GENDER1           -0.061      0.030     -2.015      0.044
    AGE1               0.044      0.025      1.737      0.082
    EDUCATION_        -0.046      0.037     -1.250      0.211
    EDUCATION_        -0.003      0.038     -0.080      0.936
    UNEMPLOYED        -0.014      0.035     -0.413      0.679
    UNEMPLOYED        -0.009      0.031     -0.301      0.763
    FIN2               0.162      0.029      5.685      0.000

 M3       ON
    GENDER1           -0.017      0.033     -0.499      0.618
    AGE1               0.038      0.025      1.507      0.132
    EDUCATION_        -0.041      0.039     -1.037      0.300
    EDUCATION_         0.024      0.039      0.617      0.537
    UNEMPLOYED         0.001      0.034      0.041      0.967
    UNEMPLOYED         0.032      0.030      1.062      0.288
    FIN3               0.166      0.032      5.164      0.000

 RIX      WITH
    RIY               -0.153      0.054     -2.840      0.005
    RIM               -0.159      0.059     -2.699      0.007

 RIY      WITH
    RIM                0.579      0.039     14.946      0.000

 WX1      WITH
    WY1                0.002      0.051      0.041      0.967
    WM1                0.044      0.061      0.721      0.471

 WY1      WITH
    WM1                0.263      0.055      4.750      0.000

 WX2      WITH
    WY2                0.065      0.052      1.239      0.215
    WM2                0.026      0.049      0.542      0.587

 WY2      WITH
    WM2                0.302      0.039      7.809      0.000

 WX3      WITH
    WY3                0.065      0.052      1.239      0.215
    WM3                0.026      0.049      0.542      0.587

 WY3      WITH
    WM3                0.302      0.039      7.809      0.000

 GENDER1  WITH
    AGE1              -0.003      0.032     -0.087      0.930
    EDUCATION_        -0.077      0.032     -2.374      0.018
    EDUCATION_        -0.047      0.031     -1.500      0.134
    UNEMPLOYED        -0.016      0.032     -0.485      0.628
    UNEMPLOYED        -0.013      0.033     -0.397      0.692
    FIN1               0.034      0.032      1.056      0.291
    FIN2              -0.003      0.033     -0.082      0.935
    FIN3               0.014      0.033      0.429      0.668

 AGE1     WITH
    EDUCATION_        -0.078      0.032     -2.439      0.015
    EDUCATION_        -0.038      0.032     -1.179      0.238
    UNEMPLOYED         0.069      0.031      2.239      0.025
    UNEMPLOYED         0.013      0.032      0.405      0.686
    FIN1              -0.013      0.032     -0.420      0.675
    FIN2              -0.026      0.032     -0.794      0.427
    FIN3              -0.029      0.032     -0.909      0.364

 EDUCATIO WITH
    EDUCATION_         0.468      0.028     16.508      0.000
    UNEMPLOYED        -0.250      0.030     -8.367      0.000
    UNEMPLOYED        -0.095      0.034     -2.828      0.005
    FIN1               0.143      0.032      4.455      0.000
    FIN2               0.164      0.031      5.214      0.000
    FIN3               0.161      0.032      5.036      0.000

 EDUCATIO WITH
    UNEMPLOYED        -0.158      0.031     -5.169      0.000
    UNEMPLOYED        -0.121      0.027     -4.468      0.000
    FIN1               0.173      0.032      5.334      0.000
    FIN2               0.212      0.031      6.860      0.000
    FIN3               0.215      0.031      7.029      0.000

 UNEMPLOY WITH
    UNEMPLOYED         0.145      0.042      3.467      0.001
    FIN1              -0.108      0.035     -3.097      0.002
    FIN2              -0.098      0.033     -2.953      0.003
    FIN3              -0.130      0.033     -3.989      0.000

 UNEMPLOY WITH
    FIN1              -0.123      0.036     -3.384      0.001
    FIN2              -0.093      0.030     -3.130      0.002
    FIN3              -0.090      0.033     -2.745      0.006

 FIN1     WITH
    FIN2               0.715      0.019     38.281      0.000
    FIN3               0.655      0.024     27.850      0.000

 FIN2     WITH
    FIN3               0.703      0.021     33.354      0.000

 Means
    GENDER1            1.351      0.045     29.917      0.000
    AGE1              32.399      0.350     92.500      0.000
    EDUCATION_         4.016      0.064     62.463      0.000
    EDUCATION_         3.785      0.060     63.209      0.000
    UNEMPLOYED         0.427      0.019     22.559      0.000
    UNEMPLOYED         0.275      0.018     15.511      0.000
    FIN1               4.405      0.092     48.122      0.000
    FIN2               4.568      0.096     47.397      0.000
    FIN3               4.334      0.102     42.312      0.000

 Intercepts
    X1                -0.861      0.936     -0.920      0.357
    X2                -0.869      0.943     -0.922      0.356
    X3                -0.880      0.953     -0.923      0.356
    Y1                -1.828      0.926     -1.974      0.048
    Y2                -1.782      0.906     -1.966      0.049
    Y3                -1.768      0.899     -1.967      0.049
    M1                -2.141      0.949     -2.255      0.024
    M2                -1.902      0.845     -2.252      0.024
    M3                -1.893      0.840     -2.254      0.024

 Variances
    GENDER1            1.000      0.000    999.000    999.000
    AGE1               1.000      0.000    999.000    999.000
    EDUCATION_         1.000      0.000    999.000    999.000
    EDUCATION_         1.000      0.000    999.000    999.000
    UNEMPLOYED         1.000      0.000    999.000    999.000
    UNEMPLOYED         1.000      0.000    999.000    999.000
    FIN1               1.000      0.000    999.000    999.000
    FIN2               1.000      0.000    999.000    999.000
    FIN3               1.000      0.000    999.000    999.000
    RIX                1.000      0.000    999.000    999.000
    RIY                1.000      0.000    999.000    999.000
    RIM                1.000      0.000    999.000    999.000
    WX1                1.000      0.000    999.000    999.000
    WY1                1.000      0.000    999.000    999.000
    WM1                1.000      0.000    999.000    999.000

 Residual Variances
    X1                 0.000      0.000      0.000      1.000
    X2                 0.000      0.000      0.000      1.000
    X3                 0.000      0.000      0.000      1.000
    Y1                 0.000      0.000      0.000      1.000
    Y2                 0.000      0.000      0.000      1.000
    Y3                 0.000      0.000      0.000      1.000
    M1                 0.000      0.000      0.000      1.000
    M2                 0.000      0.000      0.000      1.000
    M3                 0.000      0.000      0.000      1.000
    WX2                0.978      0.017     57.107      0.000
    WX3                0.975      0.021     47.392      0.000
    WY2                0.990      0.012     80.900      0.000
    WY3                0.990      0.013     76.702      0.000
    WM2                0.963      0.019     50.437      0.000
    WM3                0.944      0.027     34.701      0.000


R-SQUARE

    Observed                                        Two-Tailed
    Variable        Estimate       S.E.  Est./S.E.    P-Value

    X1                 1.000      0.000    999.000    999.000
    X2                 1.000      0.000    999.000    999.000
    X3                 1.000      0.000    999.000    999.000
    Y1                 1.000      0.000    999.000    999.000
    Y2                 1.000      0.000    999.000    999.000
    Y3                 1.000      0.000    999.000    999.000
    M1                 1.000      0.000    999.000    999.000
    M2                 1.000      0.000    999.000    999.000
    M3                 1.000      0.000    999.000    999.000

     Latent                                         Two-Tailed
    Variable        Estimate       S.E.  Est./S.E.    P-Value

    WX2                0.022      0.017      1.266      0.206
    WX3                0.025      0.021      1.239      0.215
    WY2                0.010      0.012      0.800      0.424
    WY3                0.010      0.013      0.784      0.433
    WM2                0.037      0.019      1.921      0.055
    WM3                0.056      0.027      2.060      0.039


CONFIDENCE INTERVALS OF MODEL RESULTS

                  Lower .5%  Lower 2.5%    Lower 5%    Estimate    Upper 5%  Upper 2.5%   Upper .5%

 RIX      BY
    X1               1.000       1.000       1.000       1.000       1.000       1.000       1.000
    X2               1.000       1.000       1.000       1.000       1.000       1.000       1.000
    X3               1.000       1.000       1.000       1.000       1.000       1.000       1.000

 RIY      BY
    Y1               1.000       1.000       1.000       1.000       1.000       1.000       1.000
    Y2               1.000       1.000       1.000       1.000       1.000       1.000       1.000
    Y3               1.000       1.000       1.000       1.000       1.000       1.000       1.000

 RIM      BY
    M1               1.000       1.000       1.000       1.000       1.000       1.000       1.000
    M2               1.000       1.000       1.000       1.000       1.000       1.000       1.000
    M3               1.000       1.000       1.000       1.000       1.000       1.000       1.000

 WX1      BY
    X1               1.000       1.000       1.000       1.000       1.000       1.000       1.000

 WX2      BY
    X2               1.000       1.000       1.000       1.000       1.000       1.000       1.000

 WX3      BY
    X3               1.000       1.000       1.000       1.000       1.000       1.000       1.000

 WY1      BY
    Y1               1.000       1.000       1.000       1.000       1.000       1.000       1.000

 WY2      BY
    Y2               1.000       1.000       1.000       1.000       1.000       1.000       1.000

 WY3      BY
    Y3               1.000       1.000       1.000       1.000       1.000       1.000       1.000

 WM1      BY
    M1               1.000       1.000       1.000       1.000       1.000       1.000       1.000

 WM2      BY
    M2               1.000       1.000       1.000       1.000       1.000       1.000       1.000

 WM3      BY
    M3               1.000       1.000       1.000       1.000       1.000       1.000       1.000

 WY2      ON
    WY1             -0.198      -0.163      -0.142      -0.023       0.114       0.140       0.186
    WX1             -0.035      -0.012       0.002       0.068       0.129       0.141       0.161
    WM1             -0.115      -0.071      -0.050       0.063       0.168       0.188       0.228

 WY3      ON
    WY2             -0.198      -0.163      -0.142      -0.023       0.114       0.140       0.186
    WX2             -0.035      -0.012       0.002       0.068       0.129       0.141       0.161
    WM2             -0.115      -0.071      -0.050       0.063       0.168       0.188       0.228

 WX2      ON
    WX1             -0.052      -0.018      -0.001       0.097       0.205       0.229       0.276
    WY1             -0.029       0.010       0.030       0.124       0.214       0.231       0.267
    WM1             -0.140      -0.087      -0.062       0.073       0.210       0.237       0.284

 WX3      ON
    WX2             -0.052      -0.018      -0.001       0.097       0.205       0.229       0.276
    WY2             -0.029       0.010       0.030       0.124       0.214       0.231       0.267
    WM2             -0.140      -0.087      -0.062       0.073       0.210       0.237       0.284

 WM2      ON
    WM1              0.051       0.086       0.106       0.209       0.310       0.331       0.369
    WX1             -0.044      -0.028      -0.019       0.033       0.086       0.096       0.118
    WY1             -0.044      -0.023      -0.013       0.044       0.100       0.111       0.132

 WM3      ON
    WM2              0.051       0.086       0.106       0.209       0.310       0.331       0.369
    WX2             -0.044      -0.028      -0.019       0.033       0.086       0.096       0.118
    WY2             -0.044      -0.023      -0.013       0.044       0.100       0.111       0.132

 X1       ON
    GENDER1          0.075       0.108       0.124       0.227       0.328       0.347       0.381
    AGE1            -0.152      -0.118      -0.099      -0.011       0.078       0.095       0.126
    EDUCATION_      -0.014       0.007       0.018       0.073       0.128       0.139       0.159
    EDUCATION_       0.056       0.077       0.089       0.145       0.203       0.214       0.233
    UNEMPLOYED      -0.137      -0.083      -0.058       0.068       0.203       0.228       0.274
    UNEMPLOYED      -0.119      -0.056      -0.025       0.136       0.299       0.330       0.398
    FIN1            -0.089      -0.069      -0.059      -0.007       0.047       0.056       0.074

 X2       ON
    GENDER1         -0.031       0.011       0.030       0.131       0.235       0.252       0.286
    AGE1            -0.149      -0.116      -0.099      -0.010       0.080       0.099       0.127
    EDUCATION_      -0.005       0.019       0.030       0.089       0.147       0.158       0.179
    EDUCATION_       0.061       0.083       0.094       0.149       0.206       0.218       0.238
    UNEMPLOYED      -0.099      -0.045      -0.020       0.115       0.254       0.282       0.328
    UNEMPLOYED      -0.384      -0.313      -0.277      -0.091       0.090       0.126       0.198
    FIN2            -0.095      -0.075      -0.065      -0.015       0.035       0.045       0.062

 X3       ON
    GENDER1         -0.095      -0.056      -0.038       0.064       0.166       0.186       0.224
    AGE1            -0.132      -0.101      -0.083       0.005       0.093       0.110       0.143
    EDUCATION_      -0.026      -0.005       0.005       0.064       0.120       0.132       0.155
    EDUCATION_       0.016       0.038       0.049       0.105       0.161       0.172       0.193
    UNEMPLOYED      -0.103      -0.049      -0.024       0.111       0.248       0.276       0.331
    UNEMPLOYED      -0.330      -0.265      -0.231      -0.059       0.110       0.142       0.220
    FIN3            -0.071      -0.053      -0.043       0.009       0.062       0.072       0.093

 Y1       ON
    GENDER1         -0.245      -0.216      -0.201      -0.128      -0.053      -0.040      -0.013
    AGE1            -0.059      -0.033      -0.019       0.046       0.110       0.122       0.147
    EDUCATION_      -0.047      -0.032      -0.023       0.020       0.063       0.072       0.088
    EDUCATION_      -0.068      -0.051      -0.044      -0.005       0.036       0.043       0.059
    UNEMPLOYED      -0.172      -0.125      -0.105       0.006       0.113       0.135       0.170
    UNEMPLOYED      -0.182      -0.120      -0.089       0.071       0.225       0.256       0.309
    FIN1             0.085       0.100       0.108       0.145       0.183       0.190       0.205

 Y2       ON
    GENDER1         -0.241      -0.212      -0.196      -0.116      -0.036      -0.020       0.009
    AGE1            -0.055      -0.029      -0.017       0.049       0.114       0.127       0.153
    EDUCATION_      -0.068      -0.050      -0.041       0.006       0.051       0.059       0.077
    EDUCATION_      -0.077      -0.058      -0.049      -0.003       0.044       0.053       0.071
    UNEMPLOYED      -0.319      -0.271      -0.249      -0.142      -0.031      -0.011       0.027
    UNEMPLOYED      -0.151      -0.092      -0.060       0.102       0.264       0.291       0.348
    FIN2             0.081       0.097       0.104       0.147       0.190       0.197       0.213

 Y3       ON
    GENDER1         -0.177      -0.152      -0.138      -0.060       0.016       0.030       0.058
    AGE1            -0.071      -0.046      -0.033       0.032       0.096       0.109       0.134
    EDUCATION_      -0.064      -0.048      -0.038       0.008       0.053       0.062       0.078
    EDUCATION_      -0.052      -0.036      -0.028       0.014       0.056       0.064       0.080
    UNEMPLOYED      -0.188      -0.146      -0.127      -0.023       0.078       0.097       0.132
    UNEMPLOYED      -0.075      -0.017       0.010       0.158       0.302       0.328       0.382
    FIN3             0.124       0.140       0.147       0.186       0.226       0.234       0.250

 M1       ON
    GENDER1         -0.102      -0.083      -0.073      -0.023       0.028       0.037       0.055
    AGE1            -0.025      -0.007       0.001       0.046       0.091       0.100       0.118
    EDUCATION_      -0.082      -0.069      -0.063      -0.033      -0.001       0.005       0.015
    EDUCATION_      -0.039      -0.028      -0.022       0.007       0.036       0.041       0.053
    UNEMPLOYED      -0.104      -0.077      -0.062       0.013       0.087       0.099       0.127
    UNEMPLOYED      -0.049      -0.005       0.013       0.117       0.219       0.239       0.279
    FIN1             0.056       0.065       0.070       0.098       0.125       0.129       0.140

 M2       ON
    GENDER1         -0.155      -0.133      -0.122      -0.067      -0.012      -0.001       0.020
    AGE1            -0.022      -0.006       0.002       0.048       0.092       0.102       0.119
    EDUCATION_      -0.077      -0.063      -0.058      -0.025       0.008       0.015       0.027
    EDUCATION_      -0.054      -0.041      -0.034      -0.002       0.031       0.037       0.049
    UNEMPLOYED      -0.153      -0.119      -0.104      -0.021       0.062       0.076       0.109
    UNEMPLOYED      -0.186      -0.144      -0.123      -0.019       0.085       0.107       0.145
    FIN2             0.056       0.067       0.073       0.103       0.133       0.138       0.151

 M3       ON
    GENDER1         -0.114      -0.091      -0.080      -0.018       0.041       0.054       0.075
    AGE1            -0.030      -0.012      -0.004       0.042       0.087       0.096       0.113
    EDUCATION_      -0.076      -0.063      -0.057      -0.022       0.013       0.019       0.034
    EDUCATION_      -0.040      -0.027      -0.021       0.013       0.047       0.053       0.066
    UNEMPLOYED      -0.129      -0.097      -0.082       0.002       0.084       0.099       0.128
    UNEMPLOYED      -0.102      -0.059      -0.038       0.066       0.167       0.187       0.225
    FIN3             0.050       0.062       0.067       0.100       0.134       0.140       0.152

 RIX      WITH
    RIY             -0.098      -0.087      -0.082      -0.052      -0.023      -0.017      -0.006
    RIM             -0.073      -0.064      -0.060      -0.037      -0.016      -0.012      -0.002

 RIY      WITH
    RIM              0.073       0.079       0.082       0.101       0.118       0.121       0.128

 WX1      WITH
    WY1             -0.034      -0.025      -0.021       0.001       0.022       0.026       0.035
    WM1             -0.019      -0.013      -0.010       0.008       0.026       0.030       0.037

 WY1      WITH
    WM1              0.013       0.018       0.020       0.034       0.048       0.051       0.058

 WX2      WITH
    WY2             -0.021      -0.011      -0.006       0.017       0.039       0.043       0.050
    WM2             -0.020      -0.014      -0.011       0.006       0.023       0.026       0.033

 WY2      WITH
    WM2              0.031       0.036       0.039       0.052       0.063       0.065       0.070

 WX3      WITH
    WY3             -0.021      -0.011      -0.006       0.017       0.039       0.043       0.050
    WM3             -0.020      -0.014      -0.011       0.006       0.023       0.026       0.033

 WY3      WITH
    WM3              0.031       0.036       0.039       0.052       0.063       0.065       0.070

 GENDER1  WITH
    AGE1            -0.019      -0.015      -0.013      -0.001       0.012       0.014       0.019
    EDUCATION_      -0.073      -0.065      -0.060      -0.036      -0.011      -0.006       0.004
    EDUCATION_      -0.060      -0.051      -0.046      -0.022       0.003       0.007       0.017
    UNEMPLOYED      -0.017      -0.014      -0.012      -0.003       0.006       0.008       0.011
    UNEMPLOYED      -0.012      -0.010      -0.008      -0.002       0.005       0.006       0.009
    FIN1            -0.020      -0.012      -0.008       0.014       0.035       0.039       0.047
    FIN2            -0.035      -0.027      -0.022      -0.001       0.020       0.024       0.032
    FIN3            -0.030      -0.021      -0.017       0.006       0.028       0.032       0.040

 AGE1     WITH
    EDUCATION_      -0.075      -0.067      -0.061      -0.037      -0.012      -0.008       0.002
    EDUCATION_      -0.057      -0.048      -0.044      -0.018       0.007       0.012       0.023
    UNEMPLOYED      -0.002       0.001       0.003       0.012       0.021       0.022       0.025
    UNEMPLOYED      -0.009      -0.006      -0.005       0.002       0.008       0.009       0.012
    FIN1            -0.039      -0.031      -0.027      -0.006       0.016       0.020       0.028
    FIN2            -0.044      -0.036      -0.031      -0.010       0.011       0.015       0.022
    FIN3            -0.047      -0.038      -0.034      -0.012       0.010       0.014       0.023

 EDUCATIO WITH
    EDUCATION_       0.372       0.392       0.402       0.452       0.501       0.511       0.529
    UNEMPLOYED      -0.120      -0.111      -0.107      -0.088      -0.068      -0.065      -0.058
    UNEMPLOYED      -0.046      -0.040      -0.037      -0.024      -0.010      -0.007      -0.001
    FIN1             0.048       0.065       0.074       0.118       0.163       0.171       0.190
    FIN2             0.066       0.081       0.089       0.132       0.174       0.182       0.197
    FIN3             0.066       0.083       0.091       0.136       0.181       0.189       0.206

 EDUCATIO WITH
    UNEMPLOYED      -0.086      -0.079      -0.075      -0.057      -0.038      -0.034      -0.027
    UNEMPLOYED      -0.050      -0.045      -0.043      -0.031      -0.018      -0.016      -0.012
    FIN1             0.076       0.092       0.101       0.146       0.191       0.202       0.218
    FIN2             0.109       0.123       0.130       0.174       0.217       0.225       0.242
    FIN3             0.113       0.131       0.140       0.184       0.229       0.238       0.253

 UNEMPLOY WITH
    UNEMPLOYED       0.004       0.006       0.007       0.013       0.020       0.022       0.024
    FIN1            -0.062      -0.055      -0.052      -0.033      -0.016      -0.012      -0.006
    FIN2            -0.055      -0.049      -0.046      -0.029      -0.013      -0.010      -0.004
    FIN3            -0.068      -0.061      -0.058      -0.041      -0.023      -0.020      -0.014

 UNEMPLOY WITH
    FIN1            -0.048      -0.043      -0.040      -0.027      -0.013      -0.011      -0.005
    FIN2            -0.037      -0.033      -0.031      -0.020      -0.009      -0.007      -0.003
    FIN3            -0.039      -0.035      -0.032      -0.020      -0.008      -0.006      -0.001

 FIN1     WITH
    FIN2             0.440       0.455       0.463       0.504       0.545       0.553       0.568
    FIN3             0.419       0.434       0.442       0.484       0.525       0.532       0.551

 FIN2     WITH
    FIN3             0.441       0.456       0.463       0.503       0.543       0.551       0.566

 Means
    GENDER1          0.607       0.616       0.621       0.646       0.671       0.676       0.686
    AGE1            15.598      15.608      15.612      15.638      15.663      15.669      15.679
    EDUCATION_       3.827       3.846       3.856       3.907       3.959       3.969       3.988
    EDUCATION_       3.670       3.690       3.700       3.753       3.806       3.816       3.837
    UNEMPLOYED       0.124       0.132       0.135       0.154       0.173       0.176       0.184
    UNEMPLOYED       0.049       0.054       0.056       0.070       0.084       0.087       0.092
    FIN1             3.683       3.702       3.711       3.755       3.800       3.808       3.826
    FIN2             3.707       3.724       3.733       3.776       3.820       3.828       3.843
    FIN3             3.681       3.698       3.706       3.753       3.799       3.808       3.823

 Intercepts
    X1              -3.008      -2.502      -2.216      -0.800       0.611       0.904       1.431
    X2              -3.008      -2.502      -2.216      -0.800       0.611       0.904       1.431
    X3              -3.008      -2.502      -2.216      -0.800       0.611       0.904       1.431
    Y1              -2.908      -2.481      -2.271      -1.245      -0.197       0.008       0.430
    Y2              -2.908      -2.481      -2.271      -1.245      -0.197       0.008       0.430
    Y3              -2.908      -2.481      -2.271      -1.245      -0.197       0.008       0.430
    M1              -2.156      -1.858      -1.705      -0.994      -0.272      -0.127       0.148
    M2              -2.156      -1.858      -1.705      -0.994      -0.272      -0.127       0.148
    M3              -2.156      -1.858      -1.705      -0.994      -0.272      -0.127       0.148

 Variances
    GENDER1          0.216       0.219       0.221       0.229       0.235       0.236       0.238
    AGE1             0.220       0.223       0.225       0.233       0.240       0.241       0.244
    EDUCATION_       0.886       0.900       0.907       0.946       0.987       0.996       1.013
    EDUCATION_       0.914       0.929       0.937       0.983       1.030       1.039       1.058
    UNEMPLOYED       0.109       0.114       0.117       0.130       0.143       0.145       0.150
    UNEMPLOYED       0.047       0.051       0.053       0.065       0.077       0.079       0.083
    FIN1             0.657       0.672       0.681       0.727       0.771       0.779       0.798
    FIN2             0.617       0.632       0.640       0.683       0.727       0.736       0.753
    FIN3             0.670       0.688       0.698       0.750       0.803       0.814       0.834
    RIX              0.361       0.382       0.395       0.458       0.511       0.521       0.544
    RIY              0.200       0.212       0.219       0.255       0.284       0.291       0.304
    RIM              0.092       0.098       0.101       0.119       0.134       0.137       0.143
    WX1              0.281       0.299       0.307       0.362       0.418       0.431       0.456
    WY1              0.147       0.156       0.160       0.189       0.218       0.225       0.238
    WM1              0.066       0.071       0.074       0.088       0.103       0.107       0.114

 Residual Variances
    X1               0.000       0.000       0.000       0.000       0.000       0.000       0.000
    X2               0.000       0.000       0.000       0.000       0.000       0.000       0.000
    X3               0.000       0.000       0.000       0.000       0.000       0.000       0.000
    Y1               0.000       0.000       0.000       0.000       0.000       0.000       0.000
    Y2               0.000       0.000       0.000       0.000       0.000       0.000       0.000
    Y3               0.000       0.000       0.000       0.000       0.000       0.000       0.000
    M1               0.000       0.000       0.000       0.000       0.000       0.000       0.000
    M2               0.000       0.000       0.000       0.000       0.000       0.000       0.000
    M3               0.000       0.000       0.000       0.000       0.000       0.000       0.000
    WX2              0.275       0.288       0.295       0.338       0.378       0.387       0.401
    WX3              0.275       0.288       0.295       0.338       0.378       0.387       0.401
    WY2              0.165       0.175       0.180       0.210       0.237       0.242       0.253
    WY3              0.165       0.175       0.180       0.210       0.237       0.242       0.253
    WM2              0.120       0.124       0.126       0.139       0.149       0.151       0.156
    WM3              0.120       0.124       0.126       0.139       0.149       0.151       0.156

New/Additional Parameters
    IND             -0.008      -0.004      -0.003       0.002       0.008       0.009       0.013


CONFIDENCE INTERVALS OF STANDARDIZED MODEL RESULTS


STDYX Standardization

                  Lower .5%  Lower 2.5%    Lower 5%    Estimate    Upper 5%  Upper 2.5%   Upper .5%

 RIX      BY
    X1               0.662       0.678       0.686       0.729       0.761       0.767       0.778
    X2               0.664       0.681       0.691       0.736       0.767       0.773       0.784
    X3               0.670       0.689       0.698       0.744       0.775       0.781       0.791

 RIY      BY
    Y1               0.677       0.692       0.700       0.741       0.770       0.777       0.788
    Y2               0.650       0.669       0.677       0.723       0.753       0.760       0.771
    Y3               0.643       0.663       0.671       0.717       0.749       0.755       0.768

 RIM      BY
    M1               0.660       0.682       0.693       0.745       0.781       0.787       0.800
    M2               0.590       0.609       0.617       0.662       0.693       0.699       0.709
    M3               0.581       0.602       0.612       0.659       0.691       0.698       0.708

 WX1      BY
    X1               0.584       0.599       0.607       0.648       0.688       0.696       0.712

 WX2      BY
    X2               0.576       0.590       0.596       0.639       0.684       0.693       0.711

 WX3      BY
    X3               0.583       0.598       0.605       0.648       0.693       0.703       0.721

 WY1      BY
    Y1               0.577       0.592       0.599       0.639       0.677       0.685       0.700

 WY2      BY
    Y2               0.597       0.611       0.618       0.658       0.699       0.707       0.724

 WY3      BY
    Y3               0.594       0.607       0.614       0.654       0.695       0.703       0.721

 WM1      BY
    M1               0.562       0.580       0.589       0.638       0.688       0.698       0.717

 WM2      BY
    M2               0.677       0.688       0.694       0.728       0.761       0.769       0.783

 WM3      BY
    M3               0.679       0.691       0.697       0.732       0.767       0.776       0.790

 WY2      ON
    WY1             -0.197      -0.163      -0.140      -0.022       0.101       0.124       0.166
    WX1             -0.044      -0.015       0.003       0.089       0.168       0.184       0.208
    WM1             -0.074      -0.045      -0.031       0.041       0.109       0.123       0.149

 WY3      ON
    WY2             -0.198      -0.163      -0.143      -0.023       0.114       0.139       0.186
    WX2             -0.044      -0.015       0.003       0.086       0.164       0.179       0.205
    WM2             -0.093      -0.058      -0.040       0.052       0.139       0.156       0.190

 WX2      ON
    WX1             -0.054      -0.018      -0.001       0.099       0.202       0.224       0.265
    WY1             -0.021       0.007       0.022       0.092       0.157       0.170       0.194
    WM1             -0.069      -0.044      -0.031       0.037       0.106       0.120       0.147

 WX3      ON
    WX2             -0.052      -0.018      -0.001       0.097       0.204       0.228       0.273
    WY2             -0.023       0.007       0.024       0.097       0.168       0.182       0.209
    WM2             -0.088      -0.057      -0.040       0.047       0.136       0.152       0.181

 WM2      ON
    WM1              0.039       0.065       0.081       0.163       0.247       0.263       0.302
    WX1             -0.071      -0.044      -0.030       0.052       0.136       0.154       0.189
    WY1             -0.051      -0.027      -0.015       0.050       0.114       0.127       0.151

 WM3      ON
    WM2              0.050       0.086       0.106       0.207       0.304       0.323       0.360
    WX2             -0.068      -0.042      -0.028       0.050       0.132       0.148       0.180
    WY2             -0.053      -0.028      -0.015       0.052       0.121       0.134       0.161

 X1       ON
    GENDER1          0.039       0.056       0.064       0.117       0.168       0.177       0.194
    AGE1            -0.079      -0.061      -0.052      -0.006       0.041       0.050       0.066
    EDUCATION_      -0.014       0.007       0.019       0.077       0.134       0.146       0.167
    EDUCATION_       0.062       0.083       0.095       0.154       0.215       0.227       0.245
    UNEMPLOYED      -0.053      -0.033      -0.023       0.027       0.079       0.088       0.106
    UNEMPLOYED      -0.032      -0.015      -0.007       0.037       0.082       0.090       0.106
    FIN1            -0.082      -0.062      -0.054      -0.007       0.043       0.052       0.068

 X2       ON
    GENDER1         -0.016       0.006       0.015       0.068       0.122       0.130       0.148
    AGE1            -0.078      -0.061      -0.052      -0.005       0.042       0.052       0.067
    EDUCATION_      -0.005       0.020       0.032       0.095       0.155       0.167       0.189
    EDUCATION_       0.066       0.091       0.101       0.161       0.220       0.232       0.252
    UNEMPLOYED      -0.038      -0.018      -0.008       0.045       0.099       0.110       0.127
    UNEMPLOYED      -0.105      -0.086      -0.076      -0.025       0.025       0.034       0.053
    FIN2            -0.086      -0.067      -0.059      -0.014       0.032       0.040       0.057

 X3       ON
    GENDER1         -0.050      -0.030      -0.020       0.034       0.087       0.097       0.117
    AGE1            -0.071      -0.053      -0.044       0.002       0.049       0.058       0.076
    EDUCATION_      -0.028      -0.006       0.005       0.069       0.129       0.140       0.164
    EDUCATION_       0.017       0.042       0.054       0.114       0.175       0.186       0.210
    UNEMPLOYED      -0.041      -0.019      -0.010       0.044       0.098       0.109       0.130
    UNEMPLOYED      -0.089      -0.073      -0.064      -0.017       0.031       0.040       0.060
    FIN3            -0.067      -0.051      -0.041       0.008       0.059       0.069       0.087

 Y1       ON
    GENDER1         -0.173      -0.152      -0.142      -0.090      -0.037      -0.028      -0.009
    AGE1            -0.042      -0.023      -0.014       0.032       0.078       0.086       0.103
    EDUCATION_      -0.069      -0.045      -0.033       0.028       0.090       0.102       0.126
    EDUCATION_      -0.098      -0.075      -0.064      -0.007       0.051       0.063       0.085
    UNEMPLOYED      -0.090      -0.066      -0.055       0.003       0.061       0.072       0.089
    UNEMPLOYED      -0.066      -0.044      -0.033       0.026       0.083       0.094       0.115
    FIN1             0.104       0.125       0.134       0.182       0.230       0.240       0.257

 Y2       ON
    GENDER1         -0.164      -0.145      -0.134      -0.079      -0.024      -0.014       0.006
    AGE1            -0.038      -0.020      -0.012       0.034       0.078       0.088       0.106
    EDUCATION_      -0.095      -0.070      -0.057       0.008       0.070       0.082       0.107
    EDUCATION_      -0.108      -0.082      -0.069      -0.004       0.063       0.076       0.101
    UNEMPLOYED      -0.162      -0.139      -0.129      -0.073      -0.016      -0.006       0.014
    UNEMPLOYED      -0.055      -0.033      -0.022       0.037       0.096       0.106       0.124
    FIN2             0.096       0.114       0.123       0.173       0.224       0.233       0.252

 Y3       ON
    GENDER1         -0.121      -0.103      -0.093      -0.041       0.011       0.020       0.038
    AGE1            -0.048      -0.032      -0.023       0.022       0.066       0.074       0.091
    EDUCATION_      -0.088      -0.065      -0.052       0.011       0.073       0.086       0.109
    EDUCATION_      -0.073      -0.051      -0.039       0.020       0.079       0.090       0.111
    UNEMPLOYED      -0.096      -0.075      -0.065      -0.012       0.040       0.049       0.067
    UNEMPLOYED      -0.027      -0.006       0.004       0.057       0.108       0.118       0.134
    FIN3             0.153       0.172       0.181       0.229       0.277       0.287       0.306

 M1       ON
    GENDER1         -0.106      -0.085      -0.075      -0.024       0.029       0.038       0.057
    AGE1            -0.025      -0.008       0.001       0.048       0.095       0.104       0.123
    EDUCATION_      -0.170      -0.144      -0.132      -0.069      -0.003       0.009       0.033
    EDUCATION_      -0.084      -0.059      -0.048       0.014       0.076       0.088       0.113
    UNEMPLOYED      -0.082      -0.059      -0.047       0.010       0.067       0.078       0.098
    UNEMPLOYED      -0.025      -0.003       0.007       0.064       0.120       0.130       0.153
    FIN1             0.103       0.120       0.130       0.179       0.228       0.236       0.255

 M2       ON
    GENDER1         -0.141      -0.121      -0.111      -0.061      -0.011      -0.001       0.018
    AGE1            -0.020      -0.006       0.002       0.044       0.086       0.094       0.110
    EDUCATION_      -0.141      -0.118      -0.106      -0.046       0.016       0.028       0.050
    EDUCATION_      -0.101      -0.077      -0.064      -0.003       0.059       0.071       0.094
    UNEMPLOYED      -0.104      -0.082      -0.072      -0.014       0.042       0.053       0.074
    UNEMPLOYED      -0.091      -0.069      -0.060      -0.009       0.041       0.051       0.071
    FIN2             0.089       0.107       0.115       0.162       0.209       0.218       0.237

 M3       ON
    GENDER1         -0.104      -0.082      -0.072      -0.017       0.038       0.049       0.069
    AGE1            -0.028      -0.011      -0.003       0.038       0.080       0.089       0.104
    EDUCATION_      -0.140      -0.117      -0.105      -0.041       0.023       0.036       0.062
    EDUCATION_      -0.076      -0.051      -0.040       0.024       0.089       0.102       0.124
    UNEMPLOYED      -0.088      -0.067      -0.056       0.001       0.058       0.068       0.087
    UNEMPLOYED      -0.047      -0.028      -0.018       0.032       0.081       0.091       0.109
    FIN3             0.083       0.102       0.112       0.166       0.218       0.228       0.246

 RIX      WITH
    RIY             -0.298      -0.260      -0.243      -0.153      -0.067      -0.051      -0.019
    RIM             -0.323      -0.279      -0.259      -0.159      -0.068      -0.050      -0.010

 RIY      WITH
    RIM              0.478       0.503       0.516       0.579       0.644       0.656       0.678

 WX1      WITH
    WY1             -0.130      -0.098      -0.082       0.002       0.087       0.102       0.133
    WM1             -0.113      -0.075      -0.056       0.044       0.146       0.164       0.199

 WY1      WITH
    WM1              0.111       0.149       0.170       0.263       0.352       0.366       0.397

 WX2      WITH
    WY2             -0.077      -0.041      -0.023       0.065       0.149       0.166       0.194
    WM2             -0.095      -0.065      -0.052       0.026       0.109       0.123       0.155

 WY2      WITH
    WM2              0.193       0.221       0.235       0.302       0.363       0.373       0.395

 WX3      WITH
    WY3             -0.077      -0.041      -0.023       0.065       0.149       0.166       0.194
    WM3             -0.095      -0.065      -0.052       0.026       0.109       0.123       0.155

 WY3      WITH
    WM3              0.193       0.221       0.235       0.302       0.363       0.373       0.395

 GENDER1  WITH
    AGE1            -0.085      -0.065      -0.056      -0.003       0.050       0.060       0.080
    EDUCATION_      -0.157      -0.140      -0.129      -0.077      -0.023      -0.013       0.008
    EDUCATION_      -0.127      -0.108      -0.098      -0.047       0.005       0.015       0.037
    UNEMPLOYED      -0.100      -0.080      -0.070      -0.016       0.037       0.047       0.066
    UNEMPLOYED      -0.102      -0.078      -0.068      -0.013       0.041       0.051       0.072
    FIN1            -0.048      -0.030      -0.020       0.034       0.085       0.096       0.116
    FIN2            -0.089      -0.068      -0.057      -0.003       0.051       0.061       0.079
    FIN3            -0.072      -0.051      -0.041       0.014       0.068       0.077       0.097

 AGE1     WITH
    EDUCATION_      -0.159      -0.142      -0.131      -0.078      -0.026      -0.016       0.003
    EDUCATION_      -0.119      -0.102      -0.092      -0.038       0.015       0.025       0.047
    UNEMPLOYED      -0.014       0.008       0.017       0.069       0.118       0.127       0.144
    UNEMPLOYED      -0.073      -0.051      -0.040       0.013       0.065       0.074       0.093
    FIN1            -0.096      -0.076      -0.066      -0.013       0.039       0.050       0.069
    FIN2            -0.108      -0.090      -0.078      -0.026       0.027       0.038       0.057
    FIN3            -0.111      -0.092      -0.082      -0.029       0.024       0.035       0.055

 EDUCATIO WITH
    EDUCATION_       0.394       0.412       0.421       0.468       0.514       0.523       0.538
    UNEMPLOYED      -0.326      -0.308      -0.298      -0.250      -0.200      -0.190      -0.172
    UNEMPLOYED      -0.179      -0.158      -0.149      -0.095      -0.040      -0.028      -0.005
    FIN1             0.060       0.079       0.089       0.143       0.195       0.205       0.225
    FIN2             0.083       0.102       0.112       0.164       0.215       0.225       0.243
    FIN3             0.079       0.099       0.108       0.161       0.214       0.223       0.241

 EDUCATIO WITH
    UNEMPLOYED      -0.235      -0.217      -0.207      -0.158      -0.107      -0.098      -0.077
    UNEMPLOYED      -0.187      -0.172      -0.164      -0.121      -0.075      -0.066      -0.049
    FIN1             0.089       0.109       0.119       0.173       0.226       0.237       0.258
    FIN2             0.134       0.151       0.160       0.212       0.262       0.272       0.291
    FIN3             0.133       0.154       0.164       0.215       0.265       0.275       0.293

 UNEMPLOY WITH
    UNEMPLOYED       0.040       0.065       0.077       0.145       0.214       0.229       0.257
    FIN1            -0.197      -0.177      -0.166      -0.108      -0.051      -0.040      -0.019
    FIN2            -0.184      -0.162      -0.152      -0.098      -0.043      -0.032      -0.014
    FIN3            -0.213      -0.193      -0.183      -0.130      -0.077      -0.065      -0.045

 UNEMPLOY WITH
    FIN1            -0.214      -0.192      -0.181      -0.123      -0.063      -0.050      -0.026
    FIN2            -0.169      -0.152      -0.142      -0.093      -0.045      -0.035      -0.017
    FIN3            -0.173      -0.154      -0.144      -0.090      -0.036      -0.026      -0.005

 FIN1     WITH
    FIN2             0.663       0.677       0.684       0.715       0.745       0.751       0.761
    FIN3             0.593       0.607       0.615       0.655       0.693       0.699       0.713

 FIN2     WITH
    FIN3             0.644       0.659       0.667       0.703       0.737       0.741       0.754

 Means
    GENDER1          1.243       1.268       1.279       1.351       1.427       1.443       1.477
    AGE1            31.618      31.784      31.878      32.399      33.018      33.146      33.447
    EDUCATION_       3.851       3.891       3.913       4.016       4.125       4.146       4.185
    EDUCATION_       3.631       3.671       3.689       3.785       3.886       3.904       3.944
    UNEMPLOYED       0.377       0.389       0.395       0.427       0.457       0.463       0.475
    UNEMPLOYED       0.228       0.239       0.245       0.275       0.303       0.309       0.319
    FIN1             4.182       4.238       4.265       4.405       4.564       4.597       4.654
    FIN2             4.335       4.385       4.415       4.568       4.733       4.768       4.823
    FIN3             4.084       4.142       4.173       4.334       4.508       4.546       4.620

 Intercepts
    X1              -3.242      -2.707      -2.404      -0.861       0.661       0.979       1.546
    X2              -3.243      -2.721      -2.415      -0.869       0.668       0.982       1.555
    X3              -3.277      -2.745      -2.448      -0.880       0.676       0.990       1.578
    Y1              -4.232      -3.635      -3.316      -1.828      -0.292       0.012       0.631
    Y2              -4.125      -3.570      -3.236      -1.782      -0.282       0.012       0.617
    Y3              -4.098      -3.536      -3.205      -1.768      -0.280       0.012       0.614
    M1              -4.666      -3.987      -3.680      -2.141      -0.587      -0.279       0.318
    M2              -4.111      -3.554      -3.261      -1.902      -0.521      -0.247       0.281
    M3              -4.097      -3.536      -3.245      -1.893      -0.516      -0.245       0.281

 Variances
    GENDER1          1.000       1.000       1.000       1.000       1.000       1.000       1.000
    AGE1             1.000       1.000       1.000       1.000       1.000       1.000       1.000
    EDUCATION_       1.000       1.000       1.000       1.000       1.000       1.000       1.000
    EDUCATION_       1.000       1.000       1.000       1.000       1.000       1.000       1.000
    UNEMPLOYED       1.000       1.000       1.000       1.000       1.000       1.000       1.000
    UNEMPLOYED       1.000       1.000       1.000       1.000       1.000       1.000       1.000
    FIN1             1.000       1.000       1.000       1.000       1.000       1.000       1.000
    FIN2             1.000       1.000       1.000       1.000       1.000       1.000       1.000
    FIN3             1.000       1.000       1.000       1.000       1.000       1.000       1.000
    RIX              1.000       1.000       1.000       1.000       1.000       1.000       1.000
    RIY              1.000       1.000       1.000       1.000       1.000       1.000       1.000
    RIM              1.000       1.000       1.000       1.000       1.000       1.000       1.000
    WX1              1.000       1.000       1.000       1.000       1.000       1.000       1.000
    WY1              1.000       1.000       1.000       1.000       1.000       1.000       1.000
    WM1              1.000       1.000       1.000       1.000       1.000       1.000       1.000

 Residual Variances
    X1               0.000       0.000       0.000       0.000       0.000       0.000       0.000
    X2               0.000       0.000       0.000       0.000       0.000       0.000       0.000
    X3               0.000       0.000       0.000       0.000       0.000       0.000       0.000
    Y1               0.000       0.000       0.000       0.000       0.000       0.000       0.000
    Y2               0.000       0.000       0.000       0.000       0.000       0.000       0.000
    Y3               0.000       0.000       0.000       0.000       0.000       0.000       0.000
    M1               0.000       0.000       0.000       0.000       0.000       0.000       0.000
    M2               0.000       0.000       0.000       0.000       0.000       0.000       0.000
    M3               0.000       0.000       0.000       0.000       0.000       0.000       0.000
    WX2              0.908       0.930       0.939       0.978       0.993       0.995       0.998
    WX3              0.893       0.915       0.926       0.975       0.992       0.994       0.997
    WY2              0.938       0.951       0.958       0.990       0.996       0.998       0.999
    WY3              0.934       0.948       0.955       0.990       0.996       0.997       0.999
    WM2              0.892       0.911       0.921       0.963       0.983       0.986       0.992
    WM3              0.848       0.874       0.885       0.944       0.975       0.980       0.988


     Beginning Time:  15:56:07
        Ending Time:  16:05:50
       Elapsed Time:  00:09:43



MUTHEN & MUTHEN
3463 Stoner Ave.
Los Angeles, CA  90066

Tel: (310) 391-9971
Fax: (310) 391-8971
Web: www.StatModel.com
Support: Support@StatModel.com

Copyright (c) 1998-2023 Muthen & Muthen
