Mplus VERSION 8.9
MUTHEN & MUTHEN
01/22/2025   4:05 PM

INPUT INSTRUCTIONS

  DATA:
    FILE IS "mplus.dat";
  VARIABLE:
    MISSING ARE ALL (-99);
    NAMES ARE id Gender1 Age1 Education_mother1 Education_father1
    unemployed_mother1 unemployed_father1 Fin1 Fin2 Fin3 Personal1
    Personal2 Personal3 Public1 Public2 Public3 Collective1
    Collective2 Collective3 Relational1 Relational2
    Relational3 Autonomy1 Autonomy2 Autonomy3 Relatedness1 Relatedness2
    Relatedness3 Competence1 Competence2 Competence3
    PA1 PA2 PA3 NA1 NA2 NA3 SWLS1 SWLS2 SWLS3;

  usevar =
  Gender1 Age1 Education_mother1 Education_father1
  unemployed_mother1 unemployed_father1 Fin1 Fin2 Fin3
  x1-x3 y1-y3 m1-m3 ;

  define:
  x1 = Public1;
  x2 = Public2;
  x3 = Public3;

  m1 = Relatedness1;
  m2 = Relatedness2;
  m3 = Relatedness3;

  y1 = PA1;
  y2 = PA2;
  y3 = PA3;




  analysis:

  MODEL = NOCOV;
  bootstrap = 10000;


  MODEL:
  RIx BY x1@1 x2@1 x3@1;
  RIy BY y1@1 y2@1 y3@1;
  RIm BY m1@1 m2@1 m3@1;



  wx1 BY x1@1;
  wx2 BY x2@1;
  wx3 BY x3@1;



  wy1 BY y1@1;
  wy2 BY y2@1;
  wy3 BY y3@1;



  wm1 By m1@1;
  wm2 By m2@1;
  wm3 By m3@1;


  x1-m3@0;


  wy2 ON wy1 (a );
  wy3 ON wy2 (a );


  wx2 ON wx1 (b );
  wx3 ON wx2 (b );


  wm2 ON wm1  (c);
  wm3 ON wm2  (c);


  wy2 ON  wx1 wm1  (d e);
  wy3 ON  wx2 wm2  (d e);


  wx2 ON wy1 wm1  (f j);
  wx3 ON wy2 wm2  (f j);


  wm2 ON wx1 wy1   (h i);
  wm3 ON wx2 wy2   (h i);


  RIx RIy RIm  with RIx RIy RIm ;

  wx1 wy1 wm1 with wx1 wy1 wm1;
  wx2 wy2 wm2 with wx2 wy2 wm2 (cov1 cov2 cov3);
  wx3 wy3 wm3 with wx3 wy3 wm3 (cov1 cov2 cov3);

  wx2 (vx); wy2 (vy); wm2 (vm);
  wx3 (vx); wy3 (vy); wm3 (vm);

  x1-m3 on Gender1 Age1 Education_mother1 Education_father1
  unemployed_mother1 unemployed_father1 ;

  x1 y1 m1 on Fin1;
  x2 y2 m2 on Fin2;
  x3 y3 m3 on Fin3;

  Gender1 -Fin3 with Gender1 -Fin3;

  [x1-x3] (mx);
  [m1-m3] (mm);
  [y1-y3] (my);

  model constraint:
  new (ind);
  ind = h*e;

  output: cinterval (boot) stdyx;



*** WARNING in VARIABLE command
  Note that only the first 8 characters of variable names are used in the output.
  Shorten variable names to avoid any confusion.
   1 WARNING(S) FOUND IN THE INPUT INSTRUCTIONS




SUMMARY OF ANALYSIS

Number of groups                                                 1
Number of observations                                         971

Number of dependent variables                                    9
Number of independent variables                                  9
Number of continuous latent variables                           12

Observed dependent variables

  Continuous
   X1          X2          X3          Y1          Y2          Y3
   M1          M2          M3

Observed independent variables
   GENDER1     AGE1        EDUCATIO    EDUCATIO    UNEMPLOY    UNEMPLOY
   FIN1        FIN2        FIN3

Continuous latent variables
   RIX         RIY         RIM         WX1         WX2         WX3
   WY1         WY2         WY3         WM1         WM2         WM3


Estimator                                                       ML
Information matrix                                        OBSERVED
Maximum number of iterations                                  1000
Convergence criterion                                    0.500D-04
Maximum number of steepest descent iterations                   20
Maximum number of iterations for H1                           2000
Convergence criterion for H1                             0.100D-03
Number of bootstrap draws
    Requested                                                10000
    Completed                                                10000

Input data file(s)
  mplus.dat

Input data format  FREE


SUMMARY OF DATA

     Number of missing data patterns            19


COVARIANCE COVERAGE OF DATA

Minimum covariance coverage value   0.100


     PROPORTION OF DATA PRESENT


           Covariance Coverage
              X1            X2            X3            Y1            Y2
              ________      ________      ________      ________      ________
 X1             1.000
 X2             1.000         1.000
 X3             1.000         1.000         1.000
 Y1             1.000         1.000         1.000         1.000
 Y2             1.000         1.000         1.000         1.000         1.000
 Y3             1.000         1.000         1.000         1.000         1.000
 M1             1.000         1.000         1.000         1.000         1.000
 M2             1.000         1.000         1.000         1.000         1.000
 M3             1.000         1.000         1.000         1.000         1.000
 GENDER1        0.998         0.998         0.998         0.998         0.998
 AGE1           0.999         0.999         0.999         0.999         0.999
 EDUCATIO       0.994         0.994         0.994         0.994         0.994
 EDUCATIO       0.991         0.991         0.991         0.991         0.991
 UNEMPLOY       0.992         0.992         0.992         0.992         0.992
 UNEMPLOY       0.974         0.974         0.974         0.974         0.974
 FIN1           0.994         0.994         0.994         0.994         0.994
 FIN2           0.991         0.991         0.991         0.991         0.991
 FIN3           0.991         0.991         0.991         0.991         0.991


           Covariance Coverage
              Y3            M1            M2            M3            GENDER1
              ________      ________      ________      ________      ________
 Y3             1.000
 M1             1.000         1.000
 M2             1.000         1.000         1.000
 M3             1.000         1.000         1.000         1.000
 GENDER1        0.998         0.998         0.998         0.998         0.998
 AGE1           0.999         0.999         0.999         0.999         0.997
 EDUCATIO       0.994         0.994         0.994         0.994         0.992
 EDUCATIO       0.991         0.991         0.991         0.991         0.989
 UNEMPLOY       0.992         0.992         0.992         0.992         0.990
 UNEMPLOY       0.974         0.974         0.974         0.974         0.972
 FIN1           0.994         0.994         0.994         0.994         0.992
 FIN2           0.991         0.991         0.991         0.991         0.990
 FIN3           0.991         0.991         0.991         0.991         0.989


           Covariance Coverage
              AGE1          EDUCATIO      EDUCATIO      UNEMPLOY      UNEMPLOY
              ________      ________      ________      ________      ________
 AGE1           0.999
 EDUCATIO       0.993         0.994
 EDUCATIO       0.990         0.987         0.991
 UNEMPLOY       0.991         0.989         0.984         0.992
 UNEMPLOY       0.973         0.969         0.970         0.968         0.974
 FIN1           0.993         0.989         0.986         0.988         0.969
 FIN2           0.990         0.985         0.981         0.982         0.965
 FIN3           0.990         0.985         0.981         0.982         0.965


           Covariance Coverage
              FIN1          FIN2          FIN3
              ________      ________      ________
 FIN1           0.994
 FIN2           0.986         0.991
 FIN3           0.986         0.984         0.991



UNIVARIATE SAMPLE STATISTICS


     UNIVARIATE HIGHER-ORDER MOMENT DESCRIPTIVE STATISTICS

         Variable/         Mean/     Skewness/   Minimum/ % with                Percentiles
        Sample Size      Variance    Kurtosis    Maximum  Min/Max      20%/60%    40%/80%    Median

     X1                   -0.003      -0.091      -3.540    0.10%      -0.756     -0.211      0.039
             971.000       0.836       0.265       2.801    0.10%       0.222      0.728
     X2                    0.000       0.059      -2.732    0.10%      -0.713     -0.211     -0.009
             971.000       0.848       0.269       3.079    0.10%       0.179      0.698
     X3                    0.001       0.007      -3.090    0.10%      -0.690     -0.216     -0.019
             971.000       0.844       0.498       2.792    0.10%       0.174      0.735
     Y1                    0.000      -0.852      -2.603    0.10%      -0.536     -0.025      0.104
             971.000       0.467       0.543       1.028    0.82%       0.246      0.602
     Y2                    0.000      -0.845      -2.692    0.10%      -0.615     -0.025      0.114
             971.000       0.536       0.375       1.046    1.03%       0.272      0.639
     Y3                    0.000      -0.937      -2.754    0.10%      -0.553     -0.036      0.085
             971.000       0.499       0.856       0.988    1.44%       0.256      0.610
     M1                   -0.034      -0.538      -1.942    0.10%      -0.486     -0.142      0.034
             971.000       0.243      -0.181       0.793    1.24%       0.182      0.446
     M2                   -0.029      -0.424      -1.864    0.10%      -0.518     -0.166      0.029
             971.000       0.294      -0.219       0.934    2.37%       0.184      0.487
     M3                   -0.033      -0.375      -2.113    0.10%      -0.528     -0.198      0.016
             971.000       0.356      -0.467       1.004    2.16%       0.216      0.541
     GENDER1               0.646      -0.611       0.000   35.40%       0.000      1.000      1.000
             969.000       0.229      -1.627       1.000   64.60%       1.000      1.000
     AGE1                 15.638      -0.547      15.000   36.29%      15.000     16.000     16.000
             970.000       0.233      -1.625      17.000    0.10%      16.000     16.000
     EDUCATION_MOTHE       3.907      -0.084       1.000    0.31%       3.000      3.000      4.000
             965.000       0.945      -1.378       5.000   39.17%       4.000      5.000
     EDUCATION_FATHE       3.754       0.093       1.000    0.62%       3.000      3.000      3.000
             962.000       0.984      -1.211       5.000   33.78%       4.000      5.000
     UNEMPLOYED_MOTH       0.154       1.921       0.000   84.63%       0.000      0.000      0.000
             963.000       0.130       1.688       1.000   15.37%       0.000      0.000
     UNEMPLOYED_FATH       0.070       3.378       0.000   93.02%       0.000      0.000      0.000
             946.000       0.065       9.408       1.000    6.98%       0.000      0.000
     FIN1                  3.754      -0.071       1.000    0.31%       3.000      3.000      4.000
             965.000       0.726      -0.634       5.000   21.55%       4.000      5.000
     FIN2                  3.777      -0.071       1.000    0.42%       3.000      4.000      4.000
             962.000       0.685      -0.517       5.000   21.21%       4.000      5.000
     FIN3                  3.756      -0.179       1.000    0.94%       3.000      3.000      4.000
             962.000       0.750      -0.296       5.000   21.93%       4.000      5.000


THE MODEL ESTIMATION TERMINATED NORMALLY



MODEL FIT INFORMATION

Number of Free Parameters                      147

Loglikelihood

          H0 Value                      -14732.041
          H1 Value                      -14670.888

Information Criteria

          Akaike (AIC)                   29758.082
          Bayesian (BIC)                 30475.196
          Sample-Size Adjusted BIC       30008.324
            (n* = (n + 2) / 24)

Chi-Square Test of Model Fit

          Value                            122.306
          Degrees of Freedom                    42
          P-Value                           0.0000

RMSEA (Root Mean Square Error Of Approximation)

          Estimate                           0.044
          90 Percent C.I.                    0.035  0.054
          Probability RMSEA <= .05           0.836

CFI/TLI

          CFI                                0.978
          TLI                                0.937

Chi-Square Test of Model Fit for the Baseline Model

          Value                           3689.866
          Degrees of Freedom                   117
          P-Value                           0.0000

SRMR (Standardized Root Mean Square Residual)

          Value                              0.037



MODEL RESULTS

                                                    Two-Tailed
                    Estimate       S.E.  Est./S.E.    P-Value

 RIX      BY
    X1                 1.000      0.000    999.000    999.000
    X2                 1.000      0.000    999.000    999.000
    X3                 1.000      0.000    999.000    999.000

 RIY      BY
    Y1                 1.000      0.000    999.000    999.000
    Y2                 1.000      0.000    999.000    999.000
    Y3                 1.000      0.000    999.000    999.000

 RIM      BY
    M1                 1.000      0.000    999.000    999.000
    M2                 1.000      0.000    999.000    999.000
    M3                 1.000      0.000    999.000    999.000

 WX1      BY
    X1                 1.000      0.000    999.000    999.000

 WX2      BY
    X2                 1.000      0.000    999.000    999.000

 WX3      BY
    X3                 1.000      0.000    999.000    999.000

 WY1      BY
    Y1                 1.000      0.000    999.000    999.000

 WY2      BY
    Y2                 1.000      0.000    999.000    999.000

 WY3      BY
    Y3                 1.000      0.000    999.000    999.000

 WM1      BY
    M1                 1.000      0.000    999.000    999.000

 WM2      BY
    M2                 1.000      0.000    999.000    999.000

 WM3      BY
    M3                 1.000      0.000    999.000    999.000

 WY2      ON
    WY1                0.006      0.083      0.073      0.942
    WX1                0.069      0.040      1.736      0.083
    WM1               -0.002      0.054     -0.038      0.969

 WY3      ON
    WY2                0.006      0.083      0.073      0.942
    WX2                0.069      0.040      1.736      0.083
    WM2               -0.002      0.054     -0.038      0.969

 WX2      ON
    WX1                0.095      0.062      1.535      0.125
    WY1                0.125      0.058      2.160      0.031
    WM1                0.062      0.069      0.901      0.368

 WX3      ON
    WX2                0.095      0.062      1.535      0.125
    WY2                0.125      0.058      2.160      0.031
    WM2                0.062      0.069      0.901      0.368

 WM2      ON
    WM1                0.189      0.057      3.307      0.001
    WX1                0.010      0.036      0.283      0.777
    WY1                0.057      0.042      1.352      0.176

 WM3      ON
    WM2                0.189      0.057      3.307      0.001
    WX2                0.010      0.036      0.283      0.777
    WY2                0.057      0.042      1.352      0.176

 X1       ON
    GENDER1            0.228      0.061      3.712      0.000
    AGE1              -0.009      0.054     -0.167      0.868
    EDUCATION_         0.074      0.033      2.197      0.028
    EDUCATION_         0.145      0.035      4.192      0.000
    UNEMPLOYED         0.067      0.080      0.838      0.402
    UNEMPLOYED         0.136      0.099      1.371      0.170
    FIN1              -0.010      0.032     -0.303      0.762

 X2       ON
    GENDER1            0.132      0.062      2.135      0.033
    AGE1              -0.008      0.054     -0.145      0.885
    EDUCATION_         0.090      0.036      2.531      0.011
    EDUCATION_         0.150      0.034      4.341      0.000
    UNEMPLOYED         0.114      0.083      1.382      0.167
    UNEMPLOYED        -0.091      0.111     -0.823      0.410
    FIN2              -0.017      0.031     -0.546      0.585

 X3       ON
    GENDER1            0.064      0.062      1.037      0.300
    AGE1               0.006      0.054      0.121      0.904
    EDUCATION_         0.065      0.035      1.840      0.066
    EDUCATION_         0.105      0.034      3.069      0.002
    UNEMPLOYED         0.111      0.083      1.335      0.182
    UNEMPLOYED        -0.061      0.104     -0.584      0.559
    FIN3               0.006      0.032      0.190      0.849

 Y1       ON
    GENDER1           -0.128      0.045     -2.837      0.005
    AGE1               0.043      0.039      1.093      0.275
    EDUCATION_         0.020      0.026      0.750      0.453
    EDUCATION_        -0.005      0.024     -0.192      0.848
    UNEMPLOYED         0.006      0.067      0.092      0.927
    UNEMPLOYED         0.071      0.095      0.751      0.452
    FIN1               0.144      0.023      6.268      0.000

 Y2       ON
    GENDER1           -0.116      0.049     -2.379      0.017
    AGE1               0.047      0.040      1.169      0.242
    EDUCATION_         0.005      0.028      0.192      0.847
    EDUCATION_        -0.003      0.028     -0.090      0.928
    UNEMPLOYED        -0.142      0.067     -2.111      0.035
    UNEMPLOYED         0.101      0.097      1.038      0.299
    FIN2               0.144      0.026      5.544      0.000

 Y3       ON
    GENDER1           -0.061      0.047     -1.297      0.195
    AGE1               0.028      0.039      0.724      0.469
    EDUCATION_         0.008      0.028      0.287      0.774
    EDUCATION_         0.014      0.025      0.550      0.582
    UNEMPLOYED        -0.023      0.063     -0.364      0.716
    UNEMPLOYED         0.159      0.089      1.785      0.074
    FIN3               0.186      0.024      7.705      0.000

 M1       ON
    GENDER1            0.153      0.033      4.607      0.000
    AGE1               0.032      0.028      1.131      0.258
    EDUCATION_        -0.028      0.019     -1.462      0.144
    EDUCATION_         0.017      0.018      0.928      0.353
    UNEMPLOYED        -0.048      0.046     -1.046      0.296
    UNEMPLOYED         0.063      0.062      1.021      0.307
    FIN1               0.095      0.018      5.437      0.000

 M2       ON
    GENDER1            0.076      0.036      2.103      0.035
    AGE1               0.031      0.028      1.095      0.273
    EDUCATION_        -0.004      0.020     -0.215      0.830
    EDUCATION_        -0.013      0.020     -0.657      0.511
    UNEMPLOYED        -0.044      0.051     -0.856      0.392
    UNEMPLOYED         0.008      0.070      0.121      0.904
    FIN2               0.120      0.019      6.245      0.000

 M3       ON
    GENDER1            0.181      0.040      4.493      0.000
    AGE1               0.022      0.028      0.774      0.439
    EDUCATION_         0.003      0.023      0.121      0.903
    EDUCATION_         0.015      0.022      0.682      0.495
    UNEMPLOYED        -0.084      0.055     -1.540      0.124
    UNEMPLOYED         0.126      0.078      1.617      0.106
    FIN3               0.102      0.021      4.872      0.000

 RIX      WITH
    RIY               -0.051      0.018     -2.807      0.005
    RIM               -0.001      0.014     -0.083      0.933

 RIY      WITH
    RIM                0.105      0.011      9.609      0.000

 WX1      WITH
    WY1               -0.002      0.013     -0.133      0.894
    WM1                0.018      0.012      1.520      0.128

 WY1      WITH
    WM1                0.029      0.010      3.032      0.002

 WX2      WITH
    WY2                0.018      0.014      1.288      0.198
    WM2                0.000      0.011     -0.001      0.999

 WY2      WITH
    WM2                0.063      0.009      7.134      0.000

 WX3      WITH
    WY3                0.018      0.014      1.288      0.198
    WM3                0.000      0.011     -0.001      0.999

 WY3      WITH
    WM3                0.063      0.009      7.134      0.000

 GENDER1  WITH
    AGE1              -0.001      0.007     -0.086      0.931
    EDUCATION_        -0.036      0.015     -2.390      0.017
    EDUCATION_        -0.022      0.015     -1.498      0.134
    UNEMPLOYED        -0.003      0.006     -0.474      0.636
    UNEMPLOYED        -0.002      0.004     -0.406      0.685
    FIN1               0.014      0.013      1.049      0.294
    FIN2              -0.001      0.013     -0.085      0.932
    FIN3               0.006      0.014      0.430      0.667

 AGE1     WITH
    EDUCATION_        -0.037      0.015     -2.439      0.015
    EDUCATION_        -0.018      0.015     -1.178      0.239
    UNEMPLOYED         0.012      0.005      2.225      0.026
    UNEMPLOYED         0.002      0.004      0.393      0.694
    FIN1              -0.005      0.013     -0.415      0.678
    FIN2              -0.010      0.013     -0.813      0.416
    FIN3              -0.012      0.014     -0.908      0.364

 EDUCATIO WITH
    EDUCATION_         0.452      0.030     14.886      0.000
    UNEMPLOYED        -0.088      0.012     -7.484      0.000
    UNEMPLOYED        -0.024      0.009     -2.733      0.006
    FIN1               0.118      0.027      4.352      0.000
    FIN2               0.132      0.026      5.114      0.000
    FIN3               0.135      0.027      4.961      0.000

 EDUCATIO WITH
    UNEMPLOYED        -0.056      0.011     -4.921      0.000
    UNEMPLOYED        -0.030      0.007     -4.085      0.000
    FIN1               0.146      0.028      5.278      0.000
    FIN2               0.173      0.026      6.628      0.000
    FIN3               0.184      0.027      6.814      0.000

 UNEMPLOY WITH
    UNEMPLOYED         0.013      0.004      3.265      0.001
    FIN1              -0.033      0.011     -3.030      0.002
    FIN2              -0.029      0.010     -2.911      0.004
    FIN3              -0.040      0.010     -3.873      0.000

 UNEMPLOY WITH
    FIN1              -0.027      0.008     -3.184      0.001
    FIN2              -0.020      0.007     -2.991      0.003
    FIN3              -0.020      0.008     -2.653      0.008

 FIN1     WITH
    FIN2               0.504      0.025     20.361      0.000
    FIN3               0.484      0.025     19.224      0.000

 FIN2     WITH
    FIN3               0.504      0.024     20.764      0.000

 Means
    GENDER1            0.646      0.015     42.409      0.000
    AGE1              15.638      0.016   1007.169      0.000
    EDUCATION_         3.907      0.031    124.290      0.000
    EDUCATION_         3.754      0.032    116.451      0.000
    UNEMPLOYED         0.154      0.012     13.351      0.000
    UNEMPLOYED         0.070      0.008      8.379      0.000
    FIN1               3.755      0.027    138.328      0.000
    FIN2               3.776      0.027    141.622      0.000
    FIN3               3.753      0.028    133.418      0.000

 Intercepts
    X1                -0.823      0.867     -0.950      0.342
    X2                -0.823      0.867     -0.950      0.342
    X3                -0.823      0.867     -0.950      0.342
    Y1                -1.194      0.633     -1.888      0.059
    Y2                -1.194      0.633     -1.888      0.059
    Y3                -1.194      0.633     -1.888      0.059
    M1                -0.936      0.449     -2.085      0.037
    M2                -0.936      0.449     -2.085      0.037
    M3                -0.936      0.449     -2.085      0.037

 Variances
    GENDER1            0.229      0.004     51.291      0.000
    AGE1               0.233      0.005     50.731      0.000
    EDUCATION_         0.946      0.024     38.626      0.000
    EDUCATION_         0.983      0.028     34.941      0.000
    UNEMPLOYED         0.130      0.008     16.317      0.000
    UNEMPLOYED         0.065      0.007      9.065      0.000
    FIN1               0.727      0.028     26.418      0.000
    FIN2               0.683      0.027     25.737      0.000
    FIN3               0.750      0.032     23.570      0.000
    RIX                0.458      0.035     12.956      0.000
    RIY                0.251      0.020     12.475      0.000
    RIM                0.109      0.011      9.642      0.000
    WX1                0.364      0.034     10.813      0.000
    WY1                0.189      0.018     10.607      0.000
    WM1                0.120      0.012     10.431      0.000

 Residual Variances
    X1                 0.000      0.000    999.000    999.000
    X2                 0.000      0.000    999.000    999.000
    X3                 0.000      0.000    999.000    999.000
    Y1                 0.000      0.000    999.000    999.000
    Y2                 0.000      0.000    999.000    999.000
    Y3                 0.000      0.000    999.000    999.000
    M1                 0.000      0.000    999.000    999.000
    M2                 0.000      0.000    999.000    999.000
    M3                 0.000      0.000    999.000    999.000
    WX2                0.337      0.025     13.726      0.000
    WX3                0.337      0.025     13.726      0.000
    WY2                0.213      0.018     11.780      0.000
    WY3                0.213      0.018     11.780      0.000
    WM2                0.182      0.009     21.104      0.000
    WM3                0.182      0.009     21.104      0.000

New/Additional Parameters
    IND                0.000      0.002     -0.011      0.992


STANDARDIZED MODEL RESULTS


STDYX Standardization

                                                    Two-Tailed
                    Estimate       S.E.  Est./S.E.    P-Value

 RIX      BY
    X1                 0.728      0.023     32.291      0.000
    X2                 0.737      0.023     32.045      0.000
    X3                 0.745      0.023     32.102      0.000

 RIY      BY
    Y1                 0.739      0.022     33.492      0.000
    Y2                 0.718      0.024     29.401      0.000
    Y3                 0.712      0.025     28.690      0.000

 RIM      BY
    M1                 0.670      0.033     20.508      0.000
    M2                 0.595      0.028     21.556      0.000
    M3                 0.585      0.029     20.342      0.000

 WX1      BY
    X1                 0.649      0.024     26.526      0.000

 WX2      BY
    X2                 0.638      0.026     24.544      0.000

 WX3      BY
    X3                 0.647      0.026     24.489      0.000

 WY1      BY
    Y1                 0.642      0.024     26.766      0.000

 WY2      BY
    Y2                 0.664      0.026     25.700      0.000

 WY3      BY
    Y3                 0.659      0.026     25.478      0.000

 WM1      BY
    M1                 0.704      0.030     23.605      0.000

 WM2      BY
    M2                 0.781      0.021     37.350      0.000

 WM3      BY
    M3                 0.775      0.021     36.293      0.000

 WY2      ON
    WY1                0.006      0.077      0.073      0.942
    WX1                0.090      0.051      1.741      0.082
    WM1               -0.002      0.040     -0.038      0.970

 WY3      ON
    WY2                0.006      0.082      0.073      0.942
    WX2                0.087      0.050      1.742      0.081
    WM2               -0.002      0.050     -0.038      0.969

 WX2      ON
    WX1                0.098      0.062      1.591      0.112
    WY1                0.093      0.043      2.171      0.030
    WM1                0.037      0.041      0.898      0.369

 WX3      ON
    WX2                0.095      0.062      1.538      0.124
    WY2                0.099      0.046      2.157      0.031
    WM2                0.046      0.051      0.905      0.366

 WM2      ON
    WM1                0.151      0.048      3.162      0.002
    WX1                0.014      0.050      0.282      0.778
    WY1                0.057      0.042      1.361      0.174

 WM3      ON
    WM2                0.187      0.056      3.352      0.001
    WX2                0.014      0.048      0.283      0.777
    WY2                0.060      0.045      1.335      0.182

 X1       ON
    GENDER1            0.117      0.031      3.747      0.000
    AGE1              -0.005      0.028     -0.167      0.868
    EDUCATION_         0.077      0.035      2.200      0.028
    EDUCATION_         0.154      0.036      4.271      0.000
    UNEMPLOYED         0.026      0.031      0.841      0.400
    UNEMPLOYED         0.037      0.027      1.380      0.167
    FIN1              -0.009      0.029     -0.303      0.762

 X2       ON
    GENDER1            0.069      0.032      2.144      0.032
    AGE1              -0.004      0.029     -0.145      0.885
    EDUCATION_         0.095      0.038      2.538      0.011
    EDUCATION_         0.161      0.036      4.463      0.000
    UNEMPLOYED         0.045      0.032      1.391      0.164
    UNEMPLOYED        -0.025      0.031     -0.830      0.407
    FIN2              -0.015      0.028     -0.546      0.585

 X3       ON
    GENDER1            0.034      0.033      1.038      0.299
    AGE1               0.003      0.028      0.121      0.904
    EDUCATION_         0.069      0.038      1.842      0.065
    EDUCATION_         0.114      0.037      3.107      0.002
    UNEMPLOYED         0.044      0.033      1.343      0.179
    UNEMPLOYED        -0.017      0.029     -0.589      0.556
    FIN3               0.006      0.030      0.190      0.849

 Y1       ON
    GENDER1           -0.091      0.032     -2.826      0.005
    AGE1               0.031      0.028      1.095      0.273
    EDUCATION_         0.028      0.038      0.751      0.453
    EDUCATION_        -0.007      0.035     -0.192      0.848
    UNEMPLOYED         0.003      0.035      0.092      0.927
    UNEMPLOYED         0.027      0.035      0.756      0.450
    FIN1               0.181      0.029      6.158      0.000

 Y2       ON
    GENDER1           -0.079      0.033     -2.382      0.017
    AGE1               0.032      0.028      1.170      0.242
    EDUCATION_         0.007      0.039      0.193      0.847
    EDUCATION_        -0.004      0.040     -0.090      0.928
    UNEMPLOYED        -0.073      0.035     -2.121      0.034
    UNEMPLOYED         0.037      0.035      1.044      0.297
    FIN2               0.170      0.031      5.545      0.000

 Y3       ON
    GENDER1           -0.041      0.032     -1.296      0.195
    AGE1               0.019      0.027      0.724      0.469
    EDUCATION_         0.011      0.038      0.287      0.774
    EDUCATION_         0.020      0.036      0.551      0.582
    UNEMPLOYED        -0.012      0.032     -0.365      0.715
    UNEMPLOYED         0.057      0.032      1.797      0.072
    FIN3               0.229      0.029      7.818      0.000

 M1       ON
    GENDER1            0.149      0.032      4.630      0.000
    AGE1               0.031      0.027      1.132      0.257
    EDUCATION_        -0.055      0.038     -1.470      0.141
    EDUCATION_         0.034      0.037      0.930      0.352
    UNEMPLOYED        -0.035      0.033     -1.048      0.295
    UNEMPLOYED         0.033      0.032      1.029      0.304
    FIN1               0.165      0.030      5.423      0.000

 M2       ON
    GENDER1            0.066      0.031      2.101      0.036
    AGE1               0.027      0.024      1.093      0.274
    EDUCATION_        -0.008      0.036     -0.215      0.830
    EDUCATION_        -0.024      0.036     -0.658      0.511
    UNEMPLOYED        -0.029      0.033     -0.859      0.390
    UNEMPLOYED         0.004      0.032      0.122      0.903
    FIN2               0.178      0.029      6.229      0.000

 M3       ON
    GENDER1            0.154      0.034      4.534      0.000
    AGE1               0.019      0.024      0.773      0.440
    EDUCATION_         0.005      0.040      0.121      0.903
    EDUCATION_         0.027      0.039      0.682      0.495
    UNEMPLOYED        -0.054      0.035     -1.551      0.121
    UNEMPLOYED         0.057      0.035      1.626      0.104
    FIN3               0.157      0.032      4.953      0.000

 RIX      WITH
    RIY               -0.150      0.055     -2.734      0.006
    RIM               -0.005      0.063     -0.082      0.935

 RIY      WITH
    RIM                0.635      0.046     13.695      0.000

 WX1      WITH
    WY1               -0.007      0.051     -0.133      0.895
    WM1                0.084      0.055      1.538      0.124

 WY1      WITH
    WM1                0.194      0.058      3.345      0.001

 WX2      WITH
    WY2                0.068      0.053      1.271      0.204
    WM2                0.000      0.045     -0.001      0.999

 WY2      WITH
    WM2                0.321      0.039      8.236      0.000

 WX3      WITH
    WY3                0.068      0.053      1.271      0.204
    WM3                0.000      0.045     -0.001      0.999

 WY3      WITH
    WM3                0.321      0.039      8.236      0.000

 GENDER1  WITH
    AGE1              -0.003      0.032     -0.086      0.931
    EDUCATION_        -0.077      0.032     -2.386      0.017
    EDUCATION_        -0.047      0.031     -1.498      0.134
    UNEMPLOYED        -0.015      0.032     -0.473      0.636
    UNEMPLOYED        -0.013      0.033     -0.405      0.685
    FIN1               0.034      0.032      1.049      0.294
    FIN2              -0.003      0.033     -0.085      0.932
    FIN3               0.014      0.033      0.430      0.667

 AGE1     WITH
    EDUCATION_        -0.078      0.032     -2.436      0.015
    EDUCATION_        -0.038      0.032     -1.176      0.239
    UNEMPLOYED         0.069      0.031      2.239      0.025
    UNEMPLOYED         0.013      0.032      0.393      0.695
    FIN1              -0.013      0.032     -0.415      0.678
    FIN2              -0.026      0.032     -0.813      0.416
    FIN3              -0.029      0.032     -0.909      0.363

 EDUCATIO WITH
    EDUCATION_         0.468      0.028     16.495      0.000
    UNEMPLOYED        -0.250      0.030     -8.361      0.000
    UNEMPLOYED        -0.095      0.034     -2.830      0.005
    FIN1               0.142      0.032      4.431      0.000
    FIN2               0.164      0.031      5.207      0.000
    FIN3               0.161      0.032      5.018      0.000

 EDUCATIO WITH
    UNEMPLOYED        -0.158      0.031     -5.158      0.000
    UNEMPLOYED        -0.121      0.027     -4.458      0.000
    FIN1               0.173      0.032      5.328      0.000
    FIN2               0.212      0.031      6.853      0.000
    FIN3               0.214      0.031      7.022      0.000

 UNEMPLOY WITH
    UNEMPLOYED         0.146      0.042      3.473      0.001
    FIN1              -0.108      0.035     -3.091      0.002
    FIN2              -0.098      0.033     -2.949      0.003
    FIN3              -0.130      0.033     -3.985      0.000

 UNEMPLOY WITH
    FIN1              -0.122      0.036     -3.367      0.001
    FIN2              -0.094      0.030     -3.136      0.002
    FIN3              -0.090      0.033     -2.750      0.006

 FIN1     WITH
    FIN2               0.715      0.019     38.299      0.000
    FIN3               0.656      0.024     27.870      0.000

 FIN2     WITH
    FIN3               0.703      0.021     33.389      0.000

 Means
    GENDER1            1.351      0.045     29.919      0.000
    AGE1              32.399      0.350     92.495      0.000
    EDUCATION_         4.016      0.064     62.458      0.000
    EDUCATION_         3.786      0.060     63.222      0.000
    UNEMPLOYED         0.426      0.019     22.539      0.000
    UNEMPLOYED         0.275      0.018     15.516      0.000
    FIN1               4.404      0.091     48.135      0.000
    FIN2               4.568      0.096     47.396      0.000
    FIN3               4.334      0.102     42.328      0.000

 Intercepts
    X1                -0.885      0.933     -0.949      0.343
    X2                -0.896      0.942     -0.951      0.342
    X3                -0.906      0.953     -0.951      0.341
    Y1                -1.761      0.928     -1.899      0.058
    Y2                -1.710      0.905     -1.890      0.059
    Y3                -1.697      0.897     -1.891      0.059
    M1                -1.900      0.909     -2.091      0.037
    M2                -1.686      0.811     -2.080      0.037
    M3                -1.659      0.797     -2.081      0.037

 Variances
    GENDER1            1.000      0.000    999.000    999.000
    AGE1               1.000      0.000    999.000    999.000
    EDUCATION_         1.000      0.000    999.000    999.000
    EDUCATION_         1.000      0.000    999.000    999.000
    UNEMPLOYED         1.000      0.000    999.000    999.000
    UNEMPLOYED         1.000      0.000    999.000    999.000
    FIN1               1.000      0.000    999.000    999.000
    FIN2               1.000      0.000    999.000    999.000
    FIN3               1.000      0.000    999.000    999.000
    RIX                1.000      0.000    999.000    999.000
    RIY                1.000      0.000    999.000    999.000
    RIM                1.000      0.000    999.000    999.000
    WX1                1.000      0.000    999.000    999.000
    WY1                1.000      0.000    999.000    999.000
    WM1                1.000      0.000    999.000    999.000

 Residual Variances
    X1                 0.000      0.000      0.000      1.000
    X2                 0.000      0.000      0.000      1.000
    X3                 0.000      0.000      0.000      1.000
    Y1                 0.000      0.000      0.000      1.000
    Y2                 0.000      0.000      0.000      1.000
    Y3                 0.000      0.000      0.000      1.000
    M1                 0.000      0.000      0.000      1.000
    M2                 0.000      0.000      0.000      1.000
    M3                 0.000      0.000      0.000      1.000
    WX2                0.979      0.017     58.139      0.000
    WX3                0.975      0.020     48.518      0.000
    WY2                0.992      0.012     80.531      0.000
    WY3                0.992      0.013     76.242      0.000
    WM2                0.970      0.017     57.652      0.000
    WM3                0.954      0.024     39.406      0.000


R-SQUARE

    Observed                                        Two-Tailed
    Variable        Estimate       S.E.  Est./S.E.    P-Value

    X1                 1.000      0.000    999.000    999.000
    X2                 1.000      0.000    999.000    999.000
    X3                 1.000      0.000    999.000    999.000
    Y1                 1.000      0.000    999.000    999.000
    Y2                 1.000      0.000    999.000    999.000
    Y3                 1.000      0.000    999.000    999.000
    M1                 1.000      0.000    999.000    999.000
    M2                 1.000      0.000    999.000    999.000
    M3                 1.000      0.000    999.000    999.000

     Latent                                         Two-Tailed
    Variable        Estimate       S.E.  Est./S.E.    P-Value

    WX2                0.021      0.017      1.269      0.204
    WX3                0.025      0.020      1.260      0.208
    WY2                0.008      0.012      0.651      0.515
    WY3                0.008      0.013      0.590      0.555
    WM2                0.030      0.017      1.783      0.075
    WM3                0.046      0.024      1.915      0.055


CONFIDENCE INTERVALS OF MODEL RESULTS

                  Lower .5%  Lower 2.5%    Lower 5%    Estimate    Upper 5%  Upper 2.5%   Upper .5%

 RIX      BY
    X1               1.000       1.000       1.000       1.000       1.000       1.000       1.000
    X2               1.000       1.000       1.000       1.000       1.000       1.000       1.000
    X3               1.000       1.000       1.000       1.000       1.000       1.000       1.000

 RIY      BY
    Y1               1.000       1.000       1.000       1.000       1.000       1.000       1.000
    Y2               1.000       1.000       1.000       1.000       1.000       1.000       1.000
    Y3               1.000       1.000       1.000       1.000       1.000       1.000       1.000

 RIM      BY
    M1               1.000       1.000       1.000       1.000       1.000       1.000       1.000
    M2               1.000       1.000       1.000       1.000       1.000       1.000       1.000
    M3               1.000       1.000       1.000       1.000       1.000       1.000       1.000

 WX1      BY
    X1               1.000       1.000       1.000       1.000       1.000       1.000       1.000

 WX2      BY
    X2               1.000       1.000       1.000       1.000       1.000       1.000       1.000

 WX3      BY
    X3               1.000       1.000       1.000       1.000       1.000       1.000       1.000

 WY1      BY
    Y1               1.000       1.000       1.000       1.000       1.000       1.000       1.000

 WY2      BY
    Y2               1.000       1.000       1.000       1.000       1.000       1.000       1.000

 WY3      BY
    Y3               1.000       1.000       1.000       1.000       1.000       1.000       1.000

 WM1      BY
    M1               1.000       1.000       1.000       1.000       1.000       1.000       1.000

 WM2      BY
    M2               1.000       1.000       1.000       1.000       1.000       1.000       1.000

 WM3      BY
    M3               1.000       1.000       1.000       1.000       1.000       1.000       1.000

 WY2      ON
    WY1             -0.183      -0.146      -0.123       0.006       0.150       0.177       0.223
    WX1             -0.036      -0.014       0.001       0.069       0.131       0.143       0.167
    WM1             -0.140      -0.110      -0.093      -0.002       0.084       0.099       0.135

 WY3      ON
    WY2             -0.183      -0.146      -0.123       0.006       0.150       0.177       0.223
    WX2             -0.036      -0.014       0.001       0.069       0.131       0.143       0.167
    WM2             -0.140      -0.110      -0.093      -0.002       0.084       0.099       0.135

 WX2      ON
    WX1             -0.051      -0.019      -0.001       0.095       0.202       0.227       0.275
    WY1             -0.034       0.007       0.027       0.125       0.218       0.235       0.272
    WM1             -0.117      -0.070      -0.050       0.062       0.174       0.197       0.242

 WX3      ON
    WX2             -0.051      -0.019      -0.001       0.095       0.202       0.227       0.275
    WY2             -0.034       0.007       0.027       0.125       0.218       0.235       0.272
    WM2             -0.117      -0.070      -0.050       0.062       0.174       0.197       0.242

 WM2      ON
    WM1              0.037       0.075       0.093       0.189       0.283       0.299       0.337
    WX1             -0.079      -0.058      -0.047       0.010       0.071       0.081       0.104
    WY1             -0.050      -0.025      -0.013       0.057       0.126       0.140       0.166

 WM3      ON
    WM2              0.037       0.075       0.093       0.189       0.283       0.299       0.337
    WX2             -0.079      -0.058      -0.047       0.010       0.071       0.081       0.104
    WY2             -0.050      -0.025      -0.013       0.057       0.126       0.140       0.166

 X1       ON
    GENDER1          0.075       0.108       0.125       0.228       0.328       0.347       0.382
    AGE1            -0.152      -0.115      -0.098      -0.009       0.080       0.097       0.127
    EDUCATION_      -0.013       0.007       0.018       0.074       0.128       0.139       0.159
    EDUCATION_       0.056       0.077       0.089       0.145       0.203       0.214       0.234
    UNEMPLOYED      -0.138      -0.085      -0.061       0.067       0.201       0.226       0.272
    UNEMPLOYED      -0.119      -0.057      -0.025       0.136       0.299       0.331       0.398
    FIN1            -0.093      -0.072      -0.061      -0.010       0.044       0.053       0.072

 X2       ON
    GENDER1         -0.030       0.012       0.030       0.132       0.235       0.252       0.286
    AGE1            -0.148      -0.115      -0.097      -0.008       0.082       0.100       0.128
    EDUCATION_      -0.004       0.019       0.031       0.090       0.147       0.159       0.179
    EDUCATION_       0.061       0.084       0.094       0.150       0.206       0.218       0.238
    UNEMPLOYED      -0.098      -0.046      -0.021       0.114       0.254       0.282       0.329
    UNEMPLOYED      -0.383      -0.313      -0.277      -0.091       0.089       0.127       0.197
    FIN2            -0.098      -0.077      -0.067      -0.017       0.033       0.043       0.061

 X3       ON
    GENDER1         -0.095      -0.056      -0.038       0.064       0.166       0.186       0.224
    AGE1            -0.131      -0.099      -0.081       0.006       0.095       0.112       0.143
    EDUCATION_      -0.025      -0.005       0.006       0.065       0.121       0.132       0.155
    EDUCATION_       0.016       0.038       0.049       0.105       0.161       0.173       0.193
    UNEMPLOYED      -0.103      -0.049      -0.025       0.111       0.248       0.276       0.331
    UNEMPLOYED      -0.332      -0.268      -0.233      -0.061       0.110       0.141       0.220
    FIN3            -0.073      -0.055      -0.046       0.006       0.059       0.070       0.089

 Y1       ON
    GENDER1         -0.245      -0.216      -0.201      -0.128      -0.053      -0.040      -0.012
    AGE1            -0.061      -0.035      -0.022       0.043       0.106       0.119       0.144
    EDUCATION_      -0.048      -0.032      -0.023       0.020       0.063       0.072       0.087
    EDUCATION_      -0.068      -0.051      -0.043      -0.005       0.036       0.043       0.059
    UNEMPLOYED      -0.170      -0.125      -0.104       0.006       0.114       0.134       0.170
    UNEMPLOYED      -0.181      -0.119      -0.088       0.071       0.225       0.256       0.311
    FIN1             0.084       0.098       0.106       0.144       0.181       0.189       0.203

 Y2       ON
    GENDER1         -0.241      -0.212      -0.196      -0.116      -0.036      -0.020       0.009
    AGE1            -0.057      -0.031      -0.019       0.047       0.111       0.124       0.151
    EDUCATION_      -0.068      -0.050      -0.041       0.005       0.050       0.059       0.077
    EDUCATION_      -0.076      -0.058      -0.048      -0.003       0.044       0.053       0.071
    UNEMPLOYED      -0.319      -0.272      -0.249      -0.142      -0.030      -0.011       0.027
    UNEMPLOYED      -0.151      -0.094      -0.061       0.101       0.264       0.291       0.346
    FIN2             0.078       0.093       0.101       0.144       0.187       0.195       0.210

 Y3       ON
    GENDER1         -0.177      -0.152      -0.138      -0.061       0.016       0.030       0.058
    AGE1            -0.074      -0.049      -0.037       0.028       0.092       0.105       0.132
    EDUCATION_      -0.065      -0.048      -0.038       0.008       0.053       0.061       0.078
    EDUCATION_      -0.052      -0.036      -0.028       0.014       0.056       0.064       0.080
    UNEMPLOYED      -0.188      -0.146      -0.126      -0.023       0.079       0.098       0.132
    UNEMPLOYED      -0.076      -0.017       0.010       0.159       0.302       0.329       0.382
    FIN3             0.126       0.140       0.147       0.186       0.227       0.234       0.250

 M1       ON
    GENDER1          0.068       0.088       0.098       0.153       0.207       0.217       0.236
    AGE1            -0.040      -0.023      -0.014       0.032       0.078       0.086       0.104
    EDUCATION_      -0.078      -0.065      -0.060      -0.028       0.004       0.010       0.020
    EDUCATION_      -0.031      -0.019      -0.013       0.017       0.047       0.052       0.065
    UNEMPLOYED      -0.167      -0.137      -0.122      -0.048       0.026       0.042       0.072
    UNEMPLOYED      -0.101      -0.061      -0.040       0.063       0.164       0.182       0.223
    FIN1             0.049       0.061       0.066       0.095       0.124       0.129       0.141

 M2       ON
    GENDER1         -0.022       0.004       0.016       0.076       0.136       0.147       0.168
    AGE1            -0.039      -0.024      -0.015       0.031       0.077       0.086       0.103
    EDUCATION_      -0.056      -0.044      -0.038      -0.004       0.029       0.036       0.049
    EDUCATION_      -0.064      -0.053      -0.046      -0.013       0.020       0.026       0.036
    UNEMPLOYED      -0.177      -0.145      -0.128      -0.044       0.042       0.057       0.091
    UNEMPLOYED      -0.172      -0.130      -0.107       0.008       0.123       0.144       0.187
    FIN2             0.071       0.081       0.088       0.120       0.151       0.157       0.169

 M3       ON
    GENDER1          0.077       0.101       0.115       0.181       0.247       0.260       0.286
    AGE1            -0.048      -0.033      -0.024       0.022       0.068       0.077       0.094
    EDUCATION_      -0.058      -0.043      -0.036       0.003       0.040       0.047       0.062
    EDUCATION_      -0.040      -0.029      -0.021       0.015       0.052       0.059       0.073
    UNEMPLOYED      -0.228      -0.192      -0.174      -0.084       0.006       0.020       0.051
    UNEMPLOYED      -0.079      -0.028      -0.003       0.126       0.252       0.279       0.326
    FIN3             0.049       0.061       0.068       0.102       0.137       0.143       0.155

 RIX      WITH
    RIY             -0.097      -0.086      -0.080      -0.051      -0.021      -0.016      -0.004
    RIM             -0.037      -0.028      -0.024      -0.001       0.022       0.026       0.034

 RIY      WITH
    RIM              0.076       0.083       0.086       0.105       0.122       0.126       0.133

 WX1      WITH
    WY1             -0.036      -0.028      -0.023      -0.002       0.020       0.024       0.033
    WM1             -0.012      -0.004      -0.001       0.018       0.037       0.041       0.050

 WY1      WITH
    WM1              0.005       0.010       0.013       0.029       0.045       0.048       0.055

 WX2      WITH
    WY2             -0.021      -0.011      -0.006       0.018       0.040       0.045       0.052
    WM2             -0.028      -0.022      -0.018       0.000       0.019       0.022       0.028

 WY2      WITH
    WM2              0.039       0.045       0.048       0.063       0.077       0.080       0.084

 WX3      WITH
    WY3             -0.021      -0.011      -0.006       0.018       0.040       0.045       0.052
    WM3             -0.028      -0.022      -0.018       0.000       0.019       0.022       0.028

 WY3      WITH
    WM3              0.039       0.045       0.048       0.063       0.077       0.080       0.084

 GENDER1  WITH
    AGE1            -0.019      -0.015      -0.013      -0.001       0.012       0.014       0.019
    EDUCATION_      -0.073      -0.065      -0.060      -0.036      -0.011      -0.006       0.004
    EDUCATION_      -0.060      -0.051      -0.046      -0.022       0.003       0.007       0.017
    UNEMPLOYED      -0.017      -0.014      -0.012      -0.003       0.006       0.008       0.011
    UNEMPLOYED      -0.012      -0.010      -0.008      -0.002       0.005       0.006       0.009
    FIN1            -0.020      -0.012      -0.008       0.014       0.035       0.039       0.047
    FIN2            -0.035      -0.027      -0.023      -0.001       0.020       0.024       0.031
    FIN3            -0.030      -0.021      -0.017       0.006       0.028       0.032       0.040

 AGE1     WITH
    EDUCATION_      -0.075      -0.066      -0.061      -0.037      -0.012      -0.007       0.002
    EDUCATION_      -0.057      -0.048      -0.044      -0.018       0.007       0.012       0.023
    UNEMPLOYED      -0.002       0.001       0.003       0.012       0.021       0.022       0.025
    UNEMPLOYED      -0.009      -0.006      -0.005       0.002       0.008       0.009       0.012
    FIN1            -0.039      -0.031      -0.027      -0.005       0.016       0.020       0.028
    FIN2            -0.044      -0.036      -0.031      -0.010       0.010       0.015       0.022
    FIN3            -0.047      -0.038      -0.035      -0.012       0.010       0.014       0.023

 EDUCATIO WITH
    EDUCATION_       0.372       0.392       0.402       0.452       0.501       0.511       0.529
    UNEMPLOYED      -0.119      -0.111      -0.107      -0.088      -0.068      -0.065      -0.058
    UNEMPLOYED      -0.046      -0.040      -0.038      -0.024      -0.010      -0.007      -0.001
    FIN1             0.048       0.064       0.073       0.118       0.162       0.171       0.189
    FIN2             0.066       0.081       0.089       0.132       0.174       0.181       0.196
    FIN3             0.065       0.082       0.090       0.135       0.180       0.188       0.205

 EDUCATIO WITH
    UNEMPLOYED      -0.086      -0.079      -0.075      -0.056      -0.038      -0.034      -0.027
    UNEMPLOYED      -0.050      -0.045      -0.043      -0.030      -0.018      -0.016      -0.012
    FIN1             0.075       0.092       0.100       0.146       0.191       0.202       0.218
    FIN2             0.109       0.123       0.130       0.173       0.217       0.225       0.242
    FIN3             0.113       0.131       0.140       0.184       0.229       0.238       0.253

 UNEMPLOY WITH
    UNEMPLOYED       0.003       0.006       0.007       0.013       0.020       0.022       0.024
    FIN1            -0.062      -0.055      -0.052      -0.033      -0.016      -0.012      -0.006
    FIN2            -0.055      -0.048      -0.046      -0.029      -0.013      -0.010      -0.004
    FIN3            -0.067      -0.061      -0.058      -0.040      -0.023      -0.020      -0.014

 UNEMPLOY WITH
    FIN1            -0.048      -0.043      -0.040      -0.027      -0.013      -0.010      -0.005
    FIN2            -0.037      -0.033      -0.031      -0.020      -0.009      -0.007      -0.003
    FIN3            -0.039      -0.035      -0.032      -0.020      -0.008      -0.006      -0.001

 FIN1     WITH
    FIN2             0.440       0.455       0.463       0.504       0.545       0.553       0.567
    FIN3             0.420       0.434       0.442       0.484       0.526       0.532       0.551

 FIN2     WITH
    FIN3             0.441       0.456       0.463       0.504       0.543       0.551       0.567

 Means
    GENDER1          0.607       0.616       0.621       0.646       0.671       0.676       0.685
    AGE1            15.598      15.608      15.612      15.638      15.663      15.669      15.679
    EDUCATION_       3.827       3.846       3.856       3.907       3.959       3.969       3.988
    EDUCATION_       3.670       3.690       3.700       3.754       3.806       3.816       3.837
    UNEMPLOYED       0.124       0.131       0.135       0.154       0.172       0.176       0.183
    UNEMPLOYED       0.049       0.054       0.056       0.070       0.084       0.087       0.092
    FIN1             3.683       3.702       3.711       3.755       3.800       3.808       3.826
    FIN2             3.708       3.724       3.733       3.776       3.820       3.829       3.843
    FIN3             3.681       3.698       3.706       3.753       3.799       3.808       3.823

 Intercepts
    X1              -3.036      -2.528      -2.242      -0.823       0.587       0.883       1.416
    X2              -3.036      -2.528      -2.242      -0.823       0.587       0.883       1.416
    X3              -3.036      -2.528      -2.242      -0.823       0.587       0.883       1.416
    Y1              -2.869      -2.430      -2.212      -1.194      -0.151       0.060       0.459
    Y2              -2.869      -2.430      -2.212      -1.194      -0.151       0.060       0.459
    Y3              -2.869      -2.430      -2.212      -1.194      -0.151       0.060       0.459
    M1              -2.089      -1.811      -1.680      -0.936      -0.196      -0.062       0.200
    M2              -2.089      -1.811      -1.680      -0.936      -0.196      -0.062       0.200
    M3              -2.089      -1.811      -1.680      -0.936      -0.196      -0.062       0.200

 Variances
    GENDER1          0.216       0.219       0.221       0.229       0.235       0.236       0.238
    AGE1             0.220       0.223       0.225       0.233       0.240       0.241       0.244
    EDUCATION_       0.886       0.900       0.907       0.946       0.987       0.996       1.013
    EDUCATION_       0.913       0.929       0.937       0.983       1.030       1.039       1.058
    UNEMPLOYED       0.109       0.114       0.117       0.130       0.143       0.145       0.150
    UNEMPLOYED       0.047       0.051       0.053       0.065       0.077       0.079       0.083
    FIN1             0.658       0.672       0.681       0.727       0.771       0.780       0.799
    FIN2             0.617       0.632       0.640       0.683       0.727       0.736       0.753
    FIN3             0.670       0.688       0.698       0.750       0.803       0.813       0.834
    RIX              0.361       0.383       0.395       0.458       0.511       0.522       0.543
    RIY              0.197       0.208       0.215       0.251       0.281       0.287       0.300
    RIM              0.077       0.085       0.089       0.109       0.126       0.130       0.137
    WX1              0.284       0.301       0.310       0.364       0.420       0.433       0.457
    WY1              0.147       0.156       0.161       0.189       0.219       0.225       0.238
    WM1              0.093       0.099       0.102       0.120       0.140       0.144       0.152

 Residual Variances
    X1               0.000       0.000       0.000       0.000       0.000       0.000       0.000
    X2               0.000       0.000       0.000       0.000       0.000       0.000       0.000
    X3               0.000       0.000       0.000       0.000       0.000       0.000       0.000
    Y1               0.000       0.000       0.000       0.000       0.000       0.000       0.000
    Y2               0.000       0.000       0.000       0.000       0.000       0.000       0.000
    Y3               0.000       0.000       0.000       0.000       0.000       0.000       0.000
    M1               0.000       0.000       0.000       0.000       0.000       0.000       0.000
    M2               0.000       0.000       0.000       0.000       0.000       0.000       0.000
    M3               0.000       0.000       0.000       0.000       0.000       0.000       0.000
    WX2              0.274       0.288       0.294       0.337       0.376       0.385       0.399
    WX3              0.274       0.288       0.294       0.337       0.376       0.385       0.399
    WY2              0.167       0.177       0.182       0.213       0.241       0.247       0.258
    WY3              0.167       0.177       0.182       0.213       0.241       0.247       0.258
    WM2              0.158       0.163       0.166       0.182       0.194       0.197       0.203
    WM3              0.158       0.163       0.166       0.182       0.194       0.197       0.203

New/Additional Parameters
    IND             -0.008      -0.005      -0.004       0.000       0.003       0.004       0.006


CONFIDENCE INTERVALS OF STANDARDIZED MODEL RESULTS


STDYX Standardization

                  Lower .5%  Lower 2.5%    Lower 5%    Estimate    Upper 5%  Upper 2.5%   Upper .5%

 RIX      BY
    X1               0.662       0.677       0.686       0.728       0.760       0.766       0.777
    X2               0.666       0.683       0.692       0.737       0.767       0.773       0.783
    X3               0.672       0.690       0.700       0.745       0.775       0.782       0.792

 RIY      BY
    Y1               0.672       0.689       0.696       0.739       0.769       0.775       0.786
    Y2               0.643       0.662       0.670       0.718       0.750       0.756       0.769
    Y3               0.636       0.656       0.664       0.712       0.745       0.752       0.765

 RIM      BY
    M1               0.566       0.596       0.609       0.670       0.715       0.724       0.740
    M2               0.508       0.532       0.543       0.595       0.633       0.640       0.654
    M3               0.493       0.519       0.531       0.585       0.625       0.633       0.646

 WX1      BY
    X1               0.585       0.600       0.608       0.649       0.689       0.696       0.712

 WX2      BY
    X2               0.576       0.589       0.596       0.638       0.682       0.691       0.709

 WX3      BY
    X3               0.584       0.597       0.605       0.647       0.692       0.701       0.719

 WY1      BY
    Y1               0.579       0.595       0.602       0.642       0.680       0.689       0.704

 WY2      BY
    Y2               0.600       0.615       0.622       0.664       0.707       0.715       0.732

 WY3      BY
    Y3               0.596       0.611       0.617       0.659       0.703       0.711       0.730

 WM1      BY
    M1               0.626       0.645       0.654       0.704       0.752       0.762       0.782

 WM2      BY
    M2               0.728       0.740       0.746       0.781       0.815       0.822       0.836

 WM3      BY
    M3               0.719       0.733       0.739       0.775       0.809       0.816       0.830

 WY2      ON
    WY1             -0.182      -0.143      -0.122       0.006       0.133       0.158       0.195
    WX1             -0.046      -0.018       0.001       0.090       0.171       0.187       0.211
    WM1             -0.108      -0.083      -0.069      -0.002       0.063       0.075       0.101

 WY3      ON
    WY2             -0.184      -0.146      -0.124       0.006       0.150       0.176       0.222
    WX2             -0.047      -0.018       0.001       0.087       0.166       0.181       0.208
    WM2             -0.130      -0.102      -0.086      -0.002       0.080       0.093       0.127

 WX2      ON
    WX1             -0.054      -0.019      -0.001       0.098       0.202       0.224       0.267
    WY1             -0.024       0.005       0.020       0.093       0.161       0.174       0.199
    WM1             -0.070      -0.042      -0.029       0.037       0.104       0.119       0.146

 WX3      ON
    WX2             -0.051      -0.018      -0.001       0.095       0.202       0.225       0.272
    WY2             -0.026       0.005       0.022       0.099       0.172       0.186       0.213
    WM2             -0.087      -0.052      -0.037       0.046       0.128       0.146       0.176

 WM2      ON
    WM1              0.027       0.058       0.073       0.151       0.231       0.246       0.281
    WX1             -0.111      -0.082      -0.067       0.014       0.097       0.113       0.144
    WY1             -0.050      -0.026      -0.013       0.057       0.125       0.139       0.165

 WM3      ON
    WM2              0.037       0.074       0.093       0.187       0.279       0.295       0.329
    WX2             -0.107      -0.079      -0.064       0.014       0.094       0.108       0.137
    WY2             -0.052      -0.026      -0.013       0.060       0.136       0.151       0.179

 X1       ON
    GENDER1          0.039       0.056       0.064       0.117       0.168       0.177       0.195
    AGE1            -0.078      -0.059      -0.051      -0.005       0.042       0.050       0.066
    EDUCATION_      -0.014       0.008       0.019       0.077       0.134       0.146       0.167
    EDUCATION_       0.062       0.083       0.095       0.154       0.215       0.227       0.244
    UNEMPLOYED      -0.053      -0.034      -0.023       0.026       0.078       0.087       0.105
    UNEMPLOYED      -0.032      -0.015      -0.007       0.037       0.082       0.090       0.107
    FIN1            -0.085      -0.065      -0.056      -0.009       0.041       0.049       0.065

 X2       ON
    GENDER1         -0.016       0.006       0.016       0.069       0.122       0.131       0.149
    AGE1            -0.078      -0.060      -0.051      -0.004       0.043       0.052       0.068
    EDUCATION_      -0.005       0.020       0.032       0.095       0.156       0.168       0.189
    EDUCATION_       0.066       0.091       0.102       0.161       0.220       0.232       0.253
    UNEMPLOYED      -0.038      -0.018      -0.008       0.045       0.099       0.110       0.128
    UNEMPLOYED      -0.105      -0.086      -0.076      -0.025       0.025       0.034       0.053
    FIN2            -0.088      -0.069      -0.060      -0.015       0.030       0.039       0.055

 X3       ON
    GENDER1         -0.050      -0.030      -0.020       0.034       0.087       0.098       0.118
    AGE1            -0.070      -0.053      -0.043       0.003       0.050       0.059       0.077
    EDUCATION_      -0.028      -0.005       0.006       0.069       0.129       0.141       0.165
    EDUCATION_       0.017       0.042       0.054       0.114       0.175       0.186       0.210
    UNEMPLOYED      -0.041      -0.020      -0.010       0.044       0.098       0.109       0.130
    UNEMPLOYED      -0.090      -0.074      -0.065      -0.017       0.031       0.040       0.060
    FIN3            -0.069      -0.053      -0.044       0.006       0.056       0.066       0.084

 Y1       ON
    GENDER1         -0.173      -0.153      -0.143      -0.091      -0.037      -0.028      -0.009
    AGE1            -0.043      -0.025      -0.016       0.031       0.076       0.084       0.102
    EDUCATION_      -0.069      -0.045      -0.033       0.028       0.090       0.103       0.126
    EDUCATION_      -0.098      -0.075      -0.064      -0.007       0.052       0.063       0.086
    UNEMPLOYED      -0.090      -0.066      -0.055       0.003       0.061       0.072       0.090
    UNEMPLOYED      -0.067      -0.044      -0.033       0.027       0.084       0.094       0.116
    FIN1             0.103       0.123       0.132       0.181       0.229       0.238       0.258

 Y2       ON
    GENDER1         -0.164      -0.145      -0.134      -0.079      -0.025      -0.014       0.006
    AGE1            -0.039      -0.022      -0.013       0.032       0.077       0.086       0.104
    EDUCATION_      -0.095      -0.070      -0.057       0.007       0.070       0.082       0.107
    EDUCATION_      -0.107      -0.082      -0.068      -0.004       0.063       0.076       0.102
    UNEMPLOYED      -0.163      -0.140      -0.129      -0.073      -0.015      -0.006       0.014
    UNEMPLOYED      -0.055      -0.033      -0.022       0.037       0.096       0.105       0.124
    FIN2             0.093       0.110       0.120       0.170       0.221       0.230       0.250

 Y3       ON
    GENDER1         -0.121      -0.103      -0.094      -0.041       0.011       0.020       0.038
    AGE1            -0.050      -0.034      -0.025       0.019       0.063       0.072       0.090
    EDUCATION_      -0.088      -0.066      -0.052       0.011       0.073       0.086       0.108
    EDUCATION_      -0.073      -0.051      -0.039       0.020       0.079       0.090       0.111
    UNEMPLOYED      -0.095      -0.074      -0.065      -0.012       0.040       0.050       0.067
    UNEMPLOYED      -0.027      -0.006       0.004       0.057       0.108       0.118       0.135
    FIN3             0.154       0.173       0.181       0.229       0.278       0.288       0.306

 M1       ON
    GENDER1          0.066       0.085       0.095       0.149       0.201       0.211       0.229
    AGE1            -0.039      -0.022      -0.014       0.031       0.076       0.084       0.102
    EDUCATION_      -0.153      -0.129      -0.117      -0.055       0.007       0.019       0.041
    EDUCATION_      -0.062      -0.038      -0.026       0.034       0.094       0.105       0.129
    UNEMPLOYED      -0.121      -0.100      -0.090      -0.035       0.019       0.031       0.052
    UNEMPLOYED      -0.052      -0.031      -0.021       0.033       0.084       0.094       0.114
    FIN1             0.085       0.105       0.114       0.165       0.215       0.224       0.242

 M2       ON
    GENDER1         -0.019       0.004       0.014       0.066       0.117       0.127       0.147
    AGE1            -0.034      -0.020      -0.013       0.027       0.067       0.074       0.089
    EDUCATION_      -0.098      -0.076      -0.066      -0.008       0.051       0.063       0.085
    EDUCATION_      -0.115      -0.094      -0.083      -0.024       0.035       0.047       0.065
    UNEMPLOYED      -0.113      -0.094      -0.083      -0.029       0.027       0.037       0.058
    UNEMPLOYED      -0.079      -0.058      -0.049       0.004       0.056       0.065       0.085
    FIN2             0.105       0.122       0.131       0.178       0.225       0.234       0.252

 M3       ON
    GENDER1          0.065       0.086       0.098       0.154       0.208       0.220       0.240
    AGE1            -0.041      -0.028      -0.021       0.019       0.059       0.066       0.081
    EDUCATION_      -0.099      -0.073      -0.061       0.005       0.070       0.081       0.107
    EDUCATION_      -0.071      -0.050      -0.037       0.027       0.092       0.104       0.130
    UNEMPLOYED      -0.141      -0.122      -0.111      -0.054       0.004       0.013       0.033
    UNEMPLOYED      -0.035      -0.013      -0.001       0.057       0.113       0.125       0.145
    FIN3             0.075       0.094       0.104       0.157       0.209       0.218       0.237

 RIX      WITH
    RIY             -0.296      -0.259      -0.241      -0.150      -0.062      -0.046      -0.011
    RIM             -0.179      -0.132      -0.112      -0.005       0.097       0.117       0.152

 RIY      WITH
    RIM              0.523       0.551       0.564       0.635       0.718       0.733       0.771

 WX1      WITH
    WY1             -0.138      -0.107      -0.090      -0.007       0.077       0.092       0.123
    WM1             -0.057      -0.020      -0.003       0.084       0.176       0.193       0.226

 WY1      WITH
    WM1              0.038       0.073       0.095       0.194       0.284       0.301       0.332

 WX2      WITH
    WY2             -0.075      -0.041      -0.023       0.068       0.153       0.170       0.199
    WM2             -0.116      -0.089      -0.073       0.000       0.076       0.089       0.118

 WY2      WITH
    WM2              0.213       0.240       0.254       0.321       0.382       0.394       0.414

 WX3      WITH
    WY3             -0.075      -0.041      -0.023       0.068       0.153       0.170       0.199
    WM3             -0.116      -0.089      -0.073       0.000       0.076       0.089       0.118

 WY3      WITH
    WM3              0.213       0.240       0.254       0.321       0.382       0.394       0.414

 GENDER1  WITH
    AGE1            -0.085      -0.065      -0.056      -0.003       0.050       0.060       0.080
    EDUCATION_      -0.158      -0.140      -0.130      -0.077      -0.024      -0.013       0.008
    EDUCATION_      -0.127      -0.108      -0.098      -0.047       0.006       0.015       0.037
    UNEMPLOYED      -0.100      -0.079      -0.070      -0.015       0.037       0.048       0.067
    UNEMPLOYED      -0.102      -0.079      -0.068      -0.013       0.041       0.050       0.072
    FIN1            -0.048      -0.030      -0.020       0.034       0.085       0.096       0.116
    FIN2            -0.089      -0.068      -0.057      -0.003       0.051       0.061       0.078
    FIN3            -0.072      -0.051      -0.041       0.014       0.068       0.077       0.097

 AGE1     WITH
    EDUCATION_      -0.159      -0.142      -0.131      -0.078      -0.025      -0.016       0.003
    EDUCATION_      -0.119      -0.102      -0.091      -0.038       0.015       0.025       0.048
    UNEMPLOYED      -0.014       0.007       0.017       0.069       0.118       0.127       0.144
    UNEMPLOYED      -0.074      -0.051      -0.041       0.013       0.064       0.073       0.093
    FIN1            -0.096      -0.075      -0.066      -0.013       0.040       0.050       0.069
    FIN2            -0.109      -0.090      -0.079      -0.026       0.026       0.037       0.057
    FIN3            -0.112      -0.092      -0.083      -0.029       0.024       0.035       0.054

 EDUCATIO WITH
    EDUCATION_       0.394       0.412       0.421       0.468       0.514       0.523       0.538
    UNEMPLOYED      -0.326      -0.308      -0.298      -0.250      -0.200      -0.190      -0.172
    UNEMPLOYED      -0.180      -0.158      -0.149      -0.095      -0.040      -0.028      -0.006
    FIN1             0.059       0.079       0.088       0.142       0.195       0.204       0.224
    FIN2             0.083       0.102       0.111       0.164       0.215       0.225       0.242
    FIN3             0.079       0.098       0.108       0.161       0.213       0.223       0.241

 EDUCATIO WITH
    UNEMPLOYED      -0.235      -0.217      -0.206      -0.158      -0.107      -0.097      -0.076
    UNEMPLOYED      -0.187      -0.172      -0.163      -0.121      -0.075      -0.066      -0.049
    FIN1             0.089       0.109       0.119       0.173       0.226       0.237       0.258
    FIN2             0.134       0.151       0.160       0.212       0.262       0.271       0.290
    FIN3             0.133       0.153       0.164       0.214       0.265       0.275       0.293

 UNEMPLOY WITH
    UNEMPLOYED       0.040       0.065       0.077       0.146       0.214       0.229       0.257
    FIN1            -0.198      -0.177      -0.166      -0.108      -0.051      -0.040      -0.019
    FIN2            -0.184      -0.162      -0.153      -0.098      -0.043      -0.032      -0.014
    FIN3            -0.213      -0.193      -0.183      -0.130      -0.076      -0.065      -0.045

 UNEMPLOY WITH
    FIN1            -0.214      -0.192      -0.181      -0.122      -0.062      -0.049      -0.026
    FIN2            -0.170      -0.152      -0.143      -0.094      -0.045      -0.035      -0.017
    FIN3            -0.173      -0.154      -0.144      -0.090      -0.036      -0.026      -0.005

 FIN1     WITH
    FIN2             0.663       0.677       0.684       0.715       0.745       0.751       0.761
    FIN3             0.593       0.607       0.615       0.656       0.693       0.699       0.713

 FIN2     WITH
    FIN3             0.644       0.659       0.668       0.703       0.737       0.742       0.754

 Means
    GENDER1          1.243       1.268       1.279       1.351       1.427       1.443       1.476
    AGE1            31.618      31.785      31.878      32.399      33.018      33.146      33.447
    EDUCATION_       3.851       3.892       3.913       4.016       4.125       4.147       4.185
    EDUCATION_       3.631       3.672       3.690       3.786       3.887       3.905       3.944
    UNEMPLOYED       0.376       0.389       0.394       0.426       0.456       0.462       0.474
    UNEMPLOYED       0.228       0.239       0.245       0.275       0.303       0.309       0.318
    FIN1             4.182       4.238       4.265       4.404       4.563       4.596       4.653
    FIN2             4.336       4.386       4.416       4.568       4.733       4.768       4.824
    FIN3             4.085       4.143       4.174       4.334       4.509       4.548       4.621

 Intercepts
    X1              -3.244      -2.722      -2.421      -0.885       0.628       0.943       1.554
    X2              -3.274      -2.741      -2.445      -0.896       0.640       0.959       1.537
    X3              -3.322      -2.775      -2.471      -0.906       0.649       0.967       1.556
    Y1              -4.187      -3.567      -3.247      -1.761      -0.222       0.087       0.696
    Y2              -4.078      -3.490      -3.165      -1.710      -0.216       0.085       0.680
    Y3              -4.022      -3.465      -3.139      -1.697      -0.212       0.085       0.679
    M1              -4.221      -3.675      -3.390      -1.900      -0.399      -0.123       0.409
    M2              -3.786      -3.278      -3.021      -1.686      -0.354      -0.112       0.362
    M3              -3.714      -3.223      -2.976      -1.659      -0.347      -0.109       0.357

 Variances
    GENDER1          1.000       1.000       1.000       1.000       1.000       1.000       1.000
    AGE1             1.000       1.000       1.000       1.000       1.000       1.000       1.000
    EDUCATION_       1.000       1.000       1.000       1.000       1.000       1.000       1.000
    EDUCATION_       1.000       1.000       1.000       1.000       1.000       1.000       1.000
    UNEMPLOYED       1.000       1.000       1.000       1.000       1.000       1.000       1.000
    UNEMPLOYED       1.000       1.000       1.000       1.000       1.000       1.000       1.000
    FIN1             1.000       1.000       1.000       1.000       1.000       1.000       1.000
    FIN2             1.000       1.000       1.000       1.000       1.000       1.000       1.000
    FIN3             1.000       1.000       1.000       1.000       1.000       1.000       1.000
    RIX              1.000       1.000       1.000       1.000       1.000       1.000       1.000
    RIY              1.000       1.000       1.000       1.000       1.000       1.000       1.000
    RIM              1.000       1.000       1.000       1.000       1.000       1.000       1.000
    WX1              1.000       1.000       1.000       1.000       1.000       1.000       1.000
    WY1              1.000       1.000       1.000       1.000       1.000       1.000       1.000
    WM1              1.000       1.000       1.000       1.000       1.000       1.000       1.000

 Residual Variances
    X1               0.000       0.000       0.000       0.000       0.000       0.000       0.000
    X2               0.000       0.000       0.000       0.000       0.000       0.000       0.000
    X3               0.000       0.000       0.000       0.000       0.000       0.000       0.000
    Y1               0.000       0.000       0.000       0.000       0.000       0.000       0.000
    Y2               0.000       0.000       0.000       0.000       0.000       0.000       0.000
    Y3               0.000       0.000       0.000       0.000       0.000       0.000       0.000
    M1               0.000       0.000       0.000       0.000       0.000       0.000       0.000
    M2               0.000       0.000       0.000       0.000       0.000       0.000       0.000
    M3               0.000       0.000       0.000       0.000       0.000       0.000       0.000
    WX2              0.910       0.930       0.939       0.979       0.993       0.995       0.998
    WX3              0.895       0.917       0.928       0.975       0.992       0.994       0.998
    WY2              0.938       0.953       0.959       0.992       0.997       0.998       0.999
    WY3              0.933       0.949       0.956       0.992       0.997       0.998       0.999
    WM2              0.906       0.924       0.932       0.970       0.987       0.989       0.994
    WM3              0.865       0.891       0.903       0.954       0.980       0.985       0.991


     Beginning Time:  16:05:52
        Ending Time:  16:15:16
       Elapsed Time:  00:09:24



MUTHEN & MUTHEN
3463 Stoner Ave.
Los Angeles, CA  90066

Tel: (310) 391-9971
Fax: (310) 391-8971
Web: www.StatModel.com
Support: Support@StatModel.com

Copyright (c) 1998-2023 Muthen & Muthen
