Mplus VERSION 8.9
MUTHEN & MUTHEN
01/22/2025   4:15 PM

INPUT INSTRUCTIONS

  DATA:
    FILE IS "mplus.dat";
  VARIABLE:
    MISSING ARE ALL (-99);
    NAMES ARE id Gender1 Age1 Education_mother1 Education_father1
    unemployed_mother1 unemployed_father1 Fin1 Fin2 Fin3 Personal1
    Personal2 Personal3 Public1 Public2 Public3 Collective1
    Collective2 Collective3 Relational1 Relational2
    Relational3 Autonomy1 Autonomy2 Autonomy3 Relatedness1 Relatedness2
    Relatedness3 Competence1 Competence2 Competence3
    PA1 PA2 PA3 NA1 NA2 NA3 SWLS1 SWLS2 SWLS3;

  usevar =
  Gender1 Age1 Education_mother1 Education_father1
  unemployed_mother1 unemployed_father1 Fin1 Fin2 Fin3
  x1-x3 y1-y3 m1-m3 ;

  define:
  x1 = Public1;
  x2 = Public2;
  x3 = Public3;

  m1 = Competence1;
  m2 = Competence2;
  m3 = Competence3;

  y1 = PA1;
  y2 = PA2;
  y3 = PA3;




  analysis:

  MODEL = NOCOV;
  bootstrap = 10000;


  MODEL:
  RIx BY x1@1 x2@1 x3@1;
  RIy BY y1@1 y2@1 y3@1;
  RIm BY m1@1 m2@1 m3@1;



  wx1 BY x1@1;
  wx2 BY x2@1;
  wx3 BY x3@1;



  wy1 BY y1@1;
  wy2 BY y2@1;
  wy3 BY y3@1;



  wm1 By m1@1;
  wm2 By m2@1;
  wm3 By m3@1;


  x1-m3@0;


  wy2 ON wy1 (a );
  wy3 ON wy2 (a );


  wx2 ON wx1 (b );
  wx3 ON wx2 (b );


  wm2 ON wm1  (c);
  wm3 ON wm2  (c);


  wy2 ON  wx1 wm1  (d e);
  wy3 ON  wx2 wm2  (d e);


  wx2 ON wy1 wm1  (f j);
  wx3 ON wy2 wm2  (f j);


  wm2 ON wx1 wy1   (h i);
  wm3 ON wx2 wy2   (h i);


  RIx RIy RIm  with RIx RIy RIm ;

  wx1 wy1 wm1 with wx1 wy1 wm1;
  wx2 wy2 wm2 with wx2 wy2 wm2 (cov1 cov2 cov3);
  wx3 wy3 wm3 with wx3 wy3 wm3 (cov1 cov2 cov3);

  wx2 (vx); wy2 (vy); wm2 (vm);
  wx3 (vx); wy3 (vy); wm3 (vm);

  x1-m3 on Gender1 Age1 Education_mother1 Education_father1
  unemployed_mother1 unemployed_father1 ;

  x1 y1 m1 on Fin1;
  x2 y2 m2 on Fin2;
  x3 y3 m3 on Fin3;

  Gender1 -Fin3 with Gender1 -Fin3;

  [x1-x3] (mx);
  [m1-m3] (mm);
  [y1-y3] (my);

  model constraint:
  new (ind);
  ind = h*e;

  output: cinterval (boot) stdyx;



*** WARNING in VARIABLE command
  Note that only the first 8 characters of variable names are used in the output.
  Shorten variable names to avoid any confusion.
   1 WARNING(S) FOUND IN THE INPUT INSTRUCTIONS




SUMMARY OF ANALYSIS

Number of groups                                                 1
Number of observations                                         971

Number of dependent variables                                    9
Number of independent variables                                  9
Number of continuous latent variables                           12

Observed dependent variables

  Continuous
   X1          X2          X3          Y1          Y2          Y3
   M1          M2          M3

Observed independent variables
   GENDER1     AGE1        EDUCATIO    EDUCATIO    UNEMPLOY    UNEMPLOY
   FIN1        FIN2        FIN3

Continuous latent variables
   RIX         RIY         RIM         WX1         WX2         WX3
   WY1         WY2         WY3         WM1         WM2         WM3


Estimator                                                       ML
Information matrix                                        OBSERVED
Maximum number of iterations                                  1000
Convergence criterion                                    0.500D-04
Maximum number of steepest descent iterations                   20
Maximum number of iterations for H1                           2000
Convergence criterion for H1                             0.100D-03
Number of bootstrap draws
    Requested                                                10000
    Completed                                                10000

Input data file(s)
  mplus.dat

Input data format  FREE


SUMMARY OF DATA

     Number of missing data patterns            19


COVARIANCE COVERAGE OF DATA

Minimum covariance coverage value   0.100


     PROPORTION OF DATA PRESENT


           Covariance Coverage
              X1            X2            X3            Y1            Y2
              ________      ________      ________      ________      ________
 X1             1.000
 X2             1.000         1.000
 X3             1.000         1.000         1.000
 Y1             1.000         1.000         1.000         1.000
 Y2             1.000         1.000         1.000         1.000         1.000
 Y3             1.000         1.000         1.000         1.000         1.000
 M1             1.000         1.000         1.000         1.000         1.000
 M2             1.000         1.000         1.000         1.000         1.000
 M3             1.000         1.000         1.000         1.000         1.000
 GENDER1        0.998         0.998         0.998         0.998         0.998
 AGE1           0.999         0.999         0.999         0.999         0.999
 EDUCATIO       0.994         0.994         0.994         0.994         0.994
 EDUCATIO       0.991         0.991         0.991         0.991         0.991
 UNEMPLOY       0.992         0.992         0.992         0.992         0.992
 UNEMPLOY       0.974         0.974         0.974         0.974         0.974
 FIN1           0.994         0.994         0.994         0.994         0.994
 FIN2           0.991         0.991         0.991         0.991         0.991
 FIN3           0.991         0.991         0.991         0.991         0.991


           Covariance Coverage
              Y3            M1            M2            M3            GENDER1
              ________      ________      ________      ________      ________
 Y3             1.000
 M1             1.000         1.000
 M2             1.000         1.000         1.000
 M3             1.000         1.000         1.000         1.000
 GENDER1        0.998         0.998         0.998         0.998         0.998
 AGE1           0.999         0.999         0.999         0.999         0.997
 EDUCATIO       0.994         0.994         0.994         0.994         0.992
 EDUCATIO       0.991         0.991         0.991         0.991         0.989
 UNEMPLOY       0.992         0.992         0.992         0.992         0.990
 UNEMPLOY       0.974         0.974         0.974         0.974         0.972
 FIN1           0.994         0.994         0.994         0.994         0.992
 FIN2           0.991         0.991         0.991         0.991         0.990
 FIN3           0.991         0.991         0.991         0.991         0.989


           Covariance Coverage
              AGE1          EDUCATIO      EDUCATIO      UNEMPLOY      UNEMPLOY
              ________      ________      ________      ________      ________
 AGE1           0.999
 EDUCATIO       0.993         0.994
 EDUCATIO       0.990         0.987         0.991
 UNEMPLOY       0.991         0.989         0.984         0.992
 UNEMPLOY       0.973         0.969         0.970         0.968         0.974
 FIN1           0.993         0.989         0.986         0.988         0.969
 FIN2           0.990         0.985         0.981         0.982         0.965
 FIN3           0.990         0.985         0.981         0.982         0.965


           Covariance Coverage
              FIN1          FIN2          FIN3
              ________      ________      ________
 FIN1           0.994
 FIN2           0.986         0.991
 FIN3           0.986         0.984         0.991



UNIVARIATE SAMPLE STATISTICS


     UNIVARIATE HIGHER-ORDER MOMENT DESCRIPTIVE STATISTICS

         Variable/         Mean/     Skewness/   Minimum/ % with                Percentiles
        Sample Size      Variance    Kurtosis    Maximum  Min/Max      20%/60%    40%/80%    Median

     X1                   -0.003      -0.091      -3.540    0.10%      -0.756     -0.211      0.039
             971.000       0.836       0.265       2.801    0.10%       0.222      0.728
     X2                    0.000       0.059      -2.732    0.10%      -0.713     -0.211     -0.009
             971.000       0.848       0.269       3.079    0.10%       0.179      0.698
     X3                    0.001       0.007      -3.090    0.10%      -0.690     -0.216     -0.019
             971.000       0.844       0.498       2.792    0.10%       0.174      0.735
     Y1                    0.000      -0.852      -2.603    0.10%      -0.536     -0.025      0.104
             971.000       0.467       0.543       1.028    0.82%       0.246      0.602
     Y2                    0.000      -0.845      -2.692    0.10%      -0.615     -0.025      0.114
             971.000       0.536       0.375       1.046    1.03%       0.272      0.639
     Y3                    0.000      -0.937      -2.754    0.10%      -0.553     -0.036      0.085
             971.000       0.499       0.856       0.988    1.44%       0.256      0.610
     M1                   -0.013      -0.207      -2.157    0.10%      -0.547     -0.152     -0.037
             971.000       0.426      -0.176       1.305    1.24%       0.156      0.562
     M2                   -0.012      -0.221      -2.427    0.10%      -0.568     -0.153     -0.024
             971.000       0.500       0.061       1.414    2.47%       0.149      0.590
     M3                   -0.011      -0.082      -2.110    0.10%      -0.624     -0.206     -0.045
             971.000       0.507      -0.375       1.425    2.16%       0.159      0.607
     GENDER1               0.646      -0.611       0.000   35.40%       0.000      1.000      1.000
             969.000       0.229      -1.627       1.000   64.60%       1.000      1.000
     AGE1                 15.638      -0.547      15.000   36.29%      15.000     16.000     16.000
             970.000       0.233      -1.625      17.000    0.10%      16.000     16.000
     EDUCATION_MOTHE       3.907      -0.084       1.000    0.31%       3.000      3.000      4.000
             965.000       0.945      -1.378       5.000   39.17%       4.000      5.000
     EDUCATION_FATHE       3.754       0.093       1.000    0.62%       3.000      3.000      3.000
             962.000       0.984      -1.211       5.000   33.78%       4.000      5.000
     UNEMPLOYED_MOTH       0.154       1.921       0.000   84.63%       0.000      0.000      0.000
             963.000       0.130       1.688       1.000   15.37%       0.000      0.000
     UNEMPLOYED_FATH       0.070       3.378       0.000   93.02%       0.000      0.000      0.000
             946.000       0.065       9.408       1.000    6.98%       0.000      0.000
     FIN1                  3.754      -0.071       1.000    0.31%       3.000      3.000      4.000
             965.000       0.726      -0.634       5.000   21.55%       4.000      5.000
     FIN2                  3.777      -0.071       1.000    0.42%       3.000      4.000      4.000
             962.000       0.685      -0.517       5.000   21.21%       4.000      5.000
     FIN3                  3.756      -0.179       1.000    0.94%       3.000      3.000      4.000
             962.000       0.750      -0.296       5.000   21.93%       4.000      5.000


THE MODEL ESTIMATION TERMINATED NORMALLY



MODEL FIT INFORMATION

Number of Free Parameters                      147

Loglikelihood

          H0 Value                      -15211.350
          H1 Value                      -15138.952

Information Criteria

          Akaike (AIC)                   30716.699
          Bayesian (BIC)                 31433.813
          Sample-Size Adjusted BIC       30966.942
            (n* = (n + 2) / 24)

Chi-Square Test of Model Fit

          Value                            144.795
          Degrees of Freedom                    42
          P-Value                           0.0000

RMSEA (Root Mean Square Error Of Approximation)

          Estimate                           0.050
          90 Percent C.I.                    0.041  0.059
          Probability RMSEA <= .05           0.468

CFI/TLI

          CFI                                0.975
          TLI                                0.929

Chi-Square Test of Model Fit for the Baseline Model

          Value                           4155.351
          Degrees of Freedom                   117
          P-Value                           0.0000

SRMR (Standardized Root Mean Square Residual)

          Value                              0.037



MODEL RESULTS

                                                    Two-Tailed
                    Estimate       S.E.  Est./S.E.    P-Value

 RIX      BY
    X1                 1.000      0.000    999.000    999.000
    X2                 1.000      0.000    999.000    999.000
    X3                 1.000      0.000    999.000    999.000

 RIY      BY
    Y1                 1.000      0.000    999.000    999.000
    Y2                 1.000      0.000    999.000    999.000
    Y3                 1.000      0.000    999.000    999.000

 RIM      BY
    M1                 1.000      0.000    999.000    999.000
    M2                 1.000      0.000    999.000    999.000
    M3                 1.000      0.000    999.000    999.000

 WX1      BY
    X1                 1.000      0.000    999.000    999.000

 WX2      BY
    X2                 1.000      0.000    999.000    999.000

 WX3      BY
    X3                 1.000      0.000    999.000    999.000

 WY1      BY
    Y1                 1.000      0.000    999.000    999.000

 WY2      BY
    Y2                 1.000      0.000    999.000    999.000

 WY3      BY
    Y3                 1.000      0.000    999.000    999.000

 WM1      BY
    M1                 1.000      0.000    999.000    999.000

 WM2      BY
    M2                 1.000      0.000    999.000    999.000

 WM3      BY
    M3                 1.000      0.000    999.000    999.000

 WY2      ON
    WY1               -0.019      0.082     -0.234      0.815
    WX1                0.064      0.039      1.629      0.103
    WM1                0.081      0.059      1.370      0.171

 WY3      ON
    WY2               -0.019      0.082     -0.234      0.815
    WX2                0.064      0.039      1.629      0.103
    WM2                0.081      0.059      1.370      0.171

 WX2      ON
    WX1                0.099      0.064      1.537      0.124
    WY1                0.122      0.057      2.127      0.033
    WM1                0.039      0.066      0.598      0.550

 WX3      ON
    WX2                0.099      0.064      1.537      0.124
    WY2                0.122      0.057      2.127      0.033
    WM2                0.039      0.066      0.598      0.550

 WM2      ON
    WM1                0.289      0.060      4.855      0.000
    WX1                0.049      0.035      1.405      0.160
    WY1                0.010      0.042      0.232      0.817

 WM3      ON
    WM2                0.289      0.060      4.855      0.000
    WX2                0.049      0.035      1.405      0.160
    WY2                0.010      0.042      0.232      0.817

 X1       ON
    GENDER1            0.228      0.061      3.722      0.000
    AGE1              -0.011      0.054     -0.195      0.845
    EDUCATION_         0.074      0.033      2.198      0.028
    EDUCATION_         0.145      0.035      4.176      0.000
    UNEMPLOYED         0.067      0.080      0.843      0.399
    UNEMPLOYED         0.135      0.099      1.368      0.171
    FIN1              -0.009      0.032     -0.284      0.776

 X2       ON
    GENDER1            0.132      0.062      2.137      0.033
    AGE1              -0.009      0.054     -0.174      0.862
    EDUCATION_         0.090      0.036      2.525      0.012
    EDUCATION_         0.149      0.034      4.334      0.000
    UNEMPLOYED         0.114      0.083      1.378      0.168
    UNEMPLOYED        -0.091      0.111     -0.820      0.412
    FIN2              -0.016      0.031     -0.512      0.609

 X3       ON
    GENDER1            0.065      0.062      1.042      0.297
    AGE1               0.005      0.054      0.086      0.932
    EDUCATION_         0.064      0.035      1.834      0.067
    EDUCATION_         0.104      0.034      3.053      0.002
    UNEMPLOYED         0.111      0.083      1.335      0.182
    UNEMPLOYED        -0.058      0.104     -0.561      0.575
    FIN3               0.008      0.032      0.265      0.791

 Y1       ON
    GENDER1           -0.129      0.045     -2.846      0.004
    AGE1               0.044      0.039      1.128      0.259
    EDUCATION_         0.020      0.026      0.753      0.451
    EDUCATION_        -0.005      0.024     -0.204      0.839
    UNEMPLOYED         0.007      0.067      0.100      0.920
    UNEMPLOYED         0.068      0.095      0.719      0.472
    FIN1               0.145      0.023      6.386      0.000

 Y2       ON
    GENDER1           -0.116      0.049     -2.371      0.018
    AGE1               0.048      0.040      1.202      0.230
    EDUCATION_         0.006      0.028      0.199      0.842
    EDUCATION_        -0.003      0.028     -0.109      0.913
    UNEMPLOYED        -0.141      0.067     -2.109      0.035
    UNEMPLOYED         0.100      0.097      1.032      0.302
    FIN2               0.146      0.026      5.679      0.000

 Y3       ON
    GENDER1           -0.060      0.047     -1.287      0.198
    AGE1               0.030      0.039      0.770      0.441
    EDUCATION_         0.008      0.028      0.288      0.773
    EDUCATION_         0.014      0.025      0.560      0.575
    UNEMPLOYED        -0.023      0.063     -0.368      0.713
    UNEMPLOYED         0.156      0.089      1.758      0.079
    FIN3               0.185      0.024      7.736      0.000

 M1       ON
    GENDER1           -0.157      0.042     -3.706      0.000
    AGE1               0.076      0.039      1.951      0.051
    EDUCATION_        -0.024      0.025     -0.928      0.353
    EDUCATION_         0.022      0.024      0.930      0.353
    UNEMPLOYED         0.018      0.061      0.302      0.762
    UNEMPLOYED         0.187      0.088      2.121      0.034
    FIN1               0.114      0.021      5.361      0.000

 M2       ON
    GENDER1           -0.155      0.046     -3.388      0.001
    AGE1               0.073      0.039      1.875      0.061
    EDUCATION_        -0.006      0.026     -0.243      0.808
    EDUCATION_         0.016      0.026      0.598      0.550
    UNEMPLOYED         0.013      0.067      0.195      0.845
    UNEMPLOYED         0.000      0.093      0.004      0.997
    FIN2               0.118      0.022      5.246      0.000

 M3       ON
    GENDER1           -0.108      0.048     -2.262      0.024
    AGE1               0.072      0.039      1.846      0.065
    EDUCATION_         0.003      0.027      0.100      0.921
    EDUCATION_         0.009      0.026      0.328      0.743
    UNEMPLOYED        -0.041      0.065     -0.631      0.528
    UNEMPLOYED         0.143      0.090      1.596      0.111
    FIN3               0.113      0.025      4.558      0.000

 RIX      WITH
    RIY               -0.051      0.018     -2.811      0.005
    RIM               -0.058      0.019     -3.067      0.002

 RIY      WITH
    RIM                0.134      0.015      8.691      0.000

 WX1      WITH
    WY1                0.001      0.014      0.101      0.919
    WM1                0.008      0.016      0.520      0.603

 WY1      WITH
    WM1                0.039      0.014      2.853      0.004

 WX2      WITH
    WY2                0.015      0.014      1.074      0.283
    WM2               -0.001      0.012     -0.091      0.928

 WY2      WITH
    WM2                0.066      0.009      7.129      0.000

 WX3      WITH
    WY3                0.015      0.014      1.074      0.283
    WM3               -0.001      0.012     -0.091      0.928

 WY3      WITH
    WM3                0.066      0.009      7.129      0.000

 GENDER1  WITH
    AGE1              -0.001      0.007     -0.089      0.929
    EDUCATION_        -0.036      0.015     -2.387      0.017
    EDUCATION_        -0.023      0.015     -1.509      0.131
    UNEMPLOYED        -0.003      0.006     -0.471      0.637
    UNEMPLOYED        -0.002      0.004     -0.409      0.682
    FIN1               0.014      0.013      1.054      0.292
    FIN2              -0.001      0.013     -0.086      0.932
    FIN3               0.006      0.014      0.420      0.675

 AGE1     WITH
    EDUCATION_        -0.037      0.015     -2.440      0.015
    EDUCATION_        -0.018      0.015     -1.189      0.234
    UNEMPLOYED         0.012      0.005      2.221      0.026
    UNEMPLOYED         0.002      0.004      0.415      0.678
    FIN1              -0.006      0.013     -0.425      0.671
    FIN2              -0.010      0.013     -0.796      0.426
    FIN3              -0.012      0.014     -0.907      0.365

 EDUCATIO WITH
    EDUCATION_         0.451      0.030     14.888      0.000
    UNEMPLOYED        -0.088      0.012     -7.482      0.000
    UNEMPLOYED        -0.024      0.009     -2.732      0.006
    FIN1               0.118      0.027      4.360      0.000
    FIN2               0.132      0.026      5.104      0.000
    FIN3               0.135      0.027      4.956      0.000

 EDUCATIO WITH
    UNEMPLOYED        -0.057      0.011     -4.930      0.000
    UNEMPLOYED        -0.030      0.007     -4.076      0.000
    FIN1               0.146      0.028      5.287      0.000
    FIN2               0.174      0.026      6.643      0.000
    FIN3               0.184      0.027      6.824      0.000

 UNEMPLOY WITH
    UNEMPLOYED         0.013      0.004      3.263      0.001
    FIN1              -0.033      0.011     -3.035      0.002
    FIN2              -0.029      0.010     -2.912      0.004
    FIN3              -0.040      0.010     -3.864      0.000

 UNEMPLOY WITH
    FIN1              -0.027      0.008     -3.208      0.001
    FIN2              -0.020      0.007     -3.000      0.003
    FIN3              -0.020      0.008     -2.664      0.008

 FIN1     WITH
    FIN2               0.504      0.025     20.344      0.000
    FIN3               0.484      0.025     19.211      0.000

 FIN2     WITH
    FIN3               0.503      0.024     20.759      0.000

 Means
    GENDER1            0.646      0.015     42.390      0.000
    AGE1              15.638      0.016   1007.161      0.000
    EDUCATION_         3.907      0.031    124.277      0.000
    EDUCATION_         3.754      0.032    116.470      0.000
    UNEMPLOYED         0.154      0.012     13.357      0.000
    UNEMPLOYED         0.070      0.008      8.380      0.000
    FIN1               3.755      0.027    138.364      0.000
    FIN2               3.776      0.027    141.569      0.000
    FIN3               3.754      0.028    133.393      0.000

 Intercepts
    X1                -0.800      0.869     -0.921      0.357
    X2                -0.800      0.869     -0.921      0.357
    X3                -0.800      0.869     -0.921      0.357
    Y1                -1.219      0.633     -1.926      0.054
    Y2                -1.219      0.633     -1.926      0.054
    Y3                -1.219      0.633     -1.926      0.054
    M1                -1.539      0.628     -2.449      0.014
    M2                -1.539      0.628     -2.449      0.014
    M3                -1.539      0.628     -2.449      0.014

 Variances
    GENDER1            0.229      0.004     51.270      0.000
    AGE1               0.233      0.005     50.736      0.000
    EDUCATION_         0.946      0.025     38.601      0.000
    EDUCATION_         0.983      0.028     34.934      0.000
    UNEMPLOYED         0.130      0.008     16.317      0.000
    UNEMPLOYED         0.065      0.007      9.066      0.000
    FIN1               0.727      0.028     26.412      0.000
    FIN2               0.683      0.027     25.740      0.000
    FIN3               0.750      0.032     23.565      0.000
    RIX                0.458      0.036     12.732      0.000
    RIY                0.252      0.020     12.523      0.000
    RIM                0.242      0.021     11.447      0.000
    WX1                0.362      0.034     10.670      0.000
    WY1                0.189      0.018     10.305      0.000
    WM1                0.158      0.020      7.878      0.000

 Residual Variances
    X1                 0.000      0.000    999.000    999.000
    X2                 0.000      0.000    999.000    999.000
    X3                 0.000      0.000    999.000    999.000
    Y1                 0.000      0.000    999.000    999.000
    Y2                 0.000      0.000    999.000    999.000
    Y3                 0.000      0.000    999.000    999.000
    M1                 0.000      0.000    999.000    999.000
    M2                 0.000      0.000    999.000    999.000
    M3                 0.000      0.000    999.000    999.000
    WX2                0.339      0.026     13.226      0.000
    WX3                0.339      0.026     13.226      0.000
    WY2                0.212      0.018     11.656      0.000
    WY3                0.212      0.018     11.656      0.000
    WM2                0.215      0.011     19.187      0.000
    WM3                0.215      0.011     19.187      0.000

New/Additional Parameters
    IND                0.004      0.004      0.958      0.338


STANDARDIZED MODEL RESULTS


STDYX Standardization

                                                    Two-Tailed
                    Estimate       S.E.  Est./S.E.    P-Value

 RIX      BY
    X1                 0.728      0.023     31.725      0.000
    X2                 0.735      0.024     30.860      0.000
    X3                 0.744      0.024     30.936      0.000

 RIY      BY
    Y1                 0.740      0.022     33.165      0.000
    Y2                 0.718      0.024     29.783      0.000
    Y3                 0.713      0.025     28.773      0.000

 RIM      BY
    M1                 0.761      0.030     25.390      0.000
    M2                 0.703      0.025     28.209      0.000
    M3                 0.701      0.026     26.955      0.000

 WX1      BY
    X1                 0.648      0.025     25.953      0.000

 WX2      BY
    X2                 0.639      0.027     23.786      0.000

 WX3      BY
    X3                 0.648      0.027     23.741      0.000

 WY1      BY
    Y1                 0.640      0.024     26.211      0.000

 WY2      BY
    Y2                 0.663      0.025     26.070      0.000

 WY3      BY
    Y3                 0.659      0.026     25.818      0.000

 WM1      BY
    M1                 0.615      0.036     16.986      0.000

 WM2      BY
    M2                 0.686      0.025     27.850      0.000

 WM3      BY
    M3                 0.692      0.026     26.955      0.000

 WY2      ON
    WY1               -0.018      0.076     -0.234      0.815
    WX1                0.083      0.051      1.631      0.103
    WM1                0.069      0.051      1.357      0.175

 WY3      ON
    WY2               -0.019      0.081     -0.234      0.815
    WX2                0.081      0.050      1.635      0.102
    WM2                0.084      0.062      1.358      0.174

 WX2      ON
    WX1                0.101      0.063      1.601      0.109
    WY1                0.090      0.042      2.131      0.033
    WM1                0.027      0.045      0.593      0.553

 WX3      ON
    WX2                0.099      0.064      1.540      0.124
    WY2                0.096      0.045      2.116      0.034
    WM2                0.032      0.053      0.599      0.549

 WM2      ON
    WM1                0.239      0.055      4.384      0.000
    WX1                0.062      0.044      1.402      0.161
    WY1                0.009      0.038      0.232      0.816

 WM3      ON
    WM2                0.285      0.058      4.958      0.000
    WX2                0.060      0.043      1.402      0.161
    WY2                0.009      0.040      0.232      0.817

 X1       ON
    GENDER1            0.118      0.031      3.759      0.000
    AGE1              -0.005      0.028     -0.195      0.846
    EDUCATION_         0.077      0.035      2.202      0.028
    EDUCATION_         0.154      0.036      4.252      0.000
    UNEMPLOYED         0.026      0.031      0.846      0.397
    UNEMPLOYED         0.037      0.027      1.378      0.168
    FIN1              -0.008      0.030     -0.285      0.776

 X2       ON
    GENDER1            0.069      0.032      2.146      0.032
    AGE1              -0.005      0.029     -0.174      0.862
    EDUCATION_         0.095      0.037      2.532      0.011
    EDUCATION_         0.161      0.036      4.457      0.000
    UNEMPLOYED         0.045      0.032      1.387      0.165
    UNEMPLOYED        -0.025      0.030     -0.827      0.408
    FIN2              -0.014      0.028     -0.512      0.609

 X3       ON
    GENDER1            0.034      0.033      1.044      0.297
    AGE1               0.002      0.029      0.086      0.932
    EDUCATION_         0.069      0.038      1.836      0.066
    EDUCATION_         0.114      0.037      3.090      0.002
    UNEMPLOYED         0.044      0.033      1.343      0.179
    UNEMPLOYED        -0.016      0.029     -0.566      0.572
    FIN3               0.008      0.030      0.266      0.791

 Y1       ON
    GENDER1           -0.091      0.032     -2.831      0.005
    AGE1               0.032      0.028      1.131      0.258
    EDUCATION_         0.028      0.038      0.754      0.451
    EDUCATION_        -0.007      0.035     -0.204      0.839
    UNEMPLOYED         0.004      0.035      0.100      0.920
    UNEMPLOYED         0.026      0.035      0.724      0.469
    FIN1               0.182      0.029      6.263      0.000

 Y2       ON
    GENDER1           -0.079      0.033     -2.374      0.018
    AGE1               0.033      0.028      1.203      0.229
    EDUCATION_         0.008      0.039      0.199      0.842
    EDUCATION_        -0.004      0.040     -0.109      0.913
    UNEMPLOYED        -0.073      0.034     -2.119      0.034
    UNEMPLOYED         0.037      0.035      1.037      0.300
    FIN2               0.172      0.030      5.676      0.000

 Y3       ON
    GENDER1           -0.041      0.032     -1.287      0.198
    AGE1               0.021      0.027      0.770      0.441
    EDUCATION_         0.011      0.038      0.288      0.773
    EDUCATION_         0.020      0.036      0.561      0.574
    UNEMPLOYED        -0.012      0.032     -0.369      0.712
    UNEMPLOYED         0.057      0.032      1.770      0.077
    FIN3               0.227      0.029      7.835      0.000

 M1       ON
    GENDER1           -0.116      0.031     -3.744      0.000
    AGE1               0.057      0.029      1.956      0.050
    EDUCATION_        -0.035      0.038     -0.930      0.352
    EDUCATION_         0.034      0.037      0.930      0.352
    UNEMPLOYED         0.010      0.034      0.303      0.762
    UNEMPLOYED         0.074      0.035      2.128      0.033
    FIN1               0.150      0.028      5.340      0.000

 M2       ON
    GENDER1           -0.106      0.031     -3.436      0.001
    AGE1               0.051      0.027      1.875      0.061
    EDUCATION_        -0.009      0.037     -0.243      0.808
    EDUCATION_         0.022      0.038      0.598      0.550
    UNEMPLOYED         0.007      0.035      0.196      0.845
    UNEMPLOYED         0.000      0.034      0.004      0.997
    FIN2               0.139      0.026      5.254      0.000

 M3       ON
    GENDER1           -0.074      0.032     -2.277      0.023
    AGE1               0.050      0.027      1.847      0.065
    EDUCATION_         0.004      0.037      0.100      0.921
    EDUCATION_         0.012      0.037      0.328      0.743
    UNEMPLOYED        -0.021      0.033     -0.633      0.527
    UNEMPLOYED         0.052      0.032      1.601      0.109
    FIN3               0.139      0.030      4.647      0.000

 RIX      WITH
    RIY               -0.150      0.055     -2.743      0.006
    RIM               -0.176      0.059     -2.990      0.003

 RIY      WITH
    RIM                0.543      0.043     12.521      0.000

 WX1      WITH
    WY1                0.005      0.052      0.101      0.920
    WM1                0.034      0.066      0.521      0.602

 WY1      WITH
    WM1                0.228      0.069      3.320      0.001

 WX2      WITH
    WY2                0.057      0.054      1.060      0.289
    WM2               -0.004      0.045     -0.089      0.929

 WY2      WITH
    WM2                0.307      0.038      8.140      0.000

 WX3      WITH
    WY3                0.057      0.054      1.060      0.289
    WM3               -0.004      0.045     -0.089      0.929

 WY3      WITH
    WM3                0.307      0.038      8.140      0.000

 GENDER1  WITH
    AGE1              -0.003      0.032     -0.089      0.929
    EDUCATION_        -0.077      0.032     -2.383      0.017
    EDUCATION_        -0.048      0.031     -1.509      0.131
    UNEMPLOYED        -0.015      0.032     -0.471      0.638
    UNEMPLOYED        -0.014      0.033     -0.409      0.683
    FIN1               0.034      0.032      1.055      0.292
    FIN2              -0.003      0.033     -0.086      0.932
    FIN3               0.014      0.033      0.420      0.675

 AGE1     WITH
    EDUCATION_        -0.078      0.032     -2.437      0.015
    EDUCATION_        -0.038      0.032     -1.187      0.235
    UNEMPLOYED         0.068      0.031      2.235      0.025
    UNEMPLOYED         0.013      0.032      0.415      0.678
    FIN1              -0.014      0.032     -0.424      0.671
    FIN2              -0.026      0.032     -0.796      0.426
    FIN3              -0.029      0.032     -0.908      0.364

 EDUCATIO WITH
    EDUCATION_         0.468      0.028     16.495      0.000
    UNEMPLOYED        -0.250      0.030     -8.359      0.000
    UNEMPLOYED        -0.095      0.034     -2.829      0.005
    FIN1               0.142      0.032      4.440      0.000
    FIN2               0.164      0.031      5.196      0.000
    FIN3               0.161      0.032      5.013      0.000

 EDUCATIO WITH
    UNEMPLOYED        -0.158      0.031     -5.168      0.000
    UNEMPLOYED        -0.121      0.027     -4.448      0.000
    FIN1               0.173      0.032      5.338      0.000
    FIN2               0.212      0.031      6.870      0.000
    FIN3               0.215      0.031      7.032      0.000

 UNEMPLOY WITH
    UNEMPLOYED         0.146      0.042      3.471      0.001
    FIN1              -0.108      0.035     -3.097      0.002
    FIN2              -0.098      0.033     -2.949      0.003
    FIN3              -0.129      0.033     -3.975      0.000

 UNEMPLOY WITH
    FIN1              -0.123      0.036     -3.395      0.001
    FIN2              -0.094      0.030     -3.146      0.002
    FIN3              -0.091      0.033     -2.762      0.006

 FIN1     WITH
    FIN2               0.715      0.019     38.222      0.000
    FIN3               0.655      0.024     27.847      0.000

 FIN2     WITH
    FIN3               0.703      0.021     33.362      0.000

 Means
    GENDER1            1.350      0.045     29.906      0.000
    AGE1              32.399      0.350     92.501      0.000
    EDUCATION_         4.017      0.064     62.422      0.000
    EDUCATION_         3.786      0.060     63.217      0.000
    UNEMPLOYED         0.426      0.019     22.557      0.000
    UNEMPLOYED         0.275      0.018     15.512      0.000
    FIN1               4.405      0.092     48.118      0.000
    FIN2               4.568      0.096     47.399      0.000
    FIN3               4.334      0.102     42.313      0.000

 Intercepts
    X1                -0.862      0.937     -0.919      0.358
    X2                -0.870      0.944     -0.922      0.357
    X3                -0.881      0.955     -0.922      0.356
    Y1                -1.798      0.928     -1.937      0.053
    Y2                -1.745      0.905     -1.929      0.054
    Y3                -1.732      0.897     -1.930      0.054
    M1                -2.383      0.971     -2.455      0.014
    M2                -2.202      0.899     -2.449      0.014
    M3                -2.193      0.895     -2.450      0.014

 Variances
    GENDER1            1.000      0.000    999.000    999.000
    AGE1               1.000      0.000    999.000    999.000
    EDUCATION_         1.000      0.000    999.000    999.000
    EDUCATION_         1.000      0.000    999.000    999.000
    UNEMPLOYED         1.000      0.000    999.000    999.000
    UNEMPLOYED         1.000      0.000    999.000    999.000
    FIN1               1.000      0.000    999.000    999.000
    FIN2               1.000      0.000    999.000    999.000
    FIN3               1.000      0.000    999.000    999.000
    RIX                1.000      0.000    999.000    999.000
    RIY                1.000      0.000    999.000    999.000
    RIM                1.000      0.000    999.000    999.000
    WX1                1.000      0.000    999.000    999.000
    WY1                1.000      0.000    999.000    999.000
    WM1                1.000      0.000    999.000    999.000

 Residual Variances
    X1                 0.000      0.000      0.000      1.000
    X2                 0.000      0.000      0.000      1.000
    X3                 0.000      0.000      0.000      1.000
    Y1                 0.000      0.000      0.000      1.000
    Y2                 0.000      0.000      0.000      1.000
    Y3                 0.000      0.000      0.000      1.000
    M1                 0.000      0.000      0.000      1.000
    M2                 0.000      0.000      0.000      1.000
    M3                 0.000      0.000      0.000      1.000
    WX2                0.980      0.017     56.041      0.000
    WX3                0.977      0.020     48.640      0.000
    WY2                0.988      0.013     76.362      0.000
    WY3                0.987      0.015     66.701      0.000
    WM2                0.937      0.028     33.351      0.000
    WM3                0.913      0.034     26.658      0.000


R-SQUARE

    Observed                                        Two-Tailed
    Variable        Estimate       S.E.  Est./S.E.    P-Value

    X1                 1.000      0.000    999.000    999.000
    X2                 1.000      0.000    999.000    999.000
    X3                 1.000      0.000    999.000    999.000
    Y1                 1.000      0.000    999.000    999.000
    Y2                 1.000      0.000    999.000    999.000
    Y3                 1.000      0.000    999.000    999.000
    M1                 1.000      0.000    999.000    999.000
    M2                 1.000      0.000    999.000    999.000
    M3                 1.000      0.000    999.000    999.000

     Latent                                         Two-Tailed
    Variable        Estimate       S.E.  Est./S.E.    P-Value

    WX2                0.020      0.017      1.168      0.243
    WX3                0.023      0.020      1.159      0.246
    WY2                0.012      0.013      0.916      0.360
    WY3                0.013      0.015      0.875      0.381
    WM2                0.063      0.028      2.251      0.024
    WM3                0.087      0.034      2.553      0.011


CONFIDENCE INTERVALS OF MODEL RESULTS

                  Lower .5%  Lower 2.5%    Lower 5%    Estimate    Upper 5%  Upper 2.5%   Upper .5%

 RIX      BY
    X1               1.000       1.000       1.000       1.000       1.000       1.000       1.000
    X2               1.000       1.000       1.000       1.000       1.000       1.000       1.000
    X3               1.000       1.000       1.000       1.000       1.000       1.000       1.000

 RIY      BY
    Y1               1.000       1.000       1.000       1.000       1.000       1.000       1.000
    Y2               1.000       1.000       1.000       1.000       1.000       1.000       1.000
    Y3               1.000       1.000       1.000       1.000       1.000       1.000       1.000

 RIM      BY
    M1               1.000       1.000       1.000       1.000       1.000       1.000       1.000
    M2               1.000       1.000       1.000       1.000       1.000       1.000       1.000
    M3               1.000       1.000       1.000       1.000       1.000       1.000       1.000

 WX1      BY
    X1               1.000       1.000       1.000       1.000       1.000       1.000       1.000

 WX2      BY
    X2               1.000       1.000       1.000       1.000       1.000       1.000       1.000

 WX3      BY
    X3               1.000       1.000       1.000       1.000       1.000       1.000       1.000

 WY1      BY
    Y1               1.000       1.000       1.000       1.000       1.000       1.000       1.000

 WY2      BY
    Y2               1.000       1.000       1.000       1.000       1.000       1.000       1.000

 WY3      BY
    Y3               1.000       1.000       1.000       1.000       1.000       1.000       1.000

 WM1      BY
    M1               1.000       1.000       1.000       1.000       1.000       1.000       1.000

 WM2      BY
    M2               1.000       1.000       1.000       1.000       1.000       1.000       1.000

 WM3      BY
    M3               1.000       1.000       1.000       1.000       1.000       1.000       1.000

 WY2      ON
    WY1             -0.200      -0.167      -0.144      -0.019       0.124       0.153       0.204
    WX1             -0.040      -0.017      -0.003       0.064       0.126       0.139       0.159
    WM1             -0.080      -0.042      -0.021       0.081       0.174       0.191       0.223

 WY3      ON
    WY2             -0.200      -0.167      -0.144      -0.019       0.124       0.153       0.204
    WX2             -0.040      -0.017      -0.003       0.064       0.126       0.139       0.159
    WM2             -0.080      -0.042      -0.021       0.081       0.174       0.191       0.223

 WX2      ON
    WX1             -0.050      -0.016       0.000       0.099       0.212       0.236       0.284
    WY1             -0.039       0.007       0.027       0.122       0.215       0.233       0.269
    WM1             -0.130      -0.091      -0.069       0.039       0.146       0.170       0.206

 WX3      ON
    WX2             -0.050      -0.016       0.000       0.099       0.212       0.236       0.284
    WY2             -0.039       0.007       0.027       0.122       0.215       0.233       0.269
    WM2             -0.130      -0.091      -0.069       0.039       0.146       0.170       0.206

 WM2      ON
    WM1              0.141       0.173       0.193       0.289       0.389       0.411       0.449
    WX1             -0.037      -0.018      -0.007       0.049       0.107       0.118       0.141
    WY1             -0.100      -0.072      -0.059       0.010       0.078       0.091       0.117

 WM3      ON
    WM2              0.141       0.173       0.193       0.289       0.389       0.411       0.449
    WX2             -0.037      -0.018      -0.007       0.049       0.107       0.118       0.141
    WY2             -0.100      -0.072      -0.059       0.010       0.078       0.091       0.117

 X1       ON
    GENDER1          0.076       0.109       0.126       0.228       0.329       0.348       0.382
    AGE1            -0.152      -0.117      -0.099      -0.011       0.078       0.095       0.127
    EDUCATION_      -0.013       0.007       0.019       0.074       0.128       0.139       0.159
    EDUCATION_       0.056       0.077       0.089       0.145       0.203       0.214       0.233
    UNEMPLOYED      -0.138      -0.085      -0.060       0.067       0.202       0.227       0.271
    UNEMPLOYED      -0.119      -0.057      -0.026       0.135       0.299       0.329       0.396
    FIN1            -0.092      -0.071      -0.061      -0.009       0.045       0.054       0.071

 X2       ON
    GENDER1         -0.031       0.012       0.030       0.132       0.235       0.253       0.287
    AGE1            -0.150      -0.116      -0.099      -0.009       0.081       0.099       0.129
    EDUCATION_      -0.004       0.019       0.031       0.090       0.147       0.159       0.179
    EDUCATION_       0.061       0.083       0.094       0.149       0.206       0.218       0.239
    UNEMPLOYED      -0.099      -0.046      -0.021       0.114       0.253       0.282       0.328
    UNEMPLOYED      -0.383      -0.312      -0.276      -0.091       0.091       0.125       0.198
    FIN2            -0.096      -0.077      -0.067      -0.016       0.035       0.044       0.062

 X3       ON
    GENDER1         -0.095      -0.056      -0.037       0.065       0.167       0.187       0.225
    AGE1            -0.132      -0.101      -0.083       0.005       0.093       0.111       0.143
    EDUCATION_      -0.025      -0.005       0.005       0.064       0.121       0.132       0.155
    EDUCATION_       0.015       0.038       0.049       0.104       0.161       0.172       0.192
    UNEMPLOYED      -0.103      -0.049      -0.025       0.111       0.248       0.275       0.332
    UNEMPLOYED      -0.330      -0.266      -0.230      -0.058       0.111       0.144       0.222
    FIN3            -0.071      -0.053      -0.043       0.008       0.062       0.072       0.092

 Y1       ON
    GENDER1         -0.245      -0.216      -0.202      -0.129      -0.054      -0.040      -0.013
    AGE1            -0.060      -0.034      -0.021       0.044       0.108       0.120       0.146
    EDUCATION_      -0.048      -0.032      -0.023       0.020       0.063       0.071       0.088
    EDUCATION_      -0.068      -0.051      -0.044      -0.005       0.035       0.043       0.059
    UNEMPLOYED      -0.171      -0.125      -0.104       0.007       0.114       0.135       0.171
    UNEMPLOYED      -0.184      -0.122      -0.091       0.068       0.222       0.252       0.307
    FIN1             0.085       0.100       0.108       0.145       0.183       0.189       0.203

 Y2       ON
    GENDER1         -0.241      -0.212      -0.195      -0.116      -0.035      -0.020       0.009
    AGE1            -0.055      -0.030      -0.018       0.048       0.112       0.125       0.151
    EDUCATION_      -0.068      -0.050      -0.041       0.006       0.051       0.059       0.077
    EDUCATION_      -0.077      -0.058      -0.049      -0.003       0.044       0.053       0.071
    UNEMPLOYED      -0.318      -0.271      -0.249      -0.141      -0.030      -0.011       0.027
    UNEMPLOYED      -0.154      -0.094      -0.061       0.100       0.263       0.290       0.346
    FIN2             0.080       0.096       0.104       0.146       0.188       0.196       0.211

 Y3       ON
    GENDER1         -0.177      -0.152      -0.137      -0.060       0.016       0.030       0.058
    AGE1            -0.071      -0.047      -0.035       0.030       0.094       0.107       0.133
    EDUCATION_      -0.065      -0.048      -0.038       0.008       0.053       0.061       0.078
    EDUCATION_      -0.052      -0.036      -0.028       0.014       0.056       0.064       0.080
    UNEMPLOYED      -0.188      -0.146      -0.127      -0.023       0.079       0.097       0.132
    UNEMPLOYED      -0.077      -0.020       0.007       0.156       0.300       0.327       0.380
    FIN3             0.124       0.140       0.146       0.185       0.225       0.232       0.248

 M1       ON
    GENDER1         -0.271      -0.241      -0.227      -0.157      -0.088      -0.075      -0.051
    AGE1            -0.024      -0.001       0.012       0.076       0.140       0.154       0.177
    EDUCATION_      -0.087      -0.073      -0.065      -0.024       0.018       0.026       0.041
    EDUCATION_      -0.041      -0.025      -0.017       0.022       0.062       0.070       0.084
    UNEMPLOYED      -0.140      -0.102      -0.081       0.018       0.118       0.136       0.174
    UNEMPLOYED      -0.042       0.014       0.041       0.187       0.331       0.358       0.416
    FIN1             0.060       0.073       0.079       0.114       0.148       0.155       0.169

 M2       ON
    GENDER1         -0.274      -0.246      -0.233      -0.155      -0.082      -0.067      -0.037
    AGE1            -0.025      -0.004       0.009       0.073       0.138       0.150       0.174
    EDUCATION_      -0.074      -0.059      -0.049      -0.006       0.038       0.046       0.062
    EDUCATION_      -0.053      -0.036      -0.029       0.016       0.059       0.067       0.084
    UNEMPLOYED      -0.164      -0.117      -0.096       0.013       0.123       0.146       0.183
    UNEMPLOYED      -0.244      -0.186      -0.152       0.000       0.155       0.186       0.240
    FIN2             0.061       0.075       0.081       0.118       0.155       0.162       0.175

 M3       ON
    GENDER1         -0.237      -0.204      -0.188      -0.108      -0.031      -0.015       0.010
    AGE1            -0.029      -0.005       0.008       0.072       0.136       0.149       0.173
    EDUCATION_      -0.065      -0.050      -0.042       0.003       0.046       0.055       0.069
    EDUCATION_      -0.061      -0.045      -0.035       0.009       0.052       0.061       0.078
    UNEMPLOYED      -0.207      -0.172      -0.150      -0.041       0.065       0.086       0.131
    UNEMPLOYED      -0.104      -0.035      -0.005       0.143       0.287       0.313       0.372
    FIN3             0.049       0.065       0.073       0.113       0.154       0.161       0.177

 RIX      WITH
    RIY             -0.097      -0.086      -0.081      -0.051      -0.021      -0.016      -0.004
    RIM             -0.109      -0.097      -0.090      -0.058      -0.028      -0.022      -0.010

 RIY      WITH
    RIM              0.092       0.102       0.107       0.134       0.158       0.163       0.172

 WX1      WITH
    WY1             -0.034      -0.025      -0.021       0.001       0.024       0.028       0.036
    WM1             -0.032      -0.022      -0.017       0.008       0.035       0.040       0.051

 WY1      WITH
    WM1              0.006       0.014       0.018       0.039       0.063       0.068       0.079

 WX2      WITH
    WY2             -0.024      -0.014      -0.009       0.015       0.038       0.042       0.049
    WM2             -0.032      -0.025      -0.021      -0.001       0.018       0.022       0.029

 WY2      WITH
    WM2              0.040       0.047       0.049       0.066       0.079       0.083       0.089

 WX3      WITH
    WY3             -0.024      -0.014      -0.009       0.015       0.038       0.042       0.049
    WM3             -0.032      -0.025      -0.021      -0.001       0.018       0.022       0.029

 WY3      WITH
    WM3              0.040       0.047       0.049       0.066       0.079       0.083       0.089

 GENDER1  WITH
    AGE1            -0.019      -0.015      -0.013      -0.001       0.012       0.014       0.019
    EDUCATION_      -0.073      -0.065      -0.060      -0.036      -0.011      -0.006       0.004
    EDUCATION_      -0.060      -0.051      -0.046      -0.023       0.002       0.007       0.017
    UNEMPLOYED      -0.017      -0.014      -0.012      -0.003       0.006       0.008       0.012
    UNEMPLOYED      -0.012      -0.010      -0.008      -0.002       0.005       0.006       0.009
    FIN1            -0.019      -0.012      -0.008       0.014       0.035       0.039       0.047
    FIN2            -0.035      -0.027      -0.023      -0.001       0.020       0.024       0.031
    FIN3            -0.030      -0.021      -0.017       0.006       0.028       0.032       0.040

 AGE1     WITH
    EDUCATION_      -0.075      -0.066      -0.061      -0.037      -0.012      -0.008       0.002
    EDUCATION_      -0.057      -0.049      -0.044      -0.018       0.007       0.012       0.023
    UNEMPLOYED      -0.002       0.001       0.003       0.012       0.021       0.022       0.025
    UNEMPLOYED      -0.009      -0.006      -0.005       0.002       0.008       0.009       0.012
    FIN1            -0.039      -0.031      -0.027      -0.006       0.016       0.020       0.028
    FIN2            -0.044      -0.036      -0.031      -0.010       0.011       0.015       0.022
    FIN3            -0.047      -0.038      -0.034      -0.012       0.010       0.014       0.023

 EDUCATIO WITH
    EDUCATION_       0.372       0.392       0.402       0.451       0.501       0.511       0.529
    UNEMPLOYED      -0.119      -0.111      -0.107      -0.088      -0.068      -0.065      -0.058
    UNEMPLOYED      -0.046      -0.040      -0.038      -0.024      -0.010      -0.007      -0.001
    FIN1             0.048       0.065       0.073       0.118       0.163       0.171       0.189
    FIN2             0.065       0.081       0.089       0.132       0.173       0.181       0.196
    FIN3             0.065       0.082       0.091       0.135       0.180       0.188       0.205

 EDUCATIO WITH
    UNEMPLOYED      -0.086      -0.079      -0.075      -0.057      -0.038      -0.034      -0.027
    UNEMPLOYED      -0.050      -0.045      -0.043      -0.030      -0.018      -0.016      -0.012
    FIN1             0.075       0.092       0.101       0.146       0.191       0.202       0.218
    FIN2             0.109       0.123       0.131       0.174       0.217       0.225       0.242
    FIN3             0.113       0.131       0.140       0.184       0.230       0.238       0.254

 UNEMPLOY WITH
    UNEMPLOYED       0.003       0.006       0.007       0.013       0.020       0.022       0.024
    FIN1            -0.062      -0.055      -0.052      -0.033      -0.016      -0.012      -0.006
    FIN2            -0.055      -0.049      -0.046      -0.029      -0.013      -0.010      -0.004
    FIN3            -0.067      -0.061      -0.058      -0.040      -0.023      -0.020      -0.014

 UNEMPLOY WITH
    FIN1            -0.048      -0.043      -0.041      -0.027      -0.013      -0.011      -0.006
    FIN2            -0.037      -0.033      -0.031      -0.020      -0.009      -0.007      -0.003
    FIN3            -0.040      -0.035      -0.032      -0.020      -0.008      -0.006      -0.001

 FIN1     WITH
    FIN2             0.439       0.455       0.463       0.504       0.545       0.553       0.567
    FIN3             0.419       0.434       0.442       0.484       0.525       0.532       0.550

 FIN2     WITH
    FIN3             0.441       0.456       0.463       0.503       0.543       0.551       0.566

 Means
    GENDER1          0.607       0.616       0.621       0.646       0.671       0.676       0.685
    AGE1            15.598      15.608      15.612      15.638      15.663      15.669      15.679
    EDUCATION_       3.827       3.846       3.856       3.907       3.959       3.969       3.988
    EDUCATION_       3.671       3.690       3.700       3.754       3.806       3.817       3.837
    UNEMPLOYED       0.124       0.132       0.135       0.154       0.172       0.176       0.183
    UNEMPLOYED       0.049       0.054       0.056       0.070       0.084       0.087       0.092
    FIN1             3.683       3.702       3.711       3.755       3.800       3.808       3.826
    FIN2             3.707       3.724       3.733       3.776       3.820       3.828       3.843
    FIN3             3.681       3.698       3.706       3.754       3.799       3.808       3.824

 Intercepts
    X1              -3.012      -2.506      -2.224      -0.800       0.614       0.915       1.447
    X2              -3.012      -2.506      -2.224      -0.800       0.614       0.915       1.447
    X3              -3.012      -2.506      -2.224      -0.800       0.614       0.915       1.447
    Y1              -2.874      -2.455      -2.243      -1.219      -0.172       0.036       0.443
    Y2              -2.874      -2.455      -2.243      -1.219      -0.172       0.036       0.443
    Y3              -2.874      -2.455      -2.243      -1.219      -0.172       0.036       0.443
    M1              -3.155      -2.780      -2.587      -1.539      -0.520      -0.314       0.031
    M2              -3.155      -2.780      -2.587      -1.539      -0.520      -0.314       0.031
    M3              -3.155      -2.780      -2.587      -1.539      -0.520      -0.314       0.031

 Variances
    GENDER1          0.216       0.219       0.221       0.229       0.235       0.236       0.238
    AGE1             0.220       0.223       0.225       0.233       0.240       0.241       0.244
    EDUCATION_       0.885       0.900       0.906       0.946       0.987       0.996       1.013
    EDUCATION_       0.913       0.929       0.937       0.983       1.030       1.039       1.058
    UNEMPLOYED       0.109       0.114       0.117       0.130       0.143       0.145       0.150
    UNEMPLOYED       0.047       0.051       0.053       0.065       0.077       0.079       0.083
    FIN1             0.657       0.671       0.680       0.727       0.771       0.779       0.798
    FIN2             0.617       0.632       0.640       0.683       0.727       0.736       0.753
    FIN3             0.670       0.688       0.698       0.750       0.803       0.813       0.834
    RIX              0.358       0.380       0.393       0.458       0.510       0.521       0.544
    RIY              0.196       0.209       0.215       0.252       0.281       0.287       0.301
    RIM              0.180       0.195       0.202       0.242       0.272       0.277       0.289
    WX1              0.281       0.299       0.308       0.362       0.419       0.432       0.457
    WY1              0.145       0.154       0.159       0.189       0.219       0.226       0.240
    WM1              0.114       0.123       0.128       0.158       0.193       0.201       0.221

 Residual Variances
    X1               0.000       0.000       0.000       0.000       0.000       0.000       0.000
    X2               0.000       0.000       0.000       0.000       0.000       0.000       0.000
    X3               0.000       0.000       0.000       0.000       0.000       0.000       0.000
    Y1               0.000       0.000       0.000       0.000       0.000       0.000       0.000
    Y2               0.000       0.000       0.000       0.000       0.000       0.000       0.000
    Y3               0.000       0.000       0.000       0.000       0.000       0.000       0.000
    M1               0.000       0.000       0.000       0.000       0.000       0.000       0.000
    M2               0.000       0.000       0.000       0.000       0.000       0.000       0.000
    M3               0.000       0.000       0.000       0.000       0.000       0.000       0.000
    WX2              0.275       0.288       0.296       0.339       0.380       0.390       0.403
    WX3              0.275       0.288       0.296       0.339       0.380       0.390       0.403
    WY2              0.166       0.177       0.181       0.212       0.241       0.247       0.258
    WY3              0.166       0.177       0.181       0.212       0.241       0.247       0.258
    WM2              0.185       0.191       0.195       0.215       0.232       0.236       0.244
    WM3              0.185       0.191       0.195       0.215       0.232       0.236       0.244

New/Additional Parameters
    IND             -0.007      -0.004      -0.002       0.004       0.011       0.013       0.018


CONFIDENCE INTERVALS OF STANDARDIZED MODEL RESULTS


STDYX Standardization

                  Lower .5%  Lower 2.5%    Lower 5%    Estimate    Upper 5%  Upper 2.5%   Upper .5%

 RIX      BY
    X1               0.659       0.676       0.685       0.728       0.761       0.767       0.778
    X2               0.660       0.679       0.689       0.735       0.767       0.773       0.783
    X3               0.667       0.687       0.697       0.744       0.775       0.781       0.792

 RIY      BY
    Y1               0.671       0.688       0.697       0.740       0.769       0.776       0.787
    Y2               0.642       0.662       0.671       0.718       0.750       0.756       0.769
    Y3               0.635       0.656       0.664       0.713       0.745       0.752       0.765

 RIM      BY
    M1               0.659       0.689       0.702       0.761       0.800       0.806       0.818
    M2               0.619       0.643       0.654       0.703       0.735       0.741       0.752
    M3               0.611       0.637       0.649       0.701       0.733       0.740       0.751

 WX1      BY
    X1               0.584       0.599       0.607       0.648       0.689       0.697       0.713

 WX2      BY
    X2               0.576       0.590       0.597       0.639       0.685       0.696       0.715

 WX3      BY
    X3               0.584       0.598       0.605       0.648       0.695       0.705       0.725

 WY1      BY
    Y1               0.577       0.592       0.600       0.640       0.680       0.689       0.706

 WY2      BY
    Y2               0.601       0.615       0.622       0.663       0.706       0.714       0.732

 WY3      BY
    Y3               0.599       0.611       0.618       0.659       0.702       0.711       0.729

 WM1      BY
    M1               0.530       0.548       0.558       0.615       0.676       0.689       0.719

 WM2      BY
    M2               0.629       0.641       0.648       0.686       0.728       0.738       0.759

 WM3      BY
    M3               0.633       0.645       0.652       0.692       0.737       0.746       0.769

 WY2      ON
    WY1             -0.199      -0.164      -0.142      -0.018       0.110       0.134       0.176
    WX1             -0.051      -0.023      -0.004       0.083       0.164       0.180       0.205
    WM1             -0.069      -0.035      -0.017       0.069       0.151       0.166       0.194

 WY3      ON
    WY2             -0.200      -0.167      -0.144      -0.019       0.124       0.152       0.202
    WX2             -0.050      -0.022      -0.004       0.081       0.161       0.176       0.201
    WM2             -0.080      -0.042      -0.021       0.084       0.183       0.200       0.238

 WX2      ON
    WX1             -0.054      -0.017       0.000       0.101       0.208       0.231       0.272
    WY1             -0.028       0.005       0.019       0.090       0.158       0.171       0.196
    WM1             -0.086      -0.060      -0.046       0.027       0.100       0.117       0.144

 WX3      ON
    WX2             -0.050      -0.016       0.000       0.099       0.211       0.235       0.282
    WY2             -0.031       0.005       0.021       0.096       0.169       0.184       0.214
    WM2             -0.105      -0.073      -0.056       0.032       0.118       0.137       0.169

 WM2      ON
    WM1              0.111       0.139       0.154       0.239       0.333       0.354       0.398
    WX1             -0.049      -0.023      -0.009       0.062       0.135       0.149       0.181
    WY1             -0.089      -0.065      -0.053       0.009       0.071       0.083       0.108

 WM3      ON
    WM2              0.140       0.172       0.191       0.285       0.381       0.402       0.439
    WX2             -0.046      -0.022      -0.009       0.060       0.131       0.143       0.174
    WY2             -0.093      -0.068      -0.056       0.009       0.075       0.087       0.114

 X1       ON
    GENDER1          0.040       0.057       0.065       0.118       0.168       0.178       0.195
    AGE1            -0.079      -0.061      -0.052      -0.005       0.041       0.050       0.066
    EDUCATION_      -0.014       0.008       0.019       0.077       0.134       0.146       0.167
    EDUCATION_       0.061       0.083       0.095       0.154       0.215       0.226       0.245
    UNEMPLOYED      -0.054      -0.033      -0.023       0.026       0.078       0.087       0.105
    UNEMPLOYED      -0.032      -0.015      -0.007       0.037       0.082       0.090       0.105
    FIN1            -0.083      -0.065      -0.056      -0.008       0.042       0.050       0.067

 X2       ON
    GENDER1         -0.016       0.006       0.016       0.069       0.122       0.131       0.149
    AGE1            -0.078      -0.061      -0.052      -0.005       0.042       0.052       0.068
    EDUCATION_      -0.005       0.020       0.032       0.095       0.155       0.167       0.189
    EDUCATION_       0.067       0.091       0.102       0.161       0.220       0.232       0.252
    UNEMPLOYED      -0.038      -0.018      -0.008       0.045       0.099       0.109       0.127
    UNEMPLOYED      -0.105      -0.086      -0.076      -0.025       0.025       0.034       0.053
    FIN2            -0.087      -0.068      -0.060      -0.014       0.031       0.040       0.056

 X3       ON
    GENDER1         -0.050      -0.030      -0.020       0.034       0.087       0.098       0.117
    AGE1            -0.071      -0.053      -0.044       0.002       0.049       0.059       0.076
    EDUCATION_      -0.027      -0.006       0.005       0.069       0.129       0.141       0.165
    EDUCATION_       0.017       0.042       0.053       0.114       0.174       0.186       0.209
    UNEMPLOYED      -0.041      -0.019      -0.010       0.044       0.098       0.109       0.130
    UNEMPLOYED      -0.089      -0.073      -0.064      -0.016       0.031       0.040       0.061
    FIN3            -0.068      -0.050      -0.041       0.008       0.059       0.068       0.087

 Y1       ON
    GENDER1         -0.174      -0.153      -0.143      -0.091      -0.038      -0.028      -0.009
    AGE1            -0.043      -0.024      -0.015       0.032       0.077       0.085       0.102
    EDUCATION_      -0.069      -0.046      -0.033       0.028       0.090       0.103       0.126
    EDUCATION_      -0.098      -0.075      -0.064      -0.007       0.051       0.063       0.085
    UNEMPLOYED      -0.090      -0.066      -0.055       0.004       0.061       0.072       0.090
    UNEMPLOYED      -0.068      -0.045      -0.034       0.026       0.083       0.093       0.114
    FIN1             0.106       0.125       0.135       0.182       0.230       0.240       0.257

 Y2       ON
    GENDER1         -0.164      -0.145      -0.133      -0.079      -0.024      -0.014       0.006
    AGE1            -0.038      -0.021      -0.013       0.033       0.077       0.087       0.104
    EDUCATION_      -0.095      -0.070      -0.057       0.008       0.070       0.082       0.107
    EDUCATION_      -0.108      -0.082      -0.069      -0.004       0.062       0.075       0.101
    UNEMPLOYED      -0.162      -0.139      -0.129      -0.073      -0.015      -0.005       0.014
    UNEMPLOYED      -0.056      -0.034      -0.022       0.037       0.095       0.105       0.124
    FIN2             0.095       0.114       0.122       0.172       0.222       0.231       0.249

 Y3       ON
    GENDER1         -0.121      -0.103      -0.093      -0.041       0.011       0.020       0.038
    AGE1            -0.049      -0.032      -0.024       0.021       0.064       0.073       0.090
    EDUCATION_      -0.088      -0.066      -0.052       0.011       0.073       0.086       0.109
    EDUCATION_      -0.072      -0.051      -0.039       0.020       0.079       0.090       0.111
    UNEMPLOYED      -0.096      -0.075      -0.065      -0.012       0.040       0.049       0.067
    UNEMPLOYED      -0.028      -0.007       0.003       0.057       0.108       0.118       0.134
    FIN3             0.153       0.171       0.180       0.227       0.275       0.285       0.304

 M1       ON
    GENDER1         -0.200      -0.177      -0.167      -0.116      -0.066      -0.056      -0.038
    AGE1            -0.018       0.000       0.009       0.057       0.105       0.114       0.132
    EDUCATION_      -0.132      -0.110      -0.098      -0.035       0.027       0.039       0.061
    EDUCATION_      -0.063      -0.038      -0.026       0.034       0.095       0.107       0.128
    UNEMPLOYED      -0.078      -0.057      -0.045       0.010       0.065       0.076       0.098
    UNEMPLOYED      -0.016       0.005       0.016       0.074       0.130       0.141       0.164
    FIN1             0.079       0.095       0.104       0.150       0.196       0.205       0.224

 M2       ON
    GENDER1         -0.186      -0.168      -0.158      -0.106      -0.056      -0.046      -0.026
    AGE1            -0.017      -0.002       0.006       0.051       0.095       0.104       0.121
    EDUCATION_      -0.102      -0.082      -0.069      -0.009       0.052       0.064       0.088
    EDUCATION_      -0.075      -0.052      -0.040       0.022       0.083       0.096       0.120
    UNEMPLOYED      -0.083      -0.060      -0.049       0.007       0.063       0.075       0.093
    UNEMPLOYED      -0.087      -0.067      -0.055       0.000       0.056       0.067       0.087
    FIN2             0.073       0.088       0.096       0.139       0.183       0.191       0.208

 M3       ON
    GENDER1         -0.159      -0.138      -0.128      -0.074      -0.021      -0.010       0.007
    AGE1            -0.020      -0.003       0.005       0.050       0.094       0.102       0.119
    EDUCATION_      -0.090      -0.070      -0.058       0.004       0.064       0.076       0.096
    EDUCATION_      -0.084      -0.062      -0.049       0.012       0.074       0.087       0.110
    UNEMPLOYED      -0.105      -0.087      -0.076      -0.021       0.033       0.044       0.067
    UNEMPLOYED      -0.036      -0.013      -0.002       0.052       0.104       0.113       0.134
    FIN3             0.061       0.080       0.090       0.139       0.188       0.197       0.215

 RIX      WITH
    RIY             -0.298      -0.259      -0.242      -0.150      -0.063      -0.046      -0.013
    RIM             -0.342      -0.298      -0.279      -0.176      -0.084      -0.066      -0.032

 RIY      WITH
    RIM              0.429       0.459       0.473       0.543       0.615       0.630       0.659

 WX1      WITH
    WY1             -0.130      -0.096      -0.081       0.005       0.092       0.108       0.139
    WM1             -0.134      -0.092      -0.071       0.034       0.143       0.165       0.206

 WY1      WITH
    WM1              0.041       0.088       0.111       0.228       0.336       0.355       0.397

 WX2      WITH
    WY2             -0.089      -0.052      -0.033       0.057       0.144       0.160       0.189
    WM2             -0.117      -0.091      -0.077      -0.004       0.070       0.085       0.113

 WY2      WITH
    WM2              0.203       0.231       0.243       0.307       0.366       0.377       0.397

 WX3      WITH
    WY3             -0.089      -0.052      -0.033       0.057       0.144       0.160       0.189
    WM3             -0.117      -0.091      -0.077      -0.004       0.070       0.085       0.113

 WY3      WITH
    WM3              0.203       0.231       0.243       0.307       0.366       0.377       0.397

 GENDER1  WITH
    AGE1            -0.085      -0.065      -0.056      -0.003       0.050       0.060       0.080
    EDUCATION_      -0.158      -0.140      -0.129      -0.077      -0.024      -0.013       0.008
    EDUCATION_      -0.127      -0.108      -0.098      -0.048       0.005       0.015       0.036
    UNEMPLOYED      -0.100      -0.079      -0.069      -0.015       0.037       0.048       0.067
    UNEMPLOYED      -0.103      -0.079      -0.068      -0.014       0.041       0.051       0.072
    FIN1            -0.049      -0.030      -0.020       0.034       0.085       0.096       0.116
    FIN2            -0.089      -0.068      -0.057      -0.003       0.050       0.061       0.079
    FIN3            -0.072      -0.051      -0.041       0.014       0.068       0.077       0.097

 AGE1     WITH
    EDUCATION_      -0.159      -0.142      -0.131      -0.078      -0.025      -0.016       0.003
    EDUCATION_      -0.119      -0.102      -0.092      -0.038       0.014       0.025       0.047
    UNEMPLOYED      -0.013       0.008       0.017       0.068       0.118       0.127       0.144
    UNEMPLOYED      -0.072      -0.051      -0.040       0.013       0.065       0.074       0.093
    FIN1            -0.096      -0.076      -0.066      -0.014       0.039       0.050       0.069
    FIN2            -0.108      -0.090      -0.078      -0.026       0.027       0.038       0.057
    FIN3            -0.111      -0.092      -0.083      -0.029       0.024       0.035       0.055

 EDUCATIO WITH
    EDUCATION_       0.394       0.412       0.421       0.468       0.514       0.523       0.538
    UNEMPLOYED      -0.326      -0.308      -0.298      -0.250      -0.200      -0.190      -0.172
    UNEMPLOYED      -0.179      -0.158      -0.149      -0.095      -0.039      -0.028      -0.005
    FIN1             0.059       0.079       0.089       0.142       0.195       0.205       0.225
    FIN2             0.082       0.101       0.111       0.164       0.215       0.225       0.242
    FIN3             0.079       0.098       0.108       0.161       0.213       0.223       0.241

 EDUCATIO WITH
    UNEMPLOYED      -0.235      -0.217      -0.207      -0.158      -0.107      -0.098      -0.077
    UNEMPLOYED      -0.187      -0.171      -0.164      -0.121      -0.075      -0.066      -0.049
    FIN1             0.089       0.109       0.120       0.173       0.226       0.237       0.258
    FIN2             0.134       0.151       0.160       0.212       0.262       0.272       0.290
    FIN3             0.134       0.154       0.164       0.215       0.265       0.275       0.293

 UNEMPLOY WITH
    UNEMPLOYED       0.040       0.065       0.077       0.146       0.214       0.229       0.257
    FIN1            -0.197      -0.177      -0.166      -0.108      -0.051      -0.040      -0.019
    FIN2            -0.184      -0.161      -0.152      -0.098      -0.043      -0.032      -0.014
    FIN3            -0.213      -0.193      -0.182      -0.129      -0.076      -0.065      -0.045

 UNEMPLOY WITH
    FIN1            -0.214      -0.193      -0.182      -0.123      -0.063      -0.051      -0.027
    FIN2            -0.170      -0.153      -0.143      -0.094      -0.045      -0.035      -0.017
    FIN3            -0.174      -0.155      -0.145      -0.091      -0.037      -0.026      -0.005

 FIN1     WITH
    FIN2             0.663       0.677       0.683       0.715       0.745       0.750       0.761
    FIN3             0.593       0.607       0.615       0.655       0.693       0.699       0.713

 FIN2     WITH
    FIN3             0.644       0.659       0.668       0.703       0.737       0.741       0.754

 Means
    GENDER1          1.243       1.267       1.279       1.350       1.427       1.443       1.476
    AGE1            31.618      31.784      31.878      32.399      33.018      33.146      33.447
    EDUCATION_       3.851       3.891       3.913       4.017       4.125       4.147       4.185
    EDUCATION_       3.631       3.671       3.690       3.786       3.886       3.904       3.944
    UNEMPLOYED       0.376       0.389       0.394       0.426       0.456       0.462       0.474
    UNEMPLOYED       0.228       0.239       0.245       0.275       0.304       0.309       0.319
    FIN1             4.183       4.240       4.266       4.405       4.564       4.597       4.654
    FIN2             4.335       4.386       4.415       4.568       4.733       4.768       4.823
    FIN3             4.084       4.142       4.173       4.334       4.508       4.547       4.621

 Intercepts
    X1              -3.250      -2.713      -2.411      -0.862       0.663       0.981       1.565
    X2              -3.265      -2.730      -2.422      -0.870       0.672       0.992       1.571
    X3              -3.294      -2.758      -2.449      -0.881       0.682       1.005       1.591
    Y1              -4.191      -3.606      -3.288      -1.798      -0.254       0.054       0.651
    Y2              -4.074      -3.520      -3.190      -1.745      -0.247       0.051       0.629
    Y3              -4.056      -3.492      -3.170      -1.732      -0.243       0.050       0.618
    M1              -4.864      -4.279      -3.986      -2.383      -0.807      -0.484       0.049
    M2              -4.553      -3.965      -3.695      -2.202      -0.746      -0.445       0.046
    M3              -4.523      -3.949      -3.681      -2.193      -0.739      -0.444       0.045

 Variances
    GENDER1          1.000       1.000       1.000       1.000       1.000       1.000       1.000
    AGE1             1.000       1.000       1.000       1.000       1.000       1.000       1.000
    EDUCATION_       1.000       1.000       1.000       1.000       1.000       1.000       1.000
    EDUCATION_       1.000       1.000       1.000       1.000       1.000       1.000       1.000
    UNEMPLOYED       1.000       1.000       1.000       1.000       1.000       1.000       1.000
    UNEMPLOYED       1.000       1.000       1.000       1.000       1.000       1.000       1.000
    FIN1             1.000       1.000       1.000       1.000       1.000       1.000       1.000
    FIN2             1.000       1.000       1.000       1.000       1.000       1.000       1.000
    FIN3             1.000       1.000       1.000       1.000       1.000       1.000       1.000
    RIX              1.000       1.000       1.000       1.000       1.000       1.000       1.000
    RIY              1.000       1.000       1.000       1.000       1.000       1.000       1.000
    RIM              1.000       1.000       1.000       1.000       1.000       1.000       1.000
    WX1              1.000       1.000       1.000       1.000       1.000       1.000       1.000
    WY1              1.000       1.000       1.000       1.000       1.000       1.000       1.000
    WM1              1.000       1.000       1.000       1.000       1.000       1.000       1.000

 Residual Variances
    X1               0.000       0.000       0.000       0.000       0.000       0.000       0.000
    X2               0.000       0.000       0.000       0.000       0.000       0.000       0.000
    X3               0.000       0.000       0.000       0.000       0.000       0.000       0.000
    Y1               0.000       0.000       0.000       0.000       0.000       0.000       0.000
    Y2               0.000       0.000       0.000       0.000       0.000       0.000       0.000
    Y3               0.000       0.000       0.000       0.000       0.000       0.000       0.000
    M1               0.000       0.000       0.000       0.000       0.000       0.000       0.000
    M2               0.000       0.000       0.000       0.000       0.000       0.000       0.000
    M3               0.000       0.000       0.000       0.000       0.000       0.000       0.000
    WX2              0.907       0.928       0.938       0.980       0.994       0.995       0.998
    WX3              0.895       0.919       0.928       0.977       0.993       0.995       0.997
    WY2              0.933       0.947       0.954       0.988       0.995       0.997       0.999
    WY3              0.922       0.940       0.948       0.987       0.994       0.996       0.998
    WM2              0.831       0.863       0.879       0.937       0.968       0.973       0.980
    WM3              0.791       0.827       0.843       0.913       0.954       0.961       0.972


     Beginning Time:  16:15:17
        Ending Time:  16:24:59
       Elapsed Time:  00:09:42



MUTHEN & MUTHEN
3463 Stoner Ave.
Los Angeles, CA  90066

Tel: (310) 391-9971
Fax: (310) 391-8971
Web: www.StatModel.com
Support: Support@StatModel.com

Copyright (c) 1998-2023 Muthen & Muthen
