Mplus VERSION 8.9
MUTHEN & MUTHEN
01/22/2025   4:25 PM

INPUT INSTRUCTIONS

  DATA:
    FILE IS "mplus.dat";
  VARIABLE:
    MISSING ARE ALL (-99);
    NAMES ARE id Gender1 Age1 Education_mother1 Education_father1
    unemployed_mother1 unemployed_father1 Fin1 Fin2 Fin3 Personal1
    Personal2 Personal3 Public1 Public2 Public3 Collective1
    Collective2 Collective3 Relational1 Relational2
    Relational3 Autonomy1 Autonomy2 Autonomy3 Relatedness1 Relatedness2
    Relatedness3 Competence1 Competence2 Competence3
    PA1 PA2 PA3 NA1 NA2 NA3 SWLS1 SWLS2 SWLS3;

  usevar =
  Gender1 Age1 Education_mother1 Education_father1
  unemployed_mother1 unemployed_father1 Fin1 Fin2 Fin3
  x1-x3 y1-y3 m1-m3 ;

  define:
  x1 = Collective1;
  x2 = Collective2;
  x3 = Collective3;

  m1 = Autonomy1;
  m2 = Autonomy2;
  m3 = Autonomy3;

  y1 = PA1;
  y2 = PA2;
  y3 = PA3;





  analysis:

  MODEL = NOCOV;
  bootstrap = 10000;


  MODEL:
  RIx BY x1@1 x2@1 x3@1;
  RIy BY y1@1 y2@1 y3@1;
  RIm BY m1@1 m2@1 m3@1;



  wx1 BY x1@1;
  wx2 BY x2@1;
  wx3 BY x3@1;



  wy1 BY y1@1;
  wy2 BY y2@1;
  wy3 BY y3@1;



  wm1 By m1@1;
  wm2 By m2@1;
  wm3 By m3@1;


  x1-m3@0;


  wy2 ON wy1 (a );
  wy3 ON wy2 (a );


  wx2 ON wx1 (b );
  wx3 ON wx2 (b );


  wm2 ON wm1  (c);
  wm3 ON wm2  (c);


  wy2 ON  wx1 wm1  (d e);
  wy3 ON  wx2 wm2  (d e);


  wx2 ON wy1 wm1  (f j);
  wx3 ON wy2 wm2  (f j);


  wm2 ON wx1 wy1   (h i);
  wm3 ON wx2 wy2   (h i);


  RIx RIy RIm  with RIx RIy RIm ;

  wx1 wy1 wm1 with wx1 wy1 wm1;
  wx2 wy2 wm2 with wx2 wy2 wm2 (cov1 cov2 cov3);
  wx3 wy3 wm3 with wx3 wy3 wm3 (cov1 cov2 cov3);

  wx2 (vx); wy2 (vy); wm2 (vm);
  wx3 (vx); wy3 (vy); wm3 (vm);

  x1-m3 on Gender1 Age1 Education_mother1 Education_father1
  unemployed_mother1 unemployed_father1 ;

  x1 y1 m1 on Fin1;
  x2 y2 m2 on Fin2;
  x3 y3 m3 on Fin3;

  Gender1 -Fin3 with Gender1 -Fin3;

  [x1-x3] (mx);
  [m1-m3] (mm);
  [y1-y3] (my);

  model constraint:
  new (ind);
  ind = h*e;

  output: cinterval (boot) stdyx;



*** WARNING in VARIABLE command
  Note that only the first 8 characters of variable names are used in the output.
  Shorten variable names to avoid any confusion.
   1 WARNING(S) FOUND IN THE INPUT INSTRUCTIONS




SUMMARY OF ANALYSIS

Number of groups                                                 1
Number of observations                                         971

Number of dependent variables                                    9
Number of independent variables                                  9
Number of continuous latent variables                           12

Observed dependent variables

  Continuous
   X1          X2          X3          Y1          Y2          Y3
   M1          M2          M3

Observed independent variables
   GENDER1     AGE1        EDUCATIO    EDUCATIO    UNEMPLOY    UNEMPLOY
   FIN1        FIN2        FIN3

Continuous latent variables
   RIX         RIY         RIM         WX1         WX2         WX3
   WY1         WY2         WY3         WM1         WM2         WM3


Estimator                                                       ML
Information matrix                                        OBSERVED
Maximum number of iterations                                  1000
Convergence criterion                                    0.500D-04
Maximum number of steepest descent iterations                   20
Maximum number of iterations for H1                           2000
Convergence criterion for H1                             0.100D-03
Number of bootstrap draws
    Requested                                                10000
    Completed                                                10000

Input data file(s)
  mplus.dat

Input data format  FREE


SUMMARY OF DATA

     Number of missing data patterns            19


COVARIANCE COVERAGE OF DATA

Minimum covariance coverage value   0.100


     PROPORTION OF DATA PRESENT


           Covariance Coverage
              X1            X2            X3            Y1            Y2
              ________      ________      ________      ________      ________
 X1             1.000
 X2             1.000         1.000
 X3             1.000         1.000         1.000
 Y1             1.000         1.000         1.000         1.000
 Y2             1.000         1.000         1.000         1.000         1.000
 Y3             1.000         1.000         1.000         1.000         1.000
 M1             1.000         1.000         1.000         1.000         1.000
 M2             1.000         1.000         1.000         1.000         1.000
 M3             1.000         1.000         1.000         1.000         1.000
 GENDER1        0.998         0.998         0.998         0.998         0.998
 AGE1           0.999         0.999         0.999         0.999         0.999
 EDUCATIO       0.994         0.994         0.994         0.994         0.994
 EDUCATIO       0.991         0.991         0.991         0.991         0.991
 UNEMPLOY       0.992         0.992         0.992         0.992         0.992
 UNEMPLOY       0.974         0.974         0.974         0.974         0.974
 FIN1           0.994         0.994         0.994         0.994         0.994
 FIN2           0.991         0.991         0.991         0.991         0.991
 FIN3           0.991         0.991         0.991         0.991         0.991


           Covariance Coverage
              Y3            M1            M2            M3            GENDER1
              ________      ________      ________      ________      ________
 Y3             1.000
 M1             1.000         1.000
 M2             1.000         1.000         1.000
 M3             1.000         1.000         1.000         1.000
 GENDER1        0.998         0.998         0.998         0.998         0.998
 AGE1           0.999         0.999         0.999         0.999         0.997
 EDUCATIO       0.994         0.994         0.994         0.994         0.992
 EDUCATIO       0.991         0.991         0.991         0.991         0.989
 UNEMPLOY       0.992         0.992         0.992         0.992         0.990
 UNEMPLOY       0.974         0.974         0.974         0.974         0.972
 FIN1           0.994         0.994         0.994         0.994         0.992
 FIN2           0.991         0.991         0.991         0.991         0.990
 FIN3           0.991         0.991         0.991         0.991         0.989


           Covariance Coverage
              AGE1          EDUCATIO      EDUCATIO      UNEMPLOY      UNEMPLOY
              ________      ________      ________      ________      ________
 AGE1           0.999
 EDUCATIO       0.993         0.994
 EDUCATIO       0.990         0.987         0.991
 UNEMPLOY       0.991         0.989         0.984         0.992
 UNEMPLOY       0.973         0.969         0.970         0.968         0.974
 FIN1           0.993         0.989         0.986         0.988         0.969
 FIN2           0.990         0.985         0.981         0.982         0.965
 FIN3           0.990         0.985         0.981         0.982         0.965


           Covariance Coverage
              FIN1          FIN2          FIN3
              ________      ________      ________
 FIN1           0.994
 FIN2           0.986         0.991
 FIN3           0.986         0.984         0.991



UNIVARIATE SAMPLE STATISTICS


     UNIVARIATE HIGHER-ORDER MOMENT DESCRIPTIVE STATISTICS

         Variable/         Mean/     Skewness/   Minimum/ % with                Percentiles
        Sample Size      Variance    Kurtosis    Maximum  Min/Max      20%/60%    40%/80%    Median

     X1                   -0.016      -0.143      -2.873    0.10%      -0.797     -0.233     -0.038
             971.000       0.819      -0.348       2.189    0.10%       0.260      0.790
     X2                   -0.011      -0.022      -3.048    0.10%      -0.793     -0.286     -0.009
             971.000       0.851      -0.289       2.197    0.10%       0.236      0.781
     X3                   -0.011      -0.129      -3.182    0.10%      -0.752     -0.288     -0.038
             971.000       0.856      -0.090       2.266    0.10%       0.220      0.793
     Y1                    0.000      -0.852      -2.603    0.10%      -0.536     -0.025      0.104
             971.000       0.467       0.543       1.028    0.82%       0.246      0.602
     Y2                    0.000      -0.845      -2.692    0.10%      -0.615     -0.025      0.114
             971.000       0.536       0.375       1.046    1.03%       0.272      0.639
     Y3                    0.000      -0.937      -2.754    0.10%      -0.553     -0.036      0.085
             971.000       0.499       0.856       0.988    1.44%       0.256      0.610
     M1                   -0.011      -0.113      -2.043    0.10%      -0.393     -0.135     -0.018
             971.000       0.220       0.142       1.071    1.24%       0.092      0.393
     M2                   -0.010      -0.062      -1.617    0.10%      -0.431     -0.133     -0.005
             971.000       0.273       0.011       1.172    2.37%       0.109      0.420
     M3                   -0.009       0.040      -1.447    0.10%      -0.484     -0.148     -0.035
             971.000       0.292      -0.337       1.198    2.16%       0.100      0.476
     GENDER1               0.646      -0.611       0.000   35.40%       0.000      1.000      1.000
             969.000       0.229      -1.627       1.000   64.60%       1.000      1.000
     AGE1                 15.638      -0.547      15.000   36.29%      15.000     16.000     16.000
             970.000       0.233      -1.625      17.000    0.10%      16.000     16.000
     EDUCATION_MOTHE       3.907      -0.084       1.000    0.31%       3.000      3.000      4.000
             965.000       0.945      -1.378       5.000   39.17%       4.000      5.000
     EDUCATION_FATHE       3.754       0.093       1.000    0.62%       3.000      3.000      3.000
             962.000       0.984      -1.211       5.000   33.78%       4.000      5.000
     UNEMPLOYED_MOTH       0.154       1.921       0.000   84.63%       0.000      0.000      0.000
             963.000       0.130       1.688       1.000   15.37%       0.000      0.000
     UNEMPLOYED_FATH       0.070       3.378       0.000   93.02%       0.000      0.000      0.000
             946.000       0.065       9.408       1.000    6.98%       0.000      0.000
     FIN1                  3.754      -0.071       1.000    0.31%       3.000      3.000      4.000
             965.000       0.726      -0.634       5.000   21.55%       4.000      5.000
     FIN2                  3.777      -0.071       1.000    0.42%       3.000      4.000      4.000
             962.000       0.685      -0.517       5.000   21.21%       4.000      5.000
     FIN3                  3.756      -0.179       1.000    0.94%       3.000      3.000      4.000
             962.000       0.750      -0.296       5.000   21.93%       4.000      5.000


THE MODEL ESTIMATION TERMINATED NORMALLY



MODEL FIT INFORMATION

Number of Free Parameters                      147

Loglikelihood

          H0 Value                      -14191.358
          H1 Value                      -14134.652

Information Criteria

          Akaike (AIC)                   28676.716
          Bayesian (BIC)                 29393.830
          Sample-Size Adjusted BIC       28926.959
            (n* = (n + 2) / 24)

Chi-Square Test of Model Fit

          Value                            113.412
          Degrees of Freedom                    42
          P-Value                           0.0000

RMSEA (Root Mean Square Error Of Approximation)

          Estimate                           0.042
          90 Percent C.I.                    0.033  0.051
          Probability RMSEA <= .05           0.923

CFI/TLI

          CFI                                0.983
          TLI                                0.953

Chi-Square Test of Model Fit for the Baseline Model

          Value                           4393.496
          Degrees of Freedom                   117
          P-Value                           0.0000

SRMR (Standardized Root Mean Square Residual)

          Value                              0.041



MODEL RESULTS

                                                    Two-Tailed
                    Estimate       S.E.  Est./S.E.    P-Value

 RIX      BY
    X1                 1.000      0.000    999.000    999.000
    X2                 1.000      0.000    999.000    999.000
    X3                 1.000      0.000    999.000    999.000

 RIY      BY
    Y1                 1.000      0.000    999.000    999.000
    Y2                 1.000      0.000    999.000    999.000
    Y3                 1.000      0.000    999.000    999.000

 RIM      BY
    M1                 1.000      0.000    999.000    999.000
    M2                 1.000      0.000    999.000    999.000
    M3                 1.000      0.000    999.000    999.000

 WX1      BY
    X1                 1.000      0.000    999.000    999.000

 WX2      BY
    X2                 1.000      0.000    999.000    999.000

 WX3      BY
    X3                 1.000      0.000    999.000    999.000

 WY1      BY
    Y1                 1.000      0.000    999.000    999.000

 WY2      BY
    Y2                 1.000      0.000    999.000    999.000

 WY3      BY
    Y3                 1.000      0.000    999.000    999.000

 WM1      BY
    M1                 1.000      0.000    999.000    999.000

 WM2      BY
    M2                 1.000      0.000    999.000    999.000

 WM3      BY
    M3                 1.000      0.000    999.000    999.000

 WY2      ON
    WY1               -0.007      0.079     -0.093      0.926
    WX1                0.018      0.042      0.434      0.665
    WM1                0.078      0.068      1.150      0.250

 WY3      ON
    WY2               -0.007      0.079     -0.093      0.926
    WX2                0.018      0.042      0.434      0.665
    WM2                0.078      0.068      1.150      0.250

 WX2      ON
    WX1                0.093      0.067      1.380      0.168
    WY1                0.037      0.051      0.716      0.474
    WM1                0.007      0.079      0.083      0.934

 WX3      ON
    WX2                0.093      0.067      1.380      0.168
    WY2                0.037      0.051      0.716      0.474
    WM2                0.007      0.079      0.083      0.934

 WM2      ON
    WM1                0.222      0.061      3.616      0.000
    WX1               -0.023      0.030     -0.764      0.445
    WY1                0.057      0.035      1.626      0.104

 WM3      ON
    WM2                0.222      0.061      3.616      0.000
    WX2               -0.023      0.030     -0.764      0.445
    WY2                0.057      0.035      1.626      0.104

 X1       ON
    GENDER1           -0.198      0.063     -3.132      0.002
    AGE1              -0.004      0.055     -0.065      0.948
    EDUCATION_        -0.023      0.034     -0.675      0.499
    EDUCATION_         0.023      0.034      0.691      0.490
    UNEMPLOYED        -0.012      0.078     -0.155      0.877
    UNEMPLOYED         0.071      0.119      0.598      0.550
    FIN1               0.117      0.030      3.856      0.000

 X2       ON
    GENDER1           -0.118      0.065     -1.823      0.068
    AGE1              -0.012      0.055     -0.213      0.832
    EDUCATION_        -0.034      0.035     -0.983      0.326
    EDUCATION_         0.022      0.035      0.640      0.522
    UNEMPLOYED        -0.006      0.079     -0.081      0.935
    UNEMPLOYED         0.179      0.127      1.403      0.161
    FIN2               0.148      0.031      4.736      0.000

 X3       ON
    GENDER1           -0.149      0.064     -2.318      0.020
    AGE1              -0.001      0.055     -0.018      0.986
    EDUCATION_        -0.029      0.034     -0.847      0.397
    EDUCATION_         0.015      0.033      0.459      0.646
    UNEMPLOYED         0.046      0.083      0.562      0.574
    UNEMPLOYED         0.151      0.126      1.199      0.231
    FIN3               0.110      0.031      3.590      0.000

 Y1       ON
    GENDER1           -0.128      0.045     -2.832      0.005
    AGE1               0.042      0.039      1.066      0.287
    EDUCATION_         0.020      0.026      0.767      0.443
    EDUCATION_        -0.005      0.024     -0.194      0.846
    UNEMPLOYED         0.006      0.067      0.083      0.934
    UNEMPLOYED         0.069      0.095      0.732      0.464
    FIN1               0.142      0.023      6.228      0.000

 Y2       ON
    GENDER1           -0.117      0.049     -2.402      0.016
    AGE1               0.046      0.040      1.152      0.249
    EDUCATION_         0.006      0.028      0.216      0.829
    EDUCATION_        -0.003      0.028     -0.109      0.914
    UNEMPLOYED        -0.143      0.067     -2.128      0.033
    UNEMPLOYED         0.099      0.097      1.016      0.310
    FIN2               0.141      0.026      5.426      0.000

 Y3       ON
    GENDER1           -0.061      0.047     -1.310      0.190
    AGE1               0.028      0.039      0.717      0.473
    EDUCATION_         0.008      0.028      0.294      0.768
    EDUCATION_         0.015      0.025      0.581      0.561
    UNEMPLOYED        -0.024      0.062     -0.389      0.697
    UNEMPLOYED         0.156      0.089      1.750      0.080
    FIN3               0.181      0.024      7.551      0.000

 M1       ON
    GENDER1           -0.023      0.031     -0.733      0.464
    AGE1               0.045      0.028      1.616      0.106
    EDUCATION_        -0.033      0.019     -1.747      0.081
    EDUCATION_         0.007      0.018      0.384      0.701
    UNEMPLOYED         0.012      0.045      0.275      0.783
    UNEMPLOYED         0.116      0.062      1.858      0.063
    FIN1               0.095      0.016      5.805      0.000

 M2       ON
    GENDER1           -0.067      0.033     -2.005      0.045
    AGE1               0.046      0.028      1.679      0.093
    EDUCATION_        -0.025      0.020     -1.250      0.211
    EDUCATION_        -0.001      0.020     -0.058      0.954
    UNEMPLOYED        -0.021      0.050     -0.426      0.670
    UNEMPLOYED        -0.021      0.063     -0.328      0.743
    FIN2               0.099      0.018      5.423      0.000

 M3       ON
    GENDER1           -0.018      0.037     -0.490      0.624
    AGE1               0.040      0.028      1.449      0.147
    EDUCATION_        -0.022      0.021     -1.030      0.303
    EDUCATION_         0.013      0.021      0.632      0.528
    UNEMPLOYED         0.001      0.050      0.028      0.978
    UNEMPLOYED         0.065      0.063      1.032      0.302
    FIN3               0.097      0.020      4.798      0.000

 RIX      WITH
    RIY                0.137      0.019      7.335      0.000
    RIM                0.097      0.014      6.961      0.000

 RIY      WITH
    RIM                0.100      0.011      9.408      0.000

 WX1      WITH
    WY1                0.007      0.012      0.596      0.551
    WM1                0.013      0.009      1.406      0.160

 WY1      WITH
    WM1                0.031      0.008      3.677      0.000

 WX2      WITH
    WY2                0.043      0.012      3.498      0.000
    WM2                0.028      0.010      2.939      0.003

 WY2      WITH
    WM2                0.056      0.008      7.190      0.000

 WX3      WITH
    WY3                0.043      0.012      3.498      0.000
    WM3                0.028      0.010      2.939      0.003

 WY3      WITH
    WM3                0.056      0.008      7.190      0.000

 GENDER1  WITH
    AGE1              -0.001      0.007     -0.083      0.933
    EDUCATION_        -0.036      0.015     -2.379      0.017
    EDUCATION_        -0.022      0.015     -1.461      0.144
    UNEMPLOYED        -0.003      0.006     -0.500      0.617
    UNEMPLOYED        -0.002      0.004     -0.403      0.687
    FIN1               0.014      0.013      1.082      0.279
    FIN2              -0.001      0.013     -0.079      0.937
    FIN3               0.006      0.014      0.441      0.659

 AGE1     WITH
    EDUCATION_        -0.037      0.015     -2.445      0.014
    EDUCATION_        -0.018      0.015     -1.182      0.237
    UNEMPLOYED         0.012      0.005      2.224      0.026
    UNEMPLOYED         0.002      0.004      0.436      0.663
    FIN1              -0.006      0.013     -0.420      0.674
    FIN2              -0.010      0.013     -0.783      0.434
    FIN3              -0.012      0.014     -0.906      0.365

 EDUCATIO WITH
    EDUCATION_         0.452      0.030     14.924      0.000
    UNEMPLOYED        -0.088      0.012     -7.488      0.000
    UNEMPLOYED        -0.024      0.009     -2.741      0.006
    FIN1               0.119      0.027      4.383      0.000
    FIN2               0.132      0.026      5.129      0.000
    FIN3               0.136      0.027      4.992      0.000

 EDUCATIO WITH
    UNEMPLOYED        -0.057      0.011     -4.942      0.000
    UNEMPLOYED        -0.031      0.007     -4.103      0.000
    FIN1               0.146      0.028      5.260      0.000
    FIN2               0.173      0.026      6.619      0.000
    FIN3               0.184      0.027      6.806      0.000

 UNEMPLOY WITH
    UNEMPLOYED         0.013      0.004      3.263      0.001
    FIN1              -0.033      0.011     -3.035      0.002
    FIN2              -0.029      0.010     -2.917      0.004
    FIN3              -0.041      0.010     -3.883      0.000

 UNEMPLOY WITH
    FIN1              -0.027      0.008     -3.182      0.001
    FIN2              -0.019      0.007     -2.954      0.003
    FIN3              -0.020      0.008     -2.653      0.008

 FIN1     WITH
    FIN2               0.504      0.025     20.368      0.000
    FIN3               0.484      0.025     19.213      0.000

 FIN2     WITH
    FIN3               0.504      0.024     20.758      0.000

 Means
    GENDER1            0.646      0.015     42.453      0.000
    AGE1              15.638      0.016   1007.271      0.000
    EDUCATION_         3.906      0.031    124.211      0.000
    EDUCATION_         3.754      0.032    116.386      0.000
    UNEMPLOYED         0.154      0.012     13.356      0.000
    UNEMPLOYED         0.070      0.008      8.378      0.000
    FIN1               3.755      0.027    138.360      0.000
    FIN2               3.775      0.027    141.559      0.000
    FIN3               3.753      0.028    133.406      0.000

 Intercepts
    X1                -0.272      0.877     -0.310      0.756
    X2                -0.272      0.877     -0.310      0.756
    X3                -0.272      0.877     -0.310      0.756
    Y1                -1.174      0.633     -1.855      0.064
    Y2                -1.174      0.633     -1.855      0.064
    Y3                -1.174      0.633     -1.855      0.064
    M1                -0.959      0.443     -2.166      0.030
    M2                -0.959      0.443     -2.166      0.030
    M3                -0.959      0.443     -2.166      0.030

 Variances
    GENDER1            0.229      0.004     51.271      0.000
    AGE1               0.233      0.005     50.731      0.000
    EDUCATION_         0.946      0.025     38.618      0.000
    EDUCATION_         0.984      0.028     34.932      0.000
    UNEMPLOYED         0.130      0.008     16.315      0.000
    UNEMPLOYED         0.065      0.007      9.065      0.000
    FIN1               0.727      0.028     26.419      0.000
    FIN2               0.684      0.027     25.732      0.000
    FIN3               0.750      0.032     23.565      0.000
    RIX                0.528      0.031     16.899      0.000
    RIY                0.252      0.020     12.680      0.000
    RIM                0.119      0.010     12.094      0.000
    WX1                0.290      0.025     11.741      0.000
    WY1                0.186      0.017     10.660      0.000
    WM1                0.085      0.009      9.612      0.000

 Residual Variances
    X1                 0.000      0.000    999.000    999.000
    X2                 0.000      0.000    999.000    999.000
    X3                 0.000      0.000    999.000    999.000
    Y1                 0.000      0.000    999.000    999.000
    Y2                 0.000      0.000    999.000    999.000
    Y3                 0.000      0.000    999.000    999.000
    M1                 0.000      0.000    999.000    999.000
    M2                 0.000      0.000    999.000    999.000
    M3                 0.000      0.000    999.000    999.000
    WX2                0.276      0.022     12.653      0.000
    WX3                0.276      0.022     12.653      0.000
    WY2                0.216      0.018     11.884      0.000
    WY3                0.216      0.018     11.884      0.000
    WM2                0.142      0.007     20.412      0.000
    WM3                0.142      0.007     20.412      0.000

New/Additional Parameters
    IND               -0.002      0.004     -0.516      0.606


STANDARDIZED MODEL RESULTS


STDYX Standardization

                                                    Two-Tailed
                    Estimate       S.E.  Est./S.E.    P-Value

 RIX      BY
    X1                 0.794      0.017     47.575      0.000
    X2                 0.799      0.018     43.685      0.000
    X3                 0.801      0.018     43.743      0.000

 RIY      BY
    Y1                 0.743      0.022     34.261      0.000
    Y2                 0.718      0.024     30.149      0.000
    Y3                 0.712      0.024     29.228      0.000

 RIM      BY
    M1                 0.750      0.027     28.217      0.000
    M2                 0.659      0.023     29.118      0.000
    M3                 0.655      0.024     27.138      0.000

 WX1      BY
    X1                 0.589      0.022     27.085      0.000

 WX2      BY
    X2                 0.581      0.024     23.829      0.000

 WX3      BY
    X3                 0.583      0.025     23.399      0.000

 WY1      BY
    Y1                 0.638      0.024     26.721      0.000

 WY2      BY
    Y2                 0.665      0.025     26.483      0.000

 WY3      BY
    Y3                 0.661      0.025     26.259      0.000

 WM1      BY
    M1                 0.632      0.030     21.001      0.000

 WM2      BY
    M2                 0.732      0.020     36.370      0.000

 WM3      BY
    M3                 0.737      0.021     34.906      0.000

 WY2      ON
    WY1               -0.007      0.073     -0.093      0.926
    WX1                0.021      0.048      0.435      0.664
    WM1                0.049      0.043      1.139      0.255

 WY3      ON
    WY2               -0.007      0.079     -0.093      0.926
    WX2                0.020      0.047      0.432      0.666
    WM2                0.065      0.056      1.148      0.251

 WX2      ON
    WX1                0.095      0.067      1.428      0.153
    WY1                0.030      0.042      0.722      0.470
    WM1                0.004      0.044      0.083      0.934

 WX3      ON
    WX2                0.093      0.067      1.383      0.167
    WY2                0.032      0.045      0.716      0.474
    WM2                0.005      0.057      0.083      0.934

 WM2      ON
    WM1                0.169      0.049      3.427      0.001
    WX1               -0.032      0.043     -0.754      0.451
    WY1                0.064      0.039      1.639      0.101

 WM3      ON
    WM2                0.219      0.059      3.690      0.000
    WX2               -0.031      0.041     -0.766      0.444
    WY2                0.068      0.042      1.612      0.107

 X1       ON
    GENDER1           -0.104      0.033     -3.120      0.002
    AGE1              -0.002      0.029     -0.065      0.948
    EDUCATION_        -0.025      0.037     -0.676      0.499
    EDUCATION_         0.025      0.036      0.691      0.489
    UNEMPLOYED        -0.005      0.031     -0.155      0.877
    UNEMPLOYED         0.020      0.033      0.603      0.546
    FIN1               0.109      0.028      3.870      0.000

 X2       ON
    GENDER1           -0.062      0.034     -1.825      0.068
    AGE1              -0.006      0.029     -0.213      0.831
    EDUCATION_        -0.036      0.037     -0.984      0.325
    EDUCATION_         0.024      0.038      0.641      0.521
    UNEMPLOYED        -0.003      0.031     -0.081      0.935
    UNEMPLOYED         0.050      0.035      1.413      0.158
    FIN2               0.134      0.028      4.722      0.000

 X3       ON
    GENDER1           -0.079      0.034     -2.319      0.020
    AGE1              -0.001      0.029     -0.018      0.986
    EDUCATION_        -0.031      0.037     -0.849      0.396
    EDUCATION_         0.017      0.037      0.461      0.645
    UNEMPLOYED         0.018      0.033      0.564      0.573
    UNEMPLOYED         0.042      0.035      1.208      0.227
    FIN3               0.105      0.029      3.608      0.000

 Y1       ON
    GENDER1           -0.091      0.032     -2.822      0.005
    AGE1               0.030      0.028      1.069      0.285
    EDUCATION_         0.029      0.038      0.768      0.443
    EDUCATION_        -0.007      0.035     -0.194      0.846
    UNEMPLOYED         0.003      0.035      0.083      0.934
    UNEMPLOYED         0.026      0.035      0.736      0.461
    FIN1               0.180      0.029      6.106      0.000

 Y2       ON
    GENDER1           -0.080      0.033     -2.404      0.016
    AGE1               0.032      0.028      1.153      0.249
    EDUCATION_         0.008      0.039      0.216      0.829
    EDUCATION_        -0.004      0.040     -0.109      0.913
    UNEMPLOYED        -0.073      0.034     -2.138      0.033
    UNEMPLOYED         0.036      0.035      1.021      0.307
    FIN2               0.167      0.031      5.410      0.000

 Y3       ON
    GENDER1           -0.042      0.032     -1.309      0.190
    AGE1               0.019      0.027      0.717      0.473
    EDUCATION_         0.011      0.038      0.295      0.768
    EDUCATION_         0.021      0.036      0.582      0.560
    UNEMPLOYED        -0.012      0.032     -0.390      0.696
    UNEMPLOYED         0.056      0.032      1.761      0.078
    FIN3               0.222      0.029      7.620      0.000

 M1       ON
    GENDER1           -0.023      0.032     -0.734      0.463
    AGE1               0.047      0.029      1.615      0.106
    EDUCATION_        -0.070      0.040     -1.757      0.079
    EDUCATION_         0.015      0.038      0.384      0.701
    UNEMPLOYED         0.010      0.035      0.275      0.783
    UNEMPLOYED         0.064      0.034      1.868      0.062
    FIN1               0.176      0.030      5.870      0.000

 M2       ON
    GENDER1           -0.061      0.030     -2.016      0.044
    AGE1               0.043      0.025      1.677      0.094
    EDUCATION_        -0.047      0.037     -1.254      0.210
    EDUCATION_        -0.002      0.037     -0.058      0.954
    UNEMPLOYED        -0.015      0.035     -0.427      0.669
    UNEMPLOYED        -0.010      0.031     -0.329      0.742
    FIN2               0.157      0.029      5.492      0.000

 M3       ON
    GENDER1           -0.016      0.033     -0.491      0.624
    AGE1               0.037      0.025      1.448      0.148
    EDUCATION_        -0.040      0.039     -1.033      0.302
    EDUCATION_         0.024      0.039      0.632      0.527
    UNEMPLOYED         0.001      0.034      0.028      0.978
    UNEMPLOYED         0.031      0.030      1.037      0.300
    FIN3               0.159      0.032      4.937      0.000

 RIX      WITH
    RIY                0.376      0.044      8.494      0.000
    RIM                0.387      0.051      7.577      0.000

 RIY      WITH
    RIM                0.575      0.039     14.741      0.000

 WX1      WITH
    WY1                0.032      0.053      0.596      0.551
    WM1                0.083      0.058      1.428      0.153

 WY1      WITH
    WM1                0.247      0.057      4.313      0.000

 WX2      WITH
    WY2                0.176      0.048      3.681      0.000
    WM2                0.142      0.047      3.000      0.003

 WY2      WITH
    WM2                0.318      0.038      8.355      0.000

 WX3      WITH
    WY3                0.176      0.048      3.681      0.000
    WM3                0.142      0.047      3.000      0.003

 WY3      WITH
    WM3                0.318      0.038      8.355      0.000

 GENDER1  WITH
    AGE1              -0.003      0.032     -0.083      0.934
    EDUCATION_        -0.077      0.032     -2.375      0.018
    EDUCATION_        -0.046      0.032     -1.461      0.144
    UNEMPLOYED        -0.016      0.032     -0.500      0.617
    UNEMPLOYED        -0.013      0.033     -0.402      0.688
    FIN1               0.035      0.032      1.082      0.279
    FIN2              -0.003      0.033     -0.079      0.937
    FIN3               0.015      0.033      0.441      0.659

 AGE1     WITH
    EDUCATION_        -0.078      0.032     -2.442      0.015
    EDUCATION_        -0.038      0.032     -1.180      0.238
    UNEMPLOYED         0.069      0.031      2.237      0.025
    UNEMPLOYED         0.014      0.032      0.436      0.663
    FIN1              -0.013      0.032     -0.420      0.675
    FIN2              -0.025      0.032     -0.783      0.433
    FIN3              -0.029      0.032     -0.907      0.364

 EDUCATIO WITH
    EDUCATION_         0.469      0.028     16.552      0.000
    UNEMPLOYED        -0.250      0.030     -8.368      0.000
    UNEMPLOYED        -0.095      0.034     -2.839      0.005
    FIN1               0.143      0.032      4.465      0.000
    FIN2               0.164      0.031      5.225      0.000
    FIN3               0.162      0.032      5.054      0.000

 EDUCATIO WITH
    UNEMPLOYED        -0.158      0.031     -5.182      0.000
    UNEMPLOYED        -0.121      0.027     -4.482      0.000
    FIN1               0.172      0.032      5.308      0.000
    FIN2               0.211      0.031      6.840      0.000
    FIN3               0.214      0.031      7.014      0.000

 UNEMPLOY WITH
    UNEMPLOYED         0.146      0.042      3.472      0.001
    FIN1              -0.108      0.035     -3.097      0.002
    FIN2              -0.098      0.033     -2.955      0.003
    FIN3              -0.130      0.032     -3.996      0.000

 UNEMPLOY WITH
    FIN1              -0.122      0.036     -3.365      0.001
    FIN2              -0.093      0.030     -3.093      0.002
    FIN3              -0.090      0.033     -2.751      0.006

 FIN1     WITH
    FIN2               0.716      0.019     38.332      0.000
    FIN3               0.656      0.024     27.864      0.000

 FIN2     WITH
    FIN3               0.703      0.021     33.375      0.000

 Means
    GENDER1            1.351      0.045     29.938      0.000
    AGE1              32.399      0.350     92.493      0.000
    EDUCATION_         4.015      0.064     62.424      0.000
    EDUCATION_         3.785      0.060     63.173      0.000
    UNEMPLOYED         0.427      0.019     22.557      0.000
    UNEMPLOYED         0.274      0.018     15.506      0.000
    FIN1               4.404      0.092     48.124      0.000
    FIN2               4.566      0.096     47.381      0.000
    FIN3               4.333      0.102     42.318      0.000

 Intercepts
    X1                -0.298      0.958     -0.311      0.756
    X2                -0.299      0.965     -0.310      0.756
    X3                -0.300      0.967     -0.311      0.756
    Y1                -1.736      0.930     -1.866      0.062
    Y2                -1.677      0.903     -1.857      0.063
    Y3                -1.664      0.896     -1.858      0.063
    M1                -2.082      0.961     -2.168      0.030
    M2                -1.829      0.846     -2.163      0.031
    M3                -1.819      0.841     -2.164      0.030

 Variances
    GENDER1            1.000      0.000    999.000    999.000
    AGE1               1.000      0.000    999.000    999.000
    EDUCATION_         1.000      0.000    999.000    999.000
    EDUCATION_         1.000      0.000    999.000    999.000
    UNEMPLOYED         1.000      0.000    999.000    999.000
    UNEMPLOYED         1.000      0.000    999.000    999.000
    FIN1               1.000      0.000    999.000    999.000
    FIN2               1.000      0.000    999.000    999.000
    FIN3               1.000      0.000    999.000    999.000
    RIX                1.000      0.000    999.000    999.000
    RIY                1.000      0.000    999.000    999.000
    RIM                1.000      0.000    999.000    999.000
    WX1                1.000      0.000    999.000    999.000
    WY1                1.000      0.000    999.000    999.000
    WM1                1.000      0.000    999.000    999.000

 Residual Variances
    X1                 0.000      0.000      0.000      1.000
    X2                 0.000      0.000      0.000      1.000
    X3                 0.000      0.000      0.000      1.000
    Y1                 0.000      0.000      0.000      1.000
    Y2                 0.000      0.000      0.000      1.000
    Y3                 0.000      0.000      0.000      1.000
    M1                 0.000      0.000      0.000      1.000
    M2                 0.000      0.000      0.000      1.000
    M3                 0.000      0.000      0.000      1.000
    WX2                0.990      0.015     66.006      0.000
    WX3                0.989      0.017     56.964      0.000
    WY2                0.997      0.009    109.677      0.000
    WY3                0.995      0.012     81.789      0.000
    WM2                0.962      0.020     48.069      0.000
    WM3                0.939      0.029     32.206      0.000


R-SQUARE

    Observed                                        Two-Tailed
    Variable        Estimate       S.E.  Est./S.E.    P-Value

    X1                 1.000      0.000    999.000    999.000
    X2                 1.000      0.000    999.000    999.000
    X3                 1.000      0.000    999.000    999.000
    Y1                 1.000      0.000    999.000    999.000
    Y2                 1.000      0.000    999.000    999.000
    Y3                 1.000      0.000    999.000    999.000
    M1                 1.000      0.000    999.000    999.000
    M2                 1.000      0.000    999.000    999.000
    M3                 1.000      0.000    999.000    999.000

     Latent                                         Two-Tailed
    Variable        Estimate       S.E.  Est./S.E.    P-Value

    WX2                0.010      0.015      0.682      0.495
    WX3                0.011      0.017      0.636      0.525
    WY2                0.003      0.009      0.317      0.751
    WY3                0.005      0.012      0.383      0.702
    WM2                0.038      0.020      1.893      0.058
    WM3                0.061      0.029      2.081      0.037


CONFIDENCE INTERVALS OF MODEL RESULTS

                  Lower .5%  Lower 2.5%    Lower 5%    Estimate    Upper 5%  Upper 2.5%   Upper .5%

 RIX      BY
    X1               1.000       1.000       1.000       1.000       1.000       1.000       1.000
    X2               1.000       1.000       1.000       1.000       1.000       1.000       1.000
    X3               1.000       1.000       1.000       1.000       1.000       1.000       1.000

 RIY      BY
    Y1               1.000       1.000       1.000       1.000       1.000       1.000       1.000
    Y2               1.000       1.000       1.000       1.000       1.000       1.000       1.000
    Y3               1.000       1.000       1.000       1.000       1.000       1.000       1.000

 RIM      BY
    M1               1.000       1.000       1.000       1.000       1.000       1.000       1.000
    M2               1.000       1.000       1.000       1.000       1.000       1.000       1.000
    M3               1.000       1.000       1.000       1.000       1.000       1.000       1.000

 WX1      BY
    X1               1.000       1.000       1.000       1.000       1.000       1.000       1.000

 WX2      BY
    X2               1.000       1.000       1.000       1.000       1.000       1.000       1.000

 WX3      BY
    X3               1.000       1.000       1.000       1.000       1.000       1.000       1.000

 WY1      BY
    Y1               1.000       1.000       1.000       1.000       1.000       1.000       1.000

 WY2      BY
    Y2               1.000       1.000       1.000       1.000       1.000       1.000       1.000

 WY3      BY
    Y3               1.000       1.000       1.000       1.000       1.000       1.000       1.000

 WM1      BY
    M1               1.000       1.000       1.000       1.000       1.000       1.000       1.000

 WM2      BY
    M2               1.000       1.000       1.000       1.000       1.000       1.000       1.000

 WM3      BY
    M3               1.000       1.000       1.000       1.000       1.000       1.000       1.000

 WY2      ON
    WY1             -0.195      -0.155      -0.133      -0.007       0.128       0.153       0.200
    WX1             -0.092      -0.066      -0.053       0.018       0.085       0.098       0.122
    WM1             -0.106      -0.061      -0.036       0.078       0.185       0.206       0.252

 WY3      ON
    WY2             -0.195      -0.155      -0.133      -0.007       0.128       0.153       0.200
    WX2             -0.092      -0.066      -0.053       0.018       0.085       0.098       0.122
    WM2             -0.106      -0.061      -0.036       0.078       0.185       0.206       0.252

 WX2      ON
    WX1             -0.067      -0.029      -0.012       0.093       0.212       0.234       0.273
    WY1             -0.100      -0.068      -0.049       0.037       0.120       0.137       0.168
    WM1             -0.190      -0.148      -0.125       0.007       0.137       0.163       0.214

 WX3      ON
    WX2             -0.067      -0.029      -0.012       0.093       0.212       0.234       0.273
    WY2             -0.100      -0.068      -0.049       0.037       0.120       0.137       0.168
    WM2             -0.190      -0.148      -0.125       0.007       0.137       0.163       0.214

 WM2      ON
    WM1              0.061       0.100       0.120       0.222       0.325       0.343       0.379
    WX1             -0.103      -0.082      -0.073      -0.023       0.026       0.036       0.055
    WY1             -0.032      -0.013      -0.002       0.057       0.114       0.125       0.147

 WM3      ON
    WM2              0.061       0.100       0.120       0.222       0.325       0.343       0.379
    WX2             -0.103      -0.082      -0.073      -0.023       0.026       0.036       0.055
    WY2             -0.032      -0.013      -0.002       0.057       0.114       0.125       0.147

 X1       ON
    GENDER1         -0.366      -0.325      -0.303      -0.198      -0.094      -0.075      -0.041
    AGE1            -0.145      -0.112      -0.095      -0.004       0.086       0.106       0.139
    EDUCATION_      -0.112      -0.091      -0.080      -0.023       0.033       0.043       0.063
    EDUCATION_      -0.067      -0.043      -0.032       0.023       0.077       0.088       0.110
    UNEMPLOYED      -0.216      -0.165      -0.139      -0.012       0.117       0.142       0.192
    UNEMPLOYED      -0.239      -0.162      -0.119       0.071       0.270       0.308       0.380
    FIN1             0.041       0.057       0.067       0.117       0.167       0.177       0.195

 X2       ON
    GENDER1         -0.287      -0.244      -0.225      -0.118      -0.011       0.007       0.051
    AGE1            -0.151      -0.120      -0.102      -0.012       0.078       0.097       0.128
    EDUCATION_      -0.120      -0.101      -0.091      -0.034       0.023       0.034       0.056
    EDUCATION_      -0.068      -0.045      -0.035       0.022       0.079       0.090       0.115
    UNEMPLOYED      -0.215      -0.162      -0.136      -0.006       0.124       0.147       0.194
    UNEMPLOYED      -0.155      -0.077      -0.034       0.179       0.386       0.425       0.501
    FIN2             0.069       0.086       0.095       0.148       0.198       0.208       0.227

 X3       ON
    GENDER1         -0.318      -0.277      -0.256      -0.149      -0.044      -0.023       0.019
    AGE1            -0.141      -0.110      -0.092      -0.001       0.089       0.107       0.141
    EDUCATION_      -0.117      -0.097      -0.086      -0.029       0.027       0.038       0.059
    EDUCATION_      -0.071      -0.050      -0.039       0.015       0.071       0.081       0.106
    UNEMPLOYED      -0.168      -0.117      -0.091       0.046       0.182       0.206       0.263
    UNEMPLOYED      -0.182      -0.096      -0.053       0.151       0.360       0.400       0.478
    FIN3             0.029       0.050       0.059       0.110       0.160       0.170       0.187

 Y1       ON
    GENDER1         -0.245      -0.216      -0.201      -0.128      -0.053      -0.039      -0.012
    AGE1            -0.062      -0.036      -0.024       0.042       0.106       0.118       0.143
    EDUCATION_      -0.047      -0.031      -0.023       0.020       0.063       0.072       0.089
    EDUCATION_      -0.068      -0.051      -0.043      -0.005       0.036       0.043       0.059
    UNEMPLOYED      -0.172      -0.126      -0.105       0.006       0.113       0.134       0.170
    UNEMPLOYED      -0.184      -0.121      -0.090       0.069       0.224       0.254       0.309
    FIN1             0.082       0.097       0.105       0.142       0.180       0.187       0.201

 Y2       ON
    GENDER1         -0.243      -0.213      -0.197      -0.117      -0.037      -0.022       0.008
    AGE1            -0.058      -0.033      -0.020       0.046       0.111       0.124       0.150
    EDUCATION_      -0.068      -0.050      -0.040       0.006       0.051       0.059       0.078
    EDUCATION_      -0.077      -0.058      -0.049      -0.003       0.044       0.053       0.071
    UNEMPLOYED      -0.320      -0.273      -0.250      -0.143      -0.031      -0.012       0.025
    UNEMPLOYED      -0.156      -0.096      -0.063       0.099       0.262       0.289       0.344
    FIN2             0.074       0.091       0.099       0.141       0.184       0.192       0.208

 Y3       ON
    GENDER1         -0.177      -0.153      -0.139      -0.061       0.015       0.029       0.057
    AGE1            -0.073      -0.049      -0.037       0.028       0.092       0.105       0.131
    EDUCATION_      -0.064      -0.048      -0.038       0.008       0.053       0.062       0.078
    EDUCATION_      -0.052      -0.036      -0.027       0.015       0.057       0.065       0.081
    UNEMPLOYED      -0.188      -0.147      -0.128      -0.024       0.077       0.096       0.130
    UNEMPLOYED      -0.079      -0.021       0.007       0.156       0.300       0.326       0.381
    FIN3             0.120       0.135       0.143       0.181       0.221       0.229       0.244

 M1       ON
    GENDER1         -0.102      -0.083      -0.073      -0.023       0.028       0.037       0.056
    AGE1            -0.027      -0.009      -0.001       0.045       0.090       0.099       0.117
    EDUCATION_      -0.081      -0.069      -0.063      -0.033      -0.001       0.005       0.015
    EDUCATION_      -0.039      -0.027      -0.022       0.007       0.036       0.042       0.053
    UNEMPLOYED      -0.105      -0.077      -0.062       0.012       0.087       0.099       0.127
    UNEMPLOYED      -0.050      -0.007       0.012       0.116       0.219       0.239       0.279
    FIN1             0.053       0.063       0.068       0.095       0.122       0.127       0.137

 M2       ON
    GENDER1         -0.155      -0.133      -0.122      -0.067      -0.012      -0.001       0.020
    AGE1            -0.025      -0.008       0.001       0.046       0.091       0.101       0.118
    EDUCATION_      -0.077      -0.064      -0.058      -0.025       0.008       0.015       0.027
    EDUCATION_      -0.053      -0.040      -0.033      -0.001       0.031       0.038       0.050
    UNEMPLOYED      -0.154      -0.120      -0.105      -0.021       0.061       0.075       0.108
    UNEMPLOYED      -0.188      -0.144      -0.124      -0.021       0.082       0.106       0.143
    FIN2             0.053       0.064       0.069       0.099       0.130       0.135       0.147

 M3       ON
    GENDER1         -0.113      -0.090      -0.080      -0.018       0.042       0.054       0.076
    AGE1            -0.032      -0.014      -0.005       0.040       0.086       0.094       0.112
    EDUCATION_      -0.076      -0.063      -0.057      -0.022       0.013       0.019       0.034
    EDUCATION_      -0.040      -0.027      -0.021       0.013       0.047       0.054       0.067
    UNEMPLOYED      -0.130      -0.098      -0.082       0.001       0.083       0.098       0.128
    UNEMPLOYED      -0.103      -0.061      -0.039       0.065       0.166       0.186       0.225
    FIN3             0.046       0.057       0.064       0.097       0.130       0.137       0.149

 RIX      WITH
    RIY              0.089       0.101       0.106       0.137       0.168       0.174       0.186
    RIM              0.060       0.069       0.074       0.097       0.120       0.125       0.134

 RIY      WITH
    RIM              0.072       0.078       0.082       0.100       0.116       0.120       0.126

 WX1      WITH
    WY1             -0.024      -0.017      -0.013       0.007       0.027       0.031       0.039
    WM1             -0.011      -0.005      -0.002       0.013       0.028       0.032       0.037

 WY1      WITH
    WM1              0.010       0.015       0.018       0.031       0.045       0.048       0.055

 WX2      WITH
    WY2              0.011       0.018       0.022       0.043       0.063       0.067       0.074
    WM2              0.003       0.008       0.011       0.028       0.043       0.046       0.051

 WY2      WITH
    WM2              0.035       0.039       0.042       0.056       0.067       0.070       0.074

 WX3      WITH
    WY3              0.011       0.018       0.022       0.043       0.063       0.067       0.074
    WM3              0.003       0.008       0.011       0.028       0.043       0.046       0.051

 WY3      WITH
    WM3              0.035       0.039       0.042       0.056       0.067       0.070       0.074

 GENDER1  WITH
    AGE1            -0.019      -0.015      -0.013      -0.001       0.012       0.014       0.018
    EDUCATION_      -0.073      -0.065      -0.060      -0.036      -0.011      -0.006       0.004
    EDUCATION_      -0.059      -0.051      -0.046      -0.022       0.003       0.008       0.018
    UNEMPLOYED      -0.017      -0.014      -0.012      -0.003       0.006       0.008       0.011
    UNEMPLOYED      -0.012      -0.010      -0.008      -0.002       0.005       0.006       0.009
    FIN1            -0.019      -0.012      -0.008       0.014       0.035       0.040       0.048
    FIN2            -0.035      -0.027      -0.022      -0.001       0.020       0.024       0.032
    FIN3            -0.030      -0.021      -0.017       0.006       0.029       0.032       0.040

 AGE1     WITH
    EDUCATION_      -0.075      -0.067      -0.062      -0.037      -0.012      -0.007       0.002
    EDUCATION_      -0.057      -0.049      -0.044      -0.018       0.007       0.012       0.022
    UNEMPLOYED      -0.002       0.001       0.003       0.012       0.021       0.022       0.025
    UNEMPLOYED      -0.009      -0.006      -0.005       0.002       0.008       0.009       0.012
    FIN1            -0.040      -0.031      -0.027      -0.006       0.016       0.020       0.028
    FIN2            -0.044      -0.036      -0.031      -0.010       0.011       0.015       0.023
    FIN3            -0.047      -0.038      -0.035      -0.012       0.010       0.015       0.023

 EDUCATIO WITH
    EDUCATION_       0.373       0.393       0.403       0.452       0.502       0.511       0.531
    UNEMPLOYED      -0.119      -0.111      -0.107      -0.088      -0.068      -0.065      -0.058
    UNEMPLOYED      -0.046      -0.040      -0.038      -0.024      -0.010      -0.007      -0.001
    FIN1             0.049       0.065       0.074       0.119       0.163       0.172       0.190
    FIN2             0.066       0.081       0.090       0.132       0.174       0.182       0.197
    FIN3             0.066       0.084       0.092       0.136       0.181       0.189       0.207

 EDUCATIO WITH
    UNEMPLOYED      -0.086      -0.079      -0.075      -0.057      -0.038      -0.034      -0.027
    UNEMPLOYED      -0.050      -0.045      -0.043      -0.031      -0.018      -0.016      -0.012
    FIN1             0.075       0.091       0.100       0.146       0.191       0.201       0.217
    FIN2             0.108       0.122       0.130       0.173       0.216       0.224       0.242
    FIN3             0.113       0.131       0.140       0.184       0.229       0.238       0.254

 UNEMPLOY WITH
    UNEMPLOYED       0.004       0.006       0.007       0.013       0.020       0.022       0.024
    FIN1            -0.062      -0.055      -0.052      -0.033      -0.016      -0.012      -0.006
    FIN2            -0.055      -0.048      -0.046      -0.029      -0.013      -0.009      -0.004
    FIN3            -0.068      -0.061      -0.058      -0.041      -0.023      -0.020      -0.014

 UNEMPLOY WITH
    FIN1            -0.048      -0.043      -0.040      -0.027      -0.013      -0.010      -0.005
    FIN2            -0.037      -0.033      -0.031      -0.019      -0.009      -0.007      -0.003
    FIN3            -0.040      -0.035      -0.033      -0.020      -0.008      -0.006      -0.001

 FIN1     WITH
    FIN2             0.440       0.456       0.463       0.504       0.545       0.553       0.568
    FIN3             0.420       0.434       0.442       0.484       0.526       0.533       0.551

 FIN2     WITH
    FIN3             0.441       0.456       0.463       0.504       0.543       0.552       0.567

 Means
    GENDER1          0.607       0.617       0.621       0.646       0.671       0.676       0.686
    AGE1            15.598      15.608      15.612      15.638      15.663      15.669      15.679
    EDUCATION_       3.827       3.846       3.855       3.906       3.959       3.969       3.988
    EDUCATION_       3.670       3.690       3.701       3.754       3.806       3.817       3.838
    UNEMPLOYED       0.124       0.132       0.135       0.154       0.173       0.176       0.184
    UNEMPLOYED       0.049       0.054       0.056       0.070       0.083       0.086       0.091
    FIN1             3.683       3.701       3.711       3.755       3.800       3.808       3.826
    FIN2             3.707       3.724       3.732       3.775       3.819       3.828       3.843
    FIN3             3.680       3.698       3.706       3.753       3.799       3.807       3.823

 Intercepts
    X1              -2.510      -2.002      -1.715      -0.272       1.182       1.463       1.965
    X2              -2.510      -2.002      -1.715      -0.272       1.182       1.463       1.965
    X3              -2.510      -2.002      -1.715      -0.272       1.182       1.463       1.965
    Y1              -2.822      -2.407      -2.192      -1.174      -0.132       0.076       0.481
    Y2              -2.822      -2.407      -2.192      -1.174      -0.132       0.076       0.481
    Y3              -2.822      -2.407      -2.192      -1.174      -0.132       0.076       0.481
    M1              -2.102      -1.827      -1.673      -0.959      -0.231      -0.095       0.186
    M2              -2.102      -1.827      -1.673      -0.959      -0.231      -0.095       0.186
    M3              -2.102      -1.827      -1.673      -0.959      -0.231      -0.095       0.186

 Variances
    GENDER1          0.216       0.219       0.221       0.229       0.235       0.236       0.239
    AGE1             0.220       0.223       0.225       0.233       0.240       0.241       0.244
    EDUCATION_       0.886       0.900       0.907       0.946       0.987       0.997       1.014
    EDUCATION_       0.914       0.929       0.938       0.984       1.030       1.039       1.058
    UNEMPLOYED       0.109       0.114       0.117       0.130       0.143       0.145       0.150
    UNEMPLOYED       0.047       0.051       0.053       0.065       0.077       0.079       0.083
    FIN1             0.658       0.672       0.681       0.727       0.771       0.779       0.798
    FIN2             0.617       0.632       0.640       0.684       0.727       0.736       0.753
    FIN3             0.670       0.688       0.698       0.750       0.804       0.814       0.834
    RIX              0.441       0.461       0.470       0.528       0.572       0.582       0.603
    RIY              0.199       0.210       0.217       0.252       0.282       0.288       0.302
    RIM              0.092       0.098       0.101       0.119       0.134       0.137       0.143
    WX1              0.231       0.244       0.251       0.290       0.332       0.341       0.359
    WY1              0.144       0.153       0.158       0.186       0.215       0.221       0.233
    WM1              0.064       0.069       0.071       0.085       0.100       0.103       0.110

 Residual Variances
    X1               0.000       0.000       0.000       0.000       0.000       0.000       0.000
    X2               0.000       0.000       0.000       0.000       0.000       0.000       0.000
    X3               0.000       0.000       0.000       0.000       0.000       0.000       0.000
    Y1               0.000       0.000       0.000       0.000       0.000       0.000       0.000
    Y2               0.000       0.000       0.000       0.000       0.000       0.000       0.000
    Y3               0.000       0.000       0.000       0.000       0.000       0.000       0.000
    M1               0.000       0.000       0.000       0.000       0.000       0.000       0.000
    M2               0.000       0.000       0.000       0.000       0.000       0.000       0.000
    M3               0.000       0.000       0.000       0.000       0.000       0.000       0.000
    WX2              0.220       0.232       0.239       0.276       0.310       0.317       0.331
    WX3              0.220       0.232       0.239       0.276       0.310       0.317       0.331
    WY2              0.169       0.179       0.184       0.216       0.243       0.250       0.261
    WY3              0.169       0.179       0.184       0.216       0.243       0.250       0.261
    WM2              0.122       0.127       0.129       0.142       0.152       0.154       0.158
    WM3              0.122       0.127       0.129       0.142       0.152       0.154       0.158

New/Additional Parameters
    IND             -0.015      -0.011      -0.009      -0.002       0.003       0.004       0.007


CONFIDENCE INTERVALS OF STANDARDIZED MODEL RESULTS


STDYX Standardization

                  Lower .5%  Lower 2.5%    Lower 5%    Estimate    Upper 5%  Upper 2.5%   Upper .5%

 RIX      BY
    X1               0.742       0.756       0.761       0.794       0.816       0.821       0.829
    X2               0.742       0.756       0.763       0.799       0.823       0.827       0.836
    X3               0.745       0.758       0.764       0.801       0.825       0.829       0.838

 RIY      BY
    Y1               0.679       0.693       0.701       0.743       0.772       0.778       0.789
    Y2               0.647       0.664       0.672       0.718       0.750       0.757       0.770
    Y3               0.639       0.657       0.666       0.712       0.746       0.753       0.765

 RIM      BY
    M1               0.666       0.688       0.699       0.750       0.785       0.792       0.805
    M2               0.587       0.607       0.615       0.659       0.690       0.696       0.706
    M3               0.577       0.599       0.608       0.655       0.688       0.695       0.705

 WX1      BY
    X1               0.535       0.547       0.553       0.589       0.625       0.632       0.647

 WX2      BY
    X2               0.520       0.534       0.542       0.581       0.622       0.630       0.646

 WX3      BY
    X3               0.522       0.536       0.543       0.583       0.625       0.634       0.651

 WY1      BY
    Y1               0.575       0.590       0.598       0.638       0.676       0.684       0.699

 WY2      BY
    Y2               0.601       0.615       0.623       0.665       0.705       0.713       0.729

 WY3      BY
    Y3               0.598       0.612       0.619       0.661       0.701       0.710       0.726

 WM1      BY
    M1               0.558       0.575       0.584       0.632       0.683       0.693       0.715

 WM2      BY
    M2               0.682       0.692       0.698       0.732       0.764       0.772       0.786

 WM3      BY
    M3               0.684       0.695       0.702       0.737       0.771       0.779       0.793

 WY2      ON
    WY1             -0.191      -0.152      -0.129      -0.007       0.113       0.134       0.173
    WX1             -0.109      -0.076      -0.061       0.021       0.097       0.112       0.138
    WM1             -0.066      -0.038      -0.023       0.049       0.118       0.132       0.159

 WY3      ON
    WY2             -0.195      -0.155      -0.133      -0.007       0.127       0.152       0.198
    WX2             -0.105      -0.073      -0.060       0.020       0.097       0.112       0.140
    WM2             -0.085      -0.050      -0.030       0.065       0.154       0.172       0.206

 WX2      ON
    WX1             -0.072      -0.030      -0.013       0.095       0.209       0.229       0.263
    WY1             -0.079      -0.055      -0.040       0.030       0.097       0.111       0.134
    WM1             -0.107      -0.081      -0.069       0.004       0.076       0.090       0.119

 WX3      ON
    WX2             -0.067      -0.029      -0.012       0.093       0.211       0.234       0.272
    WY2             -0.085      -0.058      -0.043       0.032       0.105       0.121       0.148
    WM2             -0.138      -0.107      -0.090       0.005       0.099       0.117       0.152

 WM2      ON
    WM1              0.045       0.074       0.089       0.169       0.253       0.269       0.304
    WX1             -0.149      -0.119      -0.105      -0.032       0.036       0.050       0.075
    WY1             -0.038      -0.014      -0.002       0.064       0.128       0.139       0.166

 WM3      ON
    WM2              0.060       0.099       0.119       0.219       0.317       0.335       0.369
    WX2             -0.138      -0.111      -0.099      -0.031       0.036       0.050       0.077
    WY2             -0.038      -0.015      -0.002       0.068       0.139       0.152       0.178

 X1       ON
    GENDER1         -0.190      -0.170      -0.158      -0.104      -0.049      -0.039      -0.022
    AGE1            -0.076      -0.059      -0.050      -0.002       0.046       0.056       0.073
    EDUCATION_      -0.118      -0.097      -0.085      -0.025       0.035       0.046       0.067
    EDUCATION_      -0.073      -0.047      -0.035       0.025       0.084       0.095       0.119
    UNEMPLOYED      -0.085      -0.065      -0.055      -0.005       0.046       0.055       0.074
    UNEMPLOYED      -0.066      -0.044      -0.033       0.020       0.075       0.085       0.104
    FIN1             0.038       0.053       0.062       0.109       0.156       0.165       0.181

 X2       ON
    GENDER1         -0.150      -0.129      -0.118      -0.062      -0.006       0.004       0.027
    AGE1            -0.080      -0.063      -0.054      -0.006       0.041       0.051       0.068
    EDUCATION_      -0.128      -0.108      -0.097      -0.036       0.025       0.037       0.059
    EDUCATION_      -0.074      -0.049      -0.038       0.024       0.086       0.098       0.124
    UNEMPLOYED      -0.085      -0.063      -0.054      -0.003       0.049       0.058       0.077
    UNEMPLOYED      -0.042      -0.021      -0.010       0.050       0.108       0.119       0.139
    FIN2             0.061       0.079       0.087       0.134       0.181       0.190       0.207

 X3       ON
    GENDER1         -0.167      -0.145      -0.135      -0.079      -0.023      -0.012       0.010
    AGE1            -0.076      -0.058      -0.049      -0.001       0.047       0.057       0.075
    EDUCATION_      -0.126      -0.103      -0.092      -0.031       0.029       0.040       0.063
    EDUCATION_      -0.078      -0.055      -0.043       0.017       0.077       0.088       0.114
    UNEMPLOYED      -0.066      -0.047      -0.036       0.018       0.072       0.082       0.103
    UNEMPLOYED      -0.050      -0.027      -0.015       0.042       0.101       0.111       0.131
    FIN3             0.028       0.047       0.056       0.105       0.153       0.162       0.179

 Y1       ON
    GENDER1         -0.173      -0.153      -0.143      -0.091      -0.037      -0.028      -0.009
    AGE1            -0.044      -0.026      -0.017       0.030       0.075       0.084       0.101
    EDUCATION_      -0.069      -0.045      -0.033       0.029       0.091       0.103       0.128
    EDUCATION_      -0.099      -0.075      -0.064      -0.007       0.052       0.063       0.086
    UNEMPLOYED      -0.091      -0.067      -0.056       0.003       0.061       0.072       0.089
    UNEMPLOYED      -0.067      -0.045      -0.034       0.026       0.084       0.094       0.114
    FIN1             0.102       0.121       0.131       0.180       0.228       0.237       0.254

 Y2       ON
    GENDER1         -0.165      -0.146      -0.134      -0.080      -0.025      -0.015       0.005
    AGE1            -0.040      -0.023      -0.014       0.032       0.076       0.085       0.103
    EDUCATION_      -0.093      -0.069      -0.056       0.008       0.070       0.082       0.109
    EDUCATION_      -0.108      -0.082      -0.069      -0.004       0.063       0.075       0.101
    UNEMPLOYED      -0.163      -0.140      -0.129      -0.073      -0.016      -0.006       0.013
    UNEMPLOYED      -0.057      -0.034      -0.023       0.036       0.095       0.104       0.124
    FIN2             0.088       0.107       0.116       0.167       0.217       0.227       0.247

 Y3       ON
    GENDER1         -0.121      -0.103      -0.094      -0.042       0.010       0.020       0.038
    AGE1            -0.050      -0.034      -0.025       0.019       0.063       0.072       0.089
    EDUCATION_      -0.088      -0.066      -0.052       0.011       0.074       0.086       0.109
    EDUCATION_      -0.072      -0.050      -0.038       0.021       0.080       0.090       0.112
    UNEMPLOYED      -0.096      -0.075      -0.066      -0.012       0.039       0.049       0.066
    UNEMPLOYED      -0.028      -0.007       0.003       0.056       0.107       0.117       0.134
    FIN3             0.147       0.166       0.175       0.222       0.271       0.280       0.299

 M1       ON
    GENDER1         -0.106      -0.086      -0.075      -0.023       0.029       0.039       0.058
    AGE1            -0.028      -0.010      -0.001       0.047       0.094       0.103       0.122
    EDUCATION_      -0.171      -0.145      -0.133      -0.070      -0.003       0.010       0.033
    EDUCATION_      -0.085      -0.059      -0.048       0.015       0.077       0.089       0.114
    UNEMPLOYED      -0.083      -0.060      -0.048       0.010       0.068       0.078       0.099
    UNEMPLOYED      -0.028      -0.004       0.006       0.064       0.120       0.130       0.155
    FIN1             0.099       0.116       0.126       0.176       0.224       0.234       0.251

 M2       ON
    GENDER1         -0.140      -0.120      -0.111      -0.061      -0.012      -0.001       0.018
    AGE1            -0.023      -0.007       0.001       0.043       0.084       0.093       0.109
    EDUCATION_      -0.141      -0.118      -0.107      -0.047       0.015       0.027       0.050
    EDUCATION_      -0.100      -0.076      -0.063      -0.002       0.060       0.071       0.094
    UNEMPLOYED      -0.104      -0.082      -0.072      -0.015       0.042       0.052       0.073
    UNEMPLOYED      -0.091      -0.070      -0.060      -0.010       0.040       0.050       0.070
    FIN2             0.083       0.101       0.110       0.157       0.203       0.212       0.231

 M3       ON
    GENDER1         -0.103      -0.081      -0.072      -0.016       0.038       0.049       0.069
    AGE1            -0.029      -0.013      -0.005       0.037       0.078       0.087       0.103
    EDUCATION_      -0.140      -0.117      -0.104      -0.040       0.023       0.036       0.062
    EDUCATION_      -0.075      -0.051      -0.039       0.024       0.090       0.102       0.125
    UNEMPLOYED      -0.088      -0.067      -0.056       0.001       0.057       0.068       0.086
    UNEMPLOYED      -0.048      -0.029      -0.019       0.031       0.080       0.090       0.107
    FIN3             0.077       0.095       0.105       0.159       0.212       0.222       0.241

 RIX      WITH
    RIY              0.261       0.293       0.307       0.376       0.451       0.464       0.492
    RIM              0.256       0.290       0.306       0.387       0.474       0.491       0.522

 RIY      WITH
    RIM              0.474       0.499       0.512       0.575       0.641       0.652       0.676

 WX1      WITH
    WY1             -0.108      -0.075      -0.058       0.032       0.117       0.134       0.164
    WM1             -0.072      -0.034      -0.014       0.083       0.178       0.196       0.229

 WY1      WITH
    WM1              0.089       0.131       0.151       0.247       0.339       0.356       0.386

 WX2      WITH
    WY2              0.050       0.080       0.096       0.176       0.253       0.268       0.291
    WM2              0.014       0.044       0.060       0.142       0.216       0.231       0.256

 WY2      WITH
    WM2              0.211       0.238       0.252       0.318       0.378       0.388       0.408

 WX3      WITH
    WY3              0.050       0.080       0.096       0.176       0.253       0.268       0.291
    WM3              0.014       0.044       0.060       0.142       0.216       0.231       0.256

 WY3      WITH
    WM3              0.211       0.238       0.252       0.318       0.378       0.388       0.408

 GENDER1  WITH
    AGE1            -0.085      -0.065      -0.056      -0.003       0.050       0.060       0.081
    EDUCATION_      -0.157      -0.140      -0.129      -0.077      -0.024      -0.013       0.008
    EDUCATION_      -0.126      -0.106      -0.097      -0.046       0.007       0.016       0.038
    UNEMPLOYED      -0.100      -0.080      -0.070      -0.016       0.037       0.047       0.066
    UNEMPLOYED      -0.102      -0.079      -0.068      -0.013       0.041       0.050       0.072
    FIN1            -0.047      -0.029      -0.019       0.035       0.086       0.098       0.117
    FIN2            -0.088      -0.068      -0.057      -0.003       0.051       0.061       0.079
    FIN3            -0.071      -0.050      -0.041       0.015       0.068       0.078       0.097

 AGE1     WITH
    EDUCATION_      -0.159      -0.142      -0.131      -0.078      -0.026      -0.016       0.004
    EDUCATION_      -0.119      -0.102      -0.092      -0.038       0.015       0.025       0.048
    UNEMPLOYED      -0.014       0.007       0.017       0.069       0.119       0.127       0.144
    UNEMPLOYED      -0.072      -0.050      -0.039       0.014       0.065       0.075       0.094
    FIN1            -0.096      -0.076      -0.066      -0.013       0.040       0.050       0.069
    FIN2            -0.108      -0.089      -0.078      -0.025       0.027       0.038       0.057
    FIN3            -0.111      -0.092      -0.083      -0.029       0.024       0.035       0.054

 EDUCATIO WITH
    EDUCATION_       0.395       0.413       0.422       0.469       0.515       0.523       0.539
    UNEMPLOYED      -0.326      -0.308      -0.298      -0.250      -0.200      -0.190      -0.172
    UNEMPLOYED      -0.180      -0.158      -0.150      -0.095      -0.040      -0.029      -0.006
    FIN1             0.060       0.079       0.090       0.143       0.196       0.205       0.226
    FIN2             0.083       0.102       0.112       0.164       0.215       0.226       0.243
    FIN3             0.080       0.099       0.109       0.162       0.214       0.224       0.243

 EDUCATIO WITH
    UNEMPLOYED      -0.236      -0.217      -0.207      -0.158      -0.107      -0.098      -0.077
    UNEMPLOYED      -0.187      -0.172      -0.164      -0.121      -0.076      -0.066      -0.050
    FIN1             0.088       0.108       0.119       0.172       0.225       0.237       0.257
    FIN2             0.133       0.151       0.160       0.211       0.261       0.271       0.290
    FIN3             0.133       0.153       0.164       0.214       0.265       0.275       0.293

 UNEMPLOY WITH
    UNEMPLOYED       0.040       0.065       0.077       0.146       0.214       0.229       0.257
    FIN1            -0.197      -0.177      -0.166      -0.108      -0.051      -0.040      -0.020
    FIN2            -0.183      -0.161      -0.152      -0.098      -0.043      -0.032      -0.014
    FIN3            -0.213      -0.193      -0.183      -0.130      -0.077      -0.065      -0.045

 UNEMPLOY WITH
    FIN1            -0.214      -0.192      -0.181      -0.122      -0.062      -0.050      -0.026
    FIN2            -0.169      -0.152      -0.142      -0.093      -0.044      -0.033      -0.015
    FIN3            -0.173      -0.154      -0.145      -0.090      -0.036      -0.026      -0.005

 FIN1     WITH
    FIN2             0.663       0.677       0.684       0.716       0.745       0.751       0.761
    FIN3             0.593       0.607       0.615       0.656       0.693       0.699       0.713

 FIN2     WITH
    FIN3             0.644       0.659       0.668       0.703       0.737       0.741       0.754

 Means
    GENDER1          1.243       1.268       1.280       1.351       1.428       1.443       1.477
    AGE1            31.618      31.785      31.878      32.399      33.018      33.146      33.447
    EDUCATION_       3.850       3.890       3.912       4.015       4.124       4.146       4.184
    EDUCATION_       3.631       3.671       3.689       3.785       3.886       3.904       3.944
    UNEMPLOYED       0.377       0.389       0.395       0.427       0.457       0.463       0.475
    UNEMPLOYED       0.227       0.238       0.244       0.274       0.302       0.308       0.317
    FIN1             4.182       4.238       4.265       4.404       4.563       4.596       4.654
    FIN2             4.332       4.384       4.414       4.566       4.731       4.767       4.822
    FIN3             4.083       4.142       4.172       4.333       4.507       4.546       4.619

 Intercepts
    X1              -2.733      -2.173      -1.870      -0.298       1.307       1.593       2.156
    X2              -2.747      -2.196      -1.889      -0.299       1.298       1.612       2.177
    X3              -2.752      -2.205      -1.890      -0.300       1.297       1.622       2.184
    Y1              -4.143      -3.547      -3.224      -1.736      -0.196       0.112       0.719
    Y2              -4.002      -3.453      -3.126      -1.677      -0.187       0.107       0.692
    Y3              -3.974      -3.425      -3.103      -1.664      -0.185       0.106       0.683
    M1              -4.627      -3.945      -3.637      -2.082      -0.503      -0.207       0.405
    M2              -4.028      -3.473      -3.197      -1.829      -0.442      -0.183       0.352
    M3              -4.009      -3.459      -3.178      -1.819      -0.437      -0.180       0.347

 Variances
    GENDER1          1.000       1.000       1.000       1.000       1.000       1.000       1.000
    AGE1             1.000       1.000       1.000       1.000       1.000       1.000       1.000
    EDUCATION_       1.000       1.000       1.000       1.000       1.000       1.000       1.000
    EDUCATION_       1.000       1.000       1.000       1.000       1.000       1.000       1.000
    UNEMPLOYED       1.000       1.000       1.000       1.000       1.000       1.000       1.000
    UNEMPLOYED       1.000       1.000       1.000       1.000       1.000       1.000       1.000
    FIN1             1.000       1.000       1.000       1.000       1.000       1.000       1.000
    FIN2             1.000       1.000       1.000       1.000       1.000       1.000       1.000
    FIN3             1.000       1.000       1.000       1.000       1.000       1.000       1.000
    RIX              1.000       1.000       1.000       1.000       1.000       1.000       1.000
    RIY              1.000       1.000       1.000       1.000       1.000       1.000       1.000
    RIM              1.000       1.000       1.000       1.000       1.000       1.000       1.000
    WX1              1.000       1.000       1.000       1.000       1.000       1.000       1.000
    WY1              1.000       1.000       1.000       1.000       1.000       1.000       1.000
    WM1              1.000       1.000       1.000       1.000       1.000       1.000       1.000

 Residual Variances
    X1               0.000       0.000       0.000       0.000       0.000       0.000       0.000
    X2               0.000       0.000       0.000       0.000       0.000       0.000       0.000
    X3               0.000       0.000       0.000       0.000       0.000       0.000       0.000
    Y1               0.000       0.000       0.000       0.000       0.000       0.000       0.000
    Y2               0.000       0.000       0.000       0.000       0.000       0.000       0.000
    Y3               0.000       0.000       0.000       0.000       0.000       0.000       0.000
    M1               0.000       0.000       0.000       0.000       0.000       0.000       0.000
    M2               0.000       0.000       0.000       0.000       0.000       0.000       0.000
    M3               0.000       0.000       0.000       0.000       0.000       0.000       0.000
    WX2              0.924       0.943       0.952       0.990       0.998       0.999       1.000
    WX3              0.915       0.933       0.944       0.989       0.997       0.998       0.999
    WY2              0.952       0.965       0.970       0.997       0.998       0.999       1.000
    WY3              0.932       0.953       0.961       0.995       0.998       0.999       1.000
    WM2              0.888       0.910       0.919       0.962       0.983       0.987       0.992
    WM3              0.840       0.866       0.879       0.939       0.974       0.980       0.989


     Beginning Time:  16:25:01
        Ending Time:  16:35:12
       Elapsed Time:  00:10:11



MUTHEN & MUTHEN
3463 Stoner Ave.
Los Angeles, CA  90066

Tel: (310) 391-9971
Fax: (310) 391-8971
Web: www.StatModel.com
Support: Support@StatModel.com

Copyright (c) 1998-2023 Muthen & Muthen
