Mplus VERSION 8.9
MUTHEN & MUTHEN
01/22/2025   4:35 PM

INPUT INSTRUCTIONS

  DATA:
    FILE IS "mplus.dat";
  VARIABLE:
    MISSING ARE ALL (-99);
    NAMES ARE id Gender1 Age1 Education_mother1 Education_father1
    unemployed_mother1 unemployed_father1 Fin1 Fin2 Fin3 Personal1
    Personal2 Personal3 Public1 Public2 Public3 Collective1
    Collective2 Collective3 Relational1 Relational2
    Relational3 Autonomy1 Autonomy2 Autonomy3 Relatedness1 Relatedness2
    Relatedness3 Competence1 Competence2 Competence3
    PA1 PA2 PA3 NA1 NA2 NA3 SWLS1 SWLS2 SWLS3;

  usevar =
  Gender1 Age1 Education_mother1 Education_father1
  unemployed_mother1 unemployed_father1 Fin1 Fin2 Fin3
  x1-x3 y1-y3 m1-m3 ;

  define:
  x1 = Personal1;
  x2 = Personal2;
  x3 = Personal3;

  m1 = Relatedness1;
  m2 = Relatedness2;
  m3 = Relatedness3;

  y1 = SWLS1;
  y2 = SWLS2;
  y3 = SWLS3;






  analysis:

  MODEL = NOCOV;
  bootstrap = 10000;


  MODEL:
  RIx BY x1@1 x2@1 x3@1;
  RIy BY y1@1 y2@1 y3@1;
  RIm BY m1@1 m2@1 m3@1;



  wx1 BY x1@1;
  wx2 BY x2@1;
  wx3 BY x3@1;



  wy1 BY y1@1;
  wy2 BY y2@1;
  wy3 BY y3@1;



  wm1 By m1@1;
  wm2 By m2@1;
  wm3 By m3@1;


  x1-m3@0;


  wy2 ON wy1 (a );
  wy3 ON wy2 (a );


  wx2 ON wx1 (b );
  wx3 ON wx2 (b );


  wm2 ON wm1  (c);
  wm3 ON wm2  (c);


  wy2 ON  wx1 wm1  (d e);
  wy3 ON  wx2 wm2  (d e);


  wx2 ON wy1 wm1  (f j);
  wx3 ON wy2 wm2  (f j);


  wm2 ON wx1 wy1   (h i);
  wm3 ON wx2 wy2   (h i);


  RIx RIy RIm  with RIx RIy RIm ;

  wx1 wy1 wm1 with wx1 wy1 wm1;
  wx2 wy2 wm2 with wx2 wy2 wm2 (cov1 cov2 cov3);
  wx3 wy3 wm3 with wx3 wy3 wm3 (cov1 cov2 cov3);

  wx2 (vx); wy2 (vy); wm2 (vm);
  wx3 (vx); wy3 (vy); wm3 (vm);

  x1-m3 on Gender1 Age1 Education_mother1 Education_father1
  unemployed_mother1 unemployed_father1 ;

  x1 y1 m1 on Fin1;
  x2 y2 m2 on Fin2;
  x3 y3 m3 on Fin3;

  Gender1 -Fin3 with Gender1 -Fin3;

  [x1-x3] (mx);
  [m1-m3] (mm);
  [y1-y3] (my);

  model constraint:
  new (ind);
  ind = h*e;

  output: cinterval (boot) stdyx;



*** WARNING in VARIABLE command
  Note that only the first 8 characters of variable names are used in the output.
  Shorten variable names to avoid any confusion.
   1 WARNING(S) FOUND IN THE INPUT INSTRUCTIONS




SUMMARY OF ANALYSIS

Number of groups                                                 1
Number of observations                                         971

Number of dependent variables                                    9
Number of independent variables                                  9
Number of continuous latent variables                           12

Observed dependent variables

  Continuous
   X1          X2          X3          Y1          Y2          Y3
   M1          M2          M3

Observed independent variables
   GENDER1     AGE1        EDUCATIO    EDUCATIO    UNEMPLOY    UNEMPLOY
   FIN1        FIN2        FIN3

Continuous latent variables
   RIX         RIY         RIM         WX1         WX2         WX3
   WY1         WY2         WY3         WM1         WM2         WM3


Estimator                                                       ML
Information matrix                                        OBSERVED
Maximum number of iterations                                  1000
Convergence criterion                                    0.500D-04
Maximum number of steepest descent iterations                   20
Maximum number of iterations for H1                           2000
Convergence criterion for H1                             0.100D-03
Number of bootstrap draws
    Requested                                                10000
    Completed                                                10000

Input data file(s)
  mplus.dat

Input data format  FREE


SUMMARY OF DATA

     Number of missing data patterns            19


COVARIANCE COVERAGE OF DATA

Minimum covariance coverage value   0.100


     PROPORTION OF DATA PRESENT


           Covariance Coverage
              X1            X2            X3            Y1            Y2
              ________      ________      ________      ________      ________
 X1             1.000
 X2             1.000         1.000
 X3             1.000         1.000         1.000
 Y1             1.000         1.000         1.000         1.000
 Y2             1.000         1.000         1.000         1.000         1.000
 Y3             1.000         1.000         1.000         1.000         1.000
 M1             1.000         1.000         1.000         1.000         1.000
 M2             1.000         1.000         1.000         1.000         1.000
 M3             1.000         1.000         1.000         1.000         1.000
 GENDER1        0.998         0.998         0.998         0.998         0.998
 AGE1           0.999         0.999         0.999         0.999         0.999
 EDUCATIO       0.994         0.994         0.994         0.994         0.994
 EDUCATIO       0.991         0.991         0.991         0.991         0.991
 UNEMPLOY       0.992         0.992         0.992         0.992         0.992
 UNEMPLOY       0.974         0.974         0.974         0.974         0.974
 FIN1           0.994         0.994         0.994         0.994         0.994
 FIN2           0.991         0.991         0.991         0.991         0.991
 FIN3           0.991         0.991         0.991         0.991         0.991


           Covariance Coverage
              Y3            M1            M2            M3            GENDER1
              ________      ________      ________      ________      ________
 Y3             1.000
 M1             1.000         1.000
 M2             1.000         1.000         1.000
 M3             1.000         1.000         1.000         1.000
 GENDER1        0.998         0.998         0.998         0.998         0.998
 AGE1           0.999         0.999         0.999         0.999         0.997
 EDUCATIO       0.994         0.994         0.994         0.994         0.992
 EDUCATIO       0.991         0.991         0.991         0.991         0.989
 UNEMPLOY       0.992         0.992         0.992         0.992         0.990
 UNEMPLOY       0.974         0.974         0.974         0.974         0.972
 FIN1           0.994         0.994         0.994         0.994         0.992
 FIN2           0.991         0.991         0.991         0.991         0.990
 FIN3           0.991         0.991         0.991         0.991         0.989


           Covariance Coverage
              AGE1          EDUCATIO      EDUCATIO      UNEMPLOY      UNEMPLOY
              ________      ________      ________      ________      ________
 AGE1           0.999
 EDUCATIO       0.993         0.994
 EDUCATIO       0.990         0.987         0.991
 UNEMPLOY       0.991         0.989         0.984         0.992
 UNEMPLOY       0.973         0.969         0.970         0.968         0.974
 FIN1           0.993         0.989         0.986         0.988         0.969
 FIN2           0.990         0.985         0.981         0.982         0.965
 FIN3           0.990         0.985         0.981         0.982         0.965


           Covariance Coverage
              FIN1          FIN2          FIN3
              ________      ________      ________
 FIN1           0.994
 FIN2           0.986         0.991
 FIN3           0.986         0.984         0.991



UNIVARIATE SAMPLE STATISTICS


     UNIVARIATE HIGHER-ORDER MOMENT DESCRIPTIVE STATISTICS

         Variable/         Mean/     Skewness/   Minimum/ % with                Percentiles
        Sample Size      Variance    Kurtosis    Maximum  Min/Max      20%/60%    40%/80%    Median

     X1                   -0.019      -0.225      -3.871    0.10%      -0.751     -0.228      0.011
             971.000       0.796       0.179       2.389    0.10%       0.224      0.753
     X2                   -0.012       0.007      -3.561    0.10%      -0.779     -0.282     -0.045
             971.000       0.821      -0.194       2.554    0.10%       0.191      0.815
     X3                   -0.010      -0.051      -4.397    0.10%      -0.784     -0.280     -0.039
             971.000       0.852       0.065       2.669    0.10%       0.202      0.811
     Y1                    5.197      -0.908       1.000    0.51%       4.333      5.000      5.333
             971.000       1.455       0.746       7.000    4.43%       5.667      6.333
     Y2                    5.307      -0.912       1.000    0.41%       4.333      5.333      5.667
             971.000       1.416       0.731       7.000    5.97%       5.667      6.333
     Y3                    5.309      -0.984       1.000    0.82%       4.333      5.333      5.667
             971.000       1.518       0.898       7.000    7.11%       5.667      6.333
     M1                   -0.034      -0.538      -1.942    0.10%      -0.486     -0.142      0.034
             971.000       0.243      -0.181       0.793    1.24%       0.182      0.446
     M2                   -0.029      -0.424      -1.864    0.10%      -0.518     -0.166      0.029
             971.000       0.294      -0.219       0.934    2.37%       0.184      0.487
     M3                   -0.033      -0.375      -2.113    0.10%      -0.528     -0.198      0.016
             971.000       0.356      -0.467       1.004    2.16%       0.216      0.541
     GENDER1               0.646      -0.611       0.000   35.40%       0.000      1.000      1.000
             969.000       0.229      -1.627       1.000   64.60%       1.000      1.000
     AGE1                 15.638      -0.547      15.000   36.29%      15.000     16.000     16.000
             970.000       0.233      -1.625      17.000    0.10%      16.000     16.000
     EDUCATION_MOTHE       3.907      -0.084       1.000    0.31%       3.000      3.000      4.000
             965.000       0.945      -1.378       5.000   39.17%       4.000      5.000
     EDUCATION_FATHE       3.754       0.093       1.000    0.62%       3.000      3.000      3.000
             962.000       0.984      -1.211       5.000   33.78%       4.000      5.000
     UNEMPLOYED_MOTH       0.154       1.921       0.000   84.63%       0.000      0.000      0.000
             963.000       0.130       1.688       1.000   15.37%       0.000      0.000
     UNEMPLOYED_FATH       0.070       3.378       0.000   93.02%       0.000      0.000      0.000
             946.000       0.065       9.408       1.000    6.98%       0.000      0.000
     FIN1                  3.754      -0.071       1.000    0.31%       3.000      3.000      4.000
             965.000       0.726      -0.634       5.000   21.55%       4.000      5.000
     FIN2                  3.777      -0.071       1.000    0.42%       3.000      4.000      4.000
             962.000       0.685      -0.517       5.000   21.21%       4.000      5.000
     FIN3                  3.756      -0.179       1.000    0.94%       3.000      3.000      4.000
             962.000       0.750      -0.296       5.000   21.93%       4.000      5.000


THE MODEL ESTIMATION TERMINATED NORMALLY



MODEL FIT INFORMATION

Number of Free Parameters                      147

Loglikelihood

          H0 Value                      -15995.404
          H1 Value                      -15912.686

Information Criteria

          Akaike (AIC)                   32284.808
          Bayesian (BIC)                 33001.922
          Sample-Size Adjusted BIC       32535.051
            (n* = (n + 2) / 24)

Chi-Square Test of Model Fit

          Value                            165.436
          Degrees of Freedom                    42
          P-Value                           0.0000

RMSEA (Root Mean Square Error Of Approximation)

          Estimate                           0.055
          90 Percent C.I.                    0.046  0.064
          Probability RMSEA <= .05           0.165

CFI/TLI

          CFI                                0.970
          TLI                                0.917

Chi-Square Test of Model Fit for the Baseline Model

          Value                           4260.898
          Degrees of Freedom                   117
          P-Value                           0.0000

SRMR (Standardized Root Mean Square Residual)

          Value                              0.052



MODEL RESULTS

                                                    Two-Tailed
                    Estimate       S.E.  Est./S.E.    P-Value

 RIX      BY
    X1                 1.000      0.000    999.000    999.000
    X2                 1.000      0.000    999.000    999.000
    X3                 1.000      0.000    999.000    999.000

 RIY      BY
    Y1                 1.000      0.000    999.000    999.000
    Y2                 1.000      0.000    999.000    999.000
    Y3                 1.000      0.000    999.000    999.000

 RIM      BY
    M1                 1.000      0.000    999.000    999.000
    M2                 1.000      0.000    999.000    999.000
    M3                 1.000      0.000    999.000    999.000

 WX1      BY
    X1                 1.000      0.000    999.000    999.000

 WX2      BY
    X2                 1.000      0.000    999.000    999.000

 WX3      BY
    X3                 1.000      0.000    999.000    999.000

 WY1      BY
    Y1                 1.000      0.000    999.000    999.000

 WY2      BY
    Y2                 1.000      0.000    999.000    999.000

 WY3      BY
    Y3                 1.000      0.000    999.000    999.000

 WM1      BY
    M1                 1.000      0.000    999.000    999.000

 WM2      BY
    M2                 1.000      0.000    999.000    999.000

 WM3      BY
    M3                 1.000      0.000    999.000    999.000

 WY2      ON
    WY1                0.211      0.075      2.830      0.005
    WX1                0.009      0.069      0.135      0.892
    WM1                0.036      0.091      0.397      0.691

 WY3      ON
    WY2                0.211      0.075      2.830      0.005
    WX2                0.009      0.069      0.135      0.892
    WM2                0.036      0.091      0.397      0.691

 WX2      ON
    WX1                0.090      0.070      1.297      0.195
    WY1                0.004      0.033      0.108      0.914
    WM1                0.123      0.067      1.838      0.066

 WX3      ON
    WX2                0.090      0.070      1.297      0.195
    WY2                0.004      0.033      0.108      0.914
    WM2                0.123      0.067      1.838      0.066

 WM2      ON
    WM1                0.197      0.057      3.440      0.001
    WX1                0.010      0.034      0.304      0.761
    WY1                0.034      0.022      1.538      0.124

 WM3      ON
    WM2                0.197      0.057      3.440      0.001
    WX2                0.010      0.034      0.304      0.761
    WY2                0.034      0.022      1.538      0.124

 X1       ON
    GENDER1            0.586      0.058     10.100      0.000
    AGE1               0.100      0.051      1.976      0.048
    EDUCATION_         0.035      0.033      1.058      0.290
    EDUCATION_         0.051      0.031      1.668      0.095
    UNEMPLOYED        -0.082      0.076     -1.075      0.282
    UNEMPLOYED         0.181      0.097      1.869      0.062
    FIN1               0.053      0.030      1.785      0.074

 X2       ON
    GENDER1            0.410      0.060      6.804      0.000
    AGE1               0.098      0.051      1.923      0.054
    EDUCATION_         0.022      0.035      0.643      0.521
    EDUCATION_         0.053      0.033      1.607      0.108
    UNEMPLOYED        -0.030      0.080     -0.371      0.710
    UNEMPLOYED         0.233      0.111      2.104      0.035
    FIN2               0.103      0.030      3.417      0.001

 X3       ON
    GENDER1            0.420      0.061      6.936      0.000
    AGE1               0.104      0.050      2.059      0.039
    EDUCATION_         0.032      0.035      0.904      0.366
    EDUCATION_         0.035      0.033      1.038      0.299
    UNEMPLOYED        -0.045      0.080     -0.557      0.578
    UNEMPLOYED         0.266      0.103      2.575      0.010
    FIN3               0.086      0.033      2.587      0.010

 Y1       ON
    GENDER1           -0.275      0.073     -3.778      0.000
    AGE1               0.122      0.058      2.086      0.037
    EDUCATION_        -0.030      0.046     -0.642      0.521
    EDUCATION_         0.011      0.047      0.244      0.807
    UNEMPLOYED        -0.146      0.115     -1.276      0.202
    UNEMPLOYED         0.145      0.154      0.945      0.345
    FIN1               0.437      0.042     10.460      0.000

 Y2       ON
    GENDER1           -0.130      0.073     -1.790      0.073
    AGE1               0.104      0.059      1.760      0.078
    EDUCATION_         0.038      0.043      0.895      0.371
    EDUCATION_         0.031      0.045      0.690      0.490
    UNEMPLOYED        -0.123      0.110     -1.121      0.262
    UNEMPLOYED         0.002      0.143      0.016      0.987
    FIN2               0.425      0.042     10.249      0.000

 Y3       ON
    GENDER1            0.015      0.076      0.194      0.846
    AGE1               0.068      0.059      1.161      0.246
    EDUCATION_         0.033      0.042      0.775      0.438
    EDUCATION_         0.041      0.040      1.020      0.308
    UNEMPLOYED        -0.033      0.103     -0.316      0.752
    UNEMPLOYED         0.056      0.146      0.385      0.700
    FIN3               0.542      0.044     12.373      0.000

 M1       ON
    GENDER1            0.154      0.033      4.629      0.000
    AGE1               0.030      0.028      1.058      0.290
    EDUCATION_        -0.028      0.019     -1.438      0.151
    EDUCATION_         0.017      0.018      0.953      0.341
    UNEMPLOYED        -0.049      0.046     -1.067      0.286
    UNEMPLOYED         0.062      0.062      0.997      0.319
    FIN1               0.089      0.017      5.145      0.000

 M2       ON
    GENDER1            0.075      0.036      2.077      0.038
    AGE1               0.029      0.028      1.045      0.296
    EDUCATION_        -0.004      0.020     -0.174      0.862
    EDUCATION_        -0.013      0.020     -0.632      0.527
    UNEMPLOYED        -0.046      0.051     -0.897      0.370
    UNEMPLOYED         0.007      0.070      0.097      0.923
    FIN2               0.111      0.019      5.822      0.000

 M3       ON
    GENDER1            0.180      0.040      4.461      0.000
    AGE1               0.020      0.028      0.705      0.481
    EDUCATION_         0.004      0.023      0.155      0.877
    EDUCATION_         0.015      0.022      0.673      0.501
    UNEMPLOYED        -0.085      0.055     -1.563      0.118
    UNEMPLOYED         0.125      0.078      1.596      0.111
    FIN3               0.096      0.021      4.589      0.000

 RIX      WITH
    RIY                0.142      0.030      4.702      0.000
    RIM                0.112      0.015      7.713      0.000

 RIY      WITH
    RIM                0.129      0.019      6.939      0.000

 WX1      WITH
    WY1               -0.017      0.025     -0.660      0.509
    WM1                0.027      0.012      2.290      0.022

 WY1      WITH
    WM1                0.032      0.019      1.693      0.091

 WX2      WITH
    WY2                0.068      0.023      2.957      0.003
    WM2                0.073      0.011      6.713      0.000

 WY2      WITH
    WM2                0.068      0.014      4.810      0.000

 WX3      WITH
    WY3                0.068      0.023      2.957      0.003
    WM3                0.073      0.011      6.713      0.000

 WY3      WITH
    WM3                0.068      0.014      4.810      0.000

 GENDER1  WITH
    AGE1              -0.001      0.007     -0.068      0.945
    EDUCATION_        -0.036      0.015     -2.384      0.017
    EDUCATION_        -0.021      0.015     -1.438      0.150
    UNEMPLOYED        -0.003      0.006     -0.505      0.614
    UNEMPLOYED        -0.002      0.004     -0.421      0.673
    FIN1               0.014      0.013      1.069      0.285
    FIN2              -0.002      0.013     -0.125      0.901
    FIN3               0.006      0.014      0.411      0.681

 AGE1     WITH
    EDUCATION_        -0.037      0.015     -2.441      0.015
    EDUCATION_        -0.018      0.015     -1.176      0.240
    UNEMPLOYED         0.012      0.005      2.231      0.026
    UNEMPLOYED         0.002      0.004      0.430      0.667
    FIN1              -0.005      0.013     -0.404      0.686
    FIN2              -0.010      0.013     -0.793      0.428
    FIN3              -0.012      0.014     -0.895      0.371

 EDUCATIO WITH
    EDUCATION_         0.452      0.030     14.920      0.000
    UNEMPLOYED        -0.088      0.012     -7.481      0.000
    UNEMPLOYED        -0.024      0.009     -2.743      0.006
    FIN1               0.116      0.027      4.289      0.000
    FIN2               0.130      0.026      5.037      0.000
    FIN3               0.134      0.027      4.917      0.000

 EDUCATIO WITH
    UNEMPLOYED        -0.057      0.011     -4.931      0.000
    UNEMPLOYED        -0.031      0.007     -4.106      0.000
    FIN1               0.145      0.028      5.230      0.000
    FIN2               0.172      0.026      6.589      0.000
    FIN3               0.183      0.027      6.767      0.000

 UNEMPLOY WITH
    UNEMPLOYED         0.013      0.004      3.276      0.001
    FIN1              -0.033      0.011     -2.976      0.003
    FIN2              -0.029      0.010     -2.844      0.004
    FIN3              -0.040      0.010     -3.824      0.000

 UNEMPLOY WITH
    FIN1              -0.026      0.008     -3.161      0.002
    FIN2              -0.020      0.007     -2.983      0.003
    FIN3              -0.020      0.008     -2.650      0.008

 FIN1     WITH
    FIN2               0.505      0.025     20.396      0.000
    FIN3               0.485      0.025     19.239      0.000

 FIN2     WITH
    FIN3               0.504      0.024     20.780      0.000

 Means
    GENDER1            0.646      0.015     42.475      0.000
    AGE1              15.638      0.016   1007.240      0.000
    EDUCATION_         3.906      0.031    124.215      0.000
    EDUCATION_         3.754      0.032    116.445      0.000
    UNEMPLOYED         0.154      0.012     13.354      0.000
    UNEMPLOYED         0.070      0.008      8.375      0.000
    FIN1               3.756      0.027    138.407      0.000
    FIN2               3.777      0.027    141.655      0.000
    FIN3               3.754      0.028    133.486      0.000

 Intercepts
    X1                -2.489      0.809     -3.076      0.002
    X2                -2.489      0.809     -3.076      0.002
    X3                -2.489      0.809     -3.076      0.002
    Y1                 1.916      0.938      2.044      0.041
    Y2                 1.916      0.938      2.044      0.041
    Y3                 1.916      0.938      2.044      0.041
    M1                -0.885      0.449     -1.972      0.049
    M2                -0.885      0.449     -1.972      0.049
    M3                -0.885      0.449     -1.972      0.049

 Variances
    GENDER1            0.229      0.004     51.220      0.000
    AGE1               0.233      0.005     50.731      0.000
    EDUCATION_         0.946      0.024     38.651      0.000
    EDUCATION_         0.983      0.028     34.945      0.000
    UNEMPLOYED         0.130      0.008     16.316      0.000
    UNEMPLOYED         0.065      0.007      9.063      0.000
    FIN1               0.728      0.028     26.423      0.000
    FIN2               0.684      0.027     25.757      0.000
    FIN3               0.750      0.032     23.564      0.000
    RIX                0.430      0.031     14.088      0.000
    RIY                0.475      0.062      7.639      0.000
    RIM                0.110      0.011      9.709      0.000
    WX1                0.291      0.026     11.218      0.000
    WY1                0.694      0.081      8.612      0.000
    WM1                0.117      0.011     10.577      0.000

 Residual Variances
    X1                 0.000      0.000    999.000    999.000
    X2                 0.000      0.000    999.000    999.000
    X3                 0.000      0.000    999.000    999.000
    Y1                 0.000      0.000    999.000    999.000
    Y2                 0.000      0.000    999.000    999.000
    Y3                 0.000      0.000    999.000    999.000
    M1                 0.000      0.000    999.000    999.000
    M2                 0.000      0.000    999.000    999.000
    M3                 0.000      0.000    999.000    999.000
    WX2                0.330      0.025     12.973      0.000
    WX3                0.330      0.025     12.973      0.000
    WY2                0.655      0.062     10.593      0.000
    WY3                0.655      0.062     10.593      0.000
    WM2                0.184      0.009     21.295      0.000
    WM3                0.184      0.009     21.295      0.000

New/Additional Parameters
    IND                0.000      0.003      0.111      0.911


STANDARDIZED MODEL RESULTS


STDYX Standardization

                                                    Two-Tailed
                    Estimate       S.E.  Est./S.E.    P-Value

 RIX      BY
    X1                 0.729      0.021     35.350      0.000
    X2                 0.725      0.023     32.040      0.000
    X3                 0.723      0.023     31.179      0.000

 RIY      BY
    Y1                 0.598      0.040     14.916      0.000
    Y2                 0.602      0.041     14.689      0.000
    Y3                 0.582      0.040     14.545      0.000

 RIM      BY
    M1                 0.676      0.032     20.922      0.000
    M2                 0.595      0.027     21.929      0.000
    M3                 0.585      0.028     20.631      0.000

 WX1      BY
    X1                 0.599      0.023     25.750      0.000

 WX2      BY
    X2                 0.639      0.025     25.571      0.000

 WX3      BY
    X3                 0.641      0.026     24.822      0.000

 WY1      BY
    Y1                 0.723      0.033     21.874      0.000

 WY2      BY
    Y2                 0.724      0.035     20.960      0.000

 WY3      BY
    Y3                 0.701      0.034     20.535      0.000

 WM1      BY
    M1                 0.700      0.030     23.466      0.000

 WM2      BY
    M2                 0.783      0.020     38.262      0.000

 WM3      BY
    M3                 0.777      0.021     37.227      0.000

 WY2      ON
    WY1                0.212      0.073      2.916      0.004
    WX1                0.006      0.045      0.135      0.893
    WM1                0.015      0.038      0.394      0.693

 WY3      ON
    WY2                0.211      0.074      2.838      0.005
    WX2                0.007      0.048      0.135      0.892
    WM2                0.019      0.048      0.396      0.692

 WX2      ON
    WX1                0.084      0.064      1.325      0.185
    WY1                0.005      0.047      0.108      0.914
    WM1                0.073      0.040      1.807      0.071

 WX3      ON
    WX2                0.090      0.069      1.302      0.193
    WY2                0.005      0.046      0.108      0.914
    WM2                0.092      0.051      1.823      0.068

 WM2      ON
    WM1                0.155      0.047      3.292      0.001
    WX1                0.013      0.042      0.303      0.762
    WY1                0.065      0.042      1.539      0.124

 WM3      ON
    WM2                0.195      0.056      3.487      0.000
    WX2                0.014      0.045      0.303      0.762
    WY2                0.064      0.041      1.537      0.124

 X1       ON
    GENDER1            0.311      0.029     10.718      0.000
    AGE1               0.054      0.027      1.976      0.048
    EDUCATION_         0.038      0.036      1.063      0.288
    EDUCATION_         0.056      0.034      1.669      0.095
    UNEMPLOYED        -0.033      0.030     -1.076      0.282
    UNEMPLOYED         0.051      0.027      1.887      0.059
    FIN1               0.050      0.028      1.785      0.074

 X2       ON
    GENDER1            0.216      0.031      6.972      0.000
    AGE1               0.052      0.027      1.921      0.055
    EDUCATION_         0.024      0.037      0.643      0.520
    EDUCATION_         0.058      0.036      1.609      0.108
    UNEMPLOYED        -0.012      0.032     -0.372      0.710
    UNEMPLOYED         0.066      0.031      2.113      0.035
    FIN2               0.094      0.027      3.433      0.001

 X3       ON
    GENDER1            0.221      0.031      7.091      0.000
    AGE1               0.055      0.027      2.058      0.040
    EDUCATION_         0.034      0.038      0.904      0.366
    EDUCATION_         0.038      0.036      1.040      0.298
    UNEMPLOYED        -0.018      0.032     -0.558      0.577
    UNEMPLOYED         0.075      0.029      2.578      0.010
    FIN3               0.082      0.031      2.609      0.009

 Y1       ON
    GENDER1           -0.114      0.030     -3.837      0.000
    AGE1               0.051      0.025      2.080      0.038
    EDUCATION_        -0.025      0.039     -0.643      0.521
    EDUCATION_         0.010      0.040      0.244      0.807
    UNEMPLOYED        -0.046      0.036     -1.289      0.197
    UNEMPLOYED         0.032      0.034      0.950      0.342
    FIN1               0.324      0.032     10.170      0.000

 Y2       ON
    GENDER1           -0.055      0.030     -1.797      0.072
    AGE1               0.044      0.025      1.756      0.079
    EDUCATION_         0.033      0.036      0.894      0.371
    EDUCATION_         0.027      0.039      0.692      0.489
    UNEMPLOYED        -0.039      0.035     -1.128      0.259
    UNEMPLOYED         0.001      0.032      0.016      0.987
    FIN2               0.308      0.030     10.247      0.000

 Y3       ON
    GENDER1            0.006      0.031      0.194      0.846
    AGE1               0.028      0.024      1.160      0.246
    EDUCATION_         0.027      0.035      0.776      0.437
    EDUCATION_         0.035      0.034      1.025      0.305
    UNEMPLOYED        -0.010      0.031     -0.316      0.752
    UNEMPLOYED         0.012      0.031      0.388      0.698
    FIN3               0.396      0.031     12.948      0.000

 M1       ON
    GENDER1            0.150      0.032      4.655      0.000
    AGE1               0.029      0.028      1.059      0.290
    EDUCATION_        -0.055      0.038     -1.447      0.148
    EDUCATION_         0.035      0.037      0.955      0.339
    UNEMPLOYED        -0.036      0.033     -1.070      0.285
    UNEMPLOYED         0.032      0.032      1.005      0.315
    FIN1               0.155      0.030      5.131      0.000

 M2       ON
    GENDER1            0.065      0.031      2.074      0.038
    AGE1               0.025      0.024      1.043      0.297
    EDUCATION_        -0.006      0.036     -0.174      0.862
    EDUCATION_        -0.023      0.036     -0.632      0.527
    UNEMPLOYED        -0.030      0.033     -0.900      0.368
    UNEMPLOYED         0.003      0.032      0.098      0.922
    FIN2               0.165      0.028      5.778      0.000

 M3       ON
    GENDER1            0.153      0.034      4.500      0.000
    AGE1               0.017      0.024      0.704      0.482
    EDUCATION_         0.006      0.040      0.155      0.877
    EDUCATION_         0.026      0.039      0.673      0.501
    UNEMPLOYED        -0.054      0.035     -1.574      0.116
    UNEMPLOYED         0.056      0.035      1.604      0.109
    FIN3               0.147      0.032      4.653      0.000

 RIX      WITH
    RIY                0.314      0.067      4.695      0.000
    RIM                0.516      0.050     10.237      0.000

 RIY      WITH
    RIM                0.566      0.071      8.006      0.000

 WX1      WITH
    WY1               -0.037      0.055     -0.666      0.505
    WM1                0.148      0.060      2.477      0.013

 WY1      WITH
    WM1                0.111      0.064      1.744      0.081

 WX2      WITH
    WY2                0.145      0.049      2.978      0.003
    WM2                0.296      0.042      7.069      0.000

 WY2      WITH
    WM2                0.197      0.042      4.704      0.000

 WX3      WITH
    WY3                0.145      0.049      2.978      0.003
    WM3                0.296      0.042      7.069      0.000

 WY3      WITH
    WM3                0.197      0.042      4.704      0.000

 GENDER1  WITH
    AGE1              -0.002      0.032     -0.068      0.946
    EDUCATION_        -0.077      0.032     -2.380      0.017
    EDUCATION_        -0.045      0.032     -1.438      0.150
    UNEMPLOYED        -0.016      0.032     -0.504      0.614
    UNEMPLOYED        -0.014      0.033     -0.421      0.674
    FIN1               0.034      0.032      1.070      0.285
    FIN2              -0.004      0.033     -0.125      0.901
    FIN3               0.013      0.033      0.411      0.681

 AGE1     WITH
    EDUCATION_        -0.078      0.032     -2.438      0.015
    EDUCATION_        -0.038      0.032     -1.174      0.240
    UNEMPLOYED         0.069      0.031      2.245      0.025
    UNEMPLOYED         0.014      0.032      0.429      0.668
    FIN1              -0.013      0.032     -0.404      0.686
    FIN2              -0.026      0.032     -0.794      0.427
    FIN3              -0.029      0.032     -0.896      0.370

 EDUCATIO WITH
    EDUCATION_         0.469      0.028     16.542      0.000
    UNEMPLOYED        -0.250      0.030     -8.357      0.000
    UNEMPLOYED        -0.096      0.034     -2.842      0.004
    FIN1               0.140      0.032      4.359      0.000
    FIN2               0.161      0.031      5.120      0.000
    FIN3               0.159      0.032      4.966      0.000

 EDUCATIO WITH
    UNEMPLOYED        -0.158      0.031     -5.169      0.000
    UNEMPLOYED        -0.121      0.027     -4.487      0.000
    FIN1               0.171      0.032      5.277      0.000
    FIN2               0.210      0.031      6.807      0.000
    FIN3               0.213      0.031      6.972      0.000

 UNEMPLOY WITH
    UNEMPLOYED         0.147      0.042      3.487      0.000
    FIN1              -0.106      0.035     -3.033      0.002
    FIN2              -0.096      0.033     -2.878      0.004
    FIN3              -0.128      0.033     -3.932      0.000

 UNEMPLOY WITH
    FIN1              -0.122      0.036     -3.340      0.001
    FIN2              -0.094      0.030     -3.127      0.002
    FIN3              -0.090      0.033     -2.747      0.006

 FIN1     WITH
    FIN2               0.716      0.019     38.371      0.000
    FIN3               0.656      0.023     27.927      0.000

 FIN2     WITH
    FIN3               0.703      0.021     33.421      0.000

 Means
    GENDER1            1.351      0.045     29.949      0.000
    AGE1              32.399      0.350     92.492      0.000
    EDUCATION_         4.016      0.064     62.454      0.000
    EDUCATION_         3.786      0.060     63.242      0.000
    UNEMPLOYED         0.426      0.019     22.546      0.000
    UNEMPLOYED         0.273      0.018     15.504      0.000
    FIN1               4.403      0.091     48.140      0.000
    FIN2               4.567      0.096     47.447      0.000
    FIN3               4.336      0.102     42.326      0.000

 Intercepts
    X1                -2.765      0.894     -3.094      0.002
    X2                -2.750      0.892     -3.083      0.002
    X3                -2.744      0.889     -3.087      0.002
    Y1                 1.664      0.817      2.037      0.042
    Y2                 1.675      0.822      2.039      0.041
    Y3                 1.620      0.795      2.039      0.041
    M1                -1.806      0.914     -1.976      0.048
    M2                -1.591      0.809     -1.967      0.049
    M3                -1.563      0.794     -1.968      0.049

 Variances
    GENDER1            1.000      0.000    999.000    999.000
    AGE1               1.000      0.000    999.000    999.000
    EDUCATION_         1.000      0.000    999.000    999.000
    EDUCATION_         1.000      0.000    999.000    999.000
    UNEMPLOYED         1.000      0.000    999.000    999.000
    UNEMPLOYED         1.000      0.000    999.000    999.000
    FIN1               1.000      0.000    999.000    999.000
    FIN2               1.000      0.000    999.000    999.000
    FIN3               1.000      0.000    999.000    999.000
    RIX                1.000      0.000    999.000    999.000
    RIY                1.000      0.000    999.000    999.000
    RIM                1.000      0.000    999.000    999.000
    WX1                1.000      0.000    999.000    999.000
    WY1                1.000      0.000    999.000    999.000
    WM1                1.000      0.000    999.000    999.000

 Residual Variances
    X1                 0.000      0.000      0.000      1.000
    X2                 0.000      0.000      0.000      1.000
    X3                 0.000      0.000      0.000      1.000
    Y1                 0.000      0.000      0.000      1.000
    Y2                 0.000      0.000      0.000      1.000
    Y3                 0.000      0.000      0.000      1.000
    M1                 0.000      0.000      0.000      1.000
    M2                 0.000      0.000      0.000      1.000
    M3                 0.000      0.000      0.000      1.000
    WX2                0.986      0.014     70.202      0.000
    WX3                0.978      0.020     49.371      0.000
    WY2                0.954      0.031     30.841      0.000
    WY3                0.953      0.032     29.735      0.000
    WM2                0.969      0.017     56.692      0.000
    WM3                0.951      0.025     38.600      0.000


R-SQUARE

    Observed                                        Two-Tailed
    Variable        Estimate       S.E.  Est./S.E.    P-Value

    X1                 1.000      0.000    999.000    999.000
    X2                 1.000      0.000    999.000    999.000
    X3                 1.000      0.000    999.000    999.000
    Y1                 1.000      0.000    999.000    999.000
    Y2                 1.000      0.000    999.000    999.000
    Y3                 1.000      0.000    999.000    999.000
    M1                 1.000      0.000    999.000    999.000
    M2                 1.000      0.000    999.000    999.000
    M3                 1.000      0.000    999.000    999.000

     Latent                                         Two-Tailed
    Variable        Estimate       S.E.  Est./S.E.    P-Value

    WX2                0.014      0.014      1.018      0.309
    WX3                0.022      0.020      1.111      0.267
    WY2                0.046      0.031      1.483      0.138
    WY3                0.047      0.032      1.466      0.143
    WM2                0.031      0.017      1.816      0.069
    WM3                0.049      0.025      1.998      0.046


CONFIDENCE INTERVALS OF MODEL RESULTS

                  Lower .5%  Lower 2.5%    Lower 5%    Estimate    Upper 5%  Upper 2.5%   Upper .5%

 RIX      BY
    X1               1.000       1.000       1.000       1.000       1.000       1.000       1.000
    X2               1.000       1.000       1.000       1.000       1.000       1.000       1.000
    X3               1.000       1.000       1.000       1.000       1.000       1.000       1.000

 RIY      BY
    Y1               1.000       1.000       1.000       1.000       1.000       1.000       1.000
    Y2               1.000       1.000       1.000       1.000       1.000       1.000       1.000
    Y3               1.000       1.000       1.000       1.000       1.000       1.000       1.000

 RIM      BY
    M1               1.000       1.000       1.000       1.000       1.000       1.000       1.000
    M2               1.000       1.000       1.000       1.000       1.000       1.000       1.000
    M3               1.000       1.000       1.000       1.000       1.000       1.000       1.000

 WX1      BY
    X1               1.000       1.000       1.000       1.000       1.000       1.000       1.000

 WX2      BY
    X2               1.000       1.000       1.000       1.000       1.000       1.000       1.000

 WX3      BY
    X3               1.000       1.000       1.000       1.000       1.000       1.000       1.000

 WY1      BY
    Y1               1.000       1.000       1.000       1.000       1.000       1.000       1.000

 WY2      BY
    Y2               1.000       1.000       1.000       1.000       1.000       1.000       1.000

 WY3      BY
    Y3               1.000       1.000       1.000       1.000       1.000       1.000       1.000

 WM1      BY
    M1               1.000       1.000       1.000       1.000       1.000       1.000       1.000

 WM2      BY
    M2               1.000       1.000       1.000       1.000       1.000       1.000       1.000

 WM3      BY
    M3               1.000       1.000       1.000       1.000       1.000       1.000       1.000

 WY2      ON
    WY1              0.016       0.061       0.087       0.211       0.330       0.352       0.401
    WX1             -0.170      -0.128      -0.107       0.009       0.122       0.143       0.184
    WM1             -0.202      -0.145      -0.117       0.036       0.184       0.213       0.265

 WY3      ON
    WY2              0.016       0.061       0.087       0.211       0.330       0.352       0.401
    WX2             -0.170      -0.128      -0.107       0.009       0.122       0.143       0.184
    WM2             -0.202      -0.145      -0.117       0.036       0.184       0.213       0.265

 WX2      ON
    WX1             -0.088      -0.047      -0.024       0.090       0.207       0.227       0.268
    WY1             -0.084      -0.062      -0.052       0.004       0.055       0.065       0.084
    WM1             -0.049      -0.011       0.011       0.123       0.234       0.254       0.295

 WX3      ON
    WX2             -0.088      -0.047      -0.024       0.090       0.207       0.227       0.268
    WY2             -0.084      -0.062      -0.052       0.004       0.055       0.065       0.084
    WM2             -0.049      -0.011       0.011       0.123       0.234       0.254       0.295

 WM2      ON
    WM1              0.044       0.083       0.102       0.197       0.290       0.309       0.344
    WX1             -0.075      -0.057      -0.046       0.010       0.065       0.077       0.096
    WY1             -0.026      -0.011      -0.003       0.034       0.069       0.077       0.090

 WM3      ON
    WM2              0.044       0.083       0.102       0.197       0.290       0.309       0.344
    WX2             -0.075      -0.057      -0.046       0.010       0.065       0.077       0.096
    WY2             -0.026      -0.011      -0.003       0.034       0.069       0.077       0.090

 X1       ON
    GENDER1          0.438       0.473       0.491       0.586       0.681       0.698       0.732
    AGE1            -0.028       0.001       0.017       0.100       0.183       0.200       0.231
    EDUCATION_      -0.049      -0.029      -0.018       0.035       0.091       0.101       0.121
    EDUCATION_      -0.028      -0.009       0.001       0.051       0.101       0.111       0.130
    UNEMPLOYED      -0.274      -0.227      -0.204      -0.082       0.045       0.071       0.122
    UNEMPLOYED      -0.071      -0.008       0.023       0.181       0.343       0.376       0.433
    FIN1            -0.024      -0.006       0.003       0.053       0.100       0.110       0.128

 X2       ON
    GENDER1          0.255       0.290       0.310       0.410       0.508       0.525       0.568
    AGE1            -0.030      -0.001       0.014       0.098       0.181       0.197       0.229
    EDUCATION_      -0.066      -0.045      -0.035       0.022       0.079       0.091       0.113
    EDUCATION_      -0.034      -0.012      -0.002       0.053       0.107       0.118       0.136
    UNEMPLOYED      -0.242      -0.183      -0.158      -0.030       0.105       0.128       0.177
    UNEMPLOYED      -0.049       0.016       0.049       0.233       0.416       0.453       0.522
    FIN2             0.025       0.044       0.052       0.103       0.152       0.162       0.182

 X3       ON
    GENDER1          0.263       0.302       0.321       0.420       0.520       0.539       0.576
    AGE1            -0.024       0.005       0.019       0.104       0.186       0.203       0.234
    EDUCATION_      -0.058      -0.038      -0.027       0.032       0.089       0.100       0.122
    EDUCATION_      -0.052      -0.031      -0.021       0.035       0.089       0.100       0.121
    UNEMPLOYED      -0.253      -0.200      -0.174      -0.045       0.088       0.113       0.162
    UNEMPLOYED      -0.005       0.060       0.095       0.266       0.435       0.464       0.533
    FIN3             0.002       0.022       0.032       0.086       0.141       0.152       0.176

 Y1       ON
    GENDER1         -0.463      -0.418      -0.395      -0.275      -0.155      -0.134      -0.088
    AGE1            -0.029       0.008       0.025       0.122       0.218       0.236       0.272
    EDUCATION_      -0.149      -0.119      -0.106      -0.030       0.046       0.059       0.086
    EDUCATION_      -0.105      -0.078      -0.064       0.011       0.090       0.104       0.134
    UNEMPLOYED      -0.458      -0.375      -0.337      -0.146       0.042       0.075       0.135
    UNEMPLOYED      -0.266      -0.170      -0.113       0.145       0.391       0.437       0.533
    FIN1             0.327       0.355       0.368       0.437       0.504       0.517       0.542

 Y2       ON
    GENDER1         -0.314      -0.271      -0.250      -0.130      -0.009       0.013       0.053
    AGE1            -0.049      -0.012       0.008       0.104       0.200       0.221       0.256
    EDUCATION_      -0.076      -0.047      -0.033       0.038       0.108       0.121       0.146
    EDUCATION_      -0.085      -0.056      -0.043       0.031       0.107       0.123       0.151
    UNEMPLOYED      -0.404      -0.338      -0.306      -0.123       0.059       0.092       0.156
    UNEMPLOYED      -0.401      -0.289      -0.239       0.002       0.230       0.272       0.353
    FIN2             0.312       0.342       0.357       0.425       0.493       0.506       0.530

 Y3       ON
    GENDER1         -0.175      -0.135      -0.111       0.015       0.140       0.162       0.213
    AGE1            -0.086      -0.046      -0.028       0.068       0.165       0.185       0.222
    EDUCATION_      -0.077      -0.050      -0.036       0.033       0.102       0.115       0.137
    EDUCATION_      -0.062      -0.035      -0.025       0.041       0.109       0.122       0.144
    UNEMPLOYED      -0.299      -0.234      -0.203      -0.033       0.136       0.170       0.230
    UNEMPLOYED      -0.346      -0.236      -0.187       0.056       0.291       0.330       0.411
    FIN3             0.430       0.457       0.470       0.542       0.612       0.626       0.655

 M1       ON
    GENDER1          0.069       0.089       0.098       0.154       0.208       0.218       0.237
    AGE1            -0.042      -0.025      -0.016       0.030       0.076       0.085       0.103
    EDUCATION_      -0.078      -0.065      -0.059      -0.028       0.004       0.010       0.021
    EDUCATION_      -0.030      -0.019      -0.013       0.017       0.047       0.053       0.066
    UNEMPLOYED      -0.167      -0.138      -0.124      -0.049       0.025       0.041       0.070
    UNEMPLOYED      -0.103      -0.062      -0.042       0.062       0.163       0.181       0.223
    FIN1             0.044       0.055       0.060       0.089       0.118       0.122       0.134

 M2       ON
    GENDER1         -0.022       0.003       0.015       0.075       0.135       0.146       0.169
    AGE1            -0.041      -0.025      -0.016       0.029       0.076       0.084       0.102
    EDUCATION_      -0.055      -0.043      -0.037      -0.004       0.030       0.037       0.050
    EDUCATION_      -0.064      -0.052      -0.046      -0.013       0.020       0.027       0.037
    UNEMPLOYED      -0.179      -0.148      -0.130      -0.046       0.039       0.055       0.087
    UNEMPLOYED      -0.173      -0.131      -0.109       0.007       0.121       0.142       0.185
    FIN2             0.062       0.073       0.079       0.111       0.142       0.148       0.160

 M3       ON
    GENDER1          0.076       0.100       0.114       0.180       0.246       0.259       0.284
    AGE1            -0.051      -0.035      -0.026       0.020       0.066       0.076       0.092
    EDUCATION_      -0.057      -0.042      -0.035       0.004       0.041       0.048       0.063
    EDUCATION_      -0.041      -0.029      -0.021       0.015       0.052       0.059       0.073
    UNEMPLOYED      -0.228      -0.193      -0.175      -0.085       0.004       0.019       0.050
    UNEMPLOYED      -0.082      -0.030      -0.005       0.125       0.250       0.277       0.324
    FIN3             0.043       0.056       0.062       0.096       0.131       0.138       0.150

 RIX      WITH
    RIY              0.064       0.083       0.092       0.142       0.191       0.202       0.220
    RIM              0.074       0.083       0.087       0.112       0.135       0.140       0.149

 RIY      WITH
    RIM              0.079       0.091       0.098       0.129       0.159       0.165       0.177

 WX1      WITH
    WY1             -0.087      -0.068      -0.059      -0.017       0.024       0.032       0.048
    WM1             -0.002       0.005       0.009       0.027       0.048       0.053       0.061

 WY1      WITH
    WM1             -0.017      -0.005       0.002       0.032       0.063       0.069       0.081

 WX2      WITH
    WY2              0.007       0.021       0.028       0.068       0.103       0.110       0.125
    WM2              0.044       0.050       0.054       0.073       0.090       0.093       0.100

 WY2      WITH
    WM2              0.029       0.038       0.043       0.068       0.090       0.094       0.101

 WX3      WITH
    WY3              0.007       0.021       0.028       0.068       0.103       0.110       0.125
    WM3              0.044       0.050       0.054       0.073       0.090       0.093       0.100

 WY3      WITH
    WM3              0.029       0.038       0.043       0.068       0.090       0.094       0.101

 GENDER1  WITH
    AGE1            -0.019      -0.015      -0.013      -0.001       0.012       0.014       0.019
    EDUCATION_      -0.074      -0.065      -0.060      -0.036      -0.011      -0.006       0.004
    EDUCATION_      -0.059      -0.050      -0.045      -0.021       0.003       0.008       0.018
    UNEMPLOYED      -0.017      -0.014      -0.012      -0.003       0.006       0.008       0.011
    UNEMPLOYED      -0.012      -0.010      -0.008      -0.002       0.005       0.006       0.009
    FIN1            -0.019      -0.012      -0.008       0.014       0.035       0.040       0.048
    FIN2            -0.036      -0.027      -0.023      -0.002       0.020       0.024       0.031
    FIN3            -0.030      -0.021      -0.017       0.006       0.028       0.032       0.040

 AGE1     WITH
    EDUCATION_      -0.075      -0.067      -0.061      -0.037      -0.012      -0.007       0.002
    EDUCATION_      -0.057      -0.048      -0.044      -0.018       0.007       0.012       0.023
    UNEMPLOYED      -0.002       0.001       0.003       0.012       0.021       0.022       0.025
    UNEMPLOYED      -0.009      -0.006      -0.005       0.002       0.008       0.009       0.012
    FIN1            -0.039      -0.031      -0.027      -0.005       0.016       0.021       0.028
    FIN2            -0.044      -0.036      -0.031      -0.010       0.011       0.015       0.023
    FIN3            -0.047      -0.038      -0.034      -0.012       0.010       0.015       0.023

 EDUCATIO WITH
    EDUCATION_       0.373       0.393       0.403       0.452       0.502       0.511       0.530
    UNEMPLOYED      -0.119      -0.111      -0.107      -0.088      -0.068      -0.065      -0.058
    UNEMPLOYED      -0.046      -0.040      -0.038      -0.024      -0.010      -0.007      -0.001
    FIN1             0.047       0.063       0.071       0.116       0.160       0.169       0.187
    FIN2             0.064       0.079       0.087       0.130       0.172       0.180       0.195
    FIN3             0.064       0.081       0.089       0.134       0.178       0.187       0.204

 EDUCATIO WITH
    UNEMPLOYED      -0.086      -0.079      -0.075      -0.057      -0.038      -0.034      -0.027
    UNEMPLOYED      -0.050      -0.045      -0.043      -0.031      -0.018      -0.016      -0.012
    FIN1             0.074       0.091       0.099       0.145       0.190       0.201       0.216
    FIN2             0.108       0.122       0.129       0.172       0.215       0.224       0.240
    FIN3             0.112       0.129       0.139       0.183       0.228       0.237       0.252

 UNEMPLOY WITH
    UNEMPLOYED       0.004       0.006       0.007       0.013       0.020       0.022       0.025
    FIN1            -0.062      -0.054      -0.051      -0.033      -0.015      -0.011      -0.005
    FIN2            -0.055      -0.048      -0.045      -0.029      -0.012      -0.009      -0.003
    FIN3            -0.067      -0.061      -0.057      -0.040      -0.023      -0.019      -0.013

 UNEMPLOY WITH
    FIN1            -0.048      -0.043      -0.040      -0.026      -0.013      -0.010      -0.005
    FIN2            -0.037      -0.033      -0.031      -0.020      -0.009      -0.007      -0.003
    FIN3            -0.039      -0.035      -0.032      -0.020      -0.008      -0.006      -0.001

 FIN1     WITH
    FIN2             0.440       0.456       0.463       0.505       0.545       0.553       0.568
    FIN3             0.420       0.434       0.442       0.485       0.526       0.533       0.551

 FIN2     WITH
    FIN3             0.441       0.456       0.463       0.504       0.543       0.552       0.566

 Means
    GENDER1          0.607       0.617       0.621       0.646       0.671       0.676       0.686
    AGE1            15.598      15.608      15.612      15.638      15.663      15.669      15.679
    EDUCATION_       3.826       3.846       3.855       3.906       3.959       3.968       3.987
    EDUCATION_       3.671       3.691       3.701       3.754       3.806       3.816       3.838
    UNEMPLOYED       0.124       0.132       0.135       0.154       0.173       0.176       0.184
    UNEMPLOYED       0.049       0.054       0.056       0.070       0.083       0.086       0.091
    FIN1             3.684       3.702       3.712       3.756       3.801       3.808       3.827
    FIN2             3.708       3.725       3.733       3.777       3.821       3.829       3.844
    FIN3             3.682       3.699       3.707       3.754       3.800       3.808       3.824

 Intercepts
    X1              -4.581      -4.072      -3.810      -2.489      -1.152      -0.919      -0.434
    X2              -4.581      -4.072      -3.810      -2.489      -1.152      -0.919      -0.434
    X3              -4.581      -4.072      -3.810      -2.489      -1.152      -0.919      -0.434
    Y1              -0.475       0.054       0.372       1.916       3.442       3.744       4.422
    Y2              -0.475       0.054       0.372       1.916       3.442       3.744       4.422
    Y3              -0.475       0.054       0.372       1.916       3.442       3.744       4.422
    M1              -2.036      -1.765      -1.622      -0.885      -0.157      -0.010       0.246
    M2              -2.036      -1.765      -1.622      -0.885      -0.157      -0.010       0.246
    M3              -2.036      -1.765      -1.622      -0.885      -0.157      -0.010       0.246

 Variances
    GENDER1          0.216       0.219       0.221       0.229       0.235       0.236       0.239
    AGE1             0.220       0.223       0.225       0.233       0.240       0.241       0.244
    EDUCATION_       0.886       0.900       0.907       0.946       0.987       0.996       1.012
    EDUCATION_       0.914       0.929       0.938       0.983       1.030       1.039       1.058
    UNEMPLOYED       0.109       0.114       0.117       0.130       0.143       0.145       0.150
    UNEMPLOYED       0.047       0.051       0.053       0.065       0.077       0.079       0.083
    FIN1             0.658       0.672       0.681       0.728       0.772       0.780       0.799
    FIN2             0.618       0.632       0.640       0.684       0.728       0.737       0.753
    FIN3             0.669       0.687       0.697       0.750       0.803       0.813       0.833
    RIX              0.345       0.367       0.376       0.430       0.475       0.485       0.504
    RIY              0.294       0.341       0.361       0.475       0.566       0.583       0.621
    RIM              0.078       0.085       0.089       0.110       0.126       0.130       0.136
    WX1              0.229       0.242       0.249       0.291       0.335       0.344       0.364
    WY1              0.503       0.548       0.569       0.694       0.832       0.861       0.918
    WM1              0.091       0.097       0.100       0.117       0.137       0.141       0.150

 Residual Variances
    X1               0.000       0.000       0.000       0.000       0.000       0.000       0.000
    X2               0.000       0.000       0.000       0.000       0.000       0.000       0.000
    X3               0.000       0.000       0.000       0.000       0.000       0.000       0.000
    Y1               0.000       0.000       0.000       0.000       0.000       0.000       0.000
    Y2               0.000       0.000       0.000       0.000       0.000       0.000       0.000
    Y3               0.000       0.000       0.000       0.000       0.000       0.000       0.000
    M1               0.000       0.000       0.000       0.000       0.000       0.000       0.000
    M2               0.000       0.000       0.000       0.000       0.000       0.000       0.000
    M3               0.000       0.000       0.000       0.000       0.000       0.000       0.000
    WX2              0.262       0.277       0.285       0.330       0.368       0.376       0.392
    WX3              0.262       0.277       0.285       0.330       0.368       0.376       0.392
    WY2              0.494       0.531       0.550       0.655       0.753       0.774       0.815
    WY3              0.494       0.531       0.550       0.655       0.753       0.774       0.815
    WM2              0.161       0.165       0.168       0.184       0.196       0.199       0.205
    WM3              0.161       0.165       0.168       0.184       0.196       0.199       0.205

New/Additional Parameters
    IND             -0.011      -0.007      -0.005       0.000       0.006       0.008       0.012


CONFIDENCE INTERVALS OF STANDARDIZED MODEL RESULTS


STDYX Standardization

                  Lower .5%  Lower 2.5%    Lower 5%    Estimate    Upper 5%  Upper 2.5%   Upper .5%

 RIX      BY
    X1               0.667       0.682       0.690       0.729       0.757       0.762       0.773
    X2               0.658       0.674       0.682       0.725       0.756       0.763       0.775
    X3               0.655       0.671       0.680       0.723       0.755       0.761       0.772

 RIY      BY
    Y1               0.466       0.506       0.521       0.598       0.651       0.661       0.681
    Y2               0.471       0.509       0.525       0.602       0.657       0.668       0.690
    Y3               0.454       0.491       0.506       0.582       0.636       0.647       0.667

 RIM      BY
    M1               0.575       0.601       0.614       0.676       0.721       0.729       0.744
    M2               0.511       0.534       0.544       0.595       0.633       0.640       0.652
    M3               0.497       0.520       0.531       0.585       0.624       0.632       0.644

 WX1      BY
    X1               0.541       0.554       0.561       0.599       0.637       0.645       0.663

 WX2      BY
    X2               0.575       0.590       0.597       0.639       0.680       0.687       0.702

 WX3      BY
    X3               0.574       0.591       0.598       0.641       0.682       0.691       0.707

 WY1      BY
    Y1               0.639       0.659       0.669       0.723       0.777       0.788       0.810

 WY2      BY
    Y2               0.638       0.657       0.668       0.724       0.781       0.793       0.816

 WY3      BY
    Y3               0.616       0.635       0.646       0.701       0.758       0.770       0.789

 WM1      BY
    M1               0.623       0.641       0.651       0.700       0.749       0.759       0.779

 WM2      BY
    M2               0.731       0.743       0.749       0.783       0.816       0.824       0.837

 WM3      BY
    M3               0.723       0.736       0.742       0.777       0.810       0.818       0.832

 WY2      ON
    WY1              0.016       0.064       0.089       0.212       0.327       0.347       0.391
    WX1             -0.115      -0.085      -0.071       0.006       0.078       0.092       0.121
    WM1             -0.084      -0.060      -0.048       0.015       0.078       0.090       0.113

 WY3      ON
    WY2              0.016       0.061       0.087       0.211       0.329       0.350       0.399
    WX2             -0.120      -0.089      -0.074       0.007       0.085       0.101       0.133
    WM2             -0.104      -0.075      -0.060       0.019       0.098       0.113       0.141

 WX2      ON
    WX1             -0.088      -0.046      -0.023       0.084       0.186       0.204       0.242
    WY1             -0.119      -0.089      -0.074       0.005       0.080       0.094       0.122
    WM1             -0.028      -0.006       0.006       0.073       0.140       0.153       0.180

 WX3      ON
    WX2             -0.088      -0.047      -0.024       0.090       0.205       0.226       0.263
    WY2             -0.118      -0.089      -0.073       0.005       0.079       0.093       0.119
    WM2             -0.036      -0.008       0.008       0.092       0.176       0.191       0.226

 WM2      ON
    WM1              0.033       0.064       0.078       0.155       0.234       0.250       0.281
    WX1             -0.093      -0.070      -0.057       0.013       0.081       0.096       0.119
    WY1             -0.049      -0.021      -0.007       0.065       0.132       0.146       0.173

 WM3      ON
    WM2              0.044       0.083       0.101       0.195       0.285       0.303       0.337
    WX2             -0.097      -0.074      -0.059       0.014       0.087       0.102       0.130
    WY2             -0.048      -0.022      -0.006       0.064       0.131       0.144       0.168

 X1       ON
    GENDER1          0.235       0.253       0.263       0.311       0.359       0.367       0.384
    AGE1            -0.015       0.001       0.009       0.054       0.098       0.107       0.124
    EDUCATION_      -0.054      -0.032      -0.020       0.038       0.097       0.108       0.129
    EDUCATION_      -0.031      -0.010       0.001       0.056       0.111       0.122       0.143
    UNEMPLOYED      -0.109      -0.091      -0.082      -0.033       0.018       0.028       0.048
    UNEMPLOYED      -0.020      -0.002       0.006       0.051       0.096       0.105       0.121
    FIN1            -0.022      -0.005       0.003       0.050       0.095       0.104       0.122

 X2       ON
    GENDER1          0.136       0.155       0.165       0.216       0.267       0.276       0.296
    AGE1            -0.016      -0.001       0.008       0.052       0.097       0.105       0.123
    EDUCATION_      -0.069      -0.048      -0.037       0.024       0.085       0.097       0.121
    EDUCATION_      -0.038      -0.014      -0.002       0.058       0.117       0.129       0.148
    UNEMPLOYED      -0.096      -0.073      -0.063      -0.012       0.042       0.051       0.070
    UNEMPLOYED      -0.014       0.004       0.014       0.066       0.116       0.126       0.146
    FIN2             0.024       0.040       0.048       0.094       0.139       0.147       0.165

 X3       ON
    GENDER1          0.138       0.160       0.170       0.221       0.273       0.282       0.301
    AGE1            -0.013       0.003       0.010       0.055       0.099       0.107       0.124
    EDUCATION_      -0.062      -0.041      -0.029       0.034       0.095       0.107       0.130
    EDUCATION_      -0.056      -0.033      -0.023       0.038       0.097       0.109       0.132
    UNEMPLOYED      -0.102      -0.079      -0.069      -0.018       0.035       0.045       0.064
    UNEMPLOYED      -0.001       0.016       0.026       0.075       0.122       0.131       0.147
    FIN3             0.002       0.021       0.030       0.082       0.134       0.145       0.165

 Y1       ON
    GENDER1         -0.190      -0.172      -0.163      -0.114      -0.065      -0.056      -0.038
    AGE1            -0.013       0.003       0.011       0.051       0.091       0.099       0.115
    EDUCATION_      -0.124      -0.101      -0.089      -0.025       0.039       0.051       0.073
    EDUCATION_      -0.090      -0.067      -0.056       0.010       0.077       0.089       0.114
    UNEMPLOYED      -0.140      -0.116      -0.104      -0.046       0.013       0.024       0.043
    UNEMPLOYED      -0.058      -0.037      -0.025       0.032       0.086       0.096       0.118
    FIN1             0.237       0.261       0.270       0.324       0.375       0.384       0.402

 Y2       ON
    GENDER1         -0.131      -0.113      -0.104      -0.055      -0.004       0.005       0.022
    AGE1            -0.021      -0.005       0.003       0.044       0.085       0.093       0.109
    EDUCATION_      -0.064      -0.040      -0.028       0.033       0.092       0.103       0.123
    EDUCATION_      -0.073      -0.049      -0.037       0.027       0.092       0.105       0.130
    UNEMPLOYED      -0.126      -0.106      -0.096      -0.039       0.019       0.030       0.049
    UNEMPLOYED      -0.087      -0.064      -0.053       0.001       0.051       0.059       0.077
    FIN2             0.226       0.247       0.257       0.308       0.356       0.364       0.384

 Y3       ON
    GENDER1         -0.071      -0.054      -0.045       0.006       0.056       0.065       0.085
    AGE1            -0.035      -0.019      -0.011       0.028       0.068       0.076       0.090
    EDUCATION_      -0.063      -0.041      -0.030       0.027       0.084       0.094       0.112
    EDUCATION_      -0.052      -0.030      -0.021       0.035       0.091       0.101       0.120
    UNEMPLOYED      -0.091      -0.072      -0.062      -0.010       0.041       0.051       0.071
    UNEMPLOYED      -0.075      -0.051      -0.040       0.012       0.062       0.071       0.089
    FIN3             0.318       0.335       0.345       0.396       0.446       0.454       0.473

 M1       ON
    GENDER1          0.067       0.086       0.096       0.150       0.203       0.213       0.231
    AGE1            -0.042      -0.025      -0.016       0.029       0.075       0.084       0.101
    EDUCATION_      -0.153      -0.128      -0.117      -0.055       0.008       0.020       0.041
    EDUCATION_      -0.061      -0.038      -0.025       0.035       0.096       0.107       0.131
    UNEMPLOYED      -0.121      -0.102      -0.091      -0.036       0.019       0.030       0.052
    UNEMPLOYED      -0.053      -0.032      -0.022       0.032       0.084       0.094       0.115
    FIN1             0.076       0.095       0.105       0.155       0.204       0.214       0.233

 M2       ON
    GENDER1         -0.019       0.003       0.013       0.065       0.116       0.126       0.145
    AGE1            -0.036      -0.021      -0.014       0.025       0.066       0.074       0.089
    EDUCATION_      -0.097      -0.075      -0.064      -0.006       0.053       0.064       0.087
    EDUCATION_      -0.115      -0.093      -0.082      -0.023       0.036       0.048       0.066
    UNEMPLOYED      -0.115      -0.095      -0.084      -0.030       0.026       0.036       0.056
    UNEMPLOYED      -0.079      -0.059      -0.050       0.003       0.055       0.064       0.084
    FIN2             0.093       0.108       0.117       0.165       0.211       0.221       0.238

 M3       ON
    GENDER1          0.065       0.085       0.096       0.153       0.207       0.219       0.239
    AGE1            -0.043      -0.030      -0.022       0.017       0.057       0.065       0.079
    EDUCATION_      -0.098      -0.071      -0.060       0.006       0.071       0.082       0.108
    EDUCATION_      -0.072      -0.050      -0.038       0.026       0.091       0.104       0.129
    UNEMPLOYED      -0.142      -0.122      -0.112      -0.054       0.002       0.012       0.032
    UNEMPLOYED      -0.036      -0.013      -0.002       0.056       0.112       0.123       0.144
    FIN3             0.065       0.085       0.096       0.147       0.199       0.209       0.228

 RIX      WITH
    RIY              0.154       0.193       0.214       0.314       0.433       0.458       0.505
    RIM              0.383       0.419       0.435       0.516       0.601       0.617       0.651

 RIY      WITH
    RIM              0.401       0.442       0.465       0.566       0.693       0.719       0.794

 WX1      WITH
    WY1             -0.183      -0.147      -0.129      -0.037       0.053       0.071       0.103
    WM1             -0.011       0.029       0.050       0.148       0.246       0.265       0.300

 WY1      WITH
    WM1             -0.061      -0.017       0.006       0.111       0.216       0.234       0.268

 WX2      WITH
    WY2              0.016       0.046       0.062       0.145       0.222       0.238       0.267
    WM2              0.188       0.212       0.226       0.296       0.364       0.377       0.399

 WY2      WITH
    WM2              0.083       0.112       0.125       0.197       0.264       0.275       0.298

 WX3      WITH
    WY3              0.016       0.046       0.062       0.145       0.222       0.238       0.267
    WM3              0.188       0.212       0.226       0.296       0.364       0.377       0.399

 WY3      WITH
    WM3              0.083       0.112       0.125       0.197       0.264       0.275       0.298

 GENDER1  WITH
    AGE1            -0.085      -0.064      -0.055      -0.002       0.050       0.061       0.081
    EDUCATION_      -0.158      -0.139      -0.129      -0.077      -0.024      -0.013       0.008
    EDUCATION_      -0.125      -0.106      -0.096      -0.045       0.007       0.017       0.038
    UNEMPLOYED      -0.100      -0.080      -0.070      -0.016       0.037       0.047       0.066
    UNEMPLOYED      -0.102      -0.079      -0.068      -0.014       0.040       0.050       0.071
    FIN1            -0.047      -0.029      -0.020       0.034       0.086       0.097       0.116
    FIN2            -0.090      -0.069      -0.059      -0.004       0.049       0.060       0.077
    FIN3            -0.073      -0.051      -0.042       0.013       0.068       0.077       0.095

 AGE1     WITH
    EDUCATION_      -0.159      -0.142      -0.131      -0.078      -0.026      -0.016       0.004
    EDUCATION_      -0.119      -0.102      -0.091      -0.038       0.015       0.025       0.048
    UNEMPLOYED      -0.013       0.008       0.017       0.069       0.119       0.127       0.145
    UNEMPLOYED      -0.073      -0.050      -0.040       0.014       0.066       0.075       0.095
    FIN1            -0.096      -0.075      -0.066      -0.013       0.040       0.050       0.070
    FIN2            -0.109      -0.089      -0.078      -0.026       0.027       0.038       0.057
    FIN3            -0.110      -0.091      -0.082      -0.029       0.024       0.035       0.055

 EDUCATIO WITH
    EDUCATION_       0.395       0.413       0.422       0.469       0.515       0.523       0.539
    UNEMPLOYED      -0.326      -0.308      -0.298      -0.250      -0.200      -0.190      -0.172
    UNEMPLOYED      -0.180      -0.159      -0.150      -0.096      -0.040      -0.029      -0.006
    FIN1             0.057       0.076       0.087       0.140       0.192       0.202       0.222
    FIN2             0.079       0.099       0.109       0.161       0.212       0.222       0.240
    FIN3             0.077       0.096       0.106       0.159       0.211       0.221       0.240

 EDUCATIO WITH
    UNEMPLOYED      -0.236      -0.217      -0.207      -0.158      -0.107      -0.098      -0.076
    UNEMPLOYED      -0.188      -0.172      -0.164      -0.121      -0.076      -0.067      -0.051
    FIN1             0.087       0.108       0.118       0.171       0.224       0.236       0.256
    FIN2             0.132       0.150       0.159       0.210       0.261       0.270       0.290
    FIN3             0.132       0.152       0.163       0.213       0.264       0.274       0.292

 UNEMPLOY WITH
    UNEMPLOYED       0.040       0.066       0.078       0.147       0.215       0.230       0.258
    FIN1            -0.196      -0.175      -0.164      -0.106      -0.049      -0.038      -0.017
    FIN2            -0.181      -0.160      -0.150      -0.096      -0.041      -0.030      -0.011
    FIN3            -0.213      -0.191      -0.181      -0.128      -0.075      -0.064      -0.043

 UNEMPLOY WITH
    FIN1            -0.214      -0.192      -0.181      -0.122      -0.061      -0.049      -0.025
    FIN2            -0.170      -0.152      -0.143      -0.094      -0.044      -0.035      -0.016
    FIN3            -0.174      -0.154      -0.145      -0.090      -0.036      -0.026      -0.005

 FIN1     WITH
    FIN2             0.664       0.677       0.684       0.716       0.745       0.751       0.761
    FIN3             0.593       0.608       0.616       0.656       0.693       0.700       0.713

 FIN2     WITH
    FIN3             0.644       0.659       0.668       0.703       0.737       0.742       0.754

 Means
    GENDER1          1.243       1.268       1.280       1.351       1.428       1.443       1.477
    AGE1            31.618      31.785      31.878      32.399      33.019      33.146      33.447
    EDUCATION_       3.852       3.892       3.913       4.016       4.125       4.146       4.185
    EDUCATION_       3.631       3.671       3.690       3.786       3.886       3.905       3.944
    UNEMPLOYED       0.377       0.389       0.395       0.426       0.457       0.463       0.474
    UNEMPLOYED       0.227       0.238       0.244       0.273       0.302       0.307       0.317
    FIN1             4.181       4.237       4.264       4.403       4.563       4.596       4.652
    FIN2             4.334       4.386       4.415       4.567       4.732       4.767       4.823
    FIN3             4.087       4.144       4.176       4.336       4.511       4.549       4.623

 Intercepts
    X1              -5.090      -4.520      -4.237      -2.765      -1.281      -1.026      -0.483
    X2              -5.063      -4.502      -4.222      -2.750      -1.271      -1.018      -0.482
    X3              -5.043      -4.490      -4.212      -2.744      -1.271      -1.013      -0.478
    Y1              -0.410       0.047       0.323       1.664       2.998       3.243       3.818
    Y2              -0.412       0.049       0.322       1.675       3.015       3.262       3.876
    Y3              -0.401       0.047       0.312       1.620       2.914       3.155       3.747
    M1              -4.177      -3.609      -3.312      -1.806      -0.320      -0.022       0.512
    M2              -3.679      -3.192      -2.927      -1.591      -0.279      -0.019       0.443
    M3              -3.625      -3.135      -2.873      -1.563      -0.276      -0.018       0.437

 Variances
    GENDER1          1.000       1.000       1.000       1.000       1.000       1.000       1.000
    AGE1             1.000       1.000       1.000       1.000       1.000       1.000       1.000
    EDUCATION_       1.000       1.000       1.000       1.000       1.000       1.000       1.000
    EDUCATION_       1.000       1.000       1.000       1.000       1.000       1.000       1.000
    UNEMPLOYED       1.000       1.000       1.000       1.000       1.000       1.000       1.000
    UNEMPLOYED       1.000       1.000       1.000       1.000       1.000       1.000       1.000
    FIN1             1.000       1.000       1.000       1.000       1.000       1.000       1.000
    FIN2             1.000       1.000       1.000       1.000       1.000       1.000       1.000
    FIN3             1.000       1.000       1.000       1.000       1.000       1.000       1.000
    RIX              1.000       1.000       1.000       1.000       1.000       1.000       1.000
    RIY              1.000       1.000       1.000       1.000       1.000       1.000       1.000
    RIM              1.000       1.000       1.000       1.000       1.000       1.000       1.000
    WX1              1.000       1.000       1.000       1.000       1.000       1.000       1.000
    WY1              1.000       1.000       1.000       1.000       1.000       1.000       1.000
    WM1              1.000       1.000       1.000       1.000       1.000       1.000       1.000

 Residual Variances
    X1               0.000       0.000       0.000       0.000       0.000       0.000       0.000
    X2               0.000       0.000       0.000       0.000       0.000       0.000       0.000
    X3               0.000       0.000       0.000       0.000       0.000       0.000       0.000
    Y1               0.000       0.000       0.000       0.000       0.000       0.000       0.000
    Y2               0.000       0.000       0.000       0.000       0.000       0.000       0.000
    Y3               0.000       0.000       0.000       0.000       0.000       0.000       0.000
    M1               0.000       0.000       0.000       0.000       0.000       0.000       0.000
    M2               0.000       0.000       0.000       0.000       0.000       0.000       0.000
    M3               0.000       0.000       0.000       0.000       0.000       0.000       0.000
    WX2              0.927       0.943       0.951       0.986       0.995       0.997       0.999
    WX3              0.898       0.920       0.932       0.978       0.994       0.996       0.999
    WY2              0.841       0.874       0.888       0.954       0.988       0.992       0.997
    WY3              0.835       0.871       0.884       0.953       0.986       0.991       0.996
    WM2              0.906       0.923       0.931       0.969       0.987       0.989       0.994
    WM3              0.866       0.887       0.899       0.951       0.980       0.984       0.991


     Beginning Time:  16:35:13
        Ending Time:  16:45:08
       Elapsed Time:  00:09:55



MUTHEN & MUTHEN
3463 Stoner Ave.
Los Angeles, CA  90066

Tel: (310) 391-9971
Fax: (310) 391-8971
Web: www.StatModel.com
Support: Support@StatModel.com

Copyright (c) 1998-2023 Muthen & Muthen
