Mplus VERSION 8.9
MUTHEN & MUTHEN
01/22/2025   4:45 PM

INPUT INSTRUCTIONS

  DATA:
    FILE IS "mplus.dat";
  VARIABLE:
    MISSING ARE ALL (-99);
    NAMES ARE id Gender1 Age1 Education_mother1 Education_father1
    unemployed_mother1 unemployed_father1 Fin1 Fin2 Fin3 Personal1
    Personal2 Personal3 Public1 Public2 Public3 Collective1
    Collective2 Collective3 Relational1 Relational2
    Relational3 Autonomy1 Autonomy2 Autonomy3 Relatedness1 Relatedness2
    Relatedness3 Competence1 Competence2 Competence3
    PA1 PA2 PA3 NA1 NA2 NA3 SWLS1 SWLS2 SWLS3;

  usevar =
  Gender1 Age1 Education_mother1 Education_father1
  unemployed_mother1 unemployed_father1 Fin1 Fin2 Fin3
  x1-x3 y1-y3 m1-m3 ;

  define:
  x1 = Collective1;
  x2 = Collective2;
  x3 = Collective3;

  m1 = Relatedness1;
  m2 = Relatedness2;
  m3 = Relatedness3;

  y1 = PA1;
  y2 = PA2;
  y3 = PA3;





  analysis:

  MODEL = NOCOV;
  bootstrap = 10000;


  MODEL:
  RIx BY x1@1 x2@1 x3@1;
  RIy BY y1@1 y2@1 y3@1;
  RIm BY m1@1 m2@1 m3@1;



  wx1 BY x1@1;
  wx2 BY x2@1;
  wx3 BY x3@1;



  wy1 BY y1@1;
  wy2 BY y2@1;
  wy3 BY y3@1;



  wm1 By m1@1;
  wm2 By m2@1;
  wm3 By m3@1;


  x1-m3@0;


  wy2 ON wy1 (a );
  wy3 ON wy2 (a );


  wx2 ON wx1 (b );
  wx3 ON wx2 (b );


  wm2 ON wm1  (c);
  wm3 ON wm2  (c);


  wy2 ON  wx1 wm1  (d e);
  wy3 ON  wx2 wm2  (d e);


  wx2 ON wy1 wm1  (f j);
  wx3 ON wy2 wm2  (f j);


  wm2 ON wx1 wy1   (h i);
  wm3 ON wx2 wy2   (h i);


  RIx RIy RIm  with RIx RIy RIm ;

  wx1 wy1 wm1 with wx1 wy1 wm1;
  wx2 wy2 wm2 with wx2 wy2 wm2 (cov1 cov2 cov3);
  wx3 wy3 wm3 with wx3 wy3 wm3 (cov1 cov2 cov3);

  wx2 (vx); wy2 (vy); wm2 (vm);
  wx3 (vx); wy3 (vy); wm3 (vm);

  x1-m3 on Gender1 Age1 Education_mother1 Education_father1
  unemployed_mother1 unemployed_father1 ;

  x1 y1 m1 on Fin1;
  x2 y2 m2 on Fin2;
  x3 y3 m3 on Fin3;

  Gender1 -Fin3 with Gender1 -Fin3;

  [x1-x3] (mx);
  [m1-m3] (mm);
  [y1-y3] (my);

  model constraint:
  new (ind);
  ind = h*e;

  output: cinterval (boot) stdyx;



*** WARNING in VARIABLE command
  Note that only the first 8 characters of variable names are used in the output.
  Shorten variable names to avoid any confusion.
   1 WARNING(S) FOUND IN THE INPUT INSTRUCTIONS




SUMMARY OF ANALYSIS

Number of groups                                                 1
Number of observations                                         971

Number of dependent variables                                    9
Number of independent variables                                  9
Number of continuous latent variables                           12

Observed dependent variables

  Continuous
   X1          X2          X3          Y1          Y2          Y3
   M1          M2          M3

Observed independent variables
   GENDER1     AGE1        EDUCATIO    EDUCATIO    UNEMPLOY    UNEMPLOY
   FIN1        FIN2        FIN3

Continuous latent variables
   RIX         RIY         RIM         WX1         WX2         WX3
   WY1         WY2         WY3         WM1         WM2         WM3


Estimator                                                       ML
Information matrix                                        OBSERVED
Maximum number of iterations                                  1000
Convergence criterion                                    0.500D-04
Maximum number of steepest descent iterations                   20
Maximum number of iterations for H1                           2000
Convergence criterion for H1                             0.100D-03
Number of bootstrap draws
    Requested                                                10000
    Completed                                                10000

Input data file(s)
  mplus.dat

Input data format  FREE


SUMMARY OF DATA

     Number of missing data patterns            19


COVARIANCE COVERAGE OF DATA

Minimum covariance coverage value   0.100


     PROPORTION OF DATA PRESENT


           Covariance Coverage
              X1            X2            X3            Y1            Y2
              ________      ________      ________      ________      ________
 X1             1.000
 X2             1.000         1.000
 X3             1.000         1.000         1.000
 Y1             1.000         1.000         1.000         1.000
 Y2             1.000         1.000         1.000         1.000         1.000
 Y3             1.000         1.000         1.000         1.000         1.000
 M1             1.000         1.000         1.000         1.000         1.000
 M2             1.000         1.000         1.000         1.000         1.000
 M3             1.000         1.000         1.000         1.000         1.000
 GENDER1        0.998         0.998         0.998         0.998         0.998
 AGE1           0.999         0.999         0.999         0.999         0.999
 EDUCATIO       0.994         0.994         0.994         0.994         0.994
 EDUCATIO       0.991         0.991         0.991         0.991         0.991
 UNEMPLOY       0.992         0.992         0.992         0.992         0.992
 UNEMPLOY       0.974         0.974         0.974         0.974         0.974
 FIN1           0.994         0.994         0.994         0.994         0.994
 FIN2           0.991         0.991         0.991         0.991         0.991
 FIN3           0.991         0.991         0.991         0.991         0.991


           Covariance Coverage
              Y3            M1            M2            M3            GENDER1
              ________      ________      ________      ________      ________
 Y3             1.000
 M1             1.000         1.000
 M2             1.000         1.000         1.000
 M3             1.000         1.000         1.000         1.000
 GENDER1        0.998         0.998         0.998         0.998         0.998
 AGE1           0.999         0.999         0.999         0.999         0.997
 EDUCATIO       0.994         0.994         0.994         0.994         0.992
 EDUCATIO       0.991         0.991         0.991         0.991         0.989
 UNEMPLOY       0.992         0.992         0.992         0.992         0.990
 UNEMPLOY       0.974         0.974         0.974         0.974         0.972
 FIN1           0.994         0.994         0.994         0.994         0.992
 FIN2           0.991         0.991         0.991         0.991         0.990
 FIN3           0.991         0.991         0.991         0.991         0.989


           Covariance Coverage
              AGE1          EDUCATIO      EDUCATIO      UNEMPLOY      UNEMPLOY
              ________      ________      ________      ________      ________
 AGE1           0.999
 EDUCATIO       0.993         0.994
 EDUCATIO       0.990         0.987         0.991
 UNEMPLOY       0.991         0.989         0.984         0.992
 UNEMPLOY       0.973         0.969         0.970         0.968         0.974
 FIN1           0.993         0.989         0.986         0.988         0.969
 FIN2           0.990         0.985         0.981         0.982         0.965
 FIN3           0.990         0.985         0.981         0.982         0.965


           Covariance Coverage
              FIN1          FIN2          FIN3
              ________      ________      ________
 FIN1           0.994
 FIN2           0.986         0.991
 FIN3           0.986         0.984         0.991



UNIVARIATE SAMPLE STATISTICS


     UNIVARIATE HIGHER-ORDER MOMENT DESCRIPTIVE STATISTICS

         Variable/         Mean/     Skewness/   Minimum/ % with                Percentiles
        Sample Size      Variance    Kurtosis    Maximum  Min/Max      20%/60%    40%/80%    Median

     X1                   -0.016      -0.143      -2.873    0.10%      -0.797     -0.233     -0.038
             971.000       0.819      -0.348       2.189    0.10%       0.260      0.790
     X2                   -0.011      -0.022      -3.048    0.10%      -0.793     -0.286     -0.009
             971.000       0.851      -0.289       2.197    0.10%       0.236      0.781
     X3                   -0.011      -0.129      -3.182    0.10%      -0.752     -0.288     -0.038
             971.000       0.856      -0.090       2.266    0.10%       0.220      0.793
     Y1                    0.000      -0.852      -2.603    0.10%      -0.536     -0.025      0.104
             971.000       0.467       0.543       1.028    0.82%       0.246      0.602
     Y2                    0.000      -0.845      -2.692    0.10%      -0.615     -0.025      0.114
             971.000       0.536       0.375       1.046    1.03%       0.272      0.639
     Y3                    0.000      -0.937      -2.754    0.10%      -0.553     -0.036      0.085
             971.000       0.499       0.856       0.988    1.44%       0.256      0.610
     M1                   -0.034      -0.538      -1.942    0.10%      -0.486     -0.142      0.034
             971.000       0.243      -0.181       0.793    1.24%       0.182      0.446
     M2                   -0.029      -0.424      -1.864    0.10%      -0.518     -0.166      0.029
             971.000       0.294      -0.219       0.934    2.37%       0.184      0.487
     M3                   -0.033      -0.375      -2.113    0.10%      -0.528     -0.198      0.016
             971.000       0.356      -0.467       1.004    2.16%       0.216      0.541
     GENDER1               0.646      -0.611       0.000   35.40%       0.000      1.000      1.000
             969.000       0.229      -1.627       1.000   64.60%       1.000      1.000
     AGE1                 15.638      -0.547      15.000   36.29%      15.000     16.000     16.000
             970.000       0.233      -1.625      17.000    0.10%      16.000     16.000
     EDUCATION_MOTHE       3.907      -0.084       1.000    0.31%       3.000      3.000      4.000
             965.000       0.945      -1.378       5.000   39.17%       4.000      5.000
     EDUCATION_FATHE       3.754       0.093       1.000    0.62%       3.000      3.000      3.000
             962.000       0.984      -1.211       5.000   33.78%       4.000      5.000
     UNEMPLOYED_MOTH       0.154       1.921       0.000   84.63%       0.000      0.000      0.000
             963.000       0.130       1.688       1.000   15.37%       0.000      0.000
     UNEMPLOYED_FATH       0.070       3.378       0.000   93.02%       0.000      0.000      0.000
             946.000       0.065       9.408       1.000    6.98%       0.000      0.000
     FIN1                  3.754      -0.071       1.000    0.31%       3.000      3.000      4.000
             965.000       0.726      -0.634       5.000   21.55%       4.000      5.000
     FIN2                  3.777      -0.071       1.000    0.42%       3.000      4.000      4.000
             962.000       0.685      -0.517       5.000   21.21%       4.000      5.000
     FIN3                  3.756      -0.179       1.000    0.94%       3.000      3.000      4.000
             962.000       0.750      -0.296       5.000   21.93%       4.000      5.000


THE MODEL ESTIMATION TERMINATED NORMALLY



MODEL FIT INFORMATION

Number of Free Parameters                      147

Loglikelihood

          H0 Value                      -14467.703
          H1 Value                      -14406.401

Information Criteria

          Akaike (AIC)                   29229.405
          Bayesian (BIC)                 29946.519
          Sample-Size Adjusted BIC       29479.648
            (n* = (n + 2) / 24)

Chi-Square Test of Model Fit

          Value                            122.604
          Degrees of Freedom                    42
          P-Value                           0.0000

RMSEA (Root Mean Square Error Of Approximation)

          Estimate                           0.044
          90 Percent C.I.                    0.035  0.054
          Probability RMSEA <= .05           0.832

CFI/TLI

          CFI                                0.980
          TLI                                0.945

Chi-Square Test of Model Fit for the Baseline Model

          Value                           4214.585
          Degrees of Freedom                   117
          P-Value                           0.0000

SRMR (Standardized Root Mean Square Residual)

          Value                              0.043



MODEL RESULTS

                                                    Two-Tailed
                    Estimate       S.E.  Est./S.E.    P-Value

 RIX      BY
    X1                 1.000      0.000    999.000    999.000
    X2                 1.000      0.000    999.000    999.000
    X3                 1.000      0.000    999.000    999.000

 RIY      BY
    Y1                 1.000      0.000    999.000    999.000
    Y2                 1.000      0.000    999.000    999.000
    Y3                 1.000      0.000    999.000    999.000

 RIM      BY
    M1                 1.000      0.000    999.000    999.000
    M2                 1.000      0.000    999.000    999.000
    M3                 1.000      0.000    999.000    999.000

 WX1      BY
    X1                 1.000      0.000    999.000    999.000

 WX2      BY
    X2                 1.000      0.000    999.000    999.000

 WX3      BY
    X3                 1.000      0.000    999.000    999.000

 WY1      BY
    Y1                 1.000      0.000    999.000    999.000

 WY2      BY
    Y2                 1.000      0.000    999.000    999.000

 WY3      BY
    Y3                 1.000      0.000    999.000    999.000

 WM1      BY
    M1                 1.000      0.000    999.000    999.000

 WM2      BY
    M2                 1.000      0.000    999.000    999.000

 WM3      BY
    M3                 1.000      0.000    999.000    999.000

 WY2      ON
    WY1                0.022      0.084      0.259      0.796
    WX1                0.028      0.043      0.634      0.526
    WM1                0.009      0.055      0.158      0.875

 WY3      ON
    WY2                0.022      0.084      0.259      0.796
    WX2                0.028      0.043      0.634      0.526
    WM2                0.009      0.055      0.158      0.875

 WX2      ON
    WX1                0.092      0.068      1.354      0.176
    WY1                0.041      0.053      0.778      0.437
    WM1                0.035      0.062      0.564      0.573

 WX3      ON
    WX2                0.092      0.068      1.354      0.176
    WY2                0.041      0.053      0.778      0.437
    WM2                0.035      0.062      0.564      0.573

 WM2      ON
    WM1                0.198      0.058      3.436      0.001
    WX1               -0.029      0.033     -0.900      0.368
    WY1                0.072      0.043      1.679      0.093

 WM3      ON
    WM2                0.198      0.058      3.436      0.001
    WX2               -0.029      0.033     -0.900      0.368
    WY2                0.072      0.043      1.679      0.093

 X1       ON
    GENDER1           -0.198      0.063     -3.134      0.002
    AGE1              -0.004      0.055     -0.076      0.939
    EDUCATION_        -0.023      0.034     -0.670      0.503
    EDUCATION_         0.023      0.034      0.688      0.492
    UNEMPLOYED        -0.011      0.078     -0.146      0.884
    UNEMPLOYED         0.072      0.119      0.608      0.543
    FIN1               0.118      0.030      3.882      0.000

 X2       ON
    GENDER1           -0.118      0.065     -1.821      0.069
    AGE1              -0.012      0.055     -0.217      0.828
    EDUCATION_        -0.034      0.035     -0.980      0.327
    EDUCATION_         0.022      0.035      0.650      0.516
    UNEMPLOYED        -0.006      0.079     -0.071      0.943
    UNEMPLOYED         0.179      0.127      1.405      0.160
    FIN2               0.146      0.031      4.699      0.000

 X3       ON
    GENDER1           -0.150      0.064     -2.319      0.020
    AGE1              -0.001      0.055     -0.021      0.983
    EDUCATION_        -0.029      0.034     -0.845      0.398
    EDUCATION_         0.016      0.033      0.471      0.638
    UNEMPLOYED         0.046      0.083      0.561      0.575
    UNEMPLOYED         0.149      0.126      1.186      0.236
    FIN3               0.108      0.031      3.538      0.000

 Y1       ON
    GENDER1           -0.128      0.045     -2.828      0.005
    AGE1               0.039      0.039      0.985      0.325
    EDUCATION_         0.020      0.026      0.755      0.451
    EDUCATION_        -0.005      0.024     -0.193      0.847
    UNEMPLOYED         0.006      0.067      0.084      0.933
    UNEMPLOYED         0.070      0.095      0.737      0.461
    FIN1               0.141      0.023      6.146      0.000

 Y2       ON
    GENDER1           -0.117      0.049     -2.404      0.016
    AGE1               0.043      0.040      1.079      0.280
    EDUCATION_         0.006      0.028      0.208      0.836
    EDUCATION_        -0.003      0.028     -0.097      0.923
    UNEMPLOYED        -0.142      0.067     -2.122      0.034
    UNEMPLOYED         0.098      0.098      1.005      0.315
    FIN2               0.138      0.026      5.314      0.000

 Y3       ON
    GENDER1           -0.061      0.047     -1.315      0.189
    AGE1               0.024      0.039      0.625      0.532
    EDUCATION_         0.008      0.028      0.282      0.778
    EDUCATION_         0.015      0.025      0.576      0.564
    UNEMPLOYED        -0.024      0.062     -0.379      0.705
    UNEMPLOYED         0.156      0.089      1.751      0.080
    FIN3               0.181      0.024      7.566      0.000

 M1       ON
    GENDER1            0.153      0.033      4.610      0.000
    AGE1               0.030      0.028      1.063      0.288
    EDUCATION_        -0.028      0.019     -1.462      0.144
    EDUCATION_         0.017      0.018      0.932      0.351
    UNEMPLOYED        -0.048      0.046     -1.045      0.296
    UNEMPLOYED         0.062      0.062      1.005      0.315
    FIN1               0.094      0.017      5.352      0.000

 M2       ON
    GENDER1            0.075      0.036      2.081      0.037
    AGE1               0.029      0.028      1.053      0.292
    EDUCATION_        -0.004      0.020     -0.213      0.832
    EDUCATION_        -0.013      0.020     -0.645      0.519
    UNEMPLOYED        -0.045      0.051     -0.873      0.383
    UNEMPLOYED         0.007      0.070      0.101      0.920
    FIN2               0.115      0.019      5.974      0.000

 M3       ON
    GENDER1            0.181      0.040      4.471      0.000
    AGE1               0.020      0.028      0.725      0.468
    EDUCATION_         0.003      0.023      0.138      0.890
    EDUCATION_         0.015      0.022      0.675      0.500
    UNEMPLOYED        -0.085      0.054     -1.554      0.120
    UNEMPLOYED         0.126      0.078      1.606      0.108
    FIN3               0.098      0.021      4.662      0.000

 RIX      WITH
    RIY                0.135      0.019      7.207      0.000
    RIM                0.106      0.014      7.509      0.000

 RIY      WITH
    RIM                0.104      0.011      9.558      0.000

 WX1      WITH
    WY1                0.007      0.012      0.602      0.547
    WM1                0.016      0.011      1.473      0.141

 WY1      WITH
    WM1                0.027      0.010      2.803      0.005

 WX2      WITH
    WY2                0.045      0.013      3.548      0.000
    WM2                0.030      0.010      3.045      0.002

 WY2      WITH
    WM2                0.067      0.009      7.498      0.000

 WX3      WITH
    WY3                0.045      0.013      3.548      0.000
    WM3                0.030      0.010      3.045      0.002

 WY3      WITH
    WM3                0.067      0.009      7.498      0.000

 GENDER1  WITH
    AGE1              -0.001      0.007     -0.082      0.935
    EDUCATION_        -0.036      0.015     -2.392      0.017
    EDUCATION_        -0.022      0.015     -1.458      0.145
    UNEMPLOYED        -0.003      0.006     -0.488      0.626
    UNEMPLOYED        -0.002      0.004     -0.413      0.680
    FIN1               0.014      0.013      1.077      0.281
    FIN2              -0.001      0.013     -0.081      0.935
    FIN3               0.006      0.014      0.443      0.658

 AGE1     WITH
    EDUCATION_        -0.037      0.015     -2.441      0.015
    EDUCATION_        -0.018      0.015     -1.176      0.240
    UNEMPLOYED         0.012      0.005      2.223      0.026
    UNEMPLOYED         0.002      0.004      0.422      0.673
    FIN1              -0.005      0.013     -0.416      0.677
    FIN2              -0.010      0.013     -0.801      0.423
    FIN3              -0.012      0.014     -0.907      0.364

 EDUCATIO WITH
    EDUCATION_         0.452      0.030     14.909      0.000
    UNEMPLOYED        -0.088      0.012     -7.487      0.000
    UNEMPLOYED        -0.024      0.009     -2.743      0.006
    FIN1               0.118      0.027      4.363      0.000
    FIN2               0.132      0.026      5.124      0.000
    FIN3               0.136      0.027      4.977      0.000

 EDUCATIO WITH
    UNEMPLOYED        -0.057      0.011     -4.932      0.000
    UNEMPLOYED        -0.031      0.007     -4.095      0.000
    FIN1               0.145      0.028      5.252      0.000
    FIN2               0.173      0.026      6.612      0.000
    FIN3               0.184      0.027      6.796      0.000

 UNEMPLOY WITH
    UNEMPLOYED         0.013      0.004      3.269      0.001
    FIN1              -0.033      0.011     -3.033      0.002
    FIN2              -0.029      0.010     -2.918      0.004
    FIN3              -0.041      0.010     -3.884      0.000

 UNEMPLOY WITH
    FIN1              -0.026      0.008     -3.169      0.002
    FIN2              -0.020      0.007     -2.960      0.003
    FIN3              -0.020      0.008     -2.657      0.008

 FIN1     WITH
    FIN2               0.505      0.025     20.374      0.000
    FIN3               0.484      0.025     19.224      0.000

 FIN2     WITH
    FIN3               0.504      0.024     20.767      0.000

 Means
    GENDER1            0.646      0.015     42.454      0.000
    AGE1              15.638      0.016   1007.293      0.000
    EDUCATION_         3.906      0.031    124.179      0.000
    EDUCATION_         3.754      0.032    116.394      0.000
    UNEMPLOYED         0.154      0.012     13.351      0.000
    UNEMPLOYED         0.070      0.008      8.377      0.000
    FIN1               3.755      0.027    138.328      0.000
    FIN2               3.776      0.027    141.594      0.000
    FIN3               3.753      0.028    133.425      0.000

 Intercepts
    X1                -0.265      0.877     -0.302      0.762
    X2                -0.265      0.877     -0.302      0.762
    X3                -0.265      0.877     -0.302      0.762
    Y1                -1.116      0.631     -1.769      0.077
    Y2                -1.116      0.631     -1.769      0.077
    Y3                -1.116      0.631     -1.769      0.077
    M1                -0.901      0.450     -2.004      0.045
    M2                -0.901      0.450     -2.004      0.045
    M3                -0.901      0.450     -2.004      0.045

 Variances
    GENDER1            0.229      0.004     51.278      0.000
    AGE1               0.233      0.005     50.729      0.000
    EDUCATION_         0.946      0.025     38.624      0.000
    EDUCATION_         0.983      0.028     34.943      0.000
    UNEMPLOYED         0.130      0.008     16.317      0.000
    UNEMPLOYED         0.065      0.007      9.065      0.000
    FIN1               0.728      0.028     26.419      0.000
    FIN2               0.684      0.027     25.731      0.000
    FIN3               0.750      0.032     23.571      0.000
    RIX                0.527      0.031     16.902      0.000
    RIY                0.248      0.020     12.439      0.000
    RIM                0.109      0.011      9.673      0.000
    WX1                0.289      0.024     11.856      0.000
    WY1                0.186      0.017     10.669      0.000
    WM1                0.118      0.011     10.334      0.000

 Residual Variances
    X1                 0.000      0.000    999.000    999.000
    X2                 0.000      0.000    999.000    999.000
    X3                 0.000      0.000    999.000    999.000
    Y1                 0.000      0.000    999.000    999.000
    Y2                 0.000      0.000    999.000    999.000
    Y3                 0.000      0.000    999.000    999.000
    M1                 0.000      0.000    999.000    999.000
    M2                 0.000      0.000    999.000    999.000
    M3                 0.000      0.000    999.000    999.000
    WX2                0.277      0.022     12.646      0.000
    WX3                0.277      0.022     12.646      0.000
    WY2                0.220      0.019     11.593      0.000
    WY3                0.220      0.019     11.593      0.000
    WM2                0.184      0.009     21.387      0.000
    WM3                0.184      0.009     21.387      0.000

New/Additional Parameters
    IND                0.000      0.002     -0.104      0.918


STANDARDIZED MODEL RESULTS


STDYX Standardization

                                                    Two-Tailed
                    Estimate       S.E.  Est./S.E.    P-Value

 RIX      BY
    X1                 0.795      0.017     47.870      0.000
    X2                 0.798      0.018     43.603      0.000
    X3                 0.800      0.018     43.528      0.000

 RIY      BY
    Y1                 0.740      0.022     33.549      0.000
    Y2                 0.713      0.025     28.667      0.000
    Y3                 0.707      0.025     27.968      0.000

 RIM      BY
    M1                 0.673      0.033     20.569      0.000
    M2                 0.593      0.027     21.729      0.000
    M3                 0.583      0.028     20.449      0.000

 WX1      BY
    X1                 0.588      0.022     27.190      0.000

 WX2      BY
    X2                 0.582      0.024     23.932      0.000

 WX3      BY
    X3                 0.584      0.025     23.466      0.000

 WY1      BY
    Y1                 0.641      0.024     26.685      0.000

 WY2      BY
    Y2                 0.671      0.026     25.637      0.000

 WY3      BY
    Y3                 0.666      0.026     25.346      0.000

 WM1      BY
    M1                 0.701      0.030     23.294      0.000

 WM2      BY
    M2                 0.784      0.020     38.262      0.000

 WM3      BY
    M3                 0.778      0.021     37.098      0.000

 WY2      ON
    WY1                0.020      0.077      0.259      0.795
    WX1                0.032      0.049      0.637      0.524
    WM1                0.006      0.040      0.157      0.875

 WY3      ON
    WY2                0.022      0.084      0.259      0.795
    WX2                0.031      0.049      0.631      0.528
    WM2                0.008      0.051      0.158      0.875

 WX2      ON
    WX1                0.094      0.067      1.402      0.161
    WY1                0.034      0.043      0.784      0.433
    WM1                0.023      0.040      0.563      0.573

 WX3      ON
    WX2                0.092      0.068      1.358      0.175
    WY2                0.037      0.047      0.779      0.436
    WM2                0.029      0.051      0.566      0.572

 WM2      ON
    WM1                0.156      0.048      3.275      0.001
    WX1               -0.036      0.041     -0.892      0.372
    WY1                0.071      0.042      1.690      0.091

 WM3      ON
    WM2                0.196      0.056      3.486      0.000
    WX2               -0.035      0.039     -0.902      0.367
    WY2                0.077      0.046      1.655      0.098

 X1       ON
    GENDER1           -0.104      0.033     -3.122      0.002
    AGE1              -0.002      0.029     -0.076      0.939
    EDUCATION_        -0.024      0.037     -0.670      0.503
    EDUCATION_         0.025      0.036      0.689      0.491
    UNEMPLOYED        -0.005      0.031     -0.147      0.883
    UNEMPLOYED         0.020      0.033      0.613      0.540
    FIN1               0.110      0.028      3.895      0.000

 X2       ON
    GENDER1           -0.062      0.034     -1.823      0.068
    AGE1              -0.006      0.029     -0.217      0.828
    EDUCATION_        -0.036      0.037     -0.981      0.327
    EDUCATION_         0.024      0.038      0.652      0.515
    UNEMPLOYED        -0.002      0.031     -0.071      0.943
    UNEMPLOYED         0.050      0.035      1.414      0.157
    FIN2               0.133      0.028      4.684      0.000

 X3       ON
    GENDER1           -0.079      0.034     -2.320      0.020
    AGE1              -0.001      0.029     -0.021      0.983
    EDUCATION_        -0.031      0.037     -0.847      0.397
    EDUCATION_         0.017      0.036      0.473      0.637
    UNEMPLOYED         0.018      0.033      0.563      0.574
    UNEMPLOYED         0.042      0.035      1.196      0.232
    FIN3               0.103      0.029      3.554      0.000

 Y1       ON
    GENDER1           -0.091      0.032     -2.821      0.005
    AGE1               0.028      0.028      0.988      0.323
    EDUCATION_         0.029      0.038      0.756      0.450
    EDUCATION_        -0.007      0.036     -0.193      0.847
    UNEMPLOYED         0.003      0.036      0.084      0.933
    UNEMPLOYED         0.026      0.036      0.742      0.458
    FIN1               0.179      0.030      6.033      0.000

 Y2       ON
    GENDER1           -0.080      0.033     -2.406      0.016
    AGE1               0.030      0.027      1.080      0.280
    EDUCATION_         0.008      0.039      0.208      0.835
    EDUCATION_        -0.004      0.040     -0.097      0.923
    UNEMPLOYED        -0.073      0.034     -2.132      0.033
    UNEMPLOYED         0.036      0.035      1.010      0.312
    FIN2               0.164      0.031      5.301      0.000

 Y3       ON
    GENDER1           -0.042      0.032     -1.314      0.189
    AGE1               0.017      0.027      0.625      0.532
    EDUCATION_         0.011      0.038      0.282      0.778
    EDUCATION_         0.021      0.036      0.577      0.564
    UNEMPLOYED        -0.012      0.032     -0.379      0.704
    UNEMPLOYED         0.056      0.032      1.762      0.078
    FIN3               0.223      0.029      7.640      0.000

 M1       ON
    GENDER1            0.150      0.032      4.632      0.000
    AGE1               0.029      0.028      1.064      0.287
    EDUCATION_        -0.056      0.038     -1.470      0.141
    EDUCATION_         0.034      0.037      0.935      0.350
    UNEMPLOYED        -0.035      0.033     -1.048      0.295
    UNEMPLOYED         0.032      0.032      1.013      0.311
    FIN1               0.163      0.031      5.324      0.000

 M2       ON
    GENDER1            0.065      0.031      2.079      0.038
    AGE1               0.026      0.024      1.052      0.293
    EDUCATION_        -0.008      0.035     -0.213      0.832
    EDUCATION_        -0.023      0.036     -0.646      0.519
    UNEMPLOYED        -0.029      0.033     -0.875      0.381
    UNEMPLOYED         0.003      0.032      0.101      0.919
    FIN2               0.171      0.029      5.950      0.000

 M3       ON
    GENDER1            0.153      0.034      4.510      0.000
    AGE1               0.017      0.024      0.724      0.469
    EDUCATION_         0.006      0.040      0.138      0.890
    EDUCATION_         0.027      0.039      0.675      0.500
    UNEMPLOYED        -0.054      0.034     -1.565      0.118
    UNEMPLOYED         0.057      0.035      1.614      0.106
    FIN3               0.150      0.032      4.731      0.000

 RIX      WITH
    RIY                0.374      0.045      8.235      0.000
    RIM                0.441      0.053      8.282      0.000

 RIY      WITH
    RIM                0.631      0.047     13.527      0.000

 WX1      WITH
    WY1                0.032      0.053      0.604      0.546
    WM1                0.086      0.057      1.491      0.136

 WY1      WITH
    WM1                0.181      0.059      3.064      0.002

 WX2      WITH
    WY2                0.184      0.049      3.742      0.000
    WM2                0.135      0.043      3.106      0.002

 WY2      WITH
    WM2                0.334      0.038      8.756      0.000

 WX3      WITH
    WY3                0.184      0.049      3.742      0.000
    WM3                0.135      0.043      3.106      0.002

 WY3      WITH
    WM3                0.334      0.038      8.756      0.000

 GENDER1  WITH
    AGE1              -0.003      0.032     -0.082      0.935
    EDUCATION_        -0.077      0.032     -2.388      0.017
    EDUCATION_        -0.046      0.032     -1.458      0.145
    UNEMPLOYED        -0.016      0.032     -0.487      0.626
    UNEMPLOYED        -0.014      0.033     -0.412      0.680
    FIN1               0.035      0.032      1.078      0.281
    FIN2              -0.003      0.033     -0.081      0.936
    FIN3               0.015      0.033      0.443      0.658

 AGE1     WITH
    EDUCATION_        -0.078      0.032     -2.438      0.015
    EDUCATION_        -0.038      0.032     -1.174      0.240
    UNEMPLOYED         0.069      0.031      2.237      0.025
    UNEMPLOYED         0.013      0.032      0.422      0.673
    FIN1              -0.013      0.032     -0.416      0.678
    FIN2              -0.026      0.032     -0.801      0.423
    FIN3              -0.029      0.032     -0.908      0.364

 EDUCATIO WITH
    EDUCATION_         0.469      0.028     16.536      0.000
    UNEMPLOYED        -0.250      0.030     -8.365      0.000
    UNEMPLOYED        -0.095      0.034     -2.841      0.004
    FIN1               0.142      0.032      4.444      0.000
    FIN2               0.164      0.031      5.220      0.000
    FIN3               0.161      0.032      5.037      0.000

 EDUCATIO WITH
    UNEMPLOYED        -0.158      0.031     -5.170      0.000
    UNEMPLOYED        -0.121      0.027     -4.472      0.000
    FIN1               0.172      0.032      5.301      0.000
    FIN2               0.211      0.031      6.834      0.000
    FIN3               0.214      0.031      7.004      0.000

 UNEMPLOY WITH
    UNEMPLOYED         0.146      0.042      3.479      0.001
    FIN1              -0.108      0.035     -3.094      0.002
    FIN2              -0.098      0.033     -2.956      0.003
    FIN3              -0.130      0.032     -3.997      0.000

 UNEMPLOY WITH
    FIN1              -0.122      0.036     -3.349      0.001
    FIN2              -0.093      0.030     -3.099      0.002
    FIN3              -0.091      0.033     -2.755      0.006

 FIN1     WITH
    FIN2               0.716      0.019     38.350      0.000
    FIN3               0.656      0.024     27.882      0.000

 FIN2     WITH
    FIN3               0.703      0.021     33.404      0.000

 Means
    GENDER1            1.351      0.045     29.940      0.000
    AGE1              32.399      0.350     92.490      0.000
    EDUCATION_         4.016      0.064     62.424      0.000
    EDUCATION_         3.786      0.060     63.201      0.000
    UNEMPLOYED         0.426      0.019     22.538      0.000
    UNEMPLOYED         0.273      0.018     15.509      0.000
    FIN1               4.403      0.091     48.129      0.000
    FIN2               4.567      0.096     47.382      0.000
    FIN3               4.333      0.102     42.331      0.000

 Intercepts
    X1                -0.290      0.960     -0.302      0.762
    X2                -0.292      0.965     -0.302      0.762
    X3                -0.292      0.967     -0.302      0.762
    Y1                -1.658      0.931     -1.780      0.075
    Y2                -1.596      0.901     -1.770      0.077
    Y3                -1.583      0.894     -1.771      0.077
    M1                -1.839      0.915     -2.010      0.044
    M2                -1.619      0.810     -1.999      0.046
    M3                -1.592      0.796     -2.000      0.046

 Variances
    GENDER1            1.000      0.000    999.000    999.000
    AGE1               1.000      0.000    999.000    999.000
    EDUCATION_         1.000      0.000    999.000    999.000
    EDUCATION_         1.000      0.000    999.000    999.000
    UNEMPLOYED         1.000      0.000    999.000    999.000
    UNEMPLOYED         1.000      0.000    999.000    999.000
    FIN1               1.000      0.000    999.000    999.000
    FIN2               1.000      0.000    999.000    999.000
    FIN3               1.000      0.000    999.000    999.000
    RIX                1.000      0.000    999.000    999.000
    RIY                1.000      0.000    999.000    999.000
    RIM                1.000      0.000    999.000    999.000
    WX1                1.000      0.000    999.000    999.000
    WY1                1.000      0.000    999.000    999.000
    WM1                1.000      0.000    999.000    999.000

 Residual Variances
    X1                 0.000      0.000      0.000      1.000
    X2                 0.000      0.000      0.000      1.000
    X3                 0.000      0.000      0.000      1.000
    Y1                 0.000      0.000      0.000      1.000
    Y2                 0.000      0.000      0.000      1.000
    Y3                 0.000      0.000      0.000      1.000
    M1                 0.000      0.000      0.000      1.000
    M2                 0.000      0.000      0.000      1.000
    M3                 0.000      0.000      0.000      1.000
    WX2                0.989      0.015     65.741      0.000
    WX3                0.987      0.018     54.500      0.000
    WY2                0.998      0.009    106.251      0.000
    WY3                0.998      0.012     83.785      0.000
    WM2                0.966      0.018     54.971      0.000
    WM3                0.947      0.025     37.349      0.000


R-SQUARE

    Observed                                        Two-Tailed
    Variable        Estimate       S.E.  Est./S.E.    P-Value

    X1                 1.000      0.000    999.000    999.000
    X2                 1.000      0.000    999.000    999.000
    X3                 1.000      0.000    999.000    999.000
    Y1                 1.000      0.000    999.000    999.000
    Y2                 1.000      0.000    999.000    999.000
    Y3                 1.000      0.000    999.000    999.000
    M1                 1.000      0.000    999.000    999.000
    M2                 1.000      0.000    999.000    999.000
    M3                 1.000      0.000    999.000    999.000

     Latent                                         Two-Tailed
    Variable        Estimate       S.E.  Est./S.E.    P-Value

    WX2                0.011      0.015      0.752      0.452
    WX3                0.013      0.018      0.741      0.458
    WY2                0.002      0.009      0.165      0.869
    WY3                0.002      0.012      0.163      0.871
    WM2                0.034      0.018      1.913      0.056
    WM3                0.053      0.025      2.078      0.038


CONFIDENCE INTERVALS OF MODEL RESULTS

                  Lower .5%  Lower 2.5%    Lower 5%    Estimate    Upper 5%  Upper 2.5%   Upper .5%

 RIX      BY
    X1               1.000       1.000       1.000       1.000       1.000       1.000       1.000
    X2               1.000       1.000       1.000       1.000       1.000       1.000       1.000
    X3               1.000       1.000       1.000       1.000       1.000       1.000       1.000

 RIY      BY
    Y1               1.000       1.000       1.000       1.000       1.000       1.000       1.000
    Y2               1.000       1.000       1.000       1.000       1.000       1.000       1.000
    Y3               1.000       1.000       1.000       1.000       1.000       1.000       1.000

 RIM      BY
    M1               1.000       1.000       1.000       1.000       1.000       1.000       1.000
    M2               1.000       1.000       1.000       1.000       1.000       1.000       1.000
    M3               1.000       1.000       1.000       1.000       1.000       1.000       1.000

 WX1      BY
    X1               1.000       1.000       1.000       1.000       1.000       1.000       1.000

 WX2      BY
    X2               1.000       1.000       1.000       1.000       1.000       1.000       1.000

 WX3      BY
    X3               1.000       1.000       1.000       1.000       1.000       1.000       1.000

 WY1      BY
    Y1               1.000       1.000       1.000       1.000       1.000       1.000       1.000

 WY2      BY
    Y2               1.000       1.000       1.000       1.000       1.000       1.000       1.000

 WY3      BY
    Y3               1.000       1.000       1.000       1.000       1.000       1.000       1.000

 WM1      BY
    M1               1.000       1.000       1.000       1.000       1.000       1.000       1.000

 WM2      BY
    M2               1.000       1.000       1.000       1.000       1.000       1.000       1.000

 WM3      BY
    M3               1.000       1.000       1.000       1.000       1.000       1.000       1.000

 WY2      ON
    WY1             -0.179      -0.139      -0.112       0.022       0.163       0.190       0.234
    WX1             -0.088      -0.061      -0.047       0.028       0.097       0.109       0.134
    WM1             -0.134      -0.101      -0.084       0.009       0.096       0.113       0.147

 WY3      ON
    WY2             -0.179      -0.139      -0.112       0.022       0.163       0.190       0.234
    WX2             -0.088      -0.061      -0.047       0.028       0.097       0.109       0.134
    WM2             -0.134      -0.101      -0.084       0.009       0.096       0.113       0.147

 WX2      ON
    WX1             -0.071      -0.031      -0.013       0.092       0.211       0.236       0.274
    WY1             -0.099      -0.067      -0.049       0.041       0.127       0.145       0.177
    WM1             -0.125      -0.089      -0.069       0.035       0.137       0.156       0.193

 WX3      ON
    WX2             -0.071      -0.031      -0.013       0.092       0.211       0.236       0.274
    WY2             -0.099      -0.067      -0.049       0.041       0.127       0.145       0.177
    WM2             -0.125      -0.089      -0.069       0.035       0.137       0.156       0.193

 WM2      ON
    WM1              0.042       0.082       0.102       0.198       0.292       0.309       0.347
    WX1             -0.114      -0.094      -0.083      -0.029       0.024       0.035       0.055
    WY1             -0.038      -0.013       0.000       0.072       0.141       0.156       0.181

 WM3      ON
    WM2              0.042       0.082       0.102       0.198       0.292       0.309       0.347
    WX2             -0.114      -0.094      -0.083      -0.029       0.024       0.035       0.055
    WY2             -0.038      -0.013       0.000       0.072       0.141       0.156       0.181

 X1       ON
    GENDER1         -0.366      -0.325      -0.303      -0.198      -0.094      -0.075      -0.041
    AGE1            -0.145      -0.113      -0.096      -0.004       0.086       0.105       0.139
    EDUCATION_      -0.111      -0.091      -0.080      -0.023       0.034       0.043       0.064
    EDUCATION_      -0.067      -0.043      -0.032       0.023       0.077       0.088       0.110
    UNEMPLOYED      -0.214      -0.165      -0.139      -0.011       0.118       0.142       0.192
    UNEMPLOYED      -0.239      -0.160      -0.118       0.072       0.270       0.308       0.381
    FIN1             0.042       0.058       0.068       0.118       0.168       0.177       0.195

 X2       ON
    GENDER1         -0.287      -0.244      -0.225      -0.118      -0.011       0.007       0.050
    AGE1            -0.151      -0.120      -0.102      -0.012       0.078       0.096       0.128
    EDUCATION_      -0.120      -0.101      -0.091      -0.034       0.023       0.034       0.055
    EDUCATION_      -0.067      -0.045      -0.034       0.022       0.079       0.091       0.115
    UNEMPLOYED      -0.215      -0.161      -0.135      -0.006       0.124       0.148       0.196
    UNEMPLOYED      -0.155      -0.077      -0.035       0.179       0.387       0.426       0.501
    FIN2             0.067       0.085       0.094       0.146       0.197       0.206       0.226

 X3       ON
    GENDER1         -0.317      -0.277      -0.256      -0.150      -0.044      -0.024       0.019
    AGE1            -0.143      -0.110      -0.092      -0.001       0.089       0.107       0.141
    EDUCATION_      -0.117      -0.097      -0.086      -0.029       0.027       0.038       0.059
    EDUCATION_      -0.071      -0.050      -0.039       0.016       0.071       0.081       0.106
    UNEMPLOYED      -0.168      -0.117      -0.092       0.046       0.182       0.206       0.265
    UNEMPLOYED      -0.184      -0.097      -0.054       0.149       0.358       0.399       0.473
    FIN3             0.027       0.048       0.057       0.108       0.159       0.168       0.186

 Y1       ON
    GENDER1         -0.245      -0.215      -0.201      -0.128      -0.053      -0.039      -0.012
    AGE1            -0.064      -0.039      -0.026       0.039       0.102       0.115       0.140
    EDUCATION_      -0.047      -0.032      -0.024       0.020       0.063       0.072       0.088
    EDUCATION_      -0.068      -0.051      -0.043      -0.005       0.036       0.043       0.060
    UNEMPLOYED      -0.171      -0.126      -0.105       0.006       0.113       0.134       0.169
    UNEMPLOYED      -0.183      -0.121      -0.089       0.070       0.224       0.255       0.311
    FIN1             0.081       0.096       0.103       0.141       0.178       0.186       0.200

 Y2       ON
    GENDER1         -0.243      -0.213      -0.197      -0.117      -0.037      -0.022       0.008
    AGE1            -0.059      -0.035      -0.023       0.043       0.107       0.121       0.148
    EDUCATION_      -0.068      -0.050      -0.041       0.006       0.051       0.059       0.078
    EDUCATION_      -0.077      -0.058      -0.049      -0.003       0.044       0.053       0.071
    UNEMPLOYED      -0.320      -0.273      -0.250      -0.142      -0.031      -0.012       0.026
    UNEMPLOYED      -0.157      -0.097      -0.064       0.098       0.261       0.288       0.344
    FIN2             0.071       0.087       0.096       0.138       0.181       0.189       0.205

 Y3       ON
    GENDER1         -0.178      -0.153      -0.139      -0.061       0.015       0.029       0.057
    AGE1            -0.078      -0.052      -0.041       0.024       0.088       0.102       0.128
    EDUCATION_      -0.065      -0.048      -0.039       0.008       0.053       0.061       0.078
    EDUCATION_      -0.052      -0.036      -0.027       0.015       0.057       0.065       0.080
    UNEMPLOYED      -0.189      -0.147      -0.127      -0.024       0.078       0.097       0.132
    UNEMPLOYED      -0.079      -0.021       0.007       0.156       0.300       0.327       0.381
    FIN3             0.122       0.136       0.143       0.181       0.222       0.230       0.244

 M1       ON
    GENDER1          0.068       0.088       0.098       0.153       0.207       0.217       0.237
    AGE1            -0.042      -0.024      -0.016       0.030       0.076       0.085       0.103
    EDUCATION_      -0.078      -0.065      -0.060      -0.028       0.004       0.010       0.020
    EDUCATION_      -0.030      -0.019      -0.013       0.017       0.047       0.053       0.065
    UNEMPLOYED      -0.166      -0.137      -0.123      -0.048       0.026       0.042       0.072
    UNEMPLOYED      -0.103      -0.062      -0.041       0.062       0.163       0.181       0.222
    FIN1             0.048       0.059       0.064       0.094       0.122       0.127       0.138

 M2       ON
    GENDER1         -0.022       0.004       0.015       0.075       0.135       0.146       0.168
    AGE1            -0.040      -0.025      -0.016       0.029       0.076       0.085       0.102
    EDUCATION_      -0.056      -0.044      -0.038      -0.004       0.029       0.036       0.049
    EDUCATION_      -0.064      -0.053      -0.046      -0.013       0.020       0.026       0.036
    UNEMPLOYED      -0.177      -0.146      -0.129      -0.045       0.041       0.056       0.088
    UNEMPLOYED      -0.173      -0.132      -0.109       0.007       0.122       0.143       0.186
    FIN2             0.067       0.077       0.083       0.115       0.146       0.153       0.164

 M3       ON
    GENDER1          0.076       0.100       0.114       0.181       0.246       0.259       0.284
    AGE1            -0.050      -0.035      -0.025       0.020       0.067       0.076       0.093
    EDUCATION_      -0.058      -0.042      -0.035       0.003       0.041       0.048       0.063
    EDUCATION_      -0.041      -0.029      -0.021       0.015       0.052       0.059       0.073
    UNEMPLOYED      -0.229      -0.192      -0.174      -0.085       0.005       0.020       0.050
    UNEMPLOYED      -0.082      -0.030      -0.004       0.126       0.251       0.279       0.324
    FIN3             0.044       0.057       0.064       0.098       0.133       0.139       0.151

 RIX      WITH
    RIY              0.087       0.099       0.104       0.135       0.166       0.172       0.183
    RIM              0.070       0.078       0.082       0.106       0.129       0.134       0.142

 RIY      WITH
    RIM              0.075       0.082       0.085       0.104       0.121       0.125       0.132

 WX1      WITH
    WY1             -0.025      -0.017      -0.013       0.007       0.027       0.031       0.038
    WM1             -0.012      -0.005      -0.002       0.016       0.033       0.037       0.043

 WY1      WITH
    WM1              0.002       0.008       0.011       0.027       0.042       0.046       0.052

 WX2      WITH
    WY2              0.012       0.019       0.023       0.045       0.066       0.070       0.077
    WM2              0.004       0.010       0.013       0.030       0.046       0.049       0.055

 WY2      WITH
    WM2              0.042       0.048       0.051       0.067       0.081       0.083       0.088

 WX3      WITH
    WY3              0.012       0.019       0.023       0.045       0.066       0.070       0.077
    WM3              0.004       0.010       0.013       0.030       0.046       0.049       0.055

 WY3      WITH
    WM3              0.042       0.048       0.051       0.067       0.081       0.083       0.088

 GENDER1  WITH
    AGE1            -0.019      -0.015      -0.013      -0.001       0.012       0.014       0.018
    EDUCATION_      -0.073      -0.065      -0.060      -0.036      -0.011      -0.006       0.004
    EDUCATION_      -0.059      -0.051      -0.046      -0.022       0.003       0.008       0.018
    UNEMPLOYED      -0.017      -0.014      -0.012      -0.003       0.006       0.008       0.011
    UNEMPLOYED      -0.012      -0.010      -0.008      -0.002       0.005       0.006       0.009
    FIN1            -0.019      -0.012      -0.008       0.014       0.035       0.040       0.048
    FIN2            -0.035      -0.027      -0.022      -0.001       0.020       0.024       0.031
    FIN3            -0.030      -0.021      -0.017       0.006       0.029       0.032       0.040

 AGE1     WITH
    EDUCATION_      -0.075      -0.067      -0.061      -0.037      -0.012      -0.007       0.002
    EDUCATION_      -0.057      -0.048      -0.044      -0.018       0.007       0.012       0.023
    UNEMPLOYED      -0.002       0.001       0.003       0.012       0.021       0.022       0.025
    UNEMPLOYED      -0.009      -0.006      -0.005       0.002       0.008       0.009       0.012
    FIN1            -0.040      -0.031      -0.027      -0.005       0.016       0.020       0.028
    FIN2            -0.044      -0.036      -0.031      -0.010       0.010       0.015       0.022
    FIN3            -0.047      -0.038      -0.035      -0.012       0.010       0.015       0.023

 EDUCATIO WITH
    EDUCATION_       0.373       0.393       0.403       0.452       0.502       0.511       0.530
    UNEMPLOYED      -0.119      -0.111      -0.107      -0.088      -0.068      -0.065      -0.058
    UNEMPLOYED      -0.046      -0.040      -0.038      -0.024      -0.010      -0.007      -0.001
    FIN1             0.048       0.065       0.073       0.118       0.163       0.171       0.189
    FIN2             0.066       0.081       0.089       0.132       0.174       0.182       0.197
    FIN3             0.066       0.083       0.091       0.136       0.181       0.189       0.206

 EDUCATIO WITH
    UNEMPLOYED      -0.086      -0.079      -0.075      -0.057      -0.038      -0.034      -0.027
    UNEMPLOYED      -0.050      -0.045      -0.043      -0.031      -0.018      -0.016      -0.012
    FIN1             0.074       0.091       0.100       0.145       0.191       0.201       0.217
    FIN2             0.108       0.122       0.130       0.173       0.216       0.224       0.242
    FIN3             0.113       0.130       0.140       0.184       0.229       0.238       0.253

 UNEMPLOY WITH
    UNEMPLOYED       0.004       0.006       0.007       0.013       0.020       0.022       0.024
    FIN1            -0.062      -0.055      -0.052      -0.033      -0.016      -0.012      -0.006
    FIN2            -0.055      -0.048      -0.046      -0.029      -0.013      -0.009      -0.004
    FIN3            -0.068      -0.061      -0.058      -0.041      -0.023      -0.020      -0.014

 UNEMPLOY WITH
    FIN1            -0.048      -0.043      -0.040      -0.026      -0.013      -0.010      -0.005
    FIN2            -0.037      -0.033      -0.031      -0.020      -0.009      -0.007      -0.003
    FIN3            -0.039      -0.035      -0.032      -0.020      -0.008      -0.006      -0.001

 FIN1     WITH
    FIN2             0.440       0.456       0.463       0.505       0.545       0.553       0.568
    FIN3             0.420       0.435       0.442       0.484       0.526       0.533       0.551

 FIN2     WITH
    FIN3             0.441       0.456       0.463       0.504       0.544       0.552       0.567

 Means
    GENDER1          0.607       0.617       0.621       0.646       0.671       0.676       0.686
    AGE1            15.598      15.608      15.612      15.638      15.664      15.669      15.679
    EDUCATION_       3.827       3.846       3.855       3.906       3.959       3.969       3.988
    EDUCATION_       3.671       3.691       3.701       3.754       3.806       3.817       3.838
    UNEMPLOYED       0.124       0.131       0.135       0.154       0.172       0.176       0.183
    UNEMPLOYED       0.049       0.054       0.056       0.070       0.083       0.086       0.091
    FIN1             3.683       3.702       3.711       3.755       3.800       3.808       3.826
    FIN2             3.707       3.724       3.733       3.776       3.820       3.828       3.843
    FIN3             3.680       3.698       3.706       3.753       3.799       3.807       3.823

 Intercepts
    X1              -2.503      -1.995      -1.706      -0.265       1.182       1.473       1.971
    X2              -2.503      -1.995      -1.706      -0.265       1.182       1.473       1.971
    X3              -2.503      -1.995      -1.706      -0.265       1.182       1.473       1.971
    Y1              -2.776      -2.345      -2.140      -1.116      -0.076       0.133       0.542
    Y2              -2.776      -2.345      -2.140      -1.116      -0.076       0.133       0.542
    Y3              -2.776      -2.345      -2.140      -1.116      -0.076       0.133       0.542
    M1              -2.060      -1.783      -1.645      -0.901      -0.165      -0.031       0.234
    M2              -2.060      -1.783      -1.645      -0.901      -0.165      -0.031       0.234
    M3              -2.060      -1.783      -1.645      -0.901      -0.165      -0.031       0.234

 Variances
    GENDER1          0.216       0.219       0.221       0.229       0.235       0.236       0.238
    AGE1             0.220       0.223       0.225       0.233       0.240       0.241       0.244
    EDUCATION_       0.886       0.900       0.907       0.946       0.987       0.997       1.013
    EDUCATION_       0.914       0.929       0.938       0.983       1.030       1.039       1.058
    UNEMPLOYED       0.109       0.114       0.117       0.130       0.143       0.145       0.150
    UNEMPLOYED       0.047       0.051       0.053       0.065       0.077       0.079       0.083
    FIN1             0.658       0.672       0.681       0.728       0.772       0.780       0.799
    FIN2             0.617       0.632       0.640       0.684       0.727       0.737       0.753
    FIN3             0.670       0.688       0.698       0.750       0.803       0.813       0.834
    RIX              0.440       0.460       0.470       0.527       0.572       0.581       0.602
    RIY              0.196       0.206       0.213       0.248       0.278       0.285       0.298
    RIM              0.077       0.085       0.089       0.109       0.126       0.129       0.137
    WX1              0.230       0.243       0.250       0.289       0.330       0.338       0.357
    WY1              0.144       0.154       0.158       0.186       0.215       0.221       0.233
    WM1              0.091       0.097       0.100       0.118       0.137       0.142       0.150

 Residual Variances
    X1               0.000       0.000       0.000       0.000       0.000       0.000       0.000
    X2               0.000       0.000       0.000       0.000       0.000       0.000       0.000
    X3               0.000       0.000       0.000       0.000       0.000       0.000       0.000
    Y1               0.000       0.000       0.000       0.000       0.000       0.000       0.000
    Y2               0.000       0.000       0.000       0.000       0.000       0.000       0.000
    Y3               0.000       0.000       0.000       0.000       0.000       0.000       0.000
    M1               0.000       0.000       0.000       0.000       0.000       0.000       0.000
    M2               0.000       0.000       0.000       0.000       0.000       0.000       0.000
    M3               0.000       0.000       0.000       0.000       0.000       0.000       0.000
    WX2              0.220       0.234       0.239       0.277       0.311       0.318       0.333
    WX3              0.220       0.234       0.239       0.277       0.311       0.318       0.333
    WY2              0.170       0.181       0.186       0.220       0.249       0.254       0.266
    WY3              0.170       0.181       0.186       0.220       0.249       0.254       0.266
    WM2              0.160       0.165       0.168       0.184       0.196       0.199       0.204
    WM3              0.160       0.165       0.168       0.184       0.196       0.199       0.204

New/Additional Parameters
    IND             -0.010      -0.006      -0.005       0.000       0.003       0.004       0.007


CONFIDENCE INTERVALS OF STANDARDIZED MODEL RESULTS


STDYX Standardization

                  Lower .5%  Lower 2.5%    Lower 5%    Estimate    Upper 5%  Upper 2.5%   Upper .5%

 RIX      BY
    X1               0.743       0.756       0.762       0.795       0.817       0.821       0.829
    X2               0.740       0.755       0.762       0.798       0.822       0.827       0.835
    X3               0.743       0.756       0.764       0.800       0.824       0.828       0.838

 RIY      BY
    Y1               0.674       0.690       0.698       0.740       0.770       0.776       0.787
    Y2               0.639       0.658       0.666       0.713       0.747       0.754       0.767
    Y3               0.633       0.650       0.660       0.707       0.742       0.750       0.763

 RIM      BY
    M1               0.571       0.599       0.612       0.673       0.719       0.728       0.743
    M2               0.508       0.531       0.542       0.593       0.631       0.638       0.652
    M3               0.493       0.517       0.529       0.583       0.622       0.631       0.644

 WX1      BY
    X1               0.534       0.546       0.553       0.588       0.624       0.631       0.646

 WX2      BY
    X2               0.522       0.536       0.543       0.582       0.623       0.631       0.647

 WX3      BY
    X3               0.523       0.538       0.544       0.584       0.626       0.635       0.651

 WY1      BY
    Y1               0.577       0.594       0.601       0.641       0.679       0.688       0.704

 WY2      BY
    Y2               0.603       0.620       0.627       0.671       0.713       0.721       0.738

 WY3      BY
    Y3               0.600       0.615       0.622       0.666       0.709       0.717       0.734

 WM1      BY
    M1               0.623       0.641       0.650       0.701       0.750       0.759       0.779

 WM2      BY
    M2               0.731       0.743       0.749       0.784       0.817       0.824       0.838

 WM3      BY
    M3               0.723       0.737       0.742       0.778       0.811       0.818       0.832

 WY2      ON
    WY1             -0.180      -0.135      -0.109       0.020       0.143       0.166       0.204
    WX1             -0.106      -0.070      -0.054       0.032       0.109       0.123       0.151
    WM1             -0.100      -0.074      -0.061       0.006       0.070       0.084       0.109

 WY3      ON
    WY2             -0.179      -0.139      -0.112       0.022       0.162       0.189       0.232
    WX2             -0.100      -0.068      -0.052       0.031       0.110       0.125       0.153
    WM2             -0.122      -0.092      -0.077       0.008       0.089       0.107       0.138

 WX2      ON
    WX1             -0.076      -0.034      -0.015       0.094       0.207       0.228       0.264
    WY1             -0.080      -0.055      -0.039       0.034       0.103       0.116       0.140
    WM1             -0.082      -0.057      -0.044       0.023       0.089       0.101       0.128

 WX3      ON
    WX2             -0.071      -0.031      -0.013       0.092       0.210       0.235       0.273
    WY2             -0.086      -0.059      -0.042       0.037       0.112       0.129       0.157
    WM2             -0.103      -0.073      -0.057       0.029       0.112       0.127       0.159

 WM2      ON
    WM1              0.032       0.063       0.078       0.156       0.236       0.250       0.285
    WX1             -0.144      -0.117      -0.105      -0.036       0.029       0.042       0.065
    WY1             -0.037      -0.013       0.000       0.071       0.139       0.153       0.180

 WM3      ON
    WM2              0.042       0.082       0.102       0.196       0.287       0.304       0.340
    WX2             -0.136      -0.113      -0.100      -0.035       0.029       0.042       0.067
    WY2             -0.039      -0.014       0.000       0.077       0.153       0.168       0.196

 X1       ON
    GENDER1         -0.190      -0.170      -0.159      -0.104      -0.049      -0.039      -0.022
    AGE1            -0.077      -0.060      -0.051      -0.002       0.046       0.056       0.073
    EDUCATION_      -0.119      -0.097      -0.085      -0.024       0.036       0.047       0.067
    EDUCATION_      -0.073      -0.047      -0.035       0.025       0.084       0.095       0.119
    UNEMPLOYED      -0.085      -0.065      -0.055      -0.005       0.046       0.055       0.075
    UNEMPLOYED      -0.066      -0.044      -0.033       0.020       0.075       0.085       0.104
    FIN1             0.038       0.054       0.063       0.110       0.156       0.165       0.182

 X2       ON
    GENDER1         -0.149      -0.128      -0.118      -0.062      -0.005       0.004       0.026
    AGE1            -0.080      -0.064      -0.054      -0.006       0.041       0.051       0.069
    EDUCATION_      -0.128      -0.108      -0.097      -0.036       0.024       0.037       0.059
    EDUCATION_      -0.073      -0.049      -0.037       0.024       0.086       0.099       0.124
    UNEMPLOYED      -0.084      -0.063      -0.054      -0.002       0.049       0.059       0.078
    UNEMPLOYED      -0.043      -0.021      -0.010       0.050       0.108       0.119       0.140
    FIN2             0.060       0.077       0.085       0.133       0.179       0.188       0.207

 X3       ON
    GENDER1         -0.167      -0.145      -0.135      -0.079      -0.023      -0.012       0.010
    AGE1            -0.076      -0.058      -0.049      -0.001       0.047       0.057       0.075
    EDUCATION_      -0.126      -0.103      -0.092      -0.031       0.029       0.041       0.064
    EDUCATION_      -0.077      -0.055      -0.042       0.017       0.077       0.088       0.114
    UNEMPLOYED      -0.066      -0.047      -0.036       0.018       0.072       0.082       0.103
    UNEMPLOYED      -0.051      -0.027      -0.015       0.042       0.100       0.111       0.130
    FIN3             0.026       0.046       0.055       0.103       0.151       0.160       0.178

 Y1       ON
    GENDER1         -0.174      -0.153      -0.143      -0.091      -0.038      -0.028      -0.008
    AGE1            -0.047      -0.028      -0.019       0.028       0.073       0.081       0.100
    EDUCATION_      -0.069      -0.046      -0.034       0.029       0.091       0.104       0.128
    EDUCATION_      -0.099      -0.076      -0.064      -0.007       0.052       0.063       0.087
    UNEMPLOYED      -0.091      -0.067      -0.056       0.003       0.061       0.072       0.090
    UNEMPLOYED      -0.068      -0.045      -0.034       0.026       0.084       0.095       0.116
    FIN1             0.102       0.120       0.129       0.179       0.227       0.235       0.254

 Y2       ON
    GENDER1         -0.165      -0.146      -0.134      -0.080      -0.025      -0.015       0.005
    AGE1            -0.041      -0.025      -0.016       0.030       0.074       0.084       0.102
    EDUCATION_      -0.095      -0.069      -0.056       0.008       0.070       0.082       0.108
    EDUCATION_      -0.107      -0.082      -0.069      -0.004       0.063       0.075       0.102
    UNEMPLOYED      -0.163      -0.140      -0.129      -0.073      -0.016      -0.006       0.013
    UNEMPLOYED      -0.057      -0.035      -0.023       0.036       0.095       0.104       0.123
    FIN2             0.084       0.104       0.113       0.164       0.214       0.224       0.243

 Y3       ON
    GENDER1         -0.121      -0.104      -0.094      -0.042       0.010       0.019       0.038
    AGE1            -0.053      -0.036      -0.028       0.017       0.060       0.070       0.087
    EDUCATION_      -0.088      -0.066      -0.053       0.011       0.073       0.086       0.108
    EDUCATION_      -0.072      -0.050      -0.038       0.021       0.080       0.090       0.112
    UNEMPLOYED      -0.096      -0.075      -0.065      -0.012       0.040       0.049       0.066
    UNEMPLOYED      -0.028      -0.007       0.003       0.056       0.108       0.118       0.134
    FIN3             0.149       0.167       0.175       0.223       0.272       0.280       0.299

 M1       ON
    GENDER1          0.066       0.086       0.096       0.150       0.202       0.213       0.231
    AGE1            -0.041      -0.024      -0.016       0.029       0.075       0.084       0.101
    EDUCATION_      -0.154      -0.129      -0.118      -0.056       0.007       0.020       0.041
    EDUCATION_      -0.062      -0.038      -0.026       0.034       0.095       0.106       0.130
    UNEMPLOYED      -0.121      -0.101      -0.090      -0.035       0.019       0.031       0.052
    UNEMPLOYED      -0.053      -0.032      -0.021       0.032       0.084       0.094       0.114
    FIN1             0.083       0.102       0.112       0.163       0.213       0.221       0.241

 M2       ON
    GENDER1         -0.019       0.003       0.013       0.065       0.116       0.126       0.145
    AGE1            -0.035      -0.021      -0.014       0.026       0.066       0.074       0.089
    EDUCATION_      -0.099      -0.076      -0.066      -0.008       0.051       0.063       0.085
    EDUCATION_      -0.114      -0.094      -0.082      -0.023       0.036       0.047       0.066
    UNEMPLOYED      -0.114      -0.094      -0.083      -0.029       0.027       0.036       0.057
    UNEMPLOYED      -0.079      -0.059      -0.050       0.003       0.055       0.065       0.084
    FIN2             0.099       0.114       0.123       0.171       0.218       0.227       0.244

 M3       ON
    GENDER1          0.064       0.085       0.097       0.153       0.207       0.219       0.238
    AGE1            -0.042      -0.030      -0.022       0.017       0.057       0.065       0.080
    EDUCATION_      -0.098      -0.072      -0.061       0.006       0.071       0.082       0.108
    EDUCATION_      -0.071      -0.050      -0.038       0.027       0.092       0.104       0.129
    UNEMPLOYED      -0.142      -0.122      -0.111      -0.054       0.003       0.012       0.033
    UNEMPLOYED      -0.036      -0.013      -0.002       0.057       0.113       0.124       0.145
    FIN3             0.067       0.088       0.098       0.150       0.202       0.212       0.231

 RIX      WITH
    RIY              0.258       0.288       0.303       0.374       0.450       0.465       0.495
    RIM              0.309       0.344       0.361       0.441       0.534       0.552       0.591

 RIY      WITH
    RIM              0.517       0.546       0.559       0.631       0.713       0.731       0.765

 WX1      WITH
    WY1             -0.108      -0.075      -0.057       0.032       0.118       0.133       0.162
    WM1             -0.068      -0.027      -0.010       0.086       0.179       0.195       0.227

 WY1      WITH
    WM1              0.017       0.057       0.080       0.181       0.272       0.290       0.322

 WX2      WITH
    WY2              0.052       0.084       0.099       0.184       0.263       0.277       0.300
    WM2              0.018       0.047       0.062       0.135       0.204       0.217       0.241

 WY2      WITH
    WM2              0.228       0.254       0.268       0.334       0.393       0.405       0.425

 WX3      WITH
    WY3              0.052       0.084       0.099       0.184       0.263       0.277       0.300
    WM3              0.018       0.047       0.062       0.135       0.204       0.217       0.241

 WY3      WITH
    WM3              0.228       0.254       0.268       0.334       0.393       0.405       0.425

 GENDER1  WITH
    AGE1            -0.085      -0.065      -0.056      -0.003       0.050       0.060       0.081
    EDUCATION_      -0.158      -0.140      -0.130      -0.077      -0.024      -0.013       0.008
    EDUCATION_      -0.125      -0.106      -0.097      -0.046       0.006       0.016       0.038
    UNEMPLOYED      -0.100      -0.080      -0.070      -0.016       0.037       0.047       0.066
    UNEMPLOYED      -0.102      -0.079      -0.068      -0.014       0.041       0.050       0.071
    FIN1            -0.047      -0.029      -0.019       0.035       0.086       0.098       0.116
    FIN2            -0.088      -0.068      -0.057      -0.003       0.051       0.061       0.079
    FIN3            -0.071      -0.050      -0.040       0.015       0.069       0.078       0.097

 AGE1     WITH
    EDUCATION_      -0.159      -0.142      -0.131      -0.078      -0.025      -0.016       0.003
    EDUCATION_      -0.119      -0.102      -0.091      -0.038       0.015       0.025       0.048
    UNEMPLOYED      -0.014       0.007       0.017       0.069       0.119       0.127       0.144
    UNEMPLOYED      -0.073      -0.050      -0.040       0.013       0.065       0.074       0.093
    FIN1            -0.096      -0.075      -0.066      -0.013       0.040       0.050       0.069
    FIN2            -0.109      -0.090      -0.078      -0.026       0.026       0.038       0.057
    FIN3            -0.111      -0.091      -0.083      -0.029       0.024       0.035       0.054

 EDUCATIO WITH
    EDUCATION_       0.395       0.413       0.422       0.469       0.515       0.523       0.539
    UNEMPLOYED      -0.326      -0.308      -0.298      -0.250      -0.200      -0.190      -0.172
    UNEMPLOYED      -0.180      -0.159      -0.149      -0.095      -0.040      -0.029      -0.006
    FIN1             0.059       0.079       0.089       0.142       0.195       0.205       0.225
    FIN2             0.083       0.102       0.112       0.164       0.215       0.225       0.242
    FIN3             0.080       0.099       0.109       0.161       0.214       0.223       0.242

 EDUCATIO WITH
    UNEMPLOYED      -0.235      -0.217      -0.207      -0.158      -0.107      -0.098      -0.077
    UNEMPLOYED      -0.187      -0.172      -0.164      -0.121      -0.075      -0.066      -0.050
    FIN1             0.088       0.108       0.119       0.172       0.225       0.236       0.257
    FIN2             0.133       0.150       0.160       0.211       0.261       0.271       0.290
    FIN3             0.133       0.153       0.164       0.214       0.265       0.274       0.293

 UNEMPLOY WITH
    UNEMPLOYED       0.040       0.066       0.078       0.146       0.215       0.230       0.257
    FIN1            -0.197      -0.177      -0.166      -0.108      -0.051      -0.040      -0.020
    FIN2            -0.183      -0.162      -0.152      -0.098      -0.043      -0.032      -0.014
    FIN3            -0.213      -0.193      -0.182      -0.130      -0.076      -0.065      -0.045

 UNEMPLOY WITH
    FIN1            -0.214      -0.192      -0.180      -0.122      -0.061      -0.049      -0.025
    FIN2            -0.169      -0.152      -0.142      -0.093      -0.044      -0.034      -0.016
    FIN3            -0.173      -0.154      -0.144      -0.091      -0.036      -0.026      -0.005

 FIN1     WITH
    FIN2             0.663       0.677       0.684       0.716       0.745       0.751       0.761
    FIN3             0.593       0.608       0.615       0.656       0.693       0.700       0.713

 FIN2     WITH
    FIN3             0.644       0.659       0.668       0.703       0.737       0.742       0.754

 Means
    GENDER1          1.243       1.268       1.280       1.351       1.428       1.443       1.477
    AGE1            31.618      31.785      31.878      32.399      33.019      33.146      33.447
    EDUCATION_       3.850       3.890       3.913       4.016       4.124       4.146       4.184
    EDUCATION_       3.632       3.671       3.690       3.786       3.887       3.905       3.944
    UNEMPLOYED       0.376       0.389       0.394       0.426       0.456       0.462       0.474
    UNEMPLOYED       0.227       0.238       0.244       0.273       0.302       0.308       0.317
    FIN1             4.181       4.237       4.264       4.403       4.562       4.596       4.653
    FIN2             4.334       4.384       4.414       4.567       4.732       4.767       4.823
    FIN3             4.084       4.142       4.173       4.333       4.507       4.546       4.620

 Intercepts
    X1              -2.733      -2.167      -1.868      -0.290       1.309       1.622       2.163
    X2              -2.731      -2.190      -1.882      -0.292       1.309       1.622       2.177
    X3              -2.740      -2.188      -1.885      -0.292       1.310       1.625       2.187
    Y1              -4.071      -3.458      -3.154      -1.658      -0.111       0.195       0.809
    Y2              -3.923      -3.365      -3.042      -1.596      -0.107       0.192       0.781
    Y3              -3.889      -3.335      -3.021      -1.583      -0.107       0.189       0.773
    M1              -4.216      -3.640      -3.343      -1.839      -0.337      -0.064       0.481
    M2              -3.715      -3.215      -2.964      -1.619      -0.297      -0.056       0.427
    M3              -3.658      -3.170      -2.907      -1.592      -0.292      -0.055       0.418

 Variances
    GENDER1          1.000       1.000       1.000       1.000       1.000       1.000       1.000
    AGE1             1.000       1.000       1.000       1.000       1.000       1.000       1.000
    EDUCATION_       1.000       1.000       1.000       1.000       1.000       1.000       1.000
    EDUCATION_       1.000       1.000       1.000       1.000       1.000       1.000       1.000
    UNEMPLOYED       1.000       1.000       1.000       1.000       1.000       1.000       1.000
    UNEMPLOYED       1.000       1.000       1.000       1.000       1.000       1.000       1.000
    FIN1             1.000       1.000       1.000       1.000       1.000       1.000       1.000
    FIN2             1.000       1.000       1.000       1.000       1.000       1.000       1.000
    FIN3             1.000       1.000       1.000       1.000       1.000       1.000       1.000
    RIX              1.000       1.000       1.000       1.000       1.000       1.000       1.000
    RIY              1.000       1.000       1.000       1.000       1.000       1.000       1.000
    RIM              1.000       1.000       1.000       1.000       1.000       1.000       1.000
    WX1              1.000       1.000       1.000       1.000       1.000       1.000       1.000
    WY1              1.000       1.000       1.000       1.000       1.000       1.000       1.000
    WM1              1.000       1.000       1.000       1.000       1.000       1.000       1.000

 Residual Variances
    X1               0.000       0.000       0.000       0.000       0.000       0.000       0.000
    X2               0.000       0.000       0.000       0.000       0.000       0.000       0.000
    X3               0.000       0.000       0.000       0.000       0.000       0.000       0.000
    Y1               0.000       0.000       0.000       0.000       0.000       0.000       0.000
    Y2               0.000       0.000       0.000       0.000       0.000       0.000       0.000
    Y3               0.000       0.000       0.000       0.000       0.000       0.000       0.000
    M1               0.000       0.000       0.000       0.000       0.000       0.000       0.000
    M2               0.000       0.000       0.000       0.000       0.000       0.000       0.000
    M3               0.000       0.000       0.000       0.000       0.000       0.000       0.000
    WX2              0.923       0.942       0.951       0.989       0.998       0.999       1.000
    WX3              0.909       0.930       0.940       0.987       0.997       0.998       0.999
    WY2              0.951       0.964       0.970       0.998       0.999       0.999       1.000
    WY3              0.937       0.954       0.963       0.998       0.999       0.999       1.000
    WM2              0.901       0.920       0.928       0.966       0.985       0.988       0.993
    WM3              0.860       0.883       0.895       0.947       0.977       0.982       0.989


     Beginning Time:  16:45:10
        Ending Time:  16:54:28
       Elapsed Time:  00:09:18



MUTHEN & MUTHEN
3463 Stoner Ave.
Los Angeles, CA  90066

Tel: (310) 391-9971
Fax: (310) 391-8971
Web: www.StatModel.com
Support: Support@StatModel.com

Copyright (c) 1998-2023 Muthen & Muthen
