Mplus VERSION 8.9
MUTHEN & MUTHEN
01/22/2025   4:54 PM

INPUT INSTRUCTIONS

  DATA:
    FILE IS "mplus.dat";
  VARIABLE:
    MISSING ARE ALL (-99);
    NAMES ARE id Gender1 Age1 Education_mother1 Education_father1
    unemployed_mother1 unemployed_father1 Fin1 Fin2 Fin3 Personal1
    Personal2 Personal3 Public1 Public2 Public3 Collective1
    Collective2 Collective3 Relational1 Relational2
    Relational3 Autonomy1 Autonomy2 Autonomy3 Relatedness1 Relatedness2
    Relatedness3 Competence1 Competence2 Competence3
    PA1 PA2 PA3 NA1 NA2 NA3 SWLS1 SWLS2 SWLS3;

  usevar =
  Gender1 Age1 Education_mother1 Education_father1
  unemployed_mother1 unemployed_father1 Fin1 Fin2 Fin3
  x1-x3 y1-y3 m1-m3 ;

  define:
  x1 = Collective1;
  x2 = Collective2;
  x3 = Collective3;

  m1 = Competence1;
  m2 = Competence2;
  m3 = Competence3;

  y1 = PA1;
  y2 = PA2;
  y3 = PA3;






  analysis:

  MODEL = NOCOV;
  bootstrap = 10000;


  MODEL:
  RIx BY x1@1 x2@1 x3@1;
  RIy BY y1@1 y2@1 y3@1;
  RIm BY m1@1 m2@1 m3@1;



  wx1 BY x1@1;
  wx2 BY x2@1;
  wx3 BY x3@1;



  wy1 BY y1@1;
  wy2 BY y2@1;
  wy3 BY y3@1;



  wm1 By m1@1;
  wm2 By m2@1;
  wm3 By m3@1;


  x1-m3@0;


  wy2 ON wy1 (a );
  wy3 ON wy2 (a );


  wx2 ON wx1 (b );
  wx3 ON wx2 (b );


  wm2 ON wm1  (c);
  wm3 ON wm2  (c);


  wy2 ON  wx1 wm1  (d e);
  wy3 ON  wx2 wm2  (d e);


  wx2 ON wy1 wm1  (f j);
  wx3 ON wy2 wm2  (f j);


  wm2 ON wx1 wy1   (h i);
  wm3 ON wx2 wy2   (h i);


  RIx RIy RIm  with RIx RIy RIm ;

  wx1 wy1 wm1 with wx1 wy1 wm1;
  wx2 wy2 wm2 with wx2 wy2 wm2 (cov1 cov2 cov3);
  wx3 wy3 wm3 with wx3 wy3 wm3 (cov1 cov2 cov3);

  wx2 (vx); wy2 (vy); wm2 (vm);
  wx3 (vx); wy3 (vy); wm3 (vm);

  x1-m3 on Gender1 Age1 Education_mother1 Education_father1
  unemployed_mother1 unemployed_father1 ;

  x1 y1 m1 on Fin1;
  x2 y2 m2 on Fin2;
  x3 y3 m3 on Fin3;

  Gender1 -Fin3 with Gender1 -Fin3;

  [x1-x3] (mx);
  [m1-m3] (mm);
  [y1-y3] (my);

  model constraint:
  new (ind);
  ind = h*e;

  output: cinterval (boot) stdyx;



*** WARNING in VARIABLE command
  Note that only the first 8 characters of variable names are used in the output.
  Shorten variable names to avoid any confusion.
   1 WARNING(S) FOUND IN THE INPUT INSTRUCTIONS




SUMMARY OF ANALYSIS

Number of groups                                                 1
Number of observations                                         971

Number of dependent variables                                    9
Number of independent variables                                  9
Number of continuous latent variables                           12

Observed dependent variables

  Continuous
   X1          X2          X3          Y1          Y2          Y3
   M1          M2          M3

Observed independent variables
   GENDER1     AGE1        EDUCATIO    EDUCATIO    UNEMPLOY    UNEMPLOY
   FIN1        FIN2        FIN3

Continuous latent variables
   RIX         RIY         RIM         WX1         WX2         WX3
   WY1         WY2         WY3         WM1         WM2         WM3


Estimator                                                       ML
Information matrix                                        OBSERVED
Maximum number of iterations                                  1000
Convergence criterion                                    0.500D-04
Maximum number of steepest descent iterations                   20
Maximum number of iterations for H1                           2000
Convergence criterion for H1                             0.100D-03
Number of bootstrap draws
    Requested                                                10000
    Completed                                                10000

Input data file(s)
  mplus.dat

Input data format  FREE


SUMMARY OF DATA

     Number of missing data patterns            19


COVARIANCE COVERAGE OF DATA

Minimum covariance coverage value   0.100


     PROPORTION OF DATA PRESENT


           Covariance Coverage
              X1            X2            X3            Y1            Y2
              ________      ________      ________      ________      ________
 X1             1.000
 X2             1.000         1.000
 X3             1.000         1.000         1.000
 Y1             1.000         1.000         1.000         1.000
 Y2             1.000         1.000         1.000         1.000         1.000
 Y3             1.000         1.000         1.000         1.000         1.000
 M1             1.000         1.000         1.000         1.000         1.000
 M2             1.000         1.000         1.000         1.000         1.000
 M3             1.000         1.000         1.000         1.000         1.000
 GENDER1        0.998         0.998         0.998         0.998         0.998
 AGE1           0.999         0.999         0.999         0.999         0.999
 EDUCATIO       0.994         0.994         0.994         0.994         0.994
 EDUCATIO       0.991         0.991         0.991         0.991         0.991
 UNEMPLOY       0.992         0.992         0.992         0.992         0.992
 UNEMPLOY       0.974         0.974         0.974         0.974         0.974
 FIN1           0.994         0.994         0.994         0.994         0.994
 FIN2           0.991         0.991         0.991         0.991         0.991
 FIN3           0.991         0.991         0.991         0.991         0.991


           Covariance Coverage
              Y3            M1            M2            M3            GENDER1
              ________      ________      ________      ________      ________
 Y3             1.000
 M1             1.000         1.000
 M2             1.000         1.000         1.000
 M3             1.000         1.000         1.000         1.000
 GENDER1        0.998         0.998         0.998         0.998         0.998
 AGE1           0.999         0.999         0.999         0.999         0.997
 EDUCATIO       0.994         0.994         0.994         0.994         0.992
 EDUCATIO       0.991         0.991         0.991         0.991         0.989
 UNEMPLOY       0.992         0.992         0.992         0.992         0.990
 UNEMPLOY       0.974         0.974         0.974         0.974         0.972
 FIN1           0.994         0.994         0.994         0.994         0.992
 FIN2           0.991         0.991         0.991         0.991         0.990
 FIN3           0.991         0.991         0.991         0.991         0.989


           Covariance Coverage
              AGE1          EDUCATIO      EDUCATIO      UNEMPLOY      UNEMPLOY
              ________      ________      ________      ________      ________
 AGE1           0.999
 EDUCATIO       0.993         0.994
 EDUCATIO       0.990         0.987         0.991
 UNEMPLOY       0.991         0.989         0.984         0.992
 UNEMPLOY       0.973         0.969         0.970         0.968         0.974
 FIN1           0.993         0.989         0.986         0.988         0.969
 FIN2           0.990         0.985         0.981         0.982         0.965
 FIN3           0.990         0.985         0.981         0.982         0.965


           Covariance Coverage
              FIN1          FIN2          FIN3
              ________      ________      ________
 FIN1           0.994
 FIN2           0.986         0.991
 FIN3           0.986         0.984         0.991



UNIVARIATE SAMPLE STATISTICS


     UNIVARIATE HIGHER-ORDER MOMENT DESCRIPTIVE STATISTICS

         Variable/         Mean/     Skewness/   Minimum/ % with                Percentiles
        Sample Size      Variance    Kurtosis    Maximum  Min/Max      20%/60%    40%/80%    Median

     X1                   -0.016      -0.143      -2.873    0.10%      -0.797     -0.233     -0.038
             971.000       0.819      -0.348       2.189    0.10%       0.260      0.790
     X2                   -0.011      -0.022      -3.048    0.10%      -0.793     -0.286     -0.009
             971.000       0.851      -0.289       2.197    0.10%       0.236      0.781
     X3                   -0.011      -0.129      -3.182    0.10%      -0.752     -0.288     -0.038
             971.000       0.856      -0.090       2.266    0.10%       0.220      0.793
     Y1                    0.000      -0.852      -2.603    0.10%      -0.536     -0.025      0.104
             971.000       0.467       0.543       1.028    0.82%       0.246      0.602
     Y2                    0.000      -0.845      -2.692    0.10%      -0.615     -0.025      0.114
             971.000       0.536       0.375       1.046    1.03%       0.272      0.639
     Y3                    0.000      -0.937      -2.754    0.10%      -0.553     -0.036      0.085
             971.000       0.499       0.856       0.988    1.44%       0.256      0.610
     M1                   -0.013      -0.207      -2.157    0.10%      -0.547     -0.152     -0.037
             971.000       0.426      -0.176       1.305    1.24%       0.156      0.562
     M2                   -0.012      -0.221      -2.427    0.10%      -0.568     -0.153     -0.024
             971.000       0.500       0.061       1.414    2.47%       0.149      0.590
     M3                   -0.011      -0.082      -2.110    0.10%      -0.624     -0.206     -0.045
             971.000       0.507      -0.375       1.425    2.16%       0.159      0.607
     GENDER1               0.646      -0.611       0.000   35.40%       0.000      1.000      1.000
             969.000       0.229      -1.627       1.000   64.60%       1.000      1.000
     AGE1                 15.638      -0.547      15.000   36.29%      15.000     16.000     16.000
             970.000       0.233      -1.625      17.000    0.10%      16.000     16.000
     EDUCATION_MOTHE       3.907      -0.084       1.000    0.31%       3.000      3.000      4.000
             965.000       0.945      -1.378       5.000   39.17%       4.000      5.000
     EDUCATION_FATHE       3.754       0.093       1.000    0.62%       3.000      3.000      3.000
             962.000       0.984      -1.211       5.000   33.78%       4.000      5.000
     UNEMPLOYED_MOTH       0.154       1.921       0.000   84.63%       0.000      0.000      0.000
             963.000       0.130       1.688       1.000   15.37%       0.000      0.000
     UNEMPLOYED_FATH       0.070       3.378       0.000   93.02%       0.000      0.000      0.000
             946.000       0.065       9.408       1.000    6.98%       0.000      0.000
     FIN1                  3.754      -0.071       1.000    0.31%       3.000      3.000      4.000
             965.000       0.726      -0.634       5.000   21.55%       4.000      5.000
     FIN2                  3.777      -0.071       1.000    0.42%       3.000      4.000      4.000
             962.000       0.685      -0.517       5.000   21.21%       4.000      5.000
     FIN3                  3.756      -0.179       1.000    0.94%       3.000      3.000      4.000
             962.000       0.750      -0.296       5.000   21.93%       4.000      5.000


THE MODEL ESTIMATION TERMINATED NORMALLY



MODEL FIT INFORMATION

Number of Free Parameters                      147

Loglikelihood

          H0 Value                      -14954.525
          H1 Value                      -14881.944

Information Criteria

          Akaike (AIC)                   30203.049
          Bayesian (BIC)                 30920.163
          Sample-Size Adjusted BIC       30453.292
            (n* = (n + 2) / 24)

Chi-Square Test of Model Fit

          Value                            145.162
          Degrees of Freedom                    42
          P-Value                           0.0000

RMSEA (Root Mean Square Error Of Approximation)

          Estimate                           0.050
          90 Percent C.I.                    0.042  0.059
          Probability RMSEA <= .05           0.461

CFI/TLI

          CFI                                0.977
          TLI                                0.937

Chi-Square Test of Model Fit for the Baseline Model

          Value                           4665.114
          Degrees of Freedom                   117
          P-Value                           0.0000

SRMR (Standardized Root Mean Square Residual)

          Value                              0.043



MODEL RESULTS

                                                    Two-Tailed
                    Estimate       S.E.  Est./S.E.    P-Value

 RIX      BY
    X1                 1.000      0.000    999.000    999.000
    X2                 1.000      0.000    999.000    999.000
    X3                 1.000      0.000    999.000    999.000

 RIY      BY
    Y1                 1.000      0.000    999.000    999.000
    Y2                 1.000      0.000    999.000    999.000
    Y3                 1.000      0.000    999.000    999.000

 RIM      BY
    M1                 1.000      0.000    999.000    999.000
    M2                 1.000      0.000    999.000    999.000
    M3                 1.000      0.000    999.000    999.000

 WX1      BY
    X1                 1.000      0.000    999.000    999.000

 WX2      BY
    X2                 1.000      0.000    999.000    999.000

 WX3      BY
    X3                 1.000      0.000    999.000    999.000

 WY1      BY
    Y1                 1.000      0.000    999.000    999.000

 WY2      BY
    Y2                 1.000      0.000    999.000    999.000

 WY3      BY
    Y3                 1.000      0.000    999.000    999.000

 WM1      BY
    M1                 1.000      0.000    999.000    999.000

 WM2      BY
    M2                 1.000      0.000    999.000    999.000

 WM3      BY
    M3                 1.000      0.000    999.000    999.000

 WY2      ON
    WY1                0.000      0.083      0.004      0.997
    WX1                0.019      0.043      0.443      0.658
    WM1                0.088      0.061      1.453      0.146

 WY3      ON
    WY2                0.000      0.083      0.004      0.997
    WX2                0.019      0.043      0.443      0.658
    WM2                0.088      0.061      1.453      0.146

 WX2      ON
    WX1                0.095      0.069      1.377      0.169
    WY1                0.041      0.053      0.770      0.441
    WM1                0.003      0.057      0.052      0.959

 WX3      ON
    WX2                0.095      0.069      1.377      0.169
    WY2                0.041      0.053      0.770      0.441
    WM2                0.003      0.057      0.052      0.959

 WM2      ON
    WM1                0.294      0.059      4.993      0.000
    WX1               -0.014      0.036     -0.390      0.697
    WY1                0.026      0.043      0.595      0.552

 WM3      ON
    WM2                0.294      0.059      4.993      0.000
    WX2               -0.014      0.036     -0.390      0.697
    WY2                0.026      0.043      0.595      0.552

 X1       ON
    GENDER1           -0.197      0.063     -3.114      0.002
    AGE1              -0.004      0.055     -0.076      0.940
    EDUCATION_        -0.023      0.034     -0.674      0.500
    EDUCATION_         0.023      0.034      0.693      0.488
    UNEMPLOYED        -0.012      0.078     -0.151      0.880
    UNEMPLOYED         0.070      0.119      0.585      0.559
    FIN1               0.116      0.031      3.812      0.000

 X2       ON
    GENDER1           -0.117      0.065     -1.807      0.071
    AGE1              -0.012      0.055     -0.221      0.825
    EDUCATION_        -0.034      0.035     -0.982      0.326
    EDUCATION_         0.022      0.035      0.651      0.515
    UNEMPLOYED        -0.006      0.079     -0.079      0.937
    UNEMPLOYED         0.178      0.127      1.400      0.161
    FIN2               0.146      0.031      4.686      0.000

 X3       ON
    GENDER1           -0.149      0.064     -2.303      0.021
    AGE1              -0.002      0.055     -0.029      0.976
    EDUCATION_        -0.029      0.034     -0.851      0.395
    EDUCATION_         0.016      0.033      0.467      0.641
    UNEMPLOYED         0.046      0.083      0.558      0.577
    UNEMPLOYED         0.149      0.126      1.184      0.237
    FIN3               0.109      0.031      3.565      0.000

 Y1       ON
    GENDER1           -0.128      0.045     -2.839      0.005
    AGE1               0.040      0.039      1.025      0.305
    EDUCATION_         0.020      0.026      0.758      0.448
    EDUCATION_        -0.005      0.024     -0.203      0.839
    UNEMPLOYED         0.006      0.067      0.096      0.924
    UNEMPLOYED         0.067      0.095      0.703      0.482
    FIN1               0.142      0.023      6.275      0.000

 Y2       ON
    GENDER1           -0.117      0.049     -2.393      0.017
    AGE1               0.044      0.040      1.115      0.265
    EDUCATION_         0.006      0.028      0.215      0.830
    EDUCATION_        -0.003      0.028     -0.116      0.908
    UNEMPLOYED        -0.142      0.067     -2.118      0.034
    UNEMPLOYED         0.097      0.097      0.998      0.318
    FIN2               0.140      0.026      5.451      0.000

 Y3       ON
    GENDER1           -0.061      0.047     -1.303      0.193
    AGE1               0.026      0.039      0.676      0.499
    EDUCATION_         0.008      0.028      0.286      0.775
    EDUCATION_         0.015      0.025      0.587      0.557
    UNEMPLOYED        -0.024      0.063     -0.381      0.703
    UNEMPLOYED         0.154      0.089      1.721      0.085
    FIN3               0.180      0.024      7.589      0.000

 M1       ON
    GENDER1           -0.156      0.042     -3.683      0.000
    AGE1               0.074      0.039      1.894      0.058
    EDUCATION_        -0.024      0.025     -0.933      0.351
    EDUCATION_         0.023      0.024      0.954      0.340
    UNEMPLOYED         0.018      0.061      0.293      0.769
    UNEMPLOYED         0.186      0.088      2.110      0.035
    FIN1               0.111      0.021      5.267      0.000

 M2       ON
    GENDER1           -0.154      0.046     -3.370      0.001
    AGE1               0.071      0.039      1.818      0.069
    EDUCATION_        -0.006      0.026     -0.243      0.808
    EDUCATION_         0.017      0.027      0.628      0.530
    UNEMPLOYED         0.013      0.067      0.190      0.849
    UNEMPLOYED        -0.002      0.093     -0.017      0.987
    FIN2               0.114      0.022      5.131      0.000

 M3       ON
    GENDER1           -0.107      0.048     -2.239      0.025
    AGE1               0.070      0.039      1.795      0.073
    EDUCATION_         0.003      0.027      0.097      0.923
    EDUCATION_         0.010      0.026      0.359      0.720
    UNEMPLOYED        -0.042      0.065     -0.641      0.522
    UNEMPLOYED         0.142      0.090      1.586      0.113
    FIN3               0.109      0.025      4.367      0.000

 RIX      WITH
    RIY                0.136      0.019      7.253      0.000
    RIM                0.125      0.019      6.614      0.000

 RIY      WITH
    RIM                0.133      0.015      8.691      0.000

 WX1      WITH
    WY1                0.007      0.013      0.593      0.553
    WM1                0.021      0.013      1.582      0.114

 WY1      WITH
    WM1                0.035      0.014      2.553      0.011

 WX2      WITH
    WY2                0.044      0.013      3.480      0.001
    WM2                0.036      0.011      3.354      0.001

 WY2      WITH
    WM2                0.071      0.010      7.450      0.000

 WX3      WITH
    WY3                0.044      0.013      3.480      0.001
    WM3                0.036      0.011      3.354      0.001

 WY3      WITH
    WM3                0.071      0.010      7.450      0.000

 GENDER1  WITH
    AGE1              -0.001      0.007     -0.086      0.932
    EDUCATION_        -0.036      0.015     -2.391      0.017
    EDUCATION_        -0.022      0.015     -1.473      0.141
    UNEMPLOYED        -0.003      0.006     -0.485      0.628
    UNEMPLOYED        -0.002      0.004     -0.416      0.677
    FIN1               0.014      0.013      1.078      0.281
    FIN2              -0.001      0.013     -0.084      0.933
    FIN3               0.006      0.014      0.433      0.665

 AGE1     WITH
    EDUCATION_        -0.037      0.015     -2.442      0.015
    EDUCATION_        -0.018      0.015     -1.188      0.235
    UNEMPLOYED         0.012      0.005      2.219      0.027
    UNEMPLOYED         0.002      0.004      0.446      0.655
    FIN1              -0.006      0.013     -0.425      0.671
    FIN2              -0.010      0.013     -0.785      0.432
    FIN3              -0.012      0.014     -0.906      0.365

 EDUCATIO WITH
    EDUCATION_         0.452      0.030     14.914      0.000
    UNEMPLOYED        -0.088      0.012     -7.481      0.000
    UNEMPLOYED        -0.024      0.009     -2.741      0.006
    FIN1               0.118      0.027      4.371      0.000
    FIN2               0.132      0.026      5.117      0.000
    FIN3               0.136      0.027      4.975      0.000

 EDUCATIO WITH
    UNEMPLOYED        -0.057      0.011     -4.940      0.000
    UNEMPLOYED        -0.030      0.007     -4.085      0.000
    FIN1               0.146      0.028      5.261      0.000
    FIN2               0.173      0.026      6.626      0.000
    FIN3               0.184      0.027      6.806      0.000

 UNEMPLOY WITH
    UNEMPLOYED         0.013      0.004      3.266      0.001
    FIN1              -0.033      0.011     -3.036      0.002
    FIN2              -0.029      0.010     -2.915      0.004
    FIN3              -0.040      0.010     -3.873      0.000

 UNEMPLOY WITH
    FIN1              -0.027      0.008     -3.191      0.001
    FIN2              -0.020      0.007     -2.967      0.003
    FIN3              -0.020      0.008     -2.667      0.008

 FIN1     WITH
    FIN2               0.504      0.025     20.360      0.000
    FIN3               0.484      0.025     19.213      0.000

 FIN2     WITH
    FIN3               0.504      0.024     20.763      0.000

 Means
    GENDER1            0.646      0.015     42.434      0.000
    AGE1              15.638      0.016   1007.272      0.000
    EDUCATION_         3.907      0.031    124.181      0.000
    EDUCATION_         3.754      0.032    116.408      0.000
    UNEMPLOYED         0.154      0.012     13.356      0.000
    UNEMPLOYED         0.070      0.008      8.377      0.000
    FIN1               3.755      0.027    138.360      0.000
    FIN2               3.776      0.027    141.549      0.000
    FIN3               3.753      0.028    133.404      0.000

 Intercepts
    X1                -0.260      0.877     -0.296      0.767
    X2                -0.260      0.877     -0.296      0.767
    X3                -0.260      0.877     -0.296      0.767
    Y1                -1.144      0.631     -1.814      0.070
    Y2                -1.144      0.631     -1.814      0.070
    Y3                -1.144      0.631     -1.814      0.070
    M1                -1.498      0.630     -2.379      0.017
    M2                -1.498      0.630     -2.379      0.017
    M3                -1.498      0.630     -2.379      0.017

 Variances
    GENDER1            0.229      0.004     51.282      0.000
    AGE1               0.233      0.005     50.731      0.000
    EDUCATION_         0.946      0.025     38.590      0.000
    EDUCATION_         0.984      0.028     34.926      0.000
    UNEMPLOYED         0.130      0.008     16.318      0.000
    UNEMPLOYED         0.065      0.007      9.065      0.000
    FIN1               0.727      0.028     26.416      0.000
    FIN2               0.684      0.027     25.735      0.000
    FIN3               0.750      0.032     23.566      0.000
    RIX                0.528      0.031     16.841      0.000
    RIY                0.249      0.020     12.448      0.000
    RIM                0.244      0.021     11.734      0.000
    WX1                0.289      0.024     11.876      0.000
    WY1                0.185      0.018     10.341      0.000
    WM1                0.151      0.019      7.920      0.000

 Residual Variances
    X1                 0.000      0.000    999.000    999.000
    X2                 0.000      0.000    999.000    999.000
    X3                 0.000      0.000    999.000    999.000
    Y1                 0.000      0.000    999.000    999.000
    Y2                 0.000      0.000    999.000    999.000
    Y3                 0.000      0.000    999.000    999.000
    M1                 0.000      0.000    999.000    999.000
    M2                 0.000      0.000    999.000    999.000
    M3                 0.000      0.000    999.000    999.000
    WX2                0.277      0.022     12.531      0.000
    WX3                0.277      0.022     12.531      0.000
    WY2                0.219      0.019     11.582      0.000
    WY3                0.219      0.019     11.582      0.000
    WM2                0.219      0.011     19.518      0.000
    WM3                0.219      0.011     19.518      0.000

New/Additional Parameters
    IND               -0.001      0.004     -0.315      0.753


STANDARDIZED MODEL RESULTS


STDYX Standardization

                                                    Two-Tailed
                    Estimate       S.E.  Est./S.E.    P-Value

 RIX      BY
    X1                 0.795      0.017     47.820      0.000
    X2                 0.799      0.019     43.125      0.000
    X3                 0.801      0.019     43.059      0.000

 RIY      BY
    Y1                 0.741      0.022     33.024      0.000
    Y2                 0.713      0.025     29.045      0.000
    Y3                 0.707      0.025     27.973      0.000

 RIM      BY
    M1                 0.769      0.029     26.553      0.000
    M2                 0.704      0.024     29.313      0.000
    M3                 0.700      0.025     27.839      0.000

 WX1      BY
    X1                 0.588      0.022     27.142      0.000

 WX2      BY
    X2                 0.582      0.025     23.601      0.000

 WX3      BY
    X3                 0.584      0.025     23.160      0.000

 WY1      BY
    Y1                 0.639      0.025     25.976      0.000

 WY2      BY
    Y2                 0.671      0.026     26.091      0.000

 WY3      BY
    Y3                 0.667      0.026     25.758      0.000

 WM1      BY
    M1                 0.605      0.036     16.874      0.000

 WM2      BY
    M2                 0.687      0.024     28.990      0.000

 WM3      BY
    M3                 0.694      0.025     28.040      0.000

 WY2      ON
    WY1                0.000      0.076      0.004      0.997
    WX1                0.022      0.049      0.444      0.657
    WM1                0.073      0.051      1.436      0.151

 WY3      ON
    WY2                0.000      0.082      0.004      0.997
    WX2                0.022      0.049      0.441      0.659
    WM2                0.090      0.063      1.439      0.150

 WX2      ON
    WX1                0.096      0.068      1.428      0.153
    WY1                0.033      0.043      0.778      0.437
    WM1                0.002      0.042      0.052      0.959

 WX3      ON
    WX2                0.095      0.069      1.380      0.167
    WY2                0.037      0.047      0.770      0.441
    WM2                0.003      0.052      0.052      0.959

 WM2      ON
    WM1                0.237      0.053      4.491      0.000
    WX1               -0.016      0.041     -0.388      0.698
    WY1                0.023      0.038      0.595      0.552

 WM3      ON
    WM2                0.290      0.057      5.114      0.000
    WX2               -0.015      0.039     -0.389      0.697
    WY2                0.025      0.041      0.595      0.552

 X1       ON
    GENDER1           -0.103      0.033     -3.101      0.002
    AGE1              -0.002      0.029     -0.076      0.940
    EDUCATION_        -0.025      0.037     -0.674      0.500
    EDUCATION_         0.025      0.036      0.694      0.488
    UNEMPLOYED        -0.005      0.031     -0.151      0.880
    UNEMPLOYED         0.019      0.033      0.590      0.555
    FIN1               0.108      0.028      3.827      0.000

 X2       ON
    GENDER1           -0.062      0.034     -1.809      0.070
    AGE1              -0.006      0.029     -0.221      0.825
    EDUCATION_        -0.036      0.037     -0.984      0.325
    EDUCATION_         0.025      0.038      0.652      0.514
    UNEMPLOYED        -0.002      0.031     -0.079      0.937
    UNEMPLOYED         0.050      0.035      1.410      0.159
    FIN2               0.133      0.028      4.674      0.000

 X3       ON
    GENDER1           -0.078      0.034     -2.304      0.021
    AGE1              -0.001      0.029     -0.030      0.976
    EDUCATION_        -0.031      0.037     -0.852      0.394
    EDUCATION_         0.017      0.036      0.468      0.640
    UNEMPLOYED         0.018      0.033      0.560      0.575
    UNEMPLOYED         0.042      0.035      1.193      0.233
    FIN3               0.104      0.029      3.583      0.000

 Y1       ON
    GENDER1           -0.091      0.032     -2.828      0.005
    AGE1               0.029      0.028      1.028      0.304
    EDUCATION_         0.029      0.038      0.759      0.448
    EDUCATION_        -0.007      0.036     -0.203      0.839
    UNEMPLOYED         0.003      0.036      0.096      0.924
    UNEMPLOYED         0.025      0.036      0.707      0.479
    FIN1               0.180      0.029      6.145      0.000

 Y2       ON
    GENDER1           -0.080      0.033     -2.395      0.017
    AGE1               0.031      0.027      1.116      0.264
    EDUCATION_         0.008      0.039      0.215      0.829
    EDUCATION_        -0.005      0.040     -0.116      0.907
    UNEMPLOYED        -0.073      0.034     -2.127      0.033
    UNEMPLOYED         0.035      0.035      1.004      0.316
    FIN2               0.166      0.030      5.433      0.000

 Y3       ON
    GENDER1           -0.041      0.032     -1.302      0.193
    AGE1               0.018      0.027      0.676      0.499
    EDUCATION_         0.011      0.038      0.286      0.775
    EDUCATION_         0.021      0.036      0.588      0.557
    UNEMPLOYED        -0.012      0.032     -0.382      0.702
    UNEMPLOYED         0.056      0.032      1.732      0.083
    FIN3               0.221      0.029      7.650      0.000

 M1       ON
    GENDER1           -0.116      0.031     -3.723      0.000
    AGE1               0.056      0.029      1.898      0.058
    EDUCATION_        -0.036      0.038     -0.935      0.350
    EDUCATION_         0.036      0.037      0.955      0.340
    UNEMPLOYED         0.010      0.034      0.294      0.769
    UNEMPLOYED         0.074      0.035      2.116      0.034
    FIN1               0.147      0.028      5.235      0.000

 M2       ON
    GENDER1           -0.105      0.031     -3.416      0.001
    AGE1               0.049      0.027      1.818      0.069
    EDUCATION_        -0.009      0.037     -0.243      0.808
    EDUCATION_         0.024      0.037      0.628      0.530
    UNEMPLOYED         0.007      0.034      0.190      0.849
    UNEMPLOYED        -0.001      0.034     -0.017      0.987
    FIN2               0.135      0.026      5.129      0.000

 M3       ON
    GENDER1           -0.073      0.032     -2.253      0.024
    AGE1               0.048      0.027      1.795      0.073
    EDUCATION_         0.004      0.037      0.097      0.923
    EDUCATION_         0.013      0.037      0.359      0.719
    UNEMPLOYED        -0.021      0.033     -0.643      0.520
    UNEMPLOYED         0.051      0.032      1.591      0.112
    FIN3               0.133      0.030      4.439      0.000

 RIX      WITH
    RIY                0.376      0.045      8.329      0.000
    RIM                0.349      0.048      7.252      0.000

 RIY      WITH
    RIM                0.541      0.043     12.485      0.000

 WX1      WITH
    WY1                0.032      0.054      0.595      0.552
    WM1                0.100      0.061      1.635      0.102

 WY1      WITH
    WM1                0.207      0.071      2.908      0.004

 WX2      WITH
    WY2                0.179      0.049      3.682      0.000
    WM2                0.146      0.043      3.398      0.001

 WY2      WITH
    WM2                0.323      0.037      8.659      0.000

 WX3      WITH
    WY3                0.179      0.049      3.682      0.000
    WM3                0.146      0.043      3.398      0.001

 WY3      WITH
    WM3                0.323      0.037      8.659      0.000

 GENDER1  WITH
    AGE1              -0.003      0.032     -0.085      0.932
    EDUCATION_        -0.077      0.032     -2.386      0.017
    EDUCATION_        -0.046      0.032     -1.473      0.141
    UNEMPLOYED        -0.016      0.032     -0.484      0.628
    UNEMPLOYED        -0.014      0.033     -0.416      0.678
    FIN1               0.035      0.032      1.078      0.281
    FIN2              -0.003      0.033     -0.084      0.933
    FIN3               0.014      0.033      0.433      0.665

 AGE1     WITH
    EDUCATION_        -0.078      0.032     -2.439      0.015
    EDUCATION_        -0.038      0.032     -1.186      0.236
    UNEMPLOYED         0.068      0.031      2.232      0.026
    UNEMPLOYED         0.014      0.032      0.446      0.656
    FIN1              -0.014      0.032     -0.425      0.671
    FIN2              -0.025      0.032     -0.785      0.432
    FIN3              -0.029      0.032     -0.907      0.364

 EDUCATIO WITH
    EDUCATION_         0.469      0.028     16.542      0.000
    UNEMPLOYED        -0.250      0.030     -8.359      0.000
    UNEMPLOYED        -0.095      0.034     -2.839      0.005
    FIN1               0.143      0.032      4.453      0.000
    FIN2               0.164      0.031      5.211      0.000
    FIN3               0.161      0.032      5.035      0.000

 EDUCATIO WITH
    UNEMPLOYED        -0.158      0.031     -5.180      0.000
    UNEMPLOYED        -0.121      0.027     -4.459      0.000
    FIN1               0.172      0.032      5.311      0.000
    FIN2               0.211      0.031      6.849      0.000
    FIN3               0.214      0.031      7.015      0.000

 UNEMPLOY WITH
    UNEMPLOYED         0.146      0.042      3.475      0.001
    FIN1              -0.108      0.035     -3.098      0.002
    FIN2              -0.098      0.033     -2.953      0.003
    FIN3              -0.129      0.032     -3.985      0.000

 UNEMPLOY WITH
    FIN1              -0.123      0.036     -3.376      0.001
    FIN2              -0.093      0.030     -3.108      0.002
    FIN3              -0.091      0.033     -2.766      0.006

 FIN1     WITH
    FIN2               0.715      0.019     38.282      0.000
    FIN3               0.656      0.024     27.863      0.000

 FIN2     WITH
    FIN3               0.703      0.021     33.383      0.000

 Means
    GENDER1            1.351      0.045     29.930      0.000
    AGE1              32.399      0.350     92.493      0.000
    EDUCATION_         4.016      0.064     62.380      0.000
    EDUCATION_         3.785      0.060     63.172      0.000
    UNEMPLOYED         0.426      0.019     22.555      0.000
    UNEMPLOYED         0.274      0.018     15.502      0.000
    FIN1               4.404      0.092     48.118      0.000
    FIN2               4.567      0.096     47.385      0.000
    FIN3               4.333      0.102     42.316      0.000

 Intercepts
    X1                -0.284      0.960     -0.296      0.767
    X2                -0.286      0.965     -0.296      0.767
    X3                -0.287      0.967     -0.297      0.767
    Y1                -1.700      0.932     -1.825      0.068
    Y2                -1.634      0.900     -1.815      0.069
    Y3                -1.622      0.893     -1.816      0.069
    M1                -2.335      0.979     -2.384      0.017
    M2                -2.135      0.898     -2.377      0.017
    M3                -2.124      0.893     -2.378      0.017

 Variances
    GENDER1            1.000      0.000    999.000    999.000
    AGE1               1.000      0.000    999.000    999.000
    EDUCATION_         1.000      0.000    999.000    999.000
    EDUCATION_         1.000      0.000    999.000    999.000
    UNEMPLOYED         1.000      0.000    999.000    999.000
    UNEMPLOYED         1.000      0.000    999.000    999.000
    FIN1               1.000      0.000    999.000    999.000
    FIN2               1.000      0.000    999.000    999.000
    FIN3               1.000      0.000    999.000    999.000
    RIX                1.000      0.000    999.000    999.000
    RIY                1.000      0.000    999.000    999.000
    RIM                1.000      0.000    999.000    999.000
    WX1                1.000      0.000    999.000    999.000
    WY1                1.000      0.000    999.000    999.000
    WM1                1.000      0.000    999.000    999.000

 Residual Variances
    X1                 0.000      0.000      0.000      1.000
    X2                 0.000      0.000      0.000      1.000
    X3                 0.000      0.000      0.000      1.000
    Y1                 0.000      0.000      0.000      1.000
    Y2                 0.000      0.000      0.000      1.000
    Y3                 0.000      0.000      0.000      1.000
    M1                 0.000      0.000      0.000      1.000
    M2                 0.000      0.000      0.000      1.000
    M3                 0.000      0.000      0.000      1.000
    WX2                0.989      0.015     63.985      0.000
    WX3                0.988      0.018     55.062      0.000
    WY2                0.994      0.011     89.442      0.000
    WY3                0.991      0.016     63.007      0.000
    WM2                0.941      0.027     34.308      0.000
    WM3                0.912      0.035     26.199      0.000


R-SQUARE

    Observed                                        Two-Tailed
    Variable        Estimate       S.E.  Est./S.E.    P-Value

    X1                 1.000      0.000    999.000    999.000
    X2                 1.000      0.000    999.000    999.000
    X3                 1.000      0.000    999.000    999.000
    Y1                 1.000      0.000    999.000    999.000
    Y2                 1.000      0.000    999.000    999.000
    Y3                 1.000      0.000    999.000    999.000
    M1                 1.000      0.000    999.000    999.000
    M2                 1.000      0.000    999.000    999.000
    M3                 1.000      0.000    999.000    999.000

     Latent                                         Two-Tailed
    Variable        Estimate       S.E.  Est./S.E.    P-Value

    WX2                0.011      0.015      0.692      0.489
    WX3                0.012      0.018      0.653      0.514
    WY2                0.006      0.011      0.551      0.582
    WY3                0.009      0.016      0.585      0.558
    WM2                0.059      0.027      2.134      0.033
    WM3                0.088      0.035      2.532      0.011


CONFIDENCE INTERVALS OF MODEL RESULTS

                  Lower .5%  Lower 2.5%    Lower 5%    Estimate    Upper 5%  Upper 2.5%   Upper .5%

 RIX      BY
    X1               1.000       1.000       1.000       1.000       1.000       1.000       1.000
    X2               1.000       1.000       1.000       1.000       1.000       1.000       1.000
    X3               1.000       1.000       1.000       1.000       1.000       1.000       1.000

 RIY      BY
    Y1               1.000       1.000       1.000       1.000       1.000       1.000       1.000
    Y2               1.000       1.000       1.000       1.000       1.000       1.000       1.000
    Y3               1.000       1.000       1.000       1.000       1.000       1.000       1.000

 RIM      BY
    M1               1.000       1.000       1.000       1.000       1.000       1.000       1.000
    M2               1.000       1.000       1.000       1.000       1.000       1.000       1.000
    M3               1.000       1.000       1.000       1.000       1.000       1.000       1.000

 WX1      BY
    X1               1.000       1.000       1.000       1.000       1.000       1.000       1.000

 WX2      BY
    X2               1.000       1.000       1.000       1.000       1.000       1.000       1.000

 WX3      BY
    X3               1.000       1.000       1.000       1.000       1.000       1.000       1.000

 WY1      BY
    Y1               1.000       1.000       1.000       1.000       1.000       1.000       1.000

 WY2      BY
    Y2               1.000       1.000       1.000       1.000       1.000       1.000       1.000

 WY3      BY
    Y3               1.000       1.000       1.000       1.000       1.000       1.000       1.000

 WM1      BY
    M1               1.000       1.000       1.000       1.000       1.000       1.000       1.000

 WM2      BY
    M2               1.000       1.000       1.000       1.000       1.000       1.000       1.000

 WM3      BY
    M3               1.000       1.000       1.000       1.000       1.000       1.000       1.000

 WY2      ON
    WY1             -0.192      -0.153      -0.130       0.000       0.141       0.167       0.218
    WX1             -0.096      -0.068      -0.054       0.019       0.089       0.102       0.125
    WM1             -0.074      -0.038      -0.017       0.088       0.184       0.201       0.235

 WY3      ON
    WY2             -0.192      -0.153      -0.130       0.000       0.141       0.167       0.218
    WX2             -0.096      -0.068      -0.054       0.019       0.089       0.102       0.125
    WM2             -0.074      -0.038      -0.017       0.088       0.184       0.201       0.235

 WX2      ON
    WX1             -0.067      -0.029      -0.013       0.095       0.216       0.239       0.281
    WY1             -0.099      -0.068      -0.048       0.041       0.128       0.146       0.179
    WM1             -0.145      -0.109      -0.090       0.003       0.097       0.115       0.152

 WX3      ON
    WX2             -0.067      -0.029      -0.013       0.095       0.216       0.239       0.281
    WY2             -0.099      -0.068      -0.048       0.041       0.128       0.146       0.179
    WM2             -0.145      -0.109      -0.090       0.003       0.097       0.115       0.152

 WM2      ON
    WM1              0.143       0.181       0.200       0.294       0.394       0.414       0.456
    WX1             -0.109      -0.085      -0.074      -0.014       0.045       0.057       0.078
    WY1             -0.088      -0.060      -0.046       0.026       0.095       0.108       0.136

 WM3      ON
    WM2              0.143       0.181       0.200       0.294       0.394       0.414       0.456
    WX2             -0.109      -0.085      -0.074      -0.014       0.045       0.057       0.078
    WY2             -0.088      -0.060      -0.046       0.026       0.095       0.108       0.136

 X1       ON
    GENDER1         -0.365      -0.324      -0.301      -0.197      -0.093      -0.074      -0.040
    AGE1            -0.145      -0.113      -0.096      -0.004       0.086       0.105       0.139
    EDUCATION_      -0.112      -0.091      -0.080      -0.023       0.033       0.044       0.063
    EDUCATION_      -0.067      -0.043      -0.032       0.023       0.078       0.088       0.110
    UNEMPLOYED      -0.215      -0.165      -0.139      -0.012       0.118       0.142       0.193
    UNEMPLOYED      -0.241      -0.163      -0.121       0.070       0.269       0.307       0.378
    FIN1             0.040       0.056       0.066       0.116       0.166       0.176       0.193

 X2       ON
    GENDER1         -0.287      -0.244      -0.224      -0.117      -0.009       0.009       0.053
    AGE1            -0.153      -0.120      -0.102      -0.012       0.077       0.096       0.128
    EDUCATION_      -0.120      -0.101      -0.091      -0.034       0.023       0.034       0.055
    EDUCATION_      -0.067      -0.045      -0.034       0.022       0.079       0.091       0.115
    UNEMPLOYED      -0.215      -0.161      -0.135      -0.006       0.124       0.147       0.194
    UNEMPLOYED      -0.157      -0.078      -0.035       0.178       0.386       0.425       0.501
    FIN2             0.066       0.085       0.093       0.146       0.197       0.206       0.226

 X3       ON
    GENDER1         -0.317      -0.275      -0.255      -0.149      -0.043      -0.022       0.020
    AGE1            -0.144      -0.111      -0.093      -0.002       0.089       0.106       0.140
    EDUCATION_      -0.117      -0.097      -0.086      -0.029       0.027       0.037       0.059
    EDUCATION_      -0.071      -0.050      -0.039       0.016       0.071       0.081       0.106
    UNEMPLOYED      -0.169      -0.117      -0.091       0.046       0.182       0.206       0.263
    UNEMPLOYED      -0.184      -0.098      -0.055       0.149       0.358       0.399       0.476
    FIN3             0.028       0.049       0.058       0.109       0.159       0.169       0.187

 Y1       ON
    GENDER1         -0.245      -0.216      -0.202      -0.128      -0.053      -0.040      -0.012
    AGE1            -0.064      -0.037      -0.025       0.040       0.104       0.116       0.140
    EDUCATION_      -0.048      -0.032      -0.023       0.020       0.063       0.072       0.088
    EDUCATION_      -0.068      -0.051      -0.044      -0.005       0.035       0.043       0.059
    UNEMPLOYED      -0.171      -0.125      -0.104       0.006       0.114       0.135       0.170
    UNEMPLOYED      -0.186      -0.124      -0.093       0.067       0.222       0.252       0.308
    FIN1             0.082       0.097       0.105       0.142       0.179       0.186       0.200

 Y2       ON
    GENDER1         -0.242      -0.213      -0.196      -0.117      -0.037      -0.021       0.008
    AGE1            -0.060      -0.034      -0.022       0.044       0.109       0.122       0.149
    EDUCATION_      -0.068      -0.050      -0.040       0.006       0.051       0.059       0.078
    EDUCATION_      -0.077      -0.059      -0.049      -0.003       0.044       0.053       0.070
    UNEMPLOYED      -0.319      -0.272      -0.250      -0.142      -0.031      -0.012       0.026
    UNEMPLOYED      -0.158      -0.098      -0.064       0.097       0.260       0.287       0.343
    FIN2             0.074       0.090       0.098       0.140       0.183       0.190       0.206

 Y3       ON
    GENDER1         -0.177      -0.152      -0.138      -0.061       0.015       0.029       0.057
    AGE1            -0.075      -0.051      -0.038       0.026       0.090       0.103       0.128
    EDUCATION_      -0.065      -0.048      -0.039       0.008       0.053       0.062       0.078
    EDUCATION_      -0.051      -0.035      -0.027       0.015       0.057       0.065       0.081
    UNEMPLOYED      -0.189      -0.147      -0.127      -0.024       0.078       0.096       0.132
    UNEMPLOYED      -0.081      -0.023       0.005       0.154       0.298       0.325       0.379
    FIN3             0.120       0.135       0.142       0.180       0.220       0.227       0.243

 M1       ON
    GENDER1         -0.270      -0.240      -0.226      -0.156      -0.088      -0.074      -0.050
    AGE1            -0.026      -0.003       0.010       0.074       0.139       0.152       0.175
    EDUCATION_      -0.088      -0.074      -0.065      -0.024       0.018       0.026       0.041
    EDUCATION_      -0.041      -0.024      -0.017       0.023       0.062       0.070       0.085
    UNEMPLOYED      -0.141      -0.102      -0.081       0.018       0.117       0.135       0.173
    UNEMPLOYED      -0.042       0.014       0.041       0.186       0.332       0.358       0.416
    FIN1             0.057       0.070       0.076       0.111       0.146       0.152       0.166

 M2       ON
    GENDER1         -0.273      -0.246      -0.232      -0.154      -0.081      -0.066      -0.036
    AGE1            -0.027      -0.007       0.007       0.071       0.136       0.148       0.173
    EDUCATION_      -0.074      -0.059      -0.049      -0.006       0.038       0.046       0.062
    EDUCATION_      -0.052      -0.036      -0.028       0.017       0.060       0.068       0.085
    UNEMPLOYED      -0.163      -0.117      -0.096       0.013       0.122       0.145       0.183
    UNEMPLOYED      -0.249      -0.187      -0.154      -0.002       0.155       0.185       0.238
    FIN2             0.058       0.071       0.078       0.114       0.151       0.158       0.171

 M3       ON
    GENDER1         -0.236      -0.202      -0.188      -0.107      -0.030      -0.014       0.012
    AGE1            -0.030      -0.007       0.006       0.070       0.135       0.148       0.171
    EDUCATION_      -0.066      -0.051      -0.042       0.003       0.046       0.055       0.069
    EDUCATION_      -0.060      -0.044      -0.034       0.010       0.053       0.062       0.078
    UNEMPLOYED      -0.207      -0.173      -0.150      -0.042       0.064       0.085       0.130
    UNEMPLOYED      -0.104      -0.036      -0.005       0.142       0.287       0.313       0.372
    FIN3             0.044       0.060       0.068       0.109       0.150       0.158       0.173

 RIX      WITH
    RIY              0.088       0.100       0.105       0.136       0.167       0.173       0.185
    RIM              0.076       0.088       0.093       0.125       0.155       0.162       0.173

 RIY      WITH
    RIM              0.091       0.102       0.107       0.133       0.157       0.162       0.171

 WX1      WITH
    WY1             -0.026      -0.018      -0.014       0.007       0.028       0.032       0.040
    WM1             -0.013      -0.004      -0.001       0.021       0.042       0.047       0.056

 WY1      WITH
    WM1              0.002       0.009       0.013       0.035       0.058       0.063       0.074

 WX2      WITH
    WY2              0.012       0.019       0.023       0.044       0.065       0.069       0.076
    WM2              0.008       0.014       0.018       0.036       0.053       0.057       0.063

 WY2      WITH
    WM2              0.044       0.051       0.054       0.071       0.085       0.088       0.094

 WX3      WITH
    WY3              0.012       0.019       0.023       0.044       0.065       0.069       0.076
    WM3              0.008       0.014       0.018       0.036       0.053       0.057       0.063

 WY3      WITH
    WM3              0.044       0.051       0.054       0.071       0.085       0.088       0.094

 GENDER1  WITH
    AGE1            -0.019      -0.015      -0.013      -0.001       0.012       0.014       0.019
    EDUCATION_      -0.073      -0.065      -0.060      -0.036      -0.011      -0.006       0.004
    EDUCATION_      -0.059      -0.051      -0.046      -0.022       0.003       0.007       0.018
    UNEMPLOYED      -0.017      -0.014      -0.012      -0.003       0.006       0.008       0.011
    UNEMPLOYED      -0.012      -0.010      -0.008      -0.002       0.005       0.006       0.009
    FIN1            -0.019      -0.012      -0.008       0.014       0.035       0.040       0.047
    FIN2            -0.035      -0.027      -0.023      -0.001       0.020       0.024       0.032
    FIN3            -0.030      -0.021      -0.017       0.006       0.028       0.032       0.040

 AGE1     WITH
    EDUCATION_      -0.075      -0.067      -0.061      -0.037      -0.012      -0.007       0.002
    EDUCATION_      -0.057      -0.049      -0.044      -0.018       0.007       0.012       0.022
    UNEMPLOYED      -0.002       0.001       0.003       0.012       0.021       0.022       0.025
    UNEMPLOYED      -0.009      -0.006      -0.005       0.002       0.008       0.009       0.012
    FIN1            -0.040      -0.031      -0.027      -0.006       0.016       0.020       0.028
    FIN2            -0.044      -0.036      -0.031      -0.010       0.011       0.015       0.023
    FIN3            -0.047      -0.038      -0.034      -0.012       0.010       0.015       0.023

 EDUCATIO WITH
    EDUCATION_       0.373       0.393       0.403       0.452       0.502       0.511       0.530
    UNEMPLOYED      -0.119      -0.111      -0.107      -0.088      -0.068      -0.065      -0.058
    UNEMPLOYED      -0.046      -0.040      -0.038      -0.024      -0.010      -0.007      -0.001
    FIN1             0.049       0.065       0.074       0.118       0.163       0.171       0.190
    FIN2             0.065       0.081       0.089       0.132       0.174       0.182       0.197
    FIN3             0.066       0.083       0.091       0.136       0.181       0.189       0.206

 EDUCATIO WITH
    UNEMPLOYED      -0.086      -0.079      -0.075      -0.057      -0.038      -0.034      -0.027
    UNEMPLOYED      -0.050      -0.045      -0.043      -0.030      -0.018      -0.016      -0.012
    FIN1             0.075       0.091       0.100       0.146       0.190       0.201       0.218
    FIN2             0.108       0.123       0.130       0.173       0.216       0.225       0.242
    FIN3             0.113       0.130       0.140       0.184       0.229       0.238       0.254

 UNEMPLOY WITH
    UNEMPLOYED       0.004       0.006       0.007       0.013       0.020       0.022       0.024
    FIN1            -0.062      -0.055      -0.052      -0.033      -0.016      -0.012      -0.006
    FIN2            -0.055      -0.048      -0.046      -0.029      -0.013      -0.009      -0.004
    FIN3            -0.068      -0.061      -0.058      -0.040      -0.023      -0.020      -0.014

 UNEMPLOY WITH
    FIN1            -0.048      -0.043      -0.041      -0.027      -0.013      -0.010      -0.005
    FIN2            -0.037      -0.033      -0.031      -0.020      -0.009      -0.007      -0.003
    FIN3            -0.040      -0.035      -0.033      -0.020      -0.008      -0.006      -0.001

 FIN1     WITH
    FIN2             0.440       0.455       0.463       0.504       0.545       0.553       0.568
    FIN3             0.420       0.434       0.442       0.484       0.526       0.533       0.551

 FIN2     WITH
    FIN3             0.441       0.456       0.463       0.504       0.543       0.552       0.567

 Means
    GENDER1          0.607       0.617       0.621       0.646       0.671       0.676       0.686
    AGE1            15.598      15.608      15.612      15.638      15.663      15.669      15.679
    EDUCATION_       3.827       3.846       3.856       3.907       3.959       3.969       3.988
    EDUCATION_       3.671       3.691       3.701       3.754       3.806       3.817       3.838
    UNEMPLOYED       0.124       0.132       0.135       0.154       0.173       0.176       0.183
    UNEMPLOYED       0.049       0.054       0.056       0.070       0.084       0.087       0.091
    FIN1             3.683       3.701       3.711       3.755       3.800       3.808       3.826
    FIN2             3.707       3.724       3.732       3.776       3.820       3.828       3.843
    FIN3             3.681       3.698       3.706       3.753       3.799       3.808       3.823

 Intercepts
    X1              -2.505      -1.992      -1.709      -0.260       1.199       1.478       1.959
    X2              -2.505      -1.992      -1.709      -0.260       1.199       1.478       1.959
    X3              -2.505      -1.992      -1.709      -0.260       1.199       1.478       1.959
    Y1              -2.777      -2.371      -2.160      -1.144      -0.097       0.101       0.519
    Y2              -2.777      -2.371      -2.160      -1.144      -0.097       0.101       0.519
    Y3              -2.777      -2.371      -2.160      -1.144      -0.097       0.101       0.519
    M1              -3.133      -2.746      -2.544      -1.498      -0.464      -0.261       0.084
    M2              -3.133      -2.746      -2.544      -1.498      -0.464      -0.261       0.084
    M3              -3.133      -2.746      -2.544      -1.498      -0.464      -0.261       0.084

 Variances
    GENDER1          0.216       0.219       0.221       0.229       0.235       0.236       0.238
    AGE1             0.220       0.223       0.225       0.233       0.240       0.241       0.244
    EDUCATION_       0.886       0.900       0.907       0.946       0.987       0.997       1.014
    EDUCATION_       0.914       0.929       0.938       0.984       1.030       1.039       1.058
    UNEMPLOYED       0.109       0.114       0.117       0.130       0.143       0.145       0.150
    UNEMPLOYED       0.047       0.051       0.053       0.065       0.077       0.079       0.083
    FIN1             0.657       0.672       0.681       0.727       0.771       0.779       0.798
    FIN2             0.617       0.632       0.640       0.684       0.727       0.736       0.753
    FIN3             0.670       0.688       0.698       0.750       0.803       0.814       0.834
    RIX              0.440       0.460       0.470       0.528       0.573       0.582       0.603
    RIY              0.195       0.207       0.213       0.249       0.279       0.285       0.298
    RIM              0.182       0.197       0.205       0.244       0.273       0.279       0.290
    WX1              0.231       0.244       0.251       0.289       0.330       0.339       0.358
    WY1              0.142       0.152       0.157       0.185       0.215       0.222       0.235
    WM1              0.108       0.118       0.123       0.151       0.185       0.193       0.211

 Residual Variances
    X1               0.000       0.000       0.000       0.000       0.000       0.000       0.000
    X2               0.000       0.000       0.000       0.000       0.000       0.000       0.000
    X3               0.000       0.000       0.000       0.000       0.000       0.000       0.000
    Y1               0.000       0.000       0.000       0.000       0.000       0.000       0.000
    Y2               0.000       0.000       0.000       0.000       0.000       0.000       0.000
    Y3               0.000       0.000       0.000       0.000       0.000       0.000       0.000
    M1               0.000       0.000       0.000       0.000       0.000       0.000       0.000
    M2               0.000       0.000       0.000       0.000       0.000       0.000       0.000
    M3               0.000       0.000       0.000       0.000       0.000       0.000       0.000
    WX2              0.220       0.233       0.239       0.277       0.311       0.319       0.333
    WX3              0.220       0.233       0.239       0.277       0.311       0.319       0.333
    WY2              0.170       0.181       0.186       0.219       0.249       0.255       0.266
    WY3              0.170       0.181       0.186       0.219       0.249       0.255       0.266
    WM2              0.188       0.195       0.198       0.219       0.235       0.239       0.246
    WM3              0.188       0.195       0.198       0.219       0.235       0.239       0.246

New/Additional Parameters
    IND             -0.016      -0.011      -0.009      -0.001       0.004       0.006       0.009


CONFIDENCE INTERVALS OF STANDARDIZED MODEL RESULTS


STDYX Standardization

                  Lower .5%  Lower 2.5%    Lower 5%    Estimate    Upper 5%  Upper 2.5%   Upper .5%

 RIX      BY
    X1               0.742       0.756       0.762       0.795       0.816       0.821       0.829
    X2               0.741       0.755       0.762       0.799       0.823       0.827       0.836
    X3               0.742       0.756       0.763       0.801       0.824       0.829       0.838

 RIY      BY
    Y1               0.673       0.689       0.698       0.741       0.772       0.777       0.789
    Y2               0.638       0.657       0.666       0.713       0.746       0.753       0.766
    Y3               0.631       0.650       0.659       0.707       0.741       0.749       0.761

 RIM      BY
    M1               0.669       0.700       0.712       0.769       0.806       0.813       0.825
    M2               0.621       0.645       0.656       0.704       0.734       0.739       0.751
    M3               0.616       0.639       0.649       0.700       0.731       0.738       0.749

 WX1      BY
    X1               0.535       0.546       0.553       0.588       0.624       0.632       0.647

 WX2      BY
    X2               0.521       0.535       0.542       0.582       0.623       0.632       0.648

 WX3      BY
    X3               0.522       0.537       0.544       0.584       0.626       0.635       0.652

 WY1      BY
    Y1               0.575       0.591       0.599       0.639       0.679       0.689       0.705

 WY2      BY
    Y2               0.606       0.621       0.628       0.671       0.712       0.721       0.737

 WY3      BY
    Y3               0.602       0.617       0.624       0.667       0.709       0.717       0.734

 WM1      BY
    M1               0.520       0.540       0.550       0.605       0.666       0.680       0.708

 WM2      BY
    M2               0.632       0.644       0.650       0.687       0.728       0.737       0.758

 WM3      BY
    M3               0.636       0.649       0.656       0.694       0.737       0.746       0.768

 WY2      ON
    WY1             -0.189      -0.149      -0.126       0.000       0.123       0.145       0.187
    WX1             -0.113      -0.079      -0.062       0.022       0.100       0.116       0.141
    WM1             -0.063      -0.031      -0.014       0.073       0.154       0.168       0.201

 WY3      ON
    WY2             -0.192      -0.153      -0.130       0.000       0.140       0.166       0.216
    WX2             -0.110      -0.076      -0.060       0.022       0.101       0.117       0.143
    WM2             -0.076      -0.038      -0.017       0.090       0.190       0.208       0.245

 WX2      ON
    WX1             -0.074      -0.031      -0.013       0.096       0.211       0.233       0.266
    WY1             -0.081      -0.054      -0.038       0.033       0.102       0.117       0.141
    WM1             -0.105      -0.079      -0.065       0.002       0.072       0.085       0.118

 WX3      ON
    WX2             -0.067      -0.029      -0.013       0.095       0.216       0.238       0.279
    WY2             -0.086      -0.059      -0.042       0.037       0.114       0.129       0.163
    WM2             -0.132      -0.099      -0.082       0.003       0.088       0.105       0.140

 WM2      ON
    WM1              0.111       0.141       0.155       0.237       0.329       0.348       0.392
    WX1             -0.124      -0.097      -0.083      -0.016       0.051       0.063       0.085
    WY1             -0.077      -0.053      -0.040       0.023       0.085       0.096       0.122

 WM3      ON
    WM2              0.143       0.180       0.198       0.290       0.384       0.403       0.444
    WX2             -0.117      -0.092      -0.079      -0.015       0.050       0.062       0.085
    WY2             -0.082      -0.056      -0.043       0.025       0.092       0.104       0.130

 X1       ON
    GENDER1         -0.189      -0.169      -0.158      -0.103      -0.049      -0.038      -0.022
    AGE1            -0.077      -0.060      -0.051      -0.002       0.046       0.056       0.073
    EDUCATION_      -0.119      -0.097      -0.085      -0.025       0.036       0.046       0.067
    EDUCATION_      -0.072      -0.047      -0.035       0.025       0.084       0.095       0.119
    UNEMPLOYED      -0.085      -0.065      -0.055      -0.005       0.046       0.055       0.075
    UNEMPLOYED      -0.066      -0.045      -0.034       0.019       0.074       0.085       0.104
    FIN1             0.037       0.052       0.061       0.108       0.155       0.163       0.180

 X2       ON
    GENDER1         -0.149      -0.128      -0.117      -0.062      -0.005       0.005       0.028
    AGE1            -0.081      -0.064      -0.054      -0.006       0.041       0.051       0.068
    EDUCATION_      -0.128      -0.108      -0.097      -0.036       0.024       0.037       0.059
    EDUCATION_      -0.073      -0.049      -0.037       0.025       0.086       0.099       0.124
    UNEMPLOYED      -0.084      -0.063      -0.054      -0.002       0.049       0.058       0.077
    UNEMPLOYED      -0.043      -0.021      -0.010       0.050       0.108       0.119       0.139
    FIN2             0.059       0.077       0.085       0.133       0.179       0.187       0.206

 X3       ON
    GENDER1         -0.166      -0.145      -0.134      -0.078      -0.023      -0.012       0.010
    AGE1            -0.076      -0.059      -0.049      -0.001       0.047       0.056       0.075
    EDUCATION_      -0.126      -0.103      -0.092      -0.031       0.029       0.040       0.063
    EDUCATION_      -0.077      -0.055      -0.042       0.017       0.077       0.088       0.114
    UNEMPLOYED      -0.066      -0.047      -0.036       0.018       0.072       0.082       0.102
    UNEMPLOYED      -0.051      -0.027      -0.015       0.042       0.100       0.111       0.131
    FIN3             0.027       0.047       0.056       0.104       0.152       0.161       0.178

 Y1       ON
    GENDER1         -0.175      -0.154      -0.144      -0.091      -0.038      -0.028      -0.009
    AGE1            -0.046      -0.027      -0.018       0.029       0.074       0.083       0.100
    EDUCATION_      -0.070      -0.046      -0.033       0.029       0.091       0.104       0.128
    EDUCATION_      -0.099      -0.076      -0.065      -0.007       0.052       0.063       0.086
    UNEMPLOYED      -0.091      -0.067      -0.056       0.003       0.062       0.073       0.090
    UNEMPLOYED      -0.069      -0.047      -0.035       0.025       0.083       0.094       0.114
    FIN1             0.102       0.123       0.131       0.180       0.228       0.237       0.254

 Y2       ON
    GENDER1         -0.164      -0.145      -0.134      -0.080      -0.025      -0.014       0.006
    AGE1            -0.041      -0.023      -0.015       0.031       0.075       0.084       0.102
    EDUCATION_      -0.094      -0.069      -0.056       0.008       0.070       0.082       0.108
    EDUCATION_      -0.108      -0.082      -0.069      -0.005       0.062       0.075       0.100
    UNEMPLOYED      -0.163      -0.139      -0.129      -0.073      -0.016      -0.006       0.013
    UNEMPLOYED      -0.057      -0.035      -0.023       0.035       0.094       0.104       0.123
    FIN2             0.087       0.106       0.115       0.166       0.216       0.225       0.244

 Y3       ON
    GENDER1         -0.121      -0.103      -0.094      -0.041       0.010       0.020       0.038
    AGE1            -0.051      -0.035      -0.026       0.018       0.062       0.070       0.088
    EDUCATION_      -0.088      -0.066      -0.053       0.011       0.073       0.086       0.108
    EDUCATION_      -0.071      -0.050      -0.038       0.021       0.080       0.090       0.113
    UNEMPLOYED      -0.096      -0.075      -0.065      -0.012       0.040       0.049       0.067
    UNEMPLOYED      -0.029      -0.008       0.002       0.056       0.107       0.117       0.133
    FIN3             0.147       0.165       0.174       0.221       0.269       0.278       0.297

 M1       ON
    GENDER1         -0.201      -0.178      -0.168      -0.116      -0.066      -0.056      -0.037
    AGE1            -0.019      -0.002       0.007       0.056       0.104       0.113       0.132
    EDUCATION_      -0.133      -0.111      -0.098      -0.036       0.027       0.039       0.061
    EDUCATION_      -0.063      -0.037      -0.026       0.036       0.097       0.109       0.130
    UNEMPLOYED      -0.079      -0.058      -0.046       0.010       0.066       0.076       0.098
    UNEMPLOYED      -0.017       0.005       0.016       0.074       0.132       0.142       0.166
    FIN1             0.075       0.092       0.101       0.147       0.193       0.203       0.221

 M2       ON
    GENDER1         -0.185      -0.167      -0.157      -0.105      -0.055      -0.045      -0.025
    AGE1            -0.019      -0.005       0.005       0.049       0.093       0.102       0.119
    EDUCATION_      -0.101      -0.081      -0.068      -0.009       0.052       0.064       0.087
    EDUCATION_      -0.074      -0.051      -0.039       0.024       0.084       0.097       0.121
    UNEMPLOYED      -0.082      -0.060      -0.049       0.007       0.063       0.074       0.093
    UNEMPLOYED      -0.088      -0.067      -0.056      -0.001       0.056       0.067       0.086
    FIN2             0.068       0.083       0.092       0.135       0.178       0.186       0.203

 M3       ON
    GENDER1         -0.158      -0.136      -0.126      -0.073      -0.020      -0.010       0.008
    AGE1            -0.021      -0.004       0.004       0.048       0.092       0.101       0.117
    EDUCATION_      -0.090      -0.070      -0.058       0.004       0.064       0.076       0.096
    EDUCATION_      -0.083      -0.061      -0.047       0.013       0.075       0.087       0.110
    UNEMPLOYED      -0.104      -0.087      -0.077      -0.021       0.033       0.044       0.066
    UNEMPLOYED      -0.036      -0.013      -0.002       0.051       0.103       0.113       0.133
    FIN3             0.055       0.074       0.084       0.133       0.183       0.191       0.210

 RIX      WITH
    RIY              0.260       0.292       0.305       0.376       0.452       0.466       0.495
    RIM              0.224       0.257       0.273       0.349       0.430       0.446       0.477

 RIY      WITH
    RIM              0.427       0.457       0.471       0.541       0.613       0.627       0.656

 WX1      WITH
    WY1             -0.113      -0.078      -0.059       0.032       0.120       0.136       0.168
    WM1             -0.063      -0.022      -0.003       0.100       0.196       0.214       0.252

 WY1      WITH
    WM1              0.015       0.061       0.085       0.207       0.320       0.341       0.383

 WX2      WITH
    WY2              0.052       0.082       0.097       0.179       0.257       0.272       0.296
    WM2              0.034       0.060       0.074       0.146       0.215       0.228       0.255

 WY2      WITH
    WM2              0.219       0.246       0.258       0.323       0.381       0.392       0.412

 WX3      WITH
    WY3              0.052       0.082       0.097       0.179       0.257       0.272       0.296
    WM3              0.034       0.060       0.074       0.146       0.215       0.228       0.255

 WY3      WITH
    WM3              0.219       0.246       0.258       0.323       0.381       0.392       0.412

 GENDER1  WITH
    AGE1            -0.085      -0.065      -0.056      -0.003       0.050       0.060       0.080
    EDUCATION_      -0.158      -0.140      -0.130      -0.077      -0.024      -0.013       0.008
    EDUCATION_      -0.126      -0.107      -0.097      -0.046       0.006       0.016       0.037
    UNEMPLOYED      -0.100      -0.080      -0.070      -0.016       0.037       0.047       0.067
    UNEMPLOYED      -0.103      -0.079      -0.068      -0.014       0.041       0.050       0.072
    FIN1            -0.048      -0.029      -0.019       0.035       0.086       0.098       0.117
    FIN2            -0.089      -0.068      -0.057      -0.003       0.050       0.061       0.078
    FIN3            -0.072      -0.051      -0.041       0.014       0.068       0.077       0.097

 AGE1     WITH
    EDUCATION_      -0.159      -0.142      -0.131      -0.078      -0.026      -0.016       0.004
    EDUCATION_      -0.119      -0.102      -0.092      -0.038       0.015       0.025       0.047
    UNEMPLOYED      -0.014       0.007       0.017       0.068       0.118       0.127       0.144
    UNEMPLOYED      -0.072      -0.050      -0.039       0.014       0.066       0.075       0.094
    FIN1            -0.096      -0.076      -0.066      -0.014       0.039       0.050       0.069
    FIN2            -0.108      -0.089      -0.078      -0.025       0.027       0.038       0.057
    FIN3            -0.111      -0.091      -0.082      -0.029       0.024       0.035       0.054

 EDUCATIO WITH
    EDUCATION_       0.395       0.413       0.422       0.469       0.515       0.523       0.539
    UNEMPLOYED      -0.326      -0.308      -0.298      -0.250      -0.200      -0.190      -0.172
    UNEMPLOYED      -0.180      -0.159      -0.150      -0.095      -0.040      -0.029      -0.006
    FIN1             0.059       0.079       0.089       0.143       0.196       0.205       0.226
    FIN2             0.083       0.102       0.112       0.164       0.215       0.225       0.242
    FIN3             0.079       0.099       0.108       0.161       0.214       0.224       0.242

 EDUCATIO WITH
    UNEMPLOYED      -0.236      -0.217      -0.207      -0.158      -0.107      -0.098      -0.077
    UNEMPLOYED      -0.187      -0.172      -0.164      -0.121      -0.075      -0.066      -0.050
    FIN1             0.088       0.108       0.119       0.172       0.225       0.237       0.258
    FIN2             0.133       0.151       0.160       0.211       0.262       0.271       0.290
    FIN3             0.134       0.153       0.164       0.214       0.265       0.275       0.293

 UNEMPLOY WITH
    UNEMPLOYED       0.040       0.065       0.077       0.146       0.214       0.229       0.257
    FIN1            -0.197      -0.176      -0.166      -0.108      -0.051      -0.040      -0.020
    FIN2            -0.183      -0.161      -0.152      -0.098      -0.043      -0.032      -0.014
    FIN3            -0.213      -0.193      -0.182      -0.129      -0.076      -0.065      -0.045

 UNEMPLOY WITH
    FIN1            -0.214      -0.192      -0.181      -0.123      -0.062      -0.050      -0.026
    FIN2            -0.169      -0.152      -0.142      -0.093      -0.044      -0.034      -0.016
    FIN3            -0.174      -0.155      -0.145      -0.091      -0.037      -0.026      -0.006

 FIN1     WITH
    FIN2             0.663       0.677       0.684       0.715       0.745       0.750       0.761
    FIN3             0.593       0.607       0.615       0.656       0.693       0.699       0.713

 FIN2     WITH
    FIN3             0.644       0.659       0.668       0.703       0.737       0.741       0.754

 Means
    GENDER1          1.243       1.268       1.280       1.351       1.428       1.443       1.477
    AGE1            31.618      31.785      31.878      32.399      33.018      33.146      33.447
    EDUCATION_       3.851       3.890       3.913       4.016       4.124       4.146       4.185
    EDUCATION_       3.632       3.671       3.689       3.785       3.886       3.904       3.944
    UNEMPLOYED       0.376       0.389       0.395       0.426       0.457       0.462       0.474
    UNEMPLOYED       0.228       0.238       0.244       0.274       0.302       0.308       0.317
    FIN1             4.182       4.238       4.265       4.404       4.563       4.597       4.654
    FIN2             4.333       4.384       4.414       4.567       4.731       4.767       4.822
    FIN3             4.083       4.142       4.173       4.333       4.507       4.546       4.620

 Intercepts
    X1              -2.738      -2.165      -1.863      -0.284       1.324       1.617       2.174
    X2              -2.728      -2.185      -1.875      -0.286       1.315       1.620       2.192
    X3              -2.729      -2.191      -1.875      -0.287       1.320       1.625       2.201
    Y1              -4.109      -3.508      -3.201      -1.700      -0.143       0.151       0.775
    Y2              -3.939      -3.405      -3.080      -1.634      -0.138       0.146       0.730
    Y3              -3.928      -3.376      -3.064      -1.622      -0.137       0.143       0.725
    M1              -4.844      -4.255      -3.941      -2.335      -0.726      -0.411       0.127
    M2              -4.474      -3.902      -3.618      -2.135      -0.666      -0.374       0.120
    M3              -4.440      -3.880      -3.592      -2.124      -0.662      -0.373       0.120

 Variances
    GENDER1          1.000       1.000       1.000       1.000       1.000       1.000       1.000
    AGE1             1.000       1.000       1.000       1.000       1.000       1.000       1.000
    EDUCATION_       1.000       1.000       1.000       1.000       1.000       1.000       1.000
    EDUCATION_       1.000       1.000       1.000       1.000       1.000       1.000       1.000
    UNEMPLOYED       1.000       1.000       1.000       1.000       1.000       1.000       1.000
    UNEMPLOYED       1.000       1.000       1.000       1.000       1.000       1.000       1.000
    FIN1             1.000       1.000       1.000       1.000       1.000       1.000       1.000
    FIN2             1.000       1.000       1.000       1.000       1.000       1.000       1.000
    FIN3             1.000       1.000       1.000       1.000       1.000       1.000       1.000
    RIX              1.000       1.000       1.000       1.000       1.000       1.000       1.000
    RIY              1.000       1.000       1.000       1.000       1.000       1.000       1.000
    RIM              1.000       1.000       1.000       1.000       1.000       1.000       1.000
    WX1              1.000       1.000       1.000       1.000       1.000       1.000       1.000
    WY1              1.000       1.000       1.000       1.000       1.000       1.000       1.000
    WM1              1.000       1.000       1.000       1.000       1.000       1.000       1.000

 Residual Variances
    X1               0.000       0.000       0.000       0.000       0.000       0.000       0.000
    X2               0.000       0.000       0.000       0.000       0.000       0.000       0.000
    X3               0.000       0.000       0.000       0.000       0.000       0.000       0.000
    Y1               0.000       0.000       0.000       0.000       0.000       0.000       0.000
    Y2               0.000       0.000       0.000       0.000       0.000       0.000       0.000
    Y3               0.000       0.000       0.000       0.000       0.000       0.000       0.000
    M1               0.000       0.000       0.000       0.000       0.000       0.000       0.000
    M2               0.000       0.000       0.000       0.000       0.000       0.000       0.000
    M3               0.000       0.000       0.000       0.000       0.000       0.000       0.000
    WX2              0.922       0.941       0.949       0.989       0.998       0.999       1.000
    WX3              0.909       0.932       0.942       0.988       0.998       0.999       0.999
    WY2              0.941       0.957       0.963       0.994       0.997       0.998       1.000
    WY3              0.916       0.939       0.949       0.991       0.997       0.998       0.999
    WM2              0.835       0.870       0.884       0.941       0.972       0.976       0.983
    WM3              0.788       0.826       0.842       0.912       0.955       0.962       0.975


     Beginning Time:  16:54:30
        Ending Time:  17:04:08
       Elapsed Time:  00:09:38



MUTHEN & MUTHEN
3463 Stoner Ave.
Los Angeles, CA  90066

Tel: (310) 391-9971
Fax: (310) 391-8971
Web: www.StatModel.com
Support: Support@StatModel.com

Copyright (c) 1998-2023 Muthen & Muthen
