Mplus VERSION 8.9
MUTHEN & MUTHEN
01/22/2025   5:04 PM

INPUT INSTRUCTIONS

  DATA:
    FILE IS "mplus.dat";
  VARIABLE:
    MISSING ARE ALL (-99);
    NAMES ARE id Gender1 Age1 Education_mother1 Education_father1
    unemployed_mother1 unemployed_father1 Fin1 Fin2 Fin3 Personal1
    Personal2 Personal3 Public1 Public2 Public3 Collective1
    Collective2 Collective3 Relational1 Relational2
    Relational3 Autonomy1 Autonomy2 Autonomy3 Relatedness1 Relatedness2
    Relatedness3 Competence1 Competence2 Competence3
    PA1 PA2 PA3 NA1 NA2 NA3 SWLS1 SWLS2 SWLS3;

  usevar =
  Gender1 Age1 Education_mother1 Education_father1
  unemployed_mother1 unemployed_father1 Fin1 Fin2 Fin3
  x1-x3 y1-y3 m1-m3 ;

  define:
  x1 = Relational1;
  x2 = Relational2;
  x3 = Relational3;

  m1 = Autonomy1;
  m2 = Autonomy2;
  m3 = Autonomy3;

  y1 = PA1;
  y2 = PA2;
  y3 = PA3;



  analysis:

  MODEL = NOCOV;
  bootstrap = 10000;


  MODEL:
  RIx BY x1@1 x2@1 x3@1;
  RIy BY y1@1 y2@1 y3@1;
  RIm BY m1@1 m2@1 m3@1;



  wx1 BY x1@1;
  wx2 BY x2@1;
  wx3 BY x3@1;



  wy1 BY y1@1;
  wy2 BY y2@1;
  wy3 BY y3@1;



  wm1 By m1@1;
  wm2 By m2@1;
  wm3 By m3@1;


  x1-m3@0;


  wy2 ON wy1 (a );
  wy3 ON wy2 (a );


  wx2 ON wx1 (b );
  wx3 ON wx2 (b );


  wm2 ON wm1  (c);
  wm3 ON wm2  (c);


  wy2 ON  wx1 wm1  (d e);
  wy3 ON  wx2 wm2  (d e);


  wx2 ON wy1 wm1  (f j);
  wx3 ON wy2 wm2  (f j);


  wm2 ON wx1 wy1   (h i);
  wm3 ON wx2 wy2   (h i);


  RIx RIy RIm  with RIx RIy RIm ;

  wx1 wy1 wm1 with wx1 wy1 wm1;
  wx2 wy2 wm2 with wx2 wy2 wm2 (cov1 cov2 cov3);
  wx3 wy3 wm3 with wx3 wy3 wm3 (cov1 cov2 cov3);

  wx2 (vx); wy2 (vy); wm2 (vm);
  wx3 (vx); wy3 (vy); wm3 (vm);

  x1-m3 on Gender1 Age1 Education_mother1 Education_father1
  unemployed_mother1 unemployed_father1 ;

  x1 y1 m1 on Fin1;
  x2 y2 m2 on Fin2;
  x3 y3 m3 on Fin3;

  Gender1 -Fin3 with Gender1 -Fin3;

  [x1-x3] (mx);
  [m1-m3] (mm);
  [y1-y3] (my);

  model constraint:
  new (ind);
  ind = h*e;

  output: cinterval (boot) stdyx;



*** WARNING in VARIABLE command
  Note that only the first 8 characters of variable names are used in the output.
  Shorten variable names to avoid any confusion.
   1 WARNING(S) FOUND IN THE INPUT INSTRUCTIONS




SUMMARY OF ANALYSIS

Number of groups                                                 1
Number of observations                                         971

Number of dependent variables                                    9
Number of independent variables                                  9
Number of continuous latent variables                           12

Observed dependent variables

  Continuous
   X1          X2          X3          Y1          Y2          Y3
   M1          M2          M3

Observed independent variables
   GENDER1     AGE1        EDUCATIO    EDUCATIO    UNEMPLOY    UNEMPLOY
   FIN1        FIN2        FIN3

Continuous latent variables
   RIX         RIY         RIM         WX1         WX2         WX3
   WY1         WY2         WY3         WM1         WM2         WM3


Estimator                                                       ML
Information matrix                                        OBSERVED
Maximum number of iterations                                  1000
Convergence criterion                                    0.500D-04
Maximum number of steepest descent iterations                   20
Maximum number of iterations for H1                           2000
Convergence criterion for H1                             0.100D-03
Number of bootstrap draws
    Requested                                                10000
    Completed                                                10000

Input data file(s)
  mplus.dat

Input data format  FREE


SUMMARY OF DATA

     Number of missing data patterns            19


COVARIANCE COVERAGE OF DATA

Minimum covariance coverage value   0.100


     PROPORTION OF DATA PRESENT


           Covariance Coverage
              X1            X2            X3            Y1            Y2
              ________      ________      ________      ________      ________
 X1             1.000
 X2             1.000         1.000
 X3             1.000         1.000         1.000
 Y1             1.000         1.000         1.000         1.000
 Y2             1.000         1.000         1.000         1.000         1.000
 Y3             1.000         1.000         1.000         1.000         1.000
 M1             1.000         1.000         1.000         1.000         1.000
 M2             1.000         1.000         1.000         1.000         1.000
 M3             1.000         1.000         1.000         1.000         1.000
 GENDER1        0.998         0.998         0.998         0.998         0.998
 AGE1           0.999         0.999         0.999         0.999         0.999
 EDUCATIO       0.994         0.994         0.994         0.994         0.994
 EDUCATIO       0.991         0.991         0.991         0.991         0.991
 UNEMPLOY       0.992         0.992         0.992         0.992         0.992
 UNEMPLOY       0.974         0.974         0.974         0.974         0.974
 FIN1           0.994         0.994         0.994         0.994         0.994
 FIN2           0.991         0.991         0.991         0.991         0.991
 FIN3           0.991         0.991         0.991         0.991         0.991


           Covariance Coverage
              Y3            M1            M2            M3            GENDER1
              ________      ________      ________      ________      ________
 Y3             1.000
 M1             1.000         1.000
 M2             1.000         1.000         1.000
 M3             1.000         1.000         1.000         1.000
 GENDER1        0.998         0.998         0.998         0.998         0.998
 AGE1           0.999         0.999         0.999         0.999         0.997
 EDUCATIO       0.994         0.994         0.994         0.994         0.992
 EDUCATIO       0.991         0.991         0.991         0.991         0.989
 UNEMPLOY       0.992         0.992         0.992         0.992         0.990
 UNEMPLOY       0.974         0.974         0.974         0.974         0.972
 FIN1           0.994         0.994         0.994         0.994         0.992
 FIN2           0.991         0.991         0.991         0.991         0.990
 FIN3           0.991         0.991         0.991         0.991         0.989


           Covariance Coverage
              AGE1          EDUCATIO      EDUCATIO      UNEMPLOY      UNEMPLOY
              ________      ________      ________      ________      ________
 AGE1           0.999
 EDUCATIO       0.993         0.994
 EDUCATIO       0.990         0.987         0.991
 UNEMPLOY       0.991         0.989         0.984         0.992
 UNEMPLOY       0.973         0.969         0.970         0.968         0.974
 FIN1           0.993         0.989         0.986         0.988         0.969
 FIN2           0.990         0.985         0.981         0.982         0.965
 FIN3           0.990         0.985         0.981         0.982         0.965


           Covariance Coverage
              FIN1          FIN2          FIN3
              ________      ________      ________
 FIN1           0.994
 FIN2           0.986         0.991
 FIN3           0.986         0.984         0.991



UNIVARIATE SAMPLE STATISTICS


     UNIVARIATE HIGHER-ORDER MOMENT DESCRIPTIVE STATISTICS

         Variable/         Mean/     Skewness/   Minimum/ % with                Percentiles
        Sample Size      Variance    Kurtosis    Maximum  Min/Max      20%/60%    40%/80%    Median

     X1                   -0.018      -0.228      -3.919    0.21%      -0.786     -0.276     -0.021
             971.000       0.848       0.343       2.130    0.10%       0.218      0.773
     X2                   -0.015      -0.051      -3.511    0.10%      -0.773     -0.265     -0.076
             971.000       0.854      -0.055       2.293    0.10%       0.167      0.769
     X3                   -0.011      -0.059      -4.326    0.10%      -0.766     -0.327     -0.088
             971.000       0.871       0.122       2.343    0.10%       0.213      0.798
     Y1                    0.000      -0.852      -2.603    0.10%      -0.536     -0.025      0.104
             971.000       0.467       0.543       1.028    0.82%       0.246      0.602
     Y2                    0.000      -0.845      -2.692    0.10%      -0.615     -0.025      0.114
             971.000       0.536       0.375       1.046    1.03%       0.272      0.639
     Y3                    0.000      -0.937      -2.754    0.10%      -0.553     -0.036      0.085
             971.000       0.499       0.856       0.988    1.44%       0.256      0.610
     M1                   -0.011      -0.113      -2.043    0.10%      -0.393     -0.135     -0.018
             971.000       0.220       0.142       1.071    1.24%       0.092      0.393
     M2                   -0.010      -0.062      -1.617    0.10%      -0.431     -0.133     -0.005
             971.000       0.273       0.011       1.172    2.37%       0.109      0.420
     M3                   -0.009       0.040      -1.447    0.10%      -0.484     -0.148     -0.035
             971.000       0.292      -0.337       1.198    2.16%       0.100      0.476
     GENDER1               0.646      -0.611       0.000   35.40%       0.000      1.000      1.000
             969.000       0.229      -1.627       1.000   64.60%       1.000      1.000
     AGE1                 15.638      -0.547      15.000   36.29%      15.000     16.000     16.000
             970.000       0.233      -1.625      17.000    0.10%      16.000     16.000
     EDUCATION_MOTHE       3.907      -0.084       1.000    0.31%       3.000      3.000      4.000
             965.000       0.945      -1.378       5.000   39.17%       4.000      5.000
     EDUCATION_FATHE       3.754       0.093       1.000    0.62%       3.000      3.000      3.000
             962.000       0.984      -1.211       5.000   33.78%       4.000      5.000
     UNEMPLOYED_MOTH       0.154       1.921       0.000   84.63%       0.000      0.000      0.000
             963.000       0.130       1.688       1.000   15.37%       0.000      0.000
     UNEMPLOYED_FATH       0.070       3.378       0.000   93.02%       0.000      0.000      0.000
             946.000       0.065       9.408       1.000    6.98%       0.000      0.000
     FIN1                  3.754      -0.071       1.000    0.31%       3.000      3.000      4.000
             965.000       0.726      -0.634       5.000   21.55%       4.000      5.000
     FIN2                  3.777      -0.071       1.000    0.42%       3.000      4.000      4.000
             962.000       0.685      -0.517       5.000   21.21%       4.000      5.000
     FIN3                  3.756      -0.179       1.000    0.94%       3.000      3.000      4.000
             962.000       0.750      -0.296       5.000   21.93%       4.000      5.000


THE MODEL ESTIMATION TERMINATED NORMALLY



MODEL FIT INFORMATION

Number of Free Parameters                      147

Loglikelihood

          H0 Value                      -14417.747
          H1 Value                      -14369.625

Information Criteria

          Akaike (AIC)                   29129.493
          Bayesian (BIC)                 29846.607
          Sample-Size Adjusted BIC       29379.736
            (n* = (n + 2) / 24)

Chi-Square Test of Model Fit

          Value                             96.243
          Degrees of Freedom                    42
          P-Value                           0.0000

RMSEA (Root Mean Square Error Of Approximation)

          Estimate                           0.036
          90 Percent C.I.                    0.027  0.046
          Probability RMSEA <= .05           0.991

CFI/TLI

          CFI                                0.986
          TLI                                0.961

Chi-Square Test of Model Fit for the Baseline Model

          Value                           3978.343
          Degrees of Freedom                   117
          P-Value                           0.0000

SRMR (Standardized Root Mean Square Residual)

          Value                              0.036



MODEL RESULTS

                                                    Two-Tailed
                    Estimate       S.E.  Est./S.E.    P-Value

 RIX      BY
    X1                 1.000      0.000    999.000    999.000
    X2                 1.000      0.000    999.000    999.000
    X3                 1.000      0.000    999.000    999.000

 RIY      BY
    Y1                 1.000      0.000    999.000    999.000
    Y2                 1.000      0.000    999.000    999.000
    Y3                 1.000      0.000    999.000    999.000

 RIM      BY
    M1                 1.000      0.000    999.000    999.000
    M2                 1.000      0.000    999.000    999.000
    M3                 1.000      0.000    999.000    999.000

 WX1      BY
    X1                 1.000      0.000    999.000    999.000

 WX2      BY
    X2                 1.000      0.000    999.000    999.000

 WX3      BY
    X3                 1.000      0.000    999.000    999.000

 WY1      BY
    Y1                 1.000      0.000    999.000    999.000

 WY2      BY
    Y2                 1.000      0.000    999.000    999.000

 WY3      BY
    Y3                 1.000      0.000    999.000    999.000

 WM1      BY
    M1                 1.000      0.000    999.000    999.000

 WM2      BY
    M2                 1.000      0.000    999.000    999.000

 WM3      BY
    M3                 1.000      0.000    999.000    999.000

 WY2      ON
    WY1               -0.024      0.079     -0.309      0.757
    WX1               -0.002      0.038     -0.061      0.951
    WM1                0.064      0.067      0.960      0.337

 WY3      ON
    WY2               -0.024      0.079     -0.309      0.757
    WX2               -0.002      0.038     -0.061      0.951
    WM2                0.064      0.067      0.960      0.337

 WX2      ON
    WX1                0.125      0.071      1.760      0.078
    WY1                0.042      0.065      0.649      0.516
    WM1                0.190      0.094      2.013      0.044

 WX3      ON
    WX2                0.125      0.071      1.760      0.078
    WY2                0.042      0.065      0.649      0.516
    WM2                0.190      0.094      2.013      0.044

 WM2      ON
    WM1                0.207      0.063      3.294      0.001
    WX1                0.010      0.028      0.350      0.726
    WY1                0.042      0.035      1.186      0.236

 WM3      ON
    WM2                0.207      0.063      3.294      0.001
    WX2                0.010      0.028      0.350      0.726
    WY2                0.042      0.035      1.186      0.236

 X1       ON
    GENDER1            0.511      0.061      8.336      0.000
    AGE1               0.057      0.052      1.090      0.276
    EDUCATION_         0.022      0.034      0.643      0.520
    EDUCATION_         0.060      0.032      1.883      0.060
    UNEMPLOYED        -0.016      0.080     -0.196      0.844
    UNEMPLOYED         0.125      0.103      1.214      0.225
    FIN1               0.056      0.031      1.794      0.073

 X2       ON
    GENDER1            0.362      0.062      5.808      0.000
    AGE1               0.051      0.052      0.975      0.330
    EDUCATION_         0.033      0.036      0.914      0.361
    EDUCATION_         0.051      0.035      1.470      0.142
    UNEMPLOYED         0.054      0.081      0.673      0.501
    UNEMPLOYED         0.100      0.106      0.941      0.347
    FIN2               0.100      0.034      2.964      0.003

 X3       ON
    GENDER1            0.370      0.062      6.006      0.000
    AGE1               0.055      0.052      1.059      0.290
    EDUCATION_         0.056      0.036      1.549      0.121
    EDUCATION_         0.040      0.035      1.171      0.242
    UNEMPLOYED         0.073      0.082      0.889      0.374
    UNEMPLOYED         0.071      0.104      0.684      0.494
    FIN3               0.070      0.035      1.999      0.046

 Y1       ON
    GENDER1           -0.128      0.045     -2.833      0.005
    AGE1               0.044      0.039      1.130      0.259
    EDUCATION_         0.020      0.026      0.767      0.443
    EDUCATION_        -0.005      0.024     -0.198      0.843
    UNEMPLOYED         0.006      0.067      0.094      0.925
    UNEMPLOYED         0.071      0.095      0.746      0.456
    FIN1               0.144      0.023      6.296      0.000

 Y2       ON
    GENDER1           -0.116      0.049     -2.375      0.018
    AGE1               0.048      0.040      1.197      0.231
    EDUCATION_         0.006      0.028      0.211      0.833
    EDUCATION_        -0.004      0.028     -0.129      0.897
    UNEMPLOYED        -0.141      0.067     -2.109      0.035
    UNEMPLOYED         0.101      0.097      1.035      0.301
    FIN2               0.147      0.026      5.659      0.000

 Y3       ON
    GENDER1           -0.060      0.047     -1.290      0.197
    AGE1               0.030      0.039      0.769      0.442
    EDUCATION_         0.008      0.028      0.301      0.764
    EDUCATION_         0.014      0.025      0.553      0.580
    UNEMPLOYED        -0.023      0.062     -0.361      0.718
    UNEMPLOYED         0.157      0.089      1.765      0.078
    FIN3               0.185      0.024      7.705      0.000

 M1       ON
    GENDER1           -0.023      0.031     -0.739      0.460
    AGE1               0.046      0.028      1.665      0.096
    EDUCATION_        -0.033      0.019     -1.744      0.081
    EDUCATION_         0.007      0.018      0.380      0.704
    UNEMPLOYED         0.013      0.045      0.277      0.781
    UNEMPLOYED         0.116      0.062      1.867      0.062
    FIN1               0.096      0.016      5.840      0.000

 M2       ON
    GENDER1           -0.067      0.033     -2.007      0.045
    AGE1               0.047      0.028      1.719      0.086
    EDUCATION_        -0.025      0.020     -1.245      0.213
    EDUCATION_        -0.001      0.020     -0.072      0.943
    UNEMPLOYED        -0.021      0.050     -0.414      0.679
    UNEMPLOYED        -0.020      0.063     -0.318      0.750
    FIN2               0.101      0.018      5.501      0.000

 M3       ON
    GENDER1           -0.018      0.037     -0.499      0.618
    AGE1               0.041      0.028      1.487      0.137
    EDUCATION_        -0.022      0.021     -1.035      0.301
    EDUCATION_         0.013      0.021      0.618      0.536
    UNEMPLOYED         0.002      0.050      0.038      0.970
    UNEMPLOYED         0.066      0.063      1.047      0.295
    FIN3               0.099      0.020      4.963      0.000

 RIX      WITH
    RIY                0.049      0.018      2.635      0.008
    RIM                0.059      0.015      3.997      0.000

 RIY      WITH
    RIM                0.102      0.011      9.504      0.000

 WX1      WITH
    WY1                0.034      0.014      2.383      0.017
    WM1                0.051      0.012      4.173      0.000

 WY1      WITH
    WM1                0.033      0.008      3.904      0.000

 WX2      WITH
    WY2                0.041      0.015      2.759      0.006
    WM2                0.058      0.011      5.477      0.000

 WY2      WITH
    WM2                0.052      0.008      6.781      0.000

 WX3      WITH
    WY3                0.041      0.015      2.759      0.006
    WM3                0.058      0.011      5.477      0.000

 WY3      WITH
    WM3                0.052      0.008      6.781      0.000

 GENDER1  WITH
    AGE1              -0.001      0.007     -0.079      0.937
    EDUCATION_        -0.036      0.015     -2.387      0.017
    EDUCATION_        -0.022      0.015     -1.473      0.141
    UNEMPLOYED        -0.003      0.006     -0.483      0.629
    UNEMPLOYED        -0.002      0.004     -0.408      0.683
    FIN1               0.014      0.013      1.050      0.294
    FIN2              -0.001      0.013     -0.080      0.936
    FIN3               0.006      0.014      0.430      0.667

 AGE1     WITH
    EDUCATION_        -0.037      0.015     -2.448      0.014
    EDUCATION_        -0.018      0.015     -1.175      0.240
    UNEMPLOYED         0.012      0.005      2.223      0.026
    UNEMPLOYED         0.002      0.004      0.431      0.667
    FIN1              -0.006      0.013     -0.419      0.675
    FIN2              -0.010      0.013     -0.794      0.427
    FIN3              -0.012      0.014     -0.908      0.364

 EDUCATIO WITH
    EDUCATION_         0.452      0.030     14.923      0.000
    UNEMPLOYED        -0.088      0.012     -7.487      0.000
    UNEMPLOYED        -0.024      0.009     -2.749      0.006
    FIN1               0.118      0.027      4.374      0.000
    FIN2               0.132      0.026      5.124      0.000
    FIN3               0.136      0.027      4.984      0.000

 EDUCATIO WITH
    UNEMPLOYED        -0.057      0.011     -4.929      0.000
    UNEMPLOYED        -0.031      0.007     -4.104      0.000
    FIN1               0.146      0.028      5.257      0.000
    FIN2               0.173      0.026      6.618      0.000
    FIN3               0.184      0.027      6.808      0.000

 UNEMPLOY WITH
    UNEMPLOYED         0.013      0.004      3.267      0.001
    FIN1              -0.033      0.011     -3.038      0.002
    FIN2              -0.029      0.010     -2.918      0.004
    FIN3              -0.040      0.010     -3.877      0.000

 UNEMPLOY WITH
    FIN1              -0.027      0.008     -3.187      0.001
    FIN2              -0.020      0.007     -2.971      0.003
    FIN3              -0.020      0.008     -2.658      0.008

 FIN1     WITH
    FIN2               0.504      0.025     20.355      0.000
    FIN3               0.484      0.025     19.213      0.000

 FIN2     WITH
    FIN3               0.503      0.024     20.752      0.000

 Means
    GENDER1            0.646      0.015     42.397      0.000
    AGE1              15.638      0.016   1007.222      0.000
    EDUCATION_         3.906      0.031    124.303      0.000
    EDUCATION_         3.754      0.032    116.440      0.000
    UNEMPLOYED         0.154      0.012     13.355      0.000
    UNEMPLOYED         0.070      0.008      8.375      0.000
    FIN1               3.755      0.027    138.376      0.000
    FIN2               3.776      0.027    141.582      0.000
    FIN3               3.753      0.028    133.412      0.000

 Intercepts
    X1                -1.762      0.840     -2.098      0.036
    X2                -1.762      0.840     -2.098      0.036
    X3                -1.762      0.840     -2.098      0.036
    Y1                -1.221      0.634     -1.924      0.054
    Y2                -1.221      0.634     -1.924      0.054
    Y3                -1.221      0.634     -1.924      0.054
    M1                -0.981      0.441     -2.223      0.026
    M2                -0.981      0.441     -2.223      0.026
    M3                -0.981      0.441     -2.223      0.026

 Variances
    GENDER1            0.229      0.004     51.293      0.000
    AGE1               0.233      0.005     50.733      0.000
    EDUCATION_         0.946      0.024     38.650      0.000
    EDUCATION_         0.984      0.028     34.937      0.000
    UNEMPLOYED         0.130      0.008     16.318      0.000
    UNEMPLOYED         0.065      0.007      9.065      0.000
    FIN1               0.727      0.028     26.411      0.000
    FIN2               0.683      0.027     25.732      0.000
    FIN3               0.750      0.032     23.568      0.000
    RIX                0.410      0.036     11.282      0.000
    RIY                0.256      0.020     12.822      0.000
    RIM                0.120      0.010     11.840      0.000
    WX1                0.380      0.038      9.954      0.000
    WY1                0.187      0.017     10.725      0.000
    WM1                0.087      0.009      9.508      0.000

 Residual Variances
    X1                 0.000      0.000    999.000    999.000
    X2                 0.000      0.000    999.000    999.000
    X3                 0.000      0.000    999.000    999.000
    Y1                 0.000      0.000    999.000    999.000
    Y2                 0.000      0.000    999.000    999.000
    Y3                 0.000      0.000    999.000    999.000
    M1                 0.000      0.000    999.000    999.000
    M2                 0.000      0.000    999.000    999.000
    M3                 0.000      0.000    999.000    999.000
    WX2                0.388      0.027     14.198      0.000
    WX3                0.388      0.027     14.198      0.000
    WY2                0.211      0.018     11.833      0.000
    WY3                0.211      0.018     11.833      0.000
    WM2                0.140      0.007     19.996      0.000
    WM3                0.140      0.007     19.996      0.000

New/Additional Parameters
    IND                0.001      0.003      0.246      0.806


STANDARDIZED MODEL RESULTS


STDYX Standardization

                                                    Two-Tailed
                    Estimate       S.E.  Est./S.E.    P-Value

 RIX      BY
    X1                 0.692      0.029     23.856      0.000
    X2                 0.693      0.028     24.876      0.000
    X3                 0.692      0.029     24.173      0.000

 RIY      BY
    Y1                 0.744      0.021     34.977      0.000
    Y2                 0.724      0.023     31.060      0.000
    Y3                 0.718      0.024     30.204      0.000

 RIM      BY
    M1                 0.746      0.027     27.486      0.000
    M2                 0.662      0.023     28.351      0.000
    M3                 0.659      0.025     26.638      0.000

 WX1      BY
    X1                 0.665      0.028     23.888      0.000

 WX2      BY
    X2                 0.685      0.028     24.436      0.000

 WX3      BY
    X3                 0.687      0.028     24.232      0.000

 WY1      BY
    Y1                 0.636      0.023     27.097      0.000

 WY2      BY
    Y2                 0.657      0.025     26.413      0.000

 WY3      BY
    Y3                 0.653      0.025     26.356      0.000

 WM1      BY
    M1                 0.637      0.030     20.975      0.000

 WM2      BY
    M2                 0.729      0.021     34.827      0.000

 WM3      BY
    M3                 0.733      0.022     33.532      0.000

 WY2      ON
    WY1               -0.023      0.075     -0.308      0.758
    WX1               -0.003      0.051     -0.061      0.951
    WM1                0.041      0.043      0.953      0.341

 WY3      ON
    WY2               -0.024      0.079     -0.310      0.757
    WX2               -0.003      0.052     -0.062      0.951
    WM2                0.053      0.056      0.959      0.338

 WX2      ON
    WX1                0.121      0.069      1.761      0.078
    WY1                0.029      0.044      0.651      0.515
    WM1                0.088      0.045      1.965      0.049

 WX3      ON
    WX2                0.124      0.070      1.764      0.078
    WY2                0.030      0.047      0.649      0.516
    WM2                0.114      0.056      2.032      0.042

 WM2      ON
    WM1                0.161      0.051      3.157      0.002
    WX1                0.016      0.046      0.348      0.728
    WY1                0.047      0.040      1.193      0.233

 WM3      ON
    WM2                0.205      0.061      3.352      0.001
    WX2                0.016      0.047      0.348      0.728
    WY2                0.050      0.042      1.178      0.239

 X1       ON
    GENDER1            0.264      0.030      8.830      0.000
    AGE1               0.030      0.027      1.090      0.276
    EDUCATION_         0.023      0.035      0.646      0.519
    EDUCATION_         0.065      0.034      1.888      0.059
    UNEMPLOYED        -0.006      0.031     -0.197      0.844
    UNEMPLOYED         0.034      0.028      1.226      0.220
    FIN1               0.052      0.029      1.805      0.071

 X2       ON
    GENDER1            0.187      0.031      5.959      0.000
    AGE1               0.027      0.027      0.975      0.330
    EDUCATION_         0.035      0.038      0.914      0.360
    EDUCATION_         0.055      0.037      1.475      0.140
    UNEMPLOYED         0.021      0.032      0.675      0.500
    UNEMPLOYED         0.028      0.029      0.947      0.343
    FIN2               0.090      0.030      2.980      0.003

 X3       ON
    GENDER1            0.191      0.031      6.145      0.000
    AGE1               0.029      0.027      1.060      0.289
    EDUCATION_         0.059      0.038      1.551      0.121
    EDUCATION_         0.043      0.037      1.173      0.241
    UNEMPLOYED         0.028      0.032      0.891      0.373
    UNEMPLOYED         0.020      0.028      0.690      0.490
    FIN3               0.065      0.032      2.013      0.044

 Y1       ON
    GENDER1           -0.090      0.032     -2.820      0.005
    AGE1               0.032      0.028      1.133      0.257
    EDUCATION_         0.029      0.037      0.768      0.442
    EDUCATION_        -0.007      0.035     -0.198      0.843
    UNEMPLOYED         0.003      0.035      0.094      0.925
    UNEMPLOYED         0.026      0.035      0.751      0.453
    FIN1               0.181      0.029      6.193      0.000

 Y2       ON
    GENDER1           -0.079      0.033     -2.377      0.017
    AGE1               0.033      0.028      1.198      0.231
    EDUCATION_         0.008      0.039      0.211      0.833
    EDUCATION_        -0.005      0.040     -0.129      0.897
    UNEMPLOYED        -0.073      0.034     -2.119      0.034
    UNEMPLOYED         0.037      0.035      1.041      0.298
    FIN2               0.173      0.031      5.658      0.000

 Y3       ON
    GENDER1           -0.041      0.032     -1.289      0.197
    AGE1               0.021      0.027      0.769      0.442
    EDUCATION_         0.012      0.038      0.301      0.764
    EDUCATION_         0.020      0.036      0.555      0.579
    UNEMPLOYED        -0.012      0.032     -0.361      0.718
    UNEMPLOYED         0.057      0.032      1.776      0.076
    FIN3               0.228      0.029      7.786      0.000

 M1       ON
    GENDER1           -0.023      0.032     -0.740      0.459
    AGE1               0.048      0.029      1.665      0.096
    EDUCATION_        -0.069      0.039     -1.754      0.079
    EDUCATION_         0.014      0.038      0.380      0.704
    UNEMPLOYED         0.010      0.035      0.278      0.781
    UNEMPLOYED         0.064      0.034      1.877      0.061
    FIN1               0.176      0.030      5.909      0.000

 M2       ON
    GENDER1           -0.062      0.030     -2.018      0.044
    AGE1               0.044      0.025      1.718      0.086
    EDUCATION_        -0.047      0.037     -1.250      0.211
    EDUCATION_        -0.003      0.038     -0.072      0.943
    UNEMPLOYED        -0.014      0.035     -0.415      0.678
    UNEMPLOYED        -0.010      0.031     -0.320      0.749
    FIN2               0.160      0.029      5.577      0.000

 M3       ON
    GENDER1           -0.017      0.033     -0.499      0.618
    AGE1               0.038      0.025      1.486      0.137
    EDUCATION_        -0.041      0.039     -1.037      0.300
    EDUCATION_         0.024      0.039      0.618      0.536
    UNEMPLOYED         0.001      0.034      0.038      0.970
    UNEMPLOYED         0.032      0.030      1.052      0.293
    FIN3               0.164      0.032      5.117      0.000

 RIX      WITH
    RIY                0.150      0.056      2.701      0.007
    RIM                0.267      0.060      4.484      0.000

 RIY      WITH
    RIM                0.581      0.039     14.916      0.000

 WX1      WITH
    WY1                0.127      0.052      2.428      0.015
    WM1                0.280      0.056      4.956      0.000

 WY1      WITH
    WM1                0.256      0.056      4.609      0.000

 WX2      WITH
    WY2                0.144      0.051      2.827      0.005
    WM2                0.250      0.043      5.797      0.000

 WY2      WITH
    WM2                0.303      0.039      7.768      0.000

 WX3      WITH
    WY3                0.144      0.051      2.827      0.005
    WM3                0.250      0.043      5.797      0.000

 WY3      WITH
    WM3                0.303      0.039      7.768      0.000

 GENDER1  WITH
    AGE1              -0.003      0.032     -0.078      0.937
    EDUCATION_        -0.077      0.032     -2.382      0.017
    EDUCATION_        -0.046      0.032     -1.473      0.141
    UNEMPLOYED        -0.016      0.032     -0.483      0.629
    UNEMPLOYED        -0.014      0.033     -0.407      0.684
    FIN1               0.034      0.032      1.051      0.293
    FIN2              -0.003      0.033     -0.080      0.936
    FIN3               0.014      0.033      0.430      0.667

 AGE1     WITH
    EDUCATION_        -0.078      0.032     -2.445      0.014
    EDUCATION_        -0.038      0.032     -1.174      0.241
    UNEMPLOYED         0.069      0.031      2.236      0.025
    UNEMPLOYED         0.014      0.032      0.430      0.667
    FIN1              -0.013      0.032     -0.419      0.676
    FIN2              -0.026      0.032     -0.794      0.427
    FIN3              -0.029      0.032     -0.909      0.363

 EDUCATIO WITH
    EDUCATION_         0.469      0.028     16.544      0.000
    UNEMPLOYED        -0.250      0.030     -8.365      0.000
    UNEMPLOYED        -0.096      0.034     -2.848      0.004
    FIN1               0.143      0.032      4.457      0.000
    FIN2               0.164      0.031      5.220      0.000
    FIN3               0.161      0.032      5.044      0.000

 EDUCATIO WITH
    UNEMPLOYED        -0.158      0.031     -5.166      0.000
    UNEMPLOYED        -0.122      0.027     -4.484      0.000
    FIN1               0.172      0.032      5.305      0.000
    FIN2               0.211      0.031      6.839      0.000
    FIN3               0.214      0.031      7.016      0.000

 UNEMPLOY WITH
    UNEMPLOYED         0.146      0.042      3.476      0.001
    FIN1              -0.108      0.035     -3.100      0.002
    FIN2              -0.098      0.033     -2.956      0.003
    FIN3              -0.130      0.032     -3.990      0.000

 UNEMPLOY WITH
    FIN1              -0.122      0.036     -3.371      0.001
    FIN2              -0.093      0.030     -3.113      0.002
    FIN3              -0.091      0.033     -2.756      0.006

 FIN1     WITH
    FIN2               0.715      0.019     38.306      0.000
    FIN3               0.655      0.024     27.856      0.000

 FIN2     WITH
    FIN3               0.703      0.021     33.357      0.000

 Means
    GENDER1            1.350      0.045     29.914      0.000
    AGE1              32.399      0.350     92.495      0.000
    EDUCATION_         4.016      0.064     62.472      0.000
    EDUCATION_         3.785      0.060     63.217      0.000
    UNEMPLOYED         0.426      0.019     22.550      0.000
    UNEMPLOYED         0.274      0.018     15.498      0.000
    FIN1               4.404      0.092     48.116      0.000
    FIN2               4.567      0.096     47.384      0.000
    FIN3               4.333      0.102     42.324      0.000

 Intercepts
    X1                -1.903      0.902     -2.110      0.035
    X2                -1.908      0.906     -2.105      0.035
    X3                -1.905      0.904     -2.106      0.035
    Y1                -1.796      0.928     -1.936      0.053
    Y2                -1.747      0.906     -1.928      0.054
    Y3                -1.734      0.899     -1.929      0.054
    M1                -2.117      0.952     -2.224      0.026
    M2                -1.879      0.846     -2.221      0.026
    M3                -1.870      0.841     -2.223      0.026

 Variances
    GENDER1            1.000      0.000    999.000    999.000
    AGE1               1.000      0.000    999.000    999.000
    EDUCATION_         1.000      0.000    999.000    999.000
    EDUCATION_         1.000      0.000    999.000    999.000
    UNEMPLOYED         1.000      0.000    999.000    999.000
    UNEMPLOYED         1.000      0.000    999.000    999.000
    FIN1               1.000      0.000    999.000    999.000
    FIN2               1.000      0.000    999.000    999.000
    FIN3               1.000      0.000    999.000    999.000
    RIX                1.000      0.000    999.000    999.000
    RIY                1.000      0.000    999.000    999.000
    RIM                1.000      0.000    999.000    999.000
    WX1                1.000      0.000    999.000    999.000
    WY1                1.000      0.000    999.000    999.000
    WM1                1.000      0.000    999.000    999.000

 Residual Variances
    X1                 0.000      0.000      0.000      1.000
    X2                 0.000      0.000      0.000      1.000
    X3                 0.000      0.000      0.000      1.000
    Y1                 0.000      0.000      0.000      1.000
    Y2                 0.000      0.000      0.000      1.000
    Y3                 0.000      0.000      0.000      1.000
    M1                 0.000      0.000      0.000      1.000
    M2                 0.000      0.000      0.000      1.000
    M3                 0.000      0.000      0.000      1.000
    WX2                0.968      0.025     39.156      0.000
    WX3                0.960      0.029     32.681      0.000
    WY2                0.998      0.009    108.534      0.000
    WY3                0.997      0.011     91.212      0.000
    WM2                0.966      0.020     49.127      0.000
    WM3                0.947      0.028     33.700      0.000


R-SQUARE

    Observed                                        Two-Tailed
    Variable        Estimate       S.E.  Est./S.E.    P-Value

    X1                 1.000      0.000    999.000    999.000
    X2                 1.000      0.000    999.000    999.000
    X3                 1.000      0.000    999.000    999.000
    Y1                 1.000      0.000    999.000    999.000
    Y2                 1.000      0.000    999.000    999.000
    Y3                 1.000      0.000    999.000    999.000
    M1                 1.000      0.000    999.000    999.000
    M2                 1.000      0.000    999.000    999.000
    M3                 1.000      0.000    999.000    999.000

     Latent                                         Two-Tailed
    Variable        Estimate       S.E.  Est./S.E.    P-Value

    WX2                0.032      0.025      1.275      0.202
    WX3                0.040      0.029      1.359      0.174
    WY2                0.002      0.009      0.186      0.852
    WY3                0.003      0.011      0.237      0.812
    WM2                0.034      0.020      1.727      0.084
    WM3                0.053      0.028      1.891      0.059


CONFIDENCE INTERVALS OF MODEL RESULTS

                  Lower .5%  Lower 2.5%    Lower 5%    Estimate    Upper 5%  Upper 2.5%   Upper .5%

 RIX      BY
    X1               1.000       1.000       1.000       1.000       1.000       1.000       1.000
    X2               1.000       1.000       1.000       1.000       1.000       1.000       1.000
    X3               1.000       1.000       1.000       1.000       1.000       1.000       1.000

 RIY      BY
    Y1               1.000       1.000       1.000       1.000       1.000       1.000       1.000
    Y2               1.000       1.000       1.000       1.000       1.000       1.000       1.000
    Y3               1.000       1.000       1.000       1.000       1.000       1.000       1.000

 RIM      BY
    M1               1.000       1.000       1.000       1.000       1.000       1.000       1.000
    M2               1.000       1.000       1.000       1.000       1.000       1.000       1.000
    M3               1.000       1.000       1.000       1.000       1.000       1.000       1.000

 WX1      BY
    X1               1.000       1.000       1.000       1.000       1.000       1.000       1.000

 WX2      BY
    X2               1.000       1.000       1.000       1.000       1.000       1.000       1.000

 WX3      BY
    X3               1.000       1.000       1.000       1.000       1.000       1.000       1.000

 WY1      BY
    Y1               1.000       1.000       1.000       1.000       1.000       1.000       1.000

 WY2      BY
    Y2               1.000       1.000       1.000       1.000       1.000       1.000       1.000

 WY3      BY
    Y3               1.000       1.000       1.000       1.000       1.000       1.000       1.000

 WM1      BY
    M1               1.000       1.000       1.000       1.000       1.000       1.000       1.000

 WM2      BY
    M2               1.000       1.000       1.000       1.000       1.000       1.000       1.000

 WM3      BY
    M3               1.000       1.000       1.000       1.000       1.000       1.000       1.000

 WY2      ON
    WY1             -0.202      -0.168      -0.147      -0.024       0.114       0.139       0.187
    WX1             -0.103      -0.081      -0.067      -0.002       0.058       0.070       0.092
    WM1             -0.118      -0.070      -0.050       0.064       0.172       0.191       0.232

 WY3      ON
    WY2             -0.202      -0.168      -0.147      -0.024       0.114       0.139       0.187
    WX2             -0.103      -0.081      -0.067      -0.002       0.058       0.070       0.092
    WM2             -0.118      -0.070      -0.050       0.064       0.172       0.191       0.232

 WX2      ON
    WX1             -0.053      -0.009       0.011       0.125       0.247       0.268       0.312
    WY1             -0.125      -0.087      -0.067       0.042       0.145       0.166       0.206
    WM1             -0.059       0.004       0.036       0.190       0.345       0.372       0.433

 WX3      ON
    WX2             -0.053      -0.009       0.011       0.125       0.247       0.268       0.312
    WY2             -0.125      -0.087      -0.067       0.042       0.145       0.166       0.206
    WM2             -0.059       0.004       0.036       0.190       0.345       0.372       0.433

 WM2      ON
    WM1              0.043       0.081       0.103       0.207       0.311       0.330       0.369
    WX1             -0.062      -0.045      -0.036       0.010       0.058       0.067       0.087
    WY1             -0.047      -0.027      -0.016       0.042       0.099       0.111       0.131

 WM3      ON
    WM2              0.043       0.081       0.103       0.207       0.311       0.330       0.369
    WX2             -0.062      -0.045      -0.036       0.010       0.058       0.067       0.087
    WY2             -0.047      -0.027      -0.016       0.042       0.099       0.111       0.131

 X1       ON
    GENDER1          0.353       0.390       0.410       0.511       0.611       0.630       0.666
    AGE1            -0.074      -0.046      -0.030       0.057       0.143       0.160       0.191
    EDUCATION_      -0.062      -0.042      -0.033       0.022       0.077       0.088       0.109
    EDUCATION_      -0.022      -0.002       0.008       0.060       0.113       0.123       0.145
    UNEMPLOYED      -0.221      -0.171      -0.147      -0.016       0.118       0.147       0.195
    UNEMPLOYED      -0.134      -0.073      -0.042       0.125       0.298       0.333       0.404
    FIN1            -0.024      -0.006       0.004       0.056       0.107       0.116       0.137

 X2       ON
    GENDER1          0.198       0.242       0.261       0.362       0.466       0.485       0.523
    AGE1            -0.082      -0.052      -0.036       0.051       0.137       0.156       0.185
    EDUCATION_      -0.062      -0.038      -0.027       0.033       0.094       0.104       0.126
    EDUCATION_      -0.039      -0.016      -0.006       0.051       0.107       0.118       0.141
    UNEMPLOYED      -0.152      -0.103      -0.076       0.054       0.194       0.217       0.269
    UNEMPLOYED      -0.162      -0.108      -0.073       0.100       0.279       0.314       0.381
    FIN2             0.012       0.034       0.045       0.100       0.155       0.165       0.188

 X3       ON
    GENDER1          0.212       0.250       0.270       0.370       0.472       0.490       0.529
    AGE1            -0.079      -0.049      -0.032       0.055       0.141       0.158       0.190
    EDUCATION_      -0.035      -0.014      -0.004       0.056       0.114       0.126       0.149
    EDUCATION_      -0.051      -0.028      -0.016       0.040       0.097       0.108       0.130
    UNEMPLOYED      -0.141      -0.087      -0.060       0.073       0.211       0.236       0.274
    UNEMPLOYED      -0.202      -0.130      -0.099       0.071       0.245       0.278       0.337
    FIN3            -0.018       0.002       0.013       0.070       0.127       0.138       0.163

 Y1       ON
    GENDER1         -0.245      -0.216      -0.201      -0.128      -0.053      -0.040      -0.012
    AGE1            -0.060      -0.033      -0.021       0.044       0.109       0.120       0.146
    EDUCATION_      -0.048      -0.031      -0.023       0.020       0.063       0.072       0.089
    EDUCATION_      -0.068      -0.051      -0.044      -0.005       0.035       0.043       0.059
    UNEMPLOYED      -0.170      -0.125      -0.104       0.006       0.113       0.135       0.170
    UNEMPLOYED      -0.182      -0.119      -0.089       0.071       0.225       0.255       0.310
    FIN1             0.084       0.099       0.106       0.144       0.182       0.189       0.203

 Y2       ON
    GENDER1         -0.241      -0.212      -0.195      -0.116      -0.035      -0.020       0.009
    AGE1            -0.056      -0.031      -0.018       0.048       0.113       0.126       0.152
    EDUCATION_      -0.067      -0.050      -0.041       0.006       0.051       0.059       0.077
    EDUCATION_      -0.078      -0.059      -0.049      -0.004       0.043       0.052       0.070
    UNEMPLOYED      -0.317      -0.271      -0.249      -0.141      -0.030      -0.010       0.027
    UNEMPLOYED      -0.153      -0.094      -0.061       0.101       0.263       0.290       0.346
    FIN2             0.081       0.097       0.104       0.147       0.189       0.197       0.212

 Y3       ON
    GENDER1         -0.177      -0.152      -0.138      -0.060       0.016       0.030       0.058
    AGE1            -0.071      -0.047      -0.035       0.030       0.094       0.107       0.133
    EDUCATION_      -0.064      -0.047      -0.038       0.008       0.053       0.062       0.078
    EDUCATION_      -0.052      -0.036      -0.028       0.014       0.056       0.064       0.080
    UNEMPLOYED      -0.186      -0.145      -0.126      -0.023       0.079       0.098       0.132
    UNEMPLOYED      -0.077      -0.019       0.009       0.157       0.300       0.328       0.381
    FIN3             0.125       0.140       0.146       0.185       0.225       0.233       0.249

 M1       ON
    GENDER1         -0.102      -0.083      -0.073      -0.023       0.028       0.037       0.055
    AGE1            -0.026      -0.008       0.001       0.046       0.091       0.100       0.118
    EDUCATION_      -0.081      -0.069      -0.063      -0.033      -0.001       0.005       0.016
    EDUCATION_      -0.039      -0.028      -0.022       0.007       0.036       0.042       0.053
    UNEMPLOYED      -0.105      -0.077      -0.062       0.013       0.087       0.099       0.126
    UNEMPLOYED      -0.049      -0.006       0.012       0.116       0.218       0.239       0.278
    FIN1             0.054       0.063       0.069       0.096       0.123       0.128       0.138

 M2       ON
    GENDER1         -0.155      -0.133      -0.122      -0.067      -0.013      -0.001       0.020
    AGE1            -0.023      -0.007       0.002       0.047       0.092       0.101       0.119
    EDUCATION_      -0.077      -0.064      -0.058      -0.025       0.008       0.015       0.027
    EDUCATION_      -0.054      -0.041      -0.034      -0.001       0.031       0.037       0.049
    UNEMPLOYED      -0.153      -0.120      -0.104      -0.021       0.061       0.076       0.108
    UNEMPLOYED      -0.187      -0.145      -0.124      -0.020       0.083       0.107       0.144
    FIN2             0.054       0.066       0.071       0.101       0.131       0.137       0.150

 M3       ON
    GENDER1         -0.113      -0.091      -0.080      -0.018       0.041       0.054       0.075
    AGE1            -0.030      -0.012      -0.004       0.041       0.086       0.096       0.112
    EDUCATION_      -0.076      -0.063      -0.057      -0.022       0.013       0.019       0.034
    EDUCATION_      -0.040      -0.027      -0.021       0.013       0.047       0.054       0.066
    UNEMPLOYED      -0.129      -0.098      -0.081       0.002       0.084       0.098       0.128
    UNEMPLOYED      -0.103      -0.060      -0.038       0.066       0.167       0.187       0.223
    FIN3             0.048       0.060       0.066       0.099       0.133       0.139       0.151

 RIX      WITH
    RIY              0.002       0.012       0.019       0.049       0.079       0.085       0.097
    RIM              0.017       0.028       0.033       0.059       0.082       0.086       0.095

 RIY      WITH
    RIM              0.073       0.080       0.083       0.102       0.118       0.122       0.129

 WX1      WITH
    WY1             -0.003       0.007       0.010       0.034       0.058       0.062       0.070
    WM1              0.023       0.029       0.032       0.051       0.072       0.076       0.086

 WY1      WITH
    WM1              0.012       0.017       0.020       0.033       0.047       0.050       0.056

 WX2      WITH
    WY2              0.002       0.011       0.016       0.041       0.065       0.070       0.078
    WM2              0.030       0.037       0.041       0.058       0.075       0.079       0.086

 WY2      WITH
    WM2              0.031       0.036       0.038       0.052       0.064       0.066       0.071

 WX3      WITH
    WY3              0.002       0.011       0.016       0.041       0.065       0.070       0.078
    WM3              0.030       0.037       0.041       0.058       0.075       0.079       0.086

 WY3      WITH
    WM3              0.031       0.036       0.038       0.052       0.064       0.066       0.071

 GENDER1  WITH
    AGE1            -0.019      -0.015      -0.013      -0.001       0.012       0.014       0.019
    EDUCATION_      -0.073      -0.065      -0.060      -0.036      -0.011      -0.006       0.004
    EDUCATION_      -0.059      -0.051      -0.046      -0.022       0.003       0.008       0.018
    UNEMPLOYED      -0.017      -0.014      -0.012      -0.003       0.006       0.008       0.012
    UNEMPLOYED      -0.012      -0.010      -0.008      -0.002       0.005       0.006       0.009
    FIN1            -0.020      -0.012      -0.008       0.014       0.035       0.039       0.047
    FIN2            -0.035      -0.027      -0.022      -0.001       0.020       0.024       0.032
    FIN3            -0.030      -0.021      -0.017       0.006       0.028       0.032       0.040

 AGE1     WITH
    EDUCATION_      -0.075      -0.067      -0.061      -0.037      -0.012      -0.008       0.002
    EDUCATION_      -0.057      -0.048      -0.044      -0.018       0.007       0.012       0.022
    UNEMPLOYED      -0.002       0.001       0.003       0.012       0.021       0.022       0.025
    UNEMPLOYED      -0.009      -0.006      -0.005       0.002       0.008       0.009       0.012
    FIN1            -0.040      -0.031      -0.027      -0.006       0.016       0.020       0.028
    FIN2            -0.044      -0.036      -0.031      -0.010       0.011       0.015       0.022
    FIN3            -0.047      -0.038      -0.035      -0.012       0.010       0.015       0.023

 EDUCATIO WITH
    EDUCATION_       0.373       0.393       0.403       0.452       0.502       0.511       0.530
    UNEMPLOYED      -0.119      -0.111      -0.107      -0.088      -0.068      -0.065      -0.058
    UNEMPLOYED      -0.046      -0.040      -0.038      -0.024      -0.010      -0.007      -0.001
    FIN1             0.049       0.065       0.074       0.118       0.163       0.171       0.190
    FIN2             0.066       0.081       0.089       0.132       0.174       0.182       0.197
    FIN3             0.066       0.083       0.091       0.136       0.181       0.189       0.206

 EDUCATIO WITH
    UNEMPLOYED      -0.086      -0.079      -0.075      -0.057      -0.038      -0.034      -0.027
    UNEMPLOYED      -0.050      -0.045      -0.043      -0.031      -0.018      -0.016      -0.013
    FIN1             0.075       0.091       0.100       0.146       0.190       0.201       0.217
    FIN2             0.109       0.122       0.130       0.173       0.216       0.224       0.241
    FIN3             0.113       0.130       0.140       0.184       0.229       0.238       0.254

 UNEMPLOY WITH
    UNEMPLOYED       0.004       0.006       0.007       0.013       0.020       0.022       0.024
    FIN1            -0.062      -0.055      -0.052      -0.033      -0.016      -0.012      -0.006
    FIN2            -0.055      -0.048      -0.046      -0.029      -0.013      -0.010      -0.004
    FIN3            -0.068      -0.061      -0.058      -0.040      -0.023      -0.020      -0.014

 UNEMPLOY WITH
    FIN1            -0.048      -0.043      -0.040      -0.027      -0.013      -0.010      -0.005
    FIN2            -0.037      -0.033      -0.031      -0.020      -0.009      -0.007      -0.003
    FIN3            -0.040      -0.035      -0.033      -0.020      -0.008      -0.006      -0.001

 FIN1     WITH
    FIN2             0.440       0.455       0.463       0.504       0.545       0.553       0.568
    FIN3             0.419       0.434       0.442       0.484       0.526       0.533       0.551

 FIN2     WITH
    FIN3             0.441       0.456       0.463       0.503       0.543       0.551       0.566

 Means
    GENDER1          0.607       0.616       0.621       0.646       0.671       0.675       0.685
    AGE1            15.598      15.608      15.612      15.638      15.663      15.669      15.679
    EDUCATION_       3.827       3.846       3.855       3.906       3.959       3.969       3.988
    EDUCATION_       3.670       3.691       3.701       3.754       3.806       3.817       3.838
    UNEMPLOYED       0.124       0.132       0.135       0.154       0.173       0.176       0.184
    UNEMPLOYED       0.049       0.054       0.056       0.070       0.084       0.087       0.091
    FIN1             3.683       3.701       3.711       3.755       3.800       3.808       3.826
    FIN2             3.707       3.724       3.732       3.776       3.820       3.828       3.843
    FIN3             3.681       3.698       3.706       3.753       3.799       3.808       3.823

 Intercepts
    X1              -3.914      -3.398      -3.152      -1.762      -0.370      -0.105       0.363
    X2              -3.914      -3.398      -3.152      -1.762      -0.370      -0.105       0.363
    X3              -3.914      -3.398      -3.152      -1.762      -0.370      -0.105       0.363
    Y1              -2.876      -2.453      -2.240      -1.221      -0.172       0.030       0.429
    Y2              -2.876      -2.453      -2.240      -1.221      -0.172       0.030       0.429
    Y3              -2.876      -2.453      -2.240      -1.221      -0.172       0.030       0.429
    M1              -2.128      -1.845      -1.693      -0.981      -0.258      -0.119       0.153
    M2              -2.128      -1.845      -1.693      -0.981      -0.258      -0.119       0.153
    M3              -2.128      -1.845      -1.693      -0.981      -0.258      -0.119       0.153

 Variances
    GENDER1          0.216       0.219       0.221       0.229       0.235       0.236       0.239
    AGE1             0.220       0.223       0.225       0.233       0.240       0.241       0.244
    EDUCATION_       0.886       0.900       0.907       0.946       0.987       0.996       1.013
    EDUCATION_       0.914       0.929       0.938       0.984       1.030       1.039       1.058
    UNEMPLOYED       0.109       0.114       0.117       0.130       0.143       0.145       0.150
    UNEMPLOYED       0.047       0.051       0.053       0.065       0.077       0.079       0.083
    FIN1             0.657       0.672       0.681       0.727       0.771       0.779       0.798
    FIN2             0.617       0.632       0.640       0.683       0.727       0.736       0.753
    FIN3             0.670       0.688       0.698       0.750       0.803       0.814       0.834
    RIX              0.302       0.330       0.342       0.410       0.461       0.474       0.496
    RIY              0.202       0.213       0.220       0.256       0.285       0.291       0.304
    RIM              0.091       0.098       0.101       0.120       0.134       0.137       0.144
    WX1              0.297       0.314       0.323       0.380       0.449       0.463       0.499
    WY1              0.145       0.155       0.159       0.187       0.216       0.222       0.235
    WM1              0.065       0.071       0.073       0.087       0.103       0.106       0.114

 Residual Variances
    X1               0.000       0.000       0.000       0.000       0.000       0.000       0.000
    X2               0.000       0.000       0.000       0.000       0.000       0.000       0.000
    X3               0.000       0.000       0.000       0.000       0.000       0.000       0.000
    Y1               0.000       0.000       0.000       0.000       0.000       0.000       0.000
    Y2               0.000       0.000       0.000       0.000       0.000       0.000       0.000
    Y3               0.000       0.000       0.000       0.000       0.000       0.000       0.000
    M1               0.000       0.000       0.000       0.000       0.000       0.000       0.000
    M2               0.000       0.000       0.000       0.000       0.000       0.000       0.000
    M3               0.000       0.000       0.000       0.000       0.000       0.000       0.000
    WX2              0.316       0.331       0.339       0.388       0.430       0.439       0.455
    WX3              0.316       0.331       0.339       0.388       0.430       0.439       0.455
    WY2              0.166       0.175       0.180       0.211       0.238       0.244       0.255
    WY3              0.166       0.175       0.180       0.211       0.238       0.244       0.255
    WM2              0.121       0.125       0.127       0.140       0.150       0.152       0.157
    WM3              0.121       0.125       0.127       0.140       0.150       0.152       0.157

New/Additional Parameters
    IND             -0.008      -0.005      -0.004       0.001       0.005       0.006       0.010


CONFIDENCE INTERVALS OF STANDARDIZED MODEL RESULTS


STDYX Standardization

                  Lower .5%  Lower 2.5%    Lower 5%    Estimate    Upper 5%  Upper 2.5%   Upper .5%

 RIX      BY
    X1               0.598       0.622       0.635       0.692       0.729       0.736       0.749
    X2               0.603       0.627       0.639       0.693       0.730       0.736       0.749
    X3               0.598       0.624       0.635       0.692       0.729       0.736       0.749

 RIY      BY
    Y1               0.680       0.695       0.702       0.744       0.772       0.778       0.790
    Y2               0.653       0.670       0.678       0.724       0.755       0.761       0.773
    Y3               0.646       0.664       0.672       0.718       0.750       0.757       0.768

 RIM      BY
    M1               0.659       0.681       0.694       0.746       0.782       0.788       0.802
    M2               0.588       0.607       0.617       0.662       0.694       0.700       0.710
    M3               0.579       0.601       0.611       0.659       0.692       0.699       0.709

 WX1      BY
    X1               0.601       0.615       0.622       0.665       0.714       0.724       0.745

 WX2      BY
    X2               0.618       0.633       0.642       0.685       0.734       0.743       0.763

 WX3      BY
    X3               0.619       0.635       0.644       0.687       0.736       0.746       0.766

 WY1      BY
    Y1               0.575       0.589       0.598       0.636       0.674       0.682       0.698

 WY2      BY
    Y2               0.595       0.610       0.617       0.657       0.698       0.706       0.723

 WY3      BY
    Y3               0.592       0.606       0.613       0.653       0.694       0.701       0.718

 WM1      BY
    M1               0.561       0.579       0.588       0.637       0.688       0.699       0.718

 WM2      BY
    M2               0.676       0.688       0.694       0.729       0.763       0.770       0.785

 WM3      BY
    M3               0.679       0.690       0.696       0.733       0.768       0.776       0.792

 WY2      ON
    WY1             -0.203      -0.167      -0.144      -0.023       0.101       0.125       0.163
    WX1             -0.140      -0.110      -0.092      -0.003       0.077       0.094       0.122
    WM1             -0.074      -0.045      -0.032       0.041       0.111       0.126       0.151

 WY3      ON
    WY2             -0.202      -0.168      -0.147      -0.024       0.114       0.138       0.186
    WX2             -0.138      -0.111      -0.092      -0.003       0.081       0.097       0.128
    WM2             -0.094      -0.058      -0.041       0.053       0.142       0.160       0.192

 WX2      ON
    WX1             -0.052      -0.008       0.010       0.121       0.240       0.262       0.308
    WY1             -0.085      -0.060      -0.046       0.029       0.099       0.112       0.143
    WM1             -0.027       0.002       0.017       0.088       0.164       0.178       0.209

 WX3      ON
    WX2             -0.052      -0.009       0.011       0.124       0.245       0.267       0.310
    WY2             -0.091      -0.064      -0.048       0.030       0.105       0.120       0.149
    WM2             -0.035       0.002       0.022       0.114       0.203       0.221       0.254

 WM2      ON
    WM1              0.034       0.062       0.078       0.161       0.247       0.264       0.299
    WX1             -0.101      -0.073      -0.059       0.016       0.094       0.109       0.139
    WY1             -0.056      -0.031      -0.019       0.047       0.112       0.126       0.148

 WM3      ON
    WM2              0.043       0.081       0.102       0.205       0.305       0.323       0.359
    WX2             -0.100      -0.073      -0.059       0.016       0.097       0.112       0.145
    WY2             -0.057      -0.032      -0.019       0.050       0.120       0.134       0.158

 X1       ON
    GENDER1          0.186       0.204       0.214       0.264       0.312       0.321       0.337
    AGE1            -0.038      -0.024      -0.016       0.030       0.074       0.083       0.099
    EDUCATION_      -0.066      -0.045      -0.035       0.023       0.080       0.092       0.113
    EDUCATION_      -0.024      -0.002       0.008       0.065       0.121       0.132       0.154
    UNEMPLOYED      -0.085      -0.067      -0.057      -0.006       0.046       0.057       0.076
    UNEMPLOYED      -0.037      -0.020      -0.012       0.034       0.081       0.091       0.111
    FIN1            -0.023      -0.006       0.004       0.052       0.098       0.106       0.125

 X2       ON
    GENDER1          0.103       0.126       0.136       0.187       0.239       0.249       0.268
    AGE1            -0.043      -0.027      -0.019       0.027       0.072       0.081       0.097
    EDUCATION_      -0.064      -0.040      -0.028       0.035       0.099       0.110       0.133
    EDUCATION_      -0.043      -0.017      -0.006       0.055       0.114       0.126       0.151
    UNEMPLOYED      -0.060      -0.040      -0.030       0.021       0.075       0.085       0.103
    UNEMPLOYED      -0.045      -0.030      -0.020       0.028       0.076       0.086       0.103
    FIN2             0.011       0.030       0.040       0.090       0.139       0.148       0.168

 X3       ON
    GENDER1          0.110       0.130       0.140       0.191       0.243       0.251       0.268
    AGE1            -0.041      -0.025      -0.016       0.029       0.074       0.083       0.100
    EDUCATION_      -0.037      -0.015      -0.004       0.059       0.120       0.132       0.157
    EDUCATION_      -0.055      -0.030      -0.017       0.043       0.104       0.115       0.138
    UNEMPLOYED      -0.053      -0.034      -0.023       0.028       0.082       0.092       0.108
    UNEMPLOYED      -0.055      -0.036      -0.027       0.020       0.066       0.076       0.093
    FIN3            -0.017       0.002       0.012       0.065       0.118       0.128       0.151

 Y1       ON
    GENDER1         -0.173      -0.152      -0.142      -0.090      -0.037      -0.028      -0.009
    AGE1            -0.043      -0.024      -0.015       0.032       0.077       0.086       0.102
    EDUCATION_      -0.068      -0.045      -0.033       0.029       0.090       0.103       0.127
    EDUCATION_      -0.098      -0.075      -0.064      -0.007       0.051       0.063       0.085
    UNEMPLOYED      -0.090      -0.066      -0.055       0.003       0.061       0.072       0.089
    UNEMPLOYED      -0.067      -0.044      -0.033       0.026       0.083       0.094       0.114
    FIN1             0.103       0.123       0.132       0.181       0.229       0.238       0.255

 Y2       ON
    GENDER1         -0.164      -0.145      -0.134      -0.079      -0.024      -0.014       0.006
    AGE1            -0.038      -0.021      -0.013       0.033       0.078       0.087       0.104
    EDUCATION_      -0.094      -0.069      -0.057       0.008       0.070       0.082       0.108
    EDUCATION_      -0.109      -0.083      -0.070      -0.005       0.062       0.074       0.100
    UNEMPLOYED      -0.162      -0.139      -0.129      -0.073      -0.016      -0.005       0.014
    UNEMPLOYED      -0.056      -0.033      -0.022       0.037       0.095       0.105       0.124
    FIN2             0.096       0.114       0.123       0.173       0.224       0.233       0.252

 Y3       ON
    GENDER1         -0.121      -0.103      -0.093      -0.041       0.011       0.020       0.038
    AGE1            -0.050      -0.032      -0.024       0.021       0.065       0.073       0.091
    EDUCATION_      -0.088      -0.066      -0.052       0.012       0.074       0.087       0.109
    EDUCATION_      -0.073      -0.051      -0.039       0.020       0.079       0.089       0.111
    UNEMPLOYED      -0.095      -0.074      -0.065      -0.012       0.040       0.049       0.067
    UNEMPLOYED      -0.028      -0.007       0.003       0.057       0.108       0.118       0.134
    FIN3             0.153       0.171       0.180       0.228       0.277       0.286       0.304

 M1       ON
    GENDER1         -0.106      -0.085      -0.075      -0.023       0.029       0.038       0.057
    AGE1            -0.027      -0.008       0.001       0.048       0.095       0.104       0.123
    EDUCATION_      -0.170      -0.144      -0.132      -0.069      -0.003       0.010       0.033
    EDUCATION_      -0.084      -0.059      -0.048       0.014       0.077       0.089       0.113
    UNEMPLOYED      -0.082      -0.060      -0.048       0.010       0.067       0.077       0.098
    UNEMPLOYED      -0.026      -0.003       0.007       0.064       0.120       0.130       0.154
    FIN1             0.100       0.117       0.126       0.176       0.225       0.234       0.250

 M2       ON
    GENDER1         -0.141      -0.121      -0.112      -0.062      -0.012      -0.001       0.018
    AGE1            -0.021      -0.006       0.002       0.044       0.085       0.093       0.110
    EDUCATION_      -0.142      -0.118      -0.107      -0.047       0.016       0.028       0.050
    EDUCATION_      -0.101      -0.077      -0.064      -0.003       0.059       0.071       0.094
    UNEMPLOYED      -0.104      -0.082      -0.072      -0.014       0.042       0.053       0.074
    UNEMPLOYED      -0.091      -0.070      -0.060      -0.010       0.040       0.051       0.071
    FIN2             0.086       0.104       0.113       0.160       0.207       0.216       0.235

 M3       ON
    GENDER1         -0.104      -0.082      -0.072      -0.017       0.038       0.049       0.069
    AGE1            -0.028      -0.012      -0.004       0.038       0.079       0.088       0.104
    EDUCATION_      -0.140      -0.118      -0.105      -0.041       0.023       0.036       0.062
    EDUCATION_      -0.076      -0.052      -0.040       0.024       0.089       0.102       0.125
    UNEMPLOYED      -0.087      -0.067      -0.056       0.001       0.057       0.068       0.088
    UNEMPLOYED      -0.047      -0.029      -0.019       0.032       0.081       0.090       0.108
    FIN3             0.081       0.100       0.110       0.164       0.216       0.226       0.245

 RIX      WITH
    RIY              0.006       0.041       0.060       0.150       0.244       0.261       0.295
    RIM              0.090       0.140       0.163       0.267       0.358       0.374       0.405

 RIY      WITH
    RIM              0.482       0.505       0.519       0.581       0.647       0.658       0.683

 WX1      WITH
    WY1             -0.011       0.025       0.039       0.127       0.213       0.228       0.260
    WM1              0.138       0.167       0.186       0.280       0.372       0.390       0.422

 WY1      WITH
    WM1              0.102       0.142       0.163       0.256       0.344       0.360       0.390

 WX2      WITH
    WY2              0.006       0.041       0.057       0.144       0.225       0.240       0.268
    WM2              0.135       0.166       0.180       0.250       0.321       0.335       0.360

 WY2      WITH
    WM2              0.194       0.222       0.236       0.303       0.365       0.375       0.397

 WX3      WITH
    WY3              0.006       0.041       0.057       0.144       0.225       0.240       0.268
    WM3              0.135       0.166       0.180       0.250       0.321       0.335       0.360

 WY3      WITH
    WM3              0.194       0.222       0.236       0.303       0.365       0.375       0.397

 GENDER1  WITH
    AGE1            -0.085      -0.065      -0.056      -0.003       0.050       0.060       0.080
    EDUCATION_      -0.158      -0.140      -0.130      -0.077      -0.024      -0.013       0.008
    EDUCATION_      -0.126      -0.107      -0.097      -0.046       0.006       0.016       0.037
    UNEMPLOYED      -0.100      -0.079      -0.070      -0.016       0.037       0.047       0.067
    UNEMPLOYED      -0.102      -0.079      -0.068      -0.014       0.041       0.051       0.072
    FIN1            -0.049      -0.030      -0.020       0.034       0.085       0.096       0.116
    FIN2            -0.088      -0.068      -0.057      -0.003       0.051       0.061       0.079
    FIN3            -0.072      -0.051      -0.041       0.014       0.068       0.077       0.097

 AGE1     WITH
    EDUCATION_      -0.159      -0.142      -0.131      -0.078      -0.026      -0.016       0.003
    EDUCATION_      -0.119      -0.102      -0.091      -0.038       0.015       0.025       0.048
    UNEMPLOYED      -0.014       0.007       0.017       0.069       0.118       0.127       0.144
    UNEMPLOYED      -0.073      -0.050      -0.039       0.014       0.065       0.075       0.094
    FIN1            -0.096      -0.076      -0.066      -0.013       0.040       0.050       0.069
    FIN2            -0.108      -0.090      -0.078      -0.026       0.027       0.038       0.057
    FIN3            -0.111      -0.092      -0.083      -0.029       0.024       0.035       0.054

 EDUCATIO WITH
    EDUCATION_       0.395       0.413       0.422       0.469       0.515       0.523       0.539
    UNEMPLOYED      -0.326      -0.308      -0.298      -0.250      -0.200      -0.190      -0.172
    UNEMPLOYED      -0.180      -0.159      -0.150      -0.096      -0.040      -0.029      -0.006
    FIN1             0.060       0.079       0.090       0.143       0.195       0.205       0.225
    FIN2             0.083       0.102       0.112       0.164       0.215       0.225       0.243
    FIN3             0.080       0.099       0.109       0.161       0.214       0.223       0.242

 EDUCATIO WITH
    UNEMPLOYED      -0.235      -0.217      -0.207      -0.158      -0.107      -0.097      -0.076
    UNEMPLOYED      -0.188      -0.172      -0.164      -0.122      -0.076      -0.067      -0.050
    FIN1             0.088       0.108       0.118       0.172       0.225       0.237       0.257
    FIN2             0.133       0.151       0.160       0.211       0.262       0.271       0.290
    FIN3             0.134       0.153       0.164       0.214       0.265       0.275       0.293

 UNEMPLOY WITH
    UNEMPLOYED       0.040       0.065       0.078       0.146       0.214       0.229       0.257
    FIN1            -0.197      -0.177      -0.166      -0.108      -0.051      -0.040      -0.020
    FIN2            -0.184      -0.161      -0.152      -0.098      -0.043      -0.032      -0.014
    FIN3            -0.213      -0.193      -0.182      -0.130      -0.077      -0.065      -0.045

 UNEMPLOY WITH
    FIN1            -0.214      -0.192      -0.181      -0.122      -0.062      -0.050      -0.026
    FIN2            -0.169      -0.152      -0.142      -0.093      -0.044      -0.034      -0.016
    FIN3            -0.174      -0.155      -0.145      -0.091      -0.036      -0.026      -0.005

 FIN1     WITH
    FIN2             0.663       0.677       0.684       0.715       0.745       0.751       0.761
    FIN3             0.593       0.607       0.615       0.655       0.693       0.699       0.713

 FIN2     WITH
    FIN3             0.643       0.659       0.667       0.703       0.737       0.741       0.754

 Means
    GENDER1          1.242       1.267       1.279       1.350       1.427       1.443       1.476
    AGE1            31.618      31.785      31.878      32.399      33.018      33.146      33.447
    EDUCATION_       3.850       3.891       3.913       4.016       4.124       4.146       4.184
    EDUCATION_       3.631       3.671       3.689       3.785       3.886       3.904       3.944
    UNEMPLOYED       0.377       0.389       0.395       0.426       0.457       0.463       0.474
    UNEMPLOYED       0.227       0.238       0.244       0.274       0.302       0.308       0.317
    FIN1             4.182       4.238       4.265       4.404       4.564       4.597       4.654
    FIN2             4.334       4.385       4.415       4.567       4.732       4.767       4.823
    FIN3             4.083       4.142       4.173       4.333       4.507       4.546       4.620

 Intercepts
    X1              -4.242      -3.664      -3.380      -1.903      -0.396      -0.115       0.398
    X2              -4.230      -3.676      -3.407      -1.908      -0.401      -0.114       0.399
    X3              -4.225      -3.675      -3.400      -1.905      -0.400      -0.113       0.396
    Y1              -4.200      -3.598      -3.282      -1.796      -0.258       0.045       0.648
    Y2              -4.092      -3.527      -3.194      -1.747      -0.249       0.042       0.624
    Y3              -4.066      -3.491      -3.170      -1.734      -0.248       0.042       0.619
    M1              -4.643      -3.984      -3.656      -2.117      -0.555      -0.257       0.343
    M2              -4.089      -3.532      -3.235      -1.879      -0.487      -0.228       0.299
    M3              -4.075      -3.518      -3.225      -1.870      -0.490      -0.226       0.295

 Variances
    GENDER1          1.000       1.000       1.000       1.000       1.000       1.000       1.000
    AGE1             1.000       1.000       1.000       1.000       1.000       1.000       1.000
    EDUCATION_       1.000       1.000       1.000       1.000       1.000       1.000       1.000
    EDUCATION_       1.000       1.000       1.000       1.000       1.000       1.000       1.000
    UNEMPLOYED       1.000       1.000       1.000       1.000       1.000       1.000       1.000
    UNEMPLOYED       1.000       1.000       1.000       1.000       1.000       1.000       1.000
    FIN1             1.000       1.000       1.000       1.000       1.000       1.000       1.000
    FIN2             1.000       1.000       1.000       1.000       1.000       1.000       1.000
    FIN3             1.000       1.000       1.000       1.000       1.000       1.000       1.000
    RIX              1.000       1.000       1.000       1.000       1.000       1.000       1.000
    RIY              1.000       1.000       1.000       1.000       1.000       1.000       1.000
    RIM              1.000       1.000       1.000       1.000       1.000       1.000       1.000
    WX1              1.000       1.000       1.000       1.000       1.000       1.000       1.000
    WY1              1.000       1.000       1.000       1.000       1.000       1.000       1.000
    WM1              1.000       1.000       1.000       1.000       1.000       1.000       1.000

 Residual Variances
    X1               0.000       0.000       0.000       0.000       0.000       0.000       0.000
    X2               0.000       0.000       0.000       0.000       0.000       0.000       0.000
    X3               0.000       0.000       0.000       0.000       0.000       0.000       0.000
    Y1               0.000       0.000       0.000       0.000       0.000       0.000       0.000
    Y2               0.000       0.000       0.000       0.000       0.000       0.000       0.000
    Y3               0.000       0.000       0.000       0.000       0.000       0.000       0.000
    M1               0.000       0.000       0.000       0.000       0.000       0.000       0.000
    M2               0.000       0.000       0.000       0.000       0.000       0.000       0.000
    M3               0.000       0.000       0.000       0.000       0.000       0.000       0.000
    WX2              0.872       0.899       0.912       0.968       0.991       0.993       0.997
    WX3              0.848       0.880       0.894       0.960       0.988       0.991       0.997
    WY2              0.952       0.965       0.970       0.998       0.998       0.999       1.000
    WY3              0.941       0.959       0.965       0.997       0.998       0.999       1.000
    WM2              0.892       0.913       0.923       0.966       0.986       0.989       0.994
    WM3              0.849       0.875       0.887       0.947       0.979       0.984       0.991


     Beginning Time:  17:04:10
        Ending Time:  17:13:54
       Elapsed Time:  00:09:44



MUTHEN & MUTHEN
3463 Stoner Ave.
Los Angeles, CA  90066

Tel: (310) 391-9971
Fax: (310) 391-8971
Web: www.StatModel.com
Support: Support@StatModel.com

Copyright (c) 1998-2023 Muthen & Muthen
