Mplus VERSION 8.9
MUTHEN & MUTHEN
01/22/2025   5:13 PM

INPUT INSTRUCTIONS

  DATA:
    FILE IS "mplus.dat";
  VARIABLE:
    MISSING ARE ALL (-99);
    NAMES ARE id Gender1 Age1 Education_mother1 Education_father1
    unemployed_mother1 unemployed_father1 Fin1 Fin2 Fin3 Personal1
    Personal2 Personal3 Public1 Public2 Public3 Collective1
    Collective2 Collective3 Relational1 Relational2
    Relational3 Autonomy1 Autonomy2 Autonomy3 Relatedness1 Relatedness2
    Relatedness3 Competence1 Competence2 Competence3
    PA1 PA2 PA3 NA1 NA2 NA3 SWLS1 SWLS2 SWLS3;

  usevar =
  Gender1 Age1 Education_mother1 Education_father1
  unemployed_mother1 unemployed_father1 Fin1 Fin2 Fin3
  x1-x3 y1-y3 m1-m3 ;

  define:
  x1 = Relational1;
  x2 = Relational2;
  x3 = Relational3;

  m1 = Relatedness1;
  m2 = Relatedness2;
  m3 = Relatedness3;

  y1 = PA1;
  y2 = PA2;
  y3 = PA3;



  analysis:

  MODEL = NOCOV;
  bootstrap = 10000;


  MODEL:
  RIx BY x1@1 x2@1 x3@1;
  RIy BY y1@1 y2@1 y3@1;
  RIm BY m1@1 m2@1 m3@1;



  wx1 BY x1@1;
  wx2 BY x2@1;
  wx3 BY x3@1;



  wy1 BY y1@1;
  wy2 BY y2@1;
  wy3 BY y3@1;



  wm1 By m1@1;
  wm2 By m2@1;
  wm3 By m3@1;


  x1-m3@0;


  wy2 ON wy1 (a );
  wy3 ON wy2 (a );


  wx2 ON wx1 (b );
  wx3 ON wx2 (b );


  wm2 ON wm1  (c);
  wm3 ON wm2  (c);


  wy2 ON  wx1 wm1  (d e);
  wy3 ON  wx2 wm2  (d e);


  wx2 ON wy1 wm1  (f j);
  wx3 ON wy2 wm2  (f j);


  wm2 ON wx1 wy1   (h i);
  wm3 ON wx2 wy2   (h i);


  RIx RIy RIm  with RIx RIy RIm ;

  wx1 wy1 wm1 with wx1 wy1 wm1;
  wx2 wy2 wm2 with wx2 wy2 wm2 (cov1 cov2 cov3);
  wx3 wy3 wm3 with wx3 wy3 wm3 (cov1 cov2 cov3);

  wx2 (vx); wy2 (vy); wm2 (vm);
  wx3 (vx); wy3 (vy); wm3 (vm);

  x1-m3 on Gender1 Age1 Education_mother1 Education_father1
  unemployed_mother1 unemployed_father1 ;

  x1 y1 m1 on Fin1;
  x2 y2 m2 on Fin2;
  x3 y3 m3 on Fin3;

  Gender1 -Fin3 with Gender1 -Fin3;

  [x1-x3] (mx);
  [m1-m3] (mm);
  [y1-y3] (my);

  model constraint:
  new (ind);
  ind = h*e;

  output: cinterval (boot) stdyx;



*** WARNING in VARIABLE command
  Note that only the first 8 characters of variable names are used in the output.
  Shorten variable names to avoid any confusion.
   1 WARNING(S) FOUND IN THE INPUT INSTRUCTIONS




SUMMARY OF ANALYSIS

Number of groups                                                 1
Number of observations                                         971

Number of dependent variables                                    9
Number of independent variables                                  9
Number of continuous latent variables                           12

Observed dependent variables

  Continuous
   X1          X2          X3          Y1          Y2          Y3
   M1          M2          M3

Observed independent variables
   GENDER1     AGE1        EDUCATIO    EDUCATIO    UNEMPLOY    UNEMPLOY
   FIN1        FIN2        FIN3

Continuous latent variables
   RIX         RIY         RIM         WX1         WX2         WX3
   WY1         WY2         WY3         WM1         WM2         WM3


Estimator                                                       ML
Information matrix                                        OBSERVED
Maximum number of iterations                                  1000
Convergence criterion                                    0.500D-04
Maximum number of steepest descent iterations                   20
Maximum number of iterations for H1                           2000
Convergence criterion for H1                             0.100D-03
Number of bootstrap draws
    Requested                                                10000
    Completed                                                10000

Input data file(s)
  mplus.dat

Input data format  FREE


SUMMARY OF DATA

     Number of missing data patterns            19


COVARIANCE COVERAGE OF DATA

Minimum covariance coverage value   0.100


     PROPORTION OF DATA PRESENT


           Covariance Coverage
              X1            X2            X3            Y1            Y2
              ________      ________      ________      ________      ________
 X1             1.000
 X2             1.000         1.000
 X3             1.000         1.000         1.000
 Y1             1.000         1.000         1.000         1.000
 Y2             1.000         1.000         1.000         1.000         1.000
 Y3             1.000         1.000         1.000         1.000         1.000
 M1             1.000         1.000         1.000         1.000         1.000
 M2             1.000         1.000         1.000         1.000         1.000
 M3             1.000         1.000         1.000         1.000         1.000
 GENDER1        0.998         0.998         0.998         0.998         0.998
 AGE1           0.999         0.999         0.999         0.999         0.999
 EDUCATIO       0.994         0.994         0.994         0.994         0.994
 EDUCATIO       0.991         0.991         0.991         0.991         0.991
 UNEMPLOY       0.992         0.992         0.992         0.992         0.992
 UNEMPLOY       0.974         0.974         0.974         0.974         0.974
 FIN1           0.994         0.994         0.994         0.994         0.994
 FIN2           0.991         0.991         0.991         0.991         0.991
 FIN3           0.991         0.991         0.991         0.991         0.991


           Covariance Coverage
              Y3            M1            M2            M3            GENDER1
              ________      ________      ________      ________      ________
 Y3             1.000
 M1             1.000         1.000
 M2             1.000         1.000         1.000
 M3             1.000         1.000         1.000         1.000
 GENDER1        0.998         0.998         0.998         0.998         0.998
 AGE1           0.999         0.999         0.999         0.999         0.997
 EDUCATIO       0.994         0.994         0.994         0.994         0.992
 EDUCATIO       0.991         0.991         0.991         0.991         0.989
 UNEMPLOY       0.992         0.992         0.992         0.992         0.990
 UNEMPLOY       0.974         0.974         0.974         0.974         0.972
 FIN1           0.994         0.994         0.994         0.994         0.992
 FIN2           0.991         0.991         0.991         0.991         0.990
 FIN3           0.991         0.991         0.991         0.991         0.989


           Covariance Coverage
              AGE1          EDUCATIO      EDUCATIO      UNEMPLOY      UNEMPLOY
              ________      ________      ________      ________      ________
 AGE1           0.999
 EDUCATIO       0.993         0.994
 EDUCATIO       0.990         0.987         0.991
 UNEMPLOY       0.991         0.989         0.984         0.992
 UNEMPLOY       0.973         0.969         0.970         0.968         0.974
 FIN1           0.993         0.989         0.986         0.988         0.969
 FIN2           0.990         0.985         0.981         0.982         0.965
 FIN3           0.990         0.985         0.981         0.982         0.965


           Covariance Coverage
              FIN1          FIN2          FIN3
              ________      ________      ________
 FIN1           0.994
 FIN2           0.986         0.991
 FIN3           0.986         0.984         0.991



UNIVARIATE SAMPLE STATISTICS


     UNIVARIATE HIGHER-ORDER MOMENT DESCRIPTIVE STATISTICS

         Variable/         Mean/     Skewness/   Minimum/ % with                Percentiles
        Sample Size      Variance    Kurtosis    Maximum  Min/Max      20%/60%    40%/80%    Median

     X1                   -0.018      -0.228      -3.919    0.21%      -0.786     -0.276     -0.021
             971.000       0.848       0.343       2.130    0.10%       0.218      0.773
     X2                   -0.015      -0.051      -3.511    0.10%      -0.773     -0.265     -0.076
             971.000       0.854      -0.055       2.293    0.10%       0.167      0.769
     X3                   -0.011      -0.059      -4.326    0.10%      -0.766     -0.327     -0.088
             971.000       0.871       0.122       2.343    0.10%       0.213      0.798
     Y1                    0.000      -0.852      -2.603    0.10%      -0.536     -0.025      0.104
             971.000       0.467       0.543       1.028    0.82%       0.246      0.602
     Y2                    0.000      -0.845      -2.692    0.10%      -0.615     -0.025      0.114
             971.000       0.536       0.375       1.046    1.03%       0.272      0.639
     Y3                    0.000      -0.937      -2.754    0.10%      -0.553     -0.036      0.085
             971.000       0.499       0.856       0.988    1.44%       0.256      0.610
     M1                   -0.034      -0.538      -1.942    0.10%      -0.486     -0.142      0.034
             971.000       0.243      -0.181       0.793    1.24%       0.182      0.446
     M2                   -0.029      -0.424      -1.864    0.10%      -0.518     -0.166      0.029
             971.000       0.294      -0.219       0.934    2.37%       0.184      0.487
     M3                   -0.033      -0.375      -2.113    0.10%      -0.528     -0.198      0.016
             971.000       0.356      -0.467       1.004    2.16%       0.216      0.541
     GENDER1               0.646      -0.611       0.000   35.40%       0.000      1.000      1.000
             969.000       0.229      -1.627       1.000   64.60%       1.000      1.000
     AGE1                 15.638      -0.547      15.000   36.29%      15.000     16.000     16.000
             970.000       0.233      -1.625      17.000    0.10%      16.000     16.000
     EDUCATION_MOTHE       3.907      -0.084       1.000    0.31%       3.000      3.000      4.000
             965.000       0.945      -1.378       5.000   39.17%       4.000      5.000
     EDUCATION_FATHE       3.754       0.093       1.000    0.62%       3.000      3.000      3.000
             962.000       0.984      -1.211       5.000   33.78%       4.000      5.000
     UNEMPLOYED_MOTH       0.154       1.921       0.000   84.63%       0.000      0.000      0.000
             963.000       0.130       1.688       1.000   15.37%       0.000      0.000
     UNEMPLOYED_FATH       0.070       3.378       0.000   93.02%       0.000      0.000      0.000
             946.000       0.065       9.408       1.000    6.98%       0.000      0.000
     FIN1                  3.754      -0.071       1.000    0.31%       3.000      3.000      4.000
             965.000       0.726      -0.634       5.000   21.55%       4.000      5.000
     FIN2                  3.777      -0.071       1.000    0.42%       3.000      4.000      4.000
             962.000       0.685      -0.517       5.000   21.21%       4.000      5.000
     FIN3                  3.756      -0.179       1.000    0.94%       3.000      3.000      4.000
             962.000       0.750      -0.296       5.000   21.93%       4.000      5.000


THE MODEL ESTIMATION TERMINATED NORMALLY



MODEL FIT INFORMATION

Number of Free Parameters                      147

Loglikelihood

          H0 Value                      -14590.303
          H1 Value                      -14536.216

Information Criteria

          Akaike (AIC)                   29474.607
          Bayesian (BIC)                 30191.721
          Sample-Size Adjusted BIC       29724.850
            (n* = (n + 2) / 24)

Chi-Square Test of Model Fit

          Value                            108.176
          Degrees of Freedom                    42
          P-Value                           0.0000

RMSEA (Root Mean Square Error Of Approximation)

          Estimate                           0.040
          90 Percent C.I.                    0.031  0.050
          Probability RMSEA <= .05           0.955

CFI/TLI

          CFI                                0.983
          TLI                                0.953

Chi-Square Test of Model Fit for the Baseline Model

          Value                           4009.747
          Degrees of Freedom                   117
          P-Value                           0.0000

SRMR (Standardized Root Mean Square Residual)

          Value                              0.038



MODEL RESULTS

                                                    Two-Tailed
                    Estimate       S.E.  Est./S.E.    P-Value

 RIX      BY
    X1                 1.000      0.000    999.000    999.000
    X2                 1.000      0.000    999.000    999.000
    X3                 1.000      0.000    999.000    999.000

 RIY      BY
    Y1                 1.000      0.000    999.000    999.000
    Y2                 1.000      0.000    999.000    999.000
    Y3                 1.000      0.000    999.000    999.000

 RIM      BY
    M1                 1.000      0.000    999.000    999.000
    M2                 1.000      0.000    999.000    999.000
    M3                 1.000      0.000    999.000    999.000

 WX1      BY
    X1                 1.000      0.000    999.000    999.000

 WX2      BY
    X2                 1.000      0.000    999.000    999.000

 WX3      BY
    X3                 1.000      0.000    999.000    999.000

 WY1      BY
    Y1                 1.000      0.000    999.000    999.000

 WY2      BY
    Y2                 1.000      0.000    999.000    999.000

 WY3      BY
    Y3                 1.000      0.000    999.000    999.000

 WM1      BY
    M1                 1.000      0.000    999.000    999.000

 WM2      BY
    M2                 1.000      0.000    999.000    999.000

 WM3      BY
    M3                 1.000      0.000    999.000    999.000

 WY2      ON
    WY1                0.001      0.084      0.017      0.986
    WX1                0.005      0.039      0.130      0.897
    WM1                0.002      0.055      0.037      0.970

 WY3      ON
    WY2                0.001      0.084      0.017      0.986
    WX2                0.005      0.039      0.130      0.897
    WM2                0.002      0.055      0.037      0.970

 WX2      ON
    WX1                0.108      0.068      1.593      0.111
    WY1                0.049      0.064      0.759      0.448
    WM1                0.175      0.077      2.279      0.023

 WX3      ON
    WX2                0.108      0.068      1.593      0.111
    WY2                0.049      0.064      0.759      0.448
    WM2                0.175      0.077      2.279      0.023

 WM2      ON
    WM1                0.192      0.060      3.216      0.001
    WX1                0.037      0.031      1.163      0.245
    WY1                0.053      0.043      1.213      0.225

 WM3      ON
    WM2                0.192      0.060      3.216      0.001
    WX2                0.037      0.031      1.163      0.245
    WY2                0.053      0.043      1.213      0.225

 X1       ON
    GENDER1            0.511      0.061      8.336      0.000
    AGE1               0.054      0.052      1.042      0.298
    EDUCATION_         0.022      0.034      0.649      0.517
    EDUCATION_         0.061      0.032      1.904      0.057
    UNEMPLOYED        -0.017      0.080     -0.209      0.834
    UNEMPLOYED         0.127      0.103      1.231      0.218
    FIN1               0.051      0.031      1.637      0.102

 X2       ON
    GENDER1            0.362      0.062      5.798      0.000
    AGE1               0.049      0.053      0.935      0.350
    EDUCATION_         0.033      0.036      0.916      0.359
    EDUCATION_         0.052      0.035      1.503      0.133
    UNEMPLOYED         0.055      0.081      0.676      0.499
    UNEMPLOYED         0.099      0.107      0.931      0.352
    FIN2               0.093      0.033      2.809      0.005

 X3       ON
    GENDER1            0.370      0.062      5.998      0.000
    AGE1               0.053      0.052      1.009      0.313
    EDUCATION_         0.056      0.036      1.556      0.120
    EDUCATION_         0.041      0.035      1.192      0.233
    UNEMPLOYED         0.073      0.082      0.889      0.374
    UNEMPLOYED         0.071      0.104      0.683      0.494
    FIN3               0.065      0.035      1.876      0.061

 Y1       ON
    GENDER1           -0.128      0.045     -2.831      0.005
    AGE1               0.042      0.039      1.061      0.289
    EDUCATION_         0.020      0.026      0.756      0.450
    EDUCATION_        -0.005      0.024     -0.199      0.842
    UNEMPLOYED         0.006      0.067      0.090      0.928
    UNEMPLOYED         0.071      0.095      0.751      0.453
    FIN1               0.143      0.023      6.220      0.000

 Y2       ON
    GENDER1           -0.116      0.049     -2.381      0.017
    AGE1               0.045      0.040      1.134      0.257
    EDUCATION_         0.006      0.028      0.202      0.840
    EDUCATION_        -0.003      0.028     -0.118      0.906
    UNEMPLOYED        -0.141      0.067     -2.107      0.035
    UNEMPLOYED         0.100      0.097      1.026      0.305
    FIN2               0.144      0.026      5.552      0.000

 Y3       ON
    GENDER1           -0.061      0.047     -1.297      0.195
    AGE1               0.027      0.039      0.689      0.491
    EDUCATION_         0.008      0.028      0.290      0.772
    EDUCATION_         0.014      0.025      0.552      0.581
    UNEMPLOYED        -0.022      0.062     -0.350      0.726
    UNEMPLOYED         0.157      0.089      1.769      0.077
    FIN3               0.185      0.024      7.721      0.000

 M1       ON
    GENDER1            0.153      0.033      4.607      0.000
    AGE1               0.031      0.028      1.110      0.267
    EDUCATION_        -0.028      0.019     -1.464      0.143
    EDUCATION_         0.017      0.018      0.930      0.352
    UNEMPLOYED        -0.048      0.045     -1.046      0.295
    UNEMPLOYED         0.064      0.062      1.029      0.303
    FIN1               0.095      0.017      5.579      0.000

 M2       ON
    GENDER1            0.076      0.036      2.100      0.036
    AGE1               0.030      0.028      1.086      0.277
    EDUCATION_        -0.004      0.020     -0.202      0.840
    EDUCATION_        -0.014      0.020     -0.677      0.499
    UNEMPLOYED        -0.044      0.051     -0.851      0.395
    UNEMPLOYED         0.008      0.070      0.111      0.912
    FIN2               0.119      0.019      6.184      0.000

 M3       ON
    GENDER1            0.181      0.040      4.494      0.000
    AGE1               0.021      0.028      0.760      0.447
    EDUCATION_         0.003      0.023      0.137      0.891
    EDUCATION_         0.015      0.022      0.649      0.516
    UNEMPLOYED        -0.084      0.054     -1.538      0.124
    UNEMPLOYED         0.126      0.078      1.619      0.105
    FIN3               0.102      0.021      4.848      0.000

 RIX      WITH
    RIY                0.049      0.018      2.648      0.008
    RIM                0.109      0.016      6.633      0.000

 RIY      WITH
    RIM                0.105      0.011      9.481      0.000

 WX1      WITH
    WY1                0.032      0.014      2.233      0.026
    WM1                0.060      0.015      4.013      0.000

 WY1      WITH
    WM1                0.029      0.010      3.032      0.002

 WX2      WITH
    WY2                0.043      0.015      2.942      0.003
    WM2                0.085      0.012      7.284      0.000

 WY2      WITH
    WM2                0.064      0.009      7.116      0.000

 WX3      WITH
    WY3                0.043      0.015      2.942      0.003
    WM3                0.085      0.012      7.284      0.000

 WY3      WITH
    WM3                0.064      0.009      7.116      0.000

 GENDER1  WITH
    AGE1              -0.001      0.007     -0.081      0.936
    EDUCATION_        -0.036      0.015     -2.397      0.017
    EDUCATION_        -0.022      0.015     -1.471      0.141
    UNEMPLOYED        -0.003      0.006     -0.472      0.637
    UNEMPLOYED        -0.002      0.004     -0.423      0.673
    FIN1               0.014      0.013      1.049      0.294
    FIN2              -0.001      0.013     -0.082      0.934
    FIN3               0.006      0.014      0.432      0.666

 AGE1     WITH
    EDUCATION_        -0.037      0.015     -2.443      0.015
    EDUCATION_        -0.018      0.015     -1.169      0.242
    UNEMPLOYED         0.012      0.005      2.223      0.026
    UNEMPLOYED         0.002      0.004      0.414      0.679
    FIN1              -0.005      0.013     -0.414      0.679
    FIN2              -0.010      0.013     -0.812      0.417
    FIN3              -0.012      0.014     -0.909      0.363

 EDUCATIO WITH
    EDUCATION_         0.452      0.030     14.908      0.000
    UNEMPLOYED        -0.088      0.012     -7.485      0.000
    UNEMPLOYED        -0.024      0.009     -2.749      0.006
    FIN1               0.118      0.027      4.350      0.000
    FIN2               0.132      0.026      5.115      0.000
    FIN3               0.135      0.027      4.965      0.000

 EDUCATIO WITH
    UNEMPLOYED        -0.056      0.011     -4.920      0.000
    UNEMPLOYED        -0.031      0.007     -4.100      0.000
    FIN1               0.145      0.028      5.248      0.000
    FIN2               0.173      0.026      6.610      0.000
    FIN3               0.184      0.027      6.796      0.000

 UNEMPLOY WITH
    UNEMPLOYED         0.013      0.004      3.272      0.001
    FIN1              -0.033      0.011     -3.038      0.002
    FIN2              -0.029      0.010     -2.921      0.003
    FIN3              -0.041      0.010     -3.882      0.000

 UNEMPLOY WITH
    FIN1              -0.026      0.008     -3.175      0.002
    FIN2              -0.020      0.007     -2.975      0.003
    FIN3              -0.020      0.008     -2.663      0.008

 FIN1     WITH
    FIN2               0.504      0.025     20.364      0.000
    FIN3               0.484      0.025     19.226      0.000

 FIN2     WITH
    FIN3               0.504      0.024     20.763      0.000

 Means
    GENDER1            0.646      0.015     42.414      0.000
    AGE1              15.638      0.016   1007.240      0.000
    EDUCATION_         3.906      0.031    124.282      0.000
    EDUCATION_         3.754      0.032    116.462      0.000
    UNEMPLOYED         0.154      0.012     13.350      0.000
    UNEMPLOYED         0.070      0.008      8.377      0.000
    FIN1               3.755      0.027    138.346      0.000
    FIN2               3.776      0.027    141.645      0.000
    FIN3               3.753      0.028    133.439      0.000

 Intercepts
    X1                -1.710      0.841     -2.032      0.042
    X2                -1.710      0.841     -2.032      0.042
    X3                -1.710      0.841     -2.032      0.042
    Y1                -1.170      0.632     -1.850      0.064
    Y2                -1.170      0.632     -1.850      0.064
    Y3                -1.170      0.632     -1.850      0.064
    M1                -0.928      0.449     -2.066      0.039
    M2                -0.928      0.449     -2.066      0.039
    M3                -0.928      0.449     -2.066      0.039

 Variances
    GENDER1            0.229      0.004     51.297      0.000
    AGE1               0.233      0.005     50.731      0.000
    EDUCATION_         0.946      0.024     38.651      0.000
    EDUCATION_         0.983      0.028     34.948      0.000
    UNEMPLOYED         0.130      0.008     16.317      0.000
    UNEMPLOYED         0.065      0.007      9.065      0.000
    FIN1               0.727      0.028     26.417      0.000
    FIN2               0.683      0.027     25.734      0.000
    FIN3               0.750      0.032     23.574      0.000
    RIX                0.416      0.036     11.642      0.000
    RIY                0.252      0.020     12.612      0.000
    RIM                0.106      0.012      9.060      0.000
    WX1                0.377      0.038      9.944      0.000
    WY1                0.188      0.017     10.749      0.000
    WM1                0.121      0.012     10.056      0.000

 Residual Variances
    X1                 0.000      0.000    999.000    999.000
    X2                 0.000      0.000    999.000    999.000
    X3                 0.000      0.000    999.000    999.000
    Y1                 0.000      0.000    999.000    999.000
    Y2                 0.000      0.000    999.000    999.000
    Y3                 0.000      0.000    999.000    999.000
    M1                 0.000      0.000    999.000    999.000
    M2                 0.000      0.000    999.000    999.000
    M3                 0.000      0.000    999.000    999.000
    WX2                0.384      0.027     14.386      0.000
    WX3                0.384      0.027     14.386      0.000
    WY2                0.214      0.019     11.549      0.000
    WY3                0.214      0.019     11.549      0.000
    WM2                0.185      0.009     21.082      0.000
    WM3                0.185      0.009     21.082      0.000

New/Additional Parameters
    IND                0.000      0.003      0.028      0.977


STANDARDIZED MODEL RESULTS


STDYX Standardization

                                                    Two-Tailed
                    Estimate       S.E.  Est./S.E.    P-Value

 RIX      BY
    X1                 0.695      0.028     24.525      0.000
    X2                 0.698      0.027     26.096      0.000
    X3                 0.697      0.028     25.307      0.000

 RIY      BY
    Y1                 0.741      0.022     34.339      0.000
    Y2                 0.719      0.024     29.643      0.000
    Y3                 0.714      0.025     29.031      0.000

 RIM      BY
    M1                 0.664      0.035     19.053      0.000
    M2                 0.586      0.029     20.063      0.000
    M3                 0.576      0.030     18.912      0.000

 WX1      BY
    X1                 0.662      0.028     24.069      0.000

 WX2      BY
    X2                 0.681      0.027     25.134      0.000

 WX3      BY
    X3                 0.684      0.028     24.815      0.000

 WY1      BY
    Y1                 0.640      0.024     27.148      0.000

 WY2      BY
    Y2                 0.663      0.026     25.568      0.000

 WY3      BY
    Y3                 0.657      0.026     25.470      0.000

 WM1      BY
    M1                 0.709      0.031     22.612      0.000

 WM2      BY
    M2                 0.788      0.022     36.351      0.000

 WM3      BY
    M3                 0.782      0.022     35.237      0.000

 WY2      ON
    WY1                0.001      0.078      0.017      0.986
    WX1                0.007      0.051      0.129      0.897
    WM1                0.002      0.041      0.037      0.971

 WY3      ON
    WY2                0.001      0.084      0.017      0.986
    WX2                0.007      0.052      0.130      0.897
    WM2                0.002      0.052      0.037      0.970

 WX2      ON
    WX1                0.105      0.066      1.590      0.112
    WY1                0.034      0.044      0.759      0.448
    WM1                0.096      0.043      2.236      0.025

 WX3      ON
    WX2                0.107      0.067      1.597      0.110
    WY2                0.036      0.047      0.759      0.448
    WM2                0.121      0.052      2.317      0.020

 WM2      ON
    WM1                0.153      0.050      3.079      0.002
    WX1                0.051      0.044      1.154      0.249
    WY1                0.052      0.043      1.218      0.223

 WM3      ON
    WM2                0.190      0.058      3.262      0.001
    WX2                0.052      0.045      1.143      0.253
    WY2                0.055      0.046      1.198      0.231

 X1       ON
    GENDER1            0.264      0.030      8.828      0.000
    AGE1               0.028      0.027      1.042      0.297
    EDUCATION_         0.023      0.035      0.651      0.515
    EDUCATION_         0.065      0.034      1.909      0.056
    UNEMPLOYED        -0.007      0.031     -0.210      0.834
    UNEMPLOYED         0.035      0.028      1.244      0.214
    FIN1               0.047      0.028      1.646      0.100

 X2       ON
    GENDER1            0.187      0.031      5.947      0.000
    AGE1               0.026      0.027      0.936      0.349
    EDUCATION_         0.035      0.038      0.917      0.359
    EDUCATION_         0.056      0.037      1.509      0.131
    UNEMPLOYED         0.021      0.032      0.678      0.498
    UNEMPLOYED         0.027      0.029      0.938      0.348
    FIN2               0.083      0.030      2.820      0.005

 X3       ON
    GENDER1            0.191      0.031      6.132      0.000
    AGE1               0.028      0.027      1.010      0.312
    EDUCATION_         0.059      0.038      1.557      0.119
    EDUCATION_         0.044      0.037      1.195      0.232
    UNEMPLOYED         0.028      0.032      0.891      0.373
    UNEMPLOYED         0.020      0.028      0.689      0.491
    FIN3               0.061      0.032      1.888      0.059

 Y1       ON
    GENDER1           -0.090      0.032     -2.821      0.005
    AGE1               0.030      0.028      1.064      0.288
    EDUCATION_         0.028      0.038      0.757      0.449
    EDUCATION_        -0.007      0.035     -0.199      0.842
    UNEMPLOYED         0.003      0.035      0.090      0.928
    UNEMPLOYED         0.027      0.035      0.756      0.450
    FIN1               0.180      0.029      6.123      0.000

 Y2       ON
    GENDER1           -0.080      0.033     -2.383      0.017
    AGE1               0.031      0.028      1.135      0.256
    EDUCATION_         0.008      0.039      0.203      0.839
    EDUCATION_        -0.005      0.040     -0.118      0.906
    UNEMPLOYED        -0.073      0.034     -2.117      0.034
    UNEMPLOYED         0.036      0.035      1.031      0.302
    FIN2               0.170      0.031      5.555      0.000

 Y3       ON
    GENDER1           -0.041      0.032     -1.296      0.195
    AGE1               0.019      0.027      0.689      0.491
    EDUCATION_         0.011      0.038      0.290      0.771
    EDUCATION_         0.020      0.036      0.554      0.580
    UNEMPLOYED        -0.011      0.032     -0.351      0.726
    UNEMPLOYED         0.057      0.032      1.780      0.075
    FIN3               0.228      0.029      7.813      0.000

 M1       ON
    GENDER1            0.149      0.032      4.634      0.000
    AGE1               0.031      0.027      1.112      0.266
    EDUCATION_        -0.056      0.038     -1.472      0.141
    EDUCATION_         0.034      0.037      0.933      0.351
    UNEMPLOYED        -0.035      0.033     -1.049      0.294
    UNEMPLOYED         0.033      0.032      1.037      0.300
    FIN1               0.166      0.030      5.551      0.000

 M2       ON
    GENDER1            0.065      0.031      2.097      0.036
    AGE1               0.026      0.024      1.084      0.278
    EDUCATION_        -0.007      0.036     -0.202      0.840
    EDUCATION_        -0.024      0.036     -0.677      0.498
    UNEMPLOYED        -0.028      0.033     -0.854      0.393
    UNEMPLOYED         0.004      0.032      0.112      0.911
    FIN2               0.177      0.029      6.173      0.000

 M3       ON
    GENDER1            0.153      0.034      4.531      0.000
    AGE1               0.018      0.024      0.759      0.448
    EDUCATION_         0.005      0.040      0.137      0.891
    EDUCATION_         0.025      0.039      0.650      0.516
    UNEMPLOYED        -0.053      0.034     -1.549      0.121
    UNEMPLOYED         0.057      0.035      1.628      0.103
    FIN3               0.156      0.032      4.927      0.000

 RIX      WITH
    RIY                0.150      0.056      2.694      0.007
    RIM                0.521      0.054      9.612      0.000

 RIY      WITH
    RIM                0.639      0.048     13.227      0.000

 WX1      WITH
    WY1                0.120      0.053      2.265      0.024
    WM1                0.283      0.057      4.986      0.000

 WY1      WITH
    WM1                0.193      0.058      3.338      0.001

 WX2      WITH
    WY2                0.151      0.050      3.011      0.003
    WM2                0.318      0.039      8.164      0.000

 WY2      WITH
    WM2                0.322      0.039      8.250      0.000

 WX3      WITH
    WY3                0.151      0.050      3.011      0.003
    WM3                0.318      0.039      8.164      0.000

 WY3      WITH
    WM3                0.322      0.039      8.250      0.000

 GENDER1  WITH
    AGE1              -0.003      0.032     -0.080      0.936
    EDUCATION_        -0.077      0.032     -2.393      0.017
    EDUCATION_        -0.046      0.032     -1.471      0.141
    UNEMPLOYED        -0.015      0.032     -0.472      0.637
    UNEMPLOYED        -0.014      0.033     -0.422      0.673
    FIN1               0.034      0.032      1.050      0.294
    FIN2              -0.003      0.033     -0.082      0.935
    FIN3               0.014      0.033      0.432      0.666

 AGE1     WITH
    EDUCATION_        -0.078      0.032     -2.440      0.015
    EDUCATION_        -0.038      0.032     -1.167      0.243
    UNEMPLOYED         0.069      0.031      2.237      0.025
    UNEMPLOYED         0.013      0.032      0.413      0.679
    FIN1              -0.013      0.032     -0.414      0.679
    FIN2              -0.026      0.032     -0.813      0.416
    FIN3              -0.029      0.032     -0.910      0.363

 EDUCATIO WITH
    EDUCATION_         0.469      0.028     16.530      0.000
    UNEMPLOYED        -0.250      0.030     -8.361      0.000
    UNEMPLOYED        -0.096      0.034     -2.848      0.004
    FIN1               0.142      0.032      4.429      0.000
    FIN2               0.164      0.031      5.209      0.000
    FIN3               0.161      0.032      5.023      0.000

 EDUCATIO WITH
    UNEMPLOYED        -0.158      0.031     -5.156      0.000
    UNEMPLOYED        -0.121      0.027     -4.479      0.000
    FIN1               0.172      0.032      5.297      0.000
    FIN2               0.211      0.031      6.832      0.000
    FIN3               0.214      0.031      7.003      0.000

 UNEMPLOY WITH
    UNEMPLOYED         0.146      0.042      3.481      0.000
    FIN1              -0.108      0.035     -3.100      0.002
    FIN2              -0.098      0.033     -2.959      0.003
    FIN3              -0.130      0.032     -3.995      0.000

 UNEMPLOY WITH
    FIN1              -0.122      0.036     -3.356      0.001
    FIN2              -0.093      0.030     -3.117      0.002
    FIN3              -0.091      0.033     -2.761      0.006

 FIN1     WITH
    FIN2               0.715      0.019     38.318      0.000
    FIN3               0.656      0.024     27.873      0.000

 FIN2     WITH
    FIN3               0.703      0.021     33.388      0.000

 Means
    GENDER1            1.351      0.045     29.923      0.000
    AGE1              32.399      0.350     92.493      0.000
    EDUCATION_         4.016      0.064     62.471      0.000
    EDUCATION_         3.786      0.060     63.245      0.000
    UNEMPLOYED         0.426      0.019     22.534      0.000
    UNEMPLOYED         0.274      0.018     15.509      0.000
    FIN1               4.403      0.091     48.132      0.000
    FIN2               4.568      0.096     47.393      0.000
    FIN3               4.334      0.102     42.337      0.000

 Intercepts
    X1                -1.843      0.902     -2.043      0.041
    X2                -1.851      0.908     -2.039      0.041
    X3                -1.847      0.906     -2.040      0.041
    Y1                -1.727      0.928     -1.861      0.063
    Y2                -1.676      0.905     -1.853      0.064
    Y3                -1.663      0.897     -1.853      0.064
    M1                -1.892      0.913     -2.073      0.038
    M2                -1.669      0.810     -2.061      0.039
    M3                -1.640      0.796     -2.062      0.039

 Variances
    GENDER1            1.000      0.000    999.000    999.000
    AGE1               1.000      0.000    999.000    999.000
    EDUCATION_         1.000      0.000    999.000    999.000
    EDUCATION_         1.000      0.000    999.000    999.000
    UNEMPLOYED         1.000      0.000    999.000    999.000
    UNEMPLOYED         1.000      0.000    999.000    999.000
    FIN1               1.000      0.000    999.000    999.000
    FIN2               1.000      0.000    999.000    999.000
    FIN3               1.000      0.000    999.000    999.000
    RIX                1.000      0.000    999.000    999.000
    RIY                1.000      0.000    999.000    999.000
    RIM                1.000      0.000    999.000    999.000
    WX1                1.000      0.000    999.000    999.000
    WY1                1.000      0.000    999.000    999.000
    WM1                1.000      0.000    999.000    999.000

 Residual Variances
    X1                 0.000      0.000      0.000      1.000
    X2                 0.000      0.000      0.000      1.000
    X3                 0.000      0.000      0.000      1.000
    Y1                 0.000      0.000      0.000      1.000
    Y2                 0.000      0.000      0.000      1.000
    Y3                 0.000      0.000      0.000      1.000
    M1                 0.000      0.000      0.000      1.000
    M2                 0.000      0.000      0.000      1.000
    M3                 0.000      0.000      0.000      1.000
    WX2                0.971      0.023     42.380      0.000
    WX3                0.960      0.028     34.124      0.000
    WY2                1.000      0.009    110.091      0.000
    WY3                1.000      0.010     95.701      0.000
    WM2                0.963      0.019     52.027      0.000
    WM3                0.944      0.026     35.623      0.000


R-SQUARE

    Observed                                        Two-Tailed
    Variable        Estimate       S.E.  Est./S.E.    P-Value

    X1                 1.000      0.000    999.000    999.000
    X2                 1.000      0.000    999.000    999.000
    X3                 1.000      0.000    999.000    999.000
    Y1                 1.000      0.000    999.000    999.000
    Y2                 1.000      0.000    999.000    999.000
    Y3                 1.000      0.000    999.000    999.000
    M1                 1.000      0.000    999.000    999.000
    M2                 1.000      0.000    999.000    999.000
    M3                 1.000      0.000    999.000    999.000

     Latent                                         Two-Tailed
    Variable        Estimate       S.E.  Est./S.E.    P-Value

    WX2                0.029      0.023      1.283      0.199
    WX3                0.040      0.028      1.424      0.154
    WY2                0.000      0.009      0.006      0.995
    WY3                0.000      0.010      0.006      0.995
    WM2                0.037      0.019      1.987      0.047
    WM3                0.056      0.026      2.121      0.034


CONFIDENCE INTERVALS OF MODEL RESULTS

                  Lower .5%  Lower 2.5%    Lower 5%    Estimate    Upper 5%  Upper 2.5%   Upper .5%

 RIX      BY
    X1               1.000       1.000       1.000       1.000       1.000       1.000       1.000
    X2               1.000       1.000       1.000       1.000       1.000       1.000       1.000
    X3               1.000       1.000       1.000       1.000       1.000       1.000       1.000

 RIY      BY
    Y1               1.000       1.000       1.000       1.000       1.000       1.000       1.000
    Y2               1.000       1.000       1.000       1.000       1.000       1.000       1.000
    Y3               1.000       1.000       1.000       1.000       1.000       1.000       1.000

 RIM      BY
    M1               1.000       1.000       1.000       1.000       1.000       1.000       1.000
    M2               1.000       1.000       1.000       1.000       1.000       1.000       1.000
    M3               1.000       1.000       1.000       1.000       1.000       1.000       1.000

 WX1      BY
    X1               1.000       1.000       1.000       1.000       1.000       1.000       1.000

 WX2      BY
    X2               1.000       1.000       1.000       1.000       1.000       1.000       1.000

 WX3      BY
    X3               1.000       1.000       1.000       1.000       1.000       1.000       1.000

 WY1      BY
    Y1               1.000       1.000       1.000       1.000       1.000       1.000       1.000

 WY2      BY
    Y2               1.000       1.000       1.000       1.000       1.000       1.000       1.000

 WY3      BY
    Y3               1.000       1.000       1.000       1.000       1.000       1.000       1.000

 WM1      BY
    M1               1.000       1.000       1.000       1.000       1.000       1.000       1.000

 WM2      BY
    M2               1.000       1.000       1.000       1.000       1.000       1.000       1.000

 WM3      BY
    M3               1.000       1.000       1.000       1.000       1.000       1.000       1.000

 WY2      ON
    WY1             -0.192      -0.154      -0.130       0.001       0.146       0.174       0.219
    WX1             -0.098      -0.075      -0.061       0.005       0.066       0.077       0.100
    WM1             -0.140      -0.108      -0.089       0.002       0.089       0.108       0.146

 WY3      ON
    WY2             -0.192      -0.154      -0.130       0.001       0.146       0.174       0.219
    WX2             -0.098      -0.075      -0.061       0.005       0.066       0.077       0.100
    WM2             -0.140      -0.108      -0.089       0.002       0.089       0.108       0.146

 WX2      ON
    WX1             -0.058      -0.019       0.000       0.108       0.226       0.245       0.289
    WY1             -0.122      -0.080      -0.061       0.049       0.152       0.173       0.209
    WM1             -0.017       0.024       0.047       0.175       0.302       0.326       0.369

 WX3      ON
    WX2             -0.058      -0.019       0.000       0.108       0.226       0.245       0.289
    WY2             -0.122      -0.080      -0.061       0.049       0.152       0.173       0.209
    WM2             -0.017       0.024       0.047       0.175       0.302       0.326       0.369

 WM2      ON
    WM1              0.034       0.070       0.093       0.192       0.290       0.309       0.345
    WX1             -0.042      -0.025      -0.015       0.037       0.088       0.099       0.120
    WY1             -0.060      -0.032      -0.018       0.053       0.123       0.138       0.165

 WM3      ON
    WM2              0.034       0.070       0.093       0.192       0.290       0.309       0.345
    WX2             -0.042      -0.025      -0.015       0.037       0.088       0.099       0.120
    WY2             -0.060      -0.032      -0.018       0.053       0.123       0.138       0.165

 X1       ON
    GENDER1          0.352       0.390       0.410       0.511       0.611       0.630       0.666
    AGE1            -0.076      -0.049      -0.033       0.054       0.141       0.157       0.190
    EDUCATION_      -0.062      -0.042      -0.033       0.022       0.077       0.089       0.109
    EDUCATION_      -0.021      -0.002       0.008       0.061       0.114       0.123       0.145
    UNEMPLOYED      -0.223      -0.172      -0.149      -0.017       0.117       0.146       0.194
    UNEMPLOYED      -0.132      -0.070      -0.040       0.127       0.300       0.336       0.405
    FIN1            -0.031      -0.011      -0.001       0.051       0.102       0.111       0.132

 X2       ON
    GENDER1          0.197       0.241       0.261       0.362       0.466       0.485       0.523
    AGE1            -0.085      -0.054      -0.038       0.049       0.136       0.154       0.185
    EDUCATION_      -0.062      -0.038      -0.026       0.033       0.093       0.105       0.126
    EDUCATION_      -0.038      -0.015      -0.004       0.052       0.108       0.120       0.143
    UNEMPLOYED      -0.152      -0.103      -0.076       0.055       0.194       0.218       0.269
    UNEMPLOYED      -0.165      -0.110      -0.074       0.099       0.278       0.314       0.381
    FIN2             0.009       0.028       0.038       0.093       0.147       0.157       0.180

 X3       ON
    GENDER1          0.211       0.250       0.269       0.370       0.472       0.490       0.528
    AGE1            -0.081      -0.051      -0.034       0.053       0.139       0.156       0.188
    EDUCATION_      -0.035      -0.014      -0.004       0.056       0.115       0.126       0.150
    EDUCATION_      -0.051      -0.027      -0.015       0.041       0.098       0.108       0.131
    UNEMPLOYED      -0.141      -0.087      -0.059       0.073       0.211       0.235       0.275
    UNEMPLOYED      -0.204      -0.130      -0.100       0.071       0.245       0.278       0.339
    FIN3            -0.023      -0.002       0.009       0.065       0.123       0.134       0.160

 Y1       ON
    GENDER1         -0.245      -0.216      -0.201      -0.128      -0.053      -0.040      -0.012
    AGE1            -0.062      -0.036      -0.023       0.042       0.105       0.118       0.143
    EDUCATION_      -0.048      -0.032      -0.023       0.020       0.063       0.072       0.088
    EDUCATION_      -0.068      -0.051      -0.044      -0.005       0.035       0.043       0.059
    UNEMPLOYED      -0.170      -0.125      -0.105       0.006       0.113       0.134       0.170
    UNEMPLOYED      -0.180      -0.119      -0.088       0.071       0.225       0.255       0.310
    FIN1             0.082       0.098       0.105       0.143       0.180       0.188       0.203

 Y2       ON
    GENDER1         -0.242      -0.212      -0.196      -0.116      -0.036      -0.020       0.009
    AGE1            -0.058      -0.033      -0.020       0.045       0.110       0.123       0.150
    EDUCATION_      -0.068      -0.050      -0.041       0.006       0.050       0.059       0.077
    EDUCATION_      -0.077      -0.058      -0.049      -0.003       0.044       0.052       0.070
    UNEMPLOYED      -0.318      -0.272      -0.249      -0.141      -0.030      -0.011       0.027
    UNEMPLOYED      -0.154      -0.094      -0.062       0.100       0.262       0.290       0.345
    FIN2             0.078       0.094       0.102       0.144       0.187       0.195       0.209

 Y3       ON
    GENDER1         -0.177      -0.152      -0.138      -0.061       0.016       0.030       0.058
    AGE1            -0.075      -0.050      -0.038       0.027       0.091       0.104       0.130
    EDUCATION_      -0.065      -0.048      -0.038       0.008       0.053       0.061       0.078
    EDUCATION_      -0.052      -0.036      -0.028       0.014       0.056       0.064       0.080
    UNEMPLOYED      -0.186      -0.145      -0.125      -0.022       0.080       0.099       0.133
    UNEMPLOYED      -0.077      -0.019       0.009       0.157       0.301       0.328       0.381
    FIN3             0.125       0.140       0.147       0.185       0.225       0.234       0.249

 M1       ON
    GENDER1          0.068       0.088       0.098       0.153       0.208       0.217       0.237
    AGE1            -0.041      -0.023      -0.015       0.031       0.077       0.087       0.105
    EDUCATION_      -0.078      -0.065      -0.060      -0.028       0.003       0.010       0.021
    EDUCATION_      -0.030      -0.019      -0.013       0.017       0.047       0.053       0.065
    UNEMPLOYED      -0.166      -0.138      -0.123      -0.048       0.026       0.042       0.072
    UNEMPLOYED      -0.101      -0.060      -0.040       0.064       0.164       0.182       0.224
    FIN1             0.050       0.061       0.067       0.095       0.123       0.129       0.139

 M2       ON
    GENDER1         -0.022       0.004       0.016       0.076       0.136       0.147       0.168
    AGE1            -0.039      -0.024      -0.015       0.030       0.077       0.085       0.102
    EDUCATION_      -0.056      -0.043      -0.037      -0.004       0.030       0.036       0.049
    EDUCATION_      -0.064      -0.053      -0.047      -0.014       0.019       0.026       0.036
    UNEMPLOYED      -0.177      -0.145      -0.128      -0.044       0.042       0.057       0.090
    UNEMPLOYED      -0.173      -0.131      -0.108       0.008       0.122       0.143       0.185
    FIN2             0.070       0.081       0.087       0.119       0.150       0.156       0.168

 M3       ON
    GENDER1          0.077       0.101       0.115       0.181       0.247       0.260       0.286
    AGE1            -0.049      -0.034      -0.024       0.021       0.068       0.077       0.093
    EDUCATION_      -0.058      -0.042      -0.036       0.003       0.041       0.048       0.063
    EDUCATION_      -0.041      -0.029      -0.022       0.015       0.051       0.058       0.073
    UNEMPLOYED      -0.228      -0.192      -0.173      -0.084       0.005       0.021       0.052
    UNEMPLOYED      -0.080      -0.028      -0.003       0.126       0.252       0.279       0.325
    FIN3             0.048       0.061       0.067       0.102       0.137       0.143       0.155

 RIX      WITH
    RIY              0.003       0.013       0.019       0.049       0.079       0.086       0.097
    RIM              0.064       0.075       0.081       0.109       0.135       0.140       0.148

 RIY      WITH
    RIM              0.075       0.082       0.086       0.105       0.122       0.126       0.133

 WX1      WITH
    WY1             -0.005       0.004       0.008       0.032       0.055       0.060       0.068
    WM1              0.027       0.034       0.038       0.060       0.087       0.092       0.105

 WY1      WITH
    WM1              0.004       0.010       0.013       0.029       0.045       0.048       0.055

 WX2      WITH
    WY2              0.004       0.013       0.018       0.043       0.067       0.071       0.080
    WM2              0.054       0.061       0.065       0.085       0.103       0.107       0.115

 WY2      WITH
    WM2              0.039       0.045       0.048       0.064       0.078       0.081       0.086

 WX3      WITH
    WY3              0.004       0.013       0.018       0.043       0.067       0.071       0.080
    WM3              0.054       0.061       0.065       0.085       0.103       0.107       0.115

 WY3      WITH
    WM3              0.039       0.045       0.048       0.064       0.078       0.081       0.086

 GENDER1  WITH
    AGE1            -0.019      -0.015      -0.013      -0.001       0.012       0.014       0.019
    EDUCATION_      -0.074      -0.065      -0.060      -0.036      -0.011      -0.006       0.003
    EDUCATION_      -0.060      -0.051      -0.046      -0.022       0.003       0.008       0.018
    UNEMPLOYED      -0.017      -0.014      -0.012      -0.003       0.006       0.008       0.012
    UNEMPLOYED      -0.013      -0.010      -0.008      -0.002       0.005       0.006       0.009
    FIN1            -0.020      -0.012      -0.008       0.014       0.035       0.039       0.047
    FIN2            -0.035      -0.027      -0.023      -0.001       0.020       0.024       0.031
    FIN3            -0.030      -0.021      -0.017       0.006       0.028       0.032       0.040

 AGE1     WITH
    EDUCATION_      -0.075      -0.067      -0.061      -0.037      -0.012      -0.007       0.002
    EDUCATION_      -0.056      -0.048      -0.044      -0.018       0.007       0.012       0.023
    UNEMPLOYED      -0.002       0.001       0.003       0.012       0.021       0.022       0.025
    UNEMPLOYED      -0.009      -0.006      -0.005       0.002       0.008       0.009       0.012
    FIN1            -0.039      -0.031      -0.027      -0.005       0.016       0.020       0.028
    FIN2            -0.044      -0.036      -0.031      -0.010       0.010       0.015       0.022
    FIN3            -0.047      -0.038      -0.035      -0.012       0.010       0.015       0.023

 EDUCATIO WITH
    EDUCATION_       0.373       0.393       0.403       0.452       0.501       0.511       0.530
    UNEMPLOYED      -0.119      -0.111      -0.107      -0.088      -0.068      -0.065      -0.058
    UNEMPLOYED      -0.046      -0.040      -0.038      -0.024      -0.010      -0.007      -0.001
    FIN1             0.048       0.064       0.073       0.118       0.162       0.171       0.189
    FIN2             0.066       0.081       0.089       0.132       0.174       0.181       0.197
    FIN3             0.065       0.082       0.091       0.135       0.180       0.188       0.205

 EDUCATIO WITH
    UNEMPLOYED      -0.086      -0.079      -0.075      -0.056      -0.037      -0.034      -0.027
    UNEMPLOYED      -0.050      -0.045      -0.043      -0.031      -0.018      -0.016      -0.013
    FIN1             0.074       0.091       0.100       0.145       0.190       0.201       0.217
    FIN2             0.108       0.122       0.130       0.173       0.216       0.224       0.242
    FIN3             0.113       0.130       0.139       0.184       0.229       0.237       0.253

 UNEMPLOY WITH
    UNEMPLOYED       0.004       0.006       0.007       0.013       0.020       0.022       0.024
    FIN1            -0.062      -0.055      -0.052      -0.033      -0.016      -0.012      -0.006
    FIN2            -0.055      -0.049      -0.046      -0.029      -0.013      -0.010      -0.004
    FIN3            -0.068      -0.061      -0.058      -0.041      -0.023      -0.020      -0.014

 UNEMPLOY WITH
    FIN1            -0.048      -0.043      -0.040      -0.026      -0.013      -0.010      -0.005
    FIN2            -0.037      -0.033      -0.031      -0.020      -0.009      -0.007      -0.003
    FIN3            -0.039      -0.035      -0.033      -0.020      -0.008      -0.006      -0.001

 FIN1     WITH
    FIN2             0.440       0.456       0.463       0.504       0.545       0.553       0.567
    FIN3             0.420       0.434       0.442       0.484       0.526       0.533       0.551

 FIN2     WITH
    FIN3             0.441       0.456       0.463       0.504       0.543       0.551       0.566

 Means
    GENDER1          0.607       0.616       0.621       0.646       0.671       0.676       0.685
    AGE1            15.598      15.608      15.612      15.638      15.664      15.669      15.679
    EDUCATION_       3.827       3.846       3.855       3.906       3.959       3.969       3.988
    EDUCATION_       3.670       3.691       3.701       3.754       3.806       3.817       3.838
    UNEMPLOYED       0.124       0.131       0.134       0.154       0.172       0.176       0.183
    UNEMPLOYED       0.049       0.054       0.056       0.070       0.084       0.087       0.092
    FIN1             3.683       3.702       3.711       3.755       3.800       3.808       3.826
    FIN2             3.707       3.724       3.733       3.776       3.820       3.828       3.844
    FIN3             3.681       3.698       3.706       3.753       3.799       3.808       3.823

 Intercepts
    X1              -3.887      -3.360      -3.101      -1.710      -0.318      -0.045       0.427
    X2              -3.887      -3.360      -3.101      -1.710      -0.318      -0.045       0.427
    X3              -3.887      -3.360      -3.101      -1.710      -0.318      -0.045       0.427
    Y1              -2.841      -2.400      -2.190      -1.170      -0.124       0.083       0.485
    Y2              -2.841      -2.400      -2.190      -1.170      -0.124       0.083       0.485
    Y3              -2.841      -2.400      -2.190      -1.170      -0.124       0.083       0.485
    M1              -2.078      -1.804      -1.671      -0.928      -0.194      -0.049       0.215
    M2              -2.078      -1.804      -1.671      -0.928      -0.194      -0.049       0.215
    M3              -2.078      -1.804      -1.671      -0.928      -0.194      -0.049       0.215

 Variances
    GENDER1          0.216       0.219       0.221       0.229       0.235       0.236       0.238
    AGE1             0.220       0.223       0.225       0.233       0.240       0.241       0.244
    EDUCATION_       0.886       0.900       0.907       0.946       0.987       0.996       1.013
    EDUCATION_       0.914       0.929       0.938       0.983       1.030       1.039       1.058
    UNEMPLOYED       0.109       0.114       0.117       0.130       0.143       0.145       0.150
    UNEMPLOYED       0.047       0.051       0.053       0.065       0.077       0.079       0.083
    FIN1             0.658       0.672       0.681       0.727       0.771       0.780       0.799
    FIN2             0.617       0.632       0.640       0.683       0.727       0.736       0.753
    FIN3             0.670       0.688       0.698       0.750       0.803       0.813       0.834
    RIX              0.308       0.338       0.350       0.416       0.466       0.478       0.501
    RIY              0.198       0.210       0.216       0.252       0.281       0.287       0.300
    RIM              0.073       0.081       0.085       0.106       0.124       0.127       0.134
    WX1              0.295       0.312       0.322       0.377       0.446       0.461       0.493
    WY1              0.146       0.156       0.160       0.188       0.217       0.223       0.236
    WM1              0.093       0.099       0.102       0.121       0.141       0.146       0.156

 Residual Variances
    X1               0.000       0.000       0.000       0.000       0.000       0.000       0.000
    X2               0.000       0.000       0.000       0.000       0.000       0.000       0.000
    X3               0.000       0.000       0.000       0.000       0.000       0.000       0.000
    Y1               0.000       0.000       0.000       0.000       0.000       0.000       0.000
    Y2               0.000       0.000       0.000       0.000       0.000       0.000       0.000
    Y3               0.000       0.000       0.000       0.000       0.000       0.000       0.000
    M1               0.000       0.000       0.000       0.000       0.000       0.000       0.000
    M2               0.000       0.000       0.000       0.000       0.000       0.000       0.000
    M3               0.000       0.000       0.000       0.000       0.000       0.000       0.000
    WX2              0.314       0.329       0.337       0.384       0.425       0.435       0.451
    WX3              0.314       0.329       0.337       0.384       0.425       0.435       0.451
    WY2              0.167       0.177       0.182       0.214       0.243       0.248       0.260
    WY3              0.167       0.177       0.182       0.214       0.243       0.248       0.260
    WM2              0.161       0.166       0.168       0.185       0.197       0.200       0.206
    WM3              0.161       0.166       0.168       0.185       0.197       0.200       0.206

New/Additional Parameters
    IND             -0.010      -0.006      -0.004       0.000       0.004       0.005       0.008


CONFIDENCE INTERVALS OF STANDARDIZED MODEL RESULTS


STDYX Standardization

                  Lower .5%  Lower 2.5%    Lower 5%    Estimate    Upper 5%  Upper 2.5%   Upper .5%

 RIX      BY
    X1               0.603       0.628       0.640       0.695       0.732       0.739       0.751
    X2               0.610       0.636       0.646       0.698       0.733       0.739       0.752
    X3               0.606       0.632       0.643       0.697       0.732       0.739       0.752

 RIY      BY
    Y1               0.676       0.691       0.699       0.741       0.770       0.776       0.787
    Y2               0.645       0.664       0.672       0.719       0.752       0.758       0.770
    Y3               0.639       0.658       0.666       0.714       0.747       0.754       0.766

 RIM      BY
    M1               0.554       0.584       0.598       0.664       0.712       0.721       0.738
    M2               0.494       0.519       0.531       0.586       0.626       0.633       0.647
    M3               0.478       0.506       0.518       0.576       0.617       0.626       0.640

 WX1      BY
    X1               0.598       0.612       0.620       0.662       0.710       0.720       0.741

 WX2      BY
    X2               0.616       0.631       0.639       0.681       0.727       0.737       0.758

 WX3      BY
    X3               0.618       0.633       0.640       0.684       0.731       0.740       0.761

 WY1      BY
    Y1               0.578       0.593       0.601       0.640       0.677       0.686       0.702

 WY2      BY
    Y2               0.597       0.613       0.621       0.663       0.705       0.713       0.731

 WY3      BY
    Y3               0.594       0.609       0.616       0.657       0.701       0.708       0.727

 WM1      BY
    M1               0.629       0.648       0.658       0.709       0.760       0.771       0.792

 WM2      BY
    M2               0.733       0.746       0.752       0.788       0.823       0.830       0.847

 WM3      BY
    M3               0.726       0.739       0.745       0.782       0.818       0.825       0.840

 WY2      ON
    WY1             -0.191      -0.153      -0.128       0.001       0.130       0.155       0.192
    WX1             -0.132      -0.101      -0.083       0.007       0.086       0.102       0.131
    WM1             -0.106      -0.081      -0.067       0.002       0.068       0.081       0.109

 WY3      ON
    WY2             -0.192      -0.154      -0.130       0.001       0.145       0.173       0.218
    WX2             -0.131      -0.101      -0.083       0.007       0.090       0.106       0.138
    WM2             -0.129      -0.101      -0.084       0.002       0.086       0.103       0.136

 WX2      ON
    WX1             -0.060      -0.018       0.000       0.105       0.220       0.240       0.283
    WY1             -0.082      -0.055      -0.042       0.034       0.104       0.119       0.144
    WM1             -0.009       0.013       0.025       0.096       0.169       0.185       0.210

 WX3      ON
    WX2             -0.058      -0.018       0.000       0.107       0.224       0.243       0.286
    WY2             -0.088      -0.058      -0.044       0.036       0.110       0.126       0.154
    WM2             -0.012       0.017       0.032       0.121       0.206       0.222       0.252

 WM2      ON
    WM1              0.026       0.055       0.072       0.153       0.236       0.252       0.284
    WX1             -0.059      -0.034      -0.021       0.051       0.124       0.140       0.176
    WY1             -0.059      -0.032      -0.018       0.052       0.120       0.135       0.164

 WM3      ON
    WM2              0.034       0.070       0.092       0.190       0.285       0.302       0.337
    WX2             -0.059      -0.034      -0.021       0.052       0.128       0.144       0.180
    WY2             -0.062      -0.033      -0.019       0.055       0.131       0.147       0.177

 X1       ON
    GENDER1          0.186       0.204       0.213       0.264       0.312       0.321       0.336
    AGE1            -0.039      -0.025      -0.017       0.028       0.073       0.082       0.099
    EDUCATION_      -0.066      -0.044      -0.035       0.023       0.080       0.092       0.113
    EDUCATION_      -0.023      -0.002       0.009       0.065       0.122       0.132       0.154
    UNEMPLOYED      -0.086      -0.068      -0.058      -0.007       0.046       0.056       0.075
    UNEMPLOYED      -0.036      -0.019      -0.011       0.035       0.081       0.092       0.111
    FIN1            -0.028      -0.010      -0.001       0.047       0.093       0.101       0.119

 X2       ON
    GENDER1          0.103       0.125       0.136       0.187       0.239       0.248       0.267
    AGE1            -0.045      -0.028      -0.020       0.026       0.071       0.080       0.096
    EDUCATION_      -0.064      -0.040      -0.028       0.035       0.099       0.110       0.133
    EDUCATION_      -0.041      -0.016      -0.005       0.056       0.116       0.127       0.152
    UNEMPLOYED      -0.060      -0.040      -0.030       0.021       0.075       0.085       0.103
    UNEMPLOYED      -0.045      -0.030      -0.020       0.027       0.076       0.086       0.103
    FIN2             0.008       0.025       0.034       0.083       0.131       0.141       0.161

 X3       ON
    GENDER1          0.110       0.129       0.140       0.191       0.242       0.252       0.268
    AGE1            -0.042      -0.026      -0.018       0.028       0.072       0.082       0.098
    EDUCATION_      -0.037      -0.015      -0.004       0.059       0.120       0.132       0.156
    EDUCATION_      -0.054      -0.029      -0.017       0.044       0.104       0.116       0.139
    UNEMPLOYED      -0.054      -0.034      -0.023       0.028       0.082       0.091       0.108
    UNEMPLOYED      -0.055      -0.035      -0.027       0.020       0.067       0.076       0.092
    FIN3            -0.021      -0.002       0.008       0.061       0.114       0.125       0.148

 Y1       ON
    GENDER1         -0.173      -0.153      -0.143      -0.090      -0.037      -0.028      -0.008
    AGE1            -0.044      -0.026      -0.017       0.030       0.075       0.083       0.101
    EDUCATION_      -0.069      -0.045      -0.033       0.028       0.090       0.103       0.127
    EDUCATION_      -0.098      -0.076      -0.064      -0.007       0.052       0.063       0.086
    UNEMPLOYED      -0.091      -0.066      -0.056       0.003       0.061       0.072       0.089
    UNEMPLOYED      -0.067      -0.044      -0.033       0.027       0.084       0.094       0.116
    FIN1             0.103       0.122       0.131       0.180       0.228       0.237       0.256

 Y2       ON
    GENDER1         -0.164      -0.145      -0.134      -0.080      -0.025      -0.014       0.006
    AGE1            -0.039      -0.023      -0.014       0.031       0.075       0.085       0.102
    EDUCATION_      -0.095      -0.070      -0.057       0.008       0.070       0.082       0.108
    EDUCATION_      -0.108      -0.082      -0.069      -0.005       0.062       0.075       0.101
    UNEMPLOYED      -0.163      -0.139      -0.129      -0.073      -0.016      -0.006       0.014
    UNEMPLOYED      -0.056      -0.034      -0.022       0.036       0.095       0.105       0.124
    FIN2             0.094       0.110       0.120       0.170       0.221       0.230       0.248

 Y3       ON
    GENDER1         -0.121      -0.103      -0.094      -0.041       0.011       0.020       0.038
    AGE1            -0.051      -0.034      -0.026       0.019       0.062       0.071       0.089
    EDUCATION_      -0.088      -0.066      -0.052       0.011       0.073       0.086       0.108
    EDUCATION_      -0.073      -0.051      -0.040       0.020       0.079       0.089       0.111
    UNEMPLOYED      -0.095      -0.074      -0.064      -0.011       0.041       0.050       0.068
    UNEMPLOYED      -0.028      -0.007       0.003       0.057       0.108       0.118       0.135
    FIN3             0.153       0.172       0.180       0.228       0.277       0.286       0.305

 M1       ON
    GENDER1          0.066       0.086       0.096       0.149       0.202       0.212       0.230
    AGE1            -0.040      -0.023      -0.015       0.031       0.076       0.085       0.103
    EDUCATION_      -0.153      -0.129      -0.117      -0.056       0.007       0.020       0.041
    EDUCATION_      -0.061      -0.038      -0.026       0.034       0.095       0.106       0.129
    UNEMPLOYED      -0.121      -0.101      -0.090      -0.035       0.019       0.031       0.053
    UNEMPLOYED      -0.052      -0.031      -0.020       0.033       0.084       0.095       0.115
    FIN1             0.087       0.106       0.116       0.166       0.215       0.223       0.243

 M2       ON
    GENDER1         -0.019       0.004       0.014       0.065       0.117       0.126       0.146
    AGE1            -0.035      -0.021      -0.013       0.026       0.067       0.074       0.089
    EDUCATION_      -0.098      -0.076      -0.065      -0.007       0.052       0.064       0.085
    EDUCATION_      -0.116      -0.095      -0.083      -0.024       0.035       0.046       0.064
    UNEMPLOYED      -0.113      -0.094      -0.083      -0.028       0.027       0.037       0.058
    UNEMPLOYED      -0.079      -0.058      -0.049       0.004       0.055       0.065       0.084
    FIN2             0.104       0.120       0.129       0.177       0.223       0.233       0.251

 M3       ON
    GENDER1          0.064       0.086       0.097       0.153       0.208       0.220       0.239
    AGE1            -0.042      -0.029      -0.021       0.018       0.058       0.066       0.080
    EDUCATION_      -0.099      -0.072      -0.061       0.005       0.071       0.082       0.107
    EDUCATION_      -0.071      -0.051      -0.038       0.025       0.090       0.103       0.128
    UNEMPLOYED      -0.141      -0.121      -0.110      -0.053       0.004       0.013       0.033
    UNEMPLOYED      -0.035      -0.013      -0.001       0.057       0.113       0.124       0.145
    FIN3             0.073       0.094       0.103       0.156       0.207       0.217       0.236

 RIX      WITH
    RIY              0.009       0.043       0.061       0.150       0.245       0.262       0.300
    RIM              0.367       0.409       0.429       0.521       0.606       0.623       0.654

 RIY      WITH
    RIM              0.527       0.552       0.566       0.639       0.727       0.745       0.781

 WX1      WITH
    WY1             -0.020       0.015       0.031       0.120       0.206       0.221       0.254
    WM1              0.141       0.172       0.190       0.283       0.377       0.394       0.427

 WY1      WITH
    WM1              0.031       0.072       0.093       0.193       0.283       0.300       0.330

 WX2      WITH
    WY2              0.014       0.049       0.065       0.151       0.230       0.246       0.274
    WM2              0.217       0.239       0.253       0.318       0.381       0.394       0.418

 WY2      WITH
    WM2              0.216       0.242       0.255       0.322       0.384       0.395       0.418

 WX3      WITH
    WY3              0.014       0.049       0.065       0.151       0.230       0.246       0.274
    WM3              0.217       0.239       0.253       0.318       0.381       0.394       0.418

 WY3      WITH
    WM3              0.216       0.242       0.255       0.322       0.384       0.395       0.418

 GENDER1  WITH
    AGE1            -0.085      -0.065      -0.056      -0.003       0.050       0.060       0.080
    EDUCATION_      -0.158      -0.140      -0.130      -0.077      -0.024      -0.014       0.007
    EDUCATION_      -0.126      -0.107      -0.097      -0.046       0.006       0.016       0.037
    UNEMPLOYED      -0.100      -0.079      -0.070      -0.015       0.037       0.048       0.067
    UNEMPLOYED      -0.102      -0.079      -0.068      -0.014       0.040       0.050       0.071
    FIN1            -0.048      -0.030      -0.020       0.034       0.085       0.096       0.115
    FIN2            -0.089      -0.068      -0.057      -0.003       0.051       0.061       0.079
    FIN3            -0.072      -0.051      -0.041       0.014       0.068       0.077       0.097

 AGE1     WITH
    EDUCATION_      -0.159      -0.142      -0.131      -0.078      -0.026      -0.016       0.003
    EDUCATION_      -0.118      -0.101      -0.091      -0.038       0.015       0.026       0.048
    UNEMPLOYED      -0.013       0.007       0.017       0.069       0.118       0.127       0.144
    UNEMPLOYED      -0.073      -0.051      -0.040       0.013       0.065       0.074       0.093
    FIN1            -0.096      -0.075      -0.066      -0.013       0.040       0.050       0.069
    FIN2            -0.109      -0.090      -0.079      -0.026       0.026       0.037       0.057
    FIN3            -0.112      -0.092      -0.083      -0.029       0.024       0.035       0.054

 EDUCATIO WITH
    EDUCATION_       0.394       0.413       0.422       0.469       0.515       0.523       0.539
    UNEMPLOYED      -0.326      -0.308      -0.298      -0.250      -0.200      -0.190      -0.172
    UNEMPLOYED      -0.180      -0.159      -0.150      -0.096      -0.040      -0.029      -0.006
    FIN1             0.059       0.078       0.088       0.142       0.195       0.204       0.224
    FIN2             0.082       0.102       0.112       0.164       0.215       0.225       0.242
    FIN3             0.079       0.098       0.108       0.161       0.213       0.223       0.241

 EDUCATIO WITH
    UNEMPLOYED      -0.235      -0.217      -0.207      -0.158      -0.107      -0.097      -0.076
    UNEMPLOYED      -0.188      -0.172      -0.164      -0.121      -0.076      -0.067      -0.050
    FIN1             0.088       0.108       0.118       0.172       0.225       0.236       0.257
    FIN2             0.133       0.150       0.159       0.211       0.261       0.271       0.290
    FIN3             0.133       0.153       0.164       0.214       0.264       0.274       0.292

 UNEMPLOY WITH
    UNEMPLOYED       0.040       0.065       0.078       0.146       0.215       0.229       0.257
    FIN1            -0.197      -0.177      -0.166      -0.108      -0.051      -0.039      -0.020
    FIN2            -0.184      -0.162      -0.153      -0.098      -0.044      -0.032      -0.014
    FIN3            -0.213      -0.193      -0.183      -0.130      -0.077      -0.065      -0.045

 UNEMPLOY WITH
    FIN1            -0.214      -0.192      -0.180      -0.122      -0.062      -0.049      -0.026
    FIN2            -0.169      -0.152      -0.142      -0.093      -0.044      -0.034      -0.016
    FIN3            -0.174      -0.155      -0.145      -0.091      -0.036      -0.026      -0.005

 FIN1     WITH
    FIN2             0.663       0.677       0.684       0.715       0.745       0.751       0.761
    FIN3             0.593       0.607       0.615       0.656       0.693       0.699       0.713

 FIN2     WITH
    FIN3             0.644       0.659       0.668       0.703       0.737       0.742       0.754

 Means
    GENDER1          1.243       1.268       1.279       1.351       1.427       1.443       1.476
    AGE1            31.618      31.785      31.878      32.399      33.018      33.146      33.447
    EDUCATION_       3.851       3.891       3.913       4.016       4.124       4.146       4.185
    EDUCATION_       3.632       3.672       3.690       3.786       3.887       3.905       3.944
    UNEMPLOYED       0.376       0.389       0.394       0.426       0.456       0.462       0.474
    UNEMPLOYED       0.228       0.239       0.244       0.274       0.302       0.308       0.318
    FIN1             4.182       4.237       4.265       4.403       4.563       4.596       4.653
    FIN2             4.335       4.386       4.415       4.568       4.733       4.768       4.824
    FIN3             4.084       4.142       4.174       4.334       4.508       4.547       4.621

 Intercepts
    X1              -4.199      -3.609      -3.321      -1.843      -0.345      -0.049       0.463
    X2              -4.167      -3.633      -3.356      -1.851      -0.341      -0.050       0.460
    X3              -4.159      -3.630      -3.355      -1.847      -0.340      -0.050       0.456
    Y1              -4.139      -3.530      -3.221      -1.727      -0.185       0.122       0.718
    Y2              -4.018      -3.449      -3.127      -1.676      -0.178       0.117       0.687
    Y3              -3.987      -3.421      -3.104      -1.663      -0.177       0.115       0.680
    M1              -4.236      -3.668      -3.397      -1.892      -0.394      -0.104       0.437
    M2              -3.744      -3.260      -3.003      -1.669      -0.349      -0.088       0.389
    M3              -3.699      -3.194      -2.951      -1.640      -0.344      -0.087       0.383

 Variances
    GENDER1          1.000       1.000       1.000       1.000       1.000       1.000       1.000
    AGE1             1.000       1.000       1.000       1.000       1.000       1.000       1.000
    EDUCATION_       1.000       1.000       1.000       1.000       1.000       1.000       1.000
    EDUCATION_       1.000       1.000       1.000       1.000       1.000       1.000       1.000
    UNEMPLOYED       1.000       1.000       1.000       1.000       1.000       1.000       1.000
    UNEMPLOYED       1.000       1.000       1.000       1.000       1.000       1.000       1.000
    FIN1             1.000       1.000       1.000       1.000       1.000       1.000       1.000
    FIN2             1.000       1.000       1.000       1.000       1.000       1.000       1.000
    FIN3             1.000       1.000       1.000       1.000       1.000       1.000       1.000
    RIX              1.000       1.000       1.000       1.000       1.000       1.000       1.000
    RIY              1.000       1.000       1.000       1.000       1.000       1.000       1.000
    RIM              1.000       1.000       1.000       1.000       1.000       1.000       1.000
    WX1              1.000       1.000       1.000       1.000       1.000       1.000       1.000
    WY1              1.000       1.000       1.000       1.000       1.000       1.000       1.000
    WM1              1.000       1.000       1.000       1.000       1.000       1.000       1.000

 Residual Variances
    X1               0.000       0.000       0.000       0.000       0.000       0.000       0.000
    X2               0.000       0.000       0.000       0.000       0.000       0.000       0.000
    X3               0.000       0.000       0.000       0.000       0.000       0.000       0.000
    Y1               0.000       0.000       0.000       0.000       0.000       0.000       0.000
    Y2               0.000       0.000       0.000       0.000       0.000       0.000       0.000
    Y3               0.000       0.000       0.000       0.000       0.000       0.000       0.000
    M1               0.000       0.000       0.000       0.000       0.000       0.000       0.000
    M2               0.000       0.000       0.000       0.000       0.000       0.000       0.000
    M3               0.000       0.000       0.000       0.000       0.000       0.000       0.000
    WX2              0.881       0.907       0.919       0.971       0.991       0.993       0.997
    WX3              0.854       0.884       0.898       0.960       0.987       0.991       0.996
    WY2              0.952       0.966       0.971       1.000       0.999       0.999       1.000
    WY3              0.945       0.960       0.967       1.000       0.999       0.999       1.000
    WM2              0.894       0.914       0.923       0.963       0.983       0.986       0.991
    WM3              0.852       0.875       0.888       0.944       0.975       0.979       0.988


     Beginning Time:  17:13:56
        Ending Time:  17:23:48
       Elapsed Time:  00:09:52



MUTHEN & MUTHEN
3463 Stoner Ave.
Los Angeles, CA  90066

Tel: (310) 391-9971
Fax: (310) 391-8971
Web: www.StatModel.com
Support: Support@StatModel.com

Copyright (c) 1998-2023 Muthen & Muthen
