Mplus VERSION 8.9
MUTHEN & MUTHEN
01/22/2025   5:23 PM

INPUT INSTRUCTIONS

  DATA:
    FILE IS "mplus.dat";
  VARIABLE:
    MISSING ARE ALL (-99);
    NAMES ARE id Gender1 Age1 Education_mother1 Education_father1
    unemployed_mother1 unemployed_father1 Fin1 Fin2 Fin3 Personal1
    Personal2 Personal3 Public1 Public2 Public3 Collective1
    Collective2 Collective3 Relational1 Relational2
    Relational3 Autonomy1 Autonomy2 Autonomy3 Relatedness1 Relatedness2
    Relatedness3 Competence1 Competence2 Competence3
    PA1 PA2 PA3 NA1 NA2 NA3 SWLS1 SWLS2 SWLS3;

  usevar =
  Gender1 Age1 Education_mother1 Education_father1
  unemployed_mother1 unemployed_father1 Fin1 Fin2 Fin3
  x1-x3 y1-y3 m1-m3 ;

  define:
  x1 = Relational1;
  x2 = Relational2;
  x3 = Relational3;

  m1 = Competence1;
  m2 = Competence2;
  m3 = Competence3;

  y1 = PA1;
  y2 = PA2;
  y3 = PA3;



  analysis:

  MODEL = NOCOV;
  bootstrap = 10000;


  MODEL:
  RIx BY x1@1 x2@1 x3@1;
  RIy BY y1@1 y2@1 y3@1;
  RIm BY m1@1 m2@1 m3@1;



  wx1 BY x1@1;
  wx2 BY x2@1;
  wx3 BY x3@1;



  wy1 BY y1@1;
  wy2 BY y2@1;
  wy3 BY y3@1;



  wm1 By m1@1;
  wm2 By m2@1;
  wm3 By m3@1;


  x1-m3@0;


  wy2 ON wy1 (a );
  wy3 ON wy2 (a );


  wx2 ON wx1 (b );
  wx3 ON wx2 (b );


  wm2 ON wm1  (c);
  wm3 ON wm2  (c);


  wy2 ON  wx1 wm1  (d e);
  wy3 ON  wx2 wm2  (d e);


  wx2 ON wy1 wm1  (f j);
  wx3 ON wy2 wm2  (f j);


  wm2 ON wx1 wy1   (h i);
  wm3 ON wx2 wy2   (h i);


  RIx RIy RIm  with RIx RIy RIm ;

  wx1 wy1 wm1 with wx1 wy1 wm1;
  wx2 wy2 wm2 with wx2 wy2 wm2 (cov1 cov2 cov3);
  wx3 wy3 wm3 with wx3 wy3 wm3 (cov1 cov2 cov3);

  wx2 (vx); wy2 (vy); wm2 (vm);
  wx3 (vx); wy3 (vy); wm3 (vm);

  x1-m3 on Gender1 Age1 Education_mother1 Education_father1
  unemployed_mother1 unemployed_father1 ;

  x1 y1 m1 on Fin1;
  x2 y2 m2 on Fin2;
  x3 y3 m3 on Fin3;

  Gender1 -Fin3 with Gender1 -Fin3;

  [x1-x3] (mx);
  [m1-m3] (mm);
  [y1-y3] (my);

  model constraint:
  new (ind);
  ind = h*e;

  output: cinterval (boot) stdyx;



*** WARNING in VARIABLE command
  Note that only the first 8 characters of variable names are used in the output.
  Shorten variable names to avoid any confusion.
   1 WARNING(S) FOUND IN THE INPUT INSTRUCTIONS




SUMMARY OF ANALYSIS

Number of groups                                                 1
Number of observations                                         971

Number of dependent variables                                    9
Number of independent variables                                  9
Number of continuous latent variables                           12

Observed dependent variables

  Continuous
   X1          X2          X3          Y1          Y2          Y3
   M1          M2          M3

Observed independent variables
   GENDER1     AGE1        EDUCATIO    EDUCATIO    UNEMPLOY    UNEMPLOY
   FIN1        FIN2        FIN3

Continuous latent variables
   RIX         RIY         RIM         WX1         WX2         WX3
   WY1         WY2         WY3         WM1         WM2         WM3


Estimator                                                       ML
Information matrix                                        OBSERVED
Maximum number of iterations                                  1000
Convergence criterion                                    0.500D-04
Maximum number of steepest descent iterations                   20
Maximum number of iterations for H1                           2000
Convergence criterion for H1                             0.100D-03
Number of bootstrap draws
    Requested                                                10000
    Completed                                                10000

Input data file(s)
  mplus.dat

Input data format  FREE


SUMMARY OF DATA

     Number of missing data patterns            19


COVARIANCE COVERAGE OF DATA

Minimum covariance coverage value   0.100


     PROPORTION OF DATA PRESENT


           Covariance Coverage
              X1            X2            X3            Y1            Y2
              ________      ________      ________      ________      ________
 X1             1.000
 X2             1.000         1.000
 X3             1.000         1.000         1.000
 Y1             1.000         1.000         1.000         1.000
 Y2             1.000         1.000         1.000         1.000         1.000
 Y3             1.000         1.000         1.000         1.000         1.000
 M1             1.000         1.000         1.000         1.000         1.000
 M2             1.000         1.000         1.000         1.000         1.000
 M3             1.000         1.000         1.000         1.000         1.000
 GENDER1        0.998         0.998         0.998         0.998         0.998
 AGE1           0.999         0.999         0.999         0.999         0.999
 EDUCATIO       0.994         0.994         0.994         0.994         0.994
 EDUCATIO       0.991         0.991         0.991         0.991         0.991
 UNEMPLOY       0.992         0.992         0.992         0.992         0.992
 UNEMPLOY       0.974         0.974         0.974         0.974         0.974
 FIN1           0.994         0.994         0.994         0.994         0.994
 FIN2           0.991         0.991         0.991         0.991         0.991
 FIN3           0.991         0.991         0.991         0.991         0.991


           Covariance Coverage
              Y3            M1            M2            M3            GENDER1
              ________      ________      ________      ________      ________
 Y3             1.000
 M1             1.000         1.000
 M2             1.000         1.000         1.000
 M3             1.000         1.000         1.000         1.000
 GENDER1        0.998         0.998         0.998         0.998         0.998
 AGE1           0.999         0.999         0.999         0.999         0.997
 EDUCATIO       0.994         0.994         0.994         0.994         0.992
 EDUCATIO       0.991         0.991         0.991         0.991         0.989
 UNEMPLOY       0.992         0.992         0.992         0.992         0.990
 UNEMPLOY       0.974         0.974         0.974         0.974         0.972
 FIN1           0.994         0.994         0.994         0.994         0.992
 FIN2           0.991         0.991         0.991         0.991         0.990
 FIN3           0.991         0.991         0.991         0.991         0.989


           Covariance Coverage
              AGE1          EDUCATIO      EDUCATIO      UNEMPLOY      UNEMPLOY
              ________      ________      ________      ________      ________
 AGE1           0.999
 EDUCATIO       0.993         0.994
 EDUCATIO       0.990         0.987         0.991
 UNEMPLOY       0.991         0.989         0.984         0.992
 UNEMPLOY       0.973         0.969         0.970         0.968         0.974
 FIN1           0.993         0.989         0.986         0.988         0.969
 FIN2           0.990         0.985         0.981         0.982         0.965
 FIN3           0.990         0.985         0.981         0.982         0.965


           Covariance Coverage
              FIN1          FIN2          FIN3
              ________      ________      ________
 FIN1           0.994
 FIN2           0.986         0.991
 FIN3           0.986         0.984         0.991



UNIVARIATE SAMPLE STATISTICS


     UNIVARIATE HIGHER-ORDER MOMENT DESCRIPTIVE STATISTICS

         Variable/         Mean/     Skewness/   Minimum/ % with                Percentiles
        Sample Size      Variance    Kurtosis    Maximum  Min/Max      20%/60%    40%/80%    Median

     X1                   -0.018      -0.228      -3.919    0.21%      -0.786     -0.276     -0.021
             971.000       0.848       0.343       2.130    0.10%       0.218      0.773
     X2                   -0.015      -0.051      -3.511    0.10%      -0.773     -0.265     -0.076
             971.000       0.854      -0.055       2.293    0.10%       0.167      0.769
     X3                   -0.011      -0.059      -4.326    0.10%      -0.766     -0.327     -0.088
             971.000       0.871       0.122       2.343    0.10%       0.213      0.798
     Y1                    0.000      -0.852      -2.603    0.10%      -0.536     -0.025      0.104
             971.000       0.467       0.543       1.028    0.82%       0.246      0.602
     Y2                    0.000      -0.845      -2.692    0.10%      -0.615     -0.025      0.114
             971.000       0.536       0.375       1.046    1.03%       0.272      0.639
     Y3                    0.000      -0.937      -2.754    0.10%      -0.553     -0.036      0.085
             971.000       0.499       0.856       0.988    1.44%       0.256      0.610
     M1                   -0.013      -0.207      -2.157    0.10%      -0.547     -0.152     -0.037
             971.000       0.426      -0.176       1.305    1.24%       0.156      0.562
     M2                   -0.012      -0.221      -2.427    0.10%      -0.568     -0.153     -0.024
             971.000       0.500       0.061       1.414    2.47%       0.149      0.590
     M3                   -0.011      -0.082      -2.110    0.10%      -0.624     -0.206     -0.045
             971.000       0.507      -0.375       1.425    2.16%       0.159      0.607
     GENDER1               0.646      -0.611       0.000   35.40%       0.000      1.000      1.000
             969.000       0.229      -1.627       1.000   64.60%       1.000      1.000
     AGE1                 15.638      -0.547      15.000   36.29%      15.000     16.000     16.000
             970.000       0.233      -1.625      17.000    0.10%      16.000     16.000
     EDUCATION_MOTHE       3.907      -0.084       1.000    0.31%       3.000      3.000      4.000
             965.000       0.945      -1.378       5.000   39.17%       4.000      5.000
     EDUCATION_FATHE       3.754       0.093       1.000    0.62%       3.000      3.000      3.000
             962.000       0.984      -1.211       5.000   33.78%       4.000      5.000
     UNEMPLOYED_MOTH       0.154       1.921       0.000   84.63%       0.000      0.000      0.000
             963.000       0.130       1.688       1.000   15.37%       0.000      0.000
     UNEMPLOYED_FATH       0.070       3.378       0.000   93.02%       0.000      0.000      0.000
             946.000       0.065       9.408       1.000    6.98%       0.000      0.000
     FIN1                  3.754      -0.071       1.000    0.31%       3.000      3.000      4.000
             965.000       0.726      -0.634       5.000   21.55%       4.000      5.000
     FIN2                  3.777      -0.071       1.000    0.42%       3.000      4.000      4.000
             962.000       0.685      -0.517       5.000   21.21%       4.000      5.000
     FIN3                  3.756      -0.179       1.000    0.94%       3.000      3.000      4.000
             962.000       0.750      -0.296       5.000   21.93%       4.000      5.000


THE MODEL ESTIMATION TERMINATED NORMALLY



MODEL FIT INFORMATION

Number of Free Parameters                      147

Loglikelihood

          H0 Value                      -15221.123
          H1 Value                      -15157.053

Information Criteria

          Akaike (AIC)                   30736.247
          Bayesian (BIC)                 31453.361
          Sample-Size Adjusted BIC       30986.489
            (n* = (n + 2) / 24)

Chi-Square Test of Model Fit

          Value                            128.141
          Degrees of Freedom                    42
          P-Value                           0.0000

RMSEA (Root Mean Square Error Of Approximation)

          Estimate                           0.046
          90 Percent C.I.                    0.037  0.055
          Probability RMSEA <= .05           0.756

CFI/TLI

          CFI                                0.979
          TLI                                0.941

Chi-Square Test of Model Fit for the Baseline Model

          Value                           4169.687
          Degrees of Freedom                   117
          P-Value                           0.0000

SRMR (Standardized Root Mean Square Residual)

          Value                              0.038



MODEL RESULTS

                                                    Two-Tailed
                    Estimate       S.E.  Est./S.E.    P-Value

 RIX      BY
    X1                 1.000      0.000    999.000    999.000
    X2                 1.000      0.000    999.000    999.000
    X3                 1.000      0.000    999.000    999.000

 RIY      BY
    Y1                 1.000      0.000    999.000    999.000
    Y2                 1.000      0.000    999.000    999.000
    Y3                 1.000      0.000    999.000    999.000

 RIM      BY
    M1                 1.000      0.000    999.000    999.000
    M2                 1.000      0.000    999.000    999.000
    M3                 1.000      0.000    999.000    999.000

 WX1      BY
    X1                 1.000      0.000    999.000    999.000

 WX2      BY
    X2                 1.000      0.000    999.000    999.000

 WX3      BY
    X3                 1.000      0.000    999.000    999.000

 WY1      BY
    Y1                 1.000      0.000    999.000    999.000

 WY2      BY
    Y2                 1.000      0.000    999.000    999.000

 WY3      BY
    Y3                 1.000      0.000    999.000    999.000

 WM1      BY
    M1                 1.000      0.000    999.000    999.000

 WM2      BY
    M2                 1.000      0.000    999.000    999.000

 WM3      BY
    M3                 1.000      0.000    999.000    999.000

 WY2      ON
    WY1               -0.018      0.083     -0.216      0.829
    WX1               -0.003      0.039     -0.090      0.928
    WM1                0.084      0.060      1.404      0.160

 WY3      ON
    WY2               -0.018      0.083     -0.216      0.829
    WX2               -0.003      0.039     -0.090      0.928
    WM2                0.084      0.060      1.404      0.160

 WX2      ON
    WX1                0.136      0.071      1.906      0.057
    WY1                0.047      0.066      0.709      0.478
    WM1                0.139      0.072      1.931      0.053

 WX3      ON
    WX2                0.136      0.071      1.906      0.057
    WY2                0.047      0.066      0.709      0.478
    WM2                0.139      0.072      1.931      0.053

 WM2      ON
    WM1                0.286      0.061      4.664      0.000
    WX1                0.029      0.032      0.886      0.376
    WY1                0.009      0.043      0.217      0.828

 WM3      ON
    WM2                0.286      0.061      4.664      0.000
    WX2                0.029      0.032      0.886      0.376
    WY2                0.009      0.043      0.217      0.828

 X1       ON
    GENDER1            0.511      0.061      8.339      0.000
    AGE1               0.056      0.052      1.071      0.284
    EDUCATION_         0.022      0.034      0.645      0.519
    EDUCATION_         0.061      0.032      1.884      0.060
    UNEMPLOYED        -0.017      0.080     -0.207      0.836
    UNEMPLOYED         0.124      0.103      1.201      0.230
    FIN1               0.055      0.031      1.761      0.078

 X2       ON
    GENDER1            0.363      0.062      5.818      0.000
    AGE1               0.050      0.052      0.959      0.338
    EDUCATION_         0.033      0.036      0.910      0.363
    EDUCATION_         0.051      0.035      1.471      0.141
    UNEMPLOYED         0.055      0.081      0.674      0.500
    UNEMPLOYED         0.100      0.106      0.938      0.348
    FIN2               0.099      0.034      2.913      0.004

 X3       ON
    GENDER1            0.371      0.062      6.017      0.000
    AGE1               0.054      0.052      1.037      0.300
    EDUCATION_         0.056      0.036      1.548      0.122
    EDUCATION_         0.040      0.035      1.166      0.244
    UNEMPLOYED         0.072      0.082      0.880      0.379
    UNEMPLOYED         0.070      0.104      0.677      0.498
    FIN3               0.070      0.035      2.007      0.045

 Y1       ON
    GENDER1           -0.128      0.045     -2.839      0.005
    AGE1               0.043      0.039      1.091      0.275
    EDUCATION_         0.020      0.026      0.757      0.449
    EDUCATION_        -0.005      0.024     -0.207      0.836
    UNEMPLOYED         0.007      0.067      0.104      0.917
    UNEMPLOYED         0.068      0.095      0.720      0.472
    FIN1               0.144      0.023      6.349      0.000

 Y2       ON
    GENDER1           -0.116      0.049     -2.367      0.018
    AGE1               0.046      0.040      1.163      0.245
    EDUCATION_         0.006      0.028      0.209      0.834
    EDUCATION_        -0.004      0.028     -0.135      0.893
    UNEMPLOYED        -0.141      0.067     -2.101      0.036
    UNEMPLOYED         0.099      0.097      1.019      0.308
    FIN2               0.145      0.026      5.668      0.000

 Y3       ON
    GENDER1           -0.060      0.047     -1.284      0.199
    AGE1               0.029      0.039      0.730      0.465
    EDUCATION_         0.008      0.028      0.291      0.771
    EDUCATION_         0.014      0.025      0.561      0.575
    UNEMPLOYED        -0.022      0.063     -0.354      0.723
    UNEMPLOYED         0.155      0.089      1.740      0.082
    FIN3               0.184      0.024      7.741      0.000

 M1       ON
    GENDER1           -0.157      0.042     -3.709      0.000
    AGE1               0.075      0.039      1.929      0.054
    EDUCATION_        -0.024      0.025     -0.930      0.352
    EDUCATION_         0.023      0.024      0.945      0.345
    UNEMPLOYED         0.018      0.061      0.302      0.763
    UNEMPLOYED         0.186      0.088      2.112      0.035
    FIN1               0.112      0.021      5.317      0.000

 M2       ON
    GENDER1           -0.155      0.046     -3.393      0.001
    AGE1               0.073      0.039      1.852      0.064
    EDUCATION_        -0.007      0.026     -0.247      0.805
    EDUCATION_         0.016      0.026      0.617      0.538
    UNEMPLOYED         0.013      0.067      0.201      0.841
    UNEMPLOYED        -0.001      0.093     -0.014      0.989
    FIN2               0.116      0.022      5.182      0.000

 M3       ON
    GENDER1           -0.108      0.048     -2.267      0.023
    AGE1               0.071      0.039      1.825      0.068
    EDUCATION_         0.003      0.027      0.094      0.925
    EDUCATION_         0.009      0.026      0.348      0.728
    UNEMPLOYED        -0.041      0.065     -0.631      0.528
    UNEMPLOYED         0.143      0.090      1.594      0.111
    FIN3               0.111      0.025      4.509      0.000

 RIX      WITH
    RIY                0.047      0.019      2.502      0.012
    RIM                0.047      0.020      2.294      0.022

 RIY      WITH
    RIM                0.134      0.015      8.643      0.000

 WX1      WITH
    WY1                0.035      0.015      2.379      0.017
    WM1                0.051      0.018      2.883      0.004

 WY1      WITH
    WM1                0.038      0.014      2.782      0.005

 WX2      WITH
    WY2                0.041      0.015      2.729      0.006
    WM2                0.059      0.013      4.664      0.000

 WY2      WITH
    WM2                0.068      0.009      7.235      0.000

 WX3      WITH
    WY3                0.041      0.015      2.729      0.006
    WM3                0.059      0.013      4.664      0.000

 WY3      WITH
    WM3                0.068      0.009      7.235      0.000

 GENDER1  WITH
    AGE1              -0.001      0.007     -0.080      0.936
    EDUCATION_        -0.036      0.015     -2.400      0.016
    EDUCATION_        -0.022      0.015     -1.484      0.138
    UNEMPLOYED        -0.003      0.006     -0.468      0.640
    UNEMPLOYED        -0.002      0.004     -0.420      0.674
    FIN1               0.014      0.013      1.049      0.294
    FIN2              -0.001      0.013     -0.084      0.933
    FIN3               0.006      0.014      0.422      0.673

 AGE1     WITH
    EDUCATION_        -0.037      0.015     -2.445      0.014
    EDUCATION_        -0.018      0.015     -1.182      0.237
    UNEMPLOYED         0.012      0.005      2.218      0.027
    UNEMPLOYED         0.002      0.004      0.439      0.660
    FIN1              -0.006      0.013     -0.424      0.672
    FIN2              -0.010      0.013     -0.795      0.427
    FIN3              -0.012      0.014     -0.907      0.364

 EDUCATIO WITH
    EDUCATION_         0.452      0.030     14.913      0.000
    UNEMPLOYED        -0.088      0.012     -7.481      0.000
    UNEMPLOYED        -0.024      0.009     -2.749      0.006
    FIN1               0.118      0.027      4.361      0.000
    FIN2               0.132      0.026      5.109      0.000
    FIN3               0.135      0.027      4.963      0.000

 EDUCATIO WITH
    UNEMPLOYED        -0.057      0.011     -4.928      0.000
    UNEMPLOYED        -0.031      0.007     -4.088      0.000
    FIN1               0.146      0.028      5.255      0.000
    FIN2               0.173      0.026      6.623      0.000
    FIN3               0.184      0.027      6.805      0.000

 UNEMPLOY WITH
    UNEMPLOYED         0.013      0.004      3.271      0.001
    FIN1              -0.033      0.011     -3.040      0.002
    FIN2              -0.029      0.010     -2.918      0.004
    FIN3              -0.040      0.010     -3.869      0.000

 UNEMPLOY WITH
    FIN1              -0.027      0.008     -3.194      0.001
    FIN2              -0.020      0.007     -2.984      0.003
    FIN3              -0.020      0.008     -2.672      0.008

 FIN1     WITH
    FIN2               0.504      0.025     20.346      0.000
    FIN3               0.484      0.025     19.213      0.000

 FIN2     WITH
    FIN3               0.503      0.024     20.758      0.000

 Means
    GENDER1            0.646      0.015     42.379      0.000
    AGE1              15.638      0.016   1007.223      0.000
    EDUCATION_         3.906      0.031    124.270      0.000
    EDUCATION_         3.754      0.032    116.472      0.000
    UNEMPLOYED         0.154      0.012     13.354      0.000
    UNEMPLOYED         0.070      0.008      8.375      0.000
    FIN1               3.755      0.027    138.374      0.000
    FIN2               3.776      0.027    141.566      0.000
    FIN3               3.753      0.028    133.412      0.000

 Intercepts
    X1                -1.744      0.840     -2.076      0.038
    X2                -1.744      0.840     -2.076      0.038
    X3                -1.744      0.840     -2.076      0.038
    Y1                -1.192      0.633     -1.884      0.060
    Y2                -1.192      0.633     -1.884      0.060
    Y3                -1.192      0.633     -1.884      0.060
    M1                -1.521      0.629     -2.420      0.016
    M2                -1.521      0.629     -2.420      0.016
    M3                -1.521      0.629     -2.420      0.016

 Variances
    GENDER1            0.229      0.004     51.287      0.000
    AGE1               0.233      0.005     50.733      0.000
    EDUCATION_         0.946      0.024     38.633      0.000
    EDUCATION_         0.983      0.028     34.930      0.000
    UNEMPLOYED         0.130      0.008     16.319      0.000
    UNEMPLOYED         0.065      0.007      9.064      0.000
    FIN1               0.727      0.028     26.407      0.000
    FIN2               0.683      0.027     25.734      0.000
    FIN3               0.750      0.032     23.570      0.000
    RIX                0.407      0.037     11.070      0.000
    RIY                0.252      0.020     12.550      0.000
    RIM                0.241      0.021     11.217      0.000
    WX1                0.381      0.039      9.872      0.000
    WY1                0.186      0.018     10.388      0.000
    WM1                0.157      0.020      7.721      0.000

 Residual Variances
    X1                 0.000      0.000    999.000    999.000
    X2                 0.000      0.000    999.000    999.000
    X3                 0.000      0.000    999.000    999.000
    Y1                 0.000      0.000    999.000    999.000
    Y2                 0.000      0.000    999.000    999.000
    Y3                 0.000      0.000    999.000    999.000
    M1                 0.000      0.000    999.000    999.000
    M2                 0.000      0.000    999.000    999.000
    M3                 0.000      0.000    999.000    999.000
    WX2                0.391      0.027     14.279      0.000
    WX3                0.391      0.027     14.279      0.000
    WY2                0.214      0.019     11.475      0.000
    WY3                0.214      0.019     11.475      0.000
    WM2                0.217      0.011     19.138      0.000
    WM3                0.217      0.011     19.138      0.000

New/Additional Parameters
    IND                0.002      0.004      0.684      0.494


STANDARDIZED MODEL RESULTS


STDYX Standardization

                                                    Two-Tailed
                    Estimate       S.E.  Est./S.E.    P-Value

 RIX      BY
    X1                 0.690      0.030     23.257      0.000
    X2                 0.691      0.028     24.315      0.000
    X3                 0.690      0.029     23.699      0.000

 RIY      BY
    Y1                 0.742      0.022     33.604      0.000
    Y2                 0.719      0.024     29.733      0.000
    Y3                 0.713      0.025     28.762      0.000

 RIM      BY
    M1                 0.762      0.031     24.819      0.000
    M2                 0.702      0.026     27.500      0.000
    M3                 0.699      0.027     26.203      0.000

 WX1      BY
    X1                 0.667      0.028     23.554      0.000

 WX2      BY
    X2                 0.688      0.028     24.352      0.000

 WX3      BY
    X3                 0.690      0.029     24.173      0.000

 WY1      BY
    Y1                 0.638      0.024     26.277      0.000

 WY2      BY
    Y2                 0.663      0.026     25.869      0.000

 WY3      BY
    Y3                 0.659      0.026     25.691      0.000

 WM1      BY
    M1                 0.614      0.037     16.563      0.000

 WM2      BY
    M2                 0.688      0.025     27.389      0.000

 WM3      BY
    M3                 0.694      0.026     26.525      0.000

 WY2      ON
    WY1               -0.017      0.077     -0.216      0.829
    WX1               -0.005      0.052     -0.090      0.928
    WM1                0.072      0.052      1.389      0.165

 WY3      ON
    WY2               -0.018      0.083     -0.217      0.829
    WX2               -0.005      0.053     -0.091      0.928
    WM2                0.087      0.063      1.392      0.164

 WX2      ON
    WX1                0.132      0.069      1.909      0.056
    WY1                0.032      0.045      0.710      0.478
    WM1                0.087      0.046      1.868      0.062

 WX3      ON
    WX2                0.136      0.071      1.911      0.056
    WY2                0.034      0.048      0.709      0.478
    WM2                0.105      0.054      1.930      0.054

 WM2      ON
    WM1                0.235      0.056      4.227      0.000
    WX1                0.037      0.042      0.881      0.379
    WY1                0.008      0.039      0.217      0.828

 WM3      ON
    WM2                0.282      0.059      4.764      0.000
    WX2                0.037      0.043      0.875      0.381
    WY2                0.009      0.041      0.217      0.828

 X1       ON
    GENDER1            0.264      0.030      8.835      0.000
    AGE1               0.029      0.027      1.071      0.284
    EDUCATION_         0.023      0.035      0.647      0.517
    EDUCATION_         0.065      0.034      1.888      0.059
    UNEMPLOYED        -0.006      0.031     -0.207      0.836
    UNEMPLOYED         0.034      0.028      1.213      0.225
    FIN1               0.051      0.029      1.771      0.076

 X2       ON
    GENDER1            0.188      0.031      5.969      0.000
    AGE1               0.026      0.027      0.959      0.337
    EDUCATION_         0.035      0.038      0.911      0.362
    EDUCATION_         0.055      0.037      1.477      0.140
    UNEMPLOYED         0.021      0.032      0.676      0.499
    UNEMPLOYED         0.028      0.029      0.945      0.345
    FIN2               0.088      0.030      2.928      0.003

 X3       ON
    GENDER1            0.192      0.031      6.153      0.000
    AGE1               0.028      0.027      1.037      0.300
    EDUCATION_         0.059      0.038      1.550      0.121
    EDUCATION_         0.043      0.037      1.169      0.243
    UNEMPLOYED         0.028      0.032      0.882      0.378
    UNEMPLOYED         0.019      0.028      0.683      0.495
    FIN3               0.065      0.032      2.023      0.043

 Y1       ON
    GENDER1           -0.091      0.032     -2.825      0.005
    AGE1               0.031      0.028      1.094      0.274
    EDUCATION_         0.029      0.038      0.758      0.448
    EDUCATION_        -0.007      0.035     -0.207      0.836
    UNEMPLOYED         0.004      0.035      0.104      0.917
    UNEMPLOYED         0.026      0.035      0.724      0.469
    FIN1               0.181      0.029      6.236      0.000

 Y2       ON
    GENDER1           -0.079      0.033     -2.370      0.018
    AGE1               0.032      0.027      1.165      0.244
    EDUCATION_         0.008      0.039      0.209      0.834
    EDUCATION_        -0.005      0.040     -0.135      0.893
    UNEMPLOYED        -0.073      0.034     -2.111      0.035
    UNEMPLOYED         0.036      0.035      1.024      0.306
    FIN2               0.172      0.030      5.666      0.000

 Y3       ON
    GENDER1           -0.041      0.032     -1.283      0.199
    AGE1               0.020      0.027      0.731      0.465
    EDUCATION_         0.011      0.038      0.291      0.771
    EDUCATION_         0.020      0.036      0.562      0.574
    UNEMPLOYED        -0.011      0.032     -0.355      0.723
    UNEMPLOYED         0.056      0.032      1.751      0.080
    FIN3               0.226      0.029      7.814      0.000

 M1       ON
    GENDER1           -0.117      0.031     -3.747      0.000
    AGE1               0.056      0.029      1.933      0.053
    EDUCATION_        -0.036      0.038     -0.932      0.352
    EDUCATION_         0.035      0.037      0.946      0.344
    UNEMPLOYED         0.010      0.034      0.302      0.763
    UNEMPLOYED         0.074      0.035      2.119      0.034
    FIN1               0.149      0.028      5.287      0.000

 M2       ON
    GENDER1           -0.106      0.031     -3.440      0.001
    AGE1               0.050      0.027      1.853      0.064
    EDUCATION_        -0.009      0.037     -0.247      0.805
    EDUCATION_         0.023      0.038      0.617      0.537
    UNEMPLOYED         0.007      0.034      0.202      0.840
    UNEMPLOYED         0.000      0.034     -0.014      0.989
    FIN2               0.137      0.026      5.189      0.000

 M3       ON
    GENDER1           -0.074      0.032     -2.282      0.023
    AGE1               0.049      0.027      1.825      0.068
    EDUCATION_         0.003      0.037      0.094      0.925
    EDUCATION_         0.013      0.037      0.349      0.727
    UNEMPLOYED        -0.021      0.033     -0.633      0.527
    UNEMPLOYED         0.052      0.032      1.599      0.110
    FIN3               0.137      0.030      4.593      0.000

 RIX      WITH
    RIY                0.146      0.057      2.557      0.011
    RIM                0.149      0.062      2.380      0.017

 RIY      WITH
    RIM                0.543      0.044     12.349      0.000

 WX1      WITH
    WY1                0.132      0.054      2.445      0.014
    WM1                0.208      0.064      3.263      0.001

 WY1      WITH
    WM1                0.221      0.069      3.213      0.001

 WX2      WITH
    WY2                0.142      0.051      2.787      0.005
    WM2                0.201      0.042      4.827      0.000

 WY2      WITH
    WM2                0.313      0.038      8.305      0.000

 WX3      WITH
    WY3                0.142      0.051      2.787      0.005
    WM3                0.201      0.042      4.827      0.000

 WY3      WITH
    WM3                0.313      0.038      8.305      0.000

 GENDER1  WITH
    AGE1              -0.003      0.032     -0.080      0.936
    EDUCATION_        -0.077      0.032     -2.396      0.017
    EDUCATION_        -0.047      0.032     -1.484      0.138
    UNEMPLOYED        -0.015      0.032     -0.467      0.640
    UNEMPLOYED        -0.014      0.033     -0.420      0.675
    FIN1               0.034      0.032      1.049      0.294
    FIN2              -0.003      0.033     -0.084      0.933
    FIN3               0.014      0.033      0.422      0.673

 AGE1     WITH
    EDUCATION_        -0.078      0.032     -2.442      0.015
    EDUCATION_        -0.038      0.032     -1.180      0.238
    UNEMPLOYED         0.068      0.031      2.232      0.026
    UNEMPLOYED         0.014      0.032      0.439      0.661
    FIN1              -0.014      0.032     -0.423      0.672
    FIN2              -0.026      0.032     -0.795      0.426
    FIN3              -0.029      0.032     -0.909      0.364

 EDUCATIO WITH
    EDUCATION_         0.469      0.028     16.533      0.000
    UNEMPLOYED        -0.250      0.030     -8.358      0.000
    UNEMPLOYED        -0.096      0.034     -2.848      0.004
    FIN1               0.142      0.032      4.442      0.000
    FIN2               0.164      0.031      5.203      0.000
    FIN3               0.161      0.032      5.021      0.000

 EDUCATIO WITH
    UNEMPLOYED        -0.158      0.031     -5.165      0.000
    UNEMPLOYED        -0.121      0.027     -4.463      0.000
    FIN1               0.172      0.032      5.304      0.000
    FIN2               0.211      0.031      6.845      0.000
    FIN3               0.214      0.031      7.012      0.000

 UNEMPLOY WITH
    UNEMPLOYED         0.146      0.042      3.480      0.001
    FIN1              -0.108      0.035     -3.102      0.002
    FIN2              -0.098      0.033     -2.956      0.003
    FIN3              -0.129      0.032     -3.980      0.000

 UNEMPLOY WITH
    FIN1              -0.123      0.036     -3.380      0.001
    FIN2              -0.093      0.030     -3.127      0.002
    FIN3              -0.091      0.033     -2.771      0.006

 FIN1     WITH
    FIN2               0.715      0.019     38.254      0.000
    FIN3               0.655      0.024     27.854      0.000

 FIN2     WITH
    FIN3               0.703      0.021     33.366      0.000

 Means
    GENDER1            1.350      0.045     29.903      0.000
    AGE1              32.399      0.350     92.495      0.000
    EDUCATION_         4.016      0.064     62.444      0.000
    EDUCATION_         3.786      0.060     63.222      0.000
    UNEMPLOYED         0.426      0.019     22.545      0.000
    UNEMPLOYED         0.274      0.018     15.500      0.000
    FIN1               4.405      0.092     48.109      0.000
    FIN2               4.568      0.096     47.387      0.000
    FIN3               4.334      0.102     42.324      0.000

 Intercepts
    X1                -1.886      0.903     -2.088      0.037
    X2                -1.888      0.906     -2.084      0.037
    X3                -1.885      0.904     -2.084      0.037
    Y1                -1.762      0.930     -1.895      0.058
    Y2                -1.706      0.904     -1.887      0.059
    Y3                -1.693      0.897     -1.888      0.059
    M1                -2.361      0.973     -2.426      0.015
    M2                -2.177      0.900     -2.419      0.016
    M3                -2.166      0.895     -2.420      0.016

 Variances
    GENDER1            1.000      0.000    999.000    999.000
    AGE1               1.000      0.000    999.000    999.000
    EDUCATION_         1.000      0.000    999.000    999.000
    EDUCATION_         1.000      0.000    999.000    999.000
    UNEMPLOYED         1.000      0.000    999.000    999.000
    UNEMPLOYED         1.000      0.000    999.000    999.000
    FIN1               1.000      0.000    999.000    999.000
    FIN2               1.000      0.000    999.000    999.000
    FIN3               1.000      0.000    999.000    999.000
    RIX                1.000      0.000    999.000    999.000
    RIY                1.000      0.000    999.000    999.000
    RIM                1.000      0.000    999.000    999.000
    WX1                1.000      0.000    999.000    999.000
    WY1                1.000      0.000    999.000    999.000
    WM1                1.000      0.000    999.000    999.000

 Residual Variances
    X1                 0.000      0.000      0.000      1.000
    X2                 0.000      0.000      0.000      1.000
    X3                 0.000      0.000      0.000      1.000
    Y1                 0.000      0.000      0.000      1.000
    Y2                 0.000      0.000      0.000      1.000
    Y3                 0.000      0.000      0.000      1.000
    M1                 0.000      0.000      0.000      1.000
    M2                 0.000      0.000      0.000      1.000
    M3                 0.000      0.000      0.000      1.000
    WX2                0.967      0.025     38.329      0.000
    WX3                0.959      0.029     32.934      0.000
    WY2                0.995      0.011     89.672      0.000
    WY3                0.993      0.014     69.341      0.000
    WM2                0.939      0.029     32.007      0.000
    WM3                0.913      0.036     25.359      0.000


R-SQUARE

    Observed                                        Two-Tailed
    Variable        Estimate       S.E.  Est./S.E.    P-Value

    X1                 1.000      0.000    999.000    999.000
    X2                 1.000      0.000    999.000    999.000
    X3                 1.000      0.000    999.000    999.000
    Y1                 1.000      0.000    999.000    999.000
    Y2                 1.000      0.000    999.000    999.000
    Y3                 1.000      0.000    999.000    999.000
    M1                 1.000      0.000    999.000    999.000
    M2                 1.000      0.000    999.000    999.000
    M3                 1.000      0.000    999.000    999.000

     Latent                                         Two-Tailed
    Variable        Estimate       S.E.  Est./S.E.    P-Value

    WX2                0.033      0.025      1.313      0.189
    WX3                0.041      0.029      1.396      0.163
    WY2                0.005      0.011      0.434      0.664
    WY3                0.007      0.014      0.474      0.635
    WM2                0.061      0.029      2.088      0.037
    WM3                0.087      0.036      2.424      0.015


CONFIDENCE INTERVALS OF MODEL RESULTS

                  Lower .5%  Lower 2.5%    Lower 5%    Estimate    Upper 5%  Upper 2.5%   Upper .5%

 RIX      BY
    X1               1.000       1.000       1.000       1.000       1.000       1.000       1.000
    X2               1.000       1.000       1.000       1.000       1.000       1.000       1.000
    X3               1.000       1.000       1.000       1.000       1.000       1.000       1.000

 RIY      BY
    Y1               1.000       1.000       1.000       1.000       1.000       1.000       1.000
    Y2               1.000       1.000       1.000       1.000       1.000       1.000       1.000
    Y3               1.000       1.000       1.000       1.000       1.000       1.000       1.000

 RIM      BY
    M1               1.000       1.000       1.000       1.000       1.000       1.000       1.000
    M2               1.000       1.000       1.000       1.000       1.000       1.000       1.000
    M3               1.000       1.000       1.000       1.000       1.000       1.000       1.000

 WX1      BY
    X1               1.000       1.000       1.000       1.000       1.000       1.000       1.000

 WX2      BY
    X2               1.000       1.000       1.000       1.000       1.000       1.000       1.000

 WX3      BY
    X3               1.000       1.000       1.000       1.000       1.000       1.000       1.000

 WY1      BY
    Y1               1.000       1.000       1.000       1.000       1.000       1.000       1.000

 WY2      BY
    Y2               1.000       1.000       1.000       1.000       1.000       1.000       1.000

 WY3      BY
    Y3               1.000       1.000       1.000       1.000       1.000       1.000       1.000

 WM1      BY
    M1               1.000       1.000       1.000       1.000       1.000       1.000       1.000

 WM2      BY
    M2               1.000       1.000       1.000       1.000       1.000       1.000       1.000

 WM3      BY
    M3               1.000       1.000       1.000       1.000       1.000       1.000       1.000

 WY2      ON
    WY1             -0.203      -0.168      -0.147      -0.018       0.127       0.155       0.208
    WX1             -0.107      -0.083      -0.070      -0.003       0.058       0.069       0.092
    WM1             -0.078      -0.039      -0.019       0.084       0.179       0.196       0.229

 WY3      ON
    WY2             -0.203      -0.168      -0.147      -0.018       0.127       0.155       0.208
    WX2             -0.107      -0.083      -0.070      -0.003       0.058       0.069       0.092
    WM2             -0.078      -0.039      -0.019       0.084       0.179       0.196       0.229

 WX2      ON
    WX1             -0.042       0.002       0.020       0.136       0.259       0.281       0.325
    WY1             -0.124      -0.086      -0.064       0.047       0.154       0.174       0.217
    WM1             -0.045      -0.005       0.019       0.139       0.258       0.279       0.322

 WX3      ON
    WX2             -0.042       0.002       0.020       0.136       0.259       0.281       0.325
    WY2             -0.124      -0.086      -0.064       0.047       0.154       0.174       0.217
    WM2             -0.045      -0.005       0.019       0.139       0.258       0.279       0.322

 WM2      ON
    WM1              0.129       0.167       0.187       0.286       0.388       0.409       0.449
    WX1             -0.053      -0.034      -0.024       0.029       0.082       0.093       0.116
    WY1             -0.102      -0.076      -0.062       0.009       0.079       0.092       0.122

 WM3      ON
    WM2              0.129       0.167       0.187       0.286       0.388       0.409       0.449
    WX2             -0.053      -0.034      -0.024       0.029       0.082       0.093       0.116
    WY2             -0.102      -0.076      -0.062       0.009       0.079       0.092       0.122

 X1       ON
    GENDER1          0.353       0.390       0.410       0.511       0.612       0.630       0.666
    AGE1            -0.075      -0.047      -0.031       0.056       0.142       0.159       0.190
    EDUCATION_      -0.062      -0.042      -0.033       0.022       0.077       0.089       0.109
    EDUCATION_      -0.022      -0.002       0.008       0.061       0.113       0.123       0.145
    UNEMPLOYED      -0.223      -0.172      -0.148      -0.017       0.117       0.146       0.194
    UNEMPLOYED      -0.137      -0.074      -0.044       0.124       0.296       0.333       0.402
    FIN1            -0.026      -0.007       0.003       0.055       0.107       0.116       0.137

 X2       ON
    GENDER1          0.198       0.243       0.262       0.363       0.467       0.485       0.524
    AGE1            -0.083      -0.052      -0.037       0.050       0.136       0.154       0.184
    EDUCATION_      -0.062      -0.038      -0.027       0.033       0.094       0.104       0.126
    EDUCATION_      -0.039      -0.016      -0.006       0.051       0.107       0.119       0.142
    UNEMPLOYED      -0.152      -0.103      -0.076       0.055       0.194       0.218       0.269
    UNEMPLOYED      -0.162      -0.109      -0.073       0.100       0.278       0.314       0.381
    FIN2             0.011       0.032       0.043       0.099       0.154       0.164       0.186

 X3       ON
    GENDER1          0.213       0.251       0.270       0.371       0.473       0.490       0.529
    AGE1            -0.079      -0.049      -0.033       0.054       0.140       0.157       0.188
    EDUCATION_      -0.035      -0.014      -0.004       0.056       0.114       0.126       0.149
    EDUCATION_      -0.051      -0.028      -0.017       0.040       0.097       0.108       0.130
    UNEMPLOYED      -0.142      -0.088      -0.060       0.072       0.211       0.235       0.274
    UNEMPLOYED      -0.202      -0.131      -0.100       0.070       0.244       0.277       0.336
    FIN3            -0.017       0.002       0.013       0.070       0.127       0.139       0.163

 Y1       ON
    GENDER1         -0.245      -0.216      -0.201      -0.128      -0.053      -0.040      -0.012
    AGE1            -0.061      -0.035      -0.022       0.043       0.106       0.119       0.143
    EDUCATION_      -0.048      -0.032      -0.023       0.020       0.063       0.072       0.088
    EDUCATION_      -0.068      -0.051      -0.044      -0.005       0.035       0.043       0.059
    UNEMPLOYED      -0.169      -0.125      -0.104       0.007       0.114       0.136       0.171
    UNEMPLOYED      -0.183      -0.122      -0.091       0.068       0.223       0.253       0.306
    FIN1             0.084       0.099       0.106       0.144       0.181       0.188       0.202

 Y2       ON
    GENDER1         -0.241      -0.211      -0.195      -0.116      -0.035      -0.020       0.009
    AGE1            -0.057      -0.032      -0.020       0.046       0.111       0.124       0.149
    EDUCATION_      -0.068      -0.050      -0.041       0.006       0.051       0.059       0.077
    EDUCATION_      -0.078      -0.059      -0.050      -0.004       0.043       0.052       0.070
    UNEMPLOYED      -0.316      -0.271      -0.249      -0.141      -0.030      -0.010       0.028
    UNEMPLOYED      -0.155      -0.096      -0.062       0.099       0.261       0.289       0.345
    FIN2             0.080       0.096       0.103       0.145       0.188       0.195       0.210

 Y3       ON
    GENDER1         -0.176      -0.152      -0.137      -0.060       0.016       0.030       0.058
    AGE1            -0.072      -0.048      -0.037       0.029       0.092       0.106       0.131
    EDUCATION_      -0.065      -0.048      -0.038       0.008       0.053       0.062       0.078
    EDUCATION_      -0.052      -0.036      -0.028       0.014       0.056       0.064       0.080
    UNEMPLOYED      -0.187      -0.145      -0.126      -0.022       0.080       0.098       0.133
    UNEMPLOYED      -0.079      -0.022       0.006       0.155       0.299       0.326       0.379
    FIN3             0.124       0.139       0.146       0.184       0.224       0.232       0.247

 M1       ON
    GENDER1         -0.272      -0.241      -0.227      -0.157      -0.088      -0.075      -0.051
    AGE1            -0.024      -0.002       0.011       0.075       0.140       0.153       0.176
    EDUCATION_      -0.088      -0.074      -0.065      -0.024       0.018       0.026       0.041
    EDUCATION_      -0.041      -0.025      -0.017       0.023       0.062       0.070       0.085
    UNEMPLOYED      -0.140      -0.102      -0.081       0.018       0.118       0.136       0.174
    UNEMPLOYED      -0.043       0.013       0.040       0.186       0.331       0.356       0.414
    FIN1             0.059       0.071       0.077       0.112       0.147       0.154       0.167

 M2       ON
    GENDER1         -0.274      -0.247      -0.233      -0.155      -0.082      -0.067      -0.038
    AGE1            -0.026      -0.005       0.008       0.073       0.137       0.149       0.173
    EDUCATION_      -0.074      -0.059      -0.049      -0.007       0.038       0.046       0.063
    EDUCATION_      -0.053      -0.036      -0.028       0.016       0.059       0.068       0.085
    UNEMPLOYED      -0.163      -0.116      -0.095       0.013       0.123       0.146       0.183
    UNEMPLOYED      -0.247      -0.187      -0.154      -0.001       0.154       0.185       0.239
    FIN2             0.059       0.073       0.080       0.116       0.153       0.160       0.173

 M3       ON
    GENDER1         -0.237      -0.204      -0.189      -0.108      -0.031      -0.016       0.010
    AGE1            -0.029      -0.006       0.007       0.071       0.135       0.148       0.172
    EDUCATION_      -0.065      -0.051      -0.042       0.003       0.046       0.055       0.069
    EDUCATION_      -0.060      -0.044      -0.034       0.009       0.053       0.062       0.078
    UNEMPLOYED      -0.206      -0.172      -0.150      -0.041       0.065       0.086       0.131
    UNEMPLOYED      -0.103      -0.035      -0.005       0.143       0.287       0.314       0.372
    FIN3             0.049       0.063       0.071       0.111       0.152       0.160       0.175

 RIX      WITH
    RIY             -0.002       0.010       0.016       0.047       0.077       0.083       0.095
    RIM             -0.011       0.004       0.011       0.047       0.078       0.084       0.094

 RIY      WITH
    RIM              0.092       0.103       0.107       0.134       0.158       0.163       0.172

 WX1      WITH
    WY1             -0.003       0.007       0.011       0.035       0.060       0.065       0.074
    WM1              0.010       0.019       0.024       0.051       0.082       0.089       0.103

 WY1      WITH
    WM1              0.005       0.013       0.016       0.038       0.061       0.066       0.077

 WX2      WITH
    WY2              0.000       0.011       0.016       0.041       0.065       0.070       0.078
    WM2              0.026       0.033       0.037       0.059       0.079       0.082       0.090

 WY2      WITH
    WM2              0.042       0.048       0.051       0.068       0.081       0.084       0.090

 WX3      WITH
    WY3              0.000       0.011       0.016       0.041       0.065       0.070       0.078
    WM3              0.026       0.033       0.037       0.059       0.079       0.082       0.090

 WY3      WITH
    WM3              0.042       0.048       0.051       0.068       0.081       0.084       0.090

 GENDER1  WITH
    AGE1            -0.019      -0.015      -0.013      -0.001       0.012       0.014       0.019
    EDUCATION_      -0.074      -0.065      -0.060      -0.036      -0.011      -0.006       0.003
    EDUCATION_      -0.060      -0.051      -0.046      -0.022       0.003       0.007       0.018
    UNEMPLOYED      -0.017      -0.014      -0.012      -0.003       0.006       0.008       0.012
    UNEMPLOYED      -0.012      -0.010      -0.008      -0.002       0.005       0.006       0.009
    FIN1            -0.019      -0.012      -0.008       0.014       0.035       0.039       0.047
    FIN2            -0.035      -0.027      -0.023      -0.001       0.020       0.024       0.031
    FIN3            -0.030      -0.021      -0.017       0.006       0.028       0.032       0.040

 AGE1     WITH
    EDUCATION_      -0.075      -0.067      -0.061      -0.037      -0.012      -0.008       0.002
    EDUCATION_      -0.057      -0.049      -0.044      -0.018       0.007       0.012       0.023
    UNEMPLOYED      -0.002       0.001       0.003       0.012       0.021       0.022       0.025
    UNEMPLOYED      -0.009      -0.006      -0.005       0.002       0.008       0.009       0.012
    FIN1            -0.040      -0.031      -0.027      -0.006       0.016       0.020       0.028
    FIN2            -0.044      -0.036      -0.031      -0.010       0.011       0.015       0.022
    FIN3            -0.047      -0.038      -0.034      -0.012       0.010       0.014       0.023

 EDUCATIO WITH
    EDUCATION_       0.372       0.393       0.403       0.452       0.501       0.511       0.530
    UNEMPLOYED      -0.120      -0.111      -0.107      -0.088      -0.068      -0.065      -0.058
    UNEMPLOYED      -0.046      -0.040      -0.038      -0.024      -0.010      -0.007      -0.001
    FIN1             0.049       0.065       0.073       0.118       0.163       0.171       0.190
    FIN2             0.065       0.081       0.089       0.132       0.174       0.181       0.196
    FIN3             0.065       0.082       0.091       0.135       0.180       0.189       0.205

 EDUCATIO WITH
    UNEMPLOYED      -0.086      -0.079      -0.075      -0.057      -0.038      -0.034      -0.027
    UNEMPLOYED      -0.050      -0.045      -0.043      -0.031      -0.018      -0.016      -0.012
    FIN1             0.075       0.091       0.100       0.146       0.190       0.201       0.217
    FIN2             0.108       0.122       0.130       0.173       0.216       0.225       0.242
    FIN3             0.113       0.130       0.140       0.184       0.229       0.237       0.253

 UNEMPLOY WITH
    UNEMPLOYED       0.004       0.006       0.007       0.013       0.020       0.022       0.024
    FIN1            -0.062      -0.055      -0.052      -0.033      -0.016      -0.012      -0.006
    FIN2            -0.055      -0.049      -0.046      -0.029      -0.013      -0.010      -0.004
    FIN3            -0.068      -0.061      -0.058      -0.040      -0.023      -0.020      -0.014

 UNEMPLOY WITH
    FIN1            -0.048      -0.043      -0.041      -0.027      -0.013      -0.010      -0.005
    FIN2            -0.037      -0.033      -0.031      -0.020      -0.009      -0.007      -0.003
    FIN3            -0.040      -0.035      -0.033      -0.020      -0.008      -0.006      -0.001

 FIN1     WITH
    FIN2             0.439       0.455       0.463       0.504       0.545       0.553       0.567
    FIN3             0.419       0.434       0.442       0.484       0.525       0.532       0.551

 FIN2     WITH
    FIN3             0.441       0.456       0.463       0.503       0.543       0.551       0.567

 Means
    GENDER1          0.606       0.616       0.620       0.646       0.670       0.675       0.685
    AGE1            15.598      15.608      15.612      15.638      15.663      15.669      15.679
    EDUCATION_       3.827       3.846       3.856       3.906       3.959       3.969       3.988
    EDUCATION_       3.671       3.691       3.701       3.754       3.806       3.817       3.838
    UNEMPLOYED       0.124       0.132       0.135       0.154       0.172       0.176       0.183
    UNEMPLOYED       0.049       0.054       0.056       0.070       0.084       0.087       0.091
    FIN1             3.683       3.702       3.711       3.755       3.800       3.808       3.826
    FIN2             3.707       3.724       3.733       3.776       3.820       3.828       3.843
    FIN3             3.681       3.698       3.706       3.753       3.799       3.808       3.823

 Intercepts
    X1              -3.905      -3.386      -3.135      -1.744      -0.349      -0.092       0.374
    X2              -3.905      -3.386      -3.135      -1.744      -0.349      -0.092       0.374
    X3              -3.905      -3.386      -3.135      -1.744      -0.349      -0.092       0.374
    Y1              -2.833      -2.422      -2.206      -1.192      -0.149       0.060       0.464
    Y2              -2.833      -2.422      -2.206      -1.192      -0.149       0.060       0.464
    Y3              -2.833      -2.422      -2.206      -1.192      -0.149       0.060       0.464
    M1              -3.138      -2.762      -2.569      -1.521      -0.490      -0.293       0.050
    M2              -3.138      -2.762      -2.569      -1.521      -0.490      -0.293       0.050
    M3              -3.138      -2.762      -2.569      -1.521      -0.490      -0.293       0.050

 Variances
    GENDER1          0.216       0.219       0.221       0.229       0.235       0.236       0.239
    AGE1             0.220       0.223       0.225       0.233       0.240       0.241       0.244
    EDUCATION_       0.885       0.900       0.906       0.946       0.987       0.996       1.013
    EDUCATION_       0.914       0.929       0.938       0.983       1.030       1.039       1.058
    UNEMPLOYED       0.109       0.114       0.117       0.130       0.143       0.145       0.150
    UNEMPLOYED       0.047       0.051       0.053       0.065       0.077       0.079       0.083
    FIN1             0.657       0.671       0.680       0.727       0.771       0.779       0.798
    FIN2             0.617       0.632       0.640       0.683       0.727       0.736       0.753
    FIN3             0.670       0.688       0.698       0.750       0.803       0.814       0.834
    RIX              0.298       0.326       0.338       0.407       0.458       0.471       0.493
    RIY              0.196       0.209       0.216       0.252       0.282       0.288       0.301
    RIM              0.177       0.193       0.201       0.241       0.271       0.278       0.289
    WX1              0.297       0.314       0.324       0.381       0.451       0.465       0.500
    WY1              0.143       0.153       0.158       0.186       0.216       0.223       0.237
    WM1              0.112       0.122       0.127       0.157       0.193       0.201       0.222

 Residual Variances
    X1               0.000       0.000       0.000       0.000       0.000       0.000       0.000
    X2               0.000       0.000       0.000       0.000       0.000       0.000       0.000
    X3               0.000       0.000       0.000       0.000       0.000       0.000       0.000
    Y1               0.000       0.000       0.000       0.000       0.000       0.000       0.000
    Y2               0.000       0.000       0.000       0.000       0.000       0.000       0.000
    Y3               0.000       0.000       0.000       0.000       0.000       0.000       0.000
    M1               0.000       0.000       0.000       0.000       0.000       0.000       0.000
    M2               0.000       0.000       0.000       0.000       0.000       0.000       0.000
    M3               0.000       0.000       0.000       0.000       0.000       0.000       0.000
    WX2              0.318       0.333       0.341       0.391       0.432       0.442       0.458
    WX3              0.318       0.333       0.341       0.391       0.432       0.442       0.458
    WY2              0.167       0.177       0.182       0.214       0.243       0.249       0.260
    WY3              0.167       0.177       0.182       0.214       0.243       0.249       0.260
    WM2              0.187       0.193       0.196       0.217       0.234       0.237       0.245
    WM3              0.187       0.193       0.196       0.217       0.234       0.237       0.245

New/Additional Parameters
    IND             -0.007      -0.004      -0.003       0.002       0.009       0.010       0.014


CONFIDENCE INTERVALS OF STANDARDIZED MODEL RESULTS


STDYX Standardization

                  Lower .5%  Lower 2.5%    Lower 5%    Estimate    Upper 5%  Upper 2.5%   Upper .5%

 RIX      BY
    X1               0.593       0.619       0.631       0.690       0.728       0.736       0.748
    X2               0.597       0.624       0.635       0.691       0.727       0.734       0.747
    X3               0.594       0.620       0.632       0.690       0.727       0.734       0.748

 RIY      BY
    Y1               0.673       0.691       0.699       0.742       0.771       0.777       0.789
    Y2               0.643       0.663       0.672       0.719       0.750       0.757       0.769
    Y3               0.636       0.656       0.665       0.713       0.746       0.753       0.765

 RIM      BY
    M1               0.659       0.688       0.702       0.762       0.802       0.807       0.821
    M2               0.614       0.640       0.652       0.702       0.734       0.740       0.752
    M3               0.607       0.634       0.645       0.699       0.732       0.739       0.750

 WX1      BY
    X1               0.602       0.616       0.623       0.667       0.717       0.727       0.749

 WX2      BY
    X2               0.621       0.636       0.644       0.688       0.737       0.746       0.766

 WX3      BY
    X3               0.622       0.638       0.646       0.690       0.739       0.749       0.769

 WY1      BY
    Y1               0.575       0.591       0.598       0.638       0.677       0.686       0.703

 WY2      BY
    Y2               0.600       0.615       0.622       0.663       0.706       0.714       0.731

 WY3      BY
    Y3               0.596       0.611       0.618       0.659       0.702       0.711       0.727

 WM1      BY
    M1               0.527       0.547       0.557       0.614       0.677       0.691       0.721

 WM2      BY
    M2               0.629       0.642       0.649       0.688       0.732       0.741       0.763

 WM3      BY
    M3               0.634       0.646       0.653       0.694       0.739       0.749       0.772

 WY2      ON
    WY1             -0.200      -0.165      -0.144      -0.017       0.113       0.136       0.178
    WX1             -0.144      -0.113      -0.095      -0.005       0.077       0.092       0.122
    WM1             -0.065      -0.034      -0.016       0.072       0.155       0.169       0.202

 WY3      ON
    WY2             -0.202      -0.168      -0.147      -0.018       0.127       0.154       0.207
    WX2             -0.143      -0.115      -0.095      -0.005       0.080       0.097       0.128
    WM2             -0.079      -0.040      -0.019       0.087       0.189       0.206       0.242

 WX2      ON
    WX1             -0.041       0.002       0.020       0.132       0.251       0.272       0.317
    WY1             -0.084      -0.059      -0.043       0.032       0.104       0.118       0.148
    WM1             -0.027      -0.003       0.011       0.087       0.165       0.179       0.211

 WX3      ON
    WX2             -0.042       0.002       0.020       0.136       0.258       0.279       0.322
    WY2             -0.091      -0.063      -0.046       0.034       0.112       0.126       0.159
    WM2             -0.033      -0.004       0.014       0.105       0.193       0.210       0.245

 WM2      ON
    WM1              0.102       0.133       0.149       0.235       0.331       0.351       0.395
    WX1             -0.069      -0.043      -0.031       0.037       0.106       0.121       0.151
    WY1             -0.091      -0.068      -0.055       0.008       0.071       0.083       0.110

 WM3      ON
    WM2              0.129       0.166       0.186       0.282       0.380       0.400       0.437
    WX2             -0.068      -0.044      -0.031       0.037       0.109       0.124       0.153
    WY2             -0.096      -0.072      -0.059       0.009       0.077       0.089       0.116

 X1       ON
    GENDER1          0.187       0.205       0.214       0.264       0.313       0.322       0.337
    AGE1            -0.039      -0.025      -0.016       0.029       0.074       0.083       0.100
    EDUCATION_      -0.066      -0.045      -0.035       0.023       0.080       0.092       0.113
    EDUCATION_      -0.023      -0.002       0.008       0.065       0.121       0.132       0.155
    UNEMPLOYED      -0.086      -0.068      -0.058      -0.006       0.046       0.056       0.076
    UNEMPLOYED      -0.037      -0.020      -0.012       0.034       0.080       0.090       0.110
    FIN1            -0.024      -0.007       0.003       0.051       0.098       0.106       0.124

 X2       ON
    GENDER1          0.103       0.126       0.136       0.188       0.239       0.249       0.268
    AGE1            -0.043      -0.027      -0.019       0.026       0.071       0.081       0.096
    EDUCATION_      -0.065      -0.040      -0.028       0.035       0.099       0.110       0.132
    EDUCATION_      -0.042      -0.018      -0.006       0.055       0.115       0.126       0.151
    UNEMPLOYED      -0.060      -0.040      -0.030       0.021       0.075       0.085       0.103
    UNEMPLOYED      -0.045      -0.030      -0.020       0.028       0.076       0.086       0.103
    FIN2             0.010       0.029       0.038       0.088       0.138       0.147       0.165

 X3       ON
    GENDER1          0.111       0.130       0.140       0.192       0.243       0.252       0.269
    AGE1            -0.041      -0.026      -0.017       0.028       0.073       0.082       0.099
    EDUCATION_      -0.037      -0.015      -0.004       0.059       0.120       0.132       0.157
    EDUCATION_      -0.055      -0.030      -0.018       0.043       0.103       0.115       0.138
    UNEMPLOYED      -0.054      -0.034      -0.024       0.028       0.082       0.091       0.108
    UNEMPLOYED      -0.055      -0.036      -0.028       0.019       0.066       0.076       0.093
    FIN3            -0.017       0.002       0.012       0.065       0.118       0.129       0.151

 Y1       ON
    GENDER1         -0.174      -0.153      -0.143      -0.091      -0.037      -0.028      -0.009
    AGE1            -0.044      -0.025      -0.016       0.031       0.076       0.085       0.102
    EDUCATION_      -0.070      -0.045      -0.033       0.029       0.090       0.103       0.127
    EDUCATION_      -0.099      -0.075      -0.064      -0.007       0.051       0.063       0.085
    UNEMPLOYED      -0.091      -0.066      -0.055       0.004       0.062       0.073       0.090
    UNEMPLOYED      -0.067      -0.046      -0.034       0.026       0.083       0.094       0.113
    FIN1             0.105       0.124       0.133       0.181       0.229       0.238       0.255

 Y2       ON
    GENDER1         -0.164      -0.145      -0.133      -0.079      -0.024      -0.013       0.006
    AGE1            -0.039      -0.022      -0.014       0.032       0.076       0.086       0.103
    EDUCATION_      -0.094      -0.069      -0.057       0.008       0.070       0.082       0.108
    EDUCATION_      -0.108      -0.084      -0.070      -0.005       0.061       0.074       0.100
    UNEMPLOYED      -0.162      -0.139      -0.128      -0.073      -0.015      -0.005       0.014
    UNEMPLOYED      -0.056      -0.034      -0.022       0.036       0.095       0.105       0.123
    FIN2             0.095       0.113       0.122       0.172       0.222       0.231       0.249

 Y3       ON
    GENDER1         -0.120      -0.103      -0.093      -0.041       0.011       0.020       0.038
    AGE1            -0.050      -0.033      -0.025       0.020       0.063       0.072       0.089
    EDUCATION_      -0.088      -0.066      -0.052       0.011       0.073       0.086       0.109
    EDUCATION_      -0.072      -0.051      -0.039       0.020       0.079       0.090       0.111
    UNEMPLOYED      -0.095      -0.074      -0.064      -0.011       0.041       0.050       0.067
    UNEMPLOYED      -0.029      -0.008       0.002       0.056       0.107       0.118       0.133
    FIN3             0.152       0.170       0.179       0.226       0.275       0.284       0.302

 M1       ON
    GENDER1         -0.201      -0.178      -0.168      -0.117      -0.066      -0.056      -0.038
    AGE1            -0.019      -0.001       0.008       0.056       0.105       0.113       0.132
    EDUCATION_      -0.132      -0.111      -0.098      -0.036       0.027       0.039       0.061
    EDUCATION_      -0.063      -0.038      -0.026       0.035       0.096       0.108       0.129
    UNEMPLOYED      -0.078      -0.057      -0.045       0.010       0.066       0.076       0.098
    UNEMPLOYED      -0.017       0.005       0.016       0.074       0.130       0.141       0.163
    FIN1             0.076       0.093       0.102       0.149       0.195       0.204       0.222

 M2       ON
    GENDER1         -0.186      -0.168      -0.158      -0.106      -0.056      -0.046      -0.026
    AGE1            -0.018      -0.004       0.006       0.050       0.095       0.103       0.120
    EDUCATION_      -0.102      -0.082      -0.069      -0.009       0.052       0.064       0.087
    EDUCATION_      -0.074      -0.051      -0.039       0.023       0.084       0.096       0.121
    UNEMPLOYED      -0.083      -0.060      -0.049       0.007       0.063       0.075       0.093
    UNEMPLOYED      -0.088      -0.067      -0.056       0.000       0.056       0.067       0.087
    FIN2             0.071       0.086       0.094       0.137       0.181       0.189       0.206

 M3       ON
    GENDER1         -0.159      -0.138      -0.128      -0.074      -0.021      -0.011       0.007
    AGE1            -0.020      -0.004       0.005       0.049       0.093       0.102       0.119
    EDUCATION_      -0.090      -0.070      -0.058       0.003       0.064       0.076       0.096
    EDUCATION_      -0.083      -0.062      -0.048       0.013       0.075       0.087       0.110
    UNEMPLOYED      -0.105      -0.087      -0.077      -0.021       0.033       0.044       0.067
    UNEMPLOYED      -0.036      -0.013      -0.002       0.052       0.104       0.113       0.134
    FIN3             0.059       0.078       0.088       0.137       0.186       0.195       0.213

 RIX      WITH
    RIY             -0.006       0.034       0.053       0.146       0.241       0.258       0.296
    RIM             -0.039       0.013       0.038       0.149       0.242       0.261       0.291

 RIY      WITH
    RIM              0.432       0.458       0.473       0.543       0.617       0.631       0.662

 WX1      WITH
    WY1             -0.010       0.026       0.042       0.132       0.221       0.237       0.269
    WM1              0.047       0.084       0.105       0.208       0.314       0.334       0.375

 WY1      WITH
    WM1              0.034       0.079       0.105       0.221       0.329       0.349       0.389

 WX2      WITH
    WY2              0.001       0.039       0.056       0.142       0.223       0.237       0.266
    WM2              0.091       0.118       0.131       0.201       0.269       0.281       0.305

 WY2      WITH
    WM2              0.208       0.236       0.248       0.313       0.372       0.383       0.404

 WX3      WITH
    WY3              0.001       0.039       0.056       0.142       0.223       0.237       0.266
    WM3              0.091       0.118       0.131       0.201       0.269       0.281       0.305

 WY3      WITH
    WM3              0.208       0.236       0.248       0.313       0.372       0.383       0.404

 GENDER1  WITH
    AGE1            -0.084      -0.065      -0.056      -0.003       0.050       0.060       0.080
    EDUCATION_      -0.158      -0.140      -0.130      -0.077      -0.024      -0.014       0.007
    EDUCATION_      -0.126      -0.107      -0.097      -0.047       0.006       0.016       0.037
    UNEMPLOYED      -0.100      -0.079      -0.069      -0.015       0.037       0.048       0.067
    UNEMPLOYED      -0.103      -0.079      -0.068      -0.014       0.040       0.050       0.071
    FIN1            -0.049      -0.030      -0.020       0.034       0.085       0.096       0.116
    FIN2            -0.089      -0.068      -0.057      -0.003       0.051       0.061       0.079
    FIN3            -0.072      -0.051      -0.041       0.014       0.068       0.077       0.097

 AGE1     WITH
    EDUCATION_      -0.159      -0.142      -0.131      -0.078      -0.026      -0.016       0.003
    EDUCATION_      -0.119      -0.102      -0.092      -0.038       0.015       0.025       0.047
    UNEMPLOYED      -0.013       0.007       0.017       0.068       0.118       0.127       0.144
    UNEMPLOYED      -0.072      -0.050      -0.039       0.014       0.066       0.075       0.094
    FIN1            -0.096      -0.076      -0.066      -0.014       0.039       0.050       0.069
    FIN2            -0.108      -0.090      -0.078      -0.026       0.027       0.038       0.057
    FIN3            -0.111      -0.092      -0.082      -0.029       0.024       0.035       0.054

 EDUCATIO WITH
    EDUCATION_       0.394       0.413       0.422       0.469       0.515       0.523       0.539
    UNEMPLOYED      -0.326      -0.308      -0.298      -0.250      -0.200      -0.190      -0.172
    UNEMPLOYED      -0.180      -0.159      -0.150      -0.096      -0.040      -0.029      -0.006
    FIN1             0.059       0.079       0.089       0.142       0.195       0.205       0.225
    FIN2             0.083       0.102       0.111       0.164       0.215       0.225       0.242
    FIN3             0.078       0.098       0.108       0.161       0.213       0.223       0.241

 EDUCATIO WITH
    UNEMPLOYED      -0.235      -0.217      -0.207      -0.158      -0.107      -0.098      -0.077
    UNEMPLOYED      -0.188      -0.172      -0.164      -0.121      -0.075      -0.066      -0.050
    FIN1             0.088       0.108       0.119       0.172       0.225       0.237       0.257
    FIN2             0.133       0.151       0.160       0.211       0.261       0.271       0.290
    FIN3             0.134       0.153       0.164       0.214       0.265       0.275       0.293

 UNEMPLOY WITH
    UNEMPLOYED       0.041       0.065       0.078       0.146       0.214       0.229       0.257
    FIN1            -0.197      -0.177      -0.166      -0.108      -0.051      -0.040      -0.020
    FIN2            -0.184      -0.161      -0.153      -0.098      -0.043      -0.032      -0.014
    FIN3            -0.213      -0.193      -0.182      -0.129      -0.076      -0.065      -0.044

 UNEMPLOY WITH
    FIN1            -0.214      -0.192      -0.181      -0.123      -0.062      -0.050      -0.026
    FIN2            -0.169      -0.152      -0.142      -0.093      -0.045      -0.034      -0.016
    FIN3            -0.174      -0.155      -0.145      -0.091      -0.037      -0.026      -0.006

 FIN1     WITH
    FIN2             0.663       0.677       0.684       0.715       0.745       0.750       0.761
    FIN3             0.593       0.607       0.615       0.655       0.693       0.699       0.713

 FIN2     WITH
    FIN3             0.643       0.659       0.668       0.703       0.737       0.741       0.754

 Means
    GENDER1          1.242       1.267       1.279       1.350       1.427       1.443       1.476
    AGE1            31.618      31.785      31.878      32.399      33.018      33.146      33.447
    EDUCATION_       3.851       3.891       3.913       4.016       4.124       4.146       4.185
    EDUCATION_       3.631       3.671       3.690       3.786       3.887       3.905       3.944
    UNEMPLOYED       0.376       0.389       0.394       0.426       0.456       0.462       0.474
    UNEMPLOYED       0.228       0.239       0.244       0.274       0.302       0.308       0.317
    FIN1             4.182       4.239       4.266       4.405       4.564       4.597       4.654
    FIN2             4.335       4.385       4.415       4.568       4.732       4.768       4.823
    FIN3             4.084       4.142       4.173       4.334       4.508       4.546       4.620

 Intercepts
    X1              -4.214      -3.650      -3.357      -1.886      -0.377      -0.100       0.403
    X2              -4.212      -3.665      -3.383      -1.888      -0.373      -0.100       0.406
    X3              -4.196      -3.651      -3.380      -1.885      -0.373      -0.099       0.405
    Y1              -4.148      -3.572      -3.258      -1.762      -0.220       0.088       0.669
    Y2              -4.033      -3.477      -3.147      -1.706      -0.213       0.084       0.675
    Y3              -3.987      -3.456      -3.117      -1.693      -0.212       0.082       0.670
    M1              -4.858      -4.260      -3.965      -2.361      -0.766      -0.454       0.078
    M2              -4.527      -3.932      -3.658      -2.177      -0.704      -0.415       0.072
    M3              -4.489      -3.917      -3.636      -2.166      -0.702      -0.414       0.072

 Variances
    GENDER1          1.000       1.000       1.000       1.000       1.000       1.000       1.000
    AGE1             1.000       1.000       1.000       1.000       1.000       1.000       1.000
    EDUCATION_       1.000       1.000       1.000       1.000       1.000       1.000       1.000
    EDUCATION_       1.000       1.000       1.000       1.000       1.000       1.000       1.000
    UNEMPLOYED       1.000       1.000       1.000       1.000       1.000       1.000       1.000
    UNEMPLOYED       1.000       1.000       1.000       1.000       1.000       1.000       1.000
    FIN1             1.000       1.000       1.000       1.000       1.000       1.000       1.000
    FIN2             1.000       1.000       1.000       1.000       1.000       1.000       1.000
    FIN3             1.000       1.000       1.000       1.000       1.000       1.000       1.000
    RIX              1.000       1.000       1.000       1.000       1.000       1.000       1.000
    RIY              1.000       1.000       1.000       1.000       1.000       1.000       1.000
    RIM              1.000       1.000       1.000       1.000       1.000       1.000       1.000
    WX1              1.000       1.000       1.000       1.000       1.000       1.000       1.000
    WY1              1.000       1.000       1.000       1.000       1.000       1.000       1.000
    WM1              1.000       1.000       1.000       1.000       1.000       1.000       1.000

 Residual Variances
    X1               0.000       0.000       0.000       0.000       0.000       0.000       0.000
    X2               0.000       0.000       0.000       0.000       0.000       0.000       0.000
    X3               0.000       0.000       0.000       0.000       0.000       0.000       0.000
    Y1               0.000       0.000       0.000       0.000       0.000       0.000       0.000
    Y2               0.000       0.000       0.000       0.000       0.000       0.000       0.000
    Y3               0.000       0.000       0.000       0.000       0.000       0.000       0.000
    M1               0.000       0.000       0.000       0.000       0.000       0.000       0.000
    M2               0.000       0.000       0.000       0.000       0.000       0.000       0.000
    M3               0.000       0.000       0.000       0.000       0.000       0.000       0.000
    WX2              0.867       0.897       0.910       0.967       0.990       0.992       0.997
    WX3              0.849       0.879       0.894       0.959       0.987       0.991       0.996
    WY2              0.942       0.957       0.963       0.995       0.998       0.998       1.000
    WY3              0.924       0.945       0.954       0.993       0.997       0.998       1.000
    WM2              0.826       0.863       0.878       0.939       0.971       0.976       0.983
    WM3              0.787       0.824       0.840       0.913       0.957       0.964       0.976


     Beginning Time:  17:23:50
        Ending Time:  17:33:40
       Elapsed Time:  00:09:50



MUTHEN & MUTHEN
3463 Stoner Ave.
Los Angeles, CA  90066

Tel: (310) 391-9971
Fax: (310) 391-8971
Web: www.StatModel.com
Support: Support@StatModel.com

Copyright (c) 1998-2023 Muthen & Muthen
