Mplus VERSION 8.9
MUTHEN & MUTHEN
01/22/2025   5:33 PM

INPUT INSTRUCTIONS

  DATA:
    FILE IS "mplus.dat";
  VARIABLE:
    MISSING ARE ALL (-99);
    NAMES ARE id Gender1 Age1 Education_mother1 Education_father1
    unemployed_mother1 unemployed_father1 Fin1 Fin2 Fin3 Personal1
    Personal2 Personal3 Public1 Public2 Public3 Collective1
    Collective2 Collective3 Relational1 Relational2
    Relational3 Autonomy1 Autonomy2 Autonomy3 Relatedness1 Relatedness2
    Relatedness3 Competence1 Competence2 Competence3
    PA1 PA2 PA3 NA1 NA2 NA3 SWLS1 SWLS2 SWLS3;

  usevar =
  Gender1 Age1 Education_mother1 Education_father1
  unemployed_mother1 unemployed_father1 Fin1 Fin2 Fin3
  x1-x3 y1-y3 m1-m3 ;

  define:
  x1 = Personal1;
  x2 = Personal2;
  x3 = Personal3;

  m1 = Autonomy1;
  m2 = Autonomy2;
  m3 = Autonomy3;

  y1 = NA1;
  y2 = NA2;
  y3 = NA3;



  analysis:

  MODEL = NOCOV;
  bootstrap = 10000;


  MODEL:
  RIx BY x1@1 x2@1 x3@1;
  RIy BY y1@1 y2@1 y3@1;
  RIm BY m1@1 m2@1 m3@1;



  wx1 BY x1@1;
  wx2 BY x2@1;
  wx3 BY x3@1;



  wy1 BY y1@1;
  wy2 BY y2@1;
  wy3 BY y3@1;



  wm1 By m1@1;
  wm2 By m2@1;
  wm3 By m3@1;


  x1-m3@0;


  wy2 ON wy1 (a );
  wy3 ON wy2 (a );


  wx2 ON wx1 (b );
  wx3 ON wx2 (b );


  wm2 ON wm1  (c);
  wm3 ON wm2  (c);


  wy2 ON  wx1 wm1  (d e);
  wy3 ON  wx2 wm2  (d e);


  wx2 ON wy1 wm1  (f j);
  wx3 ON wy2 wm2  (f j);


  wm2 ON wx1 wy1   (h i);
  wm3 ON wx2 wy2   (h i);


  RIx RIy RIm  with RIx RIy RIm ;

  wx1 wy1 wm1 with wx1 wy1 wm1;
  wx2 wy2 wm2 with wx2 wy2 wm2 (cov1 cov2 cov3);
  wx3 wy3 wm3 with wx3 wy3 wm3 (cov1 cov2 cov3);

  wx2 (vx); wy2 (vy); wm2 (vm);
  wx3 (vx); wy3 (vy); wm3 (vm);

  x1-m3 on Gender1 Age1 Education_mother1 Education_father1
  unemployed_mother1 unemployed_father1 ;

  x1 y1 m1 on Fin1;
  x2 y2 m2 on Fin2;
  x3 y3 m3 on Fin3;

  Gender1 -Fin3 with Gender1 -Fin3;

  [x1-x3] (mx);
  [m1-m3] (mm);
  [y1-y3] (my);

  model constraint:
  new (ind);
  ind = h*e;

  output: cinterval (boot) stdyx;



*** WARNING in VARIABLE command
  Note that only the first 8 characters of variable names are used in the output.
  Shorten variable names to avoid any confusion.
   1 WARNING(S) FOUND IN THE INPUT INSTRUCTIONS




SUMMARY OF ANALYSIS

Number of groups                                                 1
Number of observations                                         971

Number of dependent variables                                    9
Number of independent variables                                  9
Number of continuous latent variables                           12

Observed dependent variables

  Continuous
   X1          X2          X3          Y1          Y2          Y3
   M1          M2          M3

Observed independent variables
   GENDER1     AGE1        EDUCATIO    EDUCATIO    UNEMPLOY    UNEMPLOY
   FIN1        FIN2        FIN3

Continuous latent variables
   RIX         RIY         RIM         WX1         WX2         WX3
   WY1         WY2         WY3         WM1         WM2         WM3


Estimator                                                       ML
Information matrix                                        OBSERVED
Maximum number of iterations                                  1000
Convergence criterion                                    0.500D-04
Maximum number of steepest descent iterations                   20
Maximum number of iterations for H1                           2000
Convergence criterion for H1                             0.100D-03
Number of bootstrap draws
    Requested                                                10000
    Completed                                                10000

Input data file(s)
  mplus.dat

Input data format  FREE


SUMMARY OF DATA

     Number of missing data patterns            19


COVARIANCE COVERAGE OF DATA

Minimum covariance coverage value   0.100


     PROPORTION OF DATA PRESENT


           Covariance Coverage
              X1            X2            X3            Y1            Y2
              ________      ________      ________      ________      ________
 X1             1.000
 X2             1.000         1.000
 X3             1.000         1.000         1.000
 Y1             1.000         1.000         1.000         1.000
 Y2             1.000         1.000         1.000         1.000         1.000
 Y3             1.000         1.000         1.000         1.000         1.000
 M1             1.000         1.000         1.000         1.000         1.000
 M2             1.000         1.000         1.000         1.000         1.000
 M3             1.000         1.000         1.000         1.000         1.000
 GENDER1        0.998         0.998         0.998         0.998         0.998
 AGE1           0.999         0.999         0.999         0.999         0.999
 EDUCATIO       0.994         0.994         0.994         0.994         0.994
 EDUCATIO       0.991         0.991         0.991         0.991         0.991
 UNEMPLOY       0.992         0.992         0.992         0.992         0.992
 UNEMPLOY       0.974         0.974         0.974         0.974         0.974
 FIN1           0.994         0.994         0.994         0.994         0.994
 FIN2           0.991         0.991         0.991         0.991         0.991
 FIN3           0.991         0.991         0.991         0.991         0.991


           Covariance Coverage
              Y3            M1            M2            M3            GENDER1
              ________      ________      ________      ________      ________
 Y3             1.000
 M1             1.000         1.000
 M2             1.000         1.000         1.000
 M3             1.000         1.000         1.000         1.000
 GENDER1        0.998         0.998         0.998         0.998         0.998
 AGE1           0.999         0.999         0.999         0.999         0.997
 EDUCATIO       0.994         0.994         0.994         0.994         0.992
 EDUCATIO       0.991         0.991         0.991         0.991         0.989
 UNEMPLOY       0.992         0.992         0.992         0.992         0.990
 UNEMPLOY       0.974         0.974         0.974         0.974         0.972
 FIN1           0.994         0.994         0.994         0.994         0.992
 FIN2           0.991         0.991         0.991         0.991         0.990
 FIN3           0.991         0.991         0.991         0.991         0.989


           Covariance Coverage
              AGE1          EDUCATIO      EDUCATIO      UNEMPLOY      UNEMPLOY
              ________      ________      ________      ________      ________
 AGE1           0.999
 EDUCATIO       0.993         0.994
 EDUCATIO       0.990         0.987         0.991
 UNEMPLOY       0.991         0.989         0.984         0.992
 UNEMPLOY       0.973         0.969         0.970         0.968         0.974
 FIN1           0.993         0.989         0.986         0.988         0.969
 FIN2           0.990         0.985         0.981         0.982         0.965
 FIN3           0.990         0.985         0.981         0.982         0.965


           Covariance Coverage
              FIN1          FIN2          FIN3
              ________      ________      ________
 FIN1           0.994
 FIN2           0.986         0.991
 FIN3           0.986         0.984         0.991



UNIVARIATE SAMPLE STATISTICS


     UNIVARIATE HIGHER-ORDER MOMENT DESCRIPTIVE STATISTICS

         Variable/         Mean/     Skewness/   Minimum/ % with                Percentiles
        Sample Size      Variance    Kurtosis    Maximum  Min/Max      20%/60%    40%/80%    Median

     X1                   -0.019      -0.225      -3.871    0.10%      -0.751     -0.228      0.011
             971.000       0.796       0.179       2.389    0.10%       0.224      0.753
     X2                   -0.012       0.007      -3.561    0.10%      -0.779     -0.282     -0.045
             971.000       0.821      -0.194       2.554    0.10%       0.191      0.815
     X3                   -0.010      -0.051      -4.397    0.10%      -0.784     -0.280     -0.039
             971.000       0.852       0.065       2.669    0.10%       0.202      0.811
     Y1                    0.000       0.647      -1.361    0.82%      -0.714     -0.372     -0.139
             971.000       0.671      -0.161       2.447    0.10%       0.073      0.669
     Y2                    0.000       0.519      -1.447    1.03%      -0.756     -0.389     -0.139
             971.000       0.744      -0.415       2.501    0.10%       0.124      0.732
     Y3                    0.000       0.473      -1.410    1.44%      -0.720     -0.353     -0.151
             971.000       0.706      -0.249       2.551    0.10%       0.184      0.683
     M1                   -0.011      -0.113      -2.043    0.10%      -0.393     -0.135     -0.018
             971.000       0.220       0.142       1.071    1.24%       0.092      0.393
     M2                   -0.010      -0.062      -1.617    0.10%      -0.431     -0.133     -0.005
             971.000       0.273       0.011       1.172    2.37%       0.109      0.420
     M3                   -0.009       0.040      -1.447    0.10%      -0.484     -0.148     -0.035
             971.000       0.292      -0.337       1.198    2.16%       0.100      0.476
     GENDER1               0.646      -0.611       0.000   35.40%       0.000      1.000      1.000
             969.000       0.229      -1.627       1.000   64.60%       1.000      1.000
     AGE1                 15.638      -0.547      15.000   36.29%      15.000     16.000     16.000
             970.000       0.233      -1.625      17.000    0.10%      16.000     16.000
     EDUCATION_MOTHE       3.907      -0.084       1.000    0.31%       3.000      3.000      4.000
             965.000       0.945      -1.378       5.000   39.17%       4.000      5.000
     EDUCATION_FATHE       3.754       0.093       1.000    0.62%       3.000      3.000      3.000
             962.000       0.984      -1.211       5.000   33.78%       4.000      5.000
     UNEMPLOYED_MOTH       0.154       1.921       0.000   84.63%       0.000      0.000      0.000
             963.000       0.130       1.688       1.000   15.37%       0.000      0.000
     UNEMPLOYED_FATH       0.070       3.378       0.000   93.02%       0.000      0.000      0.000
             946.000       0.065       9.408       1.000    6.98%       0.000      0.000
     FIN1                  3.754      -0.071       1.000    0.31%       3.000      3.000      4.000
             965.000       0.726      -0.634       5.000   21.55%       4.000      5.000
     FIN2                  3.777      -0.071       1.000    0.42%       3.000      4.000      4.000
             962.000       0.685      -0.517       5.000   21.21%       4.000      5.000
     FIN3                  3.756      -0.179       1.000    0.94%       3.000      3.000      4.000
             962.000       0.750      -0.296       5.000   21.93%       4.000      5.000


THE MODEL ESTIMATION TERMINATED NORMALLY



MODEL FIT INFORMATION

Number of Free Parameters                      147

Loglikelihood

          H0 Value                      -14562.757
          H1 Value                      -14511.085

Information Criteria

          Akaike (AIC)                   29419.513
          Bayesian (BIC)                 30136.627
          Sample-Size Adjusted BIC       29669.756
            (n* = (n + 2) / 24)

Chi-Square Test of Model Fit

          Value                            103.342
          Degrees of Freedom                    42
          P-Value                           0.0000

RMSEA (Root Mean Square Error Of Approximation)

          Estimate                           0.039
          90 Percent C.I.                    0.029  0.048
          Probability RMSEA <= .05           0.975

CFI/TLI

          CFI                                0.986
          TLI                                0.962

Chi-Square Test of Model Fit for the Baseline Model

          Value                           4580.032
          Degrees of Freedom                   117
          P-Value                           0.0000

SRMR (Standardized Root Mean Square Residual)

          Value                              0.035



MODEL RESULTS

                                                    Two-Tailed
                    Estimate       S.E.  Est./S.E.    P-Value

 RIX      BY
    X1                 1.000      0.000    999.000    999.000
    X2                 1.000      0.000    999.000    999.000
    X3                 1.000      0.000    999.000    999.000

 RIY      BY
    Y1                 1.000      0.000    999.000    999.000
    Y2                 1.000      0.000    999.000    999.000
    Y3                 1.000      0.000    999.000    999.000

 RIM      BY
    M1                 1.000      0.000    999.000    999.000
    M2                 1.000      0.000    999.000    999.000
    M3                 1.000      0.000    999.000    999.000

 WX1      BY
    X1                 1.000      0.000    999.000    999.000

 WX2      BY
    X2                 1.000      0.000    999.000    999.000

 WX3      BY
    X3                 1.000      0.000    999.000    999.000

 WY1      BY
    Y1                 1.000      0.000    999.000    999.000

 WY2      BY
    Y2                 1.000      0.000    999.000    999.000

 WY3      BY
    Y3                 1.000      0.000    999.000    999.000

 WM1      BY
    M1                 1.000      0.000    999.000    999.000

 WM2      BY
    M2                 1.000      0.000    999.000    999.000

 WM3      BY
    M3                 1.000      0.000    999.000    999.000

 WY2      ON
    WY1                0.129      0.061      2.114      0.035
    WX1               -0.060      0.039     -1.527      0.127
    WM1               -0.133      0.073     -1.819      0.069

 WY3      ON
    WY2                0.129      0.061      2.114      0.035
    WX2               -0.060      0.039     -1.527      0.127
    WM2               -0.133      0.073     -1.819      0.069

 WX2      ON
    WX1                0.071      0.064      1.118      0.263
    WY1               -0.028      0.044     -0.634      0.526
    WM1                0.147      0.080      1.844      0.065

 WX3      ON
    WX2                0.071      0.064      1.118      0.263
    WY2               -0.028      0.044     -0.634      0.526
    WM2                0.147      0.080      1.844      0.065

 WM2      ON
    WM1                0.249      0.062      4.051      0.000
    WX1               -0.001      0.029     -0.050      0.960
    WY1               -0.052      0.028     -1.832      0.067

 WM3      ON
    WM2                0.249      0.062      4.051      0.000
    WX2               -0.001      0.029     -0.050      0.960
    WY2               -0.052      0.028     -1.832      0.067

 X1       ON
    GENDER1            0.585      0.058     10.081      0.000
    AGE1               0.099      0.051      1.949      0.051
    EDUCATION_         0.034      0.033      1.031      0.303
    EDUCATION_         0.051      0.031      1.678      0.093
    UNEMPLOYED        -0.082      0.076     -1.074      0.283
    UNEMPLOYED         0.181      0.097      1.867      0.062
    FIN1               0.055      0.029      1.900      0.057

 X2       ON
    GENDER1            0.409      0.060      6.788      0.000
    AGE1               0.095      0.051      1.871      0.061
    EDUCATION_         0.021      0.035      0.606      0.545
    EDUCATION_         0.052      0.033      1.585      0.113
    UNEMPLOYED        -0.029      0.080     -0.367      0.714
    UNEMPLOYED         0.235      0.110      2.124      0.034
    FIN2               0.111      0.030      3.710      0.000

 X3       ON
    GENDER1            0.419      0.061      6.928      0.000
    AGE1               0.101      0.050      2.003      0.045
    EDUCATION_         0.030      0.035      0.861      0.389
    EDUCATION_         0.034      0.033      1.018      0.309
    UNEMPLOYED        -0.043      0.080     -0.539      0.590
    UNEMPLOYED         0.266      0.103      2.584      0.010
    FIN3               0.095      0.033      2.863      0.004

 Y1       ON
    GENDER1            0.433      0.053      8.225      0.000
    AGE1              -0.009      0.046     -0.201      0.841
    EDUCATION_         0.011      0.032      0.336      0.737
    EDUCATION_        -0.015      0.031     -0.483      0.629
    UNEMPLOYED         0.006      0.074      0.085      0.932
    UNEMPLOYED        -0.126      0.098     -1.288      0.198
    FIN1              -0.136      0.027     -5.009      0.000

 Y2       ON
    GENDER1            0.440      0.056      7.894      0.000
    AGE1              -0.012      0.046     -0.250      0.802
    EDUCATION_         0.010      0.032      0.311      0.756
    EDUCATION_        -0.016      0.032     -0.483      0.629
    UNEMPLOYED         0.148      0.080      1.851      0.064
    UNEMPLOYED        -0.124      0.112     -1.108      0.268
    FIN2              -0.132      0.030     -4.446      0.000

 Y3       ON
    GENDER1            0.400      0.055      7.306      0.000
    AGE1              -0.004      0.046     -0.094      0.925
    EDUCATION_         0.021      0.032      0.652      0.514
    EDUCATION_        -0.022      0.030     -0.741      0.459
    UNEMPLOYED         0.058      0.078      0.738      0.461
    UNEMPLOYED        -0.185      0.102     -1.811      0.070
    FIN3              -0.156      0.027     -5.710      0.000

 M1       ON
    GENDER1           -0.023      0.031     -0.740      0.459
    AGE1               0.042      0.028      1.513      0.130
    EDUCATION_        -0.033      0.019     -1.758      0.079
    EDUCATION_         0.006      0.018      0.352      0.725
    UNEMPLOYED         0.013      0.045      0.294      0.769
    UNEMPLOYED         0.116      0.062      1.869      0.062
    FIN1               0.098      0.016      6.066      0.000

 M2       ON
    GENDER1           -0.067      0.033     -2.008      0.045
    AGE1               0.044      0.028      1.599      0.110
    EDUCATION_        -0.025      0.020     -1.256      0.209
    EDUCATION_        -0.001      0.020     -0.068      0.945
    UNEMPLOYED        -0.021      0.050     -0.426      0.670
    UNEMPLOYED        -0.021      0.063     -0.327      0.744
    FIN2               0.100      0.018      5.479      0.000

 M3       ON
    GENDER1           -0.018      0.037     -0.493      0.622
    AGE1               0.038      0.028      1.356      0.175
    EDUCATION_        -0.022      0.021     -1.048      0.295
    EDUCATION_         0.013      0.021      0.612      0.540
    UNEMPLOYED         0.002      0.050      0.034      0.973
    UNEMPLOYED         0.066      0.063      1.056      0.291
    FIN3               0.100      0.020      5.058      0.000

 RIX      WITH
    RIY               -0.049      0.020     -2.435      0.015
    RIM                0.145      0.014     10.427      0.000

 RIY      WITH
    RIM               -0.094      0.012     -7.708      0.000

 WX1      WITH
    WY1                0.007      0.016      0.428      0.669
    WM1                0.040      0.011      3.822      0.000

 WY1      WITH
    WM1               -0.031      0.011     -2.868      0.004

 WX2      WITH
    WY2               -0.044      0.013     -3.289      0.001
    WM2                0.073      0.010      7.582      0.000

 WY2      WITH
    WM2               -0.057      0.008     -7.071      0.000

 WX3      WITH
    WY3               -0.044      0.013     -3.289      0.001
    WM3                0.073      0.010      7.582      0.000

 WY3      WITH
    WM3               -0.057      0.008     -7.071      0.000

 GENDER1  WITH
    AGE1              -0.001      0.007     -0.087      0.930
    EDUCATION_        -0.035      0.015     -2.361      0.018
    EDUCATION_        -0.022      0.015     -1.452      0.147
    UNEMPLOYED        -0.003      0.006     -0.516      0.606
    UNEMPLOYED        -0.002      0.004     -0.409      0.683
    FIN1               0.014      0.013      1.089      0.276
    FIN2              -0.001      0.013     -0.074      0.941
    FIN3               0.006      0.014      0.436      0.662

 AGE1     WITH
    EDUCATION_        -0.037      0.015     -2.454      0.014
    EDUCATION_        -0.018      0.015     -1.183      0.237
    UNEMPLOYED         0.012      0.005      2.227      0.026
    UNEMPLOYED         0.002      0.004      0.439      0.661
    FIN1              -0.005      0.013     -0.413      0.680
    FIN2              -0.010      0.013     -0.798      0.425
    FIN3              -0.012      0.014     -0.909      0.363

 EDUCATIO WITH
    EDUCATION_         0.452      0.030     14.939      0.000
    UNEMPLOYED        -0.088      0.012     -7.486      0.000
    UNEMPLOYED        -0.024      0.009     -2.748      0.006
    FIN1               0.118      0.027      4.368      0.000
    FIN2               0.132      0.026      5.116      0.000
    FIN3               0.136      0.027      4.997      0.000

 EDUCATIO WITH
    UNEMPLOYED        -0.057      0.011     -4.933      0.000
    UNEMPLOYED        -0.031      0.007     -4.120      0.000
    FIN1               0.145      0.028      5.251      0.000
    FIN2               0.173      0.026      6.617      0.000
    FIN3               0.184      0.027      6.812      0.000

 UNEMPLOY WITH
    UNEMPLOYED         0.013      0.004      3.269      0.001
    FIN1              -0.033      0.011     -3.028      0.002
    FIN2              -0.029      0.010     -2.895      0.004
    FIN3              -0.040      0.010     -3.872      0.000

 UNEMPLOY WITH
    FIN1              -0.027      0.008     -3.189      0.001
    FIN2              -0.020      0.007     -2.979      0.003
    FIN3              -0.020      0.008     -2.669      0.008

 FIN1     WITH
    FIN2               0.504      0.025     20.357      0.000
    FIN3               0.484      0.025     19.204      0.000

 FIN2     WITH
    FIN3               0.504      0.024     20.754      0.000

 Means
    GENDER1            0.646      0.015     42.485      0.000
    AGE1              15.638      0.016   1007.239      0.000
    EDUCATION_         3.906      0.031    124.271      0.000
    EDUCATION_         3.753      0.032    116.411      0.000
    UNEMPLOYED         0.154      0.012     13.359      0.000
    UNEMPLOYED         0.070      0.008      8.375      0.000
    FIN1               3.755      0.027    138.384      0.000
    FIN2               3.776      0.027    141.550      0.000
    FIN3               3.753      0.028    133.380      0.000

 Intercepts
    X1                -2.472      0.808     -3.058      0.002
    X2                -2.472      0.808     -3.058      0.002
    X3                -2.472      0.808     -3.058      0.002
    Y1                 0.401      0.741      0.541      0.589
    Y2                 0.401      0.741      0.541      0.589
    Y3                 0.401      0.741      0.541      0.589
    M1                -0.924      0.443     -2.088      0.037
    M2                -0.924      0.443     -2.088      0.037
    M3                -0.924      0.443     -2.088      0.037

 Variances
    GENDER1            0.229      0.004     51.256      0.000
    AGE1               0.233      0.005     50.732      0.000
    EDUCATION_         0.946      0.024     38.671      0.000
    EDUCATION_         0.984      0.028     34.909      0.000
    UNEMPLOYED         0.130      0.008     16.317      0.000
    UNEMPLOYED         0.065      0.007      9.065      0.000
    FIN1               0.727      0.028     26.413      0.000
    FIN2               0.684      0.027     25.735      0.000
    FIN3               0.750      0.032     23.563      0.000
    RIX                0.437      0.030     14.649      0.000
    RIY                0.325      0.027     11.886      0.000
    RIM                0.117      0.010     11.449      0.000
    WX1                0.289      0.025     11.466      0.000
    WY1                0.268      0.024     11.086      0.000
    WM1                0.084      0.009      9.166      0.000

 Residual Variances
    X1                 0.000      0.000    999.000    999.000
    X2                 0.000      0.000    999.000    999.000
    X3                 0.000      0.000    999.000    999.000
    Y1                 0.000      0.000    999.000    999.000
    Y2                 0.000      0.000    999.000    999.000
    Y3                 0.000      0.000    999.000    999.000
    M1                 0.000      0.000    999.000    999.000
    M2                 0.000      0.000    999.000    999.000
    M3                 0.000      0.000    999.000    999.000
    WX2                0.326      0.024     13.658      0.000
    WX3                0.326      0.024     13.658      0.000
    WY2                0.313      0.018     17.640      0.000
    WY3                0.313      0.018     17.640      0.000
    WM2                0.145      0.007     20.813      0.000
    WM3                0.145      0.007     20.813      0.000

New/Additional Parameters
    IND                0.000      0.004      0.045      0.964


STANDARDIZED MODEL RESULTS


STDYX Standardization

                                                    Two-Tailed
                    Estimate       S.E.  Est./S.E.    P-Value

 RIX      BY
    X1                 0.732      0.020     36.914      0.000
    X2                 0.729      0.021     34.492      0.000
    X3                 0.727      0.022     33.446      0.000

 RIY      BY
    Y1                 0.708      0.026     27.732      0.000
    Y2                 0.678      0.024     28.462      0.000
    Y3                 0.677      0.024     27.817      0.000

 RIM      BY
    M1                 0.748      0.029     26.220      0.000
    M2                 0.651      0.024     27.455      0.000
    M3                 0.645      0.025     25.446      0.000

 WX1      BY
    X1                 0.596      0.023     26.371      0.000

 WX2      BY
    X2                 0.634      0.024     26.671      0.000

 WX3      BY
    X3                 0.635      0.024     26.062      0.000

 WY1      BY
    Y1                 0.643      0.026     24.380      0.000

 WY2      BY
    Y2                 0.674      0.022     30.424      0.000

 WY3      BY
    Y3                 0.679      0.023     29.653      0.000

 WM1      BY
    M1                 0.634      0.032     19.749      0.000

 WM2      BY
    M2                 0.739      0.021     35.985      0.000

 WM3      BY
    M3                 0.745      0.022     34.441      0.000

 WY2      ON
    WY1                0.118      0.056      2.086      0.037
    WX1               -0.057      0.037     -1.541      0.123
    WM1               -0.068      0.038     -1.778      0.075

 WY3      ON
    WY2                0.128      0.060      2.125      0.034
    WX2               -0.061      0.040     -1.521      0.128
    WM2               -0.091      0.050     -1.813      0.070

 WX2      ON
    WX1                0.067      0.059      1.131      0.258
    WY1               -0.025      0.040     -0.633      0.527
    WM1                0.074      0.042      1.782      0.075

 WX3      ON
    WX2                0.071      0.063      1.122      0.262
    WY2               -0.028      0.044     -0.634      0.526
    WM2                0.099      0.054      1.835      0.066

 WM2      ON
    WM1                0.186      0.049      3.791      0.000
    WX1               -0.002      0.040     -0.050      0.960
    WY1               -0.069      0.038     -1.824      0.068

 WM3      ON
    WM2                0.245      0.059      4.151      0.000
    WX2               -0.002      0.042     -0.050      0.960
    WY2               -0.074      0.040     -1.841      0.066

 X1       ON
    GENDER1            0.310      0.029     10.694      0.000
    AGE1               0.053      0.027      1.949      0.051
    EDUCATION_         0.037      0.035      1.036      0.300
    EDUCATION_         0.056      0.034      1.679      0.093
    UNEMPLOYED        -0.033      0.030     -1.075      0.283
    UNEMPLOYED         0.051      0.027      1.886      0.059
    FIN1               0.052      0.027      1.901      0.057

 X2       ON
    GENDER1            0.216      0.031      6.956      0.000
    AGE1               0.051      0.027      1.868      0.062
    EDUCATION_         0.022      0.037      0.606      0.544
    EDUCATION_         0.057      0.036      1.587      0.113
    UNEMPLOYED        -0.012      0.032     -0.367      0.713
    UNEMPLOYED         0.066      0.031      2.132      0.033
    FIN2               0.102      0.027      3.731      0.000

 X3       ON
    GENDER1            0.221      0.031      7.088      0.000
    AGE1               0.054      0.027      2.001      0.045
    EDUCATION_         0.032      0.037      0.861      0.389
    EDUCATION_         0.037      0.036      1.020      0.308
    UNEMPLOYED        -0.017      0.032     -0.541      0.589
    UNEMPLOYED         0.075      0.029      2.586      0.010
    FIN3               0.091      0.031      2.890      0.004

 Y1       ON
    GENDER1            0.257      0.031      8.389      0.000
    AGE1              -0.006      0.028     -0.201      0.841
    EDUCATION_         0.013      0.038      0.336      0.737
    EDUCATION_        -0.019      0.039     -0.484      0.629
    UNEMPLOYED         0.003      0.033      0.085      0.932
    UNEMPLOYED        -0.040      0.031     -1.295      0.195
    FIN1              -0.144      0.029     -4.980      0.000

 Y2       ON
    GENDER1            0.250      0.031      8.067      0.000
    AGE1              -0.007      0.026     -0.250      0.802
    EDUCATION_         0.011      0.037      0.311      0.756
    EDUCATION_        -0.018      0.038     -0.484      0.629
    UNEMPLOYED         0.064      0.034      1.861      0.063
    UNEMPLOYED        -0.037      0.034     -1.115      0.265
    FIN2              -0.130      0.029     -4.432      0.000

 Y3       ON
    GENDER1            0.227      0.031      7.379      0.000
    AGE1              -0.002      0.026     -0.094      0.925
    EDUCATION_         0.024      0.037      0.654      0.513
    EDUCATION_        -0.026      0.035     -0.742      0.458
    UNEMPLOYED         0.025      0.033      0.740      0.459
    UNEMPLOYED        -0.056      0.031     -1.825      0.068
    FIN3              -0.161      0.028     -5.644      0.000

 M1       ON
    GENDER1           -0.024      0.032     -0.741      0.459
    AGE1               0.044      0.029      1.513      0.130
    EDUCATION_        -0.070      0.040     -1.768      0.077
    EDUCATION_         0.014      0.039      0.353      0.724
    UNEMPLOYED         0.010      0.035      0.294      0.769
    UNEMPLOYED         0.065      0.034      1.879      0.060
    FIN1               0.183      0.030      6.141      0.000

 M2       ON
    GENDER1           -0.061      0.030     -2.020      0.043
    AGE1               0.040      0.025      1.597      0.110
    EDUCATION_        -0.047      0.037     -1.261      0.207
    EDUCATION_        -0.003      0.037     -0.068      0.945
    UNEMPLOYED        -0.015      0.034     -0.428      0.669
    UNEMPLOYED        -0.010      0.030     -0.329      0.742
    FIN2               0.157      0.028      5.548      0.000

 M3       ON
    GENDER1           -0.016      0.033     -0.493      0.622
    AGE1               0.034      0.025      1.354      0.176
    EDUCATION_        -0.041      0.039     -1.050      0.294
    EDUCATION_         0.023      0.038      0.612      0.540
    UNEMPLOYED         0.001      0.034      0.034      0.972
    UNEMPLOYED         0.032      0.030      1.060      0.289
    FIN3               0.162      0.031      5.209      0.000

 RIX      WITH
    RIY               -0.129      0.053     -2.440      0.015
    RIM                0.638      0.038     16.694      0.000

 RIY      WITH
    RIM               -0.482      0.046    -10.584      0.000

 WX1      WITH
    WY1                0.024      0.057      0.427      0.669
    WM1                0.258      0.058      4.425      0.000

 WY1      WITH
    WM1               -0.206      0.064     -3.220      0.001

 WX2      WITH
    WY2               -0.139      0.041     -3.365      0.001
    WM2                0.336      0.042      8.083      0.000

 WY2      WITH
    WM2               -0.266      0.035     -7.589      0.000

 WX3      WITH
    WY3               -0.139      0.041     -3.365      0.001
    WM3                0.336      0.042      8.083      0.000

 WY3      WITH
    WM3               -0.266      0.035     -7.589      0.000

 GENDER1  WITH
    AGE1              -0.003      0.032     -0.087      0.930
    EDUCATION_        -0.076      0.032     -2.357      0.018
    EDUCATION_        -0.046      0.032     -1.451      0.147
    UNEMPLOYED        -0.017      0.032     -0.515      0.606
    UNEMPLOYED        -0.014      0.033     -0.408      0.683
    FIN1               0.035      0.032      1.089      0.276
    FIN2              -0.002      0.033     -0.074      0.941
    FIN3               0.014      0.033      0.437      0.662

 AGE1     WITH
    EDUCATION_        -0.078      0.032     -2.451      0.014
    EDUCATION_        -0.038      0.032     -1.181      0.237
    UNEMPLOYED         0.069      0.031      2.241      0.025
    UNEMPLOYED         0.014      0.032      0.439      0.661
    FIN1              -0.013      0.032     -0.413      0.680
    FIN2              -0.026      0.032     -0.798      0.425
    FIN3              -0.029      0.032     -0.910      0.363

 EDUCATIO WITH
    EDUCATION_         0.469      0.028     16.557      0.000
    UNEMPLOYED        -0.250      0.030     -8.365      0.000
    UNEMPLOYED        -0.096      0.034     -2.847      0.004
    FIN1               0.143      0.032      4.450      0.000
    FIN2               0.164      0.031      5.213      0.000
    FIN3               0.162      0.032      5.058      0.000

 EDUCATIO WITH
    UNEMPLOYED        -0.158      0.031     -5.171      0.000
    UNEMPLOYED        -0.122      0.027     -4.504      0.000
    FIN1               0.172      0.032      5.299      0.000
    FIN2               0.211      0.031      6.839      0.000
    FIN3               0.214      0.031      7.020      0.000

 UNEMPLOY WITH
    UNEMPLOYED         0.146      0.042      3.478      0.001
    FIN1              -0.108      0.035     -3.089      0.002
    FIN2              -0.097      0.033     -2.931      0.003
    FIN3              -0.129      0.032     -3.984      0.000

 UNEMPLOY WITH
    FIN1              -0.122      0.036     -3.374      0.001
    FIN2              -0.093      0.030     -3.122      0.002
    FIN3              -0.091      0.033     -2.768      0.006

 FIN1     WITH
    FIN2               0.715      0.019     38.307      0.000
    FIN3               0.655      0.024     27.833      0.000

 FIN2     WITH
    FIN3               0.703      0.021     33.359      0.000

 Means
    GENDER1            1.352      0.045     29.953      0.000
    AGE1              32.399      0.350     92.494      0.000
    EDUCATION_         4.016      0.064     62.504      0.000
    EDUCATION_         3.784      0.060     63.172      0.000
    UNEMPLOYED         0.427      0.019     22.562      0.000
    UNEMPLOYED         0.273      0.018     15.496      0.000
    FIN1               4.405      0.092     48.122      0.000
    FIN2               4.566      0.096     47.382      0.000
    FIN3               4.333      0.102     42.313      0.000

 Intercepts
    X1                -2.738      0.891     -3.075      0.002
    X2                -2.727      0.891     -3.061      0.002
    X3                -2.721      0.888     -3.065      0.002
    Y1                 0.498      0.920      0.541      0.589
    Y2                 0.476      0.882      0.540      0.589
    Y3                 0.476      0.881      0.540      0.589
    M1                -2.016      0.965     -2.090      0.037
    M2                -1.756      0.842     -2.085      0.037
    M3                -1.740      0.834     -2.086      0.037

 Variances
    GENDER1            1.000      0.000    999.000    999.000
    AGE1               1.000      0.000    999.000    999.000
    EDUCATION_         1.000      0.000    999.000    999.000
    EDUCATION_         1.000      0.000    999.000    999.000
    UNEMPLOYED         1.000      0.000    999.000    999.000
    UNEMPLOYED         1.000      0.000    999.000    999.000
    FIN1               1.000      0.000    999.000    999.000
    FIN2               1.000      0.000    999.000    999.000
    FIN3               1.000      0.000    999.000    999.000
    RIX                1.000      0.000    999.000    999.000
    RIY                1.000      0.000    999.000    999.000
    RIM                1.000      0.000    999.000    999.000
    WX1                1.000      0.000    999.000    999.000
    WY1                1.000      0.000    999.000    999.000
    WM1                1.000      0.000    999.000    999.000

 Residual Variances
    X1                 0.000      0.000      0.000      1.000
    X2                 0.000      0.000      0.000      1.000
    X3                 0.000      0.000      0.000      1.000
    Y1                 0.000      0.000      0.000      1.000
    Y2                 0.000      0.000      0.000      1.000
    Y3                 0.000      0.000      0.000      1.000
    M1                 0.000      0.000      0.000      1.000
    M2                 0.000      0.000      0.000      1.000
    M3                 0.000      0.000      0.000      1.000
    WX2                0.986      0.013     73.801      0.000
    WX3                0.977      0.020     49.589      0.000
    WY2                0.973      0.017     56.400      0.000
    WY3                0.959      0.024     39.922      0.000
    WM2                0.956      0.021     44.824      0.000
    WM3                0.924      0.032     29.120      0.000


R-SQUARE

    Observed                                        Two-Tailed
    Variable        Estimate       S.E.  Est./S.E.    P-Value

    X1                 1.000      0.000    999.000    999.000
    X2                 1.000      0.000    999.000    999.000
    X3                 1.000      0.000    999.000    999.000
    Y1                 1.000      0.000    999.000    999.000
    Y2                 1.000      0.000    999.000    999.000
    Y3                 1.000      0.000    999.000    999.000
    M1                 1.000      0.000    999.000    999.000
    M2                 1.000      0.000    999.000    999.000
    M3                 1.000      0.000    999.000    999.000

     Latent                                         Two-Tailed
    Variable        Estimate       S.E.  Est./S.E.    P-Value

    WX2                0.014      0.013      1.039      0.299
    WX3                0.023      0.020      1.150      0.250
    WY2                0.027      0.017      1.551      0.121
    WY3                0.041      0.024      1.710      0.087
    WM2                0.044      0.021      2.085      0.037
    WM3                0.076      0.032      2.380      0.017


CONFIDENCE INTERVALS OF MODEL RESULTS

                  Lower .5%  Lower 2.5%    Lower 5%    Estimate    Upper 5%  Upper 2.5%   Upper .5%

 RIX      BY
    X1               1.000       1.000       1.000       1.000       1.000       1.000       1.000
    X2               1.000       1.000       1.000       1.000       1.000       1.000       1.000
    X3               1.000       1.000       1.000       1.000       1.000       1.000       1.000

 RIY      BY
    Y1               1.000       1.000       1.000       1.000       1.000       1.000       1.000
    Y2               1.000       1.000       1.000       1.000       1.000       1.000       1.000
    Y3               1.000       1.000       1.000       1.000       1.000       1.000       1.000

 RIM      BY
    M1               1.000       1.000       1.000       1.000       1.000       1.000       1.000
    M2               1.000       1.000       1.000       1.000       1.000       1.000       1.000
    M3               1.000       1.000       1.000       1.000       1.000       1.000       1.000

 WX1      BY
    X1               1.000       1.000       1.000       1.000       1.000       1.000       1.000

 WX2      BY
    X2               1.000       1.000       1.000       1.000       1.000       1.000       1.000

 WX3      BY
    X3               1.000       1.000       1.000       1.000       1.000       1.000       1.000

 WY1      BY
    Y1               1.000       1.000       1.000       1.000       1.000       1.000       1.000

 WY2      BY
    Y2               1.000       1.000       1.000       1.000       1.000       1.000       1.000

 WY3      BY
    Y3               1.000       1.000       1.000       1.000       1.000       1.000       1.000

 WM1      BY
    M1               1.000       1.000       1.000       1.000       1.000       1.000       1.000

 WM2      BY
    M2               1.000       1.000       1.000       1.000       1.000       1.000       1.000

 WM3      BY
    M3               1.000       1.000       1.000       1.000       1.000       1.000       1.000

 WY2      ON
    WY1             -0.029       0.012       0.030       0.129       0.230       0.249       0.291
    WX1             -0.160      -0.136      -0.124      -0.060       0.007       0.020       0.043
    WM1             -0.323      -0.274      -0.252      -0.133      -0.012       0.012       0.055

 WY3      ON
    WY2             -0.029       0.012       0.030       0.129       0.230       0.249       0.291
    WX2             -0.160      -0.136      -0.124      -0.060       0.007       0.020       0.043
    WM2             -0.323      -0.274      -0.252      -0.133      -0.012       0.012       0.055

 WX2      ON
    WX1             -0.096      -0.056      -0.035       0.071       0.177       0.196       0.235
    WY1             -0.143      -0.114      -0.101      -0.028       0.045       0.060       0.088
    WM1             -0.061      -0.009       0.017       0.147       0.277       0.301       0.353

 WX3      ON
    WX2             -0.096      -0.056      -0.035       0.071       0.177       0.196       0.235
    WY2             -0.143      -0.114      -0.101      -0.028       0.045       0.060       0.088
    WM2             -0.061      -0.009       0.017       0.147       0.277       0.301       0.353

 WM2      ON
    WM1              0.090       0.124       0.146       0.249       0.349       0.368       0.402
    WX1             -0.073      -0.057      -0.049      -0.001       0.048       0.056       0.075
    WY1             -0.124      -0.107      -0.097      -0.052      -0.005       0.004       0.021

 WM3      ON
    WM2              0.090       0.124       0.146       0.249       0.349       0.368       0.402
    WX2             -0.073      -0.057      -0.049      -0.001       0.048       0.056       0.075
    WY2             -0.124      -0.107      -0.097      -0.052      -0.005       0.004       0.021

 X1       ON
    GENDER1          0.436       0.471       0.490       0.585       0.680       0.698       0.731
    AGE1            -0.029       0.000       0.015       0.099       0.182       0.198       0.229
    EDUCATION_      -0.050      -0.030      -0.019       0.034       0.090       0.100       0.120
    EDUCATION_      -0.028      -0.009       0.001       0.051       0.101       0.111       0.129
    UNEMPLOYED      -0.274      -0.227      -0.204      -0.082       0.045       0.072       0.122
    UNEMPLOYED      -0.071      -0.008       0.022       0.181       0.342       0.376       0.434
    FIN1            -0.019      -0.003       0.007       0.055       0.102       0.111       0.127

 X2       ON
    GENDER1          0.254       0.289       0.309       0.409       0.507       0.524       0.566
    AGE1            -0.033      -0.005       0.011       0.095       0.178       0.195       0.226
    EDUCATION_      -0.067      -0.046      -0.036       0.021       0.077       0.089       0.112
    EDUCATION_      -0.035      -0.013      -0.003       0.052       0.107       0.117       0.135
    UNEMPLOYED      -0.242      -0.183      -0.157      -0.029       0.105       0.128       0.179
    UNEMPLOYED      -0.047       0.018       0.051       0.235       0.417       0.454       0.524
    FIN2             0.034       0.053       0.062       0.111       0.161       0.171       0.190

 X3       ON
    GENDER1          0.264       0.302       0.320       0.419       0.519       0.539       0.576
    AGE1            -0.029       0.001       0.017       0.101       0.183       0.199       0.230
    EDUCATION_      -0.060      -0.040      -0.029       0.030       0.087       0.098       0.120
    EDUCATION_      -0.053      -0.031      -0.022       0.034       0.088       0.099       0.120
    UNEMPLOYED      -0.253      -0.198      -0.173      -0.043       0.089       0.116       0.162
    UNEMPLOYED      -0.006       0.061       0.097       0.266       0.436       0.464       0.533
    FIN3             0.010       0.032       0.041       0.095       0.150       0.162       0.183

 Y1       ON
    GENDER1          0.296       0.330       0.347       0.433       0.519       0.535       0.566
    AGE1            -0.128      -0.098      -0.085      -0.009       0.068       0.084       0.113
    EDUCATION_      -0.070      -0.051      -0.041       0.011       0.064       0.074       0.095
    EDUCATION_      -0.097      -0.076      -0.067      -0.015       0.036       0.046       0.064
    UNEMPLOYED      -0.178      -0.139      -0.115       0.006       0.129       0.154       0.201
    UNEMPLOYED      -0.376      -0.315      -0.286      -0.126       0.036       0.069       0.131
    FIN1            -0.207      -0.189      -0.181      -0.136      -0.091      -0.083      -0.068

 Y2       ON
    GENDER1          0.295       0.330       0.349       0.440       0.532       0.549       0.585
    AGE1            -0.129      -0.101      -0.087      -0.012       0.065       0.081       0.110
    EDUCATION_      -0.074      -0.053      -0.043       0.010       0.062       0.072       0.092
    EDUCATION_      -0.099      -0.079      -0.070      -0.016       0.037       0.048       0.069
    UNEMPLOYED      -0.053      -0.008       0.016       0.148       0.278       0.306       0.359
    UNEMPLOYED      -0.404      -0.338      -0.305      -0.124       0.062       0.099       0.170
    FIN2            -0.209      -0.192      -0.182      -0.132      -0.084      -0.075      -0.057

 Y3       ON
    GENDER1          0.259       0.291       0.310       0.400       0.491       0.507       0.541
    AGE1            -0.123      -0.094      -0.080      -0.004       0.073       0.089       0.118
    EDUCATION_      -0.059      -0.041      -0.031       0.021       0.073       0.084       0.105
    EDUCATION_      -0.099      -0.081      -0.072      -0.022       0.027       0.038       0.057
    UNEMPLOYED      -0.140      -0.095      -0.069       0.058       0.188       0.214       0.263
    UNEMPLOYED      -0.449      -0.385      -0.352      -0.185      -0.016       0.017       0.086
    FIN3            -0.227      -0.210      -0.201      -0.156      -0.111      -0.103      -0.086

 M1       ON
    GENDER1         -0.102      -0.084      -0.073      -0.023       0.028       0.037       0.055
    AGE1            -0.029      -0.012      -0.003       0.042       0.087       0.096       0.114
    EDUCATION_      -0.081      -0.069      -0.064      -0.033      -0.002       0.004       0.016
    EDUCATION_      -0.040      -0.028      -0.023       0.006       0.036       0.041       0.052
    UNEMPLOYED      -0.105      -0.076      -0.061       0.013       0.087       0.100       0.127
    UNEMPLOYED      -0.049      -0.006       0.012       0.116       0.218       0.238       0.278
    FIN1             0.057       0.066       0.072       0.098       0.125       0.130       0.140

 M2       ON
    GENDER1         -0.155      -0.133      -0.122      -0.067      -0.013      -0.001       0.020
    AGE1            -0.026      -0.009      -0.001       0.044       0.089       0.098       0.116
    EDUCATION_      -0.077      -0.064      -0.058      -0.025       0.008       0.015       0.027
    EDUCATION_      -0.054      -0.040      -0.034      -0.001       0.031       0.037       0.049
    UNEMPLOYED      -0.154      -0.120      -0.105      -0.021       0.061       0.075       0.108
    UNEMPLOYED      -0.188      -0.144      -0.124      -0.021       0.083       0.106       0.144
    FIN2             0.053       0.064       0.070       0.100       0.130       0.135       0.148

 M3       ON
    GENDER1         -0.114      -0.090      -0.079      -0.018       0.042       0.054       0.076
    AGE1            -0.034      -0.016      -0.008       0.038       0.083       0.092       0.110
    EDUCATION_      -0.076      -0.064      -0.057      -0.022       0.012       0.019       0.034
    EDUCATION_      -0.040      -0.027      -0.021       0.013       0.047       0.053       0.066
    UNEMPLOYED      -0.129      -0.097      -0.082       0.002       0.083       0.099       0.128
    UNEMPLOYED      -0.103      -0.060      -0.037       0.066       0.167       0.187       0.224
    FIN3             0.050       0.061       0.067       0.100       0.132       0.138       0.151

 RIX      WITH
    RIY             -0.100      -0.087      -0.081      -0.049      -0.016      -0.009       0.002
    RIM              0.107       0.115       0.120       0.145       0.166       0.170       0.178

 RIY      WITH
    RIM             -0.124      -0.117      -0.113      -0.094      -0.073      -0.068      -0.060

 WX1      WITH
    WY1             -0.035      -0.025      -0.019       0.007       0.033       0.037       0.048
    WM1              0.014       0.020       0.023       0.040       0.058       0.062       0.068

 WY1      WITH
    WM1             -0.062      -0.053      -0.049      -0.031      -0.014      -0.011      -0.005

 WX2      WITH
    WY2             -0.078      -0.070      -0.066      -0.044      -0.021      -0.017      -0.008
    WM2              0.048       0.053       0.056       0.073       0.088       0.091       0.097

 WY2      WITH
    WM2             -0.076      -0.071      -0.069      -0.057      -0.043      -0.040      -0.034

 WX3      WITH
    WY3             -0.078      -0.070      -0.066      -0.044      -0.021      -0.017      -0.008
    WM3              0.048       0.053       0.056       0.073       0.088       0.091       0.097

 WY3      WITH
    WM3             -0.076      -0.071      -0.069      -0.057      -0.043      -0.040      -0.034

 GENDER1  WITH
    AGE1            -0.020      -0.015      -0.013      -0.001       0.011       0.014       0.018
    EDUCATION_      -0.073      -0.065      -0.060      -0.035      -0.011      -0.006       0.004
    EDUCATION_      -0.059      -0.050      -0.046      -0.022       0.003       0.008       0.018
    UNEMPLOYED      -0.017      -0.014      -0.012      -0.003       0.006       0.008       0.011
    UNEMPLOYED      -0.012      -0.010      -0.008      -0.002       0.005       0.006       0.009
    FIN1            -0.019      -0.012      -0.008       0.014       0.035       0.040       0.048
    FIN2            -0.035      -0.027      -0.022      -0.001       0.020       0.024       0.032
    FIN3            -0.030      -0.021      -0.017       0.006       0.028       0.032       0.040

 AGE1     WITH
    EDUCATION_      -0.075      -0.067      -0.062      -0.037      -0.012      -0.008       0.002
    EDUCATION_      -0.057      -0.049      -0.044      -0.018       0.007       0.012       0.022
    UNEMPLOYED      -0.002       0.001       0.003       0.012       0.021       0.022       0.025
    UNEMPLOYED      -0.009      -0.006      -0.005       0.002       0.008       0.009       0.012
    FIN1            -0.039      -0.031      -0.027      -0.005       0.016       0.020       0.028
    FIN2            -0.044      -0.036      -0.031      -0.010       0.011       0.015       0.022
    FIN3            -0.047      -0.038      -0.035      -0.012       0.010       0.014       0.023

 EDUCATIO WITH
    EDUCATION_       0.373       0.393       0.403       0.452       0.502       0.511       0.530
    UNEMPLOYED      -0.119      -0.111      -0.107      -0.088      -0.068      -0.065      -0.058
    UNEMPLOYED      -0.046      -0.040      -0.038      -0.024      -0.010      -0.007      -0.001
    FIN1             0.048       0.065       0.073       0.118       0.163       0.171       0.189
    FIN2             0.066       0.081       0.089       0.132       0.174       0.182       0.197
    FIN3             0.066       0.084       0.091       0.136       0.181       0.189       0.206

 EDUCATIO WITH
    UNEMPLOYED      -0.086      -0.079      -0.075      -0.057      -0.038      -0.034      -0.027
    UNEMPLOYED      -0.050      -0.046      -0.043      -0.031      -0.019      -0.016      -0.013
    FIN1             0.075       0.091       0.100       0.145       0.190       0.201       0.217
    FIN2             0.108       0.122       0.130       0.173       0.216       0.224       0.241
    FIN3             0.113       0.131       0.140       0.184       0.229       0.238       0.254

 UNEMPLOY WITH
    UNEMPLOYED       0.004       0.006       0.007       0.013       0.020       0.022       0.024
    FIN1            -0.062      -0.055      -0.052      -0.033      -0.015      -0.012      -0.006
    FIN2            -0.055      -0.048      -0.046      -0.029      -0.013      -0.009      -0.004
    FIN3            -0.068      -0.061      -0.058      -0.040      -0.023      -0.020      -0.014

 UNEMPLOY WITH
    FIN1            -0.048      -0.043      -0.040      -0.027      -0.013      -0.010      -0.005
    FIN2            -0.037      -0.033      -0.031      -0.020      -0.009      -0.007      -0.003
    FIN3            -0.040      -0.035      -0.033      -0.020      -0.008      -0.006      -0.001

 FIN1     WITH
    FIN2             0.440       0.455       0.463       0.504       0.545       0.553       0.568
    FIN3             0.419       0.434       0.442       0.484       0.525       0.532       0.551

 FIN2     WITH
    FIN3             0.441       0.456       0.463       0.504       0.543       0.552       0.566

 Means
    GENDER1          0.607       0.617       0.621       0.646       0.671       0.676       0.686
    AGE1            15.598      15.608      15.612      15.638      15.663      15.669      15.679
    EDUCATION_       3.826       3.846       3.855       3.906       3.959       3.968       3.987
    EDUCATION_       3.669       3.690       3.700       3.753       3.806       3.816       3.837
    UNEMPLOYED       0.124       0.132       0.135       0.154       0.173       0.176       0.184
    UNEMPLOYED       0.049       0.054       0.056       0.070       0.083       0.086       0.091
    FIN1             3.683       3.701       3.711       3.755       3.800       3.808       3.826
    FIN2             3.707       3.724       3.732       3.776       3.820       3.828       3.843
    FIN3             3.681       3.698       3.706       3.753       3.799       3.808       3.823

 Intercepts
    X1              -4.546      -4.054      -3.792      -2.472      -1.129      -0.888      -0.430
    X2              -4.546      -4.054      -3.792      -2.472      -1.129      -0.888      -0.430
    X3              -4.546      -4.054      -3.792      -2.472      -1.129      -0.888      -0.430
    Y1              -1.554      -1.076      -0.842       0.401       1.615       1.824       2.288
    Y2              -1.554      -1.076      -0.842       0.401       1.615       1.824       2.288
    Y3              -1.554      -1.076      -0.842       0.401       1.615       1.824       2.288
    M1              -2.091      -1.793      -1.637      -0.924      -0.197      -0.070       0.226
    M2              -2.091      -1.793      -1.637      -0.924      -0.197      -0.070       0.226
    M3              -2.091      -1.793      -1.637      -0.924      -0.197      -0.070       0.226

 Variances
    GENDER1          0.216       0.219       0.221       0.229       0.235       0.236       0.238
    AGE1             0.220       0.223       0.225       0.233       0.240       0.241       0.244
    EDUCATION_       0.886       0.900       0.906       0.946       0.986       0.996       1.012
    EDUCATION_       0.914       0.929       0.938       0.984       1.030       1.039       1.058
    UNEMPLOYED       0.109       0.114       0.117       0.130       0.143       0.145       0.150
    UNEMPLOYED       0.047       0.051       0.053       0.065       0.077       0.079       0.083
    FIN1             0.657       0.671       0.680       0.727       0.771       0.779       0.798
    FIN2             0.618       0.632       0.640       0.684       0.727       0.737       0.753
    FIN3             0.670       0.688       0.698       0.750       0.803       0.814       0.834
    RIX              0.355       0.375       0.384       0.437       0.481       0.490       0.510
    RIY              0.247       0.266       0.276       0.325       0.365       0.374       0.390
    RIM              0.088       0.095       0.099       0.117       0.132       0.135       0.142
    WX1              0.228       0.241       0.248       0.289       0.332       0.340       0.360
    WY1              0.213       0.225       0.230       0.268       0.311       0.320       0.338
    WM1              0.063       0.068       0.070       0.084       0.100       0.104       0.111

 Residual Variances
    X1               0.000       0.000       0.000       0.000       0.000       0.000       0.000
    X2               0.000       0.000       0.000       0.000       0.000       0.000       0.000
    X3               0.000       0.000       0.000       0.000       0.000       0.000       0.000
    Y1               0.000       0.000       0.000       0.000       0.000       0.000       0.000
    Y2               0.000       0.000       0.000       0.000       0.000       0.000       0.000
    Y3               0.000       0.000       0.000       0.000       0.000       0.000       0.000
    M1               0.000       0.000       0.000       0.000       0.000       0.000       0.000
    M2               0.000       0.000       0.000       0.000       0.000       0.000       0.000
    M3               0.000       0.000       0.000       0.000       0.000       0.000       0.000
    WX2              0.260       0.275       0.283       0.326       0.361       0.368       0.383
    WX3              0.260       0.275       0.283       0.326       0.361       0.368       0.383
    WY2              0.263       0.275       0.280       0.313       0.339       0.345       0.355
    WY3              0.263       0.275       0.280       0.313       0.339       0.345       0.355
    WM2              0.125       0.130       0.132       0.145       0.155       0.157       0.161
    WM3              0.125       0.130       0.132       0.145       0.155       0.157       0.161

New/Additional Parameters
    IND             -0.013      -0.009      -0.007       0.000       0.008       0.010       0.015


CONFIDENCE INTERVALS OF STANDARDIZED MODEL RESULTS


STDYX Standardization

                  Lower .5%  Lower 2.5%    Lower 5%    Estimate    Upper 5%  Upper 2.5%   Upper .5%

 RIX      BY
    X1               0.673       0.688       0.695       0.732       0.759       0.765       0.775
    X2               0.665       0.682       0.689       0.729       0.759       0.765       0.776
    X3               0.663       0.678       0.686       0.727       0.758       0.764       0.775

 RIY      BY
    Y1               0.626       0.648       0.658       0.708       0.742       0.749       0.761
    Y2               0.604       0.622       0.632       0.678       0.710       0.716       0.730
    Y3               0.602       0.621       0.630       0.677       0.710       0.717       0.731

 RIM      BY
    M1               0.654       0.680       0.691       0.748       0.785       0.792       0.806
    M2               0.574       0.596       0.605       0.651       0.683       0.689       0.699
    M3               0.564       0.586       0.596       0.645       0.680       0.686       0.697

 WX1      BY
    X1               0.539       0.552       0.558       0.596       0.632       0.640       0.656

 WX2      BY
    X2               0.571       0.586       0.593       0.634       0.672       0.679       0.693

 WX3      BY
    X3               0.571       0.587       0.594       0.635       0.675       0.683       0.697

 WY1      BY
    Y1               0.578       0.593       0.601       0.643       0.688       0.697       0.717

 WY2      BY
    Y2               0.617       0.630       0.637       0.674       0.710       0.718       0.732

 WY3      BY
    Y3               0.619       0.634       0.641       0.679       0.716       0.725       0.740

 WM1      BY
    M1               0.554       0.573       0.582       0.634       0.688       0.699       0.720

 WM2      BY
    M2               0.688       0.700       0.705       0.739       0.773       0.780       0.795

 WM3      BY
    M3               0.691       0.703       0.709       0.745       0.780       0.788       0.803

 WY2      ON
    WY1             -0.027       0.011       0.027       0.118       0.212       0.231       0.272
    WX1             -0.148      -0.127      -0.116      -0.057       0.007       0.019       0.042
    WM1             -0.171      -0.144      -0.132      -0.068      -0.006       0.006       0.028

 WY3      ON
    WY2             -0.029       0.012       0.030       0.128       0.227       0.246       0.288
    WX2             -0.161      -0.137      -0.125      -0.061       0.007       0.019       0.044
    WM2             -0.219      -0.187      -0.173      -0.091      -0.008       0.008       0.037

 WX2      ON
    WX1             -0.099      -0.055      -0.033       0.067       0.162       0.179       0.214
    WY1             -0.128      -0.103      -0.091      -0.025       0.041       0.054       0.079
    WM1             -0.031      -0.004       0.008       0.074       0.145       0.158       0.190

 WX3      ON
    WX2             -0.095      -0.056      -0.034       0.071       0.175       0.194       0.232
    WY2             -0.140      -0.111      -0.099      -0.028       0.045       0.059       0.086
    WM2             -0.042      -0.006       0.011       0.099       0.188       0.205       0.240

 WM2      ON
    WM1              0.065       0.090       0.106       0.186       0.267       0.286       0.318
    WX1             -0.105      -0.080      -0.068      -0.002       0.066       0.078       0.102
    WY1             -0.167      -0.143      -0.130      -0.069      -0.007       0.005       0.028

 WM3      ON
    WM2              0.089       0.123       0.145       0.245       0.339       0.358       0.388
    WX2             -0.106      -0.082      -0.070      -0.002       0.070       0.083       0.111
    WY2             -0.176      -0.153      -0.139      -0.074      -0.007       0.005       0.030

 X1       ON
    GENDER1          0.234       0.252       0.262       0.310       0.357       0.366       0.382
    AGE1            -0.016       0.000       0.008       0.053       0.097       0.106       0.122
    EDUCATION_      -0.055      -0.032      -0.021       0.037       0.096       0.107       0.127
    EDUCATION_      -0.031      -0.010       0.001       0.056       0.111       0.122       0.143
    UNEMPLOYED      -0.108      -0.091      -0.082      -0.033       0.018       0.028       0.048
    UNEMPLOYED      -0.020      -0.002       0.006       0.051       0.095       0.104       0.120
    FIN1            -0.019      -0.003       0.007       0.052       0.096       0.105       0.120

 X2       ON
    GENDER1          0.135       0.154       0.164       0.216       0.265       0.275       0.296
    AGE1            -0.018      -0.003       0.006       0.051       0.095       0.103       0.121
    EDUCATION_      -0.070      -0.049      -0.038       0.022       0.083       0.096       0.119
    EDUCATION_      -0.038      -0.014      -0.003       0.057       0.116       0.128       0.147
    UNEMPLOYED      -0.096      -0.073      -0.063      -0.012       0.042       0.051       0.070
    UNEMPLOYED      -0.013       0.005       0.014       0.066       0.116       0.126       0.146
    FIN2             0.032       0.048       0.056       0.102       0.146       0.155       0.171

 X3       ON
    GENDER1          0.138       0.160       0.169       0.221       0.272       0.281       0.300
    AGE1            -0.016       0.001       0.009       0.054       0.098       0.106       0.122
    EDUCATION_      -0.063      -0.042      -0.031       0.032       0.093       0.104       0.128
    EDUCATION_      -0.057      -0.034      -0.024       0.037       0.096       0.108       0.131
    UNEMPLOYED      -0.101      -0.079      -0.069      -0.017       0.036       0.046       0.064
    UNEMPLOYED      -0.002       0.017       0.026       0.075       0.122       0.131       0.147
    FIN3             0.010       0.030       0.039       0.091       0.142       0.153       0.173

 Y1       ON
    GENDER1          0.178       0.197       0.206       0.257       0.307       0.317       0.336
    AGE1            -0.076      -0.059      -0.051      -0.006       0.041       0.050       0.068
    EDUCATION_      -0.086      -0.062      -0.050       0.013       0.077       0.089       0.113
    EDUCATION_      -0.119      -0.093      -0.083      -0.019       0.044       0.056       0.080
    UNEMPLOYED      -0.079      -0.062      -0.051       0.003       0.058       0.069       0.088
    UNEMPLOYED      -0.118      -0.099      -0.090      -0.040       0.011       0.022       0.043
    FIN1            -0.220      -0.201      -0.192      -0.144      -0.096      -0.087      -0.072

 Y2       ON
    GENDER1          0.168       0.188       0.199       0.250       0.301       0.311       0.330
    AGE1            -0.074      -0.058      -0.050      -0.007       0.038       0.047       0.063
    EDUCATION_      -0.085      -0.061      -0.049       0.011       0.071       0.083       0.106
    EDUCATION_      -0.117      -0.094      -0.082      -0.018       0.043       0.056       0.081
    UNEMPLOYED      -0.023      -0.004       0.007       0.064       0.119       0.130       0.151
    UNEMPLOYED      -0.120      -0.102      -0.092      -0.037       0.019       0.031       0.051
    FIN2            -0.207      -0.188      -0.179      -0.130      -0.082      -0.073      -0.056

 Y3       ON
    GENDER1          0.148       0.166       0.176       0.227       0.278       0.287       0.304
    AGE1            -0.070      -0.054      -0.046      -0.002       0.042       0.051       0.068
    EDUCATION_      -0.069      -0.048      -0.036       0.024       0.084       0.096       0.120
    EDUCATION_      -0.115      -0.095      -0.084      -0.026       0.032       0.045       0.067
    UNEMPLOYED      -0.060      -0.041      -0.030       0.025       0.080       0.091       0.113
    UNEMPLOYED      -0.134      -0.116      -0.106      -0.056      -0.005       0.005       0.026
    FIN3            -0.234      -0.217      -0.208      -0.161      -0.114      -0.106      -0.088

 M1       ON
    GENDER1         -0.107      -0.087      -0.076      -0.024       0.029       0.039       0.058
    AGE1            -0.030      -0.013      -0.004       0.044       0.091       0.101       0.119
    EDUCATION_      -0.172      -0.146      -0.134      -0.070      -0.004       0.009       0.033
    EDUCATION_      -0.086      -0.061      -0.049       0.014       0.077       0.089       0.114
    UNEMPLOYED      -0.083      -0.060      -0.048       0.010       0.069       0.079       0.100
    UNEMPLOYED      -0.027      -0.003       0.007       0.065       0.121       0.131       0.155
    FIN1             0.107       0.123       0.133       0.183       0.231       0.240       0.258

 M2       ON
    GENDER1         -0.140      -0.120      -0.111      -0.061      -0.012      -0.001       0.018
    AGE1            -0.024      -0.009      -0.001       0.040       0.082       0.090       0.106
    EDUCATION_      -0.141      -0.117      -0.107      -0.047       0.015       0.027       0.050
    EDUCATION_      -0.100      -0.076      -0.063      -0.003       0.059       0.071       0.093
    UNEMPLOYED      -0.104      -0.082      -0.072      -0.015       0.042       0.052       0.073
    UNEMPLOYED      -0.091      -0.069      -0.060      -0.010       0.039       0.050       0.070
    FIN2             0.083       0.101       0.110       0.157       0.203       0.212       0.231

 M3       ON
    GENDER1         -0.103      -0.081      -0.071      -0.016       0.037       0.048       0.068
    AGE1            -0.031      -0.015      -0.007       0.034       0.075       0.084       0.101
    EDUCATION_      -0.139      -0.117      -0.104      -0.041       0.022       0.035       0.061
    EDUCATION_      -0.075      -0.051      -0.039       0.023       0.088       0.100       0.123
    UNEMPLOYED      -0.087      -0.066      -0.055       0.001       0.057       0.067       0.087
    UNEMPLOYED      -0.047      -0.028      -0.018       0.032       0.081       0.090       0.108
    FIN3             0.084       0.101       0.110       0.162       0.213       0.223       0.241

 RIX      WITH
    RIY             -0.263      -0.231      -0.215      -0.129      -0.042      -0.025       0.007
    RIM              0.533       0.561       0.574       0.638       0.700       0.712       0.735

 RIY      WITH
    RIM             -0.600      -0.569      -0.555      -0.482      -0.406      -0.391      -0.355

 WX1      WITH
    WY1             -0.127      -0.087      -0.069       0.024       0.119       0.136       0.173
    WM1              0.098       0.140       0.159       0.258       0.352       0.368       0.395

 WY1      WITH
    WM1             -0.362      -0.327      -0.308      -0.206      -0.100      -0.075      -0.035

 WX2      WITH
    WY2             -0.242      -0.217      -0.204      -0.139      -0.069      -0.055      -0.025
    WM2              0.231       0.255       0.268       0.336       0.406       0.417       0.437

 WY2      WITH
    WM2             -0.351      -0.331      -0.322      -0.266      -0.207      -0.195      -0.170

 WX3      WITH
    WY3             -0.242      -0.217      -0.204      -0.139      -0.069      -0.055      -0.025
    WM3              0.231       0.255       0.268       0.336       0.406       0.417       0.437

 WY3      WITH
    WM3             -0.351      -0.331      -0.322      -0.266      -0.207      -0.195      -0.170

 GENDER1  WITH
    AGE1            -0.085      -0.065      -0.056      -0.003       0.050       0.060       0.080
    EDUCATION_      -0.157      -0.139      -0.129      -0.076      -0.023      -0.012       0.009
    EDUCATION_      -0.125      -0.106      -0.096      -0.046       0.007       0.017       0.038
    UNEMPLOYED      -0.101      -0.081      -0.071      -0.017       0.036       0.046       0.066
    UNEMPLOYED      -0.102      -0.079      -0.068      -0.014       0.041       0.051       0.072
    FIN1            -0.047      -0.029      -0.019       0.035       0.087       0.098       0.117
    FIN2            -0.088      -0.067      -0.057      -0.002       0.051       0.061       0.079
    FIN3            -0.072      -0.051      -0.041       0.014       0.068       0.078       0.096

 AGE1     WITH
    EDUCATION_      -0.159      -0.142      -0.132      -0.078      -0.026      -0.016       0.003
    EDUCATION_      -0.119      -0.102      -0.092      -0.038       0.015       0.025       0.047
    UNEMPLOYED      -0.013       0.008       0.017       0.069       0.119       0.127       0.144
    UNEMPLOYED      -0.072      -0.050      -0.039       0.014       0.066       0.075       0.094
    FIN1            -0.096      -0.075      -0.066      -0.013       0.040       0.050       0.069
    FIN2            -0.109      -0.090      -0.078      -0.026       0.027       0.038       0.057
    FIN3            -0.111      -0.092      -0.083      -0.029       0.024       0.035       0.055

 EDUCATIO WITH
    EDUCATION_       0.395       0.414       0.422       0.469       0.515       0.523       0.539
    UNEMPLOYED      -0.326      -0.308      -0.298      -0.250      -0.200      -0.190      -0.172
    UNEMPLOYED      -0.181      -0.159      -0.150      -0.096      -0.040      -0.029      -0.006
    FIN1             0.059       0.079       0.089       0.143       0.195       0.205       0.225
    FIN2             0.082       0.102       0.112       0.164       0.215       0.225       0.243
    FIN3             0.081       0.100       0.109       0.162       0.214       0.224       0.243

 EDUCATIO WITH
    UNEMPLOYED      -0.236      -0.217      -0.207      -0.158      -0.107      -0.098      -0.077
    UNEMPLOYED      -0.188      -0.172      -0.164      -0.122      -0.076      -0.067      -0.051
    FIN1             0.088       0.108       0.118       0.172       0.225       0.237       0.257
    FIN2             0.133       0.151       0.160       0.211       0.261       0.271       0.290
    FIN3             0.134       0.153       0.164       0.214       0.265       0.275       0.293

 UNEMPLOY WITH
    UNEMPLOYED       0.040       0.065       0.078       0.146       0.214       0.230       0.257
    FIN1            -0.197      -0.176      -0.166      -0.108      -0.051      -0.039      -0.019
    FIN2            -0.184      -0.161      -0.152      -0.097      -0.042      -0.031      -0.014
    FIN3            -0.213      -0.193      -0.182      -0.129      -0.076      -0.065      -0.045

 UNEMPLOY WITH
    FIN1            -0.214      -0.192      -0.181      -0.122      -0.062      -0.050      -0.027
    FIN2            -0.169      -0.152      -0.142      -0.093      -0.044      -0.034      -0.016
    FIN3            -0.174      -0.155      -0.145      -0.091      -0.037      -0.026      -0.006

 FIN1     WITH
    FIN2             0.663       0.677       0.684       0.715       0.745       0.751       0.761
    FIN3             0.593       0.607       0.615       0.655       0.693       0.699       0.712

 FIN2     WITH
    FIN3             0.644       0.659       0.667       0.703       0.737       0.742       0.754

 Means
    GENDER1          1.244       1.269       1.280       1.352       1.428       1.444       1.477
    AGE1            31.618      31.784      31.878      32.399      33.018      33.146      33.447
    EDUCATION_       3.851       3.891       3.913       4.016       4.125       4.146       4.185
    EDUCATION_       3.630       3.670       3.688       3.784       3.886       3.903       3.943
    UNEMPLOYED       0.377       0.389       0.395       0.427       0.457       0.463       0.475
    UNEMPLOYED       0.227       0.238       0.243       0.273       0.302       0.308       0.317
    FIN1             4.183       4.239       4.266       4.405       4.564       4.598       4.654
    FIN2             4.332       4.383       4.414       4.566       4.731       4.766       4.821
    FIN3             4.083       4.142       4.172       4.333       4.507       4.547       4.620

 Intercepts
    X1              -5.030      -4.483      -4.189      -2.738      -1.254      -0.994      -0.487
    X2              -5.022      -4.468      -4.191      -2.727      -1.249      -0.982      -0.479
    X3              -5.012      -4.456      -4.178      -2.721      -1.246      -0.981      -0.475
    Y1              -1.932      -1.340      -1.048       0.498       1.996       2.252       2.838
    Y2              -1.853      -1.276      -0.999       0.476       1.918       2.168       2.745
    Y3              -1.850      -1.275      -1.000       0.476       1.913       2.172       2.740
    M1              -4.551      -3.890      -3.573      -2.016      -0.432      -0.153       0.490
    M2              -3.977      -3.407      -3.117      -1.756      -0.377      -0.133       0.429
    M3              -3.940      -3.371      -3.094      -1.740      -0.374      -0.130       0.427

 Variances
    GENDER1          1.000       1.000       1.000       1.000       1.000       1.000       1.000
    AGE1             1.000       1.000       1.000       1.000       1.000       1.000       1.000
    EDUCATION_       1.000       1.000       1.000       1.000       1.000       1.000       1.000
    EDUCATION_       1.000       1.000       1.000       1.000       1.000       1.000       1.000
    UNEMPLOYED       1.000       1.000       1.000       1.000       1.000       1.000       1.000
    UNEMPLOYED       1.000       1.000       1.000       1.000       1.000       1.000       1.000
    FIN1             1.000       1.000       1.000       1.000       1.000       1.000       1.000
    FIN2             1.000       1.000       1.000       1.000       1.000       1.000       1.000
    FIN3             1.000       1.000       1.000       1.000       1.000       1.000       1.000
    RIX              1.000       1.000       1.000       1.000       1.000       1.000       1.000
    RIY              1.000       1.000       1.000       1.000       1.000       1.000       1.000
    RIM              1.000       1.000       1.000       1.000       1.000       1.000       1.000
    WX1              1.000       1.000       1.000       1.000       1.000       1.000       1.000
    WY1              1.000       1.000       1.000       1.000       1.000       1.000       1.000
    WM1              1.000       1.000       1.000       1.000       1.000       1.000       1.000

 Residual Variances
    X1               0.000       0.000       0.000       0.000       0.000       0.000       0.000
    X2               0.000       0.000       0.000       0.000       0.000       0.000       0.000
    X3               0.000       0.000       0.000       0.000       0.000       0.000       0.000
    Y1               0.000       0.000       0.000       0.000       0.000       0.000       0.000
    Y2               0.000       0.000       0.000       0.000       0.000       0.000       0.000
    Y3               0.000       0.000       0.000       0.000       0.000       0.000       0.000
    M1               0.000       0.000       0.000       0.000       0.000       0.000       0.000
    M2               0.000       0.000       0.000       0.000       0.000       0.000       0.000
    M3               0.000       0.000       0.000       0.000       0.000       0.000       0.000
    WX2              0.932       0.946       0.954       0.986       0.996       0.997       0.999
    WX3              0.901       0.921       0.932       0.977       0.994       0.996       0.999
    WY2              0.906       0.926       0.935       0.973       0.990       0.992       0.996
    WY3              0.872       0.897       0.907       0.959       0.985       0.988       0.995
    WM2              0.879       0.901       0.910       0.956       0.980       0.984       0.989
    WM3              0.824       0.848       0.860       0.924       0.965       0.972       0.982


     Beginning Time:  17:33:41
        Ending Time:  17:43:33
       Elapsed Time:  00:09:52



MUTHEN & MUTHEN
3463 Stoner Ave.
Los Angeles, CA  90066

Tel: (310) 391-9971
Fax: (310) 391-8971
Web: www.StatModel.com
Support: Support@StatModel.com

Copyright (c) 1998-2023 Muthen & Muthen
