Mplus VERSION 8.9
MUTHEN & MUTHEN
01/22/2025   5:43 PM

INPUT INSTRUCTIONS

  DATA:
    FILE IS "mplus.dat";
  VARIABLE:
    MISSING ARE ALL (-99);
    NAMES ARE id Gender1 Age1 Education_mother1 Education_father1
    unemployed_mother1 unemployed_father1 Fin1 Fin2 Fin3 Personal1
    Personal2 Personal3 Public1 Public2 Public3 Collective1
    Collective2 Collective3 Relational1 Relational2
    Relational3 Autonomy1 Autonomy2 Autonomy3 Relatedness1 Relatedness2
    Relatedness3 Competence1 Competence2 Competence3
    PA1 PA2 PA3 NA1 NA2 NA3 SWLS1 SWLS2 SWLS3;

  usevar =
  Gender1 Age1 Education_mother1 Education_father1
  unemployed_mother1 unemployed_father1 Fin1 Fin2 Fin3
  x1-x3 y1-y3 m1-m3 ;

  define:
  x1 = Personal1;
  x2 = Personal2;
  x3 = Personal3;

  m1 = Relatedness1;
  m2 = Relatedness2;
  m3 = Relatedness3;

  y1 = NA1;
  y2 = NA2;
  y3 = NA3;



  analysis:

  MODEL = NOCOV;
  bootstrap = 10000;


  MODEL:
  RIx BY x1@1 x2@1 x3@1;
  RIy BY y1@1 y2@1 y3@1;
  RIm BY m1@1 m2@1 m3@1;



  wx1 BY x1@1;
  wx2 BY x2@1;
  wx3 BY x3@1;



  wy1 BY y1@1;
  wy2 BY y2@1;
  wy3 BY y3@1;



  wm1 By m1@1;
  wm2 By m2@1;
  wm3 By m3@1;


  x1-m3@0;


  wy2 ON wy1 (a );
  wy3 ON wy2 (a );


  wx2 ON wx1 (b );
  wx3 ON wx2 (b );


  wm2 ON wm1  (c);
  wm3 ON wm2  (c);


  wy2 ON  wx1 wm1  (d e);
  wy3 ON  wx2 wm2  (d e);


  wx2 ON wy1 wm1  (f j);
  wx3 ON wy2 wm2  (f j);


  wm2 ON wx1 wy1   (h i);
  wm3 ON wx2 wy2   (h i);


  RIx RIy RIm  with RIx RIy RIm ;

  wx1 wy1 wm1 with wx1 wy1 wm1;
  wx2 wy2 wm2 with wx2 wy2 wm2 (cov1 cov2 cov3);
  wx3 wy3 wm3 with wx3 wy3 wm3 (cov1 cov2 cov3);

  wx2 (vx); wy2 (vy); wm2 (vm);
  wx3 (vx); wy3 (vy); wm3 (vm);

  x1-m3 on Gender1 Age1 Education_mother1 Education_father1
  unemployed_mother1 unemployed_father1 ;

  x1 y1 m1 on Fin1;
  x2 y2 m2 on Fin2;
  x3 y3 m3 on Fin3;

  Gender1 -Fin3 with Gender1 -Fin3;

  [x1-x3] (mx);
  [m1-m3] (mm);
  [y1-y3] (my);

  model constraint:
  new (ind);
  ind = h*e;

  output: cinterval (boot) stdyx;



*** WARNING in VARIABLE command
  Note that only the first 8 characters of variable names are used in the output.
  Shorten variable names to avoid any confusion.
   1 WARNING(S) FOUND IN THE INPUT INSTRUCTIONS




SUMMARY OF ANALYSIS

Number of groups                                                 1
Number of observations                                         971

Number of dependent variables                                    9
Number of independent variables                                  9
Number of continuous latent variables                           12

Observed dependent variables

  Continuous
   X1          X2          X3          Y1          Y2          Y3
   M1          M2          M3

Observed independent variables
   GENDER1     AGE1        EDUCATIO    EDUCATIO    UNEMPLOY    UNEMPLOY
   FIN1        FIN2        FIN3

Continuous latent variables
   RIX         RIY         RIM         WX1         WX2         WX3
   WY1         WY2         WY3         WM1         WM2         WM3


Estimator                                                       ML
Information matrix                                        OBSERVED
Maximum number of iterations                                  1000
Convergence criterion                                    0.500D-04
Maximum number of steepest descent iterations                   20
Maximum number of iterations for H1                           2000
Convergence criterion for H1                             0.100D-03
Number of bootstrap draws
    Requested                                                10000
    Completed                                                10000

Input data file(s)
  mplus.dat

Input data format  FREE


SUMMARY OF DATA

     Number of missing data patterns            19


COVARIANCE COVERAGE OF DATA

Minimum covariance coverage value   0.100


     PROPORTION OF DATA PRESENT


           Covariance Coverage
              X1            X2            X3            Y1            Y2
              ________      ________      ________      ________      ________
 X1             1.000
 X2             1.000         1.000
 X3             1.000         1.000         1.000
 Y1             1.000         1.000         1.000         1.000
 Y2             1.000         1.000         1.000         1.000         1.000
 Y3             1.000         1.000         1.000         1.000         1.000
 M1             1.000         1.000         1.000         1.000         1.000
 M2             1.000         1.000         1.000         1.000         1.000
 M3             1.000         1.000         1.000         1.000         1.000
 GENDER1        0.998         0.998         0.998         0.998         0.998
 AGE1           0.999         0.999         0.999         0.999         0.999
 EDUCATIO       0.994         0.994         0.994         0.994         0.994
 EDUCATIO       0.991         0.991         0.991         0.991         0.991
 UNEMPLOY       0.992         0.992         0.992         0.992         0.992
 UNEMPLOY       0.974         0.974         0.974         0.974         0.974
 FIN1           0.994         0.994         0.994         0.994         0.994
 FIN2           0.991         0.991         0.991         0.991         0.991
 FIN3           0.991         0.991         0.991         0.991         0.991


           Covariance Coverage
              Y3            M1            M2            M3            GENDER1
              ________      ________      ________      ________      ________
 Y3             1.000
 M1             1.000         1.000
 M2             1.000         1.000         1.000
 M3             1.000         1.000         1.000         1.000
 GENDER1        0.998         0.998         0.998         0.998         0.998
 AGE1           0.999         0.999         0.999         0.999         0.997
 EDUCATIO       0.994         0.994         0.994         0.994         0.992
 EDUCATIO       0.991         0.991         0.991         0.991         0.989
 UNEMPLOY       0.992         0.992         0.992         0.992         0.990
 UNEMPLOY       0.974         0.974         0.974         0.974         0.972
 FIN1           0.994         0.994         0.994         0.994         0.992
 FIN2           0.991         0.991         0.991         0.991         0.990
 FIN3           0.991         0.991         0.991         0.991         0.989


           Covariance Coverage
              AGE1          EDUCATIO      EDUCATIO      UNEMPLOY      UNEMPLOY
              ________      ________      ________      ________      ________
 AGE1           0.999
 EDUCATIO       0.993         0.994
 EDUCATIO       0.990         0.987         0.991
 UNEMPLOY       0.991         0.989         0.984         0.992
 UNEMPLOY       0.973         0.969         0.970         0.968         0.974
 FIN1           0.993         0.989         0.986         0.988         0.969
 FIN2           0.990         0.985         0.981         0.982         0.965
 FIN3           0.990         0.985         0.981         0.982         0.965


           Covariance Coverage
              FIN1          FIN2          FIN3
              ________      ________      ________
 FIN1           0.994
 FIN2           0.986         0.991
 FIN3           0.986         0.984         0.991



UNIVARIATE SAMPLE STATISTICS


     UNIVARIATE HIGHER-ORDER MOMENT DESCRIPTIVE STATISTICS

         Variable/         Mean/     Skewness/   Minimum/ % with                Percentiles
        Sample Size      Variance    Kurtosis    Maximum  Min/Max      20%/60%    40%/80%    Median

     X1                   -0.019      -0.225      -3.871    0.10%      -0.751     -0.228      0.011
             971.000       0.796       0.179       2.389    0.10%       0.224      0.753
     X2                   -0.012       0.007      -3.561    0.10%      -0.779     -0.282     -0.045
             971.000       0.821      -0.194       2.554    0.10%       0.191      0.815
     X3                   -0.010      -0.051      -4.397    0.10%      -0.784     -0.280     -0.039
             971.000       0.852       0.065       2.669    0.10%       0.202      0.811
     Y1                    0.000       0.647      -1.361    0.82%      -0.714     -0.372     -0.139
             971.000       0.671      -0.161       2.447    0.10%       0.073      0.669
     Y2                    0.000       0.519      -1.447    1.03%      -0.756     -0.389     -0.139
             971.000       0.744      -0.415       2.501    0.10%       0.124      0.732
     Y3                    0.000       0.473      -1.410    1.44%      -0.720     -0.353     -0.151
             971.000       0.706      -0.249       2.551    0.10%       0.184      0.683
     M1                   -0.034      -0.538      -1.942    0.10%      -0.486     -0.142      0.034
             971.000       0.243      -0.181       0.793    1.24%       0.182      0.446
     M2                   -0.029      -0.424      -1.864    0.10%      -0.518     -0.166      0.029
             971.000       0.294      -0.219       0.934    2.37%       0.184      0.487
     M3                   -0.033      -0.375      -2.113    0.10%      -0.528     -0.198      0.016
             971.000       0.356      -0.467       1.004    2.16%       0.216      0.541
     GENDER1               0.646      -0.611       0.000   35.40%       0.000      1.000      1.000
             969.000       0.229      -1.627       1.000   64.60%       1.000      1.000
     AGE1                 15.638      -0.547      15.000   36.29%      15.000     16.000     16.000
             970.000       0.233      -1.625      17.000    0.10%      16.000     16.000
     EDUCATION_MOTHE       3.907      -0.084       1.000    0.31%       3.000      3.000      4.000
             965.000       0.945      -1.378       5.000   39.17%       4.000      5.000
     EDUCATION_FATHE       3.754       0.093       1.000    0.62%       3.000      3.000      3.000
             962.000       0.984      -1.211       5.000   33.78%       4.000      5.000
     UNEMPLOYED_MOTH       0.154       1.921       0.000   84.63%       0.000      0.000      0.000
             963.000       0.130       1.688       1.000   15.37%       0.000      0.000
     UNEMPLOYED_FATH       0.070       3.378       0.000   93.02%       0.000      0.000      0.000
             946.000       0.065       9.408       1.000    6.98%       0.000      0.000
     FIN1                  3.754      -0.071       1.000    0.31%       3.000      3.000      4.000
             965.000       0.726      -0.634       5.000   21.55%       4.000      5.000
     FIN2                  3.777      -0.071       1.000    0.42%       3.000      4.000      4.000
             962.000       0.685      -0.517       5.000   21.21%       4.000      5.000
     FIN3                  3.756      -0.179       1.000    0.94%       3.000      3.000      4.000
             962.000       0.750      -0.296       5.000   21.93%       4.000      5.000


THE MODEL ESTIMATION TERMINATED NORMALLY



MODEL FIT INFORMATION

Number of Free Parameters                      147

Loglikelihood

          H0 Value                      -14997.087
          H1 Value                      -14939.965

Information Criteria

          Akaike (AIC)                   30288.174
          Bayesian (BIC)                 31005.288
          Sample-Size Adjusted BIC       30538.417
            (n* = (n + 2) / 24)

Chi-Square Test of Model Fit

          Value                            114.243
          Degrees of Freedom                    42
          P-Value                           0.0000

RMSEA (Root Mean Square Error Of Approximation)

          Estimate                           0.042
          90 Percent C.I.                    0.033  0.051
          Probability RMSEA <= .05           0.916

CFI/TLI

          CFI                                0.982
          TLI                                0.949

Chi-Square Test of Model Fit for the Baseline Model

          Value                           4086.858
          Degrees of Freedom                   117
          P-Value                           0.0000

SRMR (Standardized Root Mean Square Residual)

          Value                              0.036



MODEL RESULTS

                                                    Two-Tailed
                    Estimate       S.E.  Est./S.E.    P-Value

 RIX      BY
    X1                 1.000      0.000    999.000    999.000
    X2                 1.000      0.000    999.000    999.000
    X3                 1.000      0.000    999.000    999.000

 RIY      BY
    Y1                 1.000      0.000    999.000    999.000
    Y2                 1.000      0.000    999.000    999.000
    Y3                 1.000      0.000    999.000    999.000

 RIM      BY
    M1                 1.000      0.000    999.000    999.000
    M2                 1.000      0.000    999.000    999.000
    M3                 1.000      0.000    999.000    999.000

 WX1      BY
    X1                 1.000      0.000    999.000    999.000

 WX2      BY
    X2                 1.000      0.000    999.000    999.000

 WX3      BY
    X3                 1.000      0.000    999.000    999.000

 WY1      BY
    Y1                 1.000      0.000    999.000    999.000

 WY2      BY
    Y2                 1.000      0.000    999.000    999.000

 WY3      BY
    Y3                 1.000      0.000    999.000    999.000

 WM1      BY
    M1                 1.000      0.000    999.000    999.000

 WM2      BY
    M2                 1.000      0.000    999.000    999.000

 WM3      BY
    M3                 1.000      0.000    999.000    999.000

 WY2      ON
    WY1                0.158      0.064      2.475      0.013
    WX1               -0.097      0.041     -2.339      0.019
    WM1               -0.008      0.057     -0.144      0.885

 WY3      ON
    WY2                0.158      0.064      2.475      0.013
    WX2               -0.097      0.041     -2.339      0.019
    WM2               -0.008      0.057     -0.144      0.885

 WX2      ON
    WX1                0.099      0.066      1.493      0.135
    WY1               -0.054      0.047     -1.162      0.245
    WM1                0.116      0.066      1.766      0.077

 WX3      ON
    WX2                0.099      0.066      1.493      0.135
    WY2               -0.054      0.047     -1.162      0.245
    WM2                0.116      0.066      1.766      0.077

 WM2      ON
    WM1                0.190      0.057      3.342      0.001
    WX1                0.018      0.033      0.560      0.575
    WY1               -0.047      0.032     -1.470      0.142

 WM3      ON
    WM2                0.190      0.057      3.342      0.001
    WX2                0.018      0.033      0.560      0.575
    WY2               -0.047      0.032     -1.470      0.142

 X1       ON
    GENDER1            0.585      0.058     10.077      0.000
    AGE1               0.094      0.051      1.856      0.063
    EDUCATION_         0.034      0.033      1.023      0.306
    EDUCATION_         0.051      0.031      1.658      0.097
    UNEMPLOYED        -0.081      0.076     -1.062      0.288
    UNEMPLOYED         0.182      0.097      1.882      0.060
    FIN1               0.058      0.029      1.996      0.046

 X2       ON
    GENDER1            0.408      0.060      6.782      0.000
    AGE1               0.091      0.051      1.798      0.072
    EDUCATION_         0.021      0.035      0.598      0.550
    EDUCATION_         0.052      0.033      1.584      0.113
    UNEMPLOYED        -0.029      0.080     -0.358      0.720
    UNEMPLOYED         0.233      0.110      2.111      0.035
    FIN2               0.110      0.030      3.663      0.000

 X3       ON
    GENDER1            0.419      0.061      6.924      0.000
    AGE1               0.097      0.050      1.924      0.054
    EDUCATION_         0.030      0.035      0.861      0.389
    EDUCATION_         0.033      0.033      1.005      0.315
    UNEMPLOYED        -0.043      0.080     -0.537      0.592
    UNEMPLOYED         0.267      0.103      2.583      0.010
    FIN3               0.095      0.034      2.819      0.005

 Y1       ON
    GENDER1            0.433      0.053      8.233      0.000
    AGE1              -0.005      0.046     -0.118      0.906
    EDUCATION_         0.011      0.032      0.339      0.735
    EDUCATION_        -0.015      0.031     -0.475      0.635
    UNEMPLOYED         0.007      0.074      0.093      0.926
    UNEMPLOYED        -0.126      0.098     -1.282      0.200
    FIN1              -0.134      0.027     -4.983      0.000

 Y2       ON
    GENDER1            0.441      0.056      7.904      0.000
    AGE1              -0.008      0.046     -0.171      0.864
    EDUCATION_         0.010      0.032      0.314      0.753
    EDUCATION_        -0.016      0.032     -0.485      0.628
    UNEMPLOYED         0.148      0.080      1.854      0.064
    UNEMPLOYED        -0.122      0.112     -1.096      0.273
    FIN2              -0.130      0.030     -4.399      0.000

 Y3       ON
    GENDER1            0.401      0.055      7.322      0.000
    AGE1               0.000      0.046     -0.005      0.996
    EDUCATION_         0.021      0.032      0.663      0.507
    EDUCATION_        -0.022      0.030     -0.734      0.463
    UNEMPLOYED         0.058      0.078      0.739      0.460
    UNEMPLOYED        -0.185      0.102     -1.809      0.070
    FIN3              -0.156      0.028     -5.647      0.000

 M1       ON
    GENDER1            0.153      0.033      4.599      0.000
    AGE1               0.027      0.028      0.959      0.338
    EDUCATION_        -0.029      0.019     -1.486      0.137
    EDUCATION_         0.016      0.018      0.904      0.366
    UNEMPLOYED        -0.047      0.045     -1.032      0.302
    UNEMPLOYED         0.065      0.062      1.051      0.293
    FIN1               0.098      0.017      5.677      0.000

 M2       ON
    GENDER1            0.075      0.036      2.064      0.039
    AGE1               0.027      0.028      0.957      0.339
    EDUCATION_        -0.005      0.020     -0.232      0.817
    EDUCATION_        -0.014      0.020     -0.679      0.497
    UNEMPLOYED        -0.045      0.051     -0.878      0.380
    UNEMPLOYED         0.008      0.069      0.115      0.908
    FIN2               0.119      0.019      6.266      0.000

 M3       ON
    GENDER1            0.179      0.040      4.439      0.000
    AGE1               0.017      0.028      0.622      0.534
    EDUCATION_         0.003      0.023      0.115      0.909
    EDUCATION_         0.014      0.022      0.631      0.528
    UNEMPLOYED        -0.084      0.054     -1.538      0.124
    UNEMPLOYED         0.126      0.078      1.621      0.105
    FIN3               0.103      0.021      4.933      0.000

 RIX      WITH
    RIY               -0.041      0.020     -2.061      0.039
    RIM                0.111      0.014      7.780      0.000

 RIY      WITH
    RIM               -0.096      0.012     -7.788      0.000

 WX1      WITH
    WY1                0.006      0.016      0.388      0.698
    WM1                0.026      0.012      2.180      0.029

 WY1      WITH
    WM1               -0.019      0.012     -1.625      0.104

 WX2      WITH
    WY2               -0.052      0.014     -3.726      0.000
    WM2                0.075      0.010      7.163      0.000

 WY2      WITH
    WM2               -0.056      0.009     -6.099      0.000

 WX3      WITH
    WY3               -0.052      0.014     -3.726      0.000
    WM3                0.075      0.010      7.163      0.000

 WY3      WITH
    WM3               -0.056      0.009     -6.099      0.000

 GENDER1  WITH
    AGE1              -0.001      0.007     -0.089      0.929
    EDUCATION_        -0.036      0.015     -2.372      0.018
    EDUCATION_        -0.022      0.015     -1.454      0.146
    UNEMPLOYED        -0.003      0.006     -0.506      0.613
    UNEMPLOYED        -0.002      0.004     -0.417      0.677
    FIN1               0.014      0.013      1.086      0.277
    FIN2              -0.001      0.013     -0.077      0.938
    FIN3               0.006      0.014      0.440      0.660

 AGE1     WITH
    EDUCATION_        -0.037      0.015     -2.447      0.014
    EDUCATION_        -0.018      0.015     -1.177      0.239
    UNEMPLOYED         0.012      0.005      2.228      0.026
    UNEMPLOYED         0.002      0.004      0.424      0.671
    FIN1              -0.005      0.013     -0.409      0.682
    FIN2              -0.010      0.013     -0.814      0.416
    FIN3              -0.012      0.014     -0.908      0.364

 EDUCATIO WITH
    EDUCATION_         0.452      0.030     14.916      0.000
    UNEMPLOYED        -0.088      0.012     -7.482      0.000
    UNEMPLOYED        -0.024      0.009     -2.745      0.006
    FIN1               0.118      0.027      4.342      0.000
    FIN2               0.132      0.026      5.105      0.000
    FIN3               0.136      0.027      4.973      0.000

 EDUCATIO WITH
    UNEMPLOYED        -0.057      0.011     -4.927      0.000
    UNEMPLOYED        -0.031      0.007     -4.108      0.000
    FIN1               0.145      0.028      5.237      0.000
    FIN2               0.173      0.026      6.603      0.000
    FIN3               0.184      0.027      6.792      0.000

 UNEMPLOY WITH
    UNEMPLOYED         0.013      0.004      3.273      0.001
    FIN1              -0.033      0.011     -3.020      0.003
    FIN2              -0.029      0.010     -2.892      0.004
    FIN3              -0.040      0.010     -3.869      0.000

 UNEMPLOY WITH
    FIN1              -0.026      0.008     -3.176      0.001
    FIN2              -0.020      0.007     -2.979      0.003
    FIN3              -0.020      0.008     -2.673      0.008

 FIN1     WITH
    FIN2               0.504      0.025     20.369      0.000
    FIN3               0.484      0.025     19.221      0.000

 FIN2     WITH
    FIN3               0.504      0.024     20.765      0.000

 Means
    GENDER1            0.647      0.015     42.494      0.000
    AGE1              15.638      0.016   1007.253      0.000
    EDUCATION_         3.906      0.031    124.234      0.000
    EDUCATION_         3.754      0.032    116.446      0.000
    UNEMPLOYED         0.154      0.012     13.353      0.000
    UNEMPLOYED         0.070      0.008      8.377      0.000
    FIN1               3.755      0.027    138.350      0.000
    FIN2               3.776      0.027    141.630      0.000
    FIN3               3.753      0.028    133.422      0.000

 Intercepts
    X1                -2.407      0.809     -2.974      0.003
    X2                -2.407      0.809     -2.974      0.003
    X3                -2.407      0.809     -2.974      0.003
    Y1                 0.332      0.738      0.450      0.653
    Y2                 0.332      0.738      0.450      0.653
    Y3                 0.332      0.738      0.450      0.653
    M1                -0.869      0.451     -1.929      0.054
    M2                -0.869      0.451     -1.929      0.054
    M3                -0.869      0.451     -1.929      0.054

 Variances
    GENDER1            0.229      0.004     51.239      0.000
    AGE1               0.233      0.005     50.730      0.000
    EDUCATION_         0.946      0.024     38.668      0.000
    EDUCATION_         0.983      0.028     34.940      0.000
    UNEMPLOYED         0.130      0.008     16.318      0.000
    UNEMPLOYED         0.065      0.007      9.065      0.000
    FIN1               0.727      0.028     26.416      0.000
    FIN2               0.684      0.027     25.739      0.000
    FIN3               0.750      0.032     23.572      0.000
    RIX                0.428      0.030     14.423      0.000
    RIY                0.320      0.028     11.624      0.000
    RIM                0.110      0.011      9.929      0.000
    WX1                0.287      0.025     11.321      0.000
    WY1                0.270      0.025     10.851      0.000
    WM1                0.117      0.011     10.574      0.000

 Residual Variances
    X1                 0.000      0.000    999.000    999.000
    X2                 0.000      0.000    999.000    999.000
    X3                 0.000      0.000    999.000    999.000
    Y1                 0.000      0.000    999.000    999.000
    Y2                 0.000      0.000    999.000    999.000
    Y3                 0.000      0.000    999.000    999.000
    M1                 0.000      0.000    999.000    999.000
    M2                 0.000      0.000    999.000    999.000
    M3                 0.000      0.000    999.000    999.000
    WX2                0.335      0.024     13.669      0.000
    WX3                0.335      0.024     13.669      0.000
    WY2                0.318      0.018     17.506      0.000
    WY3                0.318      0.018     17.506      0.000
    WM2                0.184      0.009     21.437      0.000
    WM3                0.184      0.009     21.437      0.000

New/Additional Parameters
    IND                0.000      0.002     -0.072      0.943


STANDARDIZED MODEL RESULTS


STDYX Standardization

                                                    Two-Tailed
                    Estimate       S.E.  Est./S.E.    P-Value

 RIX      BY
    X1                 0.730      0.020     35.871      0.000
    X2                 0.721      0.022     33.481      0.000
    X3                 0.719      0.022     32.225      0.000

 RIY      BY
    Y1                 0.705      0.026     26.725      0.000
    Y2                 0.673      0.025     27.335      0.000
    Y3                 0.672      0.025     26.720      0.000

 RIM      BY
    M1                 0.676      0.032     21.280      0.000
    M2                 0.595      0.026     22.577      0.000
    M3                 0.584      0.028     21.207      0.000

 WX1      BY
    X1                 0.597      0.023     25.915      0.000

 WX2      BY
    X2                 0.643      0.024     27.210      0.000

 WX3      BY
    X3                 0.645      0.024     26.406      0.000

 WY1      BY
    Y1                 0.647      0.027     23.799      0.000

 WY2      BY
    Y2                 0.680      0.023     29.711      0.000

 WY3      BY
    Y3                 0.684      0.024     28.766      0.000

 WM1      BY
    M1                 0.697      0.029     23.635      0.000

 WM2      BY
    M2                 0.781      0.020     39.057      0.000

 WM3      BY
    M3                 0.776      0.020     37.871      0.000

 WY2      ON
    WY1                0.144      0.059      2.436      0.015
    WX1               -0.091      0.038     -2.370      0.018
    WM1               -0.005      0.034     -0.144      0.886

 WY3      ON
    WY2                0.157      0.063      2.494      0.013
    WX2               -0.098      0.042     -2.317      0.020
    WM2               -0.006      0.043     -0.144      0.885

 WX2      ON
    WX1                0.091      0.060      1.525      0.127
    WY1               -0.048      0.042     -1.157      0.247
    WM1                0.068      0.039      1.736      0.083

 WX3      ON
    WX2                0.098      0.066      1.501      0.133
    WY2               -0.053      0.045     -1.162      0.245
    WM2                0.086      0.049      1.754      0.080

 WM2      ON
    WM1                0.149      0.047      3.200      0.001
    WX1                0.022      0.040      0.558      0.577
    WY1               -0.056      0.038     -1.464      0.143

 WM3      ON
    WM2                0.188      0.056      3.387      0.001
    WX2                0.024      0.043      0.558      0.577
    WY2               -0.061      0.042     -1.465      0.143

 X1       ON
    GENDER1            0.312      0.029     10.712      0.000
    AGE1               0.051      0.027      1.856      0.063
    EDUCATION_         0.037      0.036      1.028      0.304
    EDUCATION_         0.056      0.034      1.659      0.097
    UNEMPLOYED        -0.032      0.031     -1.063      0.288
    UNEMPLOYED         0.052      0.027      1.900      0.057
    FIN1               0.055      0.027      1.998      0.046

 X2       ON
    GENDER1            0.215      0.031      6.944      0.000
    AGE1               0.049      0.027      1.795      0.073
    EDUCATION_         0.022      0.037      0.598      0.550
    EDUCATION_         0.057      0.036      1.586      0.113
    UNEMPLOYED        -0.011      0.032     -0.359      0.720
    UNEMPLOYED         0.065      0.031      2.119      0.034
    FIN2               0.100      0.027      3.687      0.000

 X3       ON
    GENDER1            0.220      0.031      7.067      0.000
    AGE1               0.051      0.027      1.922      0.055
    EDUCATION_         0.032      0.037      0.861      0.389
    EDUCATION_         0.036      0.036      1.007      0.314
    UNEMPLOYED        -0.017      0.032     -0.538      0.590
    UNEMPLOYED         0.075      0.029      2.586      0.010
    FIN3               0.090      0.032      2.850      0.004

 Y1       ON
    GENDER1            0.258      0.031      8.418      0.000
    AGE1              -0.003      0.028     -0.118      0.906
    EDUCATION_         0.013      0.039      0.339      0.735
    EDUCATION_        -0.018      0.039     -0.475      0.634
    UNEMPLOYED         0.003      0.033      0.093      0.926
    UNEMPLOYED        -0.040      0.031     -1.289      0.197
    FIN1              -0.143      0.029     -4.966      0.000

 Y2       ON
    GENDER1            0.251      0.031      8.077      0.000
    AGE1              -0.005      0.026     -0.171      0.864
    EDUCATION_         0.012      0.037      0.314      0.753
    EDUCATION_        -0.018      0.038     -0.485      0.628
    UNEMPLOYED         0.064      0.034      1.864      0.062
    UNEMPLOYED        -0.037      0.034     -1.103      0.270
    FIN2              -0.128      0.029     -4.383      0.000

 Y3       ON
    GENDER1            0.228      0.031      7.389      0.000
    AGE1               0.000      0.026     -0.005      0.996
    EDUCATION_         0.024      0.037      0.665      0.506
    EDUCATION_        -0.026      0.035     -0.735      0.462
    UNEMPLOYED         0.025      0.034      0.742      0.458
    UNEMPLOYED        -0.056      0.031     -1.822      0.068
    FIN3              -0.160      0.029     -5.581      0.000

 M1       ON
    GENDER1            0.149      0.032      4.627      0.000
    AGE1               0.026      0.028      0.960      0.337
    EDUCATION_        -0.057      0.038     -1.495      0.135
    EDUCATION_         0.033      0.037      0.906      0.365
    UNEMPLOYED        -0.035      0.033     -1.035      0.301
    UNEMPLOYED         0.034      0.032      1.060      0.289
    FIN1               0.171      0.030      5.680      0.000

 M2       ON
    GENDER1            0.064      0.031      2.061      0.039
    AGE1               0.023      0.024      0.955      0.339
    EDUCATION_        -0.008      0.035     -0.232      0.817
    EDUCATION_        -0.024      0.036     -0.679      0.497
    UNEMPLOYED        -0.029      0.033     -0.880      0.379
    UNEMPLOYED         0.004      0.032      0.116      0.908
    FIN2               0.176      0.028      6.231      0.000

 M3       ON
    GENDER1            0.151      0.034      4.478      0.000
    AGE1               0.015      0.024      0.621      0.534
    EDUCATION_         0.005      0.040      0.115      0.909
    EDUCATION_         0.025      0.039      0.632      0.528
    UNEMPLOYED        -0.053      0.034     -1.548      0.122
    UNEMPLOYED         0.057      0.035      1.629      0.103
    FIN3               0.158      0.032      5.003      0.000

 RIX      WITH
    RIY               -0.111      0.054     -2.063      0.039
    RIM                0.510      0.049     10.308      0.000

 RIY      WITH
    RIM               -0.513      0.053     -9.716      0.000

 WX1      WITH
    WY1                0.022      0.058      0.387      0.699
    WM1                0.144      0.061      2.362      0.018

 WY1      WITH
    WM1               -0.106      0.063     -1.682      0.092

 WX2      WITH
    WY2               -0.160      0.042     -3.836      0.000
    WM2                0.303      0.040      7.545      0.000

 WY2      WITH
    WM2               -0.232      0.036     -6.512      0.000

 WX3      WITH
    WY3               -0.160      0.042     -3.836      0.000
    WM3                0.303      0.040      7.545      0.000

 WY3      WITH
    WM3               -0.232      0.036     -6.512      0.000

 GENDER1  WITH
    AGE1              -0.003      0.032     -0.089      0.929
    EDUCATION_        -0.076      0.032     -2.368      0.018
    EDUCATION_        -0.046      0.032     -1.454      0.146
    UNEMPLOYED        -0.016      0.032     -0.505      0.614
    UNEMPLOYED        -0.014      0.033     -0.416      0.677
    FIN1               0.035      0.032      1.087      0.277
    FIN2              -0.003      0.033     -0.077      0.939
    FIN3               0.014      0.033      0.440      0.660

 AGE1     WITH
    EDUCATION_        -0.078      0.032     -2.444      0.015
    EDUCATION_        -0.038      0.032     -1.176      0.240
    UNEMPLOYED         0.069      0.031      2.241      0.025
    UNEMPLOYED         0.014      0.032      0.424      0.672
    FIN1              -0.013      0.032     -0.409      0.683
    FIN2              -0.026      0.032     -0.814      0.415
    FIN3              -0.029      0.032     -0.909      0.363

 EDUCATIO WITH
    EDUCATION_         0.469      0.028     16.530      0.000
    UNEMPLOYED        -0.250      0.030     -8.359      0.000
    UNEMPLOYED        -0.096      0.034     -2.843      0.004
    FIN1               0.142      0.032      4.421      0.000
    FIN2               0.164      0.031      5.200      0.000
    FIN3               0.161      0.032      5.033      0.000

 EDUCATIO WITH
    UNEMPLOYED        -0.158      0.031     -5.163      0.000
    UNEMPLOYED        -0.121      0.027     -4.488      0.000
    FIN1               0.172      0.032      5.285      0.000
    FIN2               0.211      0.031      6.823      0.000
    FIN3               0.214      0.031      6.999      0.000

 UNEMPLOY WITH
    UNEMPLOYED         0.146      0.042      3.483      0.000
    FIN1              -0.107      0.035     -3.080      0.002
    FIN2              -0.097      0.033     -2.929      0.003
    FIN3              -0.129      0.032     -3.981      0.000

 UNEMPLOY WITH
    FIN1              -0.122      0.036     -3.357      0.001
    FIN2              -0.093      0.030     -3.122      0.002
    FIN3              -0.091      0.033     -2.773      0.006

 FIN1     WITH
    FIN2               0.715      0.019     38.329      0.000
    FIN3               0.655      0.024     27.863      0.000

 FIN2     WITH
    FIN3               0.703      0.021     33.389      0.000

 Means
    GENDER1            1.352      0.045     29.957      0.000
    AGE1              32.399      0.350     92.492      0.000
    EDUCATION_         4.017      0.064     62.494      0.000
    EDUCATION_         3.785      0.060     63.237      0.000
    UNEMPLOYED         0.426      0.019     22.544      0.000
    UNEMPLOYED         0.274      0.018     15.508      0.000
    FIN1               4.403      0.091     48.135      0.000
    FIN2               4.567      0.096     47.399      0.000
    FIN3               4.334      0.102     42.336      0.000

 Intercepts
    X1                -2.685      0.897     -2.992      0.003
    X2                -2.653      0.891     -2.978      0.003
    X3                -2.645      0.887     -2.980      0.003
    Y1                 0.414      0.919      0.450      0.653
    Y2                 0.395      0.879      0.449      0.653
    Y3                 0.395      0.878      0.450      0.653
    M1                -1.773      0.917     -1.934      0.053
    M2                -1.561      0.811     -1.924      0.054
    M3                -1.534      0.797     -1.925      0.054

 Variances
    GENDER1            1.000      0.000    999.000    999.000
    AGE1               1.000      0.000    999.000    999.000
    EDUCATION_         1.000      0.000    999.000    999.000
    EDUCATION_         1.000      0.000    999.000    999.000
    UNEMPLOYED         1.000      0.000    999.000    999.000
    UNEMPLOYED         1.000      0.000    999.000    999.000
    FIN1               1.000      0.000    999.000    999.000
    FIN2               1.000      0.000    999.000    999.000
    FIN3               1.000      0.000    999.000    999.000
    RIX                1.000      0.000    999.000    999.000
    RIY                1.000      0.000    999.000    999.000
    RIM                1.000      0.000    999.000    999.000
    WX1                1.000      0.000    999.000    999.000
    WY1                1.000      0.000    999.000    999.000
    WM1                1.000      0.000    999.000    999.000

 Residual Variances
    X1                 0.000      0.000      0.000      1.000
    X2                 0.000      0.000      0.000      1.000
    X3                 0.000      0.000      0.000      1.000
    Y1                 0.000      0.000      0.000      1.000
    Y2                 0.000      0.000      0.000      1.000
    Y3                 0.000      0.000      0.000      1.000
    M1                 0.000      0.000      0.000      1.000
    M2                 0.000      0.000      0.000      1.000
    M3                 0.000      0.000      0.000      1.000
    WX2                0.983      0.014     72.148      0.000
    WX3                0.971      0.021     47.063      0.000
    WY2                0.971      0.019     52.031      0.000
    WY3                0.959      0.025     38.959      0.000
    WM2                0.971      0.016     62.338      0.000
    WM3                0.951      0.024     40.125      0.000


R-SQUARE

    Observed                                        Two-Tailed
    Variable        Estimate       S.E.  Est./S.E.    P-Value

    X1                 1.000      0.000    999.000    999.000
    X2                 1.000      0.000    999.000    999.000
    X3                 1.000      0.000    999.000    999.000
    Y1                 1.000      0.000    999.000    999.000
    Y2                 1.000      0.000    999.000    999.000
    Y3                 1.000      0.000    999.000    999.000
    M1                 1.000      0.000    999.000    999.000
    M2                 1.000      0.000    999.000    999.000
    M3                 1.000      0.000    999.000    999.000

     Latent                                         Two-Tailed
    Variable        Estimate       S.E.  Est./S.E.    P-Value

    WX2                0.017      0.014      1.281      0.200
    WX3                0.029      0.021      1.412      0.158
    WY2                0.029      0.019      1.529      0.126
    WY3                0.041      0.025      1.648      0.099
    WM2                0.029      0.016      1.840      0.066
    WM3                0.049      0.024      2.055      0.040


CONFIDENCE INTERVALS OF MODEL RESULTS

                  Lower .5%  Lower 2.5%    Lower 5%    Estimate    Upper 5%  Upper 2.5%   Upper .5%

 RIX      BY
    X1               1.000       1.000       1.000       1.000       1.000       1.000       1.000
    X2               1.000       1.000       1.000       1.000       1.000       1.000       1.000
    X3               1.000       1.000       1.000       1.000       1.000       1.000       1.000

 RIY      BY
    Y1               1.000       1.000       1.000       1.000       1.000       1.000       1.000
    Y2               1.000       1.000       1.000       1.000       1.000       1.000       1.000
    Y3               1.000       1.000       1.000       1.000       1.000       1.000       1.000

 RIM      BY
    M1               1.000       1.000       1.000       1.000       1.000       1.000       1.000
    M2               1.000       1.000       1.000       1.000       1.000       1.000       1.000
    M3               1.000       1.000       1.000       1.000       1.000       1.000       1.000

 WX1      BY
    X1               1.000       1.000       1.000       1.000       1.000       1.000       1.000

 WX2      BY
    X2               1.000       1.000       1.000       1.000       1.000       1.000       1.000

 WX3      BY
    X3               1.000       1.000       1.000       1.000       1.000       1.000       1.000

 WY1      BY
    Y1               1.000       1.000       1.000       1.000       1.000       1.000       1.000

 WY2      BY
    Y2               1.000       1.000       1.000       1.000       1.000       1.000       1.000

 WY3      BY
    Y3               1.000       1.000       1.000       1.000       1.000       1.000       1.000

 WM1      BY
    M1               1.000       1.000       1.000       1.000       1.000       1.000       1.000

 WM2      BY
    M2               1.000       1.000       1.000       1.000       1.000       1.000       1.000

 WM3      BY
    M3               1.000       1.000       1.000       1.000       1.000       1.000       1.000

 WY2      ON
    WY1             -0.003       0.035       0.055       0.158       0.264       0.285       0.326
    WX1             -0.203      -0.174      -0.163      -0.097      -0.026      -0.013       0.013
    WM1             -0.153      -0.120      -0.101      -0.008       0.086       0.106       0.140

 WY3      ON
    WY2             -0.003       0.035       0.055       0.158       0.264       0.285       0.326
    WX2             -0.203      -0.174      -0.163      -0.097      -0.026      -0.013       0.013
    WM2             -0.153      -0.120      -0.101      -0.008       0.086       0.106       0.140

 WX2      ON
    WX1             -0.075      -0.033      -0.010       0.099       0.208       0.228       0.266
    WY1             -0.173      -0.145      -0.130      -0.054       0.024       0.039       0.068
    WM1             -0.051      -0.015       0.008       0.116       0.224       0.246       0.284

 WX3      ON
    WX2             -0.075      -0.033      -0.010       0.099       0.208       0.228       0.266
    WY2             -0.173      -0.145      -0.130      -0.054       0.024       0.039       0.068
    WM2             -0.051      -0.015       0.008       0.116       0.224       0.246       0.284

 WM2      ON
    WM1              0.034       0.076       0.096       0.190       0.283       0.301       0.335
    WX1             -0.066      -0.045      -0.036       0.018       0.071       0.083       0.100
    WY1             -0.128      -0.108      -0.099      -0.047       0.007       0.017       0.037

 WM3      ON
    WM2              0.034       0.076       0.096       0.190       0.283       0.301       0.335
    WX2             -0.066      -0.045      -0.036       0.018       0.071       0.083       0.100
    WY2             -0.128      -0.108      -0.099      -0.047       0.007       0.017       0.037

 X1       ON
    GENDER1          0.436       0.471       0.490       0.585       0.679       0.697       0.731
    AGE1            -0.034      -0.004       0.010       0.094       0.178       0.194       0.225
    EDUCATION_      -0.051      -0.030      -0.019       0.034       0.090       0.100       0.120
    EDUCATION_      -0.028      -0.009       0.000       0.051       0.101       0.110       0.129
    UNEMPLOYED      -0.273      -0.226      -0.203      -0.081       0.046       0.073       0.122
    UNEMPLOYED      -0.069      -0.007       0.024       0.182       0.343       0.377       0.434
    FIN1            -0.018       0.000       0.009       0.058       0.105       0.114       0.131

 X2       ON
    GENDER1          0.254       0.289       0.308       0.408       0.507       0.524       0.566
    AGE1            -0.036      -0.008       0.008       0.091       0.174       0.191       0.223
    EDUCATION_      -0.068      -0.046      -0.036       0.021       0.077       0.089       0.111
    EDUCATION_      -0.035      -0.013      -0.003       0.052       0.106       0.117       0.135
    UNEMPLOYED      -0.241      -0.182      -0.157      -0.029       0.106       0.129       0.179
    UNEMPLOYED      -0.049       0.017       0.050       0.233       0.415       0.453       0.522
    FIN2             0.034       0.051       0.060       0.110       0.159       0.169       0.188

 X3       ON
    GENDER1          0.263       0.302       0.320       0.419       0.519       0.538       0.576
    AGE1            -0.033      -0.002       0.013       0.097       0.179       0.196       0.228
    EDUCATION_      -0.060      -0.040      -0.029       0.030       0.087       0.098       0.120
    EDUCATION_      -0.053      -0.031      -0.022       0.033       0.088       0.099       0.120
    UNEMPLOYED      -0.252      -0.198      -0.172      -0.043       0.089       0.116       0.162
    UNEMPLOYED      -0.003       0.060       0.096       0.267       0.436       0.465       0.534
    FIN3             0.011       0.031       0.040       0.095       0.150       0.162       0.185

 Y1       ON
    GENDER1          0.296       0.330       0.347       0.433       0.520       0.536       0.566
    AGE1            -0.124      -0.094      -0.080      -0.005       0.072       0.088       0.117
    EDUCATION_      -0.070      -0.051      -0.042       0.011       0.064       0.074       0.095
    EDUCATION_      -0.096      -0.076      -0.067      -0.015       0.036       0.046       0.065
    UNEMPLOYED      -0.176      -0.138      -0.114       0.007       0.130       0.155       0.201
    UNEMPLOYED      -0.378      -0.316      -0.286      -0.126       0.037       0.070       0.131
    FIN1            -0.205      -0.187      -0.178      -0.134      -0.089      -0.082      -0.066

 Y2       ON
    GENDER1          0.296       0.331       0.349       0.441       0.532       0.550       0.586
    AGE1            -0.125      -0.097      -0.083      -0.008       0.069       0.084       0.112
    EDUCATION_      -0.073      -0.053      -0.043       0.010       0.062       0.072       0.092
    EDUCATION_      -0.099      -0.079      -0.070      -0.016       0.037       0.048       0.069
    UNEMPLOYED      -0.054      -0.008       0.016       0.148       0.279       0.306       0.358
    UNEMPLOYED      -0.402      -0.338      -0.303      -0.122       0.063       0.101       0.170
    FIN2            -0.206      -0.189      -0.179      -0.130      -0.082      -0.072      -0.055

 Y3       ON
    GENDER1          0.260       0.292       0.311       0.401       0.491       0.507       0.542
    AGE1            -0.117      -0.089      -0.075       0.000       0.076       0.092       0.122
    EDUCATION_      -0.059      -0.041      -0.031       0.021       0.074       0.084       0.104
    EDUCATION_      -0.099      -0.081      -0.072      -0.022       0.027       0.038       0.057
    UNEMPLOYED      -0.139      -0.095      -0.070       0.058       0.188       0.214       0.262
    UNEMPLOYED      -0.449      -0.386      -0.352      -0.185      -0.016       0.017       0.086
    FIN3            -0.227      -0.210      -0.201      -0.156      -0.110      -0.103      -0.085

 M1       ON
    GENDER1          0.067       0.087       0.097       0.153       0.207       0.217       0.236
    AGE1            -0.045      -0.028      -0.019       0.027       0.073       0.083       0.101
    EDUCATION_      -0.079      -0.066      -0.060      -0.029       0.003       0.010       0.020
    EDUCATION_      -0.031      -0.019      -0.014       0.016       0.047       0.052       0.065
    UNEMPLOYED      -0.165      -0.136      -0.122      -0.047       0.027       0.042       0.073
    UNEMPLOYED      -0.100      -0.059      -0.039       0.065       0.166       0.184       0.226
    FIN1             0.053       0.064       0.069       0.098       0.127       0.131       0.142

 M2       ON
    GENDER1         -0.023       0.003       0.015       0.075       0.134       0.146       0.168
    AGE1            -0.043      -0.027      -0.019       0.027       0.073       0.082       0.100
    EDUCATION_      -0.056      -0.044      -0.038      -0.005       0.029       0.035       0.049
    EDUCATION_      -0.065      -0.053      -0.047      -0.014       0.019       0.026       0.036
    UNEMPLOYED      -0.179      -0.146      -0.129      -0.045       0.041       0.056       0.088
    UNEMPLOYED      -0.172      -0.130      -0.108       0.008       0.122       0.143       0.185
    FIN2             0.071       0.081       0.087       0.119       0.150       0.156       0.168

 M3       ON
    GENDER1          0.075       0.099       0.112       0.179       0.245       0.258       0.283
    AGE1            -0.053      -0.038      -0.029       0.017       0.064       0.073       0.091
    EDUCATION_      -0.058      -0.043      -0.036       0.003       0.040       0.047       0.062
    EDUCATION_      -0.042      -0.030      -0.022       0.014       0.051       0.058       0.072
    UNEMPLOYED      -0.227      -0.191      -0.173      -0.084       0.005       0.020       0.052
    UNEMPLOYED      -0.080      -0.028      -0.003       0.126       0.252       0.279       0.325
    FIN3             0.050       0.063       0.069       0.103       0.139       0.145       0.157

 RIX      WITH
    RIY             -0.092      -0.080      -0.073      -0.041      -0.008      -0.002       0.009
    RIM              0.073       0.082       0.087       0.111       0.133       0.138       0.147

 RIY      WITH
    RIM             -0.127      -0.120      -0.116      -0.096      -0.075      -0.071      -0.064

 WX1      WITH
    WY1             -0.037      -0.026      -0.020       0.006       0.032       0.037       0.046
    WM1             -0.003       0.004       0.007       0.026       0.047       0.052       0.061

 WY1      WITH
    WM1             -0.049      -0.042      -0.038      -0.019       0.000       0.004       0.011

 WX2      WITH
    WY2             -0.087      -0.078      -0.074      -0.052      -0.028      -0.023      -0.013
    WM2              0.047       0.053       0.057       0.075       0.091       0.095       0.101

 WY2      WITH
    WM2             -0.078      -0.073      -0.070      -0.056      -0.040      -0.037      -0.030

 WX3      WITH
    WY3             -0.087      -0.078      -0.074      -0.052      -0.028      -0.023      -0.013
    WM3              0.047       0.053       0.057       0.075       0.091       0.095       0.101

 WY3      WITH
    WM3             -0.078      -0.073      -0.070      -0.056      -0.040      -0.037      -0.030

 GENDER1  WITH
    AGE1            -0.020      -0.015      -0.013      -0.001       0.011       0.014       0.018
    EDUCATION_      -0.073      -0.065      -0.060      -0.036      -0.011      -0.006       0.004
    EDUCATION_      -0.060      -0.050      -0.046      -0.022       0.003       0.008       0.018
    UNEMPLOYED      -0.017      -0.014      -0.012      -0.003       0.006       0.008       0.011
    UNEMPLOYED      -0.012      -0.010      -0.008      -0.002       0.005       0.006       0.009
    FIN1            -0.019      -0.012      -0.008       0.014       0.035       0.040       0.048
    FIN2            -0.035      -0.027      -0.022      -0.001       0.020       0.024       0.032
    FIN3            -0.030      -0.021      -0.017       0.006       0.028       0.032       0.040

 AGE1     WITH
    EDUCATION_      -0.075      -0.067      -0.062      -0.037      -0.012      -0.008       0.002
    EDUCATION_      -0.057      -0.048      -0.044      -0.018       0.007       0.012       0.022
    UNEMPLOYED      -0.002       0.001       0.003       0.012       0.021       0.022       0.025
    UNEMPLOYED      -0.009      -0.006      -0.005       0.002       0.008       0.009       0.012
    FIN1            -0.039      -0.031      -0.027      -0.005       0.016       0.021       0.028
    FIN2            -0.044      -0.036      -0.032      -0.010       0.010       0.015       0.022
    FIN3            -0.047      -0.038      -0.034      -0.012       0.010       0.014       0.023

 EDUCATIO WITH
    EDUCATION_       0.373       0.392       0.402       0.452       0.501       0.511       0.530
    UNEMPLOYED      -0.119      -0.111      -0.107      -0.088      -0.068      -0.065      -0.058
    UNEMPLOYED      -0.046      -0.040      -0.038      -0.024      -0.010      -0.007      -0.001
    FIN1             0.047       0.064       0.073       0.118       0.162       0.170       0.188
    FIN2             0.066       0.081       0.089       0.132       0.174       0.181       0.197
    FIN3             0.065       0.083       0.091       0.136       0.181       0.189       0.206

 EDUCATIO WITH
    UNEMPLOYED      -0.086      -0.079      -0.075      -0.057      -0.038      -0.034      -0.027
    UNEMPLOYED      -0.050      -0.045      -0.043      -0.031      -0.018      -0.016      -0.012
    FIN1             0.074       0.091       0.099       0.145       0.190       0.200       0.217
    FIN2             0.108       0.122       0.130       0.173       0.216       0.224       0.241
    FIN3             0.113       0.130       0.139       0.184       0.229       0.237       0.253

 UNEMPLOY WITH
    UNEMPLOYED       0.004       0.006       0.007       0.013       0.020       0.022       0.024
    FIN1            -0.062      -0.055      -0.051      -0.033      -0.015      -0.012      -0.006
    FIN2            -0.055      -0.048      -0.046      -0.029      -0.013      -0.009      -0.004
    FIN3            -0.068      -0.061      -0.057      -0.040      -0.023      -0.020      -0.014

 UNEMPLOY WITH
    FIN1            -0.048      -0.043      -0.040      -0.026      -0.013      -0.010      -0.005
    FIN2            -0.037      -0.033      -0.031      -0.020      -0.009      -0.007      -0.003
    FIN3            -0.040      -0.035      -0.033      -0.020      -0.008      -0.006      -0.001

 FIN1     WITH
    FIN2             0.440       0.456       0.463       0.504       0.545       0.553       0.568
    FIN3             0.420       0.434       0.442       0.484       0.525       0.533       0.551

 FIN2     WITH
    FIN3             0.441       0.456       0.463       0.504       0.543       0.552       0.566

 Means
    GENDER1          0.607       0.617       0.621       0.647       0.671       0.676       0.686
    AGE1            15.598      15.608      15.612      15.638      15.663      15.669      15.679
    EDUCATION_       3.827       3.846       3.855       3.906       3.959       3.968       3.987
    EDUCATION_       3.671       3.691       3.701       3.754       3.806       3.816       3.838
    UNEMPLOYED       0.124       0.131       0.135       0.154       0.172       0.176       0.183
    UNEMPLOYED       0.049       0.054       0.056       0.070       0.084       0.087       0.091
    FIN1             3.683       3.702       3.711       3.755       3.800       3.808       3.826
    FIN2             3.707       3.724       3.733       3.776       3.820       3.828       3.843
    FIN3             3.681       3.698       3.706       3.753       3.799       3.808       3.824

 Intercepts
    X1              -4.507      -3.999      -3.730      -2.407      -1.065      -0.824      -0.351
    X2              -4.507      -3.999      -3.730      -2.407      -1.065      -0.824      -0.351
    X3              -4.507      -3.999      -3.730      -2.407      -1.065      -0.824      -0.351
    Y1              -1.610      -1.144      -0.910       0.332       1.535       1.753       2.228
    Y2              -1.610      -1.144      -0.910       0.332       1.535       1.753       2.228
    Y3              -1.610      -1.144      -0.910       0.332       1.535       1.753       2.228
    M1              -2.048      -1.750      -1.609      -0.869      -0.134       0.005       0.278
    M2              -2.048      -1.750      -1.609      -0.869      -0.134       0.005       0.278
    M3              -2.048      -1.750      -1.609      -0.869      -0.134       0.005       0.278

 Variances
    GENDER1          0.216       0.219       0.221       0.229       0.235       0.236       0.239
    AGE1             0.220       0.223       0.225       0.233       0.240       0.241       0.244
    EDUCATION_       0.885       0.899       0.906       0.946       0.986       0.996       1.012
    EDUCATION_       0.914       0.929       0.938       0.983       1.030       1.039       1.058
    UNEMPLOYED       0.109       0.114       0.117       0.130       0.143       0.145       0.150
    UNEMPLOYED       0.047       0.051       0.053       0.065       0.077       0.079       0.083
    FIN1             0.658       0.672       0.681       0.727       0.771       0.780       0.799
    FIN2             0.617       0.632       0.640       0.684       0.727       0.737       0.753
    FIN3             0.669       0.688       0.697       0.750       0.803       0.813       0.834
    RIX              0.345       0.368       0.376       0.428       0.473       0.482       0.502
    RIY              0.241       0.261       0.270       0.320       0.360       0.369       0.385
    RIM              0.079       0.086       0.090       0.110       0.126       0.130       0.136
    WX1              0.224       0.239       0.246       0.287       0.329       0.337       0.358
    WY1              0.213       0.225       0.231       0.270       0.313       0.323       0.342
    WM1              0.090       0.096       0.099       0.117       0.135       0.139       0.148

 Residual Variances
    X1               0.000       0.000       0.000       0.000       0.000       0.000       0.000
    X2               0.000       0.000       0.000       0.000       0.000       0.000       0.000
    X3               0.000       0.000       0.000       0.000       0.000       0.000       0.000
    Y1               0.000       0.000       0.000       0.000       0.000       0.000       0.000
    Y2               0.000       0.000       0.000       0.000       0.000       0.000       0.000
    Y3               0.000       0.000       0.000       0.000       0.000       0.000       0.000
    M1               0.000       0.000       0.000       0.000       0.000       0.000       0.000
    M2               0.000       0.000       0.000       0.000       0.000       0.000       0.000
    M3               0.000       0.000       0.000       0.000       0.000       0.000       0.000
    WX2              0.267       0.283       0.291       0.335       0.371       0.378       0.393
    WX3              0.267       0.283       0.291       0.335       0.371       0.378       0.393
    WY2              0.267       0.279       0.285       0.318       0.345       0.350       0.361
    WY3              0.267       0.279       0.285       0.318       0.345       0.350       0.361
    WM2              0.161       0.165       0.168       0.184       0.196       0.199       0.204
    WM3              0.161       0.165       0.168       0.184       0.196       0.199       0.204

New/Additional Parameters
    IND             -0.007      -0.004      -0.003       0.000       0.004       0.005       0.008


CONFIDENCE INTERVALS OF STANDARDIZED MODEL RESULTS


STDYX Standardization

                  Lower .5%  Lower 2.5%    Lower 5%    Estimate    Upper 5%  Upper 2.5%   Upper .5%

 RIX      BY
    X1               0.669       0.684       0.692       0.730       0.758       0.764       0.774
    X2               0.658       0.674       0.681       0.721       0.752       0.758       0.770
    X3               0.653       0.669       0.677       0.719       0.751       0.757       0.768

 RIY      BY
    Y1               0.619       0.642       0.653       0.705       0.740       0.746       0.758
    Y2               0.595       0.616       0.626       0.673       0.706       0.713       0.726
    Y3               0.595       0.615       0.624       0.672       0.706       0.713       0.726

 RIM      BY
    M1               0.579       0.603       0.616       0.676       0.720       0.728       0.743
    M2               0.513       0.535       0.545       0.595       0.631       0.639       0.650
    M3               0.498       0.522       0.532       0.584       0.622       0.630       0.643

 WX1      BY
    X1               0.539       0.553       0.559       0.597       0.634       0.642       0.659

 WX2      BY
    X2               0.580       0.596       0.603       0.643       0.681       0.688       0.702

 WX3      BY
    X3               0.580       0.596       0.604       0.645       0.684       0.692       0.708

 WY1      BY
    Y1               0.581       0.596       0.604       0.647       0.693       0.702       0.722

 WY2      BY
    Y2               0.621       0.635       0.642       0.680       0.717       0.725       0.739

 WY3      BY
    Y3               0.622       0.638       0.645       0.684       0.723       0.731       0.748

 WM1      BY
    M1               0.620       0.639       0.648       0.697       0.745       0.754       0.774

 WM2      BY
    M2               0.730       0.742       0.748       0.781       0.813       0.820       0.834

 WM3      BY
    M3               0.722       0.735       0.741       0.776       0.808       0.815       0.829

 WY2      ON
    WY1             -0.003       0.032       0.049       0.144       0.243       0.264       0.302
    WX1             -0.185      -0.162      -0.151      -0.091      -0.025      -0.013       0.012
    WM1             -0.093      -0.071      -0.060      -0.005       0.052       0.063       0.084

 WY3      ON
    WY2             -0.003       0.035       0.054       0.157       0.261       0.282       0.322
    WX2             -0.207      -0.179      -0.166      -0.098      -0.026      -0.013       0.013
    WM2             -0.116      -0.091      -0.077      -0.006       0.065       0.078       0.105

 WX2      ON
    WX1             -0.075      -0.032      -0.010       0.091       0.185       0.202       0.238
    WY1             -0.156      -0.130      -0.116      -0.048       0.021       0.034       0.060
    WM1             -0.030      -0.009       0.004       0.068       0.133       0.146       0.172

 WX3      ON
    WX2             -0.074      -0.033      -0.010       0.098       0.206       0.225       0.263
    WY2             -0.168      -0.142      -0.127      -0.053       0.023       0.038       0.066
    WM2             -0.037      -0.011       0.006       0.086       0.167       0.182       0.214

 WM2      ON
    WM1              0.027       0.058       0.073       0.149       0.226       0.244       0.272
    WX1             -0.081      -0.056      -0.044       0.022       0.088       0.102       0.125
    WY1             -0.153      -0.129      -0.118      -0.056       0.009       0.021       0.045

 WM3      ON
    WM2              0.034       0.076       0.096       0.188       0.278       0.296       0.327
    WX2             -0.086      -0.060      -0.047       0.024       0.095       0.111       0.136
    WY2             -0.167      -0.141      -0.129      -0.061       0.009       0.023       0.048

 X1       ON
    GENDER1          0.235       0.254       0.263       0.312       0.359       0.368       0.385
    AGE1            -0.018      -0.002       0.006       0.051       0.095       0.104       0.121
    EDUCATION_      -0.055      -0.033      -0.021       0.037       0.097       0.107       0.128
    EDUCATION_      -0.032      -0.010       0.000       0.056       0.111       0.122       0.143
    UNEMPLOYED      -0.109      -0.091      -0.082      -0.032       0.018       0.029       0.048
    UNEMPLOYED      -0.019      -0.002       0.007       0.052       0.096       0.105       0.122
    FIN1            -0.017       0.000       0.009       0.055       0.099       0.108       0.124

 X2       ON
    GENDER1          0.135       0.154       0.164       0.215       0.266       0.275       0.296
    AGE1            -0.020      -0.004       0.004       0.049       0.093       0.101       0.119
    EDUCATION_      -0.071      -0.050      -0.039       0.022       0.083       0.095       0.120
    EDUCATION_      -0.038      -0.014      -0.003       0.057       0.116       0.128       0.147
    UNEMPLOYED      -0.096      -0.072      -0.062      -0.011       0.042       0.051       0.071
    UNEMPLOYED      -0.014       0.005       0.014       0.065       0.116       0.126       0.146
    FIN2             0.031       0.046       0.055       0.100       0.144       0.153       0.169

 X3       ON
    GENDER1          0.137       0.159       0.169       0.220       0.271       0.281       0.299
    AGE1            -0.017      -0.001       0.007       0.051       0.095       0.104       0.121
    EDUCATION_      -0.063      -0.042      -0.031       0.032       0.093       0.104       0.128
    EDUCATION_      -0.057      -0.034      -0.024       0.036       0.095       0.108       0.131
    UNEMPLOYED      -0.101      -0.078      -0.068      -0.017       0.036       0.046       0.064
    UNEMPLOYED      -0.001       0.017       0.026       0.075       0.122       0.131       0.147
    FIN3             0.010       0.029       0.038       0.090       0.142       0.153       0.173

 Y1       ON
    GENDER1          0.179       0.197       0.207       0.258       0.308       0.318       0.336
    AGE1            -0.074      -0.056      -0.048      -0.003       0.044       0.053       0.070
    EDUCATION_      -0.086      -0.062      -0.050       0.013       0.077       0.089       0.113
    EDUCATION_      -0.119      -0.093      -0.083      -0.018       0.044       0.057       0.081
    UNEMPLOYED      -0.079      -0.062      -0.051       0.003       0.058       0.069       0.089
    UNEMPLOYED      -0.118      -0.100      -0.090      -0.040       0.012       0.022       0.042
    FIN1            -0.218      -0.199      -0.190      -0.143      -0.095      -0.086      -0.070

 Y2       ON
    GENDER1          0.169       0.189       0.199       0.251       0.301       0.311       0.330
    AGE1            -0.071      -0.056      -0.047      -0.005       0.040       0.049       0.065
    EDUCATION_      -0.084      -0.061      -0.049       0.012       0.072       0.083       0.106
    EDUCATION_      -0.117      -0.093      -0.081      -0.018       0.043       0.056       0.081
    UNEMPLOYED      -0.024      -0.004       0.007       0.064       0.119       0.130       0.151
    UNEMPLOYED      -0.120      -0.101      -0.092      -0.037       0.019       0.031       0.051
    FIN2            -0.204      -0.186      -0.176      -0.128      -0.080      -0.071      -0.054

 Y3       ON
    GENDER1          0.148       0.166       0.177       0.228       0.279       0.288       0.305
    AGE1            -0.067      -0.051      -0.043       0.000       0.044       0.053       0.070
    EDUCATION_      -0.069      -0.048      -0.035       0.024       0.085       0.097       0.120
    EDUCATION_      -0.115      -0.095      -0.084      -0.026       0.032       0.045       0.067
    UNEMPLOYED      -0.061      -0.041      -0.030       0.025       0.080       0.091       0.113
    UNEMPLOYED      -0.135      -0.116      -0.106      -0.056      -0.005       0.005       0.026
    FIN3            -0.233      -0.217      -0.208      -0.160      -0.113      -0.105      -0.086

 M1       ON
    GENDER1          0.066       0.085       0.095       0.149       0.202       0.211       0.230
    AGE1            -0.045      -0.027      -0.019       0.026       0.072       0.081       0.099
    EDUCATION_      -0.154      -0.130      -0.119      -0.057       0.006       0.019       0.040
    EDUCATION_      -0.063      -0.039      -0.027       0.033       0.093       0.105       0.129
    UNEMPLOYED      -0.120      -0.101      -0.089      -0.035       0.020       0.031       0.054
    UNEMPLOYED      -0.051      -0.030      -0.020       0.034       0.085       0.095       0.116
    FIN1             0.092       0.111       0.120       0.171       0.219       0.228       0.248

 M2       ON
    GENDER1         -0.019       0.002       0.013       0.064       0.115       0.125       0.144
    AGE1            -0.038      -0.024      -0.016       0.023       0.064       0.072       0.087
    EDUCATION_      -0.099      -0.077      -0.066      -0.008       0.051       0.062       0.085
    EDUCATION_      -0.116      -0.095      -0.083      -0.024       0.034       0.046       0.064
    UNEMPLOYED      -0.114      -0.095      -0.083      -0.029       0.026       0.036       0.057
    UNEMPLOYED      -0.079      -0.058      -0.049       0.004       0.055       0.065       0.084
    FIN2             0.104       0.120       0.129       0.176       0.222       0.232       0.249

 M3       ON
    GENDER1          0.063       0.084       0.095       0.151       0.206       0.217       0.238
    AGE1            -0.045      -0.032      -0.024       0.015       0.055       0.063       0.078
    EDUCATION_      -0.099      -0.073      -0.062       0.005       0.069       0.081       0.107
    EDUCATION_      -0.073      -0.052      -0.039       0.025       0.090       0.102       0.127
    UNEMPLOYED      -0.141      -0.121      -0.110      -0.053       0.003       0.013       0.033
    UNEMPLOYED      -0.035      -0.012      -0.001       0.057       0.113       0.124       0.145
    FIN3             0.075       0.096       0.107       0.158       0.210       0.220       0.239

 RIX      WITH
    RIY             -0.248      -0.214      -0.198      -0.111      -0.022      -0.005       0.027
    RIM              0.379       0.415       0.430       0.510       0.592       0.609       0.638

 RIY      WITH
    RIM             -0.662      -0.623      -0.605      -0.513      -0.430      -0.414      -0.376

 WX1      WITH
    WY1             -0.132      -0.091      -0.071       0.022       0.118       0.136       0.173
    WM1             -0.020       0.024       0.043       0.144       0.244       0.263       0.300

 WY1      WITH
    WM1             -0.260      -0.224      -0.207      -0.106       0.001       0.022       0.063

 WX2      WITH
    WY2             -0.261      -0.237      -0.226      -0.160      -0.089      -0.074      -0.043
    WM2              0.200       0.222       0.235       0.303       0.369       0.380       0.402

 WY2      WITH
    WM2             -0.316      -0.298      -0.287      -0.232      -0.170      -0.157      -0.132

 WX3      WITH
    WY3             -0.261      -0.237      -0.226      -0.160      -0.089      -0.074      -0.043
    WM3              0.200       0.222       0.235       0.303       0.369       0.380       0.402

 WY3      WITH
    WM3             -0.316      -0.298      -0.287      -0.232      -0.170      -0.157      -0.132

 GENDER1  WITH
    AGE1            -0.085      -0.065      -0.056      -0.003       0.050       0.060       0.080
    EDUCATION_      -0.157      -0.139      -0.129      -0.076      -0.023      -0.013       0.008
    EDUCATION_      -0.125      -0.106      -0.097      -0.046       0.007       0.017       0.038
    UNEMPLOYED      -0.100      -0.080      -0.070      -0.016       0.036       0.047       0.066
    UNEMPLOYED      -0.102      -0.079      -0.068      -0.014       0.041       0.050       0.071
    FIN1            -0.047      -0.029      -0.019       0.035       0.086       0.098       0.117
    FIN2            -0.088      -0.068      -0.057      -0.003       0.051       0.061       0.079
    FIN3            -0.072      -0.050      -0.041       0.014       0.068       0.078       0.097

 AGE1     WITH
    EDUCATION_      -0.159      -0.142      -0.131      -0.078      -0.026      -0.016       0.004
    EDUCATION_      -0.119      -0.101      -0.091      -0.038       0.015       0.025       0.048
    UNEMPLOYED      -0.013       0.008       0.017       0.069       0.119       0.127       0.144
    UNEMPLOYED      -0.073      -0.050      -0.040       0.014       0.065       0.075       0.094
    FIN1            -0.096      -0.075      -0.066      -0.013       0.040       0.050       0.070
    FIN2            -0.109      -0.090      -0.079      -0.026       0.026       0.037       0.056
    FIN3            -0.111      -0.092      -0.082      -0.029       0.024       0.035       0.054

 EDUCATIO WITH
    EDUCATION_       0.394       0.413       0.421       0.469       0.515       0.523       0.539
    UNEMPLOYED      -0.326      -0.308      -0.298      -0.250      -0.200      -0.190      -0.172
    UNEMPLOYED      -0.180      -0.159      -0.150      -0.096      -0.040      -0.029      -0.006
    FIN1             0.058       0.078       0.088       0.142       0.194       0.204       0.225
    FIN2             0.082       0.101       0.112       0.164       0.215       0.225       0.242
    FIN3             0.080       0.099       0.108       0.161       0.214       0.223       0.242

 EDUCATIO WITH
    UNEMPLOYED      -0.236      -0.217      -0.207      -0.158      -0.107      -0.098      -0.076
    UNEMPLOYED      -0.188      -0.172      -0.164      -0.121      -0.076      -0.067      -0.051
    FIN1             0.087       0.108       0.118       0.172       0.224       0.236       0.257
    FIN2             0.133       0.150       0.159       0.211       0.261       0.271       0.290
    FIN3             0.133       0.152       0.163       0.214       0.264       0.274       0.292

 UNEMPLOY WITH
    UNEMPLOYED       0.041       0.065       0.078       0.146       0.215       0.230       0.257
    FIN1            -0.197      -0.176      -0.166      -0.107      -0.050      -0.039      -0.019
    FIN2            -0.183      -0.161      -0.152      -0.097      -0.042      -0.031      -0.014
    FIN3            -0.213      -0.193      -0.182      -0.129      -0.076      -0.065      -0.045

 UNEMPLOY WITH
    FIN1            -0.214      -0.192      -0.180      -0.122      -0.062      -0.050      -0.026
    FIN2            -0.170      -0.152      -0.142      -0.093      -0.044      -0.034      -0.016
    FIN3            -0.174      -0.155      -0.145      -0.091      -0.037      -0.027      -0.006

 FIN1     WITH
    FIN2             0.663       0.677       0.684       0.715       0.745       0.751       0.761
    FIN3             0.593       0.607       0.615       0.655       0.693       0.699       0.713

 FIN2     WITH
    FIN3             0.644       0.659       0.668       0.703       0.737       0.742       0.754

 Means
    GENDER1          1.244       1.269       1.281       1.352       1.429       1.444       1.477
    AGE1            31.618      31.785      31.878      32.399      33.018      33.146      33.447
    EDUCATION_       3.851       3.892       3.913       4.017       4.125       4.147       4.185
    EDUCATION_       3.631       3.671       3.689       3.785       3.886       3.904       3.944
    UNEMPLOYED       0.376       0.389       0.394       0.426       0.456       0.462       0.474
    UNEMPLOYED       0.227       0.238       0.244       0.274       0.302       0.308       0.317
    FIN1             4.182       4.238       4.265       4.403       4.563       4.597       4.654
    FIN2             4.335       4.384       4.415       4.567       4.732       4.767       4.822
    FIN3             4.084       4.142       4.174       4.334       4.508       4.547       4.621

 Intercepts
    X1              -5.019      -4.445      -4.150      -2.685      -1.196      -0.929      -0.391
    X2              -4.976      -4.408      -4.113      -2.653      -1.174      -0.907      -0.382
    X3              -4.968      -4.385      -4.099      -2.645      -1.171      -0.908      -0.384
    Y1              -2.005      -1.432      -1.133       0.414       1.904       2.174       2.767
    Y2              -1.911      -1.362      -1.076       0.395       1.826       2.086       2.668
    Y3              -1.911      -1.360      -1.080       0.395       1.824       2.088       2.657
    M1              -4.158      -3.572      -3.277      -1.773      -0.279       0.011       0.575
    M2              -3.671      -3.159      -2.898      -1.561      -0.242       0.010       0.506
    M3              -3.618      -3.105      -2.838      -1.534      -0.238       0.010       0.491

 Variances
    GENDER1          1.000       1.000       1.000       1.000       1.000       1.000       1.000
    AGE1             1.000       1.000       1.000       1.000       1.000       1.000       1.000
    EDUCATION_       1.000       1.000       1.000       1.000       1.000       1.000       1.000
    EDUCATION_       1.000       1.000       1.000       1.000       1.000       1.000       1.000
    UNEMPLOYED       1.000       1.000       1.000       1.000       1.000       1.000       1.000
    UNEMPLOYED       1.000       1.000       1.000       1.000       1.000       1.000       1.000
    FIN1             1.000       1.000       1.000       1.000       1.000       1.000       1.000
    FIN2             1.000       1.000       1.000       1.000       1.000       1.000       1.000
    FIN3             1.000       1.000       1.000       1.000       1.000       1.000       1.000
    RIX              1.000       1.000       1.000       1.000       1.000       1.000       1.000
    RIY              1.000       1.000       1.000       1.000       1.000       1.000       1.000
    RIM              1.000       1.000       1.000       1.000       1.000       1.000       1.000
    WX1              1.000       1.000       1.000       1.000       1.000       1.000       1.000
    WY1              1.000       1.000       1.000       1.000       1.000       1.000       1.000
    WM1              1.000       1.000       1.000       1.000       1.000       1.000       1.000

 Residual Variances
    X1               0.000       0.000       0.000       0.000       0.000       0.000       0.000
    X2               0.000       0.000       0.000       0.000       0.000       0.000       0.000
    X3               0.000       0.000       0.000       0.000       0.000       0.000       0.000
    Y1               0.000       0.000       0.000       0.000       0.000       0.000       0.000
    Y2               0.000       0.000       0.000       0.000       0.000       0.000       0.000
    Y3               0.000       0.000       0.000       0.000       0.000       0.000       0.000
    M1               0.000       0.000       0.000       0.000       0.000       0.000       0.000
    M2               0.000       0.000       0.000       0.000       0.000       0.000       0.000
    M3               0.000       0.000       0.000       0.000       0.000       0.000       0.000
    WX2              0.928       0.943       0.950       0.983       0.994       0.996       0.998
    WX3              0.895       0.914       0.923       0.971       0.991       0.994       0.997
    WY2              0.898       0.920       0.931       0.971       0.989       0.992       0.996
    WY3              0.869       0.895       0.906       0.959       0.986       0.989       0.995
    WM2              0.913       0.929       0.937       0.971       0.987       0.990       0.994
    WM3              0.871       0.889       0.902       0.951       0.979       0.984       0.990


     Beginning Time:  17:43:35
        Ending Time:  18:01:24
       Elapsed Time:  00:17:49



MUTHEN & MUTHEN
3463 Stoner Ave.
Los Angeles, CA  90066

Tel: (310) 391-9971
Fax: (310) 391-8971
Web: www.StatModel.com
Support: Support@StatModel.com

Copyright (c) 1998-2023 Muthen & Muthen
