Mplus VERSION 8.9
MUTHEN & MUTHEN
01/22/2025   6:01 PM

INPUT INSTRUCTIONS

  DATA:
    FILE IS "mplus.dat";
  VARIABLE:
    MISSING ARE ALL (-99);
    NAMES ARE id Gender1 Age1 Education_mother1 Education_father1
    unemployed_mother1 unemployed_father1 Fin1 Fin2 Fin3 Personal1
    Personal2 Personal3 Public1 Public2 Public3 Collective1
    Collective2 Collective3 Relational1 Relational2
    Relational3 Autonomy1 Autonomy2 Autonomy3 Relatedness1 Relatedness2
    Relatedness3 Competence1 Competence2 Competence3
    PA1 PA2 PA3 NA1 NA2 NA3 SWLS1 SWLS2 SWLS3;

  usevar =
  Gender1 Age1 Education_mother1 Education_father1
  unemployed_mother1 unemployed_father1 Fin1 Fin2 Fin3
  x1-x3 y1-y3 m1-m3 ;

  define:
  x1 = Personal1;
  x2 = Personal2;
  x3 = Personal3;

  m1 = Competence1;
  m2 = Competence2;
  m3 = Competence3;

  y1 = NA1;
  y2 = NA2;
  y3 = NA3;



  analysis:

  MODEL = NOCOV;
  bootstrap = 10000;


  MODEL:
  RIx BY x1@1 x2@1 x3@1;
  RIy BY y1@1 y2@1 y3@1;
  RIm BY m1@1 m2@1 m3@1;



  wx1 BY x1@1;
  wx2 BY x2@1;
  wx3 BY x3@1;



  wy1 BY y1@1;
  wy2 BY y2@1;
  wy3 BY y3@1;



  wm1 By m1@1;
  wm2 By m2@1;
  wm3 By m3@1;


  x1-m3@0;


  wy2 ON wy1 (a );
  wy3 ON wy2 (a );


  wx2 ON wx1 (b );
  wx3 ON wx2 (b );


  wm2 ON wm1  (c);
  wm3 ON wm2  (c);


  wy2 ON  wx1 wm1  (d e);
  wy3 ON  wx2 wm2  (d e);


  wx2 ON wy1 wm1  (f j);
  wx3 ON wy2 wm2  (f j);


  wm2 ON wx1 wy1   (h i);
  wm3 ON wx2 wy2   (h i);


  RIx RIy RIm  with RIx RIy RIm ;

  wx1 wy1 wm1 with wx1 wy1 wm1;
  wx2 wy2 wm2 with wx2 wy2 wm2 (cov1 cov2 cov3);
  wx3 wy3 wm3 with wx3 wy3 wm3 (cov1 cov2 cov3);

  wx2 (vx); wy2 (vy); wm2 (vm);
  wx3 (vx); wy3 (vy); wm3 (vm);

  x1-m3 on Gender1 Age1 Education_mother1 Education_father1
  unemployed_mother1 unemployed_father1 ;

  x1 y1 m1 on Fin1;
  x2 y2 m2 on Fin2;
  x3 y3 m3 on Fin3;

  Gender1 -Fin3 with Gender1 -Fin3;

  [x1-x3] (mx);
  [m1-m3] (mm);
  [y1-y3] (my);

  model constraint:
  new (ind);
  ind = h*e;

  output: cinterval (boot) stdyx;



*** WARNING in VARIABLE command
  Note that only the first 8 characters of variable names are used in the output.
  Shorten variable names to avoid any confusion.
   1 WARNING(S) FOUND IN THE INPUT INSTRUCTIONS




SUMMARY OF ANALYSIS

Number of groups                                                 1
Number of observations                                         971

Number of dependent variables                                    9
Number of independent variables                                  9
Number of continuous latent variables                           12

Observed dependent variables

  Continuous
   X1          X2          X3          Y1          Y2          Y3
   M1          M2          M3

Observed independent variables
   GENDER1     AGE1        EDUCATIO    EDUCATIO    UNEMPLOY    UNEMPLOY
   FIN1        FIN2        FIN3

Continuous latent variables
   RIX         RIY         RIM         WX1         WX2         WX3
   WY1         WY2         WY3         WM1         WM2         WM3


Estimator                                                       ML
Information matrix                                        OBSERVED
Maximum number of iterations                                  1000
Convergence criterion                                    0.500D-04
Maximum number of steepest descent iterations                   20
Maximum number of iterations for H1                           2000
Convergence criterion for H1                             0.100D-03
Number of bootstrap draws
    Requested                                                10000
    Completed                                                10000

Input data file(s)
  mplus.dat

Input data format  FREE


SUMMARY OF DATA

     Number of missing data patterns            19


COVARIANCE COVERAGE OF DATA

Minimum covariance coverage value   0.100


     PROPORTION OF DATA PRESENT


           Covariance Coverage
              X1            X2            X3            Y1            Y2
              ________      ________      ________      ________      ________
 X1             1.000
 X2             1.000         1.000
 X3             1.000         1.000         1.000
 Y1             1.000         1.000         1.000         1.000
 Y2             1.000         1.000         1.000         1.000         1.000
 Y3             1.000         1.000         1.000         1.000         1.000
 M1             1.000         1.000         1.000         1.000         1.000
 M2             1.000         1.000         1.000         1.000         1.000
 M3             1.000         1.000         1.000         1.000         1.000
 GENDER1        0.998         0.998         0.998         0.998         0.998
 AGE1           0.999         0.999         0.999         0.999         0.999
 EDUCATIO       0.994         0.994         0.994         0.994         0.994
 EDUCATIO       0.991         0.991         0.991         0.991         0.991
 UNEMPLOY       0.992         0.992         0.992         0.992         0.992
 UNEMPLOY       0.974         0.974         0.974         0.974         0.974
 FIN1           0.994         0.994         0.994         0.994         0.994
 FIN2           0.991         0.991         0.991         0.991         0.991
 FIN3           0.991         0.991         0.991         0.991         0.991


           Covariance Coverage
              Y3            M1            M2            M3            GENDER1
              ________      ________      ________      ________      ________
 Y3             1.000
 M1             1.000         1.000
 M2             1.000         1.000         1.000
 M3             1.000         1.000         1.000         1.000
 GENDER1        0.998         0.998         0.998         0.998         0.998
 AGE1           0.999         0.999         0.999         0.999         0.997
 EDUCATIO       0.994         0.994         0.994         0.994         0.992
 EDUCATIO       0.991         0.991         0.991         0.991         0.989
 UNEMPLOY       0.992         0.992         0.992         0.992         0.990
 UNEMPLOY       0.974         0.974         0.974         0.974         0.972
 FIN1           0.994         0.994         0.994         0.994         0.992
 FIN2           0.991         0.991         0.991         0.991         0.990
 FIN3           0.991         0.991         0.991         0.991         0.989


           Covariance Coverage
              AGE1          EDUCATIO      EDUCATIO      UNEMPLOY      UNEMPLOY
              ________      ________      ________      ________      ________
 AGE1           0.999
 EDUCATIO       0.993         0.994
 EDUCATIO       0.990         0.987         0.991
 UNEMPLOY       0.991         0.989         0.984         0.992
 UNEMPLOY       0.973         0.969         0.970         0.968         0.974
 FIN1           0.993         0.989         0.986         0.988         0.969
 FIN2           0.990         0.985         0.981         0.982         0.965
 FIN3           0.990         0.985         0.981         0.982         0.965


           Covariance Coverage
              FIN1          FIN2          FIN3
              ________      ________      ________
 FIN1           0.994
 FIN2           0.986         0.991
 FIN3           0.986         0.984         0.991



UNIVARIATE SAMPLE STATISTICS


     UNIVARIATE HIGHER-ORDER MOMENT DESCRIPTIVE STATISTICS

         Variable/         Mean/     Skewness/   Minimum/ % with                Percentiles
        Sample Size      Variance    Kurtosis    Maximum  Min/Max      20%/60%    40%/80%    Median

     X1                   -0.019      -0.225      -3.871    0.10%      -0.751     -0.228      0.011
             971.000       0.796       0.179       2.389    0.10%       0.224      0.753
     X2                   -0.012       0.007      -3.561    0.10%      -0.779     -0.282     -0.045
             971.000       0.821      -0.194       2.554    0.10%       0.191      0.815
     X3                   -0.010      -0.051      -4.397    0.10%      -0.784     -0.280     -0.039
             971.000       0.852       0.065       2.669    0.10%       0.202      0.811
     Y1                    0.000       0.647      -1.361    0.82%      -0.714     -0.372     -0.139
             971.000       0.671      -0.161       2.447    0.10%       0.073      0.669
     Y2                    0.000       0.519      -1.447    1.03%      -0.756     -0.389     -0.139
             971.000       0.744      -0.415       2.501    0.10%       0.124      0.732
     Y3                    0.000       0.473      -1.410    1.44%      -0.720     -0.353     -0.151
             971.000       0.706      -0.249       2.551    0.10%       0.184      0.683
     M1                   -0.013      -0.207      -2.157    0.10%      -0.547     -0.152     -0.037
             971.000       0.426      -0.176       1.305    1.24%       0.156      0.562
     M2                   -0.012      -0.221      -2.427    0.10%      -0.568     -0.153     -0.024
             971.000       0.500       0.061       1.414    2.47%       0.149      0.590
     M3                   -0.011      -0.082      -2.110    0.10%      -0.624     -0.206     -0.045
             971.000       0.507      -0.375       1.425    2.16%       0.159      0.607
     GENDER1               0.646      -0.611       0.000   35.40%       0.000      1.000      1.000
             969.000       0.229      -1.627       1.000   64.60%       1.000      1.000
     AGE1                 15.638      -0.547      15.000   36.29%      15.000     16.000     16.000
             970.000       0.233      -1.625      17.000    0.10%      16.000     16.000
     EDUCATION_MOTHE       3.907      -0.084       1.000    0.31%       3.000      3.000      4.000
             965.000       0.945      -1.378       5.000   39.17%       4.000      5.000
     EDUCATION_FATHE       3.754       0.093       1.000    0.62%       3.000      3.000      3.000
             962.000       0.984      -1.211       5.000   33.78%       4.000      5.000
     UNEMPLOYED_MOTH       0.154       1.921       0.000   84.63%       0.000      0.000      0.000
             963.000       0.130       1.688       1.000   15.37%       0.000      0.000
     UNEMPLOYED_FATH       0.070       3.378       0.000   93.02%       0.000      0.000      0.000
             946.000       0.065       9.408       1.000    6.98%       0.000      0.000
     FIN1                  3.754      -0.071       1.000    0.31%       3.000      3.000      4.000
             965.000       0.726      -0.634       5.000   21.55%       4.000      5.000
     FIN2                  3.777      -0.071       1.000    0.42%       3.000      4.000      4.000
             962.000       0.685      -0.517       5.000   21.21%       4.000      5.000
     FIN3                  3.756      -0.179       1.000    0.94%       3.000      3.000      4.000
             962.000       0.750      -0.296       5.000   21.93%       4.000      5.000


THE MODEL ESTIMATION TERMINATED NORMALLY



MODEL FIT INFORMATION

Number of Free Parameters                      147

Loglikelihood

          H0 Value                      -15386.783
          H1 Value                      -15323.946

Information Criteria

          Akaike (AIC)                   31067.566
          Bayesian (BIC)                 31784.680
          Sample-Size Adjusted BIC       31317.809
            (n* = (n + 2) / 24)

Chi-Square Test of Model Fit

          Value                            125.673
          Degrees of Freedom                    42
          P-Value                           0.0000

RMSEA (Root Mean Square Error Of Approximation)

          Estimate                           0.045
          90 Percent C.I.                    0.036  0.055
          Probability RMSEA <= .05           0.791

CFI/TLI

          CFI                                0.982
          TLI                                0.949

Chi-Square Test of Model Fit for the Baseline Model

          Value                           4720.510
          Degrees of Freedom                   117
          P-Value                           0.0000

SRMR (Standardized Root Mean Square Residual)

          Value                              0.037



MODEL RESULTS

                                                    Two-Tailed
                    Estimate       S.E.  Est./S.E.    P-Value

 RIX      BY
    X1                 1.000      0.000    999.000    999.000
    X2                 1.000      0.000    999.000    999.000
    X3                 1.000      0.000    999.000    999.000

 RIY      BY
    Y1                 1.000      0.000    999.000    999.000
    Y2                 1.000      0.000    999.000    999.000
    Y3                 1.000      0.000    999.000    999.000

 RIM      BY
    M1                 1.000      0.000    999.000    999.000
    M2                 1.000      0.000    999.000    999.000
    M3                 1.000      0.000    999.000    999.000

 WX1      BY
    X1                 1.000      0.000    999.000    999.000

 WX2      BY
    X2                 1.000      0.000    999.000    999.000

 WX3      BY
    X3                 1.000      0.000    999.000    999.000

 WY1      BY
    Y1                 1.000      0.000    999.000    999.000

 WY2      BY
    Y2                 1.000      0.000    999.000    999.000

 WY3      BY
    Y3                 1.000      0.000    999.000    999.000

 WM1      BY
    M1                 1.000      0.000    999.000    999.000

 WM2      BY
    M2                 1.000      0.000    999.000    999.000

 WM3      BY
    M3                 1.000      0.000    999.000    999.000

 WY2      ON
    WY1                0.140      0.063      2.230      0.026
    WX1               -0.073      0.040     -1.830      0.067
    WM1               -0.085      0.066     -1.281      0.200

 WY3      ON
    WY2                0.140      0.063      2.230      0.026
    WX2               -0.073      0.040     -1.830      0.067
    WM2               -0.085      0.066     -1.281      0.200

 WX2      ON
    WX1                0.086      0.065      1.335      0.182
    WY1               -0.038      0.045     -0.845      0.398
    WM1                0.067      0.064      1.044      0.296

 WX3      ON
    WX2                0.086      0.065      1.335      0.182
    WY2               -0.038      0.045     -0.845      0.398
    WM2                0.067      0.064      1.044      0.296

 WM2      ON
    WM1                0.320      0.060      5.295      0.000
    WX1               -0.005      0.033     -0.166      0.868
    WY1               -0.042      0.036     -1.174      0.240

 WM3      ON
    WM2                0.320      0.060      5.295      0.000
    WX2               -0.005      0.033     -0.166      0.868
    WY2               -0.042      0.036     -1.174      0.240

 X1       ON
    GENDER1            0.586      0.058     10.080      0.000
    AGE1               0.097      0.051      1.920      0.055
    EDUCATION_         0.034      0.033      1.037      0.300
    EDUCATION_         0.052      0.031      1.684      0.092
    UNEMPLOYED        -0.082      0.076     -1.077      0.281
    UNEMPLOYED         0.180      0.097      1.861      0.063
    FIN1               0.052      0.029      1.805      0.071

 X2       ON
    GENDER1            0.409      0.060      6.791      0.000
    AGE1               0.094      0.051      1.847      0.065
    EDUCATION_         0.021      0.035      0.608      0.543
    EDUCATION_         0.053      0.033      1.596      0.111
    UNEMPLOYED        -0.029      0.080     -0.365      0.715
    UNEMPLOYED         0.234      0.110      2.125      0.034
    FIN2               0.108      0.030      3.615      0.000

 X3       ON
    GENDER1            0.420      0.061      6.929      0.000
    AGE1               0.099      0.050      1.968      0.049
    EDUCATION_         0.030      0.035      0.862      0.388
    EDUCATION_         0.034      0.033      1.012      0.311
    UNEMPLOYED        -0.043      0.080     -0.542      0.588
    UNEMPLOYED         0.266      0.103      2.582      0.010
    FIN3               0.095      0.033      2.842      0.004

 Y1       ON
    GENDER1            0.432      0.053      8.210      0.000
    AGE1              -0.007      0.046     -0.156      0.876
    EDUCATION_         0.011      0.032      0.335      0.737
    EDUCATION_        -0.015      0.031     -0.479      0.632
    UNEMPLOYED         0.006      0.074      0.082      0.934
    UNEMPLOYED        -0.123      0.098     -1.257      0.209
    FIN1              -0.134      0.027     -4.954      0.000

 Y2       ON
    GENDER1            0.439      0.056      7.869      0.000
    AGE1              -0.009      0.046     -0.205      0.837
    EDUCATION_         0.010      0.032      0.310      0.757
    EDUCATION_        -0.016      0.032     -0.486      0.627
    UNEMPLOYED         0.148      0.080      1.852      0.064
    UNEMPLOYED        -0.122      0.111     -1.096      0.273
    FIN2              -0.130      0.030     -4.384      0.000

 Y3       ON
    GENDER1            0.399      0.055      7.285      0.000
    AGE1              -0.002      0.046     -0.043      0.966
    EDUCATION_         0.021      0.032      0.658      0.511
    EDUCATION_        -0.022      0.030     -0.733      0.464
    UNEMPLOYED         0.058      0.079      0.737      0.461
    UNEMPLOYED        -0.183      0.103     -1.783      0.075
    FIN3              -0.155      0.027     -5.688      0.000

 M1       ON
    GENDER1           -0.156      0.042     -3.681      0.000
    AGE1               0.071      0.039      1.815      0.070
    EDUCATION_        -0.024      0.025     -0.933      0.351
    EDUCATION_         0.022      0.024      0.920      0.358
    UNEMPLOYED         0.019      0.061      0.314      0.754
    UNEMPLOYED         0.185      0.088      2.100      0.036
    FIN1               0.114      0.021      5.422      0.000

 M2       ON
    GENDER1           -0.154      0.046     -3.364      0.001
    AGE1               0.069      0.039      1.758      0.079
    EDUCATION_        -0.007      0.026     -0.249      0.804
    EDUCATION_         0.016      0.027      0.613      0.540
    UNEMPLOYED         0.013      0.067      0.192      0.847
    UNEMPLOYED        -0.003      0.093     -0.029      0.977
    FIN2               0.114      0.022      5.109      0.000

 M3       ON
    GENDER1           -0.107      0.048     -2.233      0.026
    AGE1               0.067      0.039      1.725      0.084
    EDUCATION_         0.002      0.027      0.086      0.932
    EDUCATION_         0.009      0.026      0.349      0.727
    UNEMPLOYED        -0.042      0.065     -0.643      0.520
    UNEMPLOYED         0.144      0.090      1.602      0.109
    FIN3               0.110      0.024      4.530      0.000

 RIX      WITH
    RIY               -0.047      0.020     -2.383      0.017
    RIM                0.185      0.019      9.956      0.000

 RIY      WITH
    RIM               -0.134      0.018     -7.327      0.000

 WX1      WITH
    WY1                0.007      0.016      0.462      0.644
    WM1                0.040      0.015      2.695      0.007

 WY1      WITH
    WM1               -0.036      0.017     -2.134      0.033

 WX2      WITH
    WY2               -0.047      0.014     -3.431      0.001
    WM2                0.077      0.011      6.835      0.000

 WY2      WITH
    WM2               -0.071      0.010     -7.152      0.000

 WX3      WITH
    WY3               -0.047      0.014     -3.431      0.001
    WM3                0.077      0.011      6.835      0.000

 WY3      WITH
    WM3               -0.071      0.010     -7.152      0.000

 GENDER1  WITH
    AGE1              -0.001      0.007     -0.088      0.930
    EDUCATION_        -0.036      0.015     -2.377      0.017
    EDUCATION_        -0.022      0.015     -1.466      0.143
    UNEMPLOYED        -0.003      0.006     -0.498      0.619
    UNEMPLOYED        -0.002      0.004     -0.421      0.674
    FIN1               0.014      0.013      1.084      0.278
    FIN2              -0.001      0.013     -0.081      0.935
    FIN3               0.006      0.014      0.424      0.672

 AGE1     WITH
    EDUCATION_        -0.037      0.015     -2.449      0.014
    EDUCATION_        -0.018      0.015     -1.186      0.236
    UNEMPLOYED         0.012      0.005      2.221      0.026
    UNEMPLOYED         0.002      0.004      0.450      0.653
    FIN1              -0.006      0.013     -0.419      0.675
    FIN2              -0.010      0.013     -0.799      0.425
    FIN3              -0.012      0.014     -0.907      0.365

 EDUCATIO WITH
    EDUCATION_         0.452      0.030     14.928      0.000
    UNEMPLOYED        -0.088      0.012     -7.482      0.000
    UNEMPLOYED        -0.024      0.009     -2.746      0.006
    FIN1               0.118      0.027      4.350      0.000
    FIN2               0.132      0.026      5.099      0.000
    FIN3               0.136      0.027      4.972      0.000

 EDUCATIO WITH
    UNEMPLOYED        -0.057      0.011     -4.930      0.000
    UNEMPLOYED        -0.031      0.007     -4.100      0.000
    FIN1               0.145      0.028      5.245      0.000
    FIN2               0.173      0.026      6.616      0.000
    FIN3               0.184      0.027      6.803      0.000

 UNEMPLOY WITH
    UNEMPLOYED         0.013      0.004      3.273      0.001
    FIN1              -0.033      0.011     -3.026      0.002
    FIN2              -0.029      0.010     -2.891      0.004
    FIN3              -0.040      0.010     -3.859      0.000

 UNEMPLOY WITH
    FIN1              -0.027      0.008     -3.199      0.001
    FIN2              -0.020      0.007     -2.990      0.003
    FIN3              -0.020      0.008     -2.684      0.007

 FIN1     WITH
    FIN2               0.504      0.025     20.347      0.000
    FIN3               0.484      0.025     19.205      0.000

 FIN2     WITH
    FIN3               0.504      0.024     20.760      0.000

 Means
    GENDER1            0.646      0.015     42.466      0.000
    AGE1              15.638      0.016   1007.245      0.000
    EDUCATION_         3.906      0.031    124.239      0.000
    EDUCATION_         3.754      0.032    116.424      0.000
    UNEMPLOYED         0.154      0.012     13.357      0.000
    UNEMPLOYED         0.070      0.008      8.375      0.000
    FIN1               3.755      0.027    138.397      0.000
    FIN2               3.776      0.027    141.551      0.000
    FIN3               3.754      0.028    133.387      0.000

 Intercepts
    X1                -2.442      0.808     -3.021      0.003
    X2                -2.442      0.808     -3.021      0.003
    X3                -2.442      0.808     -3.021      0.003
    Y1                 0.359      0.739      0.486      0.627
    Y2                 0.359      0.739      0.486      0.627
    Y3                 0.359      0.739      0.486      0.627
    M1                -1.456      0.628     -2.317      0.021
    M2                -1.456      0.628     -2.317      0.021
    M3                -1.456      0.628     -2.317      0.021

 Variances
    GENDER1            0.229      0.004     51.279      0.000
    AGE1               0.233      0.005     50.732      0.000
    EDUCATION_         0.946      0.024     38.650      0.000
    EDUCATION_         0.984      0.028     34.899      0.000
    UNEMPLOYED         0.130      0.008     16.318      0.000
    UNEMPLOYED         0.065      0.007      9.064      0.000
    FIN1               0.727      0.028     26.410      0.000
    FIN2               0.684      0.027     25.737      0.000
    FIN3               0.750      0.032     23.564      0.000
    RIX                0.436      0.030     14.568      0.000
    RIY                0.322      0.028     11.654      0.000
    RIM                0.238      0.022     10.902      0.000
    WX1                0.291      0.025     11.517      0.000
    WY1                0.267      0.025     10.715      0.000
    WM1                0.151      0.020      7.567      0.000

 Residual Variances
    X1                 0.000      0.000    999.000    999.000
    X2                 0.000      0.000    999.000    999.000
    X3                 0.000      0.000    999.000    999.000
    Y1                 0.000      0.000    999.000    999.000
    Y2                 0.000      0.000    999.000    999.000
    Y3                 0.000      0.000    999.000    999.000
    M1                 0.000      0.000    999.000    999.000
    M2                 0.000      0.000    999.000    999.000
    M3                 0.000      0.000    999.000    999.000
    WX2                0.327      0.024     13.495      0.000
    WX3                0.327      0.024     13.495      0.000
    WY2                0.316      0.018     17.403      0.000
    WY3                0.316      0.018     17.403      0.000
    WM2                0.224      0.011     19.697      0.000
    WM3                0.224      0.011     19.697      0.000

New/Additional Parameters
    IND                0.000      0.004      0.129      0.897


STANDARDIZED MODEL RESULTS


STDYX Standardization

                                                    Two-Tailed
                    Estimate       S.E.  Est./S.E.    P-Value

 RIX      BY
    X1                 0.731      0.020     36.557      0.000
    X2                 0.729      0.021     34.050      0.000
    X3                 0.727      0.022     33.220      0.000

 RIY      BY
    Y1                 0.707      0.026     26.850      0.000
    Y2                 0.675      0.024     27.760      0.000
    Y3                 0.674      0.025     27.021      0.000

 RIM      BY
    M1                 0.765      0.032     24.281      0.000
    M2                 0.694      0.026     26.449      0.000
    M3                 0.688      0.028     24.920      0.000

 WX1      BY
    X1                 0.597      0.023     26.308      0.000

 WX2      BY
    X2                 0.635      0.024     26.429      0.000

 WX3      BY
    X3                 0.635      0.025     25.904      0.000

 WY1      BY
    Y1                 0.644      0.027     23.559      0.000

 WY2      BY
    Y2                 0.678      0.023     30.044      0.000

 WY3      BY
    Y3                 0.683      0.023     29.299      0.000

 WM1      BY
    M1                 0.610      0.038     15.926      0.000

 WM2      BY
    M2                 0.697      0.025     27.615      0.000

 WM3      BY
    M3                 0.706      0.026     26.822      0.000

 WY2      ON
    WY1                0.127      0.058      2.202      0.028
    WX1               -0.069      0.037     -1.850      0.064
    WM1               -0.058      0.046     -1.264      0.206

 WY3      ON
    WY2                0.139      0.062      2.245      0.025
    WX2               -0.073      0.040     -1.822      0.068
    WM2               -0.072      0.057     -1.269      0.204

 WX2      ON
    WX1                0.081      0.060      1.356      0.175
    WY1               -0.034      0.040     -0.842      0.400
    WM1                0.045      0.044      1.014      0.311

 WX3      ON
    WX2                0.086      0.064      1.339      0.180
    WY2               -0.038      0.044     -0.845      0.398
    WM2                0.057      0.055      1.034      0.301

 WM2      ON
    WM1                0.254      0.054      4.693      0.000
    WX1               -0.006      0.036     -0.166      0.868
    WY1               -0.044      0.038     -1.163      0.245

 WM3      ON
    WM2                0.313      0.058      5.441      0.000
    WX2               -0.006      0.037     -0.167      0.868
    WY2               -0.048      0.040     -1.181      0.238

 X1       ON
    GENDER1            0.310      0.029     10.701      0.000
    AGE1               0.052      0.027      1.920      0.055
    EDUCATION_         0.037      0.035      1.042      0.298
    EDUCATION_         0.057      0.034      1.685      0.092
    UNEMPLOYED        -0.033      0.030     -1.078      0.281
    UNEMPLOYED         0.051      0.027      1.879      0.060
    FIN1               0.049      0.027      1.806      0.071

 X2       ON
    GENDER1            0.216      0.031      6.957      0.000
    AGE1               0.050      0.027      1.844      0.065
    EDUCATION_         0.023      0.037      0.608      0.543
    EDUCATION_         0.058      0.036      1.598      0.110
    UNEMPLOYED        -0.012      0.032     -0.366      0.714
    UNEMPLOYED         0.066      0.031      2.133      0.033
    FIN2               0.099      0.027      3.634      0.000

 X3       ON
    GENDER1            0.221      0.031      7.086      0.000
    AGE1               0.053      0.027      1.965      0.049
    EDUCATION_         0.032      0.037      0.863      0.388
    EDUCATION_         0.037      0.036      1.015      0.310
    UNEMPLOYED        -0.017      0.032     -0.544      0.586
    UNEMPLOYED         0.075      0.029      2.584      0.010
    FIN3               0.090      0.031      2.871      0.004

 Y1       ON
    GENDER1            0.257      0.031      8.382      0.000
    AGE1              -0.004      0.028     -0.156      0.876
    EDUCATION_         0.013      0.039      0.336      0.737
    EDUCATION_        -0.019      0.039     -0.479      0.632
    UNEMPLOYED         0.003      0.033      0.083      0.934
    UNEMPLOYED        -0.039      0.031     -1.264      0.206
    FIN1              -0.142      0.029     -4.926      0.000

 Y2       ON
    GENDER1            0.250      0.031      8.043      0.000
    AGE1              -0.005      0.026     -0.205      0.837
    EDUCATION_         0.011      0.037      0.310      0.756
    EDUCATION_        -0.018      0.038     -0.486      0.627
    UNEMPLOYED         0.064      0.034      1.861      0.063
    UNEMPLOYED        -0.037      0.034     -1.102      0.270
    FIN2              -0.128      0.029     -4.368      0.000

 Y3       ON
    GENDER1            0.227      0.031      7.357      0.000
    AGE1              -0.001      0.026     -0.043      0.966
    EDUCATION_         0.024      0.037      0.659      0.510
    EDUCATION_        -0.026      0.035     -0.734      0.463
    UNEMPLOYED         0.025      0.034      0.739      0.460
    UNEMPLOYED        -0.055      0.031     -1.796      0.073
    FIN3              -0.160      0.028     -5.620      0.000

 M1       ON
    GENDER1           -0.117      0.031     -3.722      0.000
    AGE1               0.054      0.030      1.819      0.069
    EDUCATION_        -0.036      0.039     -0.934      0.350
    EDUCATION_         0.034      0.037      0.921      0.357
    UNEMPLOYED         0.011      0.034      0.314      0.753
    UNEMPLOYED         0.074      0.035      2.107      0.035
    FIN1               0.152      0.028      5.398      0.000

 M2       ON
    GENDER1           -0.105      0.031     -3.412      0.001
    AGE1               0.047      0.027      1.758      0.079
    EDUCATION_        -0.009      0.037     -0.249      0.804
    EDUCATION_         0.023      0.037      0.614      0.540
    UNEMPLOYED         0.007      0.034      0.193      0.847
    UNEMPLOYED        -0.001      0.034     -0.029      0.977
    FIN2               0.134      0.026      5.106      0.000

 M3       ON
    GENDER1           -0.072      0.032     -2.246      0.025
    AGE1               0.046      0.027      1.725      0.085
    EDUCATION_         0.003      0.037      0.086      0.932
    EDUCATION_         0.013      0.037      0.349      0.727
    UNEMPLOYED        -0.021      0.033     -0.645      0.519
    UNEMPLOYED         0.052      0.032      1.607      0.108
    FIN3               0.135      0.029      4.601      0.000

 RIX      WITH
    RIY               -0.127      0.053     -2.384      0.017
    RIM                0.575      0.041     13.977      0.000

 RIY      WITH
    RIM               -0.483      0.050     -9.651      0.000

 WX1      WITH
    WY1                0.027      0.058      0.462      0.644
    WM1                0.190      0.065      2.932      0.003

 WY1      WITH
    WM1               -0.180      0.076     -2.376      0.017

 WX2      WITH
    WY2               -0.145      0.041     -3.512      0.000
    WM2                0.283      0.040      7.001      0.000

 WY2      WITH
    WM2               -0.266      0.035     -7.701      0.000

 WX3      WITH
    WY3               -0.145      0.041     -3.512      0.000
    WM3                0.283      0.040      7.001      0.000

 WY3      WITH
    WM3               -0.266      0.035     -7.701      0.000

 GENDER1  WITH
    AGE1              -0.003      0.032     -0.088      0.930
    EDUCATION_        -0.077      0.032     -2.373      0.018
    EDUCATION_        -0.046      0.032     -1.466      0.143
    UNEMPLOYED        -0.016      0.032     -0.497      0.619
    UNEMPLOYED        -0.014      0.033     -0.421      0.674
    FIN1               0.035      0.032      1.084      0.278
    FIN2              -0.003      0.033     -0.081      0.935
    FIN3               0.014      0.033      0.424      0.672

 AGE1     WITH
    EDUCATION_        -0.078      0.032     -2.446      0.014
    EDUCATION_        -0.038      0.032     -1.184      0.236
    UNEMPLOYED         0.069      0.031      2.235      0.025
    UNEMPLOYED         0.014      0.032      0.450      0.653
    FIN1              -0.013      0.032     -0.418      0.676
    FIN2              -0.026      0.032     -0.799      0.424
    FIN3              -0.029      0.032     -0.908      0.364

 EDUCATIO WITH
    EDUCATION_         0.469      0.028     16.546      0.000
    UNEMPLOYED        -0.250      0.030     -8.360      0.000
    UNEMPLOYED        -0.096      0.034     -2.844      0.004
    FIN1               0.142      0.032      4.430      0.000
    FIN2               0.164      0.032      5.193      0.000
    FIN3               0.161      0.032      5.032      0.000

 EDUCATIO WITH
    UNEMPLOYED        -0.158      0.031     -5.167      0.000
    UNEMPLOYED        -0.121      0.027     -4.479      0.000
    FIN1               0.172      0.032      5.293      0.000
    FIN2               0.211      0.031      6.838      0.000
    FIN3               0.214      0.031      7.012      0.000

 UNEMPLOY WITH
    UNEMPLOYED         0.146      0.042      3.483      0.000
    FIN1              -0.108      0.035     -3.088      0.002
    FIN2              -0.097      0.033     -2.927      0.003
    FIN3              -0.129      0.032     -3.969      0.000

 UNEMPLOY WITH
    FIN1              -0.123      0.036     -3.386      0.001
    FIN2              -0.094      0.030     -3.135      0.002
    FIN3              -0.091      0.033     -2.785      0.005

 FIN1     WITH
    FIN2               0.715      0.019     38.246      0.000
    FIN3               0.655      0.024     27.833      0.000

 FIN2     WITH
    FIN3               0.703      0.021     33.367      0.000

 Means
    GENDER1            1.352      0.045     29.946      0.000
    AGE1              32.399      0.350     92.495      0.000
    EDUCATION_         4.017      0.064     62.473      0.000
    EDUCATION_         3.785      0.060     63.169      0.000
    UNEMPLOYED         0.426      0.019     22.554      0.000
    UNEMPLOYED         0.274      0.018     15.495      0.000
    FIN1               4.405      0.092     48.121      0.000
    FIN2               4.567      0.096     47.393      0.000
    FIN3               4.334      0.102     42.317      0.000

 Intercepts
    X1                -2.703      0.890     -3.037      0.002
    X2                -2.695      0.891     -3.024      0.002
    X3                -2.690      0.889     -3.028      0.002
    Y1                 0.448      0.921      0.487      0.627
    Y2                 0.427      0.880      0.486      0.627
    Y3                 0.427      0.879      0.486      0.627
    M1                -2.282      0.982     -2.323      0.020
    M2                -2.070      0.894     -2.315      0.021
    M3                -2.053      0.887     -2.315      0.021

 Variances
    GENDER1            1.000      0.000    999.000    999.000
    AGE1               1.000      0.000    999.000    999.000
    EDUCATION_         1.000      0.000    999.000    999.000
    EDUCATION_         1.000      0.000    999.000    999.000
    UNEMPLOYED         1.000      0.000    999.000    999.000
    UNEMPLOYED         1.000      0.000    999.000    999.000
    FIN1               1.000      0.000    999.000    999.000
    FIN2               1.000      0.000    999.000    999.000
    FIN3               1.000      0.000    999.000    999.000
    RIX                1.000      0.000    999.000    999.000
    RIY                1.000      0.000    999.000    999.000
    RIM                1.000      0.000    999.000    999.000
    WX1                1.000      0.000    999.000    999.000
    WY1                1.000      0.000    999.000    999.000
    WM1                1.000      0.000    999.000    999.000

 Residual Variances
    X1                 0.000      0.000      0.000      1.000
    X2                 0.000      0.000      0.000      1.000
    X3                 0.000      0.000      0.000      1.000
    Y1                 0.000      0.000      0.000      1.000
    Y2                 0.000      0.000      0.000      1.000
    Y3                 0.000      0.000      0.000      1.000
    M1                 0.000      0.000      0.000      1.000
    M2                 0.000      0.000      0.000      1.000
    M3                 0.000      0.000      0.000      1.000
    WX2                0.988      0.013     75.537      0.000
    WX3                0.983      0.018     54.879      0.000
    WY2                0.972      0.019     52.265      0.000
    WY3                0.958      0.026     37.254      0.000
    WM2                0.930      0.031     30.162      0.000
    WM3                0.892      0.039     23.045      0.000


R-SQUARE

    Observed                                        Two-Tailed
    Variable        Estimate       S.E.  Est./S.E.    P-Value

    X1                 1.000      0.000    999.000    999.000
    X2                 1.000      0.000    999.000    999.000
    X3                 1.000      0.000    999.000    999.000
    Y1                 1.000      0.000    999.000    999.000
    Y2                 1.000      0.000    999.000    999.000
    Y3                 1.000      0.000    999.000    999.000
    M1                 1.000      0.000    999.000    999.000
    M2                 1.000      0.000    999.000    999.000
    M3                 1.000      0.000    999.000    999.000

     Latent                                         Two-Tailed
    Variable        Estimate       S.E.  Est./S.E.    P-Value

    WX2                0.012      0.013      0.880      0.379
    WX3                0.017      0.018      0.951      0.342
    WY2                0.028      0.019      1.506      0.132
    WY3                0.042      0.026      1.633      0.102
    WM2                0.070      0.031      2.268      0.023
    WM3                0.108      0.039      2.783      0.005


CONFIDENCE INTERVALS OF MODEL RESULTS

                  Lower .5%  Lower 2.5%    Lower 5%    Estimate    Upper 5%  Upper 2.5%   Upper .5%

 RIX      BY
    X1               1.000       1.000       1.000       1.000       1.000       1.000       1.000
    X2               1.000       1.000       1.000       1.000       1.000       1.000       1.000
    X3               1.000       1.000       1.000       1.000       1.000       1.000       1.000

 RIY      BY
    Y1               1.000       1.000       1.000       1.000       1.000       1.000       1.000
    Y2               1.000       1.000       1.000       1.000       1.000       1.000       1.000
    Y3               1.000       1.000       1.000       1.000       1.000       1.000       1.000

 RIM      BY
    M1               1.000       1.000       1.000       1.000       1.000       1.000       1.000
    M2               1.000       1.000       1.000       1.000       1.000       1.000       1.000
    M3               1.000       1.000       1.000       1.000       1.000       1.000       1.000

 WX1      BY
    X1               1.000       1.000       1.000       1.000       1.000       1.000       1.000

 WX2      BY
    X2               1.000       1.000       1.000       1.000       1.000       1.000       1.000

 WX3      BY
    X3               1.000       1.000       1.000       1.000       1.000       1.000       1.000

 WY1      BY
    Y1               1.000       1.000       1.000       1.000       1.000       1.000       1.000

 WY2      BY
    Y2               1.000       1.000       1.000       1.000       1.000       1.000       1.000

 WY3      BY
    Y3               1.000       1.000       1.000       1.000       1.000       1.000       1.000

 WM1      BY
    M1               1.000       1.000       1.000       1.000       1.000       1.000       1.000

 WM2      BY
    M2               1.000       1.000       1.000       1.000       1.000       1.000       1.000

 WM3      BY
    M3               1.000       1.000       1.000       1.000       1.000       1.000       1.000

 WY2      ON
    WY1             -0.020       0.019       0.038       0.140       0.246       0.265       0.307
    WX1             -0.173      -0.149      -0.137      -0.073      -0.005       0.008       0.034
    WM1             -0.248      -0.213      -0.194      -0.085       0.024       0.044       0.089

 WY3      ON
    WY2             -0.020       0.019       0.038       0.140       0.246       0.265       0.307
    WX2             -0.173      -0.149      -0.137      -0.073      -0.005       0.008       0.034
    WM2             -0.248      -0.213      -0.194      -0.085       0.024       0.044       0.089

 WX2      ON
    WX1             -0.078      -0.042      -0.020       0.086       0.193       0.211       0.255
    WY1             -0.155      -0.125      -0.111      -0.038       0.037       0.051       0.078
    WM1             -0.095      -0.056      -0.038       0.067       0.173       0.193       0.231

 WX3      ON
    WX2             -0.078      -0.042      -0.020       0.086       0.193       0.211       0.255
    WY2             -0.155      -0.125      -0.111      -0.038       0.037       0.051       0.078
    WM2             -0.095      -0.056      -0.038       0.067       0.173       0.193       0.231

 WM2      ON
    WM1              0.167       0.202       0.220       0.320       0.420       0.441       0.486
    WX1             -0.089      -0.069      -0.059      -0.005       0.049       0.059       0.079
    WY1             -0.135      -0.112      -0.101      -0.042       0.017       0.026       0.050

 WM3      ON
    WM2              0.167       0.202       0.220       0.320       0.420       0.441       0.486
    WX2             -0.089      -0.069      -0.059      -0.005       0.049       0.059       0.079
    WY2             -0.135      -0.112      -0.101      -0.042       0.017       0.026       0.050

 X1       ON
    GENDER1          0.436       0.472       0.490       0.586       0.680       0.698       0.732
    AGE1            -0.031      -0.002       0.013       0.097       0.181       0.196       0.228
    EDUCATION_      -0.050      -0.030      -0.019       0.034       0.090       0.100       0.120
    EDUCATION_      -0.028      -0.008       0.001       0.052       0.102       0.111       0.129
    UNEMPLOYED      -0.274      -0.227      -0.204      -0.082       0.045       0.071       0.121
    UNEMPLOYED      -0.070      -0.009       0.021       0.180       0.342       0.375       0.432
    FIN1            -0.023      -0.005       0.004       0.052       0.099       0.108       0.123

 X2       ON
    GENDER1          0.254       0.289       0.309       0.409       0.507       0.525       0.566
    AGE1            -0.033      -0.006       0.010       0.094       0.177       0.193       0.226
    EDUCATION_      -0.067      -0.046      -0.036       0.021       0.078       0.089       0.112
    EDUCATION_      -0.034      -0.013      -0.002       0.053       0.107       0.117       0.135
    UNEMPLOYED      -0.242      -0.182      -0.157      -0.029       0.105       0.129       0.180
    UNEMPLOYED      -0.048       0.018       0.051       0.234       0.417       0.454       0.523
    FIN2             0.031       0.049       0.058       0.108       0.157       0.166       0.186

 X3       ON
    GENDER1          0.264       0.302       0.321       0.420       0.519       0.539       0.576
    AGE1            -0.031       0.000       0.015       0.099       0.181       0.197       0.228
    EDUCATION_      -0.060      -0.039      -0.029       0.030       0.087       0.098       0.120
    EDUCATION_      -0.053      -0.031      -0.022       0.034       0.088       0.099       0.120
    UNEMPLOYED      -0.252      -0.198      -0.173      -0.043       0.089       0.115       0.163
    UNEMPLOYED      -0.004       0.062       0.096       0.266       0.435       0.464       0.532
    FIN3             0.011       0.031       0.040       0.095       0.150       0.161       0.184

 Y1       ON
    GENDER1          0.295       0.329       0.346       0.432       0.518       0.535       0.565
    AGE1            -0.126      -0.096      -0.083      -0.007       0.070       0.085       0.115
    EDUCATION_      -0.071      -0.051      -0.042       0.011       0.064       0.074       0.095
    EDUCATION_      -0.097      -0.076      -0.067      -0.015       0.036       0.046       0.064
    UNEMPLOYED      -0.178      -0.139      -0.115       0.006       0.129       0.154       0.202
    UNEMPLOYED      -0.374      -0.313      -0.283      -0.123       0.039       0.073       0.135
    FIN1            -0.205      -0.186      -0.178      -0.134      -0.089      -0.081      -0.066

 Y2       ON
    GENDER1          0.293       0.329       0.348       0.439       0.531       0.548       0.585
    AGE1            -0.126      -0.098      -0.084      -0.009       0.068       0.083       0.112
    EDUCATION_      -0.074      -0.053      -0.043       0.010       0.062       0.072       0.092
    EDUCATION_      -0.099      -0.079      -0.070      -0.016       0.037       0.048       0.069
    UNEMPLOYED      -0.054      -0.009       0.016       0.148       0.278       0.305       0.358
    UNEMPLOYED      -0.402      -0.337      -0.303      -0.122       0.063       0.101       0.170
    FIN2            -0.207      -0.190      -0.180      -0.130      -0.082      -0.073      -0.055

 Y3       ON
    GENDER1          0.258       0.291       0.309       0.399       0.490       0.506       0.540
    AGE1            -0.120      -0.091      -0.077      -0.002       0.075       0.091       0.121
    EDUCATION_      -0.059      -0.041      -0.031       0.021       0.074       0.084       0.105
    EDUCATION_      -0.099      -0.081      -0.072      -0.022       0.027       0.038       0.057
    UNEMPLOYED      -0.140      -0.095      -0.069       0.058       0.188       0.215       0.263
    UNEMPLOYED      -0.447      -0.384      -0.350      -0.183      -0.014       0.019       0.087
    FIN3            -0.225      -0.209      -0.200      -0.155      -0.110      -0.103      -0.085

 M1       ON
    GENDER1         -0.270      -0.240      -0.226      -0.156      -0.088      -0.074      -0.050
    AGE1            -0.029      -0.007       0.007       0.071       0.135       0.148       0.173
    EDUCATION_      -0.088      -0.074      -0.065      -0.024       0.018       0.026       0.040
    EDUCATION_      -0.042      -0.025      -0.017       0.022       0.062       0.070       0.084
    UNEMPLOYED      -0.139      -0.101      -0.080       0.019       0.118       0.137       0.174
    UNEMPLOYED      -0.044       0.013       0.039       0.185       0.329       0.356       0.413
    FIN1             0.060       0.073       0.079       0.114       0.148       0.155       0.168

 M2       ON
    GENDER1         -0.274      -0.245      -0.232      -0.154      -0.080      -0.066      -0.036
    AGE1            -0.029      -0.009       0.005       0.069       0.133       0.145       0.170
    EDUCATION_      -0.074      -0.059      -0.049      -0.007       0.038       0.046       0.063
    EDUCATION_      -0.053      -0.036      -0.028       0.016       0.059       0.068       0.084
    UNEMPLOYED      -0.163      -0.117      -0.096       0.013       0.122       0.145       0.184
    UNEMPLOYED      -0.248      -0.187      -0.155      -0.003       0.153       0.183       0.236
    FIN2             0.057       0.071       0.078       0.114       0.151       0.158       0.172

 M3       ON
    GENDER1         -0.236      -0.202      -0.187      -0.107      -0.029      -0.014       0.012
    AGE1            -0.032      -0.010       0.003       0.067       0.131       0.144       0.169
    EDUCATION_      -0.066      -0.051      -0.042       0.002       0.046       0.055       0.069
    EDUCATION_      -0.060      -0.044      -0.034       0.009       0.053       0.062       0.077
    UNEMPLOYED      -0.208      -0.173      -0.150      -0.042       0.064       0.085       0.131
    UNEMPLOYED      -0.103      -0.034      -0.004       0.144       0.288       0.314       0.371
    FIN3             0.048       0.063       0.071       0.110       0.151       0.158       0.174

 RIX      WITH
    RIY             -0.099      -0.086      -0.080      -0.047      -0.015      -0.008       0.004
    RIM              0.134       0.146       0.152       0.185       0.213       0.219       0.230

 RIY      WITH
    RIM             -0.177      -0.167      -0.162      -0.134      -0.101      -0.095      -0.081

 WX1      WITH
    WY1             -0.036      -0.024      -0.019       0.007       0.033       0.038       0.048
    WM1              0.003       0.011       0.016       0.040       0.065       0.070       0.080

 WY1      WITH
    WM1             -0.086      -0.073      -0.066      -0.036      -0.010      -0.005       0.003

 WX2      WITH
    WY2             -0.080      -0.072      -0.068      -0.047      -0.023      -0.019      -0.010
    WM2              0.047       0.054       0.057       0.077       0.094       0.097       0.105

 WY2      WITH
    WM2             -0.095      -0.089      -0.086      -0.071      -0.054      -0.050      -0.044

 WX3      WITH
    WY3             -0.080      -0.072      -0.068      -0.047      -0.023      -0.019      -0.010
    WM3              0.047       0.054       0.057       0.077       0.094       0.097       0.105

 WY3      WITH
    WM3             -0.095      -0.089      -0.086      -0.071      -0.054      -0.050      -0.044

 GENDER1  WITH
    AGE1            -0.019      -0.015      -0.013      -0.001       0.011       0.014       0.018
    EDUCATION_      -0.073      -0.065      -0.060      -0.036      -0.011      -0.006       0.004
    EDUCATION_      -0.059      -0.051      -0.046      -0.022       0.003       0.008       0.018
    UNEMPLOYED      -0.017      -0.014      -0.012      -0.003       0.006       0.008       0.011
    UNEMPLOYED      -0.012      -0.010      -0.008      -0.002       0.005       0.006       0.008
    FIN1            -0.019      -0.012      -0.008       0.014       0.035       0.040       0.048
    FIN2            -0.035      -0.027      -0.022      -0.001       0.020       0.024       0.031
    FIN3            -0.030      -0.021      -0.017       0.006       0.028       0.032       0.040

 AGE1     WITH
    EDUCATION_      -0.075      -0.067      -0.062      -0.037      -0.012      -0.008       0.002
    EDUCATION_      -0.057      -0.049      -0.044      -0.018       0.007       0.012       0.022
    UNEMPLOYED      -0.002       0.001       0.003       0.012       0.021       0.022       0.025
    UNEMPLOYED      -0.009      -0.006      -0.005       0.002       0.008       0.009       0.012
    FIN1            -0.039      -0.031      -0.027      -0.006       0.016       0.020       0.028
    FIN2            -0.044      -0.036      -0.031      -0.010       0.011       0.015       0.022
    FIN3            -0.047      -0.038      -0.034      -0.012       0.010       0.014       0.023

 EDUCATIO WITH
    EDUCATION_       0.373       0.393       0.403       0.452       0.501       0.511       0.530
    UNEMPLOYED      -0.120      -0.111      -0.107      -0.088      -0.068      -0.065      -0.058
    UNEMPLOYED      -0.046      -0.040      -0.038      -0.024      -0.010      -0.007      -0.001
    FIN1             0.048       0.064       0.073       0.118       0.162       0.171       0.189
    FIN2             0.066       0.081       0.089       0.132       0.174       0.181       0.197
    FIN3             0.065       0.083       0.091       0.136       0.181       0.189       0.205

 EDUCATIO WITH
    UNEMPLOYED      -0.086      -0.079      -0.075      -0.057      -0.038      -0.034      -0.027
    UNEMPLOYED      -0.050      -0.045      -0.043      -0.031      -0.018      -0.016      -0.012
    FIN1             0.074       0.091       0.100       0.145       0.190       0.201       0.217
    FIN2             0.108       0.122       0.130       0.173       0.216       0.224       0.241
    FIN3             0.113       0.130       0.140       0.184       0.229       0.238       0.253

 UNEMPLOY WITH
    UNEMPLOYED       0.004       0.006       0.007       0.013       0.020       0.022       0.024
    FIN1            -0.062      -0.055      -0.051      -0.033      -0.015      -0.012      -0.006
    FIN2            -0.055      -0.048      -0.045      -0.029      -0.013      -0.009      -0.004
    FIN3            -0.068      -0.061      -0.057      -0.040      -0.023      -0.020      -0.014

 UNEMPLOY WITH
    FIN1            -0.048      -0.043      -0.040      -0.027      -0.013      -0.011      -0.005
    FIN2            -0.037      -0.033      -0.031      -0.020      -0.009      -0.007      -0.003
    FIN3            -0.040      -0.035      -0.033      -0.020      -0.008      -0.006      -0.001

 FIN1     WITH
    FIN2             0.439       0.455       0.463       0.504       0.545       0.553       0.567
    FIN3             0.419       0.434       0.442       0.484       0.525       0.532       0.551

 FIN2     WITH
    FIN3             0.441       0.456       0.463       0.504       0.543       0.552       0.566

 Means
    GENDER1          0.607       0.617       0.621       0.646       0.671       0.676       0.686
    AGE1            15.598      15.608      15.612      15.638      15.663      15.669      15.679
    EDUCATION_       3.827       3.846       3.855       3.906       3.959       3.968       3.987
    EDUCATION_       3.670       3.690       3.700       3.754       3.806       3.817       3.837
    UNEMPLOYED       0.124       0.132       0.135       0.154       0.173       0.176       0.183
    UNEMPLOYED       0.049       0.054       0.056       0.070       0.084       0.087       0.091
    FIN1             3.683       3.701       3.711       3.755       3.800       3.808       3.826
    FIN2             3.707       3.724       3.732       3.776       3.820       3.828       3.843
    FIN3             3.681       3.698       3.706       3.754       3.799       3.808       3.824

 Intercepts
    X1              -4.529      -4.029      -3.764      -2.442      -1.101      -0.873      -0.398
    X2              -4.529      -4.029      -3.764      -2.442      -1.101      -0.873      -0.398
    X3              -4.529      -4.029      -3.764      -2.442      -1.101      -0.873      -0.398
    Y1              -1.590      -1.117      -0.886       0.359       1.573       1.780       2.254
    Y2              -1.590      -1.117      -0.886       0.359       1.573       1.780       2.254
    Y3              -1.590      -1.117      -0.886       0.359       1.573       1.780       2.254
    M1              -3.075      -2.686      -2.496      -1.456      -0.434      -0.226       0.106
    M2              -3.075      -2.686      -2.496      -1.456      -0.434      -0.226       0.106
    M3              -3.075      -2.686      -2.496      -1.456      -0.434      -0.226       0.106

 Variances
    GENDER1          0.216       0.219       0.221       0.229       0.235       0.236       0.238
    AGE1             0.220       0.223       0.225       0.233       0.240       0.241       0.244
    EDUCATION_       0.885       0.899       0.906       0.946       0.986       0.996       1.012
    EDUCATION_       0.914       0.929       0.938       0.984       1.030       1.039       1.058
    UNEMPLOYED       0.109       0.114       0.117       0.130       0.143       0.145       0.150
    UNEMPLOYED       0.047       0.051       0.053       0.065       0.077       0.079       0.083
    FIN1             0.657       0.671       0.680       0.727       0.771       0.779       0.798
    FIN2             0.617       0.632       0.640       0.684       0.727       0.737       0.753
    FIN3             0.670       0.688       0.698       0.750       0.803       0.814       0.834
    RIX              0.354       0.374       0.383       0.436       0.481       0.489       0.508
    RIY              0.242       0.262       0.272       0.322       0.362       0.371       0.387
    RIM              0.172       0.189       0.197       0.238       0.269       0.274       0.286
    WX1              0.229       0.243       0.250       0.291       0.333       0.342       0.362
    WY1              0.212       0.223       0.229       0.267       0.311       0.321       0.341
    WM1              0.108       0.118       0.123       0.151       0.187       0.196       0.215

 Residual Variances
    X1               0.000       0.000       0.000       0.000       0.000       0.000       0.000
    X2               0.000       0.000       0.000       0.000       0.000       0.000       0.000
    X3               0.000       0.000       0.000       0.000       0.000       0.000       0.000
    Y1               0.000       0.000       0.000       0.000       0.000       0.000       0.000
    Y2               0.000       0.000       0.000       0.000       0.000       0.000       0.000
    Y3               0.000       0.000       0.000       0.000       0.000       0.000       0.000
    M1               0.000       0.000       0.000       0.000       0.000       0.000       0.000
    M2               0.000       0.000       0.000       0.000       0.000       0.000       0.000
    M3               0.000       0.000       0.000       0.000       0.000       0.000       0.000
    WX2              0.261       0.276       0.284       0.327       0.363       0.371       0.386
    WX3              0.261       0.276       0.284       0.327       0.363       0.371       0.386
    WY2              0.265       0.277       0.283       0.316       0.343       0.349       0.361
    WY3              0.265       0.277       0.283       0.316       0.343       0.349       0.361
    WM2              0.193       0.199       0.203       0.224       0.240       0.244       0.252
    WM3              0.193       0.199       0.203       0.224       0.240       0.244       0.252

New/Additional Parameters
    IND             -0.010      -0.006      -0.005       0.000       0.007       0.009       0.014


CONFIDENCE INTERVALS OF STANDARDIZED MODEL RESULTS


STDYX Standardization

                  Lower .5%  Lower 2.5%    Lower 5%    Estimate    Upper 5%  Upper 2.5%   Upper .5%

 RIX      BY
    X1               0.671       0.686       0.694       0.731       0.758       0.765       0.774
    X2               0.664       0.681       0.688       0.729       0.759       0.765       0.776
    X3               0.661       0.678       0.686       0.727       0.758       0.764       0.775

 RIY      BY
    Y1               0.620       0.645       0.656       0.707       0.742       0.749       0.760
    Y2               0.598       0.618       0.628       0.675       0.707       0.714       0.727
    Y3               0.596       0.617       0.626       0.674       0.708       0.714       0.728

 RIM      BY
    M1               0.656       0.688       0.703       0.765       0.804       0.811       0.824
    M2               0.602       0.630       0.641       0.694       0.726       0.732       0.743
    M3               0.593       0.621       0.633       0.688       0.722       0.728       0.740

 WX1      BY
    X1               0.540       0.553       0.560       0.597       0.634       0.643       0.659

 WX2      BY
    X2               0.571       0.587       0.594       0.635       0.674       0.681       0.695

 WX3      BY
    X3               0.571       0.588       0.594       0.635       0.675       0.684       0.699

 WY1      BY
    Y1               0.579       0.593       0.601       0.644       0.691       0.701       0.721

 WY2      BY
    Y2               0.621       0.634       0.641       0.678       0.715       0.724       0.739

 WY3      BY
    Y3               0.623       0.638       0.645       0.683       0.721       0.730       0.745

 WM1      BY
    M1               0.521       0.541       0.551       0.610       0.676       0.690       0.720

 WM2      BY
    M2               0.641       0.652       0.659       0.697       0.741       0.751       0.772

 WM3      BY
    M3               0.645       0.659       0.665       0.706       0.751       0.761       0.784

 WY2      ON
    WY1             -0.018       0.017       0.034       0.127       0.224       0.243       0.284
    WX1             -0.161      -0.139      -0.128      -0.069      -0.005       0.008       0.032
    WM1             -0.178      -0.149      -0.134      -0.058       0.016       0.030       0.059

 WY3      ON
    WY2             -0.020       0.019       0.038       0.139       0.242       0.261       0.303
    WX2             -0.174      -0.149      -0.138      -0.073      -0.005       0.008       0.032
    WM2             -0.217      -0.185      -0.167      -0.072       0.020       0.037       0.075

 WX2      ON
    WX1             -0.079      -0.042      -0.019       0.081       0.176       0.193       0.231
    WY1             -0.139      -0.112      -0.101      -0.034       0.034       0.046       0.070
    WM1             -0.063      -0.038      -0.025       0.045       0.121       0.138       0.166

 WX3      ON
    WX2             -0.078      -0.042      -0.020       0.086       0.191       0.209       0.252
    WY2             -0.151      -0.123      -0.110      -0.038       0.037       0.051       0.078
    WM2             -0.080      -0.048      -0.033       0.057       0.148       0.169       0.202

 WM2      ON
    WM1              0.127       0.153       0.169       0.254       0.347       0.367       0.412
    WX1             -0.097      -0.076      -0.065      -0.006       0.054       0.065       0.087
    WY1             -0.144      -0.120      -0.107      -0.044       0.018       0.028       0.052

 WM3      ON
    WM2              0.166       0.200       0.218       0.313       0.407       0.427       0.469
    WX2             -0.100      -0.078      -0.067      -0.006       0.057       0.069       0.093
    WY2             -0.152      -0.126      -0.114      -0.048       0.019       0.030       0.057

 X1       ON
    GENDER1          0.234       0.252       0.262       0.310       0.357       0.366       0.383
    AGE1            -0.017      -0.001       0.007       0.052       0.096       0.105       0.122
    EDUCATION_      -0.055      -0.032      -0.021       0.037       0.096       0.107       0.127
    EDUCATION_      -0.031      -0.009       0.001       0.057       0.111       0.122       0.143
    UNEMPLOYED      -0.109      -0.091      -0.082      -0.033       0.018       0.028       0.048
    UNEMPLOYED      -0.020      -0.003       0.006       0.051       0.095       0.104       0.120
    FIN1            -0.021      -0.005       0.004       0.049       0.093       0.102       0.117

 X2       ON
    GENDER1          0.136       0.154       0.164       0.216       0.266       0.275       0.296
    AGE1            -0.018      -0.003       0.005       0.050       0.095       0.102       0.120
    EDUCATION_      -0.070      -0.049      -0.038       0.023       0.083       0.096       0.120
    EDUCATION_      -0.037      -0.014      -0.003       0.058       0.116       0.128       0.148
    UNEMPLOYED      -0.096      -0.072      -0.063      -0.012       0.042       0.051       0.071
    UNEMPLOYED      -0.013       0.005       0.014       0.066       0.116       0.126       0.147
    FIN2             0.029       0.045       0.053       0.099       0.143       0.151       0.168

 X3       ON
    GENDER1          0.138       0.160       0.169       0.221       0.272       0.282       0.300
    AGE1            -0.016       0.000       0.008       0.053       0.097       0.105       0.122
    EDUCATION_      -0.064      -0.042      -0.031       0.032       0.093       0.105       0.128
    EDUCATION_      -0.057      -0.034      -0.024       0.037       0.096       0.108       0.131
    UNEMPLOYED      -0.102      -0.079      -0.069      -0.017       0.036       0.046       0.064
    UNEMPLOYED      -0.001       0.017       0.026       0.075       0.122       0.131       0.147
    FIN3             0.011       0.030       0.039       0.090       0.142       0.153       0.173

 Y1       ON
    GENDER1          0.178       0.197       0.207       0.257       0.308       0.317       0.336
    AGE1            -0.075      -0.057      -0.050      -0.004       0.042       0.052       0.069
    EDUCATION_      -0.086      -0.062      -0.051       0.013       0.077       0.089       0.114
    EDUCATION_      -0.119      -0.093      -0.083      -0.019       0.044       0.057       0.081
    UNEMPLOYED      -0.079      -0.062      -0.051       0.003       0.058       0.069       0.089
    UNEMPLOYED      -0.118      -0.099      -0.090      -0.039       0.012       0.023       0.044
    FIN1            -0.218      -0.199      -0.190      -0.142      -0.094      -0.085      -0.070

 Y2       ON
    GENDER1          0.168       0.188       0.199       0.250       0.300       0.310       0.328
    AGE1            -0.072      -0.057      -0.048      -0.005       0.039       0.047       0.064
    EDUCATION_      -0.085      -0.061      -0.050       0.011       0.071       0.083       0.106
    EDUCATION_      -0.117      -0.093      -0.082      -0.018       0.043       0.056       0.081
    UNEMPLOYED      -0.023      -0.004       0.007       0.064       0.119       0.130       0.151
    UNEMPLOYED      -0.120      -0.101      -0.091      -0.037       0.019       0.031       0.051
    FIN2            -0.203      -0.186      -0.177      -0.128      -0.080      -0.071      -0.054

 Y3       ON
    GENDER1          0.147       0.165       0.176       0.227       0.278       0.286       0.304
    AGE1            -0.069      -0.052      -0.044      -0.001       0.043       0.052       0.069
    EDUCATION_      -0.068      -0.048      -0.036       0.024       0.085       0.096       0.120
    EDUCATION_      -0.115      -0.095      -0.084      -0.026       0.032       0.045       0.067
    UNEMPLOYED      -0.061      -0.041      -0.030       0.025       0.080       0.091       0.112
    UNEMPLOYED      -0.134      -0.115      -0.105      -0.055      -0.004       0.006       0.026
    FIN3            -0.233      -0.216      -0.207      -0.160      -0.113      -0.105      -0.087

 M1       ON
    GENDER1         -0.202      -0.179      -0.169      -0.117      -0.066      -0.056      -0.037
    AGE1            -0.022      -0.005       0.005       0.054       0.102       0.111       0.129
    EDUCATION_      -0.133      -0.112      -0.099      -0.036       0.028       0.040       0.061
    EDUCATION_      -0.064      -0.039      -0.027       0.034       0.096       0.108       0.130
    UNEMPLOYED      -0.079      -0.057      -0.045       0.011       0.067       0.077       0.100
    UNEMPLOYED      -0.017       0.005       0.015       0.074       0.131       0.141       0.166
    FIN1             0.079       0.097       0.106       0.152       0.198       0.207       0.226

 M2       ON
    GENDER1         -0.184      -0.166      -0.156      -0.105      -0.055      -0.045      -0.025
    AGE1            -0.020      -0.006       0.003       0.047       0.091       0.100       0.117
    EDUCATION_      -0.102      -0.081      -0.069      -0.009       0.052       0.063       0.087
    EDUCATION_      -0.074      -0.051      -0.039       0.023       0.083       0.096       0.120
    UNEMPLOYED      -0.083      -0.060      -0.049       0.007       0.063       0.074       0.093
    UNEMPLOYED      -0.088      -0.067      -0.056      -0.001       0.055       0.066       0.086
    FIN2             0.068       0.083       0.091       0.134       0.178       0.186       0.203

 M3       ON
    GENDER1         -0.157      -0.135      -0.125      -0.072      -0.020      -0.010       0.008
    AGE1            -0.021      -0.007       0.002       0.046       0.090       0.098       0.115
    EDUCATION_      -0.090      -0.070      -0.058       0.003       0.063       0.075       0.095
    EDUCATION_      -0.082      -0.061      -0.047       0.013       0.074       0.087       0.109
    UNEMPLOYED      -0.104      -0.087      -0.076      -0.021       0.033       0.043       0.067
    UNEMPLOYED      -0.036      -0.012      -0.001       0.052       0.103       0.113       0.133
    FIN3             0.059       0.078       0.087       0.135       0.183       0.192       0.208

 RIX      WITH
    RIY             -0.260      -0.229      -0.214      -0.127      -0.040      -0.023       0.011
    RIM              0.469       0.494       0.507       0.575       0.644       0.656       0.686

 RIY      WITH
    RIM             -0.612      -0.581      -0.565      -0.483      -0.399      -0.381      -0.344

 WX1      WITH
    WY1             -0.122      -0.085      -0.067       0.027       0.122       0.140       0.177
    WM1              0.014       0.056       0.081       0.190       0.295       0.313       0.350

 WY1      WITH
    WM1             -0.368      -0.327      -0.303      -0.180      -0.053      -0.029       0.017

 WX2      WITH
    WY2             -0.247      -0.223      -0.210      -0.145      -0.074      -0.060      -0.032
    WM2              0.182       0.205       0.216       0.283       0.349       0.362       0.387

 WY2      WITH
    WM2             -0.352      -0.330      -0.320      -0.266      -0.208      -0.196      -0.172

 WX3      WITH
    WY3             -0.247      -0.223      -0.210      -0.145      -0.074      -0.060      -0.032
    WM3              0.182       0.205       0.216       0.283       0.349       0.362       0.387

 WY3      WITH
    WM3             -0.352      -0.330      -0.320      -0.266      -0.208      -0.196      -0.172

 GENDER1  WITH
    AGE1            -0.085      -0.065      -0.056      -0.003       0.050       0.060       0.080
    EDUCATION_      -0.158      -0.139      -0.129      -0.077      -0.024      -0.013       0.008
    EDUCATION_      -0.125      -0.107      -0.097      -0.046       0.006       0.016       0.038
    UNEMPLOYED      -0.101      -0.080      -0.070      -0.016       0.036       0.047       0.066
    UNEMPLOYED      -0.103      -0.079      -0.068      -0.014       0.040       0.050       0.072
    FIN1            -0.048      -0.029      -0.019       0.035       0.086       0.098       0.116
    FIN2            -0.089      -0.068      -0.057      -0.003       0.051       0.061       0.079
    FIN3            -0.072      -0.051      -0.041       0.014       0.068       0.077       0.096

 AGE1     WITH
    EDUCATION_      -0.159      -0.142      -0.131      -0.078      -0.026      -0.016       0.004
    EDUCATION_      -0.119      -0.102      -0.092      -0.038       0.015       0.025       0.047
    UNEMPLOYED      -0.013       0.008       0.017       0.069       0.118       0.127       0.144
    UNEMPLOYED      -0.072      -0.050      -0.039       0.014       0.066       0.076       0.094
    FIN1            -0.096      -0.076      -0.066      -0.013       0.040       0.050       0.069
    FIN2            -0.109      -0.090      -0.078      -0.026       0.027       0.038       0.057
    FIN3            -0.111      -0.092      -0.082      -0.029       0.024       0.035       0.055

 EDUCATIO WITH
    EDUCATION_       0.395       0.413       0.422       0.469       0.515       0.523       0.539
    UNEMPLOYED      -0.326      -0.308      -0.298      -0.250      -0.200      -0.190      -0.172
    UNEMPLOYED      -0.181      -0.159      -0.150      -0.096      -0.040      -0.029      -0.005
    FIN1             0.059       0.079       0.089       0.142       0.195       0.204       0.225
    FIN2             0.082       0.101       0.111       0.164       0.215       0.225       0.242
    FIN3             0.080       0.099       0.108       0.161       0.214       0.223       0.242

 EDUCATIO WITH
    UNEMPLOYED      -0.236      -0.217      -0.207      -0.158      -0.107      -0.098      -0.077
    UNEMPLOYED      -0.187      -0.172      -0.164      -0.121      -0.076      -0.066      -0.050
    FIN1             0.088       0.108       0.118       0.172       0.225       0.237       0.257
    FIN2             0.133       0.150       0.160       0.211       0.261       0.271       0.290
    FIN3             0.134       0.153       0.164       0.214       0.264       0.274       0.292

 UNEMPLOY WITH
    UNEMPLOYED       0.041       0.065       0.078       0.146       0.215       0.230       0.257
    FIN1            -0.197      -0.176      -0.166      -0.108      -0.051      -0.039      -0.019
    FIN2            -0.184      -0.161      -0.152      -0.097      -0.042      -0.031      -0.013
    FIN3            -0.213      -0.192      -0.182      -0.129      -0.076      -0.064      -0.044

 UNEMPLOY WITH
    FIN1            -0.214      -0.192      -0.181      -0.123      -0.063      -0.051      -0.027
    FIN2            -0.169      -0.152      -0.142      -0.094      -0.045      -0.035      -0.016
    FIN3            -0.174      -0.155      -0.145      -0.091      -0.037      -0.027      -0.006

 FIN1     WITH
    FIN2             0.663       0.677       0.683       0.715       0.745       0.750       0.761
    FIN3             0.593       0.607       0.615       0.655       0.693       0.699       0.712

 FIN2     WITH
    FIN3             0.644       0.659       0.668       0.703       0.737       0.742       0.754

 Means
    GENDER1          1.244       1.269       1.280       1.352       1.428       1.444       1.477
    AGE1            31.618      31.784      31.878      32.399      33.018      33.146      33.447
    EDUCATION_       3.852       3.892       3.913       4.017       4.125       4.147       4.185
    EDUCATION_       3.630       3.670       3.689       3.785       3.886       3.904       3.944
    UNEMPLOYED       0.376       0.389       0.394       0.426       0.457       0.462       0.474
    UNEMPLOYED       0.227       0.238       0.244       0.274       0.302       0.308       0.317
    FIN1             4.183       4.240       4.266       4.405       4.565       4.598       4.655
    FIN2             4.334       4.384       4.414       4.567       4.731       4.766       4.822
    FIN3             4.084       4.142       4.173       4.334       4.508       4.547       4.621

 Intercepts
    X1              -4.988      -4.444      -4.155      -2.703      -1.223      -0.974      -0.446
    X2              -4.998      -4.440      -4.165      -2.695      -1.217      -0.960      -0.440
    X3              -4.994      -4.423      -4.149      -2.690      -1.215      -0.963      -0.441
    Y1              -1.987      -1.397      -1.104       0.448       1.953       2.210       2.793
    Y2              -1.897      -1.325      -1.049       0.427       1.875       2.118       2.699
    Y3              -1.889      -1.328      -1.051       0.427       1.864       2.115       2.694
    M1              -4.805      -4.201      -3.902      -2.282      -0.679      -0.354       0.170
    M2              -4.386      -3.814      -3.550      -2.070      -0.614      -0.321       0.154
    M3              -4.354      -3.791      -3.516      -2.053      -0.608      -0.318       0.152

 Variances
    GENDER1          1.000       1.000       1.000       1.000       1.000       1.000       1.000
    AGE1             1.000       1.000       1.000       1.000       1.000       1.000       1.000
    EDUCATION_       1.000       1.000       1.000       1.000       1.000       1.000       1.000
    EDUCATION_       1.000       1.000       1.000       1.000       1.000       1.000       1.000
    UNEMPLOYED       1.000       1.000       1.000       1.000       1.000       1.000       1.000
    UNEMPLOYED       1.000       1.000       1.000       1.000       1.000       1.000       1.000
    FIN1             1.000       1.000       1.000       1.000       1.000       1.000       1.000
    FIN2             1.000       1.000       1.000       1.000       1.000       1.000       1.000
    FIN3             1.000       1.000       1.000       1.000       1.000       1.000       1.000
    RIX              1.000       1.000       1.000       1.000       1.000       1.000       1.000
    RIY              1.000       1.000       1.000       1.000       1.000       1.000       1.000
    RIM              1.000       1.000       1.000       1.000       1.000       1.000       1.000
    WX1              1.000       1.000       1.000       1.000       1.000       1.000       1.000
    WY1              1.000       1.000       1.000       1.000       1.000       1.000       1.000
    WM1              1.000       1.000       1.000       1.000       1.000       1.000       1.000

 Residual Variances
    X1               0.000       0.000       0.000       0.000       0.000       0.000       0.000
    X2               0.000       0.000       0.000       0.000       0.000       0.000       0.000
    X3               0.000       0.000       0.000       0.000       0.000       0.000       0.000
    Y1               0.000       0.000       0.000       0.000       0.000       0.000       0.000
    Y2               0.000       0.000       0.000       0.000       0.000       0.000       0.000
    Y3               0.000       0.000       0.000       0.000       0.000       0.000       0.000
    M1               0.000       0.000       0.000       0.000       0.000       0.000       0.000
    M2               0.000       0.000       0.000       0.000       0.000       0.000       0.000
    M3               0.000       0.000       0.000       0.000       0.000       0.000       0.000
    WX2              0.932       0.949       0.956       0.988       0.997       0.998       0.999
    WX3              0.908       0.930       0.940       0.983       0.996       0.997       0.999
    WY2              0.898       0.920       0.930       0.972       0.989       0.992       0.996
    WY3              0.866       0.889       0.901       0.958       0.985       0.989       0.994
    WM2              0.814       0.851       0.866       0.930       0.965       0.971       0.979
    WM3              0.762       0.800       0.816       0.892       0.943       0.951       0.965


     Beginning Time:  18:01:26
        Ending Time:  18:20:17
       Elapsed Time:  00:18:51



MUTHEN & MUTHEN
3463 Stoner Ave.
Los Angeles, CA  90066

Tel: (310) 391-9971
Fax: (310) 391-8971
Web: www.StatModel.com
Support: Support@StatModel.com

Copyright (c) 1998-2023 Muthen & Muthen
