Mplus VERSION 8.9
MUTHEN & MUTHEN
01/22/2025   6:20 PM

INPUT INSTRUCTIONS

  DATA:
    FILE IS "mplus.dat";
  VARIABLE:
    MISSING ARE ALL (-99);
    NAMES ARE id Gender1 Age1 Education_mother1 Education_father1
    unemployed_mother1 unemployed_father1 Fin1 Fin2 Fin3 Personal1
    Personal2 Personal3 Public1 Public2 Public3 Collective1
    Collective2 Collective3 Relational1 Relational2
    Relational3 Autonomy1 Autonomy2 Autonomy3 Relatedness1 Relatedness2
    Relatedness3 Competence1 Competence2 Competence3
    PA1 PA2 PA3 NA1 NA2 NA3 SWLS1 SWLS2 SWLS3;

  usevar =
  Gender1 Age1 Education_mother1 Education_father1
  unemployed_mother1 unemployed_father1 Fin1 Fin2 Fin3
  x1-x3 y1-y3 m1-m3 ;

  define:
  x1 = Public1;
  x2 = Public2;
  x3 = Public3;

  m1 = Autonomy1;
  m2 = Autonomy2;
  m3 = Autonomy3;

  y1 = NA1;
  y2 = NA2;
  y3 = NA3;




  analysis:

  MODEL = NOCOV;
  bootstrap = 10000;


  MODEL:
  RIx BY x1@1 x2@1 x3@1;
  RIy BY y1@1 y2@1 y3@1;
  RIm BY m1@1 m2@1 m3@1;



  wx1 BY x1@1;
  wx2 BY x2@1;
  wx3 BY x3@1;



  wy1 BY y1@1;
  wy2 BY y2@1;
  wy3 BY y3@1;



  wm1 By m1@1;
  wm2 By m2@1;
  wm3 By m3@1;


  x1-m3@0;


  wy2 ON wy1 (a );
  wy3 ON wy2 (a );


  wx2 ON wx1 (b );
  wx3 ON wx2 (b );


  wm2 ON wm1  (c);
  wm3 ON wm2  (c);


  wy2 ON  wx1 wm1  (d e);
  wy3 ON  wx2 wm2  (d e);


  wx2 ON wy1 wm1  (f j);
  wx3 ON wy2 wm2  (f j);


  wm2 ON wx1 wy1   (h i);
  wm3 ON wx2 wy2   (h i);


  RIx RIy RIm  with RIx RIy RIm ;

  wx1 wy1 wm1 with wx1 wy1 wm1;
  wx2 wy2 wm2 with wx2 wy2 wm2 (cov1 cov2 cov3);
  wx3 wy3 wm3 with wx3 wy3 wm3 (cov1 cov2 cov3);

  wx2 (vx); wy2 (vy); wm2 (vm);
  wx3 (vx); wy3 (vy); wm3 (vm);

  x1-m3 on Gender1 Age1 Education_mother1 Education_father1
  unemployed_mother1 unemployed_father1 ;

  x1 y1 m1 on Fin1;
  x2 y2 m2 on Fin2;
  x3 y3 m3 on Fin3;

  Gender1 -Fin3 with Gender1 -Fin3;

  [x1-x3] (mx);
  [m1-m3] (mm);
  [y1-y3] (my);

  model constraint:
  new (ind);
  ind = h*e;

  output: cinterval (boot) stdyx;



*** WARNING in VARIABLE command
  Note that only the first 8 characters of variable names are used in the output.
  Shorten variable names to avoid any confusion.
   1 WARNING(S) FOUND IN THE INPUT INSTRUCTIONS




SUMMARY OF ANALYSIS

Number of groups                                                 1
Number of observations                                         971

Number of dependent variables                                    9
Number of independent variables                                  9
Number of continuous latent variables                           12

Observed dependent variables

  Continuous
   X1          X2          X3          Y1          Y2          Y3
   M1          M2          M3

Observed independent variables
   GENDER1     AGE1        EDUCATIO    EDUCATIO    UNEMPLOY    UNEMPLOY
   FIN1        FIN2        FIN3

Continuous latent variables
   RIX         RIY         RIM         WX1         WX2         WX3
   WY1         WY2         WY3         WM1         WM2         WM3


Estimator                                                       ML
Information matrix                                        OBSERVED
Maximum number of iterations                                  1000
Convergence criterion                                    0.500D-04
Maximum number of steepest descent iterations                   20
Maximum number of iterations for H1                           2000
Convergence criterion for H1                             0.100D-03
Number of bootstrap draws
    Requested                                                10000
    Completed                                                10000

Input data file(s)
  mplus.dat

Input data format  FREE


SUMMARY OF DATA

     Number of missing data patterns            19


COVARIANCE COVERAGE OF DATA

Minimum covariance coverage value   0.100


     PROPORTION OF DATA PRESENT


           Covariance Coverage
              X1            X2            X3            Y1            Y2
              ________      ________      ________      ________      ________
 X1             1.000
 X2             1.000         1.000
 X3             1.000         1.000         1.000
 Y1             1.000         1.000         1.000         1.000
 Y2             1.000         1.000         1.000         1.000         1.000
 Y3             1.000         1.000         1.000         1.000         1.000
 M1             1.000         1.000         1.000         1.000         1.000
 M2             1.000         1.000         1.000         1.000         1.000
 M3             1.000         1.000         1.000         1.000         1.000
 GENDER1        0.998         0.998         0.998         0.998         0.998
 AGE1           0.999         0.999         0.999         0.999         0.999
 EDUCATIO       0.994         0.994         0.994         0.994         0.994
 EDUCATIO       0.991         0.991         0.991         0.991         0.991
 UNEMPLOY       0.992         0.992         0.992         0.992         0.992
 UNEMPLOY       0.974         0.974         0.974         0.974         0.974
 FIN1           0.994         0.994         0.994         0.994         0.994
 FIN2           0.991         0.991         0.991         0.991         0.991
 FIN3           0.991         0.991         0.991         0.991         0.991


           Covariance Coverage
              Y3            M1            M2            M3            GENDER1
              ________      ________      ________      ________      ________
 Y3             1.000
 M1             1.000         1.000
 M2             1.000         1.000         1.000
 M3             1.000         1.000         1.000         1.000
 GENDER1        0.998         0.998         0.998         0.998         0.998
 AGE1           0.999         0.999         0.999         0.999         0.997
 EDUCATIO       0.994         0.994         0.994         0.994         0.992
 EDUCATIO       0.991         0.991         0.991         0.991         0.989
 UNEMPLOY       0.992         0.992         0.992         0.992         0.990
 UNEMPLOY       0.974         0.974         0.974         0.974         0.972
 FIN1           0.994         0.994         0.994         0.994         0.992
 FIN2           0.991         0.991         0.991         0.991         0.990
 FIN3           0.991         0.991         0.991         0.991         0.989


           Covariance Coverage
              AGE1          EDUCATIO      EDUCATIO      UNEMPLOY      UNEMPLOY
              ________      ________      ________      ________      ________
 AGE1           0.999
 EDUCATIO       0.993         0.994
 EDUCATIO       0.990         0.987         0.991
 UNEMPLOY       0.991         0.989         0.984         0.992
 UNEMPLOY       0.973         0.969         0.970         0.968         0.974
 FIN1           0.993         0.989         0.986         0.988         0.969
 FIN2           0.990         0.985         0.981         0.982         0.965
 FIN3           0.990         0.985         0.981         0.982         0.965


           Covariance Coverage
              FIN1          FIN2          FIN3
              ________      ________      ________
 FIN1           0.994
 FIN2           0.986         0.991
 FIN3           0.986         0.984         0.991



UNIVARIATE SAMPLE STATISTICS


     UNIVARIATE HIGHER-ORDER MOMENT DESCRIPTIVE STATISTICS

         Variable/         Mean/     Skewness/   Minimum/ % with                Percentiles
        Sample Size      Variance    Kurtosis    Maximum  Min/Max      20%/60%    40%/80%    Median

     X1                   -0.003      -0.091      -3.540    0.10%      -0.756     -0.211      0.039
             971.000       0.836       0.265       2.801    0.10%       0.222      0.728
     X2                    0.000       0.059      -2.732    0.10%      -0.713     -0.211     -0.009
             971.000       0.848       0.269       3.079    0.10%       0.179      0.698
     X3                    0.001       0.007      -3.090    0.10%      -0.690     -0.216     -0.019
             971.000       0.844       0.498       2.792    0.10%       0.174      0.735
     Y1                    0.000       0.647      -1.361    0.82%      -0.714     -0.372     -0.139
             971.000       0.671      -0.161       2.447    0.10%       0.073      0.669
     Y2                    0.000       0.519      -1.447    1.03%      -0.756     -0.389     -0.139
             971.000       0.744      -0.415       2.501    0.10%       0.124      0.732
     Y3                    0.000       0.473      -1.410    1.44%      -0.720     -0.353     -0.151
             971.000       0.706      -0.249       2.551    0.10%       0.184      0.683
     M1                   -0.011      -0.113      -2.043    0.10%      -0.393     -0.135     -0.018
             971.000       0.220       0.142       1.071    1.24%       0.092      0.393
     M2                   -0.010      -0.062      -1.617    0.10%      -0.431     -0.133     -0.005
             971.000       0.273       0.011       1.172    2.37%       0.109      0.420
     M3                   -0.009       0.040      -1.447    0.10%      -0.484     -0.148     -0.035
             971.000       0.292      -0.337       1.198    2.16%       0.100      0.476
     GENDER1               0.646      -0.611       0.000   35.40%       0.000      1.000      1.000
             969.000       0.229      -1.627       1.000   64.60%       1.000      1.000
     AGE1                 15.638      -0.547      15.000   36.29%      15.000     16.000     16.000
             970.000       0.233      -1.625      17.000    0.10%      16.000     16.000
     EDUCATION_MOTHE       3.907      -0.084       1.000    0.31%       3.000      3.000      4.000
             965.000       0.945      -1.378       5.000   39.17%       4.000      5.000
     EDUCATION_FATHE       3.754       0.093       1.000    0.62%       3.000      3.000      3.000
             962.000       0.984      -1.211       5.000   33.78%       4.000      5.000
     UNEMPLOYED_MOTH       0.154       1.921       0.000   84.63%       0.000      0.000      0.000
             963.000       0.130       1.688       1.000   15.37%       0.000      0.000
     UNEMPLOYED_FATH       0.070       3.378       0.000   93.02%       0.000      0.000      0.000
             946.000       0.065       9.408       1.000    6.98%       0.000      0.000
     FIN1                  3.754      -0.071       1.000    0.31%       3.000      3.000      4.000
             965.000       0.726      -0.634       5.000   21.55%       4.000      5.000
     FIN2                  3.777      -0.071       1.000    0.42%       3.000      4.000      4.000
             962.000       0.685      -0.517       5.000   21.21%       4.000      5.000
     FIN3                  3.756      -0.179       1.000    0.94%       3.000      3.000      4.000
             962.000       0.750      -0.296       5.000   21.93%       4.000      5.000


THE MODEL ESTIMATION TERMINATED NORMALLY



MODEL FIT INFORMATION

Number of Free Parameters                      147

Loglikelihood

          H0 Value                      -14950.399
          H1 Value                      -14897.784

Information Criteria

          Akaike (AIC)                   30194.799
          Bayesian (BIC)                 30911.913
          Sample-Size Adjusted BIC       30445.041
            (n* = (n + 2) / 24)

Chi-Square Test of Model Fit

          Value                            105.231
          Degrees of Freedom                    42
          P-Value                           0.0000

RMSEA (Root Mean Square Error Of Approximation)

          Estimate                           0.039
          90 Percent C.I.                    0.030  0.049
          Probability RMSEA <= .05           0.968

CFI/TLI

          CFI                                0.983
          TLI                                0.953

Chi-Square Test of Model Fit for the Baseline Model

          Value                           3877.119
          Degrees of Freedom                   117
          P-Value                           0.0000

SRMR (Standardized Root Mean Square Residual)

          Value                              0.033



MODEL RESULTS

                                                    Two-Tailed
                    Estimate       S.E.  Est./S.E.    P-Value

 RIX      BY
    X1                 1.000      0.000    999.000    999.000
    X2                 1.000      0.000    999.000    999.000
    X3                 1.000      0.000    999.000    999.000

 RIY      BY
    Y1                 1.000      0.000    999.000    999.000
    Y2                 1.000      0.000    999.000    999.000
    Y3                 1.000      0.000    999.000    999.000

 RIM      BY
    M1                 1.000      0.000    999.000    999.000
    M2                 1.000      0.000    999.000    999.000
    M3                 1.000      0.000    999.000    999.000

 WX1      BY
    X1                 1.000      0.000    999.000    999.000

 WX2      BY
    X2                 1.000      0.000    999.000    999.000

 WX3      BY
    X3                 1.000      0.000    999.000    999.000

 WY1      BY
    Y1                 1.000      0.000    999.000    999.000

 WY2      BY
    Y2                 1.000      0.000    999.000    999.000

 WY3      BY
    Y3                 1.000      0.000    999.000    999.000

 WM1      BY
    M1                 1.000      0.000    999.000    999.000

 WM2      BY
    M2                 1.000      0.000    999.000    999.000

 WM3      BY
    M3                 1.000      0.000    999.000    999.000

 WY2      ON
    WY1                0.128      0.061      2.077      0.038
    WX1               -0.066      0.043     -1.511      0.131
    WM1               -0.146      0.073     -2.004      0.045

 WY3      ON
    WY2                0.128      0.061      2.077      0.038
    WX2               -0.066      0.043     -1.511      0.131
    WM2               -0.146      0.073     -2.004      0.045

 WX2      ON
    WX1                0.100      0.065      1.552      0.121
    WY1               -0.042      0.052     -0.800      0.424
    WM1                0.108      0.084      1.286      0.199

 WX3      ON
    WX2                0.100      0.065      1.552      0.121
    WY2               -0.042      0.052     -0.800      0.424
    WM2                0.108      0.084      1.286      0.199

 WM2      ON
    WM1                0.216      0.061      3.551      0.000
    WX1                0.034      0.032      1.072      0.284
    WY1               -0.049      0.028     -1.740      0.082

 WM3      ON
    WM2                0.216      0.061      3.551      0.000
    WX2                0.034      0.032      1.072      0.284
    WY2               -0.049      0.028     -1.740      0.082

 X1       ON
    GENDER1            0.221      0.061      3.604      0.000
    AGE1              -0.012      0.054     -0.219      0.827
    EDUCATION_         0.073      0.033      2.179      0.029
    EDUCATION_         0.145      0.035      4.186      0.000
    UNEMPLOYED         0.068      0.080      0.854      0.393
    UNEMPLOYED         0.137      0.099      1.383      0.167
    FIN1              -0.006      0.032     -0.201      0.841

 X2       ON
    GENDER1            0.127      0.062      2.057      0.040
    AGE1              -0.011      0.054     -0.210      0.834
    EDUCATION_         0.089      0.035      2.501      0.012
    EDUCATION_         0.149      0.035      4.315      0.000
    UNEMPLOYED         0.114      0.083      1.376      0.169
    UNEMPLOYED        -0.090      0.111     -0.807      0.420
    FIN2              -0.010      0.031     -0.314      0.753

 X3       ON
    GENDER1            0.059      0.062      0.950      0.342
    AGE1               0.003      0.053      0.060      0.952
    EDUCATION_         0.064      0.035      1.813      0.070
    EDUCATION_         0.104      0.034      3.053      0.002
    UNEMPLOYED         0.111      0.083      1.334      0.182
    UNEMPLOYED        -0.059      0.104     -0.566      0.572
    FIN3               0.012      0.032      0.381      0.703

 Y1       ON
    GENDER1            0.433      0.053      8.241      0.000
    AGE1              -0.012      0.047     -0.256      0.798
    EDUCATION_         0.011      0.032      0.342      0.733
    EDUCATION_        -0.015      0.031     -0.490      0.624
    UNEMPLOYED         0.007      0.074      0.092      0.927
    UNEMPLOYED        -0.127      0.098     -1.299      0.194
    FIN1              -0.138      0.027     -5.118      0.000

 Y2       ON
    GENDER1            0.441      0.056      7.896      0.000
    AGE1              -0.014      0.046     -0.307      0.759
    EDUCATION_         0.010      0.032      0.307      0.759
    EDUCATION_        -0.016      0.032     -0.506      0.613
    UNEMPLOYED         0.148      0.080      1.852      0.064
    UNEMPLOYED        -0.124      0.111     -1.117      0.264
    FIN2              -0.133      0.030     -4.487      0.000

 Y3       ON
    GENDER1            0.400      0.055      7.309      0.000
    AGE1              -0.007      0.046     -0.148      0.882
    EDUCATION_         0.021      0.032      0.662      0.508
    EDUCATION_        -0.022      0.030     -0.742      0.458
    UNEMPLOYED         0.058      0.078      0.734      0.463
    UNEMPLOYED        -0.189      0.102     -1.851      0.064
    FIN3              -0.159      0.027     -5.811      0.000

 M1       ON
    GENDER1           -0.023      0.031     -0.740      0.459
    AGE1               0.043      0.028      1.573      0.116
    EDUCATION_        -0.033      0.019     -1.756      0.079
    EDUCATION_         0.006      0.018      0.349      0.727
    UNEMPLOYED         0.013      0.045      0.289      0.773
    UNEMPLOYED         0.117      0.062      1.889      0.059
    FIN1               0.099      0.016      6.028      0.000

 M2       ON
    GENDER1           -0.067      0.033     -2.003      0.045
    AGE1               0.045      0.028      1.646      0.100
    EDUCATION_        -0.025      0.020     -1.253      0.210
    EDUCATION_        -0.002      0.020     -0.077      0.939
    UNEMPLOYED        -0.021      0.050     -0.418      0.676
    UNEMPLOYED        -0.019      0.063     -0.302      0.762
    FIN2               0.101      0.018      5.575      0.000

 M3       ON
    GENDER1           -0.018      0.037     -0.494      0.621
    AGE1               0.039      0.028      1.403      0.161
    EDUCATION_        -0.022      0.021     -1.049      0.294
    EDUCATION_         0.013      0.021      0.615      0.539
    UNEMPLOYED         0.002      0.050      0.042      0.967
    UNEMPLOYED         0.067      0.063      1.068      0.285
    FIN3               0.101      0.020      5.077      0.000

 RIX      WITH
    RIY                0.104      0.021      4.900      0.000
    RIM               -0.038      0.013     -2.808      0.005

 RIY      WITH
    RIM               -0.096      0.012     -7.996      0.000

 WX1      WITH
    WY1                0.005      0.017      0.309      0.758
    WM1                0.008      0.011      0.764      0.445

 WY1      WITH
    WM1               -0.031      0.011     -2.948      0.003

 WX2      WITH
    WY2                0.004      0.015      0.263      0.793
    WM2                0.006      0.010      0.601      0.548

 WY2      WITH
    WM2               -0.054      0.008     -6.680      0.000

 WX3      WITH
    WY3                0.004      0.015      0.263      0.793
    WM3                0.006      0.010      0.601      0.548

 WY3      WITH
    WM3               -0.054      0.008     -6.680      0.000

 GENDER1  WITH
    AGE1              -0.001      0.007     -0.098      0.922
    EDUCATION_        -0.035      0.015     -2.361      0.018
    EDUCATION_        -0.022      0.015     -1.489      0.137
    UNEMPLOYED        -0.003      0.006     -0.503      0.615
    UNEMPLOYED        -0.002      0.004     -0.408      0.683
    FIN1               0.014      0.013      1.092      0.275
    FIN2              -0.001      0.013     -0.073      0.942
    FIN3               0.006      0.014      0.439      0.661

 AGE1     WITH
    EDUCATION_        -0.037      0.015     -2.440      0.015
    EDUCATION_        -0.018      0.015     -1.178      0.239
    UNEMPLOYED         0.012      0.005      2.226      0.026
    UNEMPLOYED         0.002      0.004      0.395      0.693
    FIN1              -0.005      0.013     -0.415      0.678
    FIN2              -0.010      0.013     -0.806      0.420
    FIN3              -0.012      0.014     -0.913      0.361

 EDUCATIO WITH
    EDUCATION_         0.452      0.030     14.907      0.000
    UNEMPLOYED        -0.088      0.012     -7.483      0.000
    UNEMPLOYED        -0.024      0.009     -2.730      0.006
    FIN1               0.118      0.027      4.369      0.000
    FIN2               0.132      0.026      5.114      0.000
    FIN3               0.136      0.027      4.985      0.000

 EDUCATIO WITH
    UNEMPLOYED        -0.056      0.011     -4.927      0.000
    UNEMPLOYED        -0.031      0.007     -4.089      0.000
    FIN1               0.146      0.028      5.279      0.000
    FIN2               0.173      0.026      6.630      0.000
    FIN3               0.184      0.027      6.824      0.000

 UNEMPLOY WITH
    UNEMPLOYED         0.013      0.004      3.259      0.001
    FIN1              -0.033      0.011     -3.032      0.002
    FIN2              -0.029      0.010     -2.894      0.004
    FIN3              -0.041      0.010     -3.875      0.000

 UNEMPLOY WITH
    FIN1              -0.027      0.008     -3.198      0.001
    FIN2              -0.020      0.007     -2.988      0.003
    FIN3              -0.020      0.008     -2.659      0.008

 FIN1     WITH
    FIN2               0.504      0.025     20.355      0.000
    FIN3               0.484      0.025     19.201      0.000

 FIN2     WITH
    FIN3               0.504      0.024     20.752      0.000

 Means
    GENDER1            0.647      0.015     42.484      0.000
    AGE1              15.638      0.016   1007.159      0.000
    EDUCATION_         3.907      0.031    124.334      0.000
    EDUCATION_         3.753      0.032    116.436      0.000
    UNEMPLOYED         0.154      0.012     13.361      0.000
    UNEMPLOYED         0.070      0.008      8.379      0.000
    FIN1               3.755      0.027    138.353      0.000
    FIN2               3.776      0.027    141.549      0.000
    FIN3               3.753      0.028    133.384      0.000

 Intercepts
    X1                -0.786      0.863     -0.910      0.363
    X2                -0.786      0.863     -0.910      0.363
    X3                -0.786      0.863     -0.910      0.363
    Y1                 0.449      0.744      0.604      0.546
    Y2                 0.449      0.744      0.604      0.546
    Y3                 0.449      0.744      0.604      0.546
    M1                -0.952      0.443     -2.150      0.032
    M2                -0.952      0.443     -2.150      0.032
    M3                -0.952      0.443     -2.150      0.032

 Variances
    GENDER1            0.229      0.004     51.240      0.000
    AGE1               0.233      0.005     50.734      0.000
    EDUCATION_         0.946      0.024     38.630      0.000
    EDUCATION_         0.983      0.028     34.917      0.000
    UNEMPLOYED         0.130      0.008     16.318      0.000
    UNEMPLOYED         0.065      0.007      9.066      0.000
    FIN1               0.727      0.028     26.415      0.000
    FIN2               0.684      0.027     25.740      0.000
    FIN3               0.750      0.032     23.561      0.000
    RIX                0.457      0.036     12.857      0.000
    RIY                0.328      0.027     11.930      0.000
    RIM                0.119      0.010     12.020      0.000
    WX1                0.361      0.033     10.777      0.000
    WY1                0.267      0.024     11.133      0.000
    WM1                0.087      0.009      9.611      0.000

 Residual Variances
    X1                 0.000      0.000    999.000    999.000
    X2                 0.000      0.000    999.000    999.000
    X3                 0.000      0.000    999.000    999.000
    Y1                 0.000      0.000    999.000    999.000
    Y2                 0.000      0.000    999.000    999.000
    Y3                 0.000      0.000    999.000    999.000
    M1                 0.000      0.000    999.000    999.000
    M2                 0.000      0.000    999.000    999.000
    M3                 0.000      0.000    999.000    999.000
    WX2                0.341      0.026     13.247      0.000
    WX3                0.341      0.026     13.247      0.000
    WY2                0.312      0.018     17.564      0.000
    WY3                0.312      0.018     17.564      0.000
    WM2                0.140      0.007     20.166      0.000
    WM3                0.140      0.007     20.166      0.000

New/Additional Parameters
    IND               -0.005      0.005     -0.918      0.359


STANDARDIZED MODEL RESULTS


STDYX Standardization

                                                    Two-Tailed
                    Estimate       S.E.  Est./S.E.    P-Value

 RIX      BY
    X1                 0.729      0.023     32.051      0.000
    X2                 0.735      0.024     31.047      0.000
    X3                 0.744      0.024     31.099      0.000

 RIY      BY
    Y1                 0.710      0.025     27.983      0.000
    Y2                 0.680      0.024     28.498      0.000
    Y3                 0.680      0.024     27.996      0.000

 RIM      BY
    M1                 0.746      0.027     28.029      0.000
    M2                 0.660      0.023     28.947      0.000
    M3                 0.656      0.024     27.044      0.000

 WX1      BY
    X1                 0.648      0.025     26.229      0.000

 WX2      BY
    X2                 0.640      0.027     23.946      0.000

 WX3      BY
    X3                 0.649      0.027     23.898      0.000

 WY1      BY
    Y1                 0.641      0.026     24.452      0.000

 WY2      BY
    Y2                 0.672      0.022     30.079      0.000

 WY3      BY
    Y3                 0.676      0.023     29.472      0.000

 WM1      BY
    M1                 0.635      0.030     21.160      0.000

 WM2      BY
    M2                 0.731      0.020     35.784      0.000

 WM3      BY
    M3                 0.735      0.021     34.289      0.000

 WY2      ON
    WY1                0.116      0.057      2.059      0.040
    WX1               -0.070      0.046     -1.514      0.130
    WM1               -0.076      0.038     -1.968      0.049

 WY3      ON
    WY2                0.127      0.061      2.087      0.037
    WX2               -0.068      0.045     -1.507      0.132
    WM2               -0.098      0.049     -1.999      0.046

 WX2      ON
    WX1                0.102      0.063      1.614      0.107
    WY1               -0.037      0.046     -0.799      0.424
    WM1                0.054      0.042      1.274      0.203

 WX3      ON
    WX2                0.100      0.064      1.556      0.120
    WY2               -0.040      0.050     -0.802      0.423
    WM2                0.070      0.054      1.290      0.197

 WM2      ON
    WM1                0.166      0.049      3.394      0.001
    WX1                0.054      0.050      1.066      0.286
    WY1               -0.066      0.038     -1.734      0.083

 WM3      ON
    WM2                0.213      0.059      3.623      0.000
    WX2                0.052      0.049      1.071      0.284
    WY2               -0.071      0.041     -1.746      0.081

 X1       ON
    GENDER1            0.114      0.031      3.641      0.000
    AGE1              -0.006      0.028     -0.219      0.827
    EDUCATION_         0.076      0.035      2.183      0.029
    EDUCATION_         0.155      0.036      4.257      0.000
    UNEMPLOYED         0.026      0.031      0.857      0.392
    UNEMPLOYED         0.038      0.027      1.393      0.164
    FIN1              -0.006      0.029     -0.201      0.841

 X2       ON
    GENDER1            0.066      0.032      2.065      0.039
    AGE1              -0.006      0.028     -0.210      0.834
    EDUCATION_         0.094      0.037      2.506      0.012
    EDUCATION_         0.161      0.036      4.436      0.000
    UNEMPLOYED         0.045      0.032      1.385      0.166
    UNEMPLOYED        -0.025      0.031     -0.813      0.416
    FIN2              -0.009      0.028     -0.314      0.753

 X3       ON
    GENDER1            0.031      0.033      0.951      0.341
    AGE1               0.002      0.028      0.060      0.952
    EDUCATION_         0.068      0.038      1.814      0.070
    EDUCATION_         0.114      0.037      3.090      0.002
    UNEMPLOYED         0.044      0.033      1.342      0.180
    UNEMPLOYED        -0.016      0.029     -0.570      0.568
    FIN3               0.011      0.030      0.382      0.703

 Y1       ON
    GENDER1            0.257      0.031      8.411      0.000
    AGE1              -0.007      0.028     -0.256      0.798
    EDUCATION_         0.013      0.038      0.342      0.732
    EDUCATION_        -0.019      0.039     -0.490      0.624
    UNEMPLOYED         0.003      0.033      0.092      0.926
    UNEMPLOYED        -0.040      0.031     -1.306      0.192
    FIN1              -0.146      0.029     -5.083      0.000

 Y2       ON
    GENDER1            0.250      0.031      8.069      0.000
    AGE1              -0.008      0.027     -0.307      0.759
    EDUCATION_         0.011      0.037      0.307      0.759
    EDUCATION_        -0.019      0.038     -0.506      0.613
    UNEMPLOYED         0.063      0.034      1.862      0.063
    UNEMPLOYED        -0.038      0.034     -1.123      0.261
    FIN2              -0.131      0.029     -4.469      0.000

 Y3       ON
    GENDER1            0.227      0.031      7.381      0.000
    AGE1              -0.004      0.027     -0.148      0.882
    EDUCATION_         0.024      0.037      0.663      0.507
    EDUCATION_        -0.026      0.035     -0.744      0.457
    UNEMPLOYED         0.025      0.033      0.737      0.461
    UNEMPLOYED        -0.057      0.031     -1.864      0.062
    FIN3              -0.163      0.028     -5.747      0.000

 M1       ON
    GENDER1           -0.023      0.032     -0.741      0.459
    AGE1               0.045      0.029      1.573      0.116
    EDUCATION_        -0.070      0.039     -1.767      0.077
    EDUCATION_         0.013      0.038      0.350      0.727
    UNEMPLOYED         0.010      0.035      0.289      0.772
    UNEMPLOYED         0.064      0.034      1.898      0.058
    FIN1               0.182      0.030      6.123      0.000

 M2       ON
    GENDER1           -0.061      0.030     -2.015      0.044
    AGE1               0.042      0.025      1.645      0.100
    EDUCATION_        -0.047      0.037     -1.257      0.209
    EDUCATION_        -0.003      0.037     -0.077      0.939
    UNEMPLOYED        -0.014      0.035     -0.419      0.675
    UNEMPLOYED        -0.009      0.031     -0.304      0.761
    FIN2               0.160      0.028      5.647      0.000

 M3       ON
    GENDER1           -0.017      0.033     -0.495      0.621
    AGE1               0.036      0.025      1.402      0.161
    EDUCATION_        -0.041      0.039     -1.052      0.293
    EDUCATION_         0.024      0.039      0.615      0.539
    UNEMPLOYED         0.001      0.034      0.042      0.967
    UNEMPLOYED         0.032      0.030      1.073      0.283
    FIN3               0.166      0.032      5.240      0.000

 RIX      WITH
    RIY                0.270      0.055      4.893      0.000
    RIM               -0.161      0.058     -2.763      0.006

 RIY      WITH
    RIM               -0.487      0.045    -10.897      0.000

 WX1      WITH
    WY1                0.017      0.056      0.309      0.758
    WM1                0.048      0.062      0.767      0.443

 WY1      WITH
    WM1               -0.204      0.062     -3.280      0.001

 WX2      WITH
    WY2                0.012      0.048      0.259      0.795
    WM2                0.029      0.049      0.589      0.556

 WY2      WITH
    WM2               -0.258      0.036     -7.103      0.000

 WX3      WITH
    WY3                0.012      0.048      0.259      0.795
    WM3                0.029      0.049      0.589      0.556

 WY3      WITH
    WM3               -0.258      0.036     -7.103      0.000

 GENDER1  WITH
    AGE1              -0.003      0.032     -0.098      0.922
    EDUCATION_        -0.076      0.032     -2.356      0.018
    EDUCATION_        -0.047      0.032     -1.488      0.137
    UNEMPLOYED        -0.016      0.032     -0.503      0.615
    UNEMPLOYED        -0.014      0.033     -0.407      0.684
    FIN1               0.035      0.032      1.093      0.275
    FIN2              -0.002      0.033     -0.073      0.942
    FIN3               0.014      0.033      0.439      0.661

 AGE1     WITH
    EDUCATION_        -0.078      0.032     -2.437      0.015
    EDUCATION_        -0.038      0.032     -1.176      0.240
    UNEMPLOYED         0.069      0.031      2.239      0.025
    UNEMPLOYED         0.013      0.032      0.395      0.693
    FIN1              -0.013      0.032     -0.414      0.679
    FIN2              -0.026      0.032     -0.806      0.420
    FIN3              -0.030      0.032     -0.914      0.361

 EDUCATIO WITH
    EDUCATION_         0.468      0.028     16.511      0.000
    UNEMPLOYED        -0.250      0.030     -8.360      0.000
    UNEMPLOYED        -0.095      0.034     -2.826      0.005
    FIN1               0.143      0.032      4.450      0.000
    FIN2               0.164      0.031      5.210      0.000
    FIN3               0.161      0.032      5.045      0.000

 EDUCATIO WITH
    UNEMPLOYED        -0.158      0.031     -5.164      0.000
    UNEMPLOYED        -0.121      0.027     -4.464      0.000
    FIN1               0.173      0.032      5.329      0.000
    FIN2               0.211      0.031      6.855      0.000
    FIN3               0.215      0.031      7.032      0.000

 UNEMPLOY WITH
    UNEMPLOYED         0.145      0.042      3.465      0.001
    FIN1              -0.108      0.035     -3.094      0.002
    FIN2              -0.097      0.033     -2.931      0.003
    FIN3              -0.130      0.033     -3.987      0.000

 UNEMPLOY WITH
    FIN1              -0.123      0.036     -3.385      0.001
    FIN2              -0.093      0.030     -3.132      0.002
    FIN3              -0.090      0.033     -2.757      0.006

 FIN1     WITH
    FIN2               0.715      0.019     38.282      0.000
    FIN3               0.655      0.024     27.828      0.000

 FIN2     WITH
    FIN3               0.703      0.021     33.361      0.000

 Means
    GENDER1            1.352      0.045     29.955      0.000
    AGE1              32.399      0.350     92.499      0.000
    EDUCATION_         4.017      0.064     62.489      0.000
    EDUCATION_         3.785      0.060     63.195      0.000
    UNEMPLOYED         0.427      0.019     22.567      0.000
    UNEMPLOYED         0.275      0.018     15.511      0.000
    FIN1               4.405      0.092     48.124      0.000
    FIN2               4.567      0.096     47.393      0.000
    FIN3               4.333      0.102     42.310      0.000

 Intercepts
    X1                -0.847      0.932     -0.909      0.363
    X2                -0.854      0.938     -0.911      0.362
    X3                -0.864      0.948     -0.912      0.362
    Y1                 0.557      0.921      0.605      0.546
    Y2                 0.533      0.884      0.604      0.546
    Y3                 0.534      0.884      0.604      0.546
    M1                -2.056      0.956     -2.151      0.031
    M2                -1.817      0.846     -2.148      0.032
    M3                -1.806      0.840     -2.149      0.032

 Variances
    GENDER1            1.000      0.000    999.000    999.000
    AGE1               1.000      0.000    999.000    999.000
    EDUCATION_         1.000      0.000    999.000    999.000
    EDUCATION_         1.000      0.000    999.000    999.000
    UNEMPLOYED         1.000      0.000    999.000    999.000
    UNEMPLOYED         1.000      0.000    999.000    999.000
    FIN1               1.000      0.000    999.000    999.000
    FIN2               1.000      0.000    999.000    999.000
    FIN3               1.000      0.000    999.000    999.000
    RIX                1.000      0.000    999.000    999.000
    RIY                1.000      0.000    999.000    999.000
    RIM                1.000      0.000    999.000    999.000
    WX1                1.000      0.000    999.000    999.000
    WY1                1.000      0.000    999.000    999.000
    WM1                1.000      0.000    999.000    999.000

 Residual Variances
    X1                 0.000      0.000      0.000      1.000
    X2                 0.000      0.000      0.000      1.000
    X3                 0.000      0.000      0.000      1.000
    Y1                 0.000      0.000      0.000      1.000
    Y2                 0.000      0.000      0.000      1.000
    Y3                 0.000      0.000      0.000      1.000
    M1                 0.000      0.000      0.000      1.000
    M2                 0.000      0.000      0.000      1.000
    M3                 0.000      0.000      0.000      1.000
    WX2                0.984      0.017     58.688      0.000
    WX3                0.981      0.020     49.100      0.000
    WY2                0.972      0.018     53.249      0.000
    WY3                0.962      0.023     41.490      0.000
    WM2                0.960      0.020     49.197      0.000
    WM3                0.937      0.029     32.860      0.000


R-SQUARE

    Observed                                        Two-Tailed
    Variable        Estimate       S.E.  Est./S.E.    P-Value

    X1                 1.000      0.000    999.000    999.000
    X2                 1.000      0.000    999.000    999.000
    X3                 1.000      0.000    999.000    999.000
    Y1                 1.000      0.000    999.000    999.000
    Y2                 1.000      0.000    999.000    999.000
    Y3                 1.000      0.000    999.000    999.000
    M1                 1.000      0.000    999.000    999.000
    M2                 1.000      0.000    999.000    999.000
    M3                 1.000      0.000    999.000    999.000

     Latent                                         Two-Tailed
    Variable        Estimate       S.E.  Est./S.E.    P-Value

    WX2                0.016      0.017      0.946      0.344
    WX3                0.019      0.020      0.938      0.348
    WY2                0.028      0.018      1.530      0.126
    WY3                0.038      0.023      1.636      0.102
    WM2                0.040      0.020      2.044      0.041
    WM3                0.063      0.029      2.198      0.028


CONFIDENCE INTERVALS OF MODEL RESULTS

                  Lower .5%  Lower 2.5%    Lower 5%    Estimate    Upper 5%  Upper 2.5%   Upper .5%

 RIX      BY
    X1               1.000       1.000       1.000       1.000       1.000       1.000       1.000
    X2               1.000       1.000       1.000       1.000       1.000       1.000       1.000
    X3               1.000       1.000       1.000       1.000       1.000       1.000       1.000

 RIY      BY
    Y1               1.000       1.000       1.000       1.000       1.000       1.000       1.000
    Y2               1.000       1.000       1.000       1.000       1.000       1.000       1.000
    Y3               1.000       1.000       1.000       1.000       1.000       1.000       1.000

 RIM      BY
    M1               1.000       1.000       1.000       1.000       1.000       1.000       1.000
    M2               1.000       1.000       1.000       1.000       1.000       1.000       1.000
    M3               1.000       1.000       1.000       1.000       1.000       1.000       1.000

 WX1      BY
    X1               1.000       1.000       1.000       1.000       1.000       1.000       1.000

 WX2      BY
    X2               1.000       1.000       1.000       1.000       1.000       1.000       1.000

 WX3      BY
    X3               1.000       1.000       1.000       1.000       1.000       1.000       1.000

 WY1      BY
    Y1               1.000       1.000       1.000       1.000       1.000       1.000       1.000

 WY2      BY
    Y2               1.000       1.000       1.000       1.000       1.000       1.000       1.000

 WY3      BY
    Y3               1.000       1.000       1.000       1.000       1.000       1.000       1.000

 WM1      BY
    M1               1.000       1.000       1.000       1.000       1.000       1.000       1.000

 WM2      BY
    M2               1.000       1.000       1.000       1.000       1.000       1.000       1.000

 WM3      BY
    M3               1.000       1.000       1.000       1.000       1.000       1.000       1.000

 WY2      ON
    WY1             -0.029       0.009       0.027       0.128       0.230       0.248       0.289
    WX1             -0.176      -0.149      -0.135      -0.066       0.008       0.020       0.049
    WM1             -0.333      -0.285      -0.262      -0.146      -0.025      -0.003       0.048

 WY3      ON
    WY2             -0.029       0.009       0.027       0.128       0.230       0.248       0.289
    WX2             -0.176      -0.149      -0.135      -0.066       0.008       0.020       0.049
    WM2             -0.333      -0.285      -0.262      -0.146      -0.025      -0.003       0.048

 WX2      ON
    WX1             -0.053      -0.018      -0.002       0.100       0.210       0.233       0.282
    WY1             -0.174      -0.141      -0.125      -0.042       0.046       0.063       0.099
    WM1             -0.109      -0.055      -0.029       0.108       0.246       0.271       0.323

 WX3      ON
    WX2             -0.053      -0.018      -0.002       0.100       0.210       0.233       0.282
    WY2             -0.174      -0.141      -0.125      -0.042       0.046       0.063       0.099
    WM2             -0.109      -0.055      -0.029       0.108       0.246       0.271       0.323

 WM2      ON
    WM1              0.055       0.093       0.114       0.216       0.315       0.335       0.370
    WX1             -0.043      -0.027      -0.018       0.034       0.088       0.098       0.120
    WY1             -0.121      -0.103      -0.095      -0.049      -0.003       0.005       0.025

 WM3      ON
    WM2              0.055       0.093       0.114       0.216       0.315       0.335       0.370
    WX2             -0.043      -0.027      -0.018       0.034       0.088       0.098       0.120
    WY2             -0.121      -0.103      -0.095      -0.049      -0.003       0.005       0.025

 X1       ON
    GENDER1          0.067       0.101       0.118       0.221       0.321       0.341       0.377
    AGE1            -0.152      -0.117      -0.100      -0.012       0.076       0.093       0.124
    EDUCATION_      -0.014       0.007       0.018       0.073       0.128       0.138       0.158
    EDUCATION_       0.056       0.077       0.089       0.145       0.204       0.214       0.233
    UNEMPLOYED      -0.138      -0.084      -0.059       0.068       0.203       0.228       0.272
    UNEMPLOYED      -0.119      -0.055      -0.024       0.137       0.300       0.330       0.398
    FIN1            -0.089      -0.068      -0.058      -0.006       0.047       0.056       0.074

 X2       ON
    GENDER1         -0.035       0.008       0.025       0.127       0.230       0.249       0.283
    AGE1            -0.150      -0.118      -0.100      -0.011       0.078       0.096       0.126
    EDUCATION_      -0.005       0.018       0.030       0.089       0.146       0.158       0.178
    EDUCATION_       0.060       0.083       0.093       0.149       0.206       0.218       0.238
    UNEMPLOYED      -0.099      -0.046      -0.021       0.114       0.253       0.282       0.329
    UNEMPLOYED      -0.382      -0.311      -0.276      -0.090       0.092       0.128       0.199
    FIN2            -0.090      -0.071      -0.060      -0.010       0.040       0.050       0.068

 X3       ON
    GENDER1         -0.100      -0.062      -0.043       0.059       0.161       0.182       0.220
    AGE1            -0.133      -0.102      -0.084       0.003       0.091       0.108       0.141
    EDUCATION_      -0.027      -0.006       0.004       0.064       0.120       0.131       0.154
    EDUCATION_       0.016       0.038       0.049       0.104       0.161       0.172       0.193
    UNEMPLOYED      -0.104      -0.049      -0.025       0.111       0.247       0.276       0.331
    UNEMPLOYED      -0.328      -0.265      -0.230      -0.059       0.111       0.143       0.220
    FIN3            -0.067      -0.049      -0.039       0.012       0.065       0.075       0.096

 Y1       ON
    GENDER1          0.296       0.330       0.347       0.433       0.520       0.536       0.566
    AGE1            -0.131      -0.102      -0.088      -0.012       0.066       0.081       0.112
    EDUCATION_      -0.071      -0.051      -0.041       0.011       0.064       0.074       0.095
    EDUCATION_      -0.096      -0.076      -0.067      -0.015       0.036       0.045       0.064
    UNEMPLOYED      -0.176      -0.138      -0.114       0.007       0.129       0.155       0.203
    UNEMPLOYED      -0.379      -0.317      -0.286      -0.127       0.035       0.068       0.132
    FIN1            -0.210      -0.191      -0.183      -0.138      -0.093      -0.085      -0.069

 Y2       ON
    GENDER1          0.296       0.331       0.349       0.441       0.532       0.549       0.585
    AGE1            -0.132      -0.104      -0.090      -0.014       0.063       0.079       0.109
    EDUCATION_      -0.073      -0.053      -0.043       0.010       0.061       0.072       0.092
    EDUCATION_      -0.100      -0.080      -0.070      -0.016       0.036       0.047       0.068
    UNEMPLOYED      -0.054      -0.008       0.016       0.148       0.278       0.306       0.358
    UNEMPLOYED      -0.406      -0.339      -0.305      -0.124       0.062       0.099       0.169
    FIN2            -0.210      -0.193      -0.183      -0.133      -0.085      -0.076      -0.058

 Y3       ON
    GENDER1          0.260       0.292       0.311       0.400       0.491       0.507       0.541
    AGE1            -0.125      -0.097      -0.083      -0.007       0.070       0.086       0.116
    EDUCATION_      -0.059      -0.041      -0.030       0.021       0.073       0.084       0.105
    EDUCATION_      -0.099      -0.081      -0.072      -0.022       0.027       0.038       0.057
    UNEMPLOYED      -0.140      -0.096      -0.070       0.058       0.187       0.214       0.263
    UNEMPLOYED      -0.451      -0.389      -0.356      -0.189      -0.021       0.012       0.082
    FIN3            -0.230      -0.213      -0.204      -0.159      -0.114      -0.106      -0.088

 M1       ON
    GENDER1         -0.103      -0.083      -0.073      -0.023       0.028       0.037       0.055
    AGE1            -0.027      -0.010      -0.001       0.043       0.088       0.098       0.116
    EDUCATION_      -0.082      -0.069      -0.064      -0.033      -0.002       0.004       0.015
    EDUCATION_      -0.040      -0.028      -0.023       0.006       0.035       0.041       0.052
    UNEMPLOYED      -0.104      -0.077      -0.061       0.013       0.087       0.100       0.127
    UNEMPLOYED      -0.048      -0.005       0.014       0.117       0.219       0.239       0.279
    FIN1             0.058       0.066       0.072       0.099       0.126       0.131       0.141

 M2       ON
    GENDER1         -0.155      -0.133      -0.122      -0.067      -0.012      -0.001       0.020
    AGE1            -0.024      -0.008       0.000       0.045       0.090       0.100       0.117
    EDUCATION_      -0.077      -0.064      -0.058      -0.025       0.008       0.015       0.027
    EDUCATION_      -0.054      -0.041      -0.034      -0.002       0.031       0.037       0.049
    UNEMPLOYED      -0.154      -0.119      -0.105      -0.021       0.061       0.076       0.108
    UNEMPLOYED      -0.186      -0.143      -0.123      -0.019       0.085       0.107       0.145
    FIN2             0.054       0.066       0.072       0.101       0.132       0.137       0.150

 M3       ON
    GENDER1         -0.114      -0.090      -0.079      -0.018       0.042       0.054       0.076
    AGE1            -0.033      -0.015      -0.007       0.039       0.084       0.093       0.111
    EDUCATION_      -0.076      -0.064      -0.057      -0.022       0.012       0.019       0.034
    EDUCATION_      -0.040      -0.027      -0.021       0.013       0.047       0.054       0.066
    UNEMPLOYED      -0.129      -0.097      -0.081       0.002       0.084       0.099       0.128
    UNEMPLOYED      -0.101      -0.059      -0.037       0.067       0.168       0.188       0.227
    FIN3             0.052       0.063       0.069       0.101       0.134       0.141       0.153

 RIX      WITH
    RIY              0.049       0.062       0.069       0.104       0.139       0.146       0.161
    RIM             -0.073      -0.064      -0.060      -0.038      -0.016      -0.012      -0.003

 RIY      WITH
    RIM             -0.126      -0.119      -0.115      -0.096      -0.075      -0.071      -0.063

 WX1      WITH
    WY1             -0.040      -0.029      -0.024       0.005       0.034       0.040       0.049
    WM1             -0.019      -0.013      -0.009       0.008       0.027       0.030       0.038

 WY1      WITH
    WM1             -0.060      -0.053      -0.049      -0.031      -0.014      -0.011      -0.005

 WX2      WITH
    WY2             -0.036      -0.026      -0.021       0.004       0.029       0.034       0.044
    WM2             -0.020      -0.014      -0.011       0.006       0.024       0.027       0.034

 WY2      WITH
    WM2             -0.073      -0.068      -0.066      -0.054      -0.040      -0.037      -0.032

 WX3      WITH
    WY3             -0.036      -0.026      -0.021       0.004       0.029       0.034       0.044
    WM3             -0.020      -0.014      -0.011       0.006       0.024       0.027       0.034

 WY3      WITH
    WM3             -0.073      -0.068      -0.066      -0.054      -0.040      -0.037      -0.032

 GENDER1  WITH
    AGE1            -0.020      -0.015      -0.013      -0.001       0.011       0.014       0.018
    EDUCATION_      -0.073      -0.065      -0.060      -0.035      -0.011      -0.006       0.004
    EDUCATION_      -0.060      -0.051      -0.046      -0.022       0.003       0.007       0.017
    UNEMPLOYED      -0.017      -0.014      -0.012      -0.003       0.006       0.008       0.011
    UNEMPLOYED      -0.012      -0.010      -0.008      -0.002       0.005       0.006       0.009
    FIN1            -0.019      -0.011      -0.008       0.014       0.035       0.040       0.048
    FIN2            -0.035      -0.027      -0.022      -0.001       0.020       0.024       0.032
    FIN3            -0.030      -0.021      -0.017       0.006       0.028       0.032       0.040

 AGE1     WITH
    EDUCATION_      -0.075      -0.067      -0.061      -0.037      -0.012      -0.008       0.002
    EDUCATION_      -0.057      -0.048      -0.044      -0.018       0.007       0.012       0.023
    UNEMPLOYED      -0.002       0.001       0.003       0.012       0.021       0.022       0.025
    UNEMPLOYED      -0.009      -0.006      -0.005       0.002       0.008       0.009       0.012
    FIN1            -0.039      -0.031      -0.027      -0.005       0.016       0.020       0.028
    FIN2            -0.044      -0.036      -0.031      -0.010       0.010       0.015       0.022
    FIN3            -0.047      -0.038      -0.035      -0.012       0.010       0.014       0.023

 EDUCATIO WITH
    EDUCATION_       0.372       0.392       0.402       0.452       0.501       0.511       0.529
    UNEMPLOYED      -0.119      -0.111      -0.107      -0.088      -0.068      -0.065      -0.058
    UNEMPLOYED      -0.046      -0.040      -0.037      -0.024      -0.010      -0.007      -0.001
    FIN1             0.049       0.065       0.073       0.118       0.163       0.171       0.190
    FIN2             0.066       0.081       0.089       0.132       0.174       0.182       0.197
    FIN3             0.066       0.083       0.091       0.136       0.181       0.189       0.206

 EDUCATIO WITH
    UNEMPLOYED      -0.086      -0.079      -0.075      -0.056      -0.038      -0.034      -0.027
    UNEMPLOYED      -0.050      -0.045      -0.043      -0.031      -0.018      -0.016      -0.012
    FIN1             0.075       0.092       0.100       0.146       0.191       0.202       0.218
    FIN2             0.109       0.123       0.130       0.173       0.217       0.225       0.242
    FIN3             0.113       0.131       0.140       0.184       0.229       0.238       0.254

 UNEMPLOY WITH
    UNEMPLOYED       0.003       0.006       0.007       0.013       0.020       0.022       0.024
    FIN1            -0.062      -0.055      -0.052      -0.033      -0.016      -0.012      -0.006
    FIN2            -0.055      -0.048      -0.046      -0.029      -0.013      -0.009      -0.004
    FIN3            -0.068      -0.061      -0.058      -0.041      -0.023      -0.020      -0.014

 UNEMPLOY WITH
    FIN1            -0.048      -0.043      -0.041      -0.027      -0.013      -0.011      -0.005
    FIN2            -0.037      -0.033      -0.031      -0.020      -0.009      -0.007      -0.003
    FIN3            -0.039      -0.035      -0.032      -0.020      -0.008      -0.006      -0.001

 FIN1     WITH
    FIN2             0.439       0.455       0.463       0.504       0.545       0.553       0.568
    FIN3             0.419       0.434       0.442       0.484       0.525       0.532       0.551

 FIN2     WITH
    FIN3             0.441       0.456       0.463       0.504       0.544       0.552       0.566

 Means
    GENDER1          0.608       0.617       0.621       0.647       0.671       0.676       0.686
    AGE1            15.598      15.608      15.612      15.638      15.663      15.669      15.679
    EDUCATION_       3.827       3.846       3.856       3.907       3.959       3.969       3.988
    EDUCATION_       3.670       3.690       3.700       3.753       3.806       3.816       3.837
    UNEMPLOYED       0.124       0.132       0.135       0.154       0.173       0.176       0.184
    UNEMPLOYED       0.049       0.054       0.056       0.070       0.084       0.087       0.092
    FIN1             3.683       3.701       3.711       3.755       3.800       3.808       3.826
    FIN2             3.707       3.724       3.732       3.776       3.820       3.828       3.843
    FIN3             3.681       3.698       3.706       3.753       3.799       3.808       3.823

 Intercepts
    X1              -2.986      -2.474      -2.193      -0.786       0.625       0.930       1.425
    X2              -2.986      -2.474      -2.193      -0.786       0.625       0.930       1.425
    X3              -2.986      -2.474      -2.193      -0.786       0.625       0.930       1.425
    Y1              -1.515      -1.026      -0.795       0.449       1.664       1.880       2.358
    Y2              -1.515      -1.026      -0.795       0.449       1.664       1.880       2.358
    Y3              -1.515      -1.026      -0.795       0.449       1.664       1.880       2.358
    M1              -2.120      -1.820      -1.666      -0.952      -0.225      -0.088       0.196
    M2              -2.120      -1.820      -1.666      -0.952      -0.225      -0.088       0.196
    M3              -2.120      -1.820      -1.666      -0.952      -0.225      -0.088       0.196

 Variances
    GENDER1          0.216       0.219       0.221       0.229       0.235       0.237       0.239
    AGE1             0.220       0.223       0.225       0.233       0.240       0.241       0.244
    EDUCATION_       0.886       0.900       0.907       0.946       0.986       0.996       1.013
    EDUCATION_       0.914       0.929       0.938       0.983       1.030       1.039       1.058
    UNEMPLOYED       0.109       0.114       0.117       0.130       0.143       0.145       0.150
    UNEMPLOYED       0.047       0.051       0.053       0.065       0.077       0.079       0.083
    FIN1             0.657       0.671       0.680       0.727       0.771       0.779       0.798
    FIN2             0.617       0.632       0.640       0.684       0.727       0.737       0.753
    FIN3             0.670       0.688       0.698       0.750       0.803       0.814       0.834
    RIX              0.360       0.381       0.393       0.457       0.510       0.521       0.542
    RIY              0.251       0.267       0.278       0.328       0.368       0.377       0.392
    RIM              0.092       0.098       0.101       0.119       0.134       0.137       0.144
    WX1              0.280       0.298       0.307       0.361       0.417       0.429       0.453
    WY1              0.212       0.224       0.230       0.267       0.309       0.318       0.338
    WM1              0.065       0.070       0.072       0.087       0.102       0.105       0.112

 Residual Variances
    X1               0.000       0.000       0.000       0.000       0.000       0.000       0.000
    X2               0.000       0.000       0.000       0.000       0.000       0.000       0.000
    X3               0.000       0.000       0.000       0.000       0.000       0.000       0.000
    Y1               0.000       0.000       0.000       0.000       0.000       0.000       0.000
    Y2               0.000       0.000       0.000       0.000       0.000       0.000       0.000
    Y3               0.000       0.000       0.000       0.000       0.000       0.000       0.000
    M1               0.000       0.000       0.000       0.000       0.000       0.000       0.000
    M2               0.000       0.000       0.000       0.000       0.000       0.000       0.000
    M3               0.000       0.000       0.000       0.000       0.000       0.000       0.000
    WX2              0.276       0.289       0.296       0.341       0.382       0.390       0.405
    WX3              0.276       0.289       0.296       0.341       0.382       0.390       0.405
    WY2              0.262       0.273       0.279       0.312       0.338       0.343       0.354
    WY3              0.262       0.273       0.279       0.312       0.338       0.343       0.354
    WM2              0.121       0.125       0.127       0.140       0.150       0.153       0.158
    WM3              0.121       0.125       0.127       0.140       0.150       0.153       0.158

New/Additional Parameters
    IND             -0.024      -0.017      -0.015      -0.005       0.003       0.005       0.009


CONFIDENCE INTERVALS OF STANDARDIZED MODEL RESULTS


STDYX Standardization

                  Lower .5%  Lower 2.5%    Lower 5%    Estimate    Upper 5%  Upper 2.5%   Upper .5%

 RIX      BY
    X1               0.661       0.679       0.686       0.729       0.761       0.767       0.778
    X2               0.662       0.680       0.690       0.735       0.767       0.773       0.784
    X3               0.669       0.687       0.697       0.744       0.775       0.781       0.791

 RIY      BY
    Y1               0.629       0.650       0.660       0.710       0.743       0.750       0.761
    Y2               0.606       0.624       0.634       0.680       0.711       0.718       0.731
    Y3               0.605       0.623       0.633       0.680       0.713       0.719       0.732

 RIM      BY
    M1               0.661       0.684       0.695       0.746       0.782       0.789       0.802
    M2               0.587       0.607       0.616       0.660       0.691       0.697       0.708
    M3               0.578       0.599       0.609       0.656       0.689       0.695       0.706

 WX1      BY
    X1               0.584       0.599       0.607       0.648       0.688       0.696       0.712

 WX2      BY
    X2               0.577       0.589       0.597       0.640       0.685       0.694       0.714

 WX3      BY
    X3               0.584       0.597       0.605       0.649       0.695       0.704       0.723

 WY1      BY
    Y1               0.577       0.591       0.599       0.641       0.685       0.695       0.713

 WY2      BY
    Y2               0.615       0.629       0.635       0.672       0.709       0.717       0.731

 WY3      BY
    Y3               0.618       0.632       0.639       0.676       0.714       0.722       0.738

 WM1      BY
    M1               0.560       0.577       0.586       0.635       0.685       0.697       0.715

 WM2      BY
    M2               0.679       0.690       0.696       0.731       0.764       0.771       0.785

 WM3      BY
    M3               0.680       0.693       0.699       0.735       0.770       0.777       0.792

 WY2      ON
    WY1             -0.027       0.009       0.025       0.116       0.211       0.230       0.267
    WX1             -0.185      -0.159      -0.145      -0.070       0.009       0.021       0.053
    WM1             -0.177      -0.152      -0.139      -0.076      -0.013      -0.002       0.024

 WY3      ON
    WY2             -0.029       0.009       0.027       0.127       0.227       0.246       0.287
    WX2             -0.183      -0.155      -0.141      -0.068       0.008       0.021       0.050
    WM2             -0.221      -0.194      -0.178      -0.098      -0.017      -0.002       0.032

 WX2      ON
    WX1             -0.054      -0.019      -0.002       0.102       0.206       0.229       0.271
    WY1             -0.153      -0.124      -0.110      -0.037       0.040       0.056       0.084
    WM1             -0.055      -0.027      -0.015       0.054       0.124       0.136       0.165

 WX3      ON
    WX2             -0.053      -0.018      -0.002       0.100       0.209       0.233       0.280
    WY2             -0.165      -0.136      -0.119      -0.040       0.044       0.060       0.093
    WM2             -0.069      -0.036      -0.019       0.070       0.158       0.174       0.208

 WM2      ON
    WM1              0.041       0.070       0.086       0.166       0.246       0.265       0.297
    WX1             -0.069      -0.043      -0.028       0.054       0.138       0.156       0.191
    WY1             -0.165      -0.140      -0.128      -0.066      -0.003       0.007       0.033

 WM3      ON
    WM2              0.055       0.093       0.114       0.213       0.308       0.326       0.360
    WX2             -0.066      -0.041      -0.027       0.052       0.133       0.149       0.182
    WY2             -0.177      -0.150      -0.138      -0.071      -0.004       0.008       0.036

 X1       ON
    GENDER1          0.035       0.053       0.061       0.114       0.165       0.175       0.193
    AGE1            -0.079      -0.061      -0.052      -0.006       0.040       0.048       0.065
    EDUCATION_      -0.015       0.007       0.019       0.076       0.133       0.146       0.167
    EDUCATION_       0.062       0.083       0.096       0.155       0.215       0.227       0.245
    UNEMPLOYED      -0.053      -0.033      -0.023       0.026       0.079       0.088       0.105
    UNEMPLOYED      -0.031      -0.015      -0.007       0.038       0.082       0.090       0.106
    FIN1            -0.080      -0.062      -0.053      -0.006       0.043       0.052       0.069

 X2       ON
    GENDER1         -0.018       0.004       0.013       0.066       0.119       0.129       0.147
    AGE1            -0.078      -0.062      -0.052      -0.006       0.041       0.051       0.066
    EDUCATION_      -0.006       0.019       0.031       0.094       0.155       0.166       0.188
    EDUCATION_       0.065       0.090       0.101       0.161       0.219       0.232       0.253
    UNEMPLOYED      -0.038      -0.018      -0.008       0.045       0.099       0.109       0.128
    UNEMPLOYED      -0.105      -0.085      -0.076      -0.025       0.025       0.035       0.054
    FIN2            -0.081      -0.063      -0.054      -0.009       0.036       0.045       0.061

 X3       ON
    GENDER1         -0.053      -0.032      -0.023       0.031       0.085       0.095       0.115
    AGE1            -0.070      -0.054      -0.045       0.002       0.048       0.057       0.075
    EDUCATION_      -0.028      -0.006       0.005       0.068       0.128       0.140       0.163
    EDUCATION_       0.017       0.041       0.053       0.114       0.175       0.186       0.210
    UNEMPLOYED      -0.041      -0.019      -0.010       0.044       0.098       0.109       0.130
    UNEMPLOYED      -0.089      -0.073      -0.064      -0.016       0.031       0.040       0.061
    FIN3            -0.063      -0.047      -0.038       0.011       0.062       0.071       0.090

 Y1       ON
    GENDER1          0.178       0.197       0.207       0.257       0.307       0.316       0.335
    AGE1            -0.078      -0.061      -0.052      -0.007       0.039       0.049       0.066
    EDUCATION_      -0.085      -0.062      -0.050       0.013       0.077       0.089       0.113
    EDUCATION_      -0.118      -0.093      -0.082      -0.019       0.044       0.056       0.079
    UNEMPLOYED      -0.079      -0.061      -0.051       0.003       0.058       0.069       0.088
    UNEMPLOYED      -0.118      -0.100      -0.090      -0.040       0.011       0.021       0.042
    FIN1            -0.221      -0.203      -0.194      -0.146      -0.098      -0.090      -0.073

 Y2       ON
    GENDER1          0.168       0.188       0.199       0.250       0.301       0.310       0.329
    AGE1            -0.075      -0.060      -0.051      -0.008       0.036       0.045       0.062
    EDUCATION_      -0.085      -0.061      -0.049       0.011       0.071       0.083       0.105
    EDUCATION_      -0.118      -0.094      -0.082      -0.019       0.042       0.055       0.080
    UNEMPLOYED      -0.024      -0.004       0.007       0.063       0.119       0.130       0.150
    UNEMPLOYED      -0.121      -0.102      -0.092      -0.038       0.018       0.030       0.051
    FIN2            -0.206      -0.189      -0.180      -0.131      -0.083      -0.075      -0.056

 Y3       ON
    GENDER1          0.147       0.166       0.177       0.227       0.278       0.287       0.304
    AGE1            -0.071      -0.056      -0.048      -0.004       0.040       0.049       0.066
    EDUCATION_      -0.068      -0.048      -0.035       0.024       0.084       0.096       0.121
    EDUCATION_      -0.115      -0.095      -0.084      -0.026       0.032       0.045       0.067
    UNEMPLOYED      -0.060      -0.041      -0.030       0.025       0.080       0.091       0.112
    UNEMPLOYED      -0.136      -0.117      -0.107      -0.057      -0.006       0.004       0.024
    FIN3            -0.236      -0.219      -0.210      -0.163      -0.117      -0.108      -0.090

 M1       ON
    GENDER1         -0.106      -0.086      -0.075      -0.023       0.029       0.038       0.057
    AGE1            -0.029      -0.011      -0.002       0.045       0.092       0.102       0.121
    EDUCATION_      -0.170      -0.144      -0.133      -0.070      -0.003       0.009       0.033
    EDUCATION_      -0.085      -0.060      -0.049       0.013       0.076       0.087       0.112
    UNEMPLOYED      -0.082      -0.059      -0.047       0.010       0.068       0.078       0.098
    UNEMPLOYED      -0.025      -0.003       0.007       0.064       0.120       0.130       0.154
    FIN1             0.106       0.123       0.133       0.182       0.230       0.240       0.257

 M2       ON
    GENDER1         -0.140      -0.120      -0.111      -0.061      -0.011      -0.001       0.018
    AGE1            -0.022      -0.008       0.000       0.042       0.083       0.091       0.108
    EDUCATION_      -0.141      -0.118      -0.107      -0.047       0.015       0.027       0.049
    EDUCATION_      -0.101      -0.077      -0.064      -0.003       0.059       0.071       0.093
    UNEMPLOYED      -0.104      -0.082      -0.072      -0.014       0.042       0.052       0.074
    UNEMPLOYED      -0.090      -0.069      -0.060      -0.009       0.041       0.051       0.071
    FIN2             0.087       0.105       0.114       0.160       0.207       0.216       0.234

 M3       ON
    GENDER1         -0.104      -0.082      -0.072      -0.017       0.038       0.049       0.069
    AGE1            -0.030      -0.014      -0.006       0.036       0.077       0.086       0.103
    EDUCATION_      -0.140      -0.117      -0.105      -0.041       0.023       0.035       0.062
    EDUCATION_      -0.076      -0.051      -0.039       0.024       0.089       0.101       0.124
    UNEMPLOYED      -0.087      -0.067      -0.055       0.001       0.058       0.068       0.087
    UNEMPLOYED      -0.047      -0.028      -0.018       0.032       0.081       0.090       0.109
    FIN3             0.086       0.104       0.114       0.166       0.218       0.228       0.246

 RIX      WITH
    RIY              0.135       0.167       0.183       0.270       0.364       0.385       0.424
    RIM             -0.320      -0.280      -0.260      -0.161      -0.070      -0.052      -0.014

 RIY      WITH
    RIM             -0.605      -0.574      -0.559      -0.487      -0.413      -0.398      -0.364

 WX1      WITH
    WY1             -0.125      -0.093      -0.074       0.017       0.110       0.128       0.158
    WM1             -0.113      -0.073      -0.053       0.048       0.151       0.168       0.206

 WY1      WITH
    WM1             -0.355      -0.321      -0.303      -0.204      -0.099      -0.078      -0.039

 WX2      WITH
    WY2             -0.110      -0.080      -0.065       0.012       0.091       0.106       0.136
    WM2             -0.093      -0.063      -0.050       0.029       0.111       0.126       0.157

 WY2      WITH
    WM2             -0.345      -0.325      -0.315      -0.258      -0.196      -0.184      -0.158

 WX3      WITH
    WY3             -0.110      -0.080      -0.065       0.012       0.091       0.106       0.136
    WM3             -0.093      -0.063      -0.050       0.029       0.111       0.126       0.157

 WY3      WITH
    WM3             -0.345      -0.325      -0.315      -0.258      -0.196      -0.184      -0.158

 GENDER1  WITH
    AGE1            -0.085      -0.066      -0.056      -0.003       0.049       0.060       0.080
    EDUCATION_      -0.157      -0.139      -0.129      -0.076      -0.023      -0.012       0.009
    EDUCATION_      -0.126      -0.107      -0.098      -0.047       0.006       0.015       0.037
    UNEMPLOYED      -0.100      -0.080      -0.070      -0.016       0.036       0.047       0.066
    UNEMPLOYED      -0.102      -0.079      -0.068      -0.014       0.041       0.051       0.072
    FIN1            -0.047      -0.028      -0.019       0.035       0.087       0.098       0.117
    FIN2            -0.088      -0.067      -0.057      -0.002       0.051       0.061       0.079
    FIN3            -0.072      -0.050      -0.041       0.014       0.068       0.078       0.096

 AGE1     WITH
    EDUCATION_      -0.159      -0.142      -0.131      -0.078      -0.025      -0.016       0.003
    EDUCATION_      -0.119      -0.101      -0.091      -0.038       0.015       0.025       0.047
    UNEMPLOYED      -0.013       0.008       0.017       0.069       0.118       0.127       0.144
    UNEMPLOYED      -0.074      -0.051      -0.040       0.013       0.064       0.073       0.093
    FIN1            -0.096      -0.076      -0.066      -0.013       0.040       0.050       0.069
    FIN2            -0.109      -0.090      -0.079      -0.026       0.026       0.038       0.057
    FIN3            -0.111      -0.092      -0.083      -0.030       0.024       0.035       0.055

 EDUCATIO WITH
    EDUCATION_       0.394       0.412       0.421       0.468       0.514       0.523       0.538
    UNEMPLOYED      -0.326      -0.308      -0.298      -0.250      -0.200      -0.190      -0.172
    UNEMPLOYED      -0.179      -0.158      -0.149      -0.095      -0.039      -0.028      -0.005
    FIN1             0.060       0.079       0.089       0.143       0.195       0.205       0.225
    FIN2             0.083       0.102       0.112       0.164       0.215       0.225       0.243
    FIN3             0.080       0.099       0.109       0.161       0.214       0.223       0.242

 EDUCATIO WITH
    UNEMPLOYED      -0.235      -0.217      -0.207      -0.158      -0.107      -0.097      -0.076
    UNEMPLOYED      -0.187      -0.172      -0.164      -0.121      -0.075      -0.066      -0.049
    FIN1             0.089       0.109       0.119       0.173       0.226       0.237       0.258
    FIN2             0.134       0.151       0.160       0.211       0.262       0.271       0.291
    FIN3             0.133       0.154       0.164       0.215       0.265       0.275       0.293

 UNEMPLOY WITH
    UNEMPLOYED       0.040       0.065       0.077       0.145       0.214       0.229       0.256
    FIN1            -0.197      -0.176      -0.166      -0.108      -0.051      -0.040      -0.020
    FIN2            -0.184      -0.161      -0.152      -0.097      -0.042      -0.031      -0.013
    FIN3            -0.213      -0.193      -0.183      -0.130      -0.077      -0.065      -0.045

 UNEMPLOY WITH
    FIN1            -0.214      -0.192      -0.181      -0.123      -0.062      -0.050      -0.026
    FIN2            -0.169      -0.152      -0.142      -0.093      -0.045      -0.035      -0.016
    FIN3            -0.173      -0.155      -0.144      -0.090      -0.036      -0.026      -0.005

 FIN1     WITH
    FIN2             0.663       0.677       0.684       0.715       0.745       0.751       0.761
    FIN3             0.592       0.607       0.615       0.655       0.693       0.699       0.712

 FIN2     WITH
    FIN3             0.643       0.659       0.667       0.703       0.737       0.742       0.754

 Means
    GENDER1          1.244       1.269       1.280       1.352       1.428       1.444       1.477
    AGE1            31.618      31.783      31.878      32.399      33.018      33.146      33.447
    EDUCATION_       3.852       3.892       3.914       4.017       4.126       4.147       4.185
    EDUCATION_       3.630       3.671       3.689       3.785       3.886       3.904       3.943
    UNEMPLOYED       0.377       0.389       0.395       0.427       0.457       0.463       0.475
    UNEMPLOYED       0.228       0.239       0.245       0.275       0.304       0.310       0.319
    FIN1             4.182       4.239       4.266       4.405       4.564       4.597       4.654
    FIN2             4.333       4.384       4.415       4.567       4.731       4.766       4.822
    FIN3             4.083       4.142       4.172       4.333       4.508       4.546       4.621

 Intercepts
    X1              -3.231      -2.682      -2.389      -0.847       0.673       1.003       1.542
    X2              -3.231      -2.690      -2.392      -0.854       0.684       1.004       1.562
    X3              -3.256      -2.715      -2.418      -0.864       0.691       1.018       1.576
    Y1              -1.875      -1.286      -0.989       0.557       2.052       2.327       2.907
    Y2              -1.796      -1.221      -0.941       0.533       1.971       2.246       2.794
    Y3              -1.808      -1.223      -0.945       0.534       1.972       2.244       2.801
    M1              -4.591      -3.913      -3.596      -2.056      -0.487      -0.192       0.424
    M2              -4.049      -3.470      -3.188      -1.817      -0.431      -0.167       0.370
    M3              -4.016      -3.455      -3.171      -1.806      -0.428      -0.167       0.366

 Variances
    GENDER1          1.000       1.000       1.000       1.000       1.000       1.000       1.000
    AGE1             1.000       1.000       1.000       1.000       1.000       1.000       1.000
    EDUCATION_       1.000       1.000       1.000       1.000       1.000       1.000       1.000
    EDUCATION_       1.000       1.000       1.000       1.000       1.000       1.000       1.000
    UNEMPLOYED       1.000       1.000       1.000       1.000       1.000       1.000       1.000
    UNEMPLOYED       1.000       1.000       1.000       1.000       1.000       1.000       1.000
    FIN1             1.000       1.000       1.000       1.000       1.000       1.000       1.000
    FIN2             1.000       1.000       1.000       1.000       1.000       1.000       1.000
    FIN3             1.000       1.000       1.000       1.000       1.000       1.000       1.000
    RIX              1.000       1.000       1.000       1.000       1.000       1.000       1.000
    RIY              1.000       1.000       1.000       1.000       1.000       1.000       1.000
    RIM              1.000       1.000       1.000       1.000       1.000       1.000       1.000
    WX1              1.000       1.000       1.000       1.000       1.000       1.000       1.000
    WY1              1.000       1.000       1.000       1.000       1.000       1.000       1.000
    WM1              1.000       1.000       1.000       1.000       1.000       1.000       1.000

 Residual Variances
    X1               0.000       0.000       0.000       0.000       0.000       0.000       0.000
    X2               0.000       0.000       0.000       0.000       0.000       0.000       0.000
    X3               0.000       0.000       0.000       0.000       0.000       0.000       0.000
    Y1               0.000       0.000       0.000       0.000       0.000       0.000       0.000
    Y2               0.000       0.000       0.000       0.000       0.000       0.000       0.000
    Y3               0.000       0.000       0.000       0.000       0.000       0.000       0.000
    M1               0.000       0.000       0.000       0.000       0.000       0.000       0.000
    M2               0.000       0.000       0.000       0.000       0.000       0.000       0.000
    M3               0.000       0.000       0.000       0.000       0.000       0.000       0.000
    WX2              0.912       0.935       0.944       0.984       0.996       0.998       0.999
    WX3              0.896       0.922       0.934       0.981       0.996       0.997       0.999
    WY2              0.902       0.921       0.931       0.972       0.989       0.992       0.996
    WY3              0.876       0.900       0.911       0.962       0.986       0.989       0.995
    WM2              0.888       0.908       0.918       0.960       0.981       0.984       0.990
    WM3              0.841       0.866       0.877       0.937       0.971       0.977       0.986


     Beginning Time:  18:20:19
        Ending Time:  18:30:07
       Elapsed Time:  00:09:48



MUTHEN & MUTHEN
3463 Stoner Ave.
Los Angeles, CA  90066

Tel: (310) 391-9971
Fax: (310) 391-8971
Web: www.StatModel.com
Support: Support@StatModel.com

Copyright (c) 1998-2023 Muthen & Muthen
