Mplus VERSION 8.9
MUTHEN & MUTHEN
01/22/2025   6:30 PM

INPUT INSTRUCTIONS

  DATA:
    FILE IS "mplus.dat";
  VARIABLE:
    MISSING ARE ALL (-99);
    NAMES ARE id Gender1 Age1 Education_mother1 Education_father1
    unemployed_mother1 unemployed_father1 Fin1 Fin2 Fin3 Personal1
    Personal2 Personal3 Public1 Public2 Public3 Collective1
    Collective2 Collective3 Relational1 Relational2
    Relational3 Autonomy1 Autonomy2 Autonomy3 Relatedness1 Relatedness2
    Relatedness3 Competence1 Competence2 Competence3
    PA1 PA2 PA3 NA1 NA2 NA3 SWLS1 SWLS2 SWLS3;

  usevar =
  Gender1 Age1 Education_mother1 Education_father1
  unemployed_mother1 unemployed_father1 Fin1 Fin2 Fin3
  x1-x3 y1-y3 m1-m3 ;

  define:
  x1 = Public1;
  x2 = Public2;
  x3 = Public3;

  m1 = Relatedness1;
  m2 = Relatedness2;
  m3 = Relatedness3;

  y1 = NA1;
  y2 = NA2;
  y3 = NA3;





  analysis:

  MODEL = NOCOV;
  bootstrap = 10000;


  MODEL:
  RIx BY x1@1 x2@1 x3@1;
  RIy BY y1@1 y2@1 y3@1;
  RIm BY m1@1 m2@1 m3@1;



  wx1 BY x1@1;
  wx2 BY x2@1;
  wx3 BY x3@1;



  wy1 BY y1@1;
  wy2 BY y2@1;
  wy3 BY y3@1;



  wm1 By m1@1;
  wm2 By m2@1;
  wm3 By m3@1;


  x1-m3@0;


  wy2 ON wy1 (a );
  wy3 ON wy2 (a );


  wx2 ON wx1 (b );
  wx3 ON wx2 (b );


  wm2 ON wm1  (c);
  wm3 ON wm2  (c);


  wy2 ON  wx1 wm1  (d e);
  wy3 ON  wx2 wm2  (d e);


  wx2 ON wy1 wm1  (f j);
  wx3 ON wy2 wm2  (f j);


  wm2 ON wx1 wy1   (h i);
  wm3 ON wx2 wy2   (h i);


  RIx RIy RIm  with RIx RIy RIm ;

  wx1 wy1 wm1 with wx1 wy1 wm1;
  wx2 wy2 wm2 with wx2 wy2 wm2 (cov1 cov2 cov3);
  wx3 wy3 wm3 with wx3 wy3 wm3 (cov1 cov2 cov3);

  wx2 (vx); wy2 (vy); wm2 (vm);
  wx3 (vx); wy3 (vy); wm3 (vm);

  x1-m3 on Gender1 Age1 Education_mother1 Education_father1
  unemployed_mother1 unemployed_father1 ;

  x1 y1 m1 on Fin1;
  x2 y2 m2 on Fin2;
  x3 y3 m3 on Fin3;

  Gender1 -Fin3 with Gender1 -Fin3;

  [x1-x3] (mx);
  [m1-m3] (mm);
  [y1-y3] (my);

  model constraint:
  new (ind);
  ind = h*e;

  output: cinterval (boot) stdyx;



*** WARNING in VARIABLE command
  Note that only the first 8 characters of variable names are used in the output.
  Shorten variable names to avoid any confusion.
   1 WARNING(S) FOUND IN THE INPUT INSTRUCTIONS




SUMMARY OF ANALYSIS

Number of groups                                                 1
Number of observations                                         971

Number of dependent variables                                    9
Number of independent variables                                  9
Number of continuous latent variables                           12

Observed dependent variables

  Continuous
   X1          X2          X3          Y1          Y2          Y3
   M1          M2          M3

Observed independent variables
   GENDER1     AGE1        EDUCATIO    EDUCATIO    UNEMPLOY    UNEMPLOY
   FIN1        FIN2        FIN3

Continuous latent variables
   RIX         RIY         RIM         WX1         WX2         WX3
   WY1         WY2         WY3         WM1         WM2         WM3


Estimator                                                       ML
Information matrix                                        OBSERVED
Maximum number of iterations                                  1000
Convergence criterion                                    0.500D-04
Maximum number of steepest descent iterations                   20
Maximum number of iterations for H1                           2000
Convergence criterion for H1                             0.100D-03
Number of bootstrap draws
    Requested                                                10000
    Completed                                                10000

Input data file(s)
  mplus.dat

Input data format  FREE


SUMMARY OF DATA

     Number of missing data patterns            19


COVARIANCE COVERAGE OF DATA

Minimum covariance coverage value   0.100


     PROPORTION OF DATA PRESENT


           Covariance Coverage
              X1            X2            X3            Y1            Y2
              ________      ________      ________      ________      ________
 X1             1.000
 X2             1.000         1.000
 X3             1.000         1.000         1.000
 Y1             1.000         1.000         1.000         1.000
 Y2             1.000         1.000         1.000         1.000         1.000
 Y3             1.000         1.000         1.000         1.000         1.000
 M1             1.000         1.000         1.000         1.000         1.000
 M2             1.000         1.000         1.000         1.000         1.000
 M3             1.000         1.000         1.000         1.000         1.000
 GENDER1        0.998         0.998         0.998         0.998         0.998
 AGE1           0.999         0.999         0.999         0.999         0.999
 EDUCATIO       0.994         0.994         0.994         0.994         0.994
 EDUCATIO       0.991         0.991         0.991         0.991         0.991
 UNEMPLOY       0.992         0.992         0.992         0.992         0.992
 UNEMPLOY       0.974         0.974         0.974         0.974         0.974
 FIN1           0.994         0.994         0.994         0.994         0.994
 FIN2           0.991         0.991         0.991         0.991         0.991
 FIN3           0.991         0.991         0.991         0.991         0.991


           Covariance Coverage
              Y3            M1            M2            M3            GENDER1
              ________      ________      ________      ________      ________
 Y3             1.000
 M1             1.000         1.000
 M2             1.000         1.000         1.000
 M3             1.000         1.000         1.000         1.000
 GENDER1        0.998         0.998         0.998         0.998         0.998
 AGE1           0.999         0.999         0.999         0.999         0.997
 EDUCATIO       0.994         0.994         0.994         0.994         0.992
 EDUCATIO       0.991         0.991         0.991         0.991         0.989
 UNEMPLOY       0.992         0.992         0.992         0.992         0.990
 UNEMPLOY       0.974         0.974         0.974         0.974         0.972
 FIN1           0.994         0.994         0.994         0.994         0.992
 FIN2           0.991         0.991         0.991         0.991         0.990
 FIN3           0.991         0.991         0.991         0.991         0.989


           Covariance Coverage
              AGE1          EDUCATIO      EDUCATIO      UNEMPLOY      UNEMPLOY
              ________      ________      ________      ________      ________
 AGE1           0.999
 EDUCATIO       0.993         0.994
 EDUCATIO       0.990         0.987         0.991
 UNEMPLOY       0.991         0.989         0.984         0.992
 UNEMPLOY       0.973         0.969         0.970         0.968         0.974
 FIN1           0.993         0.989         0.986         0.988         0.969
 FIN2           0.990         0.985         0.981         0.982         0.965
 FIN3           0.990         0.985         0.981         0.982         0.965


           Covariance Coverage
              FIN1          FIN2          FIN3
              ________      ________      ________
 FIN1           0.994
 FIN2           0.986         0.991
 FIN3           0.986         0.984         0.991



UNIVARIATE SAMPLE STATISTICS


     UNIVARIATE HIGHER-ORDER MOMENT DESCRIPTIVE STATISTICS

         Variable/         Mean/     Skewness/   Minimum/ % with                Percentiles
        Sample Size      Variance    Kurtosis    Maximum  Min/Max      20%/60%    40%/80%    Median

     X1                   -0.003      -0.091      -3.540    0.10%      -0.756     -0.211      0.039
             971.000       0.836       0.265       2.801    0.10%       0.222      0.728
     X2                    0.000       0.059      -2.732    0.10%      -0.713     -0.211     -0.009
             971.000       0.848       0.269       3.079    0.10%       0.179      0.698
     X3                    0.001       0.007      -3.090    0.10%      -0.690     -0.216     -0.019
             971.000       0.844       0.498       2.792    0.10%       0.174      0.735
     Y1                    0.000       0.647      -1.361    0.82%      -0.714     -0.372     -0.139
             971.000       0.671      -0.161       2.447    0.10%       0.073      0.669
     Y2                    0.000       0.519      -1.447    1.03%      -0.756     -0.389     -0.139
             971.000       0.744      -0.415       2.501    0.10%       0.124      0.732
     Y3                    0.000       0.473      -1.410    1.44%      -0.720     -0.353     -0.151
             971.000       0.706      -0.249       2.551    0.10%       0.184      0.683
     M1                   -0.034      -0.538      -1.942    0.10%      -0.486     -0.142      0.034
             971.000       0.243      -0.181       0.793    1.24%       0.182      0.446
     M2                   -0.029      -0.424      -1.864    0.10%      -0.518     -0.166      0.029
             971.000       0.294      -0.219       0.934    2.37%       0.184      0.487
     M3                   -0.033      -0.375      -2.113    0.10%      -0.528     -0.198      0.016
             971.000       0.356      -0.467       1.004    2.16%       0.216      0.541
     GENDER1               0.646      -0.611       0.000   35.40%       0.000      1.000      1.000
             969.000       0.229      -1.627       1.000   64.60%       1.000      1.000
     AGE1                 15.638      -0.547      15.000   36.29%      15.000     16.000     16.000
             970.000       0.233      -1.625      17.000    0.10%      16.000     16.000
     EDUCATION_MOTHE       3.907      -0.084       1.000    0.31%       3.000      3.000      4.000
             965.000       0.945      -1.378       5.000   39.17%       4.000      5.000
     EDUCATION_FATHE       3.754       0.093       1.000    0.62%       3.000      3.000      3.000
             962.000       0.984      -1.211       5.000   33.78%       4.000      5.000
     UNEMPLOYED_MOTH       0.154       1.921       0.000   84.63%       0.000      0.000      0.000
             963.000       0.130       1.688       1.000   15.37%       0.000      0.000
     UNEMPLOYED_FATH       0.070       3.378       0.000   93.02%       0.000      0.000      0.000
             946.000       0.065       9.408       1.000    6.98%       0.000      0.000
     FIN1                  3.754      -0.071       1.000    0.31%       3.000      3.000      4.000
             965.000       0.726      -0.634       5.000   21.55%       4.000      5.000
     FIN2                  3.777      -0.071       1.000    0.42%       3.000      4.000      4.000
             962.000       0.685      -0.517       5.000   21.21%       4.000      5.000
     FIN3                  3.756      -0.179       1.000    0.94%       3.000      3.000      4.000
             962.000       0.750      -0.296       5.000   21.93%       4.000      5.000


THE MODEL ESTIMATION TERMINATED NORMALLY



MODEL FIT INFORMATION

Number of Free Parameters                      147

Loglikelihood

          H0 Value                      -15259.997
          H1 Value                      -15195.799

Information Criteria

          Akaike (AIC)                   30813.995
          Bayesian (BIC)                 31531.109
          Sample-Size Adjusted BIC       31064.237
            (n* = (n + 2) / 24)

Chi-Square Test of Model Fit

          Value                            128.398
          Degrees of Freedom                    42
          P-Value                           0.0000

RMSEA (Root Mean Square Error Of Approximation)

          Estimate                           0.046
          90 Percent C.I.                    0.037  0.055
          Probability RMSEA <= .05           0.752

CFI/TLI

          CFI                                0.976
          TLI                                0.932

Chi-Square Test of Model Fit for the Baseline Model

          Value                           3645.676
          Degrees of Freedom                   117
          P-Value                           0.0000

SRMR (Standardized Root Mean Square Residual)

          Value                              0.035



MODEL RESULTS

                                                    Two-Tailed
                    Estimate       S.E.  Est./S.E.    P-Value

 RIX      BY
    X1                 1.000      0.000    999.000    999.000
    X2                 1.000      0.000    999.000    999.000
    X3                 1.000      0.000    999.000    999.000

 RIY      BY
    Y1                 1.000      0.000    999.000    999.000
    Y2                 1.000      0.000    999.000    999.000
    Y3                 1.000      0.000    999.000    999.000

 RIM      BY
    M1                 1.000      0.000    999.000    999.000
    M2                 1.000      0.000    999.000    999.000
    M3                 1.000      0.000    999.000    999.000

 WX1      BY
    X1                 1.000      0.000    999.000    999.000

 WX2      BY
    X2                 1.000      0.000    999.000    999.000

 WX3      BY
    X3                 1.000      0.000    999.000    999.000

 WY1      BY
    Y1                 1.000      0.000    999.000    999.000

 WY2      BY
    Y2                 1.000      0.000    999.000    999.000

 WY3      BY
    Y3                 1.000      0.000    999.000    999.000

 WM1      BY
    M1                 1.000      0.000    999.000    999.000

 WM2      BY
    M2                 1.000      0.000    999.000    999.000

 WM3      BY
    M3                 1.000      0.000    999.000    999.000

 WY2      ON
    WY1                0.157      0.065      2.431      0.015
    WX1               -0.063      0.045     -1.398      0.162
    WM1               -0.029      0.056     -0.523      0.601

 WY3      ON
    WY2                0.157      0.065      2.431      0.015
    WX2               -0.063      0.045     -1.398      0.162
    WM2               -0.029      0.056     -0.523      0.601

 WX2      ON
    WX1                0.100      0.065      1.540      0.123
    WY1               -0.038      0.053     -0.720      0.472
    WM1                0.098      0.068      1.428      0.153

 WX3      ON
    WX2                0.100      0.065      1.540      0.123
    WY2               -0.038      0.053     -0.720      0.472
    WM2                0.098      0.068      1.428      0.153

 WM2      ON
    WM1                0.204      0.056      3.612      0.000
    WX1                0.012      0.037      0.338      0.736
    WY1               -0.043      0.032     -1.311      0.190

 WM3      ON
    WM2                0.204      0.056      3.612      0.000
    WX2                0.012      0.037      0.338      0.736
    WY2               -0.043      0.032     -1.311      0.190

 X1       ON
    GENDER1            0.222      0.061      3.616      0.000
    AGE1              -0.009      0.054     -0.177      0.860
    EDUCATION_         0.073      0.033      2.192      0.028
    EDUCATION_         0.145      0.035      4.195      0.000
    UNEMPLOYED         0.066      0.080      0.832      0.405
    UNEMPLOYED         0.136      0.099      1.377      0.168
    FIN1              -0.010      0.032     -0.303      0.762

 X2       ON
    GENDER1            0.128      0.062      2.065      0.039
    AGE1              -0.009      0.054     -0.172      0.863
    EDUCATION_         0.089      0.035      2.515      0.012
    EDUCATION_         0.149      0.035      4.324      0.000
    UNEMPLOYED         0.114      0.083      1.372      0.170
    UNEMPLOYED        -0.090      0.111     -0.807      0.420
    FIN2              -0.012      0.031     -0.392      0.695

 X3       ON
    GENDER1            0.060      0.062      0.958      0.338
    AGE1               0.005      0.053      0.102      0.919
    EDUCATION_         0.064      0.035      1.830      0.067
    EDUCATION_         0.105      0.034      3.062      0.002
    UNEMPLOYED         0.110      0.083      1.330      0.183
    UNEMPLOYED        -0.060      0.104     -0.577      0.564
    FIN3               0.009      0.031      0.278      0.781

 Y1       ON
    GENDER1            0.433      0.053      8.237      0.000
    AGE1              -0.009      0.047     -0.193      0.847
    EDUCATION_         0.011      0.032      0.342      0.732
    EDUCATION_        -0.015      0.031     -0.491      0.623
    UNEMPLOYED         0.007      0.074      0.094      0.925
    UNEMPLOYED        -0.128      0.098     -1.302      0.193
    FIN1              -0.136      0.027     -5.072      0.000

 Y2       ON
    GENDER1            0.441      0.056      7.895      0.000
    AGE1              -0.011      0.046     -0.246      0.806
    EDUCATION_         0.010      0.032      0.306      0.760
    EDUCATION_        -0.016      0.032     -0.511      0.609
    UNEMPLOYED         0.148      0.080      1.849      0.064
    UNEMPLOYED        -0.124      0.112     -1.108      0.268
    FIN2              -0.131      0.030     -4.431      0.000

 Y3       ON
    GENDER1            0.400      0.055      7.314      0.000
    AGE1              -0.004      0.046     -0.076      0.939
    EDUCATION_         0.021      0.032      0.667      0.505
    EDUCATION_        -0.022      0.030     -0.737      0.461
    UNEMPLOYED         0.058      0.078      0.734      0.463
    UNEMPLOYED        -0.189      0.102     -1.853      0.064
    FIN3              -0.159      0.028     -5.752      0.000

 M1       ON
    GENDER1            0.153      0.033      4.600      0.000
    AGE1               0.029      0.028      1.027      0.304
    EDUCATION_        -0.028      0.019     -1.484      0.138
    EDUCATION_         0.017      0.018      0.908      0.364
    UNEMPLOYED        -0.047      0.045     -1.034      0.301
    UNEMPLOYED         0.065      0.062      1.049      0.294
    FIN1               0.098      0.017      5.612      0.000

 M2       ON
    GENDER1            0.075      0.036      2.071      0.038
    AGE1               0.028      0.028      1.014      0.311
    EDUCATION_        -0.005      0.020     -0.233      0.816
    EDUCATION_        -0.013      0.020     -0.651      0.515
    UNEMPLOYED        -0.045      0.051     -0.869      0.385
    UNEMPLOYED         0.009      0.069      0.123      0.902
    FIN2               0.119      0.019      6.247      0.000

 M3       ON
    GENDER1            0.179      0.040      4.441      0.000
    AGE1               0.019      0.028      0.678      0.498
    EDUCATION_         0.002      0.023      0.092      0.927
    EDUCATION_         0.015      0.022      0.675      0.500
    UNEMPLOYED        -0.084      0.055     -1.533      0.125
    UNEMPLOYED         0.127      0.078      1.630      0.103
    FIN3               0.104      0.021      4.920      0.000

 RIX      WITH
    RIY                0.101      0.021      4.708      0.000
    RIM               -0.002      0.014     -0.170      0.865

 RIY      WITH
    RIM               -0.097      0.012     -7.867      0.000

 WX1      WITH
    WY1                0.008      0.017      0.451      0.652
    WM1                0.019      0.012      1.671      0.095

 WY1      WITH
    WM1               -0.021      0.012     -1.797      0.072

 WX2      WITH
    WY2                0.004      0.016      0.274      0.784
    WM2                0.001      0.011      0.087      0.931

 WY2      WITH
    WM2               -0.054      0.009     -5.760      0.000

 WX3      WITH
    WY3                0.004      0.016      0.274      0.784
    WM3                0.001      0.011      0.087      0.931

 WY3      WITH
    WM3               -0.054      0.009     -5.760      0.000

 GENDER1  WITH
    AGE1              -0.001      0.007     -0.098      0.922
    EDUCATION_        -0.036      0.015     -2.368      0.018
    EDUCATION_        -0.022      0.015     -1.489      0.137
    UNEMPLOYED        -0.003      0.006     -0.498      0.619
    UNEMPLOYED        -0.002      0.004     -0.415      0.678
    FIN1               0.014      0.013      1.083      0.279
    FIN2              -0.001      0.013     -0.078      0.938
    FIN3               0.006      0.014      0.441      0.659

 AGE1     WITH
    EDUCATION_        -0.037      0.015     -2.438      0.015
    EDUCATION_        -0.018      0.015     -1.175      0.240
    UNEMPLOYED         0.012      0.005      2.226      0.026
    UNEMPLOYED         0.002      0.004      0.386      0.700
    FIN1              -0.005      0.013     -0.409      0.683
    FIN2              -0.011      0.013     -0.826      0.409
    FIN3              -0.012      0.014     -0.913      0.361

 EDUCATIO WITH
    EDUCATION_         0.451      0.030     14.890      0.000
    UNEMPLOYED        -0.088      0.012     -7.481      0.000
    UNEMPLOYED        -0.024      0.009     -2.732      0.006
    FIN1               0.118      0.027      4.346      0.000
    FIN2               0.132      0.026      5.108      0.000
    FIN3               0.136      0.027      4.970      0.000

 EDUCATIO WITH
    UNEMPLOYED        -0.056      0.011     -4.920      0.000
    UNEMPLOYED        -0.030      0.007     -4.084      0.000
    FIN1               0.146      0.028      5.271      0.000
    FIN2               0.173      0.026      6.621      0.000
    FIN3               0.184      0.027      6.813      0.000

 UNEMPLOY WITH
    UNEMPLOYED         0.013      0.004      3.264      0.001
    FIN1              -0.033      0.011     -3.023      0.003
    FIN2              -0.029      0.010     -2.888      0.004
    FIN3              -0.040      0.010     -3.871      0.000

 UNEMPLOY WITH
    FIN1              -0.027      0.008     -3.184      0.001
    FIN2              -0.020      0.007     -2.991      0.003
    FIN3              -0.020      0.007     -2.669      0.008

 FIN1     WITH
    FIN2               0.504      0.025     20.363      0.000
    FIN3               0.484      0.025     19.215      0.000

 FIN2     WITH
    FIN3               0.504      0.024     20.765      0.000

 Means
    GENDER1            0.647      0.015     42.489      0.000
    AGE1              15.638      0.016   1007.178      0.000
    EDUCATION_         3.907      0.031    124.317      0.000
    EDUCATION_         3.754      0.032    116.448      0.000
    UNEMPLOYED         0.154      0.012     13.355      0.000
    UNEMPLOYED         0.070      0.008      8.379      0.000
    FIN1               3.755      0.027    138.325      0.000
    FIN2               3.776      0.027    141.597      0.000
    FIN3               3.753      0.028    133.418      0.000

 Intercepts
    X1                -0.812      0.862     -0.942      0.346
    X2                -0.812      0.862     -0.942      0.346
    X3                -0.812      0.862     -0.942      0.346
    Y1                 0.395      0.743      0.532      0.595
    Y2                 0.395      0.743      0.532      0.595
    Y3                 0.395      0.743      0.532      0.595
    M1                -0.897      0.450     -1.995      0.046
    M2                -0.897      0.450     -1.995      0.046
    M3                -0.897      0.450     -1.995      0.046

 Variances
    GENDER1            0.229      0.004     51.246      0.000
    AGE1               0.233      0.005     50.730      0.000
    EDUCATION_         0.946      0.024     38.627      0.000
    EDUCATION_         0.983      0.028     34.928      0.000
    UNEMPLOYED         0.130      0.008     16.318      0.000
    UNEMPLOYED         0.065      0.007      9.065      0.000
    FIN1               0.727      0.028     26.418      0.000
    FIN2               0.684      0.027     25.741      0.000
    FIN3               0.750      0.032     23.570      0.000
    RIX                0.456      0.035     12.900      0.000
    RIY                0.324      0.028     11.680      0.000
    RIM                0.108      0.011      9.636      0.000
    WX1                0.363      0.033     10.860      0.000
    WY1                0.267      0.024     10.965      0.000
    WM1                0.118      0.011     10.414      0.000

 Residual Variances
    X1                 0.000      0.000    999.000    999.000
    X2                 0.000      0.000    999.000    999.000
    X3                 0.000      0.000    999.000    999.000
    Y1                 0.000      0.000    999.000    999.000
    Y2                 0.000      0.000    999.000    999.000
    Y3                 0.000      0.000    999.000    999.000
    M1                 0.000      0.000    999.000    999.000
    M2                 0.000      0.000    999.000    999.000
    M3                 0.000      0.000    999.000    999.000
    WX2                0.340      0.026     13.327      0.000
    WX3                0.340      0.026     13.327      0.000
    WY2                0.317      0.018     17.173      0.000
    WY3                0.317      0.018     17.173      0.000
    WM2                0.185      0.009     21.234      0.000
    WM3                0.185      0.009     21.234      0.000

New/Additional Parameters
    IND                0.000      0.002     -0.159      0.874


STANDARDIZED MODEL RESULTS


STDYX Standardization

                                                    Two-Tailed
                    Estimate       S.E.  Est./S.E.    P-Value

 RIX      BY
    X1                 0.728      0.023     32.077      0.000
    X2                 0.735      0.024     31.047      0.000
    X3                 0.744      0.024     31.133      0.000

 RIY      BY
    Y1                 0.708      0.026     27.208      0.000
    Y2                 0.676      0.025     27.317      0.000
    Y3                 0.676      0.025     26.868      0.000

 RIM      BY
    M1                 0.672      0.033     20.540      0.000
    M2                 0.591      0.027     21.603      0.000
    M3                 0.581      0.029     20.334      0.000

 WX1      BY
    X1                 0.649      0.024     26.527      0.000

 WX2      BY
    X2                 0.640      0.027     23.950      0.000

 WX3      BY
    X3                 0.648      0.027     23.968      0.000

 WY1      BY
    Y1                 0.643      0.027     23.933      0.000

 WY2      BY
    Y2                 0.677      0.023     28.949      0.000

 WY3      BY
    Y3                 0.680      0.024     28.264      0.000

 WM1      BY
    M1                 0.701      0.030     23.328      0.000

 WM2      BY
    M2                 0.784      0.021     37.928      0.000

 WM3      BY
    M3                 0.778      0.021     36.783      0.000

 WY2      ON
    WY1                0.143      0.059      2.410      0.016
    WX1               -0.067      0.048     -1.402      0.161
    WM1               -0.018      0.034     -0.524      0.600

 WY3      ON
    WY2                0.157      0.064      2.446      0.014
    WX2               -0.065      0.047     -1.394      0.163
    WM2               -0.022      0.043     -0.525      0.600

 WX2      ON
    WX1                0.102      0.064      1.602      0.109
    WY1               -0.034      0.047     -0.719      0.472
    WM1                0.057      0.040      1.421      0.155

 WX3      ON
    WX2                0.099      0.064      1.544      0.123
    WY2               -0.037      0.051     -0.722      0.470
    WM2                0.072      0.050      1.437      0.151

 WM2      ON
    WM1                0.161      0.046      3.457      0.001
    WX1                0.017      0.051      0.336      0.737
    WY1               -0.050      0.039     -1.306      0.191

 WM3      ON
    WM2                0.202      0.055      3.673      0.000
    WX2                0.017      0.049      0.338      0.736
    WY2               -0.055      0.042     -1.305      0.192

 X1       ON
    GENDER1            0.114      0.031      3.650      0.000
    AGE1              -0.005      0.028     -0.177      0.860
    EDUCATION_         0.077      0.035      2.196      0.028
    EDUCATION_         0.155      0.036      4.265      0.000
    UNEMPLOYED         0.026      0.031      0.835      0.404
    UNEMPLOYED         0.037      0.027      1.387      0.166
    FIN1              -0.009      0.029     -0.304      0.761

 X2       ON
    GENDER1            0.066      0.032      2.073      0.038
    AGE1              -0.005      0.028     -0.172      0.863
    EDUCATION_         0.095      0.037      2.521      0.012
    EDUCATION_         0.161      0.036      4.445      0.000
    UNEMPLOYED         0.045      0.032      1.380      0.168
    UNEMPLOYED        -0.025      0.031     -0.813      0.416
    FIN2              -0.011      0.028     -0.392      0.695

 X3       ON
    GENDER1            0.031      0.033      0.960      0.337
    AGE1               0.003      0.028      0.102      0.919
    EDUCATION_         0.069      0.038      1.831      0.067
    EDUCATION_         0.114      0.037      3.100      0.002
    UNEMPLOYED         0.044      0.033      1.338      0.181
    UNEMPLOYED        -0.017      0.029     -0.582      0.561
    FIN3               0.008      0.030      0.278      0.781

 Y1       ON
    GENDER1            0.258      0.031      8.424      0.000
    AGE1              -0.005      0.028     -0.193      0.847
    EDUCATION_         0.013      0.038      0.342      0.732
    EDUCATION_        -0.019      0.039     -0.492      0.623
    UNEMPLOYED         0.003      0.033      0.095      0.925
    UNEMPLOYED        -0.041      0.031     -1.309      0.190
    FIN1              -0.144      0.029     -5.050      0.000

 Y2       ON
    GENDER1            0.250      0.031      8.067      0.000
    AGE1              -0.007      0.026     -0.246      0.806
    EDUCATION_         0.011      0.037      0.306      0.760
    EDUCATION_        -0.019      0.038     -0.512      0.609
    UNEMPLOYED         0.063      0.034      1.859      0.063
    UNEMPLOYED        -0.037      0.034     -1.115      0.265
    FIN2              -0.128      0.029     -4.414      0.000

 Y3       ON
    GENDER1            0.228      0.031      7.381      0.000
    AGE1              -0.002      0.027     -0.076      0.939
    EDUCATION_         0.025      0.037      0.669      0.504
    EDUCATION_        -0.026      0.035     -0.738      0.460
    UNEMPLOYED         0.025      0.034      0.736      0.462
    UNEMPLOYED        -0.057      0.031     -1.866      0.062
    FIN3              -0.163      0.029     -5.692      0.000

 M1       ON
    GENDER1            0.149      0.032      4.623      0.000
    AGE1               0.028      0.028      1.028      0.304
    EDUCATION_        -0.056      0.038     -1.493      0.135
    EDUCATION_         0.033      0.037      0.910      0.363
    UNEMPLOYED        -0.035      0.033     -1.037      0.300
    UNEMPLOYED         0.034      0.032      1.057      0.290
    FIN1               0.170      0.030      5.623      0.000

 M2       ON
    GENDER1            0.064      0.031      2.068      0.039
    AGE1               0.025      0.024      1.012      0.312
    EDUCATION_        -0.008      0.035     -0.233      0.816
    EDUCATION_        -0.023      0.036     -0.651      0.515
    UNEMPLOYED        -0.029      0.033     -0.872      0.383
    UNEMPLOYED         0.004      0.032      0.124      0.901
    FIN2               0.177      0.028      6.220      0.000

 M3       ON
    GENDER1            0.151      0.034      4.481      0.000
    AGE1               0.016      0.024      0.677      0.498
    EDUCATION_         0.004      0.040      0.092      0.927
    EDUCATION_         0.026      0.039      0.675      0.500
    UNEMPLOYED        -0.053      0.034     -1.543      0.123
    UNEMPLOYED         0.057      0.035      1.638      0.101
    FIN3               0.159      0.032      4.998      0.000

 RIX      WITH
    RIY                0.263      0.056      4.685      0.000
    RIM               -0.010      0.063     -0.166      0.868

 RIY      WITH
    RIM               -0.518      0.053     -9.783      0.000

 WX1      WITH
    WY1                0.025      0.056      0.451      0.652
    WM1                0.094      0.056      1.691      0.091

 WY1      WITH
    WM1               -0.117      0.062     -1.866      0.062

 WX2      WITH
    WY2                0.013      0.050      0.270      0.787
    WM2                0.004      0.046      0.085      0.932

 WY2      WITH
    WM2               -0.225      0.037     -6.151      0.000

 WX3      WITH
    WY3                0.013      0.050      0.270      0.787
    WM3                0.004      0.046      0.085      0.932

 WY3      WITH
    WM3               -0.225      0.037     -6.151      0.000

 GENDER1  WITH
    AGE1              -0.003      0.032     -0.098      0.922
    EDUCATION_        -0.076      0.032     -2.363      0.018
    EDUCATION_        -0.047      0.031     -1.489      0.137
    UNEMPLOYED        -0.016      0.032     -0.497      0.619
    UNEMPLOYED        -0.014      0.033     -0.415      0.678
    FIN1               0.035      0.032      1.084      0.279
    FIN2              -0.003      0.033     -0.078      0.938
    FIN3               0.014      0.033      0.441      0.659

 AGE1     WITH
    EDUCATION_        -0.078      0.032     -2.435      0.015
    EDUCATION_        -0.038      0.032     -1.174      0.241
    UNEMPLOYED         0.069      0.031      2.240      0.025
    UNEMPLOYED         0.012      0.032      0.385      0.700
    FIN1              -0.013      0.032     -0.408      0.683
    FIN2              -0.027      0.032     -0.826      0.409
    FIN3              -0.030      0.032     -0.914      0.361

 EDUCATIO WITH
    EDUCATION_         0.468      0.028     16.494      0.000
    UNEMPLOYED        -0.250      0.030     -8.358      0.000
    UNEMPLOYED        -0.095      0.034     -2.828      0.005
    FIN1               0.142      0.032      4.426      0.000
    FIN2               0.164      0.031      5.203      0.000
    FIN3               0.161      0.032      5.029      0.000

 EDUCATIO WITH
    UNEMPLOYED        -0.158      0.031     -5.157      0.000
    UNEMPLOYED        -0.121      0.027     -4.457      0.000
    FIN1               0.173      0.032      5.321      0.000
    FIN2               0.211      0.031      6.846      0.000
    FIN3               0.214      0.031      7.020      0.000

 UNEMPLOY WITH
    UNEMPLOYED         0.146      0.042      3.471      0.001
    FIN1              -0.108      0.035     -3.083      0.002
    FIN2              -0.097      0.033     -2.924      0.003
    FIN3              -0.130      0.033     -3.984      0.000

 UNEMPLOY WITH
    FIN1              -0.122      0.036     -3.367      0.001
    FIN2              -0.094      0.030     -3.136      0.002
    FIN3              -0.091      0.033     -2.768      0.006

 FIN1     WITH
    FIN2               0.715      0.019     38.296      0.000
    FIN3               0.655      0.024     27.848      0.000

 FIN2     WITH
    FIN3               0.703      0.021     33.393      0.000

 Means
    GENDER1            1.352      0.045     29.956      0.000
    AGE1              32.399      0.350     92.493      0.000
    EDUCATION_         4.017      0.064     62.478      0.000
    EDUCATION_         3.785      0.060     63.218      0.000
    UNEMPLOYED         0.426      0.019     22.549      0.000
    UNEMPLOYED         0.275      0.018     15.512      0.000
    FIN1               4.404      0.091     48.140      0.000
    FIN2               4.567      0.096     47.400      0.000
    FIN3               4.334      0.102     42.331      0.000

 Intercepts
    X1                -0.875      0.930     -0.941      0.347
    X2                -0.883      0.937     -0.943      0.346
    X3                -0.894      0.948     -0.943      0.345
    Y1                 0.492      0.923      0.533      0.594
    Y2                 0.469      0.882      0.532      0.595
    Y3                 0.470      0.883      0.532      0.595
    M1                -1.830      0.914     -2.001      0.045
    M2                -1.611      0.810     -1.990      0.047
    M3                -1.584      0.795     -1.991      0.046

 Variances
    GENDER1            1.000      0.000    999.000    999.000
    AGE1               1.000      0.000    999.000    999.000
    EDUCATION_         1.000      0.000    999.000    999.000
    EDUCATION_         1.000      0.000    999.000    999.000
    UNEMPLOYED         1.000      0.000    999.000    999.000
    UNEMPLOYED         1.000      0.000    999.000    999.000
    FIN1               1.000      0.000    999.000    999.000
    FIN2               1.000      0.000    999.000    999.000
    FIN3               1.000      0.000    999.000    999.000
    RIX                1.000      0.000    999.000    999.000
    RIY                1.000      0.000    999.000    999.000
    RIM                1.000      0.000    999.000    999.000
    WX1                1.000      0.000    999.000    999.000
    WY1                1.000      0.000    999.000    999.000
    WM1                1.000      0.000    999.000    999.000

 Residual Variances
    X1                 0.000      0.000      0.000      1.000
    X2                 0.000      0.000      0.000      1.000
    X3                 0.000      0.000      0.000      1.000
    Y1                 0.000      0.000      0.000      1.000
    Y2                 0.000      0.000      0.000      1.000
    Y3                 0.000      0.000      0.000      1.000
    M1                 0.000      0.000      0.000      1.000
    M2                 0.000      0.000      0.000      1.000
    M3                 0.000      0.000      0.000      1.000
    WX2                0.984      0.017     57.557      0.000
    WX3                0.982      0.020     49.559      0.000
    WY2                0.975      0.019     50.454      0.000
    WY3                0.969      0.023     41.571      0.000
    WM2                0.969      0.017     57.647      0.000
    WM3                0.951      0.025     38.235      0.000


R-SQUARE

    Observed                                        Two-Tailed
    Variable        Estimate       S.E.  Est./S.E.    P-Value

    X1                 1.000      0.000    999.000    999.000
    X2                 1.000      0.000    999.000    999.000
    X3                 1.000      0.000    999.000    999.000
    Y1                 1.000      0.000    999.000    999.000
    Y2                 1.000      0.000    999.000    999.000
    Y3                 1.000      0.000    999.000    999.000
    M1                 1.000      0.000    999.000    999.000
    M2                 1.000      0.000    999.000    999.000
    M3                 1.000      0.000    999.000    999.000

     Latent                                         Two-Tailed
    Variable        Estimate       S.E.  Est./S.E.    P-Value

    WX2                0.016      0.017      0.946      0.344
    WX3                0.018      0.020      0.911      0.363
    WY2                0.025      0.019      1.317      0.188
    WY3                0.031      0.023      1.330      0.183
    WM2                0.031      0.017      1.846      0.065
    WM3                0.049      0.025      1.990      0.047


CONFIDENCE INTERVALS OF MODEL RESULTS

                  Lower .5%  Lower 2.5%    Lower 5%    Estimate    Upper 5%  Upper 2.5%   Upper .5%

 RIX      BY
    X1               1.000       1.000       1.000       1.000       1.000       1.000       1.000
    X2               1.000       1.000       1.000       1.000       1.000       1.000       1.000
    X3               1.000       1.000       1.000       1.000       1.000       1.000       1.000

 RIY      BY
    Y1               1.000       1.000       1.000       1.000       1.000       1.000       1.000
    Y2               1.000       1.000       1.000       1.000       1.000       1.000       1.000
    Y3               1.000       1.000       1.000       1.000       1.000       1.000       1.000

 RIM      BY
    M1               1.000       1.000       1.000       1.000       1.000       1.000       1.000
    M2               1.000       1.000       1.000       1.000       1.000       1.000       1.000
    M3               1.000       1.000       1.000       1.000       1.000       1.000       1.000

 WX1      BY
    X1               1.000       1.000       1.000       1.000       1.000       1.000       1.000

 WX2      BY
    X2               1.000       1.000       1.000       1.000       1.000       1.000       1.000

 WX3      BY
    X3               1.000       1.000       1.000       1.000       1.000       1.000       1.000

 WY1      BY
    Y1               1.000       1.000       1.000       1.000       1.000       1.000       1.000

 WY2      BY
    Y2               1.000       1.000       1.000       1.000       1.000       1.000       1.000

 WY3      BY
    Y3               1.000       1.000       1.000       1.000       1.000       1.000       1.000

 WM1      BY
    M1               1.000       1.000       1.000       1.000       1.000       1.000       1.000

 WM2      BY
    M2               1.000       1.000       1.000       1.000       1.000       1.000       1.000

 WM3      BY
    M3               1.000       1.000       1.000       1.000       1.000       1.000       1.000

 WY2      ON
    WY1             -0.009       0.032       0.052       0.157       0.266       0.287       0.326
    WX1             -0.177      -0.150      -0.136      -0.063       0.013       0.027       0.055
    WM1             -0.171      -0.139      -0.120      -0.029       0.066       0.083       0.117

 WY3      ON
    WY2             -0.009       0.032       0.052       0.157       0.266       0.287       0.326
    WX2             -0.177      -0.150      -0.136      -0.063       0.013       0.027       0.055
    WM2             -0.171      -0.139      -0.120      -0.029       0.066       0.083       0.117

 WX2      ON
    WX1             -0.051      -0.019      -0.001       0.100       0.211       0.234       0.285
    WY1             -0.172      -0.141      -0.124      -0.038       0.051       0.068       0.104
    WM1             -0.083      -0.035      -0.013       0.098       0.208       0.231       0.276

 WX3      ON
    WX2             -0.051      -0.019      -0.001       0.100       0.211       0.234       0.285
    WY2             -0.172      -0.141      -0.124      -0.038       0.051       0.068       0.104
    WM2             -0.083      -0.035      -0.013       0.098       0.208       0.231       0.276

 WM2      ON
    WM1              0.051       0.090       0.109       0.204       0.294       0.313       0.349
    WX1             -0.080      -0.058      -0.047       0.012       0.074       0.086       0.110
    WY1             -0.122      -0.105      -0.095      -0.043       0.013       0.023       0.043

 WM3      ON
    WM2              0.051       0.090       0.109       0.204       0.294       0.313       0.349
    WX2             -0.080      -0.058      -0.047       0.012       0.074       0.086       0.110
    WY2             -0.122      -0.105      -0.095      -0.043       0.013       0.023       0.043

 X1       ON
    GENDER1          0.068       0.102       0.119       0.222       0.322       0.341       0.378
    AGE1            -0.149      -0.115      -0.098      -0.009       0.079       0.095       0.127
    EDUCATION_      -0.014       0.007       0.018       0.073       0.128       0.139       0.159
    EDUCATION_       0.056       0.077       0.089       0.145       0.204       0.214       0.233
    UNEMPLOYED      -0.140      -0.086      -0.060       0.066       0.201       0.226       0.271
    UNEMPLOYED      -0.120      -0.056      -0.025       0.136       0.300       0.331       0.397
    FIN1            -0.093      -0.071      -0.062      -0.010       0.044       0.053       0.071

 X2       ON
    GENDER1         -0.035       0.008       0.026       0.128       0.231       0.249       0.283
    AGE1            -0.147      -0.116      -0.098      -0.009       0.080       0.097       0.127
    EDUCATION_      -0.005       0.018       0.030       0.089       0.147       0.159       0.179
    EDUCATION_       0.060       0.083       0.094       0.149       0.206       0.218       0.238
    UNEMPLOYED      -0.100      -0.047      -0.021       0.114       0.253       0.281       0.329
    UNEMPLOYED      -0.382      -0.311      -0.275      -0.090       0.091       0.128       0.200
    FIN2            -0.093      -0.073      -0.062      -0.012       0.038       0.048       0.067

 X3       ON
    GENDER1         -0.100      -0.062      -0.043       0.060       0.162       0.182       0.220
    AGE1            -0.132      -0.100      -0.081       0.005       0.093       0.110       0.144
    EDUCATION_      -0.026      -0.005       0.005       0.064       0.120       0.132       0.154
    EDUCATION_       0.016       0.038       0.049       0.105       0.161       0.172       0.193
    UNEMPLOYED      -0.104      -0.050      -0.025       0.110       0.247       0.276       0.330
    UNEMPLOYED      -0.329      -0.267      -0.233      -0.060       0.111       0.142       0.218
    FIN3            -0.071      -0.053      -0.042       0.009       0.061       0.071       0.093

 Y1       ON
    GENDER1          0.296       0.330       0.347       0.433       0.520       0.536       0.566
    AGE1            -0.129      -0.099      -0.084      -0.009       0.069       0.085       0.114
    EDUCATION_      -0.071      -0.051      -0.041       0.011       0.064       0.074       0.095
    EDUCATION_      -0.096      -0.076      -0.067      -0.015       0.035       0.045       0.064
    UNEMPLOYED      -0.176      -0.137      -0.115       0.007       0.129       0.155       0.203
    UNEMPLOYED      -0.378      -0.318      -0.287      -0.128       0.034       0.067       0.131
    FIN1            -0.207      -0.188      -0.180      -0.136      -0.091      -0.084      -0.067

 Y2       ON
    GENDER1          0.296       0.331       0.349       0.441       0.532       0.549       0.586
    AGE1            -0.130      -0.101      -0.087      -0.011       0.066       0.081       0.111
    EDUCATION_      -0.073      -0.053      -0.043       0.010       0.061       0.072       0.092
    EDUCATION_      -0.100      -0.080      -0.070      -0.016       0.036       0.046       0.067
    UNEMPLOYED      -0.055      -0.008       0.015       0.148       0.278       0.306       0.358
    UNEMPLOYED      -0.405      -0.339      -0.304      -0.124       0.062       0.100       0.171
    FIN2            -0.208      -0.190      -0.180      -0.131      -0.083      -0.074      -0.056

 Y3       ON
    GENDER1          0.260       0.292       0.311       0.400       0.491       0.507       0.541
    AGE1            -0.122      -0.093      -0.079      -0.004       0.073       0.090       0.119
    EDUCATION_      -0.058      -0.041      -0.030       0.021       0.074       0.085       0.105
    EDUCATION_      -0.098      -0.081      -0.072      -0.022       0.027       0.038       0.057
    UNEMPLOYED      -0.140      -0.095      -0.070       0.058       0.187       0.214       0.263
    UNEMPLOYED      -0.452      -0.389      -0.356      -0.189      -0.021       0.012       0.083
    FIN3            -0.230      -0.213      -0.204      -0.159      -0.114      -0.105      -0.087

 M1       ON
    GENDER1          0.067       0.087       0.097       0.153       0.207       0.217       0.236
    AGE1            -0.042      -0.026      -0.017       0.029       0.075       0.084       0.102
    EDUCATION_      -0.079      -0.066      -0.060      -0.028       0.003       0.009       0.020
    EDUCATION_      -0.031      -0.019      -0.013       0.017       0.047       0.052       0.064
    UNEMPLOYED      -0.166      -0.137      -0.122      -0.047       0.026       0.042       0.072
    UNEMPLOYED      -0.099      -0.059      -0.038       0.065       0.166       0.184       0.224
    FIN1             0.052       0.064       0.069       0.098       0.126       0.132       0.142

 M2       ON
    GENDER1         -0.022       0.003       0.015       0.075       0.134       0.146       0.168
    AGE1            -0.041      -0.026      -0.017       0.028       0.075       0.084       0.101
    EDUCATION_      -0.056      -0.044      -0.038      -0.005       0.029       0.035       0.049
    EDUCATION_      -0.064      -0.053      -0.046      -0.013       0.020       0.027       0.036
    UNEMPLOYED      -0.178      -0.146      -0.129      -0.045       0.041       0.057       0.089
    UNEMPLOYED      -0.171      -0.130      -0.107       0.009       0.123       0.144       0.187
    FIN2             0.071       0.081       0.087       0.119       0.150       0.156       0.169

 M3       ON
    GENDER1          0.075       0.099       0.113       0.179       0.245       0.258       0.283
    AGE1            -0.051      -0.036      -0.027       0.019       0.066       0.075       0.092
    EDUCATION_      -0.059      -0.043      -0.036       0.002       0.040       0.047       0.061
    EDUCATION_      -0.040      -0.029      -0.021       0.015       0.052       0.059       0.073
    UNEMPLOYED      -0.227      -0.192      -0.173      -0.084       0.006       0.021       0.052
    UNEMPLOYED      -0.078      -0.027      -0.002       0.127       0.253       0.280       0.327
    FIN3             0.050       0.063       0.070       0.104       0.139       0.146       0.158

 RIX      WITH
    RIY              0.046       0.059       0.066       0.101       0.136       0.143       0.158
    RIM             -0.038      -0.029      -0.025      -0.002       0.020       0.024       0.033

 RIY      WITH
    RIM             -0.129      -0.121      -0.117      -0.097      -0.076      -0.072      -0.065

 WX1      WITH
    WY1             -0.037      -0.027      -0.021       0.008       0.036       0.042       0.052
    WM1             -0.010      -0.003       0.001       0.019       0.039       0.043       0.051

 WY1      WITH
    WM1             -0.051      -0.044      -0.040      -0.021      -0.002       0.002       0.009

 WX2      WITH
    WY2             -0.036      -0.027      -0.022       0.004       0.031       0.036       0.046
    WM2             -0.028      -0.021      -0.018       0.001       0.020       0.024       0.030

 WY2      WITH
    WM2             -0.076      -0.071      -0.069      -0.054      -0.037      -0.034      -0.028

 WX3      WITH
    WY3             -0.036      -0.027      -0.022       0.004       0.031       0.036       0.046
    WM3             -0.028      -0.021      -0.018       0.001       0.020       0.024       0.030

 WY3      WITH
    WM3             -0.076      -0.071      -0.069      -0.054      -0.037      -0.034      -0.028

 GENDER1  WITH
    AGE1            -0.020      -0.015      -0.013      -0.001       0.011       0.014       0.018
    EDUCATION_      -0.073      -0.065      -0.060      -0.036      -0.011      -0.006       0.004
    EDUCATION_      -0.060      -0.051      -0.046      -0.022       0.003       0.007       0.017
    UNEMPLOYED      -0.017      -0.014      -0.012      -0.003       0.006       0.008       0.011
    UNEMPLOYED      -0.012      -0.010      -0.008      -0.002       0.005       0.006       0.009
    FIN1            -0.019      -0.012      -0.008       0.014       0.035       0.040       0.048
    FIN2            -0.035      -0.027      -0.022      -0.001       0.020       0.024       0.032
    FIN3            -0.030      -0.021      -0.017       0.006       0.028       0.032       0.040

 AGE1     WITH
    EDUCATION_      -0.075      -0.067      -0.061      -0.037      -0.012      -0.007       0.002
    EDUCATION_      -0.057      -0.048      -0.044      -0.018       0.007       0.012       0.023
    UNEMPLOYED      -0.002       0.001       0.003       0.012       0.021       0.022       0.025
    UNEMPLOYED      -0.009      -0.006      -0.005       0.002       0.008       0.009       0.012
    FIN1            -0.039      -0.031      -0.027      -0.005       0.016       0.020       0.028
    FIN2            -0.044      -0.036      -0.032      -0.011       0.010       0.015       0.022
    FIN3            -0.047      -0.038      -0.035      -0.012       0.010       0.014       0.023

 EDUCATIO WITH
    EDUCATION_       0.372       0.392       0.402       0.451       0.501       0.510       0.529
    UNEMPLOYED      -0.119      -0.111      -0.107      -0.088      -0.068      -0.065      -0.058
    UNEMPLOYED      -0.046      -0.040      -0.037      -0.024      -0.010      -0.007      -0.001
    FIN1             0.048       0.064       0.073       0.118       0.162       0.170       0.189
    FIN2             0.066       0.081       0.089       0.132       0.174       0.182       0.197
    FIN3             0.066       0.083       0.091       0.136       0.180       0.189       0.205

 EDUCATIO WITH
    UNEMPLOYED      -0.086      -0.079      -0.075      -0.056      -0.038      -0.034      -0.027
    UNEMPLOYED      -0.050      -0.045      -0.043      -0.030      -0.018      -0.016      -0.012
    FIN1             0.075       0.091       0.100       0.146       0.191       0.201       0.217
    FIN2             0.109       0.122       0.130       0.173       0.216       0.225       0.241
    FIN3             0.113       0.131       0.140       0.184       0.229       0.237       0.254

 UNEMPLOY WITH
    UNEMPLOYED       0.003       0.006       0.007       0.013       0.020       0.022       0.024
    FIN1            -0.062      -0.055      -0.051      -0.033      -0.015      -0.012      -0.006
    FIN2            -0.055      -0.048      -0.046      -0.029      -0.013      -0.009      -0.004
    FIN3            -0.068      -0.061      -0.058      -0.040      -0.023      -0.020      -0.014

 UNEMPLOY WITH
    FIN1            -0.048      -0.043      -0.040      -0.027      -0.013      -0.010      -0.005
    FIN2            -0.037      -0.033      -0.031      -0.020      -0.009      -0.007      -0.003
    FIN3            -0.039      -0.035      -0.032      -0.020      -0.008      -0.006      -0.001

 FIN1     WITH
    FIN2             0.440       0.456       0.463       0.504       0.545       0.553       0.568
    FIN3             0.419       0.434       0.442       0.484       0.525       0.532       0.551

 FIN2     WITH
    FIN3             0.441       0.456       0.463       0.504       0.544       0.552       0.567

 Means
    GENDER1          0.608       0.617       0.621       0.647       0.671       0.676       0.686
    AGE1            15.598      15.608      15.612      15.638      15.663      15.669      15.679
    EDUCATION_       3.827       3.846       3.856       3.907       3.959       3.969       3.988
    EDUCATION_       3.670       3.690       3.700       3.754       3.806       3.816       3.837
    UNEMPLOYED       0.124       0.132       0.135       0.154       0.172       0.176       0.183
    UNEMPLOYED       0.049       0.054       0.056       0.070       0.084       0.087       0.092
    FIN1             3.683       3.702       3.711       3.755       3.800       3.808       3.826
    FIN2             3.708       3.724       3.733       3.776       3.820       3.829       3.844
    FIN3             3.681       3.698       3.706       3.753       3.799       3.808       3.823

 Intercepts
    X1              -3.008      -2.502      -2.223      -0.812       0.598       0.890       1.411
    X2              -3.008      -2.502      -2.223      -0.812       0.598       0.890       1.411
    X3              -3.008      -2.502      -2.223      -0.812       0.598       0.890       1.411
    Y1              -1.563      -1.081      -0.856       0.395       1.603       1.823       2.311
    Y2              -1.563      -1.081      -0.856       0.395       1.603       1.823       2.311
    Y3              -1.563      -1.081      -0.856       0.395       1.603       1.823       2.311
    M1              -2.065      -1.775      -1.639      -0.897      -0.163      -0.029       0.241
    M2              -2.065      -1.775      -1.639      -0.897      -0.163      -0.029       0.241
    M3              -2.065      -1.775      -1.639      -0.897      -0.163      -0.029       0.241

 Variances
    GENDER1          0.216       0.219       0.221       0.229       0.235       0.236       0.239
    AGE1             0.220       0.223       0.225       0.233       0.240       0.241       0.244
    EDUCATION_       0.886       0.900       0.907       0.946       0.986       0.996       1.013
    EDUCATION_       0.913       0.929       0.937       0.983       1.030       1.039       1.058
    UNEMPLOYED       0.109       0.114       0.117       0.130       0.143       0.145       0.150
    UNEMPLOYED       0.047       0.051       0.053       0.065       0.077       0.079       0.083
    FIN1             0.658       0.672       0.681       0.727       0.771       0.780       0.798
    FIN2             0.617       0.632       0.640       0.684       0.727       0.737       0.753
    FIN3             0.670       0.688       0.697       0.750       0.803       0.813       0.834
    RIX              0.359       0.381       0.392       0.456       0.509       0.520       0.540
    RIY              0.247       0.264       0.273       0.324       0.364       0.373       0.390
    RIM              0.076       0.085       0.089       0.108       0.126       0.129       0.136
    WX1              0.282       0.300       0.309       0.363       0.419       0.431       0.454
    WY1              0.212       0.224       0.230       0.267       0.310       0.320       0.341
    WM1              0.091       0.097       0.100       0.118       0.137       0.141       0.151

 Residual Variances
    X1               0.000       0.000       0.000       0.000       0.000       0.000       0.000
    X2               0.000       0.000       0.000       0.000       0.000       0.000       0.000
    X3               0.000       0.000       0.000       0.000       0.000       0.000       0.000
    Y1               0.000       0.000       0.000       0.000       0.000       0.000       0.000
    Y2               0.000       0.000       0.000       0.000       0.000       0.000       0.000
    Y3               0.000       0.000       0.000       0.000       0.000       0.000       0.000
    M1               0.000       0.000       0.000       0.000       0.000       0.000       0.000
    M2               0.000       0.000       0.000       0.000       0.000       0.000       0.000
    M3               0.000       0.000       0.000       0.000       0.000       0.000       0.000
    WX2              0.275       0.289       0.296       0.340       0.380       0.389       0.404
    WX3              0.275       0.289       0.296       0.340       0.380       0.389       0.404
    WY2              0.266       0.277       0.283       0.317       0.344       0.350       0.360
    WY3              0.266       0.277       0.283       0.317       0.344       0.350       0.360
    WM2              0.160       0.165       0.168       0.185       0.197       0.200       0.205
    WM3              0.160       0.165       0.168       0.185       0.197       0.200       0.205

New/Additional Parameters
    IND             -0.009      -0.006      -0.004       0.000       0.003       0.005       0.007


CONFIDENCE INTERVALS OF STANDARDIZED MODEL RESULTS


STDYX Standardization

                  Lower .5%  Lower 2.5%    Lower 5%    Estimate    Upper 5%  Upper 2.5%   Upper .5%

 RIX      BY
    X1               0.659       0.677       0.686       0.728       0.760       0.766       0.777
    X2               0.661       0.680       0.689       0.735       0.767       0.773       0.784
    X3               0.669       0.688       0.697       0.744       0.776       0.781       0.792

 RIY      BY
    Y1               0.624       0.646       0.657       0.708       0.742       0.749       0.760
    Y2               0.599       0.619       0.628       0.676       0.709       0.716       0.729
    Y3               0.599       0.618       0.627       0.676       0.710       0.717       0.730

 RIM      BY
    M1               0.571       0.598       0.610       0.672       0.717       0.726       0.742
    M2               0.505       0.530       0.541       0.591       0.630       0.637       0.650
    M3               0.491       0.516       0.528       0.581       0.621       0.629       0.643

 WX1      BY
    X1               0.586       0.601       0.609       0.649       0.689       0.696       0.713

 WX2      BY
    X2               0.577       0.589       0.596       0.640       0.685       0.694       0.713

 WX3      BY
    X3               0.584       0.597       0.605       0.648       0.694       0.703       0.723

 WY1      BY
    Y1               0.578       0.592       0.601       0.643       0.689       0.699       0.716

 WY2      BY
    Y2               0.617       0.632       0.639       0.677       0.716       0.723       0.738

 WY3      BY
    Y3               0.619       0.633       0.641       0.680       0.720       0.728       0.743

 WM1      BY
    M1               0.623       0.642       0.651       0.701       0.749       0.760       0.780

 WM2      BY
    M2               0.731       0.743       0.749       0.784       0.817       0.824       0.838

 WM3      BY
    M3               0.723       0.736       0.742       0.778       0.811       0.818       0.832

 WY2      ON
    WY1             -0.008       0.029       0.047       0.143       0.242       0.262       0.300
    WX1             -0.187      -0.158      -0.143      -0.067       0.014       0.028       0.060
    WM1             -0.103      -0.083      -0.072      -0.018       0.040       0.051       0.071

 WY3      ON
    WY2             -0.009       0.032       0.052       0.157       0.264       0.284       0.323
    WX2             -0.183      -0.154      -0.140      -0.065       0.013       0.028       0.059
    WM2             -0.130      -0.105      -0.092      -0.022       0.050       0.063       0.087

 WX2      ON
    WX1             -0.055      -0.020      -0.001       0.102       0.207       0.230       0.275
    WY1             -0.151      -0.124      -0.109      -0.034       0.045       0.060       0.092
    WM1             -0.049      -0.021      -0.008       0.057       0.123       0.136       0.163

 WX3      ON
    WX2             -0.051      -0.019      -0.001       0.099       0.210       0.233       0.284
    WY2             -0.164      -0.136      -0.119      -0.037       0.050       0.066       0.101
    WM2             -0.061      -0.026      -0.010       0.072       0.154       0.171       0.203

 WM2      ON
    WM1              0.039       0.069       0.084       0.161       0.237       0.252       0.283
    WX1             -0.112      -0.082      -0.066       0.017       0.101       0.118       0.150
    WY1             -0.146      -0.124      -0.113      -0.050       0.015       0.027       0.052

 WM3      ON
    WM2              0.051       0.090       0.108       0.202       0.288       0.307       0.341
    WX2             -0.107      -0.078      -0.063       0.017       0.099       0.113       0.144
    WY2             -0.159      -0.136      -0.123      -0.055       0.016       0.029       0.056

 X1       ON
    GENDER1          0.035       0.053       0.061       0.114       0.166       0.175       0.193
    AGE1            -0.078      -0.060      -0.051      -0.005       0.041       0.050       0.066
    EDUCATION_      -0.014       0.007       0.019       0.077       0.134       0.146       0.167
    EDUCATION_       0.062       0.083       0.096       0.155       0.215       0.227       0.246
    UNEMPLOYED      -0.054      -0.034      -0.023       0.026       0.078       0.087       0.105
    UNEMPLOYED      -0.032      -0.015      -0.007       0.037       0.082       0.090       0.107
    FIN1            -0.084      -0.065      -0.056      -0.009       0.041       0.049       0.065

 X2       ON
    GENDER1         -0.018       0.004       0.014       0.066       0.120       0.129       0.147
    AGE1            -0.077      -0.060      -0.052      -0.005       0.042       0.051       0.067
    EDUCATION_      -0.005       0.019       0.032       0.095       0.155       0.167       0.189
    EDUCATION_       0.065       0.090       0.102       0.161       0.220       0.232       0.253
    UNEMPLOYED      -0.039      -0.018      -0.008       0.045       0.099       0.109       0.128
    UNEMPLOYED      -0.105      -0.085      -0.076      -0.025       0.025       0.035       0.054
    FIN2            -0.084      -0.065      -0.056      -0.011       0.034       0.044       0.060

 X3       ON
    GENDER1         -0.052      -0.032      -0.022       0.031       0.085       0.095       0.115
    AGE1            -0.070      -0.053      -0.043       0.003       0.050       0.058       0.076
    EDUCATION_      -0.028      -0.006       0.005       0.069       0.129       0.140       0.164
    EDUCATION_       0.018       0.042       0.054       0.114       0.175       0.186       0.210
    UNEMPLOYED      -0.041      -0.019      -0.010       0.044       0.098       0.109       0.130
    UNEMPLOYED      -0.089      -0.074      -0.064      -0.017       0.031       0.040       0.060
    FIN3            -0.067      -0.050      -0.041       0.008       0.058       0.068       0.088

 Y1       ON
    GENDER1          0.179       0.197       0.207       0.258       0.308       0.317       0.336
    AGE1            -0.077      -0.059      -0.051      -0.005       0.042       0.051       0.068
    EDUCATION_      -0.085      -0.061      -0.050       0.013       0.077       0.089       0.114
    EDUCATION_      -0.118      -0.094      -0.083      -0.019       0.044       0.056       0.079
    UNEMPLOYED      -0.079      -0.061      -0.051       0.003       0.058       0.069       0.089
    UNEMPLOYED      -0.119      -0.100      -0.091      -0.041       0.011       0.021       0.041
    FIN1            -0.218      -0.200      -0.191      -0.144      -0.097      -0.088      -0.072

 Y2       ON
    GENDER1          0.168       0.188       0.199       0.250       0.300       0.310       0.329
    AGE1            -0.074      -0.058      -0.050      -0.007       0.038       0.047       0.063
    EDUCATION_      -0.084      -0.061      -0.049       0.011       0.071       0.083       0.105
    EDUCATION_      -0.118      -0.094      -0.082      -0.019       0.042       0.055       0.080
    UNEMPLOYED      -0.024      -0.003       0.007       0.063       0.118       0.130       0.150
    UNEMPLOYED      -0.120      -0.102      -0.092      -0.037       0.019       0.030       0.051
    FIN2            -0.204      -0.186      -0.177      -0.128      -0.081      -0.072      -0.054

 Y3       ON
    GENDER1          0.148       0.166       0.177       0.228       0.279       0.287       0.304
    AGE1            -0.070      -0.053      -0.046      -0.002       0.042       0.051       0.069
    EDUCATION_      -0.068      -0.047      -0.035       0.025       0.085       0.097       0.121
    EDUCATION_      -0.115      -0.095      -0.084      -0.026       0.032       0.045       0.067
    UNEMPLOYED      -0.060      -0.041      -0.030       0.025       0.080       0.091       0.112
    UNEMPLOYED      -0.136      -0.117      -0.107      -0.057      -0.006       0.004       0.024
    FIN3            -0.237      -0.220      -0.210      -0.163      -0.116      -0.108      -0.088

 M1       ON
    GENDER1          0.066       0.085       0.095       0.149       0.201       0.211       0.229
    AGE1            -0.042      -0.025      -0.017       0.028       0.074       0.083       0.100
    EDUCATION_      -0.154      -0.130      -0.118      -0.056       0.007       0.018       0.040
    EDUCATION_      -0.063      -0.039      -0.027       0.033       0.093       0.105       0.129
    UNEMPLOYED      -0.121      -0.100      -0.089      -0.035       0.019       0.031       0.053
    UNEMPLOYED      -0.051      -0.030      -0.020       0.034       0.085       0.095       0.116
    FIN1             0.090       0.111       0.119       0.170       0.220       0.228       0.247

 M2       ON
    GENDER1         -0.019       0.003       0.013       0.064       0.116       0.125       0.145
    AGE1            -0.036      -0.022      -0.015       0.025       0.065       0.073       0.088
    EDUCATION_      -0.098      -0.076      -0.066      -0.008       0.050       0.062       0.084
    EDUCATION_      -0.114      -0.093      -0.082      -0.023       0.035       0.047       0.065
    UNEMPLOYED      -0.114      -0.094      -0.083      -0.029       0.027       0.037       0.057
    UNEMPLOYED      -0.078      -0.058      -0.049       0.004       0.056       0.065       0.085
    FIN2             0.105       0.121       0.130       0.177       0.224       0.232       0.251

 M3       ON
    GENDER1          0.063       0.084       0.095       0.151       0.206       0.217       0.237
    AGE1            -0.043      -0.031      -0.023       0.016       0.056       0.064       0.079
    EDUCATION_      -0.100      -0.074      -0.062       0.004       0.068       0.080       0.105
    EDUCATION_      -0.071      -0.050      -0.038       0.026       0.092       0.104       0.129
    UNEMPLOYED      -0.141      -0.121      -0.111      -0.053       0.004       0.013       0.033
    UNEMPLOYED      -0.035      -0.012      -0.001       0.057       0.113       0.125       0.145
    FIN3             0.076       0.096       0.107       0.159       0.211       0.221       0.239

 RIX      WITH
    RIY              0.125       0.158       0.175       0.263       0.359       0.378       0.419
    RIM             -0.181      -0.139      -0.117      -0.010       0.091       0.110       0.147

 RIY      WITH
    RIM             -0.668      -0.629      -0.611      -0.518      -0.435      -0.419      -0.384

 WX1      WITH
    WY1             -0.117      -0.085      -0.067       0.025       0.118       0.135       0.167
    WM1             -0.051      -0.013       0.005       0.094       0.187       0.204       0.236

 WY1      WITH
    WM1             -0.270      -0.233      -0.215      -0.117      -0.010       0.010       0.055

 WX2      WITH
    WY2             -0.112      -0.083      -0.066       0.013       0.097       0.112       0.143
    WM2             -0.116      -0.087      -0.073       0.004       0.081       0.096       0.123

 WY2      WITH
    WM2             -0.310      -0.292      -0.281      -0.225      -0.161      -0.148      -0.122

 WX3      WITH
    WY3             -0.112      -0.083      -0.066       0.013       0.097       0.112       0.143
    WM3             -0.116      -0.087      -0.073       0.004       0.081       0.096       0.123

 WY3      WITH
    WM3             -0.310      -0.292      -0.281      -0.225      -0.161      -0.148      -0.122

 GENDER1  WITH
    AGE1            -0.085      -0.066      -0.056      -0.003       0.049       0.060       0.079
    EDUCATION_      -0.158      -0.139      -0.129      -0.076      -0.023      -0.012       0.009
    EDUCATION_      -0.127      -0.107      -0.098      -0.047       0.005       0.015       0.037
    UNEMPLOYED      -0.100      -0.080      -0.070      -0.016       0.037       0.047       0.066
    UNEMPLOYED      -0.102      -0.079      -0.068      -0.014       0.041       0.050       0.072
    FIN1            -0.048      -0.029      -0.019       0.035       0.086       0.098       0.116
    FIN2            -0.089      -0.068      -0.057      -0.003       0.051       0.061       0.079
    FIN3            -0.072      -0.050      -0.041       0.014       0.068       0.078       0.097

 AGE1     WITH
    EDUCATION_      -0.159      -0.142      -0.131      -0.078      -0.025      -0.016       0.003
    EDUCATION_      -0.119      -0.101      -0.091      -0.038       0.015       0.025       0.047
    UNEMPLOYED      -0.013       0.008       0.017       0.069       0.118       0.127       0.144
    UNEMPLOYED      -0.074      -0.051      -0.041       0.012       0.064       0.073       0.093
    FIN1            -0.096      -0.075      -0.066      -0.013       0.040       0.050       0.070
    FIN2            -0.109      -0.091      -0.079      -0.027       0.026       0.037       0.056
    FIN3            -0.112      -0.092      -0.083      -0.030       0.024       0.035       0.054

 EDUCATIO WITH
    EDUCATION_       0.394       0.412       0.421       0.468       0.514       0.523       0.538
    UNEMPLOYED      -0.326      -0.308      -0.298      -0.250      -0.200      -0.190      -0.172
    UNEMPLOYED      -0.180      -0.158      -0.149      -0.095      -0.040      -0.028      -0.006
    FIN1             0.059       0.078       0.088       0.142       0.194       0.204       0.224
    FIN2             0.083       0.102       0.112       0.164       0.215       0.225       0.243
    FIN3             0.080       0.098       0.108       0.161       0.213       0.223       0.241

 EDUCATIO WITH
    UNEMPLOYED      -0.235      -0.217      -0.207      -0.158      -0.107      -0.097      -0.076
    UNEMPLOYED      -0.187      -0.172      -0.163      -0.121      -0.075      -0.066      -0.049
    FIN1             0.089       0.109       0.119       0.173       0.226       0.237       0.257
    FIN2             0.134       0.151       0.160       0.211       0.262       0.271       0.290
    FIN3             0.133       0.153       0.164       0.214       0.265       0.275       0.292

 UNEMPLOY WITH
    UNEMPLOYED       0.040       0.065       0.077       0.146       0.214       0.229       0.256
    FIN1            -0.197      -0.176      -0.166      -0.108      -0.051      -0.039      -0.019
    FIN2            -0.184      -0.161      -0.152      -0.097      -0.042      -0.031      -0.013
    FIN3            -0.213      -0.193      -0.182      -0.130      -0.076      -0.065      -0.045

 UNEMPLOY WITH
    FIN1            -0.214      -0.192      -0.181      -0.122      -0.062      -0.050      -0.026
    FIN2            -0.169      -0.152      -0.142      -0.094      -0.045      -0.035      -0.017
    FIN3            -0.173      -0.155      -0.145      -0.091      -0.037      -0.027      -0.006

 FIN1     WITH
    FIN2             0.663       0.677       0.684       0.715       0.745       0.750       0.761
    FIN3             0.592       0.607       0.615       0.655       0.693       0.699       0.713

 FIN2     WITH
    FIN3             0.644       0.659       0.668       0.703       0.737       0.742       0.754

 Means
    GENDER1          1.244       1.269       1.280       1.352       1.428       1.444       1.477
    AGE1            31.618      31.785      31.878      32.399      33.018      33.146      33.447
    EDUCATION_       3.852       3.892       3.914       4.017       4.125       4.147       4.185
    EDUCATION_       3.631       3.671       3.690       3.785       3.886       3.905       3.944
    UNEMPLOYED       0.376       0.389       0.394       0.426       0.457       0.462       0.474
    UNEMPLOYED       0.228       0.239       0.245       0.275       0.303       0.309       0.318
    FIN1             4.181       4.238       4.265       4.404       4.563       4.596       4.654
    FIN2             4.335       4.385       4.415       4.567       4.732       4.767       4.823
    FIN3             4.085       4.142       4.174       4.334       4.509       4.547       4.621

 Intercepts
    X1              -3.243      -2.705      -2.404      -0.875       0.647       0.959       1.511
    X2              -3.267      -2.717      -2.425      -0.883       0.653       0.968       1.539
    X3              -3.307      -2.744      -2.451      -0.894       0.662       0.978       1.553
    Y1              -1.929      -1.345      -1.069       0.492       1.984       2.252       2.850
    Y2              -1.842      -1.283      -1.013       0.469       1.904       2.164       2.753
    Y3              -1.851      -1.281      -1.014       0.470       1.905       2.168       2.743
    M1              -4.171      -3.624      -3.324      -1.830      -0.330      -0.057       0.499
    M2              -3.712      -3.204      -2.943      -1.611      -0.293      -0.052       0.437
    M3              -3.648      -3.150      -2.896      -1.584      -0.288      -0.051       0.430

 Variances
    GENDER1          1.000       1.000       1.000       1.000       1.000       1.000       1.000
    AGE1             1.000       1.000       1.000       1.000       1.000       1.000       1.000
    EDUCATION_       1.000       1.000       1.000       1.000       1.000       1.000       1.000
    EDUCATION_       1.000       1.000       1.000       1.000       1.000       1.000       1.000
    UNEMPLOYED       1.000       1.000       1.000       1.000       1.000       1.000       1.000
    UNEMPLOYED       1.000       1.000       1.000       1.000       1.000       1.000       1.000
    FIN1             1.000       1.000       1.000       1.000       1.000       1.000       1.000
    FIN2             1.000       1.000       1.000       1.000       1.000       1.000       1.000
    FIN3             1.000       1.000       1.000       1.000       1.000       1.000       1.000
    RIX              1.000       1.000       1.000       1.000       1.000       1.000       1.000
    RIY              1.000       1.000       1.000       1.000       1.000       1.000       1.000
    RIM              1.000       1.000       1.000       1.000       1.000       1.000       1.000
    WX1              1.000       1.000       1.000       1.000       1.000       1.000       1.000
    WY1              1.000       1.000       1.000       1.000       1.000       1.000       1.000
    WM1              1.000       1.000       1.000       1.000       1.000       1.000       1.000

 Residual Variances
    X1               0.000       0.000       0.000       0.000       0.000       0.000       0.000
    X2               0.000       0.000       0.000       0.000       0.000       0.000       0.000
    X3               0.000       0.000       0.000       0.000       0.000       0.000       0.000
    Y1               0.000       0.000       0.000       0.000       0.000       0.000       0.000
    Y2               0.000       0.000       0.000       0.000       0.000       0.000       0.000
    Y3               0.000       0.000       0.000       0.000       0.000       0.000       0.000
    M1               0.000       0.000       0.000       0.000       0.000       0.000       0.000
    M2               0.000       0.000       0.000       0.000       0.000       0.000       0.000
    M3               0.000       0.000       0.000       0.000       0.000       0.000       0.000
    WX2              0.911       0.933       0.943       0.984       0.996       0.998       0.999
    WX3              0.898       0.922       0.934       0.982       0.996       0.997       0.999
    WY2              0.899       0.920       0.931       0.975       0.992       0.995       0.998
    WY3              0.880       0.904       0.916       0.969       0.991       0.994       0.998
    WM2              0.905       0.924       0.932       0.969       0.986       0.989       0.994
    WM3              0.863       0.887       0.898       0.951       0.979       0.983       0.991


     Beginning Time:  18:30:09
        Ending Time:  18:46:57
       Elapsed Time:  00:16:48



MUTHEN & MUTHEN
3463 Stoner Ave.
Los Angeles, CA  90066

Tel: (310) 391-9971
Fax: (310) 391-8971
Web: www.StatModel.com
Support: Support@StatModel.com

Copyright (c) 1998-2023 Muthen & Muthen
