Mplus VERSION 8.9
MUTHEN & MUTHEN
01/22/2025   6:46 PM

INPUT INSTRUCTIONS

  DATA:
    FILE IS "mplus.dat";
  VARIABLE:
    MISSING ARE ALL (-99);
    NAMES ARE id Gender1 Age1 Education_mother1 Education_father1
    unemployed_mother1 unemployed_father1 Fin1 Fin2 Fin3 Personal1
    Personal2 Personal3 Public1 Public2 Public3 Collective1
    Collective2 Collective3 Relational1 Relational2
    Relational3 Autonomy1 Autonomy2 Autonomy3 Relatedness1 Relatedness2
    Relatedness3 Competence1 Competence2 Competence3
    PA1 PA2 PA3 NA1 NA2 NA3 SWLS1 SWLS2 SWLS3;

  usevar =
  Gender1 Age1 Education_mother1 Education_father1
  unemployed_mother1 unemployed_father1 Fin1 Fin2 Fin3
  x1-x3 y1-y3 m1-m3 ;

  define:
  x1 = Personal1;
  x2 = Personal2;
  x3 = Personal3;

  m1 = Competence1;
  m2 = Competence2;
  m3 = Competence3;

  y1 = SWLS1;
  y2 = SWLS2;
  y3 = SWLS3;






  analysis:

  MODEL = NOCOV;
  bootstrap = 10000;


  MODEL:
  RIx BY x1@1 x2@1 x3@1;
  RIy BY y1@1 y2@1 y3@1;
  RIm BY m1@1 m2@1 m3@1;



  wx1 BY x1@1;
  wx2 BY x2@1;
  wx3 BY x3@1;



  wy1 BY y1@1;
  wy2 BY y2@1;
  wy3 BY y3@1;



  wm1 By m1@1;
  wm2 By m2@1;
  wm3 By m3@1;


  x1-m3@0;


  wy2 ON wy1 (a );
  wy3 ON wy2 (a );


  wx2 ON wx1 (b );
  wx3 ON wx2 (b );


  wm2 ON wm1  (c);
  wm3 ON wm2  (c);


  wy2 ON  wx1 wm1  (d e);
  wy3 ON  wx2 wm2  (d e);


  wx2 ON wy1 wm1  (f j);
  wx3 ON wy2 wm2  (f j);


  wm2 ON wx1 wy1   (h i);
  wm3 ON wx2 wy2   (h i);


  RIx RIy RIm  with RIx RIy RIm ;

  wx1 wy1 wm1 with wx1 wy1 wm1;
  wx2 wy2 wm2 with wx2 wy2 wm2 (cov1 cov2 cov3);
  wx3 wy3 wm3 with wx3 wy3 wm3 (cov1 cov2 cov3);

  wx2 (vx); wy2 (vy); wm2 (vm);
  wx3 (vx); wy3 (vy); wm3 (vm);

  x1-m3 on Gender1 Age1 Education_mother1 Education_father1
  unemployed_mother1 unemployed_father1 ;

  x1 y1 m1 on Fin1;
  x2 y2 m2 on Fin2;
  x3 y3 m3 on Fin3;

  Gender1 -Fin3 with Gender1 -Fin3;

  [x1-x3] (mx);
  [m1-m3] (mm);
  [y1-y3] (my);

  model constraint:
  new (ind);
  ind = h*e;

  output: cinterval (boot) stdyx;



*** WARNING in VARIABLE command
  Note that only the first 8 characters of variable names are used in the output.
  Shorten variable names to avoid any confusion.
   1 WARNING(S) FOUND IN THE INPUT INSTRUCTIONS




SUMMARY OF ANALYSIS

Number of groups                                                 1
Number of observations                                         971

Number of dependent variables                                    9
Number of independent variables                                  9
Number of continuous latent variables                           12

Observed dependent variables

  Continuous
   X1          X2          X3          Y1          Y2          Y3
   M1          M2          M3

Observed independent variables
   GENDER1     AGE1        EDUCATIO    EDUCATIO    UNEMPLOY    UNEMPLOY
   FIN1        FIN2        FIN3

Continuous latent variables
   RIX         RIY         RIM         WX1         WX2         WX3
   WY1         WY2         WY3         WM1         WM2         WM3


Estimator                                                       ML
Information matrix                                        OBSERVED
Maximum number of iterations                                  1000
Convergence criterion                                    0.500D-04
Maximum number of steepest descent iterations                   20
Maximum number of iterations for H1                           2000
Convergence criterion for H1                             0.100D-03
Number of bootstrap draws
    Requested                                                10000
    Completed                                                10000

Input data file(s)
  mplus.dat

Input data format  FREE


SUMMARY OF DATA

     Number of missing data patterns            19


COVARIANCE COVERAGE OF DATA

Minimum covariance coverage value   0.100


     PROPORTION OF DATA PRESENT


           Covariance Coverage
              X1            X2            X3            Y1            Y2
              ________      ________      ________      ________      ________
 X1             1.000
 X2             1.000         1.000
 X3             1.000         1.000         1.000
 Y1             1.000         1.000         1.000         1.000
 Y2             1.000         1.000         1.000         1.000         1.000
 Y3             1.000         1.000         1.000         1.000         1.000
 M1             1.000         1.000         1.000         1.000         1.000
 M2             1.000         1.000         1.000         1.000         1.000
 M3             1.000         1.000         1.000         1.000         1.000
 GENDER1        0.998         0.998         0.998         0.998         0.998
 AGE1           0.999         0.999         0.999         0.999         0.999
 EDUCATIO       0.994         0.994         0.994         0.994         0.994
 EDUCATIO       0.991         0.991         0.991         0.991         0.991
 UNEMPLOY       0.992         0.992         0.992         0.992         0.992
 UNEMPLOY       0.974         0.974         0.974         0.974         0.974
 FIN1           0.994         0.994         0.994         0.994         0.994
 FIN2           0.991         0.991         0.991         0.991         0.991
 FIN3           0.991         0.991         0.991         0.991         0.991


           Covariance Coverage
              Y3            M1            M2            M3            GENDER1
              ________      ________      ________      ________      ________
 Y3             1.000
 M1             1.000         1.000
 M2             1.000         1.000         1.000
 M3             1.000         1.000         1.000         1.000
 GENDER1        0.998         0.998         0.998         0.998         0.998
 AGE1           0.999         0.999         0.999         0.999         0.997
 EDUCATIO       0.994         0.994         0.994         0.994         0.992
 EDUCATIO       0.991         0.991         0.991         0.991         0.989
 UNEMPLOY       0.992         0.992         0.992         0.992         0.990
 UNEMPLOY       0.974         0.974         0.974         0.974         0.972
 FIN1           0.994         0.994         0.994         0.994         0.992
 FIN2           0.991         0.991         0.991         0.991         0.990
 FIN3           0.991         0.991         0.991         0.991         0.989


           Covariance Coverage
              AGE1          EDUCATIO      EDUCATIO      UNEMPLOY      UNEMPLOY
              ________      ________      ________      ________      ________
 AGE1           0.999
 EDUCATIO       0.993         0.994
 EDUCATIO       0.990         0.987         0.991
 UNEMPLOY       0.991         0.989         0.984         0.992
 UNEMPLOY       0.973         0.969         0.970         0.968         0.974
 FIN1           0.993         0.989         0.986         0.988         0.969
 FIN2           0.990         0.985         0.981         0.982         0.965
 FIN3           0.990         0.985         0.981         0.982         0.965


           Covariance Coverage
              FIN1          FIN2          FIN3
              ________      ________      ________
 FIN1           0.994
 FIN2           0.986         0.991
 FIN3           0.986         0.984         0.991



UNIVARIATE SAMPLE STATISTICS


     UNIVARIATE HIGHER-ORDER MOMENT DESCRIPTIVE STATISTICS

         Variable/         Mean/     Skewness/   Minimum/ % with                Percentiles
        Sample Size      Variance    Kurtosis    Maximum  Min/Max      20%/60%    40%/80%    Median

     X1                   -0.019      -0.225      -3.871    0.10%      -0.751     -0.228      0.011
             971.000       0.796       0.179       2.389    0.10%       0.224      0.753
     X2                   -0.012       0.007      -3.561    0.10%      -0.779     -0.282     -0.045
             971.000       0.821      -0.194       2.554    0.10%       0.191      0.815
     X3                   -0.010      -0.051      -4.397    0.10%      -0.784     -0.280     -0.039
             971.000       0.852       0.065       2.669    0.10%       0.202      0.811
     Y1                    5.197      -0.908       1.000    0.51%       4.333      5.000      5.333
             971.000       1.455       0.746       7.000    4.43%       5.667      6.333
     Y2                    5.307      -0.912       1.000    0.41%       4.333      5.333      5.667
             971.000       1.416       0.731       7.000    5.97%       5.667      6.333
     Y3                    5.309      -0.984       1.000    0.82%       4.333      5.333      5.667
             971.000       1.518       0.898       7.000    7.11%       5.667      6.333
     M1                   -0.013      -0.207      -2.157    0.10%      -0.547     -0.152     -0.037
             971.000       0.426      -0.176       1.305    1.24%       0.156      0.562
     M2                   -0.012      -0.221      -2.427    0.10%      -0.568     -0.153     -0.024
             971.000       0.500       0.061       1.414    2.47%       0.149      0.590
     M3                   -0.011      -0.082      -2.110    0.10%      -0.624     -0.206     -0.045
             971.000       0.507      -0.375       1.425    2.16%       0.159      0.607
     GENDER1               0.646      -0.611       0.000   35.40%       0.000      1.000      1.000
             969.000       0.229      -1.627       1.000   64.60%       1.000      1.000
     AGE1                 15.638      -0.547      15.000   36.29%      15.000     16.000     16.000
             970.000       0.233      -1.625      17.000    0.10%      16.000     16.000
     EDUCATION_MOTHE       3.907      -0.084       1.000    0.31%       3.000      3.000      4.000
             965.000       0.945      -1.378       5.000   39.17%       4.000      5.000
     EDUCATION_FATHE       3.754       0.093       1.000    0.62%       3.000      3.000      3.000
             962.000       0.984      -1.211       5.000   33.78%       4.000      5.000
     UNEMPLOYED_MOTH       0.154       1.921       0.000   84.63%       0.000      0.000      0.000
             963.000       0.130       1.688       1.000   15.37%       0.000      0.000
     UNEMPLOYED_FATH       0.070       3.378       0.000   93.02%       0.000      0.000      0.000
             946.000       0.065       9.408       1.000    6.98%       0.000      0.000
     FIN1                  3.754      -0.071       1.000    0.31%       3.000      3.000      4.000
             965.000       0.726      -0.634       5.000   21.55%       4.000      5.000
     FIN2                  3.777      -0.071       1.000    0.42%       3.000      4.000      4.000
             962.000       0.685      -0.517       5.000   21.21%       4.000      5.000
     FIN3                  3.756      -0.179       1.000    0.94%       3.000      3.000      4.000
             962.000       0.750      -0.296       5.000   21.93%       4.000      5.000


THE MODEL ESTIMATION TERMINATED NORMALLY



MODEL FIT INFORMATION

Number of Free Parameters                      147

Loglikelihood

          H0 Value                      -16373.275
          H1 Value                      -16277.856

Information Criteria

          Akaike (AIC)                   33040.551
          Bayesian (BIC)                 33757.665
          Sample-Size Adjusted BIC       33290.793
            (n* = (n + 2) / 24)

Chi-Square Test of Model Fit

          Value                            190.840
          Degrees of Freedom                    42
          P-Value                           0.0000

RMSEA (Root Mean Square Error Of Approximation)

          Estimate                           0.060
          90 Percent C.I.                    0.052  0.069
          Probability RMSEA <= .05           0.023

CFI/TLI

          CFI                                0.969
          TLI                                0.914

Chi-Square Test of Model Fit for the Baseline Model

          Value                           4932.173
          Degrees of Freedom                   117
          P-Value                           0.0000

SRMR (Standardized Root Mean Square Residual)

          Value                              0.052



MODEL RESULTS

                                                    Two-Tailed
                    Estimate       S.E.  Est./S.E.    P-Value

 RIX      BY
    X1                 1.000      0.000    999.000    999.000
    X2                 1.000      0.000    999.000    999.000
    X3                 1.000      0.000    999.000    999.000

 RIY      BY
    Y1                 1.000      0.000    999.000    999.000
    Y2                 1.000      0.000    999.000    999.000
    Y3                 1.000      0.000    999.000    999.000

 RIM      BY
    M1                 1.000      0.000    999.000    999.000
    M2                 1.000      0.000    999.000    999.000
    M3                 1.000      0.000    999.000    999.000

 WX1      BY
    X1                 1.000      0.000    999.000    999.000

 WX2      BY
    X2                 1.000      0.000    999.000    999.000

 WX3      BY
    X3                 1.000      0.000    999.000    999.000

 WY1      BY
    Y1                 1.000      0.000    999.000    999.000

 WY2      BY
    Y2                 1.000      0.000    999.000    999.000

 WY3      BY
    Y3                 1.000      0.000    999.000    999.000

 WM1      BY
    M1                 1.000      0.000    999.000    999.000

 WM2      BY
    M2                 1.000      0.000    999.000    999.000

 WM3      BY
    M3                 1.000      0.000    999.000    999.000

 WY2      ON
    WY1                0.188      0.075      2.517      0.012
    WX1               -0.022      0.068     -0.323      0.747
    WM1                0.083      0.097      0.861      0.389

 WY3      ON
    WY2                0.188      0.075      2.517      0.012
    WX2               -0.022      0.068     -0.323      0.747
    WM2                0.083      0.097      0.861      0.389

 WX2      ON
    WX1                0.078      0.068      1.138      0.255
    WY1               -0.017      0.031     -0.540      0.590
    WM1                0.081      0.065      1.239      0.216

 WX3      ON
    WX2                0.078      0.068      1.138      0.255
    WY2               -0.017      0.031     -0.540      0.590
    WM2                0.081      0.065      1.239      0.216

 WM2      ON
    WM1                0.331      0.065      5.122      0.000
    WX1               -0.014      0.035     -0.416      0.677
    WY1                0.039      0.022      1.816      0.069

 WM3      ON
    WM2                0.331      0.065      5.122      0.000
    WX2               -0.014      0.035     -0.416      0.677
    WY2                0.039      0.022      1.816      0.069

 X1       ON
    GENDER1            0.586      0.058     10.096      0.000
    AGE1               0.103      0.051      2.030      0.042
    EDUCATION_         0.035      0.033      1.065      0.287
    EDUCATION_         0.052      0.031      1.693      0.090
    UNEMPLOYED        -0.083      0.076     -1.093      0.274
    UNEMPLOYED         0.180      0.097      1.852      0.064
    FIN1               0.049      0.029      1.647      0.100

 X2       ON
    GENDER1            0.410      0.060      6.812      0.000
    AGE1               0.099      0.051      1.956      0.050
    EDUCATION_         0.022      0.035      0.645      0.519
    EDUCATION_         0.053      0.033      1.612      0.107
    UNEMPLOYED        -0.030      0.080     -0.374      0.709
    UNEMPLOYED         0.235      0.111      2.124      0.034
    FIN2               0.104      0.030      3.443      0.001

 X3       ON
    GENDER1            0.420      0.061      6.941      0.000
    AGE1               0.105      0.050      2.093      0.036
    EDUCATION_         0.032      0.035      0.902      0.367
    EDUCATION_         0.035      0.033      1.044      0.296
    UNEMPLOYED        -0.045      0.080     -0.560      0.575
    UNEMPLOYED         0.265      0.103      2.574      0.010
    FIN3               0.087      0.033      2.634      0.008

 Y1       ON
    GENDER1           -0.268      0.073     -3.697      0.000
    AGE1               0.124      0.058      2.139      0.032
    EDUCATION_        -0.029      0.046     -0.627      0.531
    EDUCATION_         0.011      0.047      0.244      0.807
    UNEMPLOYED        -0.146      0.115     -1.273      0.203
    UNEMPLOYED         0.140      0.154      0.906      0.365
    FIN1               0.435      0.042     10.287      0.000

 Y2       ON
    GENDER1           -0.128      0.073     -1.753      0.080
    AGE1               0.106      0.059      1.800      0.072
    EDUCATION_         0.039      0.043      0.902      0.367
    EDUCATION_         0.031      0.045      0.679      0.497
    UNEMPLOYED        -0.123      0.110     -1.119      0.263
    UNEMPLOYED         0.000      0.143      0.001      0.999
    FIN2               0.427      0.041     10.342      0.000

 Y3       ON
    GENDER1            0.018      0.076      0.238      0.812
    AGE1               0.071      0.059      1.203      0.229
    EDUCATION_         0.033      0.042      0.780      0.435
    EDUCATION_         0.041      0.041      1.009      0.313
    UNEMPLOYED        -0.032      0.103     -0.311      0.756
    UNEMPLOYED         0.049      0.146      0.336      0.737
    FIN3               0.543      0.044     12.380      0.000

 M1       ON
    GENDER1           -0.156      0.042     -3.683      0.000
    AGE1               0.075      0.039      1.921      0.055
    EDUCATION_        -0.023      0.025     -0.905      0.365
    EDUCATION_         0.023      0.024      0.947      0.344
    UNEMPLOYED         0.018      0.061      0.295      0.768
    UNEMPLOYED         0.184      0.088      2.083      0.037
    FIN1               0.109      0.022      5.059      0.000

 M2       ON
    GENDER1           -0.154      0.046     -3.369      0.001
    AGE1               0.072      0.039      1.857      0.063
    EDUCATION_        -0.006      0.026     -0.220      0.826
    EDUCATION_         0.017      0.027      0.635      0.525
    UNEMPLOYED         0.012      0.067      0.177      0.859
    UNEMPLOYED        -0.003      0.093     -0.028      0.978
    FIN2               0.110      0.023      4.877      0.000

 M3       ON
    GENDER1           -0.107      0.048     -2.244      0.025
    AGE1               0.071      0.039      1.827      0.068
    EDUCATION_         0.003      0.027      0.114      0.909
    EDUCATION_         0.010      0.027      0.372      0.710
    UNEMPLOYED        -0.043      0.065     -0.658      0.511
    UNEMPLOYED         0.143      0.090      1.593      0.111
    FIN3               0.106      0.025      4.324      0.000

 RIX      WITH
    RIY                0.154      0.030      5.124      0.000
    RIM                0.187      0.019      9.834      0.000

 RIY      WITH
    RIM                0.173      0.028      6.252      0.000

 WX1      WITH
    WY1               -0.020      0.026     -0.791      0.429
    WM1                0.040      0.015      2.692      0.007

 WY1      WITH
    WM1                0.082      0.029      2.781      0.005

 WX2      WITH
    WY2                0.057      0.022      2.556      0.011
    WM2                0.075      0.012      6.409      0.000

 WY2      WITH
    WM2                0.098      0.015      6.437      0.000

 WX3      WITH
    WY3                0.057      0.022      2.556      0.011
    WM3                0.075      0.012      6.409      0.000

 WY3      WITH
    WM3                0.098      0.015      6.437      0.000

 GENDER1  WITH
    AGE1              -0.001      0.007     -0.079      0.937
    EDUCATION_        -0.036      0.015     -2.389      0.017
    EDUCATION_        -0.022      0.015     -1.471      0.141
    UNEMPLOYED        -0.003      0.006     -0.492      0.623
    UNEMPLOYED        -0.002      0.004     -0.418      0.676
    FIN1               0.014      0.013      1.042      0.297
    FIN2              -0.002      0.013     -0.130      0.897
    FIN3               0.005      0.014      0.402      0.687

 AGE1     WITH
    EDUCATION_        -0.037      0.015     -2.444      0.015
    EDUCATION_        -0.018      0.015     -1.185      0.236
    UNEMPLOYED         0.012      0.005      2.228      0.026
    UNEMPLOYED         0.002      0.004      0.453      0.651
    FIN1              -0.005      0.013     -0.410      0.682
    FIN2              -0.010      0.013     -0.783      0.434
    FIN3              -0.012      0.014     -0.895      0.371

 EDUCATIO WITH
    EDUCATION_         0.452      0.030     14.933      0.000
    UNEMPLOYED        -0.088      0.012     -7.486      0.000
    UNEMPLOYED        -0.024      0.009     -2.746      0.006
    FIN1               0.116      0.027      4.302      0.000
    FIN2               0.130      0.026      5.037      0.000
    FIN3               0.134      0.027      4.917      0.000

 EDUCATIO WITH
    UNEMPLOYED        -0.057      0.011     -4.935      0.000
    UNEMPLOYED        -0.031      0.007     -4.097      0.000
    FIN1               0.145      0.028      5.240      0.000
    FIN2               0.173      0.026      6.602      0.000
    FIN3               0.183      0.027      6.778      0.000

 UNEMPLOY WITH
    UNEMPLOYED         0.013      0.004      3.277      0.001
    FIN1              -0.033      0.011     -2.985      0.003
    FIN2              -0.029      0.010     -2.851      0.004
    FIN3              -0.040      0.010     -3.820      0.000

 UNEMPLOY WITH
    FIN1              -0.027      0.008     -3.175      0.001
    FIN2              -0.020      0.007     -2.993      0.003
    FIN3              -0.020      0.008     -2.667      0.008

 FIN1     WITH
    FIN2               0.505      0.025     20.381      0.000
    FIN3               0.484      0.025     19.230      0.000

 FIN2     WITH
    FIN3               0.504      0.024     20.777      0.000

 Means
    GENDER1            0.646      0.015     42.430      0.000
    AGE1              15.638      0.016   1007.243      0.000
    EDUCATION_         3.906      0.031    124.235      0.000
    EDUCATION_         3.754      0.032    116.423      0.000
    UNEMPLOYED         0.154      0.012     13.356      0.000
    UNEMPLOYED         0.070      0.008      8.373      0.000
    FIN1               3.756      0.027    138.443      0.000
    FIN2               3.776      0.027    141.578      0.000
    FIN3               3.754      0.028    133.448      0.000

 Intercepts
    X1                -2.518      0.808     -3.116      0.002
    X2                -2.518      0.808     -3.116      0.002
    X3                -2.518      0.808     -3.116      0.002
    Y1                 1.874      0.936      2.002      0.045
    Y2                 1.874      0.936      2.002      0.045
    Y3                 1.874      0.936      2.002      0.045
    M1                -1.500      0.624     -2.405      0.016
    M2                -1.500      0.624     -2.405      0.016
    M3                -1.500      0.624     -2.405      0.016

 Variances
    GENDER1            0.229      0.004     51.301      0.000
    AGE1               0.233      0.005     50.732      0.000
    EDUCATION_         0.946      0.024     38.647      0.000
    EDUCATION_         0.984      0.028     34.912      0.000
    UNEMPLOYED         0.130      0.008     16.313      0.000
    UNEMPLOYED         0.065      0.007      9.062      0.000
    FIN1               0.727      0.028     26.420      0.000
    FIN2               0.684      0.027     25.756      0.000
    FIN3               0.750      0.032     23.559      0.000
    RIX                0.438      0.031     14.205      0.000
    RIY                0.486      0.061      7.901      0.000
    RIM                0.233      0.023     10.074      0.000
    WX1                0.294      0.026     11.289      0.000
    WY1                0.693      0.080      8.615      0.000
    WM1                0.154      0.021      7.276      0.000

 Residual Variances
    X1                 0.000      0.000    999.000    999.000
    X2                 0.000      0.000    999.000    999.000
    X3                 0.000      0.000    999.000    999.000
    Y1                 0.000      0.000    999.000    999.000
    Y2                 0.000      0.000    999.000    999.000
    Y3                 0.000      0.000    999.000    999.000
    M1                 0.000      0.000    999.000    999.000
    M2                 0.000      0.000    999.000    999.000
    M3                 0.000      0.000    999.000    999.000
    WX2                0.323      0.025     12.752      0.000
    WX3                0.323      0.025     12.752      0.000
    WY2                0.644      0.061     10.517      0.000
    WY3                0.644      0.061     10.517      0.000
    WM2                0.226      0.012     19.493      0.000
    WM3                0.226      0.012     19.493      0.000

New/Additional Parameters
    IND               -0.001      0.005     -0.255      0.799


STANDARDIZED MODEL RESULTS


STDYX Standardization

                                                    Two-Tailed
                    Estimate       S.E.  Est./S.E.    P-Value

 RIX      BY
    X1                 0.730      0.020     35.713      0.000
    X2                 0.731      0.023     32.365      0.000
    X3                 0.731      0.023     31.925      0.000

 RIY      BY
    Y1                 0.603      0.039     15.554      0.000
    Y2                 0.610      0.040     15.322      0.000
    Y3                 0.590      0.039     15.186      0.000

 RIM      BY
    M1                 0.759      0.034     22.062      0.000
    M2                 0.687      0.029     23.511      0.000
    M3                 0.681      0.031     22.243      0.000

 WX1      BY
    X1                 0.599      0.023     25.888      0.000

 WX2      BY
    X2                 0.631      0.025     24.812      0.000

 WX3      BY
    X3                 0.632      0.026     24.359      0.000

 WY1      BY
    Y1                 0.721      0.032     22.259      0.000

 WY2      BY
    Y2                 0.717      0.034     21.156      0.000

 WY3      BY
    Y3                 0.694      0.033     20.822      0.000

 WM1      BY
    M1                 0.618      0.041     15.225      0.000

 WM2      BY
    M2                 0.705      0.027     25.693      0.000

 WM3      BY
    M3                 0.713      0.028     25.185      0.000

 WY2      ON
    WY1                0.191      0.073      2.612      0.009
    WX1               -0.015      0.045     -0.321      0.748
    WM1                0.040      0.048      0.839      0.401

 WY3      ON
    WY2                0.188      0.074      2.521      0.012
    WX2               -0.015      0.047     -0.323      0.746
    WM2                0.050      0.059      0.848      0.397

 WX2      ON
    WX1                0.074      0.064      1.158      0.247
    WY1               -0.024      0.045     -0.542      0.588
    WM1                0.055      0.046      1.196      0.232

 WX3      ON
    WX2                0.078      0.068      1.141      0.254
    WY2               -0.024      0.045     -0.540      0.589
    WM2                0.070      0.057      1.225      0.221

 WM2      ON
    WM1                0.262      0.058      4.548      0.000
    WX1               -0.016      0.038     -0.416      0.677
    WY1                0.066      0.037      1.799      0.072

 WM3      ON
    WM2                0.324      0.062      5.263      0.000
    WX2               -0.016      0.039     -0.418      0.676
    WY2                0.064      0.035      1.803      0.071

 X1       ON
    GENDER1            0.309      0.029     10.703      0.000
    AGE1               0.055      0.027      2.029      0.042
    EDUCATION_         0.038      0.035      1.070      0.285
    EDUCATION_         0.057      0.034      1.694      0.090
    UNEMPLOYED        -0.033      0.030     -1.094      0.274
    UNEMPLOYED         0.051      0.027      1.869      0.062
    FIN1               0.046      0.028      1.647      0.100

 X2       ON
    GENDER1            0.217      0.031      6.983      0.000
    AGE1               0.053      0.027      1.954      0.051
    EDUCATION_         0.024      0.037      0.645      0.519
    EDUCATION_         0.058      0.036      1.614      0.106
    UNEMPLOYED        -0.012      0.032     -0.375      0.708
    UNEMPLOYED         0.066      0.031      2.133      0.033
    FIN2               0.095      0.027      3.457      0.001

 X3       ON
    GENDER1            0.222      0.031      7.106      0.000
    AGE1               0.056      0.027      2.092      0.036
    EDUCATION_         0.034      0.038      0.902      0.367
    EDUCATION_         0.038      0.036      1.047      0.295
    UNEMPLOYED        -0.018      0.032     -0.562      0.574
    UNEMPLOYED         0.075      0.029      2.577      0.010
    FIN3               0.083      0.031      2.655      0.008

 Y1       ON
    GENDER1           -0.111      0.030     -3.748      0.000
    AGE1               0.052      0.024      2.132      0.033
    EDUCATION_        -0.024      0.039     -0.628      0.530
    EDUCATION_         0.010      0.040      0.244      0.807
    UNEMPLOYED        -0.046      0.035     -1.287      0.198
    UNEMPLOYED         0.031      0.034      0.911      0.362
    FIN1               0.321      0.032      9.923      0.000

 Y2       ON
    GENDER1           -0.053      0.030     -1.760      0.078
    AGE1               0.045      0.025      1.796      0.072
    EDUCATION_         0.033      0.036      0.902      0.367
    EDUCATION_         0.027      0.039      0.681      0.496
    UNEMPLOYED        -0.039      0.034     -1.127      0.260
    UNEMPLOYED         0.000      0.032      0.001      0.999
    FIN2               0.309      0.030     10.337      0.000

 Y3       ON
    GENDER1            0.007      0.031      0.239      0.811
    AGE1               0.029      0.024      1.201      0.230
    EDUCATION_         0.027      0.035      0.781      0.435
    EDUCATION_         0.034      0.034      1.013      0.311
    UNEMPLOYED        -0.010      0.031     -0.312      0.755
    UNEMPLOYED         0.011      0.031      0.338      0.735
    FIN3               0.398      0.031     12.969      0.000

 M1       ON
    GENDER1           -0.117      0.032     -3.726      0.000
    AGE1               0.057      0.029      1.926      0.054
    EDUCATION_        -0.035      0.039     -0.907      0.365
    EDUCATION_         0.036      0.038      0.948      0.343
    UNEMPLOYED         0.010      0.034      0.296      0.768
    UNEMPLOYED         0.074      0.035      2.090      0.037
    FIN1               0.146      0.029      5.032      0.000

 M2       ON
    GENDER1           -0.105      0.031     -3.416      0.001
    AGE1               0.050      0.027      1.858      0.063
    EDUCATION_        -0.008      0.037     -0.220      0.826
    EDUCATION_         0.024      0.037      0.636      0.525
    UNEMPLOYED         0.006      0.034      0.178      0.859
    UNEMPLOYED        -0.001      0.034     -0.028      0.978
    FIN2               0.130      0.027      4.865      0.000

 M3       ON
    GENDER1           -0.072      0.032     -2.257      0.024
    AGE1               0.048      0.026      1.826      0.068
    EDUCATION_         0.004      0.037      0.114      0.909
    EDUCATION_         0.014      0.037      0.373      0.710
    UNEMPLOYED        -0.022      0.033     -0.659      0.510
    UNEMPLOYED         0.051      0.032      1.598      0.110
    FIN3               0.129      0.030      4.386      0.000

 RIX      WITH
    RIY                0.334      0.067      5.011      0.000
    RIM                0.585      0.043     13.665      0.000

 RIY      WITH
    RIM                0.514      0.063      8.221      0.000

 WX1      WITH
    WY1               -0.045      0.056     -0.806      0.421
    WM1                0.189      0.065      2.889      0.004

 WY1      WITH
    WM1                0.249      0.074      3.347      0.001

 WX2      WITH
    WY2                0.125      0.049      2.567      0.010
    WM2                0.276      0.042      6.562      0.000

 WY2      WITH
    WM2                0.258      0.039      6.543      0.000

 WX3      WITH
    WY3                0.125      0.049      2.567      0.010
    WM3                0.276      0.042      6.562      0.000

 WY3      WITH
    WM3                0.258      0.039      6.543      0.000

 GENDER1  WITH
    AGE1              -0.003      0.032     -0.078      0.937
    EDUCATION_        -0.077      0.032     -2.385      0.017
    EDUCATION_        -0.046      0.032     -1.471      0.141
    UNEMPLOYED        -0.016      0.032     -0.492      0.623
    UNEMPLOYED        -0.014      0.033     -0.417      0.676
    FIN1               0.034      0.032      1.043      0.297
    FIN2              -0.004      0.033     -0.130      0.897
    FIN3               0.013      0.033      0.402      0.687

 AGE1     WITH
    EDUCATION_        -0.078      0.032     -2.441      0.015
    EDUCATION_        -0.038      0.032     -1.183      0.237
    UNEMPLOYED         0.069      0.031      2.241      0.025
    UNEMPLOYED         0.015      0.032      0.453      0.651
    FIN1              -0.013      0.032     -0.410      0.682
    FIN2              -0.025      0.032     -0.783      0.434
    FIN3              -0.029      0.032     -0.896      0.370

 EDUCATIO WITH
    EDUCATION_         0.469      0.028     16.554      0.000
    UNEMPLOYED        -0.250      0.030     -8.364      0.000
    UNEMPLOYED        -0.096      0.034     -2.845      0.004
    FIN1               0.140      0.032      4.373      0.000
    FIN2               0.161      0.032      5.120      0.000
    FIN3               0.159      0.032      4.966      0.000

 EDUCATIO WITH
    UNEMPLOYED        -0.158      0.031     -5.173      0.000
    UNEMPLOYED        -0.121      0.027     -4.476      0.000
    FIN1               0.172      0.032      5.288      0.000
    FIN2               0.211      0.031      6.821      0.000
    FIN3               0.213      0.031      6.984      0.000

 UNEMPLOY WITH
    UNEMPLOYED         0.147      0.042      3.489      0.000
    FIN1              -0.106      0.035     -3.043      0.002
    FIN2              -0.096      0.033     -2.886      0.004
    FIN3              -0.128      0.033     -3.927      0.000

 UNEMPLOY WITH
    FIN1              -0.122      0.036     -3.357      0.001
    FIN2              -0.094      0.030     -3.139      0.002
    FIN3              -0.091      0.033     -2.766      0.006

 FIN1     WITH
    FIN2               0.715      0.019     38.330      0.000
    FIN3               0.656      0.023     27.916      0.000

 FIN2     WITH
    FIN3               0.703      0.021     33.417      0.000

 Means
    GENDER1            1.351      0.045     29.932      0.000
    AGE1              32.399      0.350     92.494      0.000
    EDUCATION_         4.016      0.064     62.452      0.000
    EDUCATION_         3.785      0.060     63.185      0.000
    UNEMPLOYED         0.427      0.019     22.552      0.000
    UNEMPLOYED         0.274      0.018     15.490      0.000
    FIN1               4.404      0.091     48.134      0.000
    FIN2               4.567      0.096     47.436      0.000
    FIN3               4.336      0.102     42.310      0.000

 Intercepts
    X1                -2.780      0.888     -3.131      0.002
    X2                -2.784      0.892     -3.123      0.002
    X3                -2.782      0.890     -3.127      0.002
    Y1                 1.622      0.812      1.996      0.046
    Y2                 1.639      0.821      1.997      0.046
    Y3                 1.585      0.794      1.996      0.046
    M1                -2.359      0.979     -2.411      0.016
    M2                -2.134      0.888     -2.404      0.016
    M3                -2.116      0.880     -2.404      0.016

 Variances
    GENDER1            1.000      0.000    999.000    999.000
    AGE1               1.000      0.000    999.000    999.000
    EDUCATION_         1.000      0.000    999.000    999.000
    EDUCATION_         1.000      0.000    999.000    999.000
    UNEMPLOYED         1.000      0.000    999.000    999.000
    UNEMPLOYED         1.000      0.000    999.000    999.000
    FIN1               1.000      0.000    999.000    999.000
    FIN2               1.000      0.000    999.000    999.000
    FIN3               1.000      0.000    999.000    999.000
    RIX                1.000      0.000    999.000    999.000
    RIY                1.000      0.000    999.000    999.000
    RIM                1.000      0.000    999.000    999.000
    WX1                1.000      0.000    999.000    999.000
    WY1                1.000      0.000    999.000    999.000
    WM1                1.000      0.000    999.000    999.000

 Residual Variances
    X1                 0.000      0.000      0.000      1.000
    X2                 0.000      0.000      0.000      1.000
    X3                 0.000      0.000      0.000      1.000
    Y1                 0.000      0.000      0.000      1.000
    Y2                 0.000      0.000      0.000      1.000
    Y3                 0.000      0.000      0.000      1.000
    M1                 0.000      0.000      0.000      1.000
    M2                 0.000      0.000      0.000      1.000
    M3                 0.000      0.000      0.000      1.000
    WX2                0.990      0.014     69.974      0.000
    WX3                0.987      0.018     55.806      0.000
    WY2                0.958      0.029     32.949      0.000
    WY3                0.958      0.029     32.569      0.000
    WM2                0.919      0.035     26.536      0.000
    WM3                0.882      0.042     21.250      0.000


R-SQUARE

    Observed                                        Two-Tailed
    Variable        Estimate       S.E.  Est./S.E.    P-Value

    X1                 1.000      0.000    999.000    999.000
    X2                 1.000      0.000    999.000    999.000
    X3                 1.000      0.000    999.000    999.000
    Y1                 1.000      0.000    999.000    999.000
    Y2                 1.000      0.000    999.000    999.000
    Y3                 1.000      0.000    999.000    999.000
    M1                 1.000      0.000    999.000    999.000
    M2                 1.000      0.000    999.000    999.000
    M3                 1.000      0.000    999.000    999.000

     Latent                                         Two-Tailed
    Variable        Estimate       S.E.  Est./S.E.    P-Value

    WX2                0.010      0.014      0.719      0.472
    WX3                0.013      0.018      0.742      0.458
    WY2                0.042      0.029      1.442      0.149
    WY3                0.042      0.029      1.431      0.153
    WM2                0.081      0.035      2.326      0.020
    WM3                0.118      0.042      2.833      0.005


CONFIDENCE INTERVALS OF MODEL RESULTS

                  Lower .5%  Lower 2.5%    Lower 5%    Estimate    Upper 5%  Upper 2.5%   Upper .5%

 RIX      BY
    X1               1.000       1.000       1.000       1.000       1.000       1.000       1.000
    X2               1.000       1.000       1.000       1.000       1.000       1.000       1.000
    X3               1.000       1.000       1.000       1.000       1.000       1.000       1.000

 RIY      BY
    Y1               1.000       1.000       1.000       1.000       1.000       1.000       1.000
    Y2               1.000       1.000       1.000       1.000       1.000       1.000       1.000
    Y3               1.000       1.000       1.000       1.000       1.000       1.000       1.000

 RIM      BY
    M1               1.000       1.000       1.000       1.000       1.000       1.000       1.000
    M2               1.000       1.000       1.000       1.000       1.000       1.000       1.000
    M3               1.000       1.000       1.000       1.000       1.000       1.000       1.000

 WX1      BY
    X1               1.000       1.000       1.000       1.000       1.000       1.000       1.000

 WX2      BY
    X2               1.000       1.000       1.000       1.000       1.000       1.000       1.000

 WX3      BY
    X3               1.000       1.000       1.000       1.000       1.000       1.000       1.000

 WY1      BY
    Y1               1.000       1.000       1.000       1.000       1.000       1.000       1.000

 WY2      BY
    Y2               1.000       1.000       1.000       1.000       1.000       1.000       1.000

 WY3      BY
    Y3               1.000       1.000       1.000       1.000       1.000       1.000       1.000

 WM1      BY
    M1               1.000       1.000       1.000       1.000       1.000       1.000       1.000

 WM2      BY
    M2               1.000       1.000       1.000       1.000       1.000       1.000       1.000

 WM3      BY
    M3               1.000       1.000       1.000       1.000       1.000       1.000       1.000

 WY2      ON
    WY1             -0.004       0.041       0.065       0.188       0.308       0.333       0.379
    WX1             -0.197      -0.155      -0.134      -0.022       0.090       0.110       0.156
    WM1             -0.176      -0.111      -0.081       0.083       0.238       0.267       0.328

 WY3      ON
    WY2             -0.004       0.041       0.065       0.188       0.308       0.333       0.379
    WX2             -0.197      -0.155      -0.134      -0.022       0.090       0.110       0.156
    WM2             -0.176      -0.111      -0.081       0.083       0.238       0.267       0.328

 WX2      ON
    WX1             -0.094      -0.056      -0.034       0.078       0.191       0.212       0.254
    WY1             -0.099      -0.079      -0.069      -0.017       0.032       0.042       0.063
    WM1             -0.081      -0.044      -0.025       0.081       0.189       0.210       0.248

 WX3      ON
    WX2             -0.094      -0.056      -0.034       0.078       0.191       0.212       0.254
    WY2             -0.099      -0.079      -0.069      -0.017       0.032       0.042       0.063
    WM2             -0.081      -0.044      -0.025       0.081       0.189       0.210       0.248

 WM2      ON
    WM1              0.172       0.205       0.225       0.331       0.439       0.460       0.507
    WX1             -0.104      -0.083      -0.071      -0.014       0.043       0.054       0.077
    WY1             -0.017      -0.004       0.002       0.039       0.074       0.080       0.094

 WM3      ON
    WM2              0.172       0.205       0.225       0.331       0.439       0.460       0.507
    WX2             -0.104      -0.083      -0.071      -0.014       0.043       0.054       0.077
    WY2             -0.017      -0.004       0.002       0.039       0.074       0.080       0.094

 X1       ON
    GENDER1          0.438       0.473       0.491       0.586       0.681       0.698       0.733
    AGE1            -0.025       0.004       0.020       0.103       0.185       0.203       0.234
    EDUCATION_      -0.049      -0.029      -0.018       0.035       0.091       0.101       0.121
    EDUCATION_      -0.027      -0.008       0.001       0.052       0.102       0.111       0.130
    UNEMPLOYED      -0.275      -0.228      -0.205      -0.083       0.043       0.070       0.121
    UNEMPLOYED      -0.073      -0.010       0.020       0.180       0.341       0.374       0.433
    FIN1            -0.027      -0.009      -0.001       0.049       0.096       0.107       0.123

 X2       ON
    GENDER1          0.256       0.291       0.311       0.410       0.509       0.526       0.568
    AGE1            -0.030       0.000       0.016       0.099       0.183       0.199       0.231
    EDUCATION_      -0.066      -0.045      -0.034       0.022       0.079       0.091       0.113
    EDUCATION_      -0.034      -0.013      -0.002       0.053       0.107       0.117       0.136
    UNEMPLOYED      -0.242      -0.183      -0.158      -0.030       0.105       0.127       0.179
    UNEMPLOYED      -0.049       0.017       0.052       0.235       0.418       0.454       0.523
    FIN2             0.027       0.044       0.053       0.104       0.153       0.163       0.180

 X3       ON
    GENDER1          0.264       0.303       0.321       0.420       0.520       0.539       0.577
    AGE1            -0.023       0.007       0.022       0.105       0.188       0.204       0.236
    EDUCATION_      -0.058      -0.038      -0.027       0.032       0.089       0.100       0.121
    EDUCATION_      -0.052      -0.030      -0.021       0.035       0.089       0.101       0.121
    UNEMPLOYED      -0.254      -0.200      -0.174      -0.045       0.088       0.113       0.162
    UNEMPLOYED      -0.005       0.060       0.095       0.265       0.434       0.463       0.529
    FIN3             0.003       0.024       0.033       0.087       0.142       0.153       0.175

 Y1       ON
    GENDER1         -0.456      -0.411      -0.388      -0.268      -0.149      -0.127      -0.082
    AGE1            -0.026       0.011       0.030       0.124       0.221       0.239       0.275
    EDUCATION_      -0.149      -0.118      -0.105      -0.029       0.047       0.060       0.087
    EDUCATION_      -0.105      -0.078      -0.064       0.011       0.090       0.104       0.134
    UNEMPLOYED      -0.457      -0.374      -0.336      -0.146       0.042       0.075       0.136
    UNEMPLOYED      -0.270      -0.176      -0.120       0.140       0.387       0.432       0.530
    FIN1             0.324       0.351       0.364       0.435       0.503       0.516       0.541

 Y2       ON
    GENDER1         -0.313      -0.268      -0.248      -0.128      -0.006       0.015       0.056
    AGE1            -0.049      -0.010       0.011       0.106       0.203       0.223       0.257
    EDUCATION_      -0.075      -0.046      -0.033       0.039       0.109       0.121       0.146
    EDUCATION_      -0.085      -0.057      -0.043       0.031       0.106       0.122       0.151
    UNEMPLOYED      -0.403      -0.338      -0.305      -0.123       0.060       0.093       0.156
    UNEMPLOYED      -0.399      -0.290      -0.240       0.000       0.229       0.270       0.351
    FIN2             0.316       0.345       0.358       0.427       0.495       0.507       0.531

 Y3       ON
    GENDER1         -0.173      -0.131      -0.107       0.018       0.144       0.166       0.218
    AGE1            -0.083      -0.044      -0.025       0.071       0.167       0.188       0.221
    EDUCATION_      -0.077      -0.050      -0.036       0.033       0.103       0.115       0.137
    EDUCATION_      -0.062      -0.036      -0.025       0.041       0.109       0.121       0.144
    UNEMPLOYED      -0.299      -0.234      -0.202      -0.032       0.137       0.170       0.232
    UNEMPLOYED      -0.355      -0.245      -0.194       0.049       0.284       0.324       0.403
    FIN3             0.431       0.458       0.471       0.543       0.615       0.628       0.658

 M1       ON
    GENDER1         -0.269      -0.240      -0.226      -0.156      -0.088      -0.074      -0.050
    AGE1            -0.024      -0.002       0.011       0.075       0.139       0.151       0.176
    EDUCATION_      -0.087      -0.073      -0.064      -0.023       0.019       0.027       0.041
    EDUCATION_      -0.041      -0.024      -0.017       0.023       0.062       0.070       0.085
    UNEMPLOYED      -0.140      -0.103      -0.081       0.018       0.117       0.135       0.173
    UNEMPLOYED      -0.043       0.010       0.038       0.184       0.329       0.356       0.414
    FIN1             0.054       0.067       0.073       0.109       0.144       0.151       0.166

 M2       ON
    GENDER1         -0.273      -0.246      -0.232      -0.154      -0.081      -0.066      -0.037
    AGE1            -0.026      -0.005       0.009       0.072       0.137       0.148       0.173
    EDUCATION_      -0.073      -0.058      -0.049      -0.006       0.038       0.046       0.063
    EDUCATION_      -0.052      -0.035      -0.027       0.017       0.060       0.069       0.085
    UNEMPLOYED      -0.165      -0.118      -0.097       0.012       0.122       0.145       0.182
    UNEMPLOYED      -0.250      -0.188      -0.155      -0.003       0.153       0.184       0.237
    FIN2             0.054       0.067       0.074       0.110       0.147       0.155       0.169

 M3       ON
    GENDER1         -0.236      -0.203      -0.187      -0.107      -0.030      -0.015       0.011
    AGE1            -0.027      -0.005       0.007       0.071       0.134       0.147       0.171
    EDUCATION_      -0.066      -0.050      -0.042       0.003       0.047       0.055       0.070
    EDUCATION_      -0.060      -0.043      -0.034       0.010       0.054       0.063       0.078
    UNEMPLOYED      -0.209      -0.174      -0.152      -0.043       0.063       0.084       0.130
    UNEMPLOYED      -0.104      -0.036      -0.005       0.143       0.288       0.315       0.371
    FIN3             0.043       0.058       0.066       0.106       0.147       0.155       0.169

 RIX      WITH
    RIY              0.078       0.094       0.104       0.154       0.202       0.213       0.233
    RIM              0.134       0.146       0.153       0.187       0.215       0.221       0.232

 RIY      WITH
    RIM              0.093       0.114       0.124       0.173       0.215       0.224       0.240

 WX1      WITH
    WY1             -0.093      -0.074      -0.064      -0.020       0.020       0.028       0.042
    WM1              0.001       0.012       0.016       0.040       0.066       0.071       0.081

 WY1      WITH
    WM1              0.016       0.029       0.038       0.082       0.134       0.146       0.172

 WX2      WITH
    WY2             -0.001       0.012       0.019       0.057       0.092       0.100       0.115
    WM2              0.045       0.051       0.055       0.075       0.093       0.097       0.104

 WY2      WITH
    WM2              0.055       0.066       0.072       0.098       0.122       0.126       0.137

 WX3      WITH
    WY3             -0.001       0.012       0.019       0.057       0.092       0.100       0.115
    WM3              0.045       0.051       0.055       0.075       0.093       0.097       0.104

 WY3      WITH
    WM3              0.055       0.066       0.072       0.098       0.122       0.126       0.137

 GENDER1  WITH
    AGE1            -0.019      -0.015      -0.013      -0.001       0.012       0.014       0.019
    EDUCATION_      -0.074      -0.065      -0.060      -0.036      -0.011      -0.006       0.004
    EDUCATION_      -0.060      -0.051      -0.046      -0.022       0.003       0.008       0.018
    UNEMPLOYED      -0.017      -0.014      -0.012      -0.003       0.006       0.008       0.011
    UNEMPLOYED      -0.012      -0.010      -0.008      -0.002       0.005       0.006       0.009
    FIN1            -0.020      -0.012      -0.008       0.014       0.035       0.039       0.047
    FIN2            -0.036      -0.027      -0.023      -0.002       0.020       0.024       0.031
    FIN3            -0.030      -0.021      -0.017       0.005       0.028       0.032       0.040

 AGE1     WITH
    EDUCATION_      -0.075      -0.067      -0.062      -0.037      -0.012      -0.008       0.002
    EDUCATION_      -0.057      -0.049      -0.044      -0.018       0.007       0.012       0.022
    UNEMPLOYED      -0.002       0.001       0.003       0.012       0.021       0.022       0.025
    UNEMPLOYED      -0.009      -0.006      -0.005       0.002       0.008       0.009       0.012
    FIN1            -0.039      -0.031      -0.027      -0.005       0.016       0.021       0.028
    FIN2            -0.044      -0.036      -0.031      -0.010       0.011       0.015       0.023
    FIN3            -0.047      -0.038      -0.034      -0.012       0.010       0.015       0.023

 EDUCATIO WITH
    EDUCATION_       0.373       0.393       0.403       0.452       0.501       0.511       0.530
    UNEMPLOYED      -0.120      -0.111      -0.107      -0.088      -0.069      -0.065      -0.058
    UNEMPLOYED      -0.046      -0.041      -0.038      -0.024      -0.010      -0.007      -0.001
    FIN1             0.047       0.063       0.071       0.116       0.161       0.169       0.188
    FIN2             0.064       0.079       0.087       0.130       0.172       0.180       0.195
    FIN3             0.064       0.081       0.089       0.134       0.179       0.187       0.204

 EDUCATIO WITH
    UNEMPLOYED      -0.086      -0.079      -0.075      -0.057      -0.038      -0.034      -0.027
    UNEMPLOYED      -0.050      -0.045      -0.043      -0.031      -0.018      -0.016      -0.012
    FIN1             0.074       0.091       0.100       0.145       0.190       0.201       0.217
    FIN2             0.108       0.122       0.130       0.173       0.216       0.224       0.240
    FIN3             0.112       0.129       0.139       0.183       0.228       0.237       0.253

 UNEMPLOY WITH
    UNEMPLOYED       0.004       0.006       0.007       0.013       0.020       0.022       0.025
    FIN1            -0.062      -0.054      -0.051      -0.033      -0.015      -0.011      -0.005
    FIN2            -0.055      -0.048      -0.045      -0.029      -0.012      -0.009      -0.003
    FIN3            -0.067      -0.061      -0.057      -0.040      -0.023      -0.019      -0.013

 UNEMPLOY WITH
    FIN1            -0.048      -0.043      -0.040      -0.027      -0.013      -0.010      -0.005
    FIN2            -0.037      -0.033      -0.031      -0.020      -0.009      -0.007      -0.003
    FIN3            -0.040      -0.035      -0.033      -0.020      -0.008      -0.006      -0.001

 FIN1     WITH
    FIN2             0.440       0.456       0.463       0.505       0.545       0.553       0.567
    FIN3             0.420       0.434       0.442       0.484       0.526       0.533       0.550

 FIN2     WITH
    FIN3             0.441       0.456       0.463       0.504       0.544       0.552       0.567

 Means
    GENDER1          0.607       0.616       0.621       0.646       0.671       0.676       0.685
    AGE1            15.598      15.608      15.612      15.638      15.663      15.669      15.679
    EDUCATION_       3.827       3.846       3.855       3.906       3.959       3.968       3.987
    EDUCATION_       3.670       3.691       3.701       3.754       3.806       3.817       3.838
    UNEMPLOYED       0.124       0.132       0.135       0.154       0.173       0.176       0.184
    UNEMPLOYED       0.049       0.054       0.056       0.070       0.084       0.087       0.091
    FIN1             3.684       3.702       3.712       3.756       3.800       3.808       3.827
    FIN2             3.707       3.724       3.733       3.776       3.820       3.829       3.843
    FIN3             3.682       3.699       3.707       3.754       3.800       3.808       3.824

 Intercepts
    X1              -4.616      -4.101      -3.844      -2.518      -1.192      -0.951      -0.480
    X2              -4.616      -4.101      -3.844      -2.518      -1.192      -0.951      -0.480
    X3              -4.616      -4.101      -3.844      -2.518      -1.192      -0.951      -0.480
    Y1              -0.477       0.018       0.325       1.874       3.396       3.697       4.342
    Y2              -0.477       0.018       0.325       1.874       3.396       3.697       4.342
    Y3              -0.477       0.018       0.325       1.874       3.396       3.697       4.342
    M1              -3.103      -2.734      -2.539      -1.500      -0.481      -0.277       0.070
    M2              -3.103      -2.734      -2.539      -1.500      -0.481      -0.277       0.070
    M3              -3.103      -2.734      -2.539      -1.500      -0.481      -0.277       0.070

 Variances
    GENDER1          0.216       0.219       0.221       0.229       0.235       0.236       0.238
    AGE1             0.220       0.223       0.225       0.233       0.240       0.241       0.244
    EDUCATION_       0.885       0.900       0.906       0.946       0.986       0.996       1.013
    EDUCATION_       0.914       0.929       0.938       0.984       1.030       1.039       1.058
    UNEMPLOYED       0.109       0.114       0.117       0.130       0.143       0.145       0.150
    UNEMPLOYED       0.047       0.051       0.053       0.065       0.077       0.079       0.083
    FIN1             0.658       0.672       0.681       0.727       0.771       0.780       0.799
    FIN2             0.618       0.632       0.640       0.684       0.728       0.737       0.753
    FIN3             0.669       0.687       0.697       0.750       0.803       0.813       0.833
    RIX              0.354       0.372       0.382       0.438       0.483       0.493       0.511
    RIY              0.310       0.352       0.375       0.486       0.574       0.593       0.629
    RIM              0.162       0.180       0.190       0.233       0.265       0.271       0.282
    WX1              0.233       0.246       0.253       0.294       0.338       0.348       0.371
    WY1              0.505       0.547       0.567       0.693       0.831       0.862       0.922
    WM1              0.110       0.120       0.124       0.154       0.193       0.202       0.223

 Residual Variances
    X1               0.000       0.000       0.000       0.000       0.000       0.000       0.000
    X2               0.000       0.000       0.000       0.000       0.000       0.000       0.000
    X3               0.000       0.000       0.000       0.000       0.000       0.000       0.000
    Y1               0.000       0.000       0.000       0.000       0.000       0.000       0.000
    Y2               0.000       0.000       0.000       0.000       0.000       0.000       0.000
    Y3               0.000       0.000       0.000       0.000       0.000       0.000       0.000
    M1               0.000       0.000       0.000       0.000       0.000       0.000       0.000
    M2               0.000       0.000       0.000       0.000       0.000       0.000       0.000
    M3               0.000       0.000       0.000       0.000       0.000       0.000       0.000
    WX2              0.256       0.270       0.278       0.323       0.362       0.369       0.386
    WX3              0.256       0.270       0.278       0.323       0.362       0.369       0.386
    WY2              0.487       0.522       0.540       0.644       0.741       0.762       0.804
    WY3              0.487       0.522       0.540       0.644       0.741       0.762       0.804
    WM2              0.195       0.201       0.204       0.226       0.243       0.247       0.255
    WM3              0.195       0.201       0.204       0.226       0.243       0.247       0.255

New/Additional Parameters
    IND             -0.021      -0.014      -0.010      -0.001       0.004       0.006       0.011


CONFIDENCE INTERVALS OF STANDARDIZED MODEL RESULTS


STDYX Standardization

                  Lower .5%  Lower 2.5%    Lower 5%    Estimate    Upper 5%  Upper 2.5%   Upper .5%

 RIX      BY
    X1               0.668       0.683       0.691       0.730       0.758       0.764       0.773
    X2               0.664       0.680       0.689       0.731       0.762       0.768       0.779
    X3               0.661       0.678       0.687       0.731       0.762       0.768       0.779

 RIY      BY
    Y1               0.478       0.513       0.529       0.603       0.655       0.665       0.684
    Y2               0.483       0.519       0.535       0.610       0.663       0.673       0.695
    Y3               0.468       0.500       0.517       0.590       0.642       0.652       0.671

 RIM      BY
    M1               0.634       0.674       0.691       0.759       0.801       0.808       0.821
    M2               0.579       0.614       0.628       0.687       0.722       0.728       0.739
    M3               0.571       0.605       0.620       0.681       0.718       0.725       0.738

 WX1      BY
    X1               0.542       0.554       0.561       0.599       0.637       0.645       0.662

 WX2      BY
    X2               0.566       0.582       0.589       0.631       0.673       0.682       0.698

 WX3      BY
    X3               0.567       0.582       0.590       0.632       0.675       0.683       0.701

 WY1      BY
    Y1               0.638       0.658       0.668       0.721       0.774       0.783       0.804

 WY2      BY
    Y2               0.632       0.652       0.662       0.717       0.774       0.785       0.806

 WY3      BY
    Y3               0.610       0.631       0.640       0.694       0.750       0.761       0.783

 WM1      BY
    M1               0.528       0.546       0.556       0.618       0.689       0.705       0.739

 WM2      BY
    M2               0.644       0.657       0.664       0.705       0.753       0.764       0.791

 WM3      BY
    M3               0.650       0.664       0.671       0.713       0.763       0.774       0.800

 WY2      ON
    WY1             -0.004       0.042       0.068       0.191       0.305       0.326       0.371
    WX1             -0.135      -0.104      -0.090      -0.015       0.059       0.072       0.101
    WM1             -0.083      -0.052      -0.038       0.040       0.118       0.135       0.171

 WY3      ON
    WY2             -0.004       0.040       0.065       0.188       0.307       0.332       0.378
    WX2             -0.136      -0.107      -0.093      -0.015       0.064       0.077       0.110
    WM2             -0.100      -0.065      -0.048       0.050       0.148       0.167       0.210

 WX2      ON
    WX1             -0.097      -0.056      -0.034       0.074       0.176       0.195       0.233
    WY1             -0.145      -0.115      -0.099      -0.024       0.047       0.062       0.093
    WM1             -0.055      -0.029      -0.017       0.055       0.136       0.153       0.185

 WX3      ON
    WX2             -0.094      -0.056      -0.034       0.078       0.190       0.211       0.252
    WY2             -0.142      -0.112      -0.098      -0.024       0.046       0.061       0.092
    WM2             -0.070      -0.038      -0.022       0.070       0.166       0.186       0.221

 WM2      ON
    WM1              0.130       0.157       0.173       0.262       0.363       0.384       0.428
    WX1             -0.114      -0.091      -0.078      -0.016       0.048       0.059       0.084
    WY1             -0.029      -0.007       0.004       0.066       0.125       0.136       0.159

 WM3      ON
    WM2              0.170       0.203       0.222       0.324       0.427       0.445       0.489
    WX2             -0.115      -0.092      -0.079      -0.016       0.049       0.062       0.089
    WY2             -0.027      -0.006       0.004       0.064       0.120       0.130       0.154

 X1       ON
    GENDER1          0.234       0.252       0.261       0.309       0.356       0.365       0.381
    AGE1            -0.013       0.002       0.010       0.055       0.099       0.108       0.124
    EDUCATION_      -0.053      -0.031      -0.020       0.038       0.097       0.108       0.128
    EDUCATION_      -0.030      -0.009       0.002       0.057       0.111       0.122       0.143
    UNEMPLOYED      -0.109      -0.091      -0.082      -0.033       0.017       0.027       0.047
    UNEMPLOYED      -0.020      -0.003       0.006       0.051       0.095       0.104       0.120
    FIN1            -0.025      -0.009      -0.001       0.046       0.090       0.100       0.116

 X2       ON
    GENDER1          0.137       0.155       0.165       0.217       0.267       0.276       0.297
    AGE1            -0.016       0.000       0.009       0.053       0.098       0.106       0.124
    EDUCATION_      -0.069      -0.048      -0.037       0.024       0.084       0.098       0.121
    EDUCATION_      -0.037      -0.014      -0.002       0.058       0.117       0.129       0.148
    UNEMPLOYED      -0.096      -0.072      -0.063      -0.012       0.041       0.051       0.070
    UNEMPLOYED      -0.014       0.005       0.015       0.066       0.117       0.127       0.147
    FIN2             0.024       0.040       0.049       0.095       0.139       0.148       0.165

 X3       ON
    GENDER1          0.139       0.161       0.170       0.222       0.273       0.283       0.301
    AGE1            -0.012       0.004       0.011       0.056       0.100       0.108       0.125
    EDUCATION_      -0.062      -0.041      -0.029       0.034       0.095       0.107       0.130
    EDUCATION_      -0.056      -0.033      -0.023       0.038       0.097       0.110       0.133
    UNEMPLOYED      -0.102      -0.080      -0.069      -0.018       0.035       0.045       0.064
    UNEMPLOYED      -0.002       0.016       0.026       0.075       0.122       0.131       0.147
    FIN3             0.003       0.023       0.032       0.083       0.135       0.145       0.166

 Y1       ON
    GENDER1         -0.187      -0.169      -0.160      -0.111      -0.062      -0.053      -0.034
    AGE1            -0.011       0.004       0.012       0.052       0.092       0.100       0.116
    EDUCATION_      -0.124      -0.100      -0.088      -0.024       0.039       0.051       0.074
    EDUCATION_      -0.090      -0.067      -0.055       0.010       0.076       0.089       0.114
    UNEMPLOYED      -0.140      -0.115      -0.104      -0.046       0.013       0.024       0.043
    UNEMPLOYED      -0.059      -0.039      -0.026       0.031       0.085       0.095       0.116
    FIN1             0.235       0.256       0.267       0.321       0.374       0.382       0.402

 Y2       ON
    GENDER1         -0.131      -0.112      -0.103      -0.053      -0.003       0.006       0.024
    AGE1            -0.020      -0.004       0.004       0.045       0.086       0.094       0.109
    EDUCATION_      -0.063      -0.040      -0.027       0.033       0.092       0.103       0.124
    EDUCATION_      -0.074      -0.049      -0.038       0.027       0.092       0.105       0.129
    UNEMPLOYED      -0.126      -0.106      -0.096      -0.039       0.019       0.030       0.049
    UNEMPLOYED      -0.087      -0.065      -0.054       0.000       0.050       0.059       0.076
    FIN2             0.228       0.248       0.259       0.309       0.357       0.366       0.386

 Y3       ON
    GENDER1         -0.070      -0.053      -0.043       0.007       0.058       0.067       0.086
    AGE1            -0.034      -0.018      -0.010       0.029       0.069       0.077       0.090
    EDUCATION_      -0.063      -0.041      -0.030       0.027       0.084       0.094       0.113
    EDUCATION_      -0.052      -0.030      -0.021       0.034       0.091       0.101       0.120
    UNEMPLOYED      -0.091      -0.072      -0.061      -0.010       0.042       0.052       0.072
    UNEMPLOYED      -0.077      -0.053      -0.042       0.011       0.061       0.070       0.087
    FIN3             0.318       0.336       0.346       0.398       0.447       0.456       0.475

 M1       ON
    GENDER1         -0.202      -0.179      -0.169      -0.117      -0.066      -0.056      -0.037
    AGE1            -0.019      -0.002       0.009       0.057       0.105       0.114       0.133
    EDUCATION_      -0.133      -0.111      -0.098      -0.035       0.029       0.041       0.062
    EDUCATION_      -0.064      -0.038      -0.026       0.036       0.097       0.109       0.131
    UNEMPLOYED      -0.080      -0.058      -0.046       0.010       0.066       0.077       0.100
    UNEMPLOYED      -0.017       0.004       0.015       0.074       0.132       0.142       0.165
    FIN1             0.072       0.089       0.098       0.146       0.194       0.203       0.222

 M2       ON
    GENDER1         -0.185      -0.166      -0.156      -0.105      -0.055      -0.045      -0.026
    AGE1            -0.017      -0.003       0.006       0.050       0.094       0.102       0.120
    EDUCATION_      -0.101      -0.080      -0.068      -0.008       0.053       0.064       0.088
    EDUCATION_      -0.073      -0.050      -0.038       0.024       0.084       0.097       0.121
    UNEMPLOYED      -0.083      -0.060      -0.050       0.006       0.062       0.074       0.092
    UNEMPLOYED      -0.089      -0.068      -0.056      -0.001       0.055       0.066       0.086
    FIN2             0.063       0.078       0.086       0.130       0.174       0.183       0.198

 M3       ON
    GENDER1         -0.157      -0.136      -0.126      -0.072      -0.020      -0.010       0.007
    AGE1            -0.019      -0.004       0.005       0.048       0.092       0.100       0.117
    EDUCATION_      -0.089      -0.069      -0.057       0.004       0.064       0.076       0.096
    EDUCATION_      -0.082      -0.060      -0.047       0.014       0.075       0.087       0.109
    UNEMPLOYED      -0.105      -0.087      -0.077      -0.022       0.032       0.043       0.066
    UNEMPLOYED      -0.036      -0.013      -0.002       0.051       0.103       0.113       0.133
    FIN3             0.053       0.072       0.081       0.129       0.178       0.188       0.205

 RIX      WITH
    RIY              0.179       0.215       0.234       0.334       0.453       0.479       0.526
    RIM              0.476       0.504       0.518       0.585       0.656       0.671       0.706

 RIY      WITH
    RIM              0.346       0.397       0.418       0.514       0.619       0.641       0.692

 WX1      WITH
    WY1             -0.194      -0.158      -0.138      -0.045       0.045       0.062       0.093
    WM1              0.007       0.057       0.079       0.189       0.297       0.315       0.351

 WY1      WITH
    WM1              0.055       0.099       0.127       0.249       0.370       0.394       0.431

 WX2      WITH
    WY2             -0.001       0.027       0.043       0.125       0.203       0.219       0.249
    WM2              0.171       0.195       0.206       0.276       0.346       0.359       0.384

 WY2      WITH
    WM2              0.149       0.177       0.192       0.258       0.320       0.332       0.355

 WX3      WITH
    WY3             -0.001       0.027       0.043       0.125       0.203       0.219       0.249
    WM3              0.171       0.195       0.206       0.276       0.346       0.359       0.384

 WY3      WITH
    WM3              0.149       0.177       0.192       0.258       0.320       0.332       0.355

 GENDER1  WITH
    AGE1            -0.084      -0.065      -0.056      -0.003       0.050       0.060       0.080
    EDUCATION_      -0.158      -0.140      -0.130      -0.077      -0.024      -0.013       0.008
    EDUCATION_      -0.126      -0.107      -0.097      -0.046       0.006       0.016       0.038
    UNEMPLOYED      -0.100      -0.080      -0.070      -0.016       0.037       0.047       0.066
    UNEMPLOYED      -0.102      -0.079      -0.068      -0.014       0.040       0.050       0.072
    FIN1            -0.048      -0.030      -0.020       0.034       0.085       0.096       0.114
    FIN2            -0.090      -0.069      -0.059      -0.004       0.049       0.060       0.077
    FIN3            -0.073      -0.052      -0.042       0.013       0.067       0.076       0.095

 AGE1     WITH
    EDUCATION_      -0.159      -0.142      -0.131      -0.078      -0.026      -0.016       0.003
    EDUCATION_      -0.119      -0.102      -0.092      -0.038       0.015       0.025       0.047
    UNEMPLOYED      -0.013       0.008       0.017       0.069       0.118       0.127       0.144
    UNEMPLOYED      -0.072      -0.049      -0.039       0.015       0.066       0.076       0.095
    FIN1            -0.096      -0.075      -0.066      -0.013       0.040       0.050       0.070
    FIN2            -0.108      -0.089      -0.078      -0.025       0.027       0.038       0.058
    FIN3            -0.110      -0.092      -0.082      -0.029       0.024       0.035       0.055

 EDUCATIO WITH
    EDUCATION_       0.395       0.413       0.422       0.469       0.515       0.523       0.539
    UNEMPLOYED      -0.326      -0.308      -0.298      -0.250      -0.200      -0.190      -0.172
    UNEMPLOYED      -0.180      -0.159      -0.150      -0.096      -0.040      -0.029      -0.006
    FIN1             0.058       0.077       0.087       0.140       0.193       0.203       0.222
    FIN2             0.079       0.099       0.109       0.161       0.212       0.222       0.240
    FIN3             0.077       0.097       0.106       0.159       0.211       0.221       0.240

 EDUCATIO WITH
    UNEMPLOYED      -0.236      -0.217      -0.207      -0.158      -0.107      -0.098      -0.077
    UNEMPLOYED      -0.188      -0.172      -0.164      -0.121      -0.076      -0.067      -0.050
    FIN1             0.088       0.108       0.118       0.172       0.225       0.236       0.256
    FIN2             0.133       0.150       0.159       0.211       0.261       0.271       0.290
    FIN3             0.133       0.152       0.163       0.213       0.264       0.274       0.292

 UNEMPLOY WITH
    UNEMPLOYED       0.041       0.066       0.078       0.147       0.215       0.230       0.258
    FIN1            -0.196      -0.175      -0.165      -0.106      -0.049      -0.038      -0.017
    FIN2            -0.182      -0.159      -0.150      -0.096      -0.041      -0.030      -0.011
    FIN3            -0.213      -0.191      -0.181      -0.128      -0.075      -0.064      -0.042

 UNEMPLOY WITH
    FIN1            -0.214      -0.192      -0.181      -0.122      -0.062      -0.050      -0.026
    FIN2            -0.170      -0.152      -0.143      -0.094      -0.045      -0.035      -0.017
    FIN3            -0.174      -0.155      -0.145      -0.091      -0.037      -0.027      -0.006

 FIN1     WITH
    FIN2             0.663       0.677       0.684       0.715       0.745       0.750       0.761
    FIN3             0.593       0.608       0.615       0.656       0.693       0.700       0.713

 FIN2     WITH
    FIN3             0.644       0.659       0.668       0.703       0.737       0.742       0.754

 Means
    GENDER1          1.243       1.268       1.279       1.351       1.428       1.443       1.476
    AGE1            31.618      31.785      31.878      32.399      33.018      33.146      33.447
    EDUCATION_       3.852       3.892       3.913       4.016       4.125       4.147       4.185
    EDUCATION_       3.630       3.671       3.689       3.785       3.886       3.904       3.944
    UNEMPLOYED       0.376       0.389       0.395       0.427       0.457       0.463       0.474
    UNEMPLOYED       0.227       0.238       0.244       0.274       0.302       0.308       0.317
    FIN1             4.182       4.239       4.265       4.404       4.564       4.597       4.653
    FIN2             4.331       4.385       4.414       4.567       4.731       4.766       4.822
    FIN3             4.085       4.143       4.175       4.336       4.510       4.549       4.624

 Intercepts
    X1              -5.076      -4.515      -4.233      -2.780      -1.314      -1.055      -0.528
    X2              -5.086      -4.523      -4.242      -2.784      -1.317      -1.045      -0.530
    X3              -5.069      -4.520      -4.239      -2.782      -1.315      -1.051      -0.528
    Y1              -0.405       0.016       0.282       1.622       2.939       3.199       3.749
    Y2              -0.416       0.015       0.283       1.639       2.979       3.232       3.818
    Y3              -0.401       0.015       0.275       1.585       2.883       3.124       3.680
    M1              -4.882      -4.263      -3.974      -2.359      -0.767      -0.438       0.110
    M2              -4.433      -3.867      -3.603      -2.134      -0.691      -0.396       0.098
    M3              -4.393      -3.843      -3.571      -2.116      -0.683      -0.395       0.098

 Variances
    GENDER1          1.000       1.000       1.000       1.000       1.000       1.000       1.000
    AGE1             1.000       1.000       1.000       1.000       1.000       1.000       1.000
    EDUCATION_       1.000       1.000       1.000       1.000       1.000       1.000       1.000
    EDUCATION_       1.000       1.000       1.000       1.000       1.000       1.000       1.000
    UNEMPLOYED       1.000       1.000       1.000       1.000       1.000       1.000       1.000
    UNEMPLOYED       1.000       1.000       1.000       1.000       1.000       1.000       1.000
    FIN1             1.000       1.000       1.000       1.000       1.000       1.000       1.000
    FIN2             1.000       1.000       1.000       1.000       1.000       1.000       1.000
    FIN3             1.000       1.000       1.000       1.000       1.000       1.000       1.000
    RIX              1.000       1.000       1.000       1.000       1.000       1.000       1.000
    RIY              1.000       1.000       1.000       1.000       1.000       1.000       1.000
    RIM              1.000       1.000       1.000       1.000       1.000       1.000       1.000
    WX1              1.000       1.000       1.000       1.000       1.000       1.000       1.000
    WY1              1.000       1.000       1.000       1.000       1.000       1.000       1.000
    WM1              1.000       1.000       1.000       1.000       1.000       1.000       1.000

 Residual Variances
    X1               0.000       0.000       0.000       0.000       0.000       0.000       0.000
    X2               0.000       0.000       0.000       0.000       0.000       0.000       0.000
    X3               0.000       0.000       0.000       0.000       0.000       0.000       0.000
    Y1               0.000       0.000       0.000       0.000       0.000       0.000       0.000
    Y2               0.000       0.000       0.000       0.000       0.000       0.000       0.000
    Y3               0.000       0.000       0.000       0.000       0.000       0.000       0.000
    M1               0.000       0.000       0.000       0.000       0.000       0.000       0.000
    M2               0.000       0.000       0.000       0.000       0.000       0.000       0.000
    M3               0.000       0.000       0.000       0.000       0.000       0.000       0.000
    WX2              0.926       0.945       0.954       0.990       0.997       0.998       0.999
    WX3              0.910       0.932       0.942       0.987       0.997       0.998       0.999
    WY2              0.849       0.881       0.895       0.958       0.988       0.991       0.996
    WY3              0.848       0.878       0.892       0.958       0.986       0.990       0.996
    WM2              0.789       0.831       0.849       0.919       0.960       0.965       0.975
    WM3              0.739       0.783       0.802       0.882       0.937       0.945       0.960


     Beginning Time:  18:46:59
        Ending Time:  18:57:08
       Elapsed Time:  00:10:09



MUTHEN & MUTHEN
3463 Stoner Ave.
Los Angeles, CA  90066

Tel: (310) 391-9971
Fax: (310) 391-8971
Web: www.StatModel.com
Support: Support@StatModel.com

Copyright (c) 1998-2023 Muthen & Muthen
