Mplus VERSION 8.9
MUTHEN & MUTHEN
01/22/2025   6:57 PM

INPUT INSTRUCTIONS

  DATA:
    FILE IS "mplus.dat";
  VARIABLE:
    MISSING ARE ALL (-99);
    NAMES ARE id Gender1 Age1 Education_mother1 Education_father1
    unemployed_mother1 unemployed_father1 Fin1 Fin2 Fin3 Personal1
    Personal2 Personal3 Public1 Public2 Public3 Collective1
    Collective2 Collective3 Relational1 Relational2
    Relational3 Autonomy1 Autonomy2 Autonomy3 Relatedness1 Relatedness2
    Relatedness3 Competence1 Competence2 Competence3
    PA1 PA2 PA3 NA1 NA2 NA3 SWLS1 SWLS2 SWLS3;

  usevar =
  Gender1 Age1 Education_mother1 Education_father1
  unemployed_mother1 unemployed_father1 Fin1 Fin2 Fin3
  x1-x3 y1-y3 m1-m3 ;

  define:
  x1 = Public1;
  x2 = Public2;
  x3 = Public3;

  m1 = Competence1;
  m2 = Competence2;
  m3 = Competence3;

  y1 = NA1;
  y2 = NA2;
  y3 = NA3;


  analysis:

  MODEL = NOCOV;
  bootstrap = 10000;


  MODEL:
  RIx BY x1@1 x2@1 x3@1;
  RIy BY y1@1 y2@1 y3@1;
  RIm BY m1@1 m2@1 m3@1;



  wx1 BY x1@1;
  wx2 BY x2@1;
  wx3 BY x3@1;



  wy1 BY y1@1;
  wy2 BY y2@1;
  wy3 BY y3@1;



  wm1 By m1@1;
  wm2 By m2@1;
  wm3 By m3@1;


  x1-m3@0;


  wy2 ON wy1 (a );
  wy3 ON wy2 (a );


  wx2 ON wx1 (b );
  wx3 ON wx2 (b );


  wm2 ON wm1  (c);
  wm3 ON wm2  (c);


  wy2 ON  wx1 wm1  (d e);
  wy3 ON  wx2 wm2  (d e);


  wx2 ON wy1 wm1  (f j);
  wx3 ON wy2 wm2  (f j);


  wm2 ON wx1 wy1   (h i);
  wm3 ON wx2 wy2   (h i);


  RIx RIy RIm  with RIx RIy RIm ;

  wx1 wy1 wm1 with wx1 wy1 wm1;
  wx2 wy2 wm2 with wx2 wy2 wm2 (cov1 cov2 cov3);
  wx3 wy3 wm3 with wx3 wy3 wm3 (cov1 cov2 cov3);

  wx2 (vx); wy2 (vy); wm2 (vm);
  wx3 (vx); wy3 (vy); wm3 (vm);

  x1-m3 on Gender1 Age1 Education_mother1 Education_father1
  unemployed_mother1 unemployed_father1 ;

  x1 y1 m1 on Fin1;
  x2 y2 m2 on Fin2;
  x3 y3 m3 on Fin3;

  Gender1 -Fin3 with Gender1 -Fin3;

  [x1-x3] (mx);
  [m1-m3] (mm);
  [y1-y3] (my);

  model constraint:
  new (ind);
  ind = h*e;

  output: cinterval (boot) stdyx;



*** WARNING in VARIABLE command
  Note that only the first 8 characters of variable names are used in the output.
  Shorten variable names to avoid any confusion.
   1 WARNING(S) FOUND IN THE INPUT INSTRUCTIONS




SUMMARY OF ANALYSIS

Number of groups                                                 1
Number of observations                                         971

Number of dependent variables                                    9
Number of independent variables                                  9
Number of continuous latent variables                           12

Observed dependent variables

  Continuous
   X1          X2          X3          Y1          Y2          Y3
   M1          M2          M3

Observed independent variables
   GENDER1     AGE1        EDUCATIO    EDUCATIO    UNEMPLOY    UNEMPLOY
   FIN1        FIN2        FIN3

Continuous latent variables
   RIX         RIY         RIM         WX1         WX2         WX3
   WY1         WY2         WY3         WM1         WM2         WM3


Estimator                                                       ML
Information matrix                                        OBSERVED
Maximum number of iterations                                  1000
Convergence criterion                                    0.500D-04
Maximum number of steepest descent iterations                   20
Maximum number of iterations for H1                           2000
Convergence criterion for H1                             0.100D-03
Number of bootstrap draws
    Requested                                                10000
    Completed                                                10000

Input data file(s)
  mplus.dat

Input data format  FREE


SUMMARY OF DATA

     Number of missing data patterns            19


COVARIANCE COVERAGE OF DATA

Minimum covariance coverage value   0.100


     PROPORTION OF DATA PRESENT


           Covariance Coverage
              X1            X2            X3            Y1            Y2
              ________      ________      ________      ________      ________
 X1             1.000
 X2             1.000         1.000
 X3             1.000         1.000         1.000
 Y1             1.000         1.000         1.000         1.000
 Y2             1.000         1.000         1.000         1.000         1.000
 Y3             1.000         1.000         1.000         1.000         1.000
 M1             1.000         1.000         1.000         1.000         1.000
 M2             1.000         1.000         1.000         1.000         1.000
 M3             1.000         1.000         1.000         1.000         1.000
 GENDER1        0.998         0.998         0.998         0.998         0.998
 AGE1           0.999         0.999         0.999         0.999         0.999
 EDUCATIO       0.994         0.994         0.994         0.994         0.994
 EDUCATIO       0.991         0.991         0.991         0.991         0.991
 UNEMPLOY       0.992         0.992         0.992         0.992         0.992
 UNEMPLOY       0.974         0.974         0.974         0.974         0.974
 FIN1           0.994         0.994         0.994         0.994         0.994
 FIN2           0.991         0.991         0.991         0.991         0.991
 FIN3           0.991         0.991         0.991         0.991         0.991


           Covariance Coverage
              Y3            M1            M2            M3            GENDER1
              ________      ________      ________      ________      ________
 Y3             1.000
 M1             1.000         1.000
 M2             1.000         1.000         1.000
 M3             1.000         1.000         1.000         1.000
 GENDER1        0.998         0.998         0.998         0.998         0.998
 AGE1           0.999         0.999         0.999         0.999         0.997
 EDUCATIO       0.994         0.994         0.994         0.994         0.992
 EDUCATIO       0.991         0.991         0.991         0.991         0.989
 UNEMPLOY       0.992         0.992         0.992         0.992         0.990
 UNEMPLOY       0.974         0.974         0.974         0.974         0.972
 FIN1           0.994         0.994         0.994         0.994         0.992
 FIN2           0.991         0.991         0.991         0.991         0.990
 FIN3           0.991         0.991         0.991         0.991         0.989


           Covariance Coverage
              AGE1          EDUCATIO      EDUCATIO      UNEMPLOY      UNEMPLOY
              ________      ________      ________      ________      ________
 AGE1           0.999
 EDUCATIO       0.993         0.994
 EDUCATIO       0.990         0.987         0.991
 UNEMPLOY       0.991         0.989         0.984         0.992
 UNEMPLOY       0.973         0.969         0.970         0.968         0.974
 FIN1           0.993         0.989         0.986         0.988         0.969
 FIN2           0.990         0.985         0.981         0.982         0.965
 FIN3           0.990         0.985         0.981         0.982         0.965


           Covariance Coverage
              FIN1          FIN2          FIN3
              ________      ________      ________
 FIN1           0.994
 FIN2           0.986         0.991
 FIN3           0.986         0.984         0.991



UNIVARIATE SAMPLE STATISTICS


     UNIVARIATE HIGHER-ORDER MOMENT DESCRIPTIVE STATISTICS

         Variable/         Mean/     Skewness/   Minimum/ % with                Percentiles
        Sample Size      Variance    Kurtosis    Maximum  Min/Max      20%/60%    40%/80%    Median

     X1                   -0.003      -0.091      -3.540    0.10%      -0.756     -0.211      0.039
             971.000       0.836       0.265       2.801    0.10%       0.222      0.728
     X2                    0.000       0.059      -2.732    0.10%      -0.713     -0.211     -0.009
             971.000       0.848       0.269       3.079    0.10%       0.179      0.698
     X3                    0.001       0.007      -3.090    0.10%      -0.690     -0.216     -0.019
             971.000       0.844       0.498       2.792    0.10%       0.174      0.735
     Y1                    0.000       0.647      -1.361    0.82%      -0.714     -0.372     -0.139
             971.000       0.671      -0.161       2.447    0.10%       0.073      0.669
     Y2                    0.000       0.519      -1.447    1.03%      -0.756     -0.389     -0.139
             971.000       0.744      -0.415       2.501    0.10%       0.124      0.732
     Y3                    0.000       0.473      -1.410    1.44%      -0.720     -0.353     -0.151
             971.000       0.706      -0.249       2.551    0.10%       0.184      0.683
     M1                   -0.013      -0.207      -2.157    0.10%      -0.547     -0.152     -0.037
             971.000       0.426      -0.176       1.305    1.24%       0.156      0.562
     M2                   -0.012      -0.221      -2.427    0.10%      -0.568     -0.153     -0.024
             971.000       0.500       0.061       1.414    2.47%       0.149      0.590
     M3                   -0.011      -0.082      -2.110    0.10%      -0.624     -0.206     -0.045
             971.000       0.507      -0.375       1.425    2.16%       0.159      0.607
     GENDER1               0.646      -0.611       0.000   35.40%       0.000      1.000      1.000
             969.000       0.229      -1.627       1.000   64.60%       1.000      1.000
     AGE1                 15.638      -0.547      15.000   36.29%      15.000     16.000     16.000
             970.000       0.233      -1.625      17.000    0.10%      16.000     16.000
     EDUCATION_MOTHE       3.907      -0.084       1.000    0.31%       3.000      3.000      4.000
             965.000       0.945      -1.378       5.000   39.17%       4.000      5.000
     EDUCATION_FATHE       3.754       0.093       1.000    0.62%       3.000      3.000      3.000
             962.000       0.984      -1.211       5.000   33.78%       4.000      5.000
     UNEMPLOYED_MOTH       0.154       1.921       0.000   84.63%       0.000      0.000      0.000
             963.000       0.130       1.688       1.000   15.37%       0.000      0.000
     UNEMPLOYED_FATH       0.070       3.378       0.000   93.02%       0.000      0.000      0.000
             946.000       0.065       9.408       1.000    6.98%       0.000      0.000
     FIN1                  3.754      -0.071       1.000    0.31%       3.000      3.000      4.000
             965.000       0.726      -0.634       5.000   21.55%       4.000      5.000
     FIN2                  3.777      -0.071       1.000    0.42%       3.000      4.000      4.000
             962.000       0.685      -0.517       5.000   21.21%       4.000      5.000
     FIN3                  3.756      -0.179       1.000    0.94%       3.000      3.000      4.000
             962.000       0.750      -0.296       5.000   21.93%       4.000      5.000


THE MODEL ESTIMATION TERMINATED NORMALLY



MODEL FIT INFORMATION

Number of Free Parameters                      147

Loglikelihood

          H0 Value                      -15694.685
          H1 Value                      -15628.708

Information Criteria

          Akaike (AIC)                   31683.369
          Bayesian (BIC)                 32400.483
          Sample-Size Adjusted BIC       31933.612
            (n* = (n + 2) / 24)

Chi-Square Test of Model Fit

          Value                            131.954
          Degrees of Freedom                    42
          P-Value                           0.0000

RMSEA (Root Mean Square Error Of Approximation)

          Estimate                           0.047
          90 Percent C.I.                    0.038  0.056
          Probability RMSEA <= .05           0.695

CFI/TLI

          CFI                                0.978
          TLI                                0.938

Chi-Square Test of Model Fit for the Baseline Model

          Value                           4181.472
          Degrees of Freedom                   117
          P-Value                           0.0000

SRMR (Standardized Root Mean Square Residual)

          Value                              0.035



MODEL RESULTS

                                                    Two-Tailed
                    Estimate       S.E.  Est./S.E.    P-Value

 RIX      BY
    X1                 1.000      0.000    999.000    999.000
    X2                 1.000      0.000    999.000    999.000
    X3                 1.000      0.000    999.000    999.000

 RIY      BY
    Y1                 1.000      0.000    999.000    999.000
    Y2                 1.000      0.000    999.000    999.000
    Y3                 1.000      0.000    999.000    999.000

 RIM      BY
    M1                 1.000      0.000    999.000    999.000
    M2                 1.000      0.000    999.000    999.000
    M3                 1.000      0.000    999.000    999.000

 WX1      BY
    X1                 1.000      0.000    999.000    999.000

 WX2      BY
    X2                 1.000      0.000    999.000    999.000

 WX3      BY
    X3                 1.000      0.000    999.000    999.000

 WY1      BY
    Y1                 1.000      0.000    999.000    999.000

 WY2      BY
    Y2                 1.000      0.000    999.000    999.000

 WY3      BY
    Y3                 1.000      0.000    999.000    999.000

 WM1      BY
    M1                 1.000      0.000    999.000    999.000

 WM2      BY
    M2                 1.000      0.000    999.000    999.000

 WM3      BY
    M3                 1.000      0.000    999.000    999.000

 WY2      ON
    WY1                0.139      0.064      2.173      0.030
    WX1               -0.063      0.045     -1.413      0.158
    WM1               -0.096      0.066     -1.469      0.142

 WY3      ON
    WY2                0.139      0.064      2.173      0.030
    WX2               -0.063      0.045     -1.413      0.158
    WM2               -0.096      0.066     -1.469      0.142

 WX2      ON
    WX1                0.102      0.066      1.556      0.120
    WY1               -0.041      0.054     -0.761      0.447
    WM1                0.070      0.065      1.066      0.286

 WX3      ON
    WX2                0.102      0.066      1.556      0.120
    WY2               -0.041      0.054     -0.761      0.447
    WM2                0.070      0.065      1.066      0.286

 WM2      ON
    WM1                0.292      0.058      5.060      0.000
    WX1                0.052      0.035      1.495      0.135
    WY1               -0.036      0.035     -1.021      0.307

 WM3      ON
    WM2                0.292      0.058      5.060      0.000
    WX2                0.052      0.035      1.495      0.135
    WY2               -0.036      0.035     -1.021      0.307

 X1       ON
    GENDER1            0.222      0.061      3.618      0.000
    AGE1              -0.011      0.054     -0.210      0.833
    EDUCATION_         0.073      0.033      2.187      0.029
    EDUCATION_         0.145      0.035      4.182      0.000
    UNEMPLOYED         0.067      0.080      0.836      0.403
    UNEMPLOYED         0.136      0.099      1.374      0.169
    FIN1              -0.008      0.032     -0.259      0.796

 X2       ON
    GENDER1            0.128      0.062      2.063      0.039
    AGE1              -0.011      0.054     -0.205      0.837
    EDUCATION_         0.089      0.036      2.506      0.012
    EDUCATION_         0.149      0.035      4.318      0.000
    UNEMPLOYED         0.113      0.083      1.370      0.171
    UNEMPLOYED        -0.089      0.111     -0.804      0.421
    FIN2              -0.011      0.031     -0.346      0.729

 X3       ON
    GENDER1            0.060      0.062      0.957      0.338
    AGE1               0.003      0.053      0.061      0.951
    EDUCATION_         0.064      0.035      1.817      0.069
    EDUCATION_         0.104      0.034      3.045      0.002
    UNEMPLOYED         0.111      0.083      1.334      0.182
    UNEMPLOYED        -0.058      0.104     -0.557      0.578
    FIN3               0.012      0.032      0.379      0.705

 Y1       ON
    GENDER1            0.433      0.053      8.237      0.000
    AGE1              -0.010      0.047     -0.218      0.827
    EDUCATION_         0.011      0.032      0.340      0.734
    EDUCATION_        -0.015      0.031     -0.484      0.629
    UNEMPLOYED         0.007      0.074      0.090      0.928
    UNEMPLOYED        -0.124      0.098     -1.267      0.205
    FIN1              -0.136      0.027     -5.061      0.000

 Y2       ON
    GENDER1            0.440      0.056      7.886      0.000
    AGE1              -0.012      0.046     -0.269      0.788
    EDUCATION_         0.010      0.032      0.304      0.761
    EDUCATION_        -0.016      0.032     -0.505      0.614
    UNEMPLOYED         0.148      0.080      1.852      0.064
    UNEMPLOYED        -0.123      0.112     -1.102      0.271
    FIN2              -0.131      0.030     -4.434      0.000

 Y3       ON
    GENDER1            0.400      0.055      7.300      0.000
    AGE1              -0.005      0.046     -0.104      0.917
    EDUCATION_         0.021      0.032      0.663      0.507
    EDUCATION_        -0.022      0.030     -0.732      0.464
    UNEMPLOYED         0.058      0.079      0.734      0.463
    UNEMPLOYED        -0.187      0.102     -1.822      0.068
    FIN3              -0.158      0.027     -5.802      0.000

 M1       ON
    GENDER1           -0.156      0.042     -3.669      0.000
    AGE1               0.073      0.039      1.870      0.062
    EDUCATION_        -0.024      0.025     -0.929      0.353
    EDUCATION_         0.022      0.024      0.905      0.366
    UNEMPLOYED         0.019      0.061      0.307      0.759
    UNEMPLOYED         0.186      0.088      2.116      0.034
    FIN1               0.115      0.021      5.429      0.000

 M2       ON
    GENDER1           -0.154      0.046     -3.354      0.001
    AGE1               0.071      0.039      1.809      0.070
    EDUCATION_        -0.006      0.026     -0.244      0.807
    EDUCATION_         0.016      0.027      0.593      0.553
    UNEMPLOYED         0.013      0.067      0.191      0.848
    UNEMPLOYED         0.000      0.093     -0.002      0.999
    FIN2               0.116      0.022      5.174      0.000

 M3       ON
    GENDER1           -0.106      0.048     -2.220      0.026
    AGE1               0.069      0.039      1.771      0.077
    EDUCATION_         0.002      0.027      0.091      0.927
    EDUCATION_         0.009      0.026      0.328      0.743
    UNEMPLOYED        -0.041      0.065     -0.635      0.525
    UNEMPLOYED         0.144      0.090      1.602      0.109
    FIN3               0.112      0.025      4.575      0.000

 RIX      WITH
    RIY                0.103      0.022      4.748      0.000
    RIM               -0.060      0.019     -3.221      0.001

 RIY      WITH
    RIM               -0.137      0.018     -7.661      0.000

 WX1      WITH
    WY1                0.004      0.017      0.258      0.796
    WM1                0.010      0.016      0.606      0.545

 WY1      WITH
    WM1               -0.036      0.016     -2.175      0.030

 WX2      WITH
    WY2                0.006      0.016      0.352      0.725
    WM2               -0.001      0.012     -0.048      0.962

 WY2      WITH
    WM2               -0.067      0.010     -6.715      0.000

 WX3      WITH
    WY3                0.006      0.016      0.352      0.725
    WM3               -0.001      0.012     -0.048      0.962

 WY3      WITH
    WM3               -0.067      0.010     -6.715      0.000

 GENDER1  WITH
    AGE1              -0.001      0.007     -0.099      0.921
    EDUCATION_        -0.035      0.015     -2.364      0.018
    EDUCATION_        -0.022      0.015     -1.493      0.135
    UNEMPLOYED        -0.003      0.006     -0.492      0.623
    UNEMPLOYED        -0.002      0.004     -0.420      0.674
    FIN1               0.014      0.013      1.093      0.274
    FIN2              -0.001      0.013     -0.079      0.937
    FIN3               0.006      0.014      0.427      0.670

 AGE1     WITH
    EDUCATION_        -0.037      0.015     -2.439      0.015
    EDUCATION_        -0.018      0.015     -1.184      0.236
    UNEMPLOYED         0.012      0.005      2.222      0.026
    UNEMPLOYED         0.002      0.004      0.405      0.685
    FIN1              -0.006      0.013     -0.419      0.675
    FIN2              -0.010      0.013     -0.809      0.419
    FIN3              -0.012      0.014     -0.911      0.362

 EDUCATIO WITH
    EDUCATION_         0.451      0.030     14.898      0.000
    UNEMPLOYED        -0.088      0.012     -7.481      0.000
    UNEMPLOYED        -0.024      0.009     -2.731      0.006
    FIN1               0.118      0.027      4.355      0.000
    FIN2               0.132      0.026      5.100      0.000
    FIN3               0.136      0.027      4.968      0.000

 EDUCATIO WITH
    UNEMPLOYED        -0.057      0.011     -4.928      0.000
    UNEMPLOYED        -0.030      0.007     -4.075      0.000
    FIN1               0.146      0.028      5.281      0.000
    FIN2               0.174      0.026      6.636      0.000
    FIN3               0.184      0.027      6.825      0.000

 UNEMPLOY WITH
    UNEMPLOYED         0.013      0.004      3.262      0.001
    FIN1              -0.033      0.011     -3.031      0.002
    FIN2              -0.029      0.010     -2.889      0.004
    FIN3              -0.040      0.010     -3.864      0.000

 UNEMPLOY WITH
    FIN1              -0.027      0.008     -3.209      0.001
    FIN2              -0.020      0.007     -3.000      0.003
    FIN3              -0.020      0.007     -2.676      0.007

 FIN1     WITH
    FIN2               0.504      0.025     20.344      0.000
    FIN3               0.484      0.025     19.202      0.000

 FIN2     WITH
    FIN3               0.504      0.024     20.759      0.000

 Means
    GENDER1            0.646      0.015     42.474      0.000
    AGE1              15.638      0.016   1007.169      0.000
    EDUCATION_         3.907      0.031    124.297      0.000
    EDUCATION_         3.753      0.032    116.463      0.000
    UNEMPLOYED         0.154      0.012     13.360      0.000
    UNEMPLOYED         0.070      0.008      8.380      0.000
    FIN1               3.755      0.027    138.368      0.000
    FIN2               3.776      0.027    141.548      0.000
    FIN3               3.754      0.028    133.388      0.000

 Intercepts
    X1                -0.786      0.864     -0.910      0.363
    X2                -0.786      0.864     -0.910      0.363
    X3                -0.786      0.864     -0.910      0.363
    Y1                 0.414      0.743      0.557      0.577
    Y2                 0.414      0.743      0.557      0.577
    Y3                 0.414      0.743      0.557      0.577
    M1                -1.493      0.629     -2.373      0.018
    M2                -1.493      0.629     -2.373      0.018
    M3                -1.493      0.629     -2.373      0.018

 Variances
    GENDER1            0.229      0.004     51.257      0.000
    AGE1               0.233      0.005     50.735      0.000
    EDUCATION_         0.946      0.024     38.614      0.000
    EDUCATION_         0.983      0.028     34.908      0.000
    UNEMPLOYED         0.130      0.008     16.317      0.000
    UNEMPLOYED         0.065      0.007      9.066      0.000
    FIN1               0.726      0.028     26.414      0.000
    FIN2               0.684      0.027     25.743      0.000
    FIN3               0.750      0.032     23.565      0.000
    RIX                0.456      0.036     12.723      0.000
    RIY                0.325      0.028     11.708      0.000
    RIM                0.241      0.021     11.629      0.000
    WX1                0.361      0.034     10.711      0.000
    WY1                0.266      0.025     10.835      0.000
    WM1                0.155      0.019      8.010      0.000

 Residual Variances
    X1                 0.000      0.000    999.000    999.000
    X2                 0.000      0.000    999.000    999.000
    X3                 0.000      0.000    999.000    999.000
    Y1                 0.000      0.000    999.000    999.000
    Y2                 0.000      0.000    999.000    999.000
    Y3                 0.000      0.000    999.000    999.000
    M1                 0.000      0.000    999.000    999.000
    M2                 0.000      0.000    999.000    999.000
    M3                 0.000      0.000    999.000    999.000
    WX2                0.342      0.026     13.013      0.000
    WX3                0.342      0.026     13.013      0.000
    WY2                0.315      0.018     17.156      0.000
    WY3                0.315      0.018     17.156      0.000
    WM2                0.217      0.011     19.565      0.000
    WM3                0.217      0.011     19.565      0.000

New/Additional Parameters
    IND               -0.005      0.005     -1.002      0.316


STANDARDIZED MODEL RESULTS


STDYX Standardization

                                                    Two-Tailed
                    Estimate       S.E.  Est./S.E.    P-Value

 RIX      BY
    X1                 0.729      0.023     31.641      0.000
    X2                 0.735      0.024     30.361      0.000
    X3                 0.744      0.024     30.443      0.000

 RIY      BY
    Y1                 0.709      0.026     27.195      0.000
    Y2                 0.677      0.024     27.724      0.000
    Y3                 0.677      0.025     27.146      0.000

 RIM      BY
    M1                 0.763      0.029     26.021      0.000
    M2                 0.701      0.024     28.810      0.000
    M3                 0.697      0.025     27.427      0.000

 WX1      BY
    X1                 0.648      0.025     25.934      0.000

 WX2      BY
    X2                 0.641      0.027     23.472      0.000

 WX3      BY
    X3                 0.649      0.028     23.475      0.000

 WY1      BY
    Y1                 0.641      0.027     23.747      0.000

 WY2      BY
    Y2                 0.676      0.023     29.503      0.000

 WY3      BY
    Y3                 0.679      0.023     28.958      0.000

 WM1      BY
    M1                 0.612      0.036     17.150      0.000

 WM2      BY
    M2                 0.689      0.024     28.751      0.000

 WM3      BY
    M3                 0.696      0.025     27.770      0.000

 WY2      ON
    WY1                0.126      0.058      2.160      0.031
    WX1               -0.067      0.047     -1.416      0.157
    WM1               -0.067      0.046     -1.459      0.145

 WY3      ON
    WY2                0.138      0.063      2.186      0.029
    WX2               -0.065      0.046     -1.410      0.158
    WM2               -0.081      0.056     -1.457      0.145

 WX2      ON
    WX1                0.104      0.064      1.622      0.105
    WY1               -0.036      0.047     -0.759      0.448
    WM1                0.047      0.044      1.053      0.292

 WX3      ON
    WX2                0.102      0.066      1.560      0.119
    WY2               -0.039      0.052     -0.762      0.446
    WM2                0.057      0.053      1.069      0.285

 WM2      ON
    WM1                0.238      0.052      4.565      0.000
    WX1                0.065      0.043      1.493      0.136
    WY1               -0.038      0.038     -1.013      0.311

 WM3      ON
    WM2                0.288      0.055      5.181      0.000
    WX2                0.063      0.042      1.495      0.135
    WY2               -0.041      0.040     -1.025      0.306

 X1       ON
    GENDER1            0.115      0.031      3.654      0.000
    AGE1              -0.006      0.028     -0.210      0.833
    EDUCATION_         0.077      0.035      2.191      0.028
    EDUCATION_         0.155      0.036      4.252      0.000
    UNEMPLOYED         0.026      0.031      0.839      0.401
    UNEMPLOYED         0.037      0.027      1.384      0.166
    FIN1              -0.008      0.029     -0.259      0.796

 X2       ON
    GENDER1            0.066      0.032      2.071      0.038
    AGE1              -0.006      0.028     -0.206      0.837
    EDUCATION_         0.094      0.037      2.511      0.012
    EDUCATION_         0.161      0.036      4.439      0.000
    UNEMPLOYED         0.045      0.032      1.378      0.168
    UNEMPLOYED        -0.025      0.030     -0.811      0.418
    FIN2              -0.010      0.028     -0.347      0.729

 X3       ON
    GENDER1            0.031      0.033      0.959      0.338
    AGE1               0.002      0.028      0.061      0.951
    EDUCATION_         0.068      0.038      1.819      0.069
    EDUCATION_         0.114      0.037      3.082      0.002
    UNEMPLOYED         0.044      0.033      1.342      0.180
    UNEMPLOYED        -0.016      0.029     -0.561      0.575
    FIN3               0.011      0.030      0.380      0.704

 Y1       ON
    GENDER1            0.258      0.031      8.414      0.000
    AGE1              -0.006      0.028     -0.218      0.827
    EDUCATION_         0.013      0.038      0.340      0.734
    EDUCATION_        -0.019      0.039     -0.484      0.628
    UNEMPLOYED         0.003      0.033      0.090      0.928
    UNEMPLOYED        -0.039      0.031     -1.273      0.203
    FIN1              -0.145      0.029     -5.027      0.000

 Y2       ON
    GENDER1            0.250      0.031      8.059      0.000
    AGE1              -0.007      0.026     -0.269      0.788
    EDUCATION_         0.011      0.037      0.304      0.761
    EDUCATION_        -0.019      0.038     -0.505      0.614
    UNEMPLOYED         0.063      0.034      1.863      0.063
    UNEMPLOYED        -0.037      0.034     -1.109      0.268
    FIN2              -0.129      0.029     -4.417      0.000

 Y3       ON
    GENDER1            0.227      0.031      7.371      0.000
    AGE1              -0.003      0.026     -0.104      0.917
    EDUCATION_         0.024      0.037      0.664      0.507
    EDUCATION_        -0.026      0.035     -0.733      0.464
    UNEMPLOYED         0.025      0.034      0.736      0.462
    UNEMPLOYED        -0.056      0.031     -1.835      0.066
    FIN3              -0.163      0.028     -5.740      0.000

 M1       ON
    GENDER1           -0.116      0.031     -3.706      0.000
    AGE1               0.055      0.029      1.874      0.061
    EDUCATION_        -0.036      0.038     -0.930      0.352
    EDUCATION_         0.034      0.037      0.905      0.365
    UNEMPLOYED         0.010      0.034      0.307      0.759
    UNEMPLOYED         0.074      0.035      2.122      0.034
    FIN1               0.152      0.028      5.413      0.000

 M2       ON
    GENDER1           -0.105      0.031     -3.402      0.001
    AGE1               0.049      0.027      1.809      0.070
    EDUCATION_        -0.009      0.037     -0.244      0.807
    EDUCATION_         0.022      0.038      0.593      0.553
    UNEMPLOYED         0.007      0.034      0.192      0.848
    UNEMPLOYED         0.000      0.034     -0.002      0.999
    FIN2               0.137      0.026      5.178      0.000

 M3       ON
    GENDER1           -0.072      0.032     -2.234      0.025
    AGE1               0.047      0.027      1.771      0.077
    EDUCATION_         0.003      0.037      0.091      0.927
    EDUCATION_         0.012      0.037      0.328      0.743
    UNEMPLOYED        -0.021      0.033     -0.637      0.524
    UNEMPLOYED         0.052      0.032      1.608      0.108
    FIN3               0.138      0.030      4.657      0.000

 RIX      WITH
    RIY                0.267      0.056      4.728      0.000
    RIM               -0.182      0.058     -3.148      0.002

 RIY      WITH
    RIM               -0.489      0.049     -9.971      0.000

 WX1      WITH
    WY1                0.014      0.056      0.258      0.796
    WM1                0.040      0.067      0.608      0.543

 WY1      WITH
    WM1               -0.175      0.074     -2.386      0.017

 WX2      WITH
    WY2                0.017      0.049      0.348      0.728
    WM2               -0.002      0.044     -0.047      0.963

 WY2      WITH
    WM2               -0.256      0.036     -7.134      0.000

 WX3      WITH
    WY3                0.017      0.049      0.348      0.728
    WM3               -0.002      0.044     -0.047      0.963

 WY3      WITH
    WM3               -0.256      0.036     -7.134      0.000

 GENDER1  WITH
    AGE1              -0.003      0.032     -0.099      0.921
    EDUCATION_        -0.076      0.032     -2.359      0.018
    EDUCATION_        -0.047      0.032     -1.493      0.135
    UNEMPLOYED        -0.016      0.032     -0.491      0.623
    UNEMPLOYED        -0.014      0.033     -0.420      0.675
    FIN1               0.035      0.032      1.094      0.274
    FIN2              -0.003      0.033     -0.079      0.937
    FIN3               0.014      0.033      0.427      0.670

 AGE1     WITH
    EDUCATION_        -0.078      0.032     -2.436      0.015
    EDUCATION_        -0.038      0.032     -1.182      0.237
    UNEMPLOYED         0.068      0.031      2.235      0.025
    UNEMPLOYED         0.013      0.032      0.405      0.685
    FIN1              -0.013      0.032     -0.419      0.675
    FIN2              -0.026      0.032     -0.809      0.418
    FIN3              -0.030      0.032     -0.913      0.361

 EDUCATIO WITH
    EDUCATION_         0.468      0.028     16.502      0.000
    UNEMPLOYED        -0.250      0.030     -8.358      0.000
    UNEMPLOYED        -0.095      0.034     -2.827      0.005
    FIN1               0.142      0.032      4.436      0.000
    FIN2               0.164      0.031      5.193      0.000
    FIN3               0.161      0.032      5.026      0.000

 EDUCATIO WITH
    UNEMPLOYED        -0.158      0.031     -5.165      0.000
    UNEMPLOYED        -0.120      0.027     -4.445      0.000
    FIN1               0.173      0.032      5.331      0.000
    FIN2               0.212      0.031      6.862      0.000
    FIN3               0.215      0.031      7.034      0.000

 UNEMPLOY WITH
    UNEMPLOYED         0.146      0.042      3.469      0.001
    FIN1              -0.108      0.035     -3.093      0.002
    FIN2              -0.097      0.033     -2.925      0.003
    FIN3              -0.129      0.033     -3.975      0.000

 UNEMPLOY WITH
    FIN1              -0.123      0.036     -3.397      0.001
    FIN2              -0.094      0.030     -3.146      0.002
    FIN3              -0.091      0.033     -2.776      0.006

 FIN1     WITH
    FIN2               0.715      0.019     38.213      0.000
    FIN3               0.655      0.024     27.819      0.000

 FIN2     WITH
    FIN3               0.703      0.021     33.366      0.000

 Means
    GENDER1            1.352      0.045     29.952      0.000
    AGE1              32.399      0.350     92.499      0.000
    EDUCATION_         4.017      0.064     62.457      0.000
    EDUCATION_         3.785      0.060     63.196      0.000
    UNEMPLOYED         0.426      0.019     22.565      0.000
    UNEMPLOYED         0.275      0.018     15.512      0.000
    FIN1               4.405      0.092     48.124      0.000
    FIN2               4.567      0.096     47.400      0.000
    FIN3               4.334      0.102     42.316      0.000

 Intercepts
    X1                -0.848      0.933     -0.909      0.363
    X2                -0.855      0.939     -0.911      0.362
    X3                -0.866      0.950     -0.912      0.362
    Y1                 0.515      0.923      0.558      0.577
    Y2                 0.491      0.882      0.557      0.578
    Y3                 0.491      0.882      0.557      0.578
    M1                -2.320      0.975     -2.379      0.017
    M2                -2.132      0.899     -2.371      0.018
    M3                -2.120      0.894     -2.372      0.018

 Variances
    GENDER1            1.000      0.000    999.000    999.000
    AGE1               1.000      0.000    999.000    999.000
    EDUCATION_         1.000      0.000    999.000    999.000
    EDUCATION_         1.000      0.000    999.000    999.000
    UNEMPLOYED         1.000      0.000    999.000    999.000
    UNEMPLOYED         1.000      0.000    999.000    999.000
    FIN1               1.000      0.000    999.000    999.000
    FIN2               1.000      0.000    999.000    999.000
    FIN3               1.000      0.000    999.000    999.000
    RIX                1.000      0.000    999.000    999.000
    RIY                1.000      0.000    999.000    999.000
    RIM                1.000      0.000    999.000    999.000
    WX1                1.000      0.000    999.000    999.000
    WY1                1.000      0.000    999.000    999.000
    WM1                1.000      0.000    999.000    999.000

 Residual Variances
    X1                 0.000      0.000      0.000      1.000
    X2                 0.000      0.000      0.000      1.000
    X3                 0.000      0.000      0.000      1.000
    Y1                 0.000      0.000      0.000      1.000
    Y2                 0.000      0.000      0.000      1.000
    Y3                 0.000      0.000      0.000      1.000
    M1                 0.000      0.000      0.000      1.000
    M2                 0.000      0.000      0.000      1.000
    M3                 0.000      0.000      0.000      1.000
    WX2                0.985      0.017     56.838      0.000
    WX3                0.983      0.020     50.295      0.000
    WY2                0.972      0.019     50.114      0.000
    WY3                0.964      0.024     39.391      0.000
    WM2                0.933      0.028     33.515      0.000
    WM3                0.904      0.035     26.127      0.000


R-SQUARE

    Observed                                        Two-Tailed
    Variable        Estimate       S.E.  Est./S.E.    P-Value

    X1                 1.000      0.000    999.000    999.000
    X2                 1.000      0.000    999.000    999.000
    X3                 1.000      0.000    999.000    999.000
    Y1                 1.000      0.000    999.000    999.000
    Y2                 1.000      0.000    999.000    999.000
    Y3                 1.000      0.000    999.000    999.000
    M1                 1.000      0.000    999.000    999.000
    M2                 1.000      0.000    999.000    999.000
    M3                 1.000      0.000    999.000    999.000

     Latent                                         Two-Tailed
    Variable        Estimate       S.E.  Est./S.E.    P-Value

    WX2                0.015      0.017      0.878      0.380
    WX3                0.017      0.020      0.856      0.392
    WY2                0.028      0.019      1.431      0.152
    WY3                0.036      0.024      1.486      0.137
    WM2                0.067      0.028      2.401      0.016
    WM3                0.096      0.035      2.761      0.006


CONFIDENCE INTERVALS OF MODEL RESULTS

                  Lower .5%  Lower 2.5%    Lower 5%    Estimate    Upper 5%  Upper 2.5%   Upper .5%

 RIX      BY
    X1               1.000       1.000       1.000       1.000       1.000       1.000       1.000
    X2               1.000       1.000       1.000       1.000       1.000       1.000       1.000
    X3               1.000       1.000       1.000       1.000       1.000       1.000       1.000

 RIY      BY
    Y1               1.000       1.000       1.000       1.000       1.000       1.000       1.000
    Y2               1.000       1.000       1.000       1.000       1.000       1.000       1.000
    Y3               1.000       1.000       1.000       1.000       1.000       1.000       1.000

 RIM      BY
    M1               1.000       1.000       1.000       1.000       1.000       1.000       1.000
    M2               1.000       1.000       1.000       1.000       1.000       1.000       1.000
    M3               1.000       1.000       1.000       1.000       1.000       1.000       1.000

 WX1      BY
    X1               1.000       1.000       1.000       1.000       1.000       1.000       1.000

 WX2      BY
    X2               1.000       1.000       1.000       1.000       1.000       1.000       1.000

 WX3      BY
    X3               1.000       1.000       1.000       1.000       1.000       1.000       1.000

 WY1      BY
    Y1               1.000       1.000       1.000       1.000       1.000       1.000       1.000

 WY2      BY
    Y2               1.000       1.000       1.000       1.000       1.000       1.000       1.000

 WY3      BY
    Y3               1.000       1.000       1.000       1.000       1.000       1.000       1.000

 WM1      BY
    M1               1.000       1.000       1.000       1.000       1.000       1.000       1.000

 WM2      BY
    M2               1.000       1.000       1.000       1.000       1.000       1.000       1.000

 WM3      BY
    M3               1.000       1.000       1.000       1.000       1.000       1.000       1.000

 WY2      ON
    WY1             -0.024       0.016       0.036       0.139       0.245       0.266       0.309
    WX1             -0.177      -0.150      -0.135      -0.063       0.012       0.025       0.056
    WM1             -0.259      -0.224      -0.205      -0.096       0.013       0.032       0.075

 WY3      ON
    WY2             -0.024       0.016       0.036       0.139       0.245       0.266       0.309
    WX2             -0.177      -0.150      -0.135      -0.063       0.012       0.025       0.056
    WM2             -0.259      -0.224      -0.205      -0.096       0.013       0.032       0.075

 WX2      ON
    WX1             -0.051      -0.016      -0.001       0.102       0.216       0.239       0.292
    WY1             -0.176      -0.145      -0.127      -0.041       0.049       0.066       0.102
    WM1             -0.100      -0.060      -0.039       0.070       0.175       0.197       0.235

 WX3      ON
    WX2             -0.051      -0.016      -0.001       0.102       0.216       0.239       0.292
    WY2             -0.176      -0.145      -0.127      -0.041       0.049       0.066       0.102
    WM2             -0.100      -0.060      -0.039       0.070       0.175       0.197       0.235

 WM2      ON
    WM1              0.147       0.179       0.197       0.292       0.388       0.408       0.446
    WX1             -0.034      -0.015      -0.004       0.052       0.110       0.121       0.144
    WY1             -0.127      -0.104      -0.093      -0.036       0.022       0.032       0.054

 WM3      ON
    WM2              0.147       0.179       0.197       0.292       0.388       0.408       0.446
    WX2             -0.034      -0.015      -0.004       0.052       0.110       0.121       0.144
    WY2             -0.127      -0.104      -0.093      -0.036       0.022       0.032       0.054

 X1       ON
    GENDER1          0.069       0.102       0.119       0.222       0.322       0.342       0.378
    AGE1            -0.152      -0.117      -0.099      -0.011       0.077       0.094       0.125
    EDUCATION_      -0.014       0.007       0.018       0.073       0.128       0.139       0.159
    EDUCATION_       0.056       0.077       0.089       0.145       0.204       0.214       0.233
    UNEMPLOYED      -0.139      -0.086      -0.060       0.067       0.201       0.226       0.270
    UNEMPLOYED      -0.120      -0.056      -0.026       0.136       0.300       0.330       0.396
    FIN1            -0.091      -0.071      -0.060      -0.008       0.045       0.055       0.073

 X2       ON
    GENDER1         -0.035       0.009       0.026       0.128       0.231       0.249       0.283
    AGE1            -0.149      -0.118      -0.100      -0.011       0.078       0.097       0.126
    EDUCATION_      -0.005       0.018       0.030       0.089       0.146       0.158       0.178
    EDUCATION_       0.060       0.083       0.093       0.149       0.206       0.218       0.238
    UNEMPLOYED      -0.099      -0.047      -0.022       0.113       0.253       0.281       0.329
    UNEMPLOYED      -0.381      -0.311      -0.274      -0.089       0.092       0.127       0.198
    FIN2            -0.091      -0.072      -0.061      -0.011       0.039       0.050       0.067

 X3       ON
    GENDER1         -0.100      -0.061      -0.043       0.060       0.162       0.182       0.220
    AGE1            -0.133      -0.102      -0.084       0.003       0.091       0.108       0.143
    EDUCATION_      -0.027      -0.006       0.005       0.064       0.120       0.132       0.154
    EDUCATION_       0.015       0.038       0.049       0.104       0.161       0.172       0.193
    UNEMPLOYED      -0.104      -0.049      -0.025       0.111       0.248       0.275       0.332
    UNEMPLOYED      -0.328      -0.264      -0.229      -0.058       0.112       0.144       0.221
    FIN3            -0.068      -0.049      -0.040       0.012       0.064       0.075       0.096

 Y1       ON
    GENDER1          0.296       0.330       0.347       0.433       0.520       0.536       0.566
    AGE1            -0.130      -0.099      -0.086      -0.010       0.067       0.083       0.112
    EDUCATION_      -0.071      -0.051      -0.042       0.011       0.064       0.074       0.095
    EDUCATION_      -0.096      -0.076      -0.067      -0.015       0.036       0.046       0.064
    UNEMPLOYED      -0.177      -0.138      -0.115       0.007       0.129       0.155       0.202
    UNEMPLOYED      -0.377      -0.313      -0.283      -0.124       0.038       0.072       0.134
    FIN1            -0.207      -0.189      -0.181      -0.136      -0.091      -0.084      -0.068

 Y2       ON
    GENDER1          0.295       0.330       0.349       0.440       0.531       0.549       0.586
    AGE1            -0.130      -0.102      -0.088      -0.012       0.065       0.080       0.110
    EDUCATION_      -0.073      -0.053      -0.043       0.010       0.061       0.072       0.091
    EDUCATION_      -0.100      -0.080      -0.070      -0.016       0.036       0.046       0.068
    UNEMPLOYED      -0.054      -0.008       0.015       0.148       0.278       0.306       0.358
    UNEMPLOYED      -0.404      -0.338      -0.304      -0.123       0.064       0.101       0.171
    FIN2            -0.207      -0.191      -0.181      -0.131      -0.083      -0.074      -0.057

 Y3       ON
    GENDER1          0.259       0.292       0.310       0.400       0.491       0.507       0.541
    AGE1            -0.123      -0.095      -0.081      -0.005       0.072       0.088       0.118
    EDUCATION_      -0.058      -0.041      -0.030       0.021       0.074       0.084       0.105
    EDUCATION_      -0.099      -0.081      -0.072      -0.022       0.027       0.038       0.057
    UNEMPLOYED      -0.140      -0.095      -0.070       0.058       0.188       0.214       0.263
    UNEMPLOYED      -0.450      -0.386      -0.354      -0.187      -0.018       0.016       0.085
    FIN3            -0.228      -0.212      -0.203      -0.158      -0.114      -0.105      -0.088

 M1       ON
    GENDER1         -0.270      -0.239      -0.225      -0.156      -0.087      -0.074      -0.050
    AGE1            -0.027      -0.004       0.009       0.073       0.138       0.151       0.174
    EDUCATION_      -0.088      -0.073      -0.065      -0.024       0.018       0.026       0.041
    EDUCATION_      -0.042      -0.026      -0.018       0.022       0.061       0.069       0.084
    UNEMPLOYED      -0.139      -0.102      -0.080       0.019       0.118       0.136       0.174
    UNEMPLOYED      -0.042       0.012       0.041       0.186       0.331       0.357       0.414
    FIN1             0.061       0.074       0.080       0.115       0.149       0.156       0.170

 M2       ON
    GENDER1         -0.273      -0.245      -0.231      -0.154      -0.080      -0.065      -0.036
    AGE1            -0.028      -0.006       0.007       0.071       0.135       0.148       0.172
    EDUCATION_      -0.073      -0.059      -0.050      -0.006       0.038       0.046       0.062
    EDUCATION_      -0.054      -0.036      -0.029       0.016       0.059       0.067       0.083
    UNEMPLOYED      -0.164      -0.117      -0.096       0.013       0.122       0.146       0.183
    UNEMPLOYED      -0.244      -0.186      -0.152       0.000       0.155       0.185       0.238
    FIN2             0.059       0.073       0.080       0.116       0.153       0.160       0.174

 M3       ON
    GENDER1         -0.235      -0.201      -0.186      -0.106      -0.028      -0.013       0.013
    AGE1            -0.032      -0.008       0.005       0.069       0.134       0.146       0.171
    EDUCATION_      -0.065      -0.050      -0.042       0.002       0.046       0.055       0.069
    EDUCATION_      -0.061      -0.045      -0.035       0.009       0.052       0.061       0.077
    UNEMPLOYED      -0.207      -0.173      -0.150      -0.041       0.064       0.086       0.131
    UNEMPLOYED      -0.104      -0.034      -0.004       0.144       0.287       0.314       0.372
    FIN3             0.049       0.065       0.073       0.112       0.154       0.161       0.176

 RIX      WITH
    RIY              0.047       0.060       0.067       0.103       0.138       0.145       0.161
    RIM             -0.109      -0.098      -0.091      -0.060      -0.030      -0.024      -0.012

 RIY      WITH
    RIM             -0.180      -0.170      -0.165      -0.137      -0.105      -0.100      -0.087

 WX1      WITH
    WY1             -0.041      -0.030      -0.025       0.004       0.033       0.039       0.050
    WM1             -0.030      -0.020      -0.016       0.010       0.036       0.041       0.053

 WY1      WITH
    WM1             -0.083      -0.070      -0.064      -0.036      -0.010      -0.005       0.003

 WX2      WITH
    WY2             -0.034      -0.025      -0.020       0.006       0.032       0.036       0.047
    WM2             -0.031      -0.024      -0.020      -0.001       0.019       0.022       0.030

 WY2      WITH
    WM2             -0.092      -0.086      -0.082      -0.067      -0.050      -0.046      -0.040

 WX3      WITH
    WY3             -0.034      -0.025      -0.020       0.006       0.032       0.036       0.047
    WM3             -0.031      -0.024      -0.020      -0.001       0.019       0.022       0.030

 WY3      WITH
    WM3             -0.092      -0.086      -0.082      -0.067      -0.050      -0.046      -0.040

 GENDER1  WITH
    AGE1            -0.020      -0.015      -0.013      -0.001       0.011       0.014       0.018
    EDUCATION_      -0.073      -0.065      -0.060      -0.035      -0.011      -0.006       0.004
    EDUCATION_      -0.060      -0.051      -0.046      -0.022       0.003       0.007       0.017
    UNEMPLOYED      -0.017      -0.014      -0.012      -0.003       0.006       0.008       0.011
    UNEMPLOYED      -0.012      -0.010      -0.008      -0.002       0.005       0.006       0.009
    FIN1            -0.019      -0.011      -0.008       0.014       0.035       0.040       0.048
    FIN2            -0.035      -0.027      -0.022      -0.001       0.020       0.024       0.031
    FIN3            -0.030      -0.021      -0.017       0.006       0.028       0.032       0.040

 AGE1     WITH
    EDUCATION_      -0.075      -0.066      -0.061      -0.037      -0.012      -0.008       0.002
    EDUCATION_      -0.057      -0.049      -0.044      -0.018       0.007       0.012       0.023
    UNEMPLOYED      -0.002       0.001       0.003       0.012       0.021       0.022       0.025
    UNEMPLOYED      -0.009      -0.006      -0.005       0.002       0.008       0.009       0.012
    FIN1            -0.039      -0.031      -0.027      -0.006       0.016       0.020       0.028
    FIN2            -0.044      -0.036      -0.031      -0.010       0.010       0.015       0.022
    FIN3            -0.047      -0.038      -0.035      -0.012       0.010       0.014       0.023

 EDUCATIO WITH
    EDUCATION_       0.371       0.392       0.402       0.451       0.501       0.511       0.529
    UNEMPLOYED      -0.119      -0.111      -0.107      -0.088      -0.068      -0.065      -0.058
    UNEMPLOYED      -0.046      -0.040      -0.038      -0.024      -0.010      -0.007      -0.001
    FIN1             0.048       0.065       0.073       0.118       0.162       0.170       0.189
    FIN2             0.065       0.081       0.089       0.132       0.174       0.181       0.196
    FIN3             0.066       0.083       0.091       0.136       0.180       0.188       0.205

 EDUCATIO WITH
    UNEMPLOYED      -0.086      -0.079      -0.075      -0.057      -0.038      -0.034      -0.027
    UNEMPLOYED      -0.050      -0.045      -0.043      -0.030      -0.018      -0.016      -0.012
    FIN1             0.075       0.092       0.100       0.146       0.191       0.202       0.218
    FIN2             0.109       0.123       0.130       0.174       0.217       0.225       0.242
    FIN3             0.113       0.131       0.140       0.184       0.229       0.238       0.254

 UNEMPLOY WITH
    UNEMPLOYED       0.004       0.006       0.007       0.013       0.020       0.022       0.024
    FIN1            -0.062      -0.055      -0.052      -0.033      -0.016      -0.012      -0.006
    FIN2            -0.055      -0.048      -0.046      -0.029      -0.013      -0.009      -0.004
    FIN3            -0.068      -0.061      -0.057      -0.040      -0.023      -0.020      -0.014

 UNEMPLOY WITH
    FIN1            -0.048      -0.043      -0.041      -0.027      -0.013      -0.011      -0.006
    FIN2            -0.037      -0.033      -0.031      -0.020      -0.009      -0.007      -0.003
    FIN3            -0.040      -0.035      -0.033      -0.020      -0.008      -0.006      -0.001

 FIN1     WITH
    FIN2             0.439       0.455       0.463       0.504       0.545       0.553       0.567
    FIN3             0.419       0.434       0.441       0.484       0.525       0.532       0.550

 FIN2     WITH
    FIN3             0.441       0.456       0.463       0.504       0.543       0.552       0.566

 Means
    GENDER1          0.607       0.617       0.621       0.646       0.671       0.676       0.686
    AGE1            15.598      15.608      15.612      15.638      15.663      15.669      15.679
    EDUCATION_       3.827       3.846       3.856       3.907       3.959       3.969       3.988
    EDUCATION_       3.670       3.690       3.700       3.753       3.806       3.816       3.837
    UNEMPLOYED       0.124       0.132       0.135       0.154       0.173       0.176       0.183
    UNEMPLOYED       0.050       0.054       0.056       0.070       0.084       0.087       0.092
    FIN1             3.683       3.701       3.711       3.755       3.800       3.808       3.826
    FIN2             3.707       3.724       3.733       3.776       3.820       3.828       3.843
    FIN3             3.681       3.698       3.707       3.754       3.800       3.808       3.824

 Intercepts
    X1              -2.998      -2.481      -2.199      -0.786       0.626       0.918       1.424
    X2              -2.998      -2.481      -2.199      -0.786       0.626       0.918       1.424
    X3              -2.998      -2.481      -2.199      -0.786       0.626       0.918       1.424
    Y1              -1.550      -1.067      -0.838       0.414       1.628       1.839       2.317
    Y2              -1.550      -1.067      -0.838       0.414       1.628       1.839       2.317
    Y3              -1.550      -1.067      -0.838       0.414       1.628       1.839       2.317
    M1              -3.116      -2.743      -2.541      -1.493      -0.473      -0.266       0.090
    M2              -3.116      -2.743      -2.541      -1.493      -0.473      -0.266       0.090
    M3              -3.116      -2.743      -2.541      -1.493      -0.473      -0.266       0.090

 Variances
    GENDER1          0.216       0.219       0.221       0.229       0.235       0.237       0.239
    AGE1             0.220       0.223       0.225       0.233       0.240       0.241       0.244
    EDUCATION_       0.886       0.899       0.906       0.946       0.986       0.996       1.013
    EDUCATION_       0.913       0.929       0.937       0.983       1.030       1.039       1.058
    UNEMPLOYED       0.109       0.114       0.117       0.130       0.143       0.145       0.150
    UNEMPLOYED       0.047       0.051       0.053       0.065       0.077       0.079       0.083
    FIN1             0.657       0.671       0.680       0.726       0.771       0.779       0.798
    FIN2             0.617       0.632       0.640       0.684       0.727       0.736       0.753
    FIN3             0.670       0.688       0.698       0.750       0.803       0.813       0.834
    RIX              0.357       0.380       0.392       0.456       0.509       0.520       0.541
    RIY              0.247       0.265       0.274       0.325       0.365       0.374       0.390
    RIM              0.179       0.195       0.203       0.241       0.271       0.276       0.288
    WX1              0.280       0.298       0.307       0.361       0.417       0.430       0.454
    WY1              0.211       0.223       0.229       0.266       0.310       0.319       0.339
    WM1              0.112       0.122       0.126       0.155       0.189       0.197       0.215

 Residual Variances
    X1               0.000       0.000       0.000       0.000       0.000       0.000       0.000
    X2               0.000       0.000       0.000       0.000       0.000       0.000       0.000
    X3               0.000       0.000       0.000       0.000       0.000       0.000       0.000
    Y1               0.000       0.000       0.000       0.000       0.000       0.000       0.000
    Y2               0.000       0.000       0.000       0.000       0.000       0.000       0.000
    Y3               0.000       0.000       0.000       0.000       0.000       0.000       0.000
    M1               0.000       0.000       0.000       0.000       0.000       0.000       0.000
    M2               0.000       0.000       0.000       0.000       0.000       0.000       0.000
    M3               0.000       0.000       0.000       0.000       0.000       0.000       0.000
    WX2              0.277       0.289       0.297       0.342       0.384       0.392       0.408
    WX3              0.277       0.289       0.297       0.342       0.384       0.392       0.408
    WY2              0.264       0.275       0.281       0.315       0.342       0.347       0.358
    WY3              0.264       0.275       0.281       0.315       0.342       0.347       0.358
    WM2              0.187       0.194       0.197       0.217       0.234       0.237       0.245
    WM3              0.187       0.194       0.197       0.217       0.234       0.237       0.245

New/Additional Parameters
    IND             -0.022      -0.016      -0.014      -0.005       0.002       0.003       0.007


CONFIDENCE INTERVALS OF STANDARDIZED MODEL RESULTS


STDYX Standardization

                  Lower .5%  Lower 2.5%    Lower 5%    Estimate    Upper 5%  Upper 2.5%   Upper .5%

 RIX      BY
    X1               0.660       0.677       0.685       0.729       0.761       0.767       0.778
    X2               0.659       0.679       0.688       0.735       0.767       0.773       0.784
    X3               0.664       0.686       0.695       0.744       0.775       0.781       0.792

 RIY      BY
    Y1               0.623       0.646       0.658       0.709       0.743       0.749       0.761
    Y2               0.601       0.620       0.629       0.677       0.709       0.716       0.729
    Y3               0.600       0.618       0.628       0.677       0.710       0.716       0.730

 RIM      BY
    M1               0.663       0.693       0.706       0.763       0.801       0.808       0.820
    M2               0.617       0.643       0.653       0.701       0.732       0.738       0.748
    M3               0.610       0.636       0.647       0.697       0.730       0.736       0.746

 WX1      BY
    X1               0.584       0.599       0.607       0.648       0.689       0.697       0.713

 WX2      BY
    X2               0.576       0.590       0.597       0.641       0.688       0.696       0.717

 WX3      BY
    X3               0.584       0.597       0.605       0.649       0.697       0.706       0.726

 WY1      BY
    Y1               0.576       0.592       0.599       0.641       0.688       0.698       0.717

 WY2      BY
    Y2               0.618       0.631       0.638       0.676       0.714       0.722       0.736

 WY3      BY
    Y3               0.619       0.635       0.641       0.679       0.718       0.726       0.743

 WM1      BY
    M1               0.528       0.546       0.556       0.612       0.673       0.685       0.712

 WM2      BY
    M2               0.633       0.645       0.652       0.689       0.730       0.739       0.759

 WM3      BY
    M3               0.637       0.650       0.656       0.696       0.739       0.748       0.768

 WY2      ON
    WY1             -0.022       0.015       0.032       0.126       0.224       0.243       0.283
    WX1             -0.183      -0.158      -0.143      -0.067       0.013       0.027       0.060
    WM1             -0.183      -0.157      -0.143      -0.067       0.009       0.022       0.049

 WY3      ON
    WY2             -0.024       0.016       0.035       0.138       0.242       0.263       0.306
    WX2             -0.182      -0.154      -0.139      -0.065       0.013       0.026       0.058
    WM2             -0.224      -0.191      -0.175      -0.081       0.011       0.026       0.060

 WX2      ON
    WX1             -0.054      -0.017      -0.001       0.104       0.211       0.233       0.279
    WY1             -0.154      -0.128      -0.111      -0.036       0.042       0.057       0.088
    WM1             -0.066      -0.040      -0.026       0.047       0.119       0.134       0.164

 WX3      ON
    WX2             -0.051      -0.016      -0.001       0.102       0.215       0.239       0.290
    WY2             -0.168      -0.139      -0.122      -0.039       0.047       0.064       0.099
    WM2             -0.083      -0.049      -0.032       0.057       0.143       0.160       0.193

 WM2      ON
    WM1              0.114       0.141       0.156       0.238       0.327       0.347       0.389
    WX1             -0.042      -0.018      -0.005       0.065       0.137       0.152       0.181
    WY1             -0.137      -0.112      -0.100      -0.038       0.023       0.033       0.057

 WM3      ON
    WM2              0.145       0.178       0.195       0.288       0.379       0.397       0.434
    WX2             -0.040      -0.017      -0.005       0.063       0.133       0.145       0.175
    WY2             -0.146      -0.120      -0.107      -0.041       0.026       0.037       0.063

 X1       ON
    GENDER1          0.035       0.053       0.062       0.115       0.166       0.175       0.193
    AGE1            -0.079      -0.061      -0.052      -0.006       0.040       0.049       0.065
    EDUCATION_      -0.015       0.007       0.019       0.077       0.134       0.146       0.167
    EDUCATION_       0.062       0.083       0.095       0.155       0.215       0.227       0.246
    UNEMPLOYED      -0.054      -0.034      -0.023       0.026       0.078       0.087       0.105
    UNEMPLOYED      -0.032      -0.015      -0.007       0.037       0.082       0.090       0.105
    FIN1            -0.082      -0.064      -0.055      -0.008       0.042       0.051       0.067

 X2       ON
    GENDER1         -0.018       0.004       0.013       0.066       0.120       0.129       0.147
    AGE1            -0.078      -0.062      -0.052      -0.006       0.041       0.051       0.066
    EDUCATION_      -0.006       0.019       0.032       0.094       0.155       0.167       0.189
    EDUCATION_       0.066       0.090       0.101       0.161       0.220       0.232       0.252
    UNEMPLOYED      -0.039      -0.018      -0.008       0.045       0.098       0.109       0.128
    UNEMPLOYED      -0.104      -0.085      -0.076      -0.025       0.025       0.035       0.053
    FIN2            -0.081      -0.064      -0.055      -0.010       0.035       0.045       0.060

 X3       ON
    GENDER1         -0.052      -0.032      -0.023       0.031       0.085       0.095       0.115
    AGE1            -0.071      -0.054      -0.045       0.002       0.048       0.057       0.076
    EDUCATION_      -0.028      -0.006       0.005       0.068       0.129       0.140       0.164
    EDUCATION_       0.017       0.041       0.053       0.114       0.175       0.186       0.209
    UNEMPLOYED      -0.041      -0.019      -0.010       0.044       0.098       0.109       0.130
    UNEMPLOYED      -0.089      -0.073      -0.063      -0.016       0.032       0.041       0.061
    FIN3            -0.064      -0.046      -0.038       0.011       0.061       0.071       0.091

 Y1       ON
    GENDER1          0.179       0.197       0.207       0.258       0.308       0.317       0.336
    AGE1            -0.076      -0.060      -0.052      -0.006       0.041       0.050       0.067
    EDUCATION_      -0.085      -0.062      -0.050       0.013       0.077       0.089       0.113
    EDUCATION_      -0.118      -0.093      -0.082      -0.019       0.044       0.056       0.080
    UNEMPLOYED      -0.079      -0.061      -0.051       0.003       0.058       0.069       0.088
    UNEMPLOYED      -0.118      -0.099      -0.090      -0.039       0.012       0.023       0.043
    FIN1            -0.219      -0.201      -0.192      -0.145      -0.097      -0.088      -0.072

 Y2       ON
    GENDER1          0.168       0.188       0.199       0.250       0.300       0.310       0.329
    AGE1            -0.074      -0.059      -0.050      -0.007       0.037       0.046       0.064
    EDUCATION_      -0.085      -0.061      -0.049       0.011       0.071       0.082       0.105
    EDUCATION_      -0.118      -0.094      -0.082      -0.019       0.043       0.055       0.080
    UNEMPLOYED      -0.024      -0.004       0.007       0.063       0.118       0.130       0.150
    UNEMPLOYED      -0.120      -0.101      -0.092      -0.037       0.019       0.030       0.051
    FIN2            -0.205      -0.187      -0.178      -0.129      -0.081      -0.073      -0.055

 Y3       ON
    GENDER1          0.147       0.165       0.176       0.227       0.278       0.287       0.304
    AGE1            -0.071      -0.054      -0.046      -0.003       0.041       0.051       0.067
    EDUCATION_      -0.068      -0.047      -0.035       0.024       0.084       0.096       0.121
    EDUCATION_      -0.114      -0.095      -0.084      -0.026       0.032       0.045       0.067
    UNEMPLOYED      -0.060      -0.041      -0.030       0.025       0.080       0.091       0.112
    UNEMPLOYED      -0.135      -0.116      -0.106      -0.056      -0.005       0.005       0.025
    FIN3            -0.236      -0.219      -0.210      -0.163      -0.116      -0.108      -0.091

 M1       ON
    GENDER1         -0.200      -0.177      -0.167      -0.116      -0.065      -0.055      -0.037
    AGE1            -0.021      -0.003       0.007       0.055       0.103       0.112       0.131
    EDUCATION_      -0.132      -0.110      -0.098      -0.036       0.028       0.039       0.061
    EDUCATION_      -0.064      -0.039      -0.027       0.034       0.095       0.106       0.128
    UNEMPLOYED      -0.078      -0.057      -0.045       0.010       0.066       0.076       0.099
    UNEMPLOYED      -0.017       0.005       0.016       0.074       0.130       0.141       0.164
    FIN1             0.081       0.097       0.106       0.152       0.198       0.207       0.226

 M2       ON
    GENDER1         -0.185      -0.166      -0.156      -0.105      -0.055      -0.045      -0.025
    AGE1            -0.019      -0.004       0.005       0.049       0.093       0.102       0.119
    EDUCATION_      -0.101      -0.081      -0.069      -0.009       0.052       0.064       0.087
    EDUCATION_      -0.076      -0.052      -0.040       0.022       0.083       0.095       0.119
    UNEMPLOYED      -0.082      -0.060      -0.049       0.007       0.063       0.074       0.093
    UNEMPLOYED      -0.087      -0.067      -0.055       0.000       0.056       0.067       0.087
    FIN2             0.070       0.086       0.094       0.137       0.180       0.188       0.205

 M3       ON
    GENDER1         -0.158      -0.135      -0.126      -0.072      -0.019      -0.009       0.009
    AGE1            -0.021      -0.005       0.003       0.047       0.092       0.100       0.117
    EDUCATION_      -0.091      -0.070      -0.058       0.003       0.064       0.076       0.096
    EDUCATION_      -0.084      -0.062      -0.049       0.012       0.074       0.086       0.109
    UNEMPLOYED      -0.104      -0.087      -0.076      -0.021       0.033       0.044       0.067
    UNEMPLOYED      -0.035      -0.012      -0.001       0.052       0.104       0.113       0.134
    FIN3             0.061       0.080       0.090       0.138       0.188       0.196       0.213

 RIX      WITH
    RIY              0.129       0.161       0.179       0.267       0.364       0.385       0.423
    RIM             -0.341      -0.301      -0.283      -0.182      -0.092      -0.073      -0.038

 RIY      WITH
    RIM             -0.619      -0.586      -0.571      -0.489      -0.409      -0.392      -0.360

 WX1      WITH
    WY1             -0.128      -0.096      -0.077       0.014       0.108       0.126       0.158
    WM1             -0.128      -0.087      -0.067       0.040       0.150       0.172       0.212

 WY1      WITH
    WM1             -0.356      -0.315      -0.293      -0.175      -0.051      -0.027       0.018

 WX2      WITH
    WY2             -0.107      -0.078      -0.063       0.017       0.097       0.112       0.146
    WM2             -0.112      -0.087      -0.073      -0.002       0.071       0.085       0.111

 WY2      WITH
    WM2             -0.345      -0.323      -0.314      -0.256      -0.196      -0.183      -0.159

 WX3      WITH
    WY3             -0.107      -0.078      -0.063       0.017       0.097       0.112       0.146
    WM3             -0.112      -0.087      -0.073      -0.002       0.071       0.085       0.111

 WY3      WITH
    WM3             -0.345      -0.323      -0.314      -0.256      -0.196      -0.183      -0.159

 GENDER1  WITH
    AGE1            -0.085      -0.066      -0.056      -0.003       0.049       0.060       0.079
    EDUCATION_      -0.157      -0.139      -0.129      -0.076      -0.023      -0.012       0.009
    EDUCATION_      -0.127      -0.107      -0.098      -0.047       0.005       0.015       0.037
    UNEMPLOYED      -0.100      -0.080      -0.070      -0.016       0.037       0.047       0.066
    UNEMPLOYED      -0.103      -0.079      -0.068      -0.014       0.040       0.050       0.071
    FIN1            -0.047      -0.028      -0.019       0.035       0.087       0.098       0.117
    FIN2            -0.089      -0.068      -0.057      -0.003       0.051       0.061       0.079
    FIN3            -0.072      -0.051      -0.041       0.014       0.068       0.077       0.096

 AGE1     WITH
    EDUCATION_      -0.159      -0.142      -0.131      -0.078      -0.025      -0.016       0.003
    EDUCATION_      -0.119      -0.102      -0.091      -0.038       0.015       0.025       0.047
    UNEMPLOYED      -0.013       0.007       0.017       0.068       0.118       0.127       0.144
    UNEMPLOYED      -0.073      -0.051      -0.040       0.013       0.065       0.074       0.093
    FIN1            -0.096      -0.076      -0.066      -0.013       0.040       0.050       0.069
    FIN2            -0.109      -0.090      -0.079      -0.026       0.026       0.038       0.057
    FIN3            -0.111      -0.092      -0.083      -0.030       0.024       0.035       0.054

 EDUCATIO WITH
    EDUCATION_       0.394       0.413       0.421       0.468       0.514       0.523       0.538
    UNEMPLOYED      -0.326      -0.308      -0.298      -0.250      -0.200      -0.190      -0.172
    UNEMPLOYED      -0.179      -0.158      -0.149      -0.095      -0.039      -0.028      -0.005
    FIN1             0.059       0.079       0.089       0.142       0.195       0.204       0.225
    FIN2             0.082       0.101       0.111       0.164       0.215       0.225       0.243
    FIN3             0.080       0.098       0.108       0.161       0.213       0.223       0.241

 EDUCATIO WITH
    UNEMPLOYED      -0.235      -0.217      -0.207      -0.158      -0.107      -0.098      -0.077
    UNEMPLOYED      -0.187      -0.171      -0.163      -0.120      -0.075      -0.066      -0.049
    FIN1             0.089       0.109       0.119       0.173       0.226       0.237       0.258
    FIN2             0.134       0.151       0.160       0.212       0.262       0.272       0.290
    FIN3             0.134       0.154       0.164       0.215       0.265       0.275       0.293

 UNEMPLOY WITH
    UNEMPLOYED       0.040       0.065       0.077       0.146       0.214       0.229       0.257
    FIN1            -0.197      -0.177      -0.166      -0.108      -0.051      -0.040      -0.019
    FIN2            -0.184      -0.161      -0.152      -0.097      -0.042      -0.031      -0.013
    FIN3            -0.213      -0.192      -0.182      -0.129      -0.076      -0.065      -0.045

 UNEMPLOY WITH
    FIN1            -0.214      -0.193      -0.181      -0.123      -0.063      -0.051      -0.027
    FIN2            -0.170      -0.153      -0.143      -0.094      -0.045      -0.035      -0.017
    FIN3            -0.174      -0.155      -0.145      -0.091      -0.037      -0.026      -0.006

 FIN1     WITH
    FIN2             0.663       0.677       0.683       0.715       0.745       0.750       0.761
    FIN3             0.592       0.607       0.615       0.655       0.693       0.699       0.712

 FIN2     WITH
    FIN3             0.644       0.659       0.668       0.703       0.737       0.742       0.754

 Means
    GENDER1          1.244       1.269       1.280       1.352       1.428       1.444       1.477
    AGE1            31.618      31.784      31.878      32.399      33.018      33.146      33.447
    EDUCATION_       3.852       3.892       3.914       4.017       4.126       4.147       4.185
    EDUCATION_       3.631       3.671       3.689       3.785       3.886       3.904       3.944
    UNEMPLOYED       0.377       0.389       0.395       0.426       0.457       0.462       0.474
    UNEMPLOYED       0.228       0.240       0.245       0.275       0.304       0.309       0.319
    FIN1             4.183       4.240       4.266       4.405       4.565       4.598       4.655
    FIN2             4.335       4.385       4.415       4.567       4.732       4.767       4.822
    FIN3             4.085       4.142       4.173       4.334       4.508       4.547       4.621

 Intercepts
    X1              -3.248      -2.685      -2.392      -0.848       0.676       1.000       1.543
    X2              -3.240      -2.700      -2.394      -0.855       0.680       0.998       1.556
    X3              -3.274      -2.729      -2.424      -0.866       0.689       1.011       1.579
    Y1              -1.920      -1.331      -1.046       0.515       2.011       2.278       2.864
    Y2              -1.846      -1.267      -0.989       0.491       1.929       2.189       2.758
    Y3              -1.838      -1.267      -0.990       0.491       1.931       2.186       2.760
    M1              -4.797      -4.233      -3.935      -2.320      -0.743      -0.409       0.142
    M2              -4.450      -3.902      -3.623      -2.132      -0.677      -0.380       0.128
    M3              -4.422      -3.882      -3.593      -2.120      -0.674      -0.379       0.128

 Variances
    GENDER1          1.000       1.000       1.000       1.000       1.000       1.000       1.000
    AGE1             1.000       1.000       1.000       1.000       1.000       1.000       1.000
    EDUCATION_       1.000       1.000       1.000       1.000       1.000       1.000       1.000
    EDUCATION_       1.000       1.000       1.000       1.000       1.000       1.000       1.000
    UNEMPLOYED       1.000       1.000       1.000       1.000       1.000       1.000       1.000
    UNEMPLOYED       1.000       1.000       1.000       1.000       1.000       1.000       1.000
    FIN1             1.000       1.000       1.000       1.000       1.000       1.000       1.000
    FIN2             1.000       1.000       1.000       1.000       1.000       1.000       1.000
    FIN3             1.000       1.000       1.000       1.000       1.000       1.000       1.000
    RIX              1.000       1.000       1.000       1.000       1.000       1.000       1.000
    RIY              1.000       1.000       1.000       1.000       1.000       1.000       1.000
    RIM              1.000       1.000       1.000       1.000       1.000       1.000       1.000
    WX1              1.000       1.000       1.000       1.000       1.000       1.000       1.000
    WY1              1.000       1.000       1.000       1.000       1.000       1.000       1.000
    WM1              1.000       1.000       1.000       1.000       1.000       1.000       1.000

 Residual Variances
    X1               0.000       0.000       0.000       0.000       0.000       0.000       0.000
    X2               0.000       0.000       0.000       0.000       0.000       0.000       0.000
    X3               0.000       0.000       0.000       0.000       0.000       0.000       0.000
    Y1               0.000       0.000       0.000       0.000       0.000       0.000       0.000
    Y2               0.000       0.000       0.000       0.000       0.000       0.000       0.000
    Y3               0.000       0.000       0.000       0.000       0.000       0.000       0.000
    M1               0.000       0.000       0.000       0.000       0.000       0.000       0.000
    M2               0.000       0.000       0.000       0.000       0.000       0.000       0.000
    M3               0.000       0.000       0.000       0.000       0.000       0.000       0.000
    WX2              0.909       0.933       0.943       0.985       0.997       0.998       0.999
    WX3              0.899       0.925       0.935       0.983       0.996       0.997       0.999
    WY2              0.895       0.918       0.927       0.972       0.990       0.992       0.997
    WY3              0.870       0.896       0.907       0.964       0.987       0.990       0.996
    WM2              0.831       0.861       0.876       0.933       0.965       0.970       0.978
    WM3              0.787       0.819       0.835       0.904       0.947       0.955       0.968


     Beginning Time:  18:57:10
        Ending Time:  19:06:39
       Elapsed Time:  00:09:29



MUTHEN & MUTHEN
3463 Stoner Ave.
Los Angeles, CA  90066

Tel: (310) 391-9971
Fax: (310) 391-8971
Web: www.StatModel.com
Support: Support@StatModel.com

Copyright (c) 1998-2023 Muthen & Muthen
