Mplus VERSION 8.9
MUTHEN & MUTHEN
01/22/2025   7:06 PM

INPUT INSTRUCTIONS

  DATA:
    FILE IS "mplus.dat";
  VARIABLE:
    MISSING ARE ALL (-99);
    NAMES ARE id Gender1 Age1 Education_mother1 Education_father1
    unemployed_mother1 unemployed_father1 Fin1 Fin2 Fin3 Personal1
    Personal2 Personal3 Public1 Public2 Public3 Collective1
    Collective2 Collective3 Relational1 Relational2
    Relational3 Autonomy1 Autonomy2 Autonomy3 Relatedness1 Relatedness2
    Relatedness3 Competence1 Competence2 Competence3
    PA1 PA2 PA3 NA1 NA2 NA3 SWLS1 SWLS2 SWLS3;

  usevar =
  Gender1 Age1 Education_mother1 Education_father1
  unemployed_mother1 unemployed_father1 Fin1 Fin2 Fin3
  x1-x3 y1-y3 m1-m3 ;

  define:
  x1 = Collective1;
  x2 = Collective2;
  x3 = Collective3;

  m1 = Autonomy1;
  m2 = Autonomy2;
  m3 = Autonomy3;

  y1 = NA1;
  y2 = NA2;
  y3 = NA3;


  analysis:

  MODEL = NOCOV;
  bootstrap = 10000;


  MODEL:
  RIx BY x1@1 x2@1 x3@1;
  RIy BY y1@1 y2@1 y3@1;
  RIm BY m1@1 m2@1 m3@1;



  wx1 BY x1@1;
  wx2 BY x2@1;
  wx3 BY x3@1;



  wy1 BY y1@1;
  wy2 BY y2@1;
  wy3 BY y3@1;



  wm1 By m1@1;
  wm2 By m2@1;
  wm3 By m3@1;


  x1-m3@0;


  wy2 ON wy1 (a );
  wy3 ON wy2 (a );


  wx2 ON wx1 (b );
  wx3 ON wx2 (b );


  wm2 ON wm1  (c);
  wm3 ON wm2  (c);


  wy2 ON  wx1 wm1  (d e);
  wy3 ON  wx2 wm2  (d e);


  wx2 ON wy1 wm1  (f j);
  wx3 ON wy2 wm2  (f j);


  wm2 ON wx1 wy1   (h i);
  wm3 ON wx2 wy2   (h i);


  RIx RIy RIm  with RIx RIy RIm ;

  wx1 wy1 wm1 with wx1 wy1 wm1;
  wx2 wy2 wm2 with wx2 wy2 wm2 (cov1 cov2 cov3);
  wx3 wy3 wm3 with wx3 wy3 wm3 (cov1 cov2 cov3);

  wx2 (vx); wy2 (vy); wm2 (vm);
  wx3 (vx); wy3 (vy); wm3 (vm);

  x1-m3 on Gender1 Age1 Education_mother1 Education_father1
  unemployed_mother1 unemployed_father1 ;

  x1 y1 m1 on Fin1;
  x2 y2 m2 on Fin2;
  x3 y3 m3 on Fin3;

  Gender1 -Fin3 with Gender1 -Fin3;

  [x1-x3] (mx);
  [m1-m3] (mm);
  [y1-y3] (my);

  model constraint:
  new (ind);
  ind = h*e;

  output: cinterval (boot) stdyx;



*** WARNING in VARIABLE command
  Note that only the first 8 characters of variable names are used in the output.
  Shorten variable names to avoid any confusion.
   1 WARNING(S) FOUND IN THE INPUT INSTRUCTIONS




SUMMARY OF ANALYSIS

Number of groups                                                 1
Number of observations                                         971

Number of dependent variables                                    9
Number of independent variables                                  9
Number of continuous latent variables                           12

Observed dependent variables

  Continuous
   X1          X2          X3          Y1          Y2          Y3
   M1          M2          M3

Observed independent variables
   GENDER1     AGE1        EDUCATIO    EDUCATIO    UNEMPLOY    UNEMPLOY
   FIN1        FIN2        FIN3

Continuous latent variables
   RIX         RIY         RIM         WX1         WX2         WX3
   WY1         WY2         WY3         WM1         WM2         WM3


Estimator                                                       ML
Information matrix                                        OBSERVED
Maximum number of iterations                                  1000
Convergence criterion                                    0.500D-04
Maximum number of steepest descent iterations                   20
Maximum number of iterations for H1                           2000
Convergence criterion for H1                             0.100D-03
Number of bootstrap draws
    Requested                                                10000
    Completed                                                10000

Input data file(s)
  mplus.dat

Input data format  FREE


SUMMARY OF DATA

     Number of missing data patterns            19


COVARIANCE COVERAGE OF DATA

Minimum covariance coverage value   0.100


     PROPORTION OF DATA PRESENT


           Covariance Coverage
              X1            X2            X3            Y1            Y2
              ________      ________      ________      ________      ________
 X1             1.000
 X2             1.000         1.000
 X3             1.000         1.000         1.000
 Y1             1.000         1.000         1.000         1.000
 Y2             1.000         1.000         1.000         1.000         1.000
 Y3             1.000         1.000         1.000         1.000         1.000
 M1             1.000         1.000         1.000         1.000         1.000
 M2             1.000         1.000         1.000         1.000         1.000
 M3             1.000         1.000         1.000         1.000         1.000
 GENDER1        0.998         0.998         0.998         0.998         0.998
 AGE1           0.999         0.999         0.999         0.999         0.999
 EDUCATIO       0.994         0.994         0.994         0.994         0.994
 EDUCATIO       0.991         0.991         0.991         0.991         0.991
 UNEMPLOY       0.992         0.992         0.992         0.992         0.992
 UNEMPLOY       0.974         0.974         0.974         0.974         0.974
 FIN1           0.994         0.994         0.994         0.994         0.994
 FIN2           0.991         0.991         0.991         0.991         0.991
 FIN3           0.991         0.991         0.991         0.991         0.991


           Covariance Coverage
              Y3            M1            M2            M3            GENDER1
              ________      ________      ________      ________      ________
 Y3             1.000
 M1             1.000         1.000
 M2             1.000         1.000         1.000
 M3             1.000         1.000         1.000         1.000
 GENDER1        0.998         0.998         0.998         0.998         0.998
 AGE1           0.999         0.999         0.999         0.999         0.997
 EDUCATIO       0.994         0.994         0.994         0.994         0.992
 EDUCATIO       0.991         0.991         0.991         0.991         0.989
 UNEMPLOY       0.992         0.992         0.992         0.992         0.990
 UNEMPLOY       0.974         0.974         0.974         0.974         0.972
 FIN1           0.994         0.994         0.994         0.994         0.992
 FIN2           0.991         0.991         0.991         0.991         0.990
 FIN3           0.991         0.991         0.991         0.991         0.989


           Covariance Coverage
              AGE1          EDUCATIO      EDUCATIO      UNEMPLOY      UNEMPLOY
              ________      ________      ________      ________      ________
 AGE1           0.999
 EDUCATIO       0.993         0.994
 EDUCATIO       0.990         0.987         0.991
 UNEMPLOY       0.991         0.989         0.984         0.992
 UNEMPLOY       0.973         0.969         0.970         0.968         0.974
 FIN1           0.993         0.989         0.986         0.988         0.969
 FIN2           0.990         0.985         0.981         0.982         0.965
 FIN3           0.990         0.985         0.981         0.982         0.965


           Covariance Coverage
              FIN1          FIN2          FIN3
              ________      ________      ________
 FIN1           0.994
 FIN2           0.986         0.991
 FIN3           0.986         0.984         0.991



UNIVARIATE SAMPLE STATISTICS


     UNIVARIATE HIGHER-ORDER MOMENT DESCRIPTIVE STATISTICS

         Variable/         Mean/     Skewness/   Minimum/ % with                Percentiles
        Sample Size      Variance    Kurtosis    Maximum  Min/Max      20%/60%    40%/80%    Median

     X1                   -0.016      -0.143      -2.873    0.10%      -0.797     -0.233     -0.038
             971.000       0.819      -0.348       2.189    0.10%       0.260      0.790
     X2                   -0.011      -0.022      -3.048    0.10%      -0.793     -0.286     -0.009
             971.000       0.851      -0.289       2.197    0.10%       0.236      0.781
     X3                   -0.011      -0.129      -3.182    0.10%      -0.752     -0.288     -0.038
             971.000       0.856      -0.090       2.266    0.10%       0.220      0.793
     Y1                    0.000       0.647      -1.361    0.82%      -0.714     -0.372     -0.139
             971.000       0.671      -0.161       2.447    0.10%       0.073      0.669
     Y2                    0.000       0.519      -1.447    1.03%      -0.756     -0.389     -0.139
             971.000       0.744      -0.415       2.501    0.10%       0.124      0.732
     Y3                    0.000       0.473      -1.410    1.44%      -0.720     -0.353     -0.151
             971.000       0.706      -0.249       2.551    0.10%       0.184      0.683
     M1                   -0.011      -0.113      -2.043    0.10%      -0.393     -0.135     -0.018
             971.000       0.220       0.142       1.071    1.24%       0.092      0.393
     M2                   -0.010      -0.062      -1.617    0.10%      -0.431     -0.133     -0.005
             971.000       0.273       0.011       1.172    2.37%       0.109      0.420
     M3                   -0.009       0.040      -1.447    0.10%      -0.484     -0.148     -0.035
             971.000       0.292      -0.337       1.198    2.16%       0.100      0.476
     GENDER1               0.646      -0.611       0.000   35.40%       0.000      1.000      1.000
             969.000       0.229      -1.627       1.000   64.60%       1.000      1.000
     AGE1                 15.638      -0.547      15.000   36.29%      15.000     16.000     16.000
             970.000       0.233      -1.625      17.000    0.10%      16.000     16.000
     EDUCATION_MOTHE       3.907      -0.084       1.000    0.31%       3.000      3.000      4.000
             965.000       0.945      -1.378       5.000   39.17%       4.000      5.000
     EDUCATION_FATHE       3.754       0.093       1.000    0.62%       3.000      3.000      3.000
             962.000       0.984      -1.211       5.000   33.78%       4.000      5.000
     UNEMPLOYED_MOTH       0.154       1.921       0.000   84.63%       0.000      0.000      0.000
             963.000       0.130       1.688       1.000   15.37%       0.000      0.000
     UNEMPLOYED_FATH       0.070       3.378       0.000   93.02%       0.000      0.000      0.000
             946.000       0.065       9.408       1.000    6.98%       0.000      0.000
     FIN1                  3.754      -0.071       1.000    0.31%       3.000      3.000      4.000
             965.000       0.726      -0.634       5.000   21.55%       4.000      5.000
     FIN2                  3.777      -0.071       1.000    0.42%       3.000      4.000      4.000
             962.000       0.685      -0.517       5.000   21.21%       4.000      5.000
     FIN3                  3.756      -0.179       1.000    0.94%       3.000      3.000      4.000
             962.000       0.750      -0.296       5.000   21.93%       4.000      5.000


THE MODEL ESTIMATION TERMINATED NORMALLY



MODEL FIT INFORMATION

Number of Free Parameters                      147

Loglikelihood

          H0 Value                      -14715.820
          H1 Value                      -14661.611

Information Criteria

          Akaike (AIC)                   29725.640
          Bayesian (BIC)                 30442.754
          Sample-Size Adjusted BIC       29975.883
            (n* = (n + 2) / 24)

Chi-Square Test of Model Fit

          Value                            108.418
          Degrees of Freedom                    42
          P-Value                           0.0000

RMSEA (Root Mean Square Error Of Approximation)

          Estimate                           0.040
          90 Percent C.I.                    0.031  0.050
          Probability RMSEA <= .05           0.954

CFI/TLI

          CFI                                0.984
          TLI                                0.956

Chi-Square Test of Model Fit for the Baseline Model

          Value                           4345.211
          Degrees of Freedom                   117
          P-Value                           0.0000

SRMR (Standardized Root Mean Square Residual)

          Value                              0.039



MODEL RESULTS

                                                    Two-Tailed
                    Estimate       S.E.  Est./S.E.    P-Value

 RIX      BY
    X1                 1.000      0.000    999.000    999.000
    X2                 1.000      0.000    999.000    999.000
    X3                 1.000      0.000    999.000    999.000

 RIY      BY
    Y1                 1.000      0.000    999.000    999.000
    Y2                 1.000      0.000    999.000    999.000
    Y3                 1.000      0.000    999.000    999.000

 RIM      BY
    M1                 1.000      0.000    999.000    999.000
    M2                 1.000      0.000    999.000    999.000
    M3                 1.000      0.000    999.000    999.000

 WX1      BY
    X1                 1.000      0.000    999.000    999.000

 WX2      BY
    X2                 1.000      0.000    999.000    999.000

 WX3      BY
    X3                 1.000      0.000    999.000    999.000

 WY1      BY
    Y1                 1.000      0.000    999.000    999.000

 WY2      BY
    Y2                 1.000      0.000    999.000    999.000

 WY3      BY
    Y3                 1.000      0.000    999.000    999.000

 WM1      BY
    M1                 1.000      0.000    999.000    999.000

 WM2      BY
    M2                 1.000      0.000    999.000    999.000

 WM3      BY
    M3                 1.000      0.000    999.000    999.000

 WY2      ON
    WY1                0.134      0.062      2.153      0.031
    WX1                0.010      0.046      0.209      0.835
    WM1               -0.162      0.075     -2.167      0.030

 WY3      ON
    WY2                0.134      0.062      2.153      0.031
    WX2                0.010      0.046      0.209      0.835
    WM2               -0.162      0.075     -2.167      0.030

 WX2      ON
    WX1                0.095      0.068      1.393      0.164
    WY1                0.034      0.047      0.727      0.467
    WM1                0.035      0.078      0.452      0.651

 WX3      ON
    WX2                0.095      0.068      1.393      0.164
    WY2                0.034      0.047      0.727      0.467
    WM2                0.035      0.078      0.452      0.651

 WM2      ON
    WM1                0.229      0.060      3.797      0.000
    WX1               -0.022      0.030     -0.737      0.461
    WY1               -0.056      0.028     -2.004      0.045

 WM3      ON
    WM2                0.229      0.060      3.797      0.000
    WX2               -0.022      0.030     -0.737      0.461
    WY2               -0.056      0.028     -2.004      0.045

 X1       ON
    GENDER1           -0.202      0.063     -3.190      0.001
    AGE1              -0.004      0.055     -0.067      0.946
    EDUCATION_        -0.023      0.034     -0.684      0.494
    EDUCATION_         0.023      0.033      0.681      0.496
    UNEMPLOYED        -0.012      0.078     -0.154      0.877
    UNEMPLOYED         0.073      0.119      0.610      0.542
    FIN1               0.120      0.030      3.956      0.000

 X2       ON
    GENDER1           -0.122      0.065     -1.876      0.061
    AGE1              -0.012      0.054     -0.220      0.826
    EDUCATION_        -0.034      0.034     -0.995      0.320
    EDUCATION_         0.021      0.035      0.616      0.538
    UNEMPLOYED        -0.007      0.079     -0.083      0.934
    UNEMPLOYED         0.180      0.127      1.412      0.158
    FIN2               0.152      0.031      4.896      0.000

 X3       ON
    GENDER1           -0.152      0.064     -2.364      0.018
    AGE1              -0.001      0.055     -0.027      0.978
    EDUCATION_        -0.029      0.034     -0.849      0.396
    EDUCATION_         0.014      0.033      0.424      0.672
    UNEMPLOYED         0.047      0.083      0.567      0.571
    UNEMPLOYED         0.152      0.126      1.205      0.228
    FIN3               0.115      0.030      3.767      0.000

 Y1       ON
    GENDER1            0.434      0.053      8.247      0.000
    AGE1              -0.010      0.047     -0.216      0.829
    EDUCATION_         0.010      0.032      0.325      0.745
    EDUCATION_        -0.015      0.031     -0.491      0.624
    UNEMPLOYED         0.008      0.074      0.103      0.918
    UNEMPLOYED        -0.126      0.098     -1.279      0.201
    FIN1              -0.133      0.027     -4.897      0.000

 Y2       ON
    GENDER1            0.442      0.056      7.918      0.000
    AGE1              -0.012      0.046     -0.263      0.792
    EDUCATION_         0.010      0.032      0.304      0.761
    EDUCATION_        -0.016      0.032     -0.495      0.621
    UNEMPLOYED         0.149      0.080      1.863      0.063
    UNEMPLOYED        -0.123      0.112     -1.106      0.269
    FIN2              -0.130      0.030     -4.336      0.000

 Y3       ON
    GENDER1            0.401      0.055      7.328      0.000
    AGE1              -0.005      0.046     -0.110      0.912
    EDUCATION_         0.021      0.032      0.650      0.516
    EDUCATION_        -0.023      0.030     -0.756      0.450
    UNEMPLOYED         0.059      0.078      0.747      0.455
    UNEMPLOYED        -0.185      0.102     -1.808      0.071
    FIN3              -0.153      0.027     -5.588      0.000

 M1       ON
    GENDER1           -0.022      0.031     -0.730      0.465
    AGE1               0.042      0.028      1.507      0.132
    EDUCATION_        -0.033      0.019     -1.751      0.080
    EDUCATION_         0.007      0.018      0.369      0.712
    UNEMPLOYED         0.013      0.045      0.279      0.780
    UNEMPLOYED         0.116      0.062      1.861      0.063
    FIN1               0.095      0.016      5.885      0.000

 M2       ON
    GENDER1           -0.067      0.033     -2.005      0.045
    AGE1               0.044      0.028      1.584      0.113
    EDUCATION_        -0.025      0.020     -1.256      0.209
    EDUCATION_        -0.001      0.020     -0.055      0.956
    UNEMPLOYED        -0.022      0.050     -0.430      0.667
    UNEMPLOYED        -0.021      0.063     -0.331      0.740
    FIN2               0.098      0.018      5.396      0.000

 M3       ON
    GENDER1           -0.018      0.037     -0.488      0.626
    AGE1               0.038      0.028      1.347      0.178
    EDUCATION_        -0.022      0.021     -1.040      0.298
    EDUCATION_         0.013      0.021      0.634      0.526
    UNEMPLOYED         0.001      0.050      0.026      0.979
    UNEMPLOYED         0.065      0.063      1.038      0.299
    FIN3               0.097      0.020      4.829      0.000

 RIX      WITH
    RIY               -0.125      0.022     -5.709      0.000
    RIM                0.097      0.014      7.022      0.000

 RIY      WITH
    RIM               -0.096      0.012     -7.932      0.000

 WX1      WITH
    WY1               -0.008      0.015     -0.546      0.585
    WM1                0.013      0.009      1.374      0.170

 WY1      WITH
    WM1               -0.029      0.011     -2.715      0.007

 WX2      WITH
    WY2               -0.033      0.014     -2.472      0.013
    WM2                0.029      0.010      3.037      0.002

 WY2      WITH
    WM2               -0.057      0.008     -7.071      0.000

 WX3      WITH
    WY3               -0.033      0.014     -2.472      0.013
    WM3                0.029      0.010      3.037      0.002

 WY3      WITH
    WM3               -0.057      0.008     -7.071      0.000

 GENDER1  WITH
    AGE1              -0.001      0.007     -0.095      0.925
    EDUCATION_        -0.035      0.015     -2.365      0.018
    EDUCATION_        -0.022      0.015     -1.454      0.146
    UNEMPLOYED        -0.003      0.006     -0.513      0.608
    UNEMPLOYED        -0.002      0.004     -0.410      0.682
    FIN1               0.015      0.013      1.107      0.268
    FIN2              -0.001      0.013     -0.075      0.940
    FIN3               0.006      0.014      0.449      0.654

 AGE1     WITH
    EDUCATION_        -0.037      0.015     -2.445      0.014
    EDUCATION_        -0.018      0.015     -1.178      0.239
    UNEMPLOYED         0.012      0.005      2.224      0.026
    UNEMPLOYED         0.002      0.004      0.427      0.669
    FIN1              -0.005      0.013     -0.415      0.678
    FIN2              -0.010      0.013     -0.793      0.428
    FIN3              -0.012      0.014     -0.911      0.362

 EDUCATIO WITH
    EDUCATION_         0.452      0.030     14.930      0.000
    UNEMPLOYED        -0.088      0.012     -7.483      0.000
    UNEMPLOYED        -0.024      0.009     -2.739      0.006
    FIN1               0.119      0.027      4.375      0.000
    FIN2               0.132      0.026      5.119      0.000
    FIN3               0.136      0.027      4.993      0.000

 EDUCATIO WITH
    UNEMPLOYED        -0.057      0.011     -4.939      0.000
    UNEMPLOYED        -0.031      0.007     -4.103      0.000
    FIN1               0.145      0.028      5.251      0.000
    FIN2               0.173      0.026      6.613      0.000
    FIN3               0.184      0.027      6.807      0.000

 UNEMPLOY WITH
    UNEMPLOYED         0.013      0.004      3.261      0.001
    FIN1              -0.033      0.011     -3.031      0.002
    FIN2              -0.029      0.010     -2.899      0.004
    FIN3              -0.040      0.010     -3.879      0.000

 UNEMPLOY WITH
    FIN1              -0.027      0.008     -3.182      0.001
    FIN2              -0.019      0.007     -2.953      0.003
    FIN3              -0.020      0.008     -2.662      0.008

 FIN1     WITH
    FIN2               0.504      0.025     20.368      0.000
    FIN3               0.484      0.025     19.203      0.000

 FIN2     WITH
    FIN3               0.504      0.024     20.758      0.000

 Means
    GENDER1            0.647      0.015     42.498      0.000
    AGE1              15.638      0.016   1007.262      0.000
    EDUCATION_         3.907      0.031    124.242      0.000
    EDUCATION_         3.754      0.032    116.406      0.000
    UNEMPLOYED         0.154      0.012     13.359      0.000
    UNEMPLOYED         0.070      0.008      8.378      0.000
    FIN1               3.755      0.027    138.356      0.000
    FIN2               3.775      0.027    141.526      0.000
    FIN3               3.753      0.028    133.394      0.000

 Intercepts
    X1                -0.276      0.875     -0.316      0.752
    X2                -0.276      0.875     -0.316      0.752
    X3                -0.276      0.875     -0.316      0.752
    Y1                 0.402      0.745      0.539      0.590
    Y2                 0.402      0.745      0.539      0.590
    Y3                 0.402      0.745      0.539      0.590
    M1                -0.916      0.445     -2.059      0.039
    M2                -0.916      0.445     -2.059      0.039
    M3                -0.916      0.445     -2.059      0.039

 Variances
    GENDER1            0.229      0.004     51.187      0.000
    AGE1               0.233      0.005     50.731      0.000
    EDUCATION_         0.946      0.024     38.643      0.000
    EDUCATION_         0.984      0.028     34.906      0.000
    UNEMPLOYED         0.130      0.008     16.318      0.000
    UNEMPLOYED         0.065      0.007      9.066      0.000
    FIN1               0.727      0.028     26.421      0.000
    FIN2               0.684      0.027     25.735      0.000
    FIN3               0.750      0.032     23.562      0.000
    RIX                0.527      0.031     16.839      0.000
    RIY                0.326      0.028     11.736      0.000
    RIM                0.120      0.010     12.139      0.000
    WX1                0.292      0.025     11.833      0.000
    WY1                0.266      0.024     11.085      0.000
    WM1                0.084      0.009      9.621      0.000

 Residual Variances
    X1                 0.000      0.000    999.000    999.000
    X2                 0.000      0.000    999.000    999.000
    X3                 0.000      0.000    999.000    999.000
    Y1                 0.000      0.000    999.000    999.000
    Y2                 0.000      0.000    999.000    999.000
    Y3                 0.000      0.000    999.000    999.000
    M1                 0.000      0.000    999.000    999.000
    M2                 0.000      0.000    999.000    999.000
    M3                 0.000      0.000    999.000    999.000
    WX2                0.275      0.022     12.426      0.000
    WX3                0.275      0.022     12.426      0.000
    WY2                0.316      0.018     17.244      0.000
    WY3                0.316      0.018     17.244      0.000
    WM2                0.143      0.007     20.399      0.000
    WM3                0.143      0.007     20.399      0.000

New/Additional Parameters
    IND                0.004      0.006      0.627      0.531


STANDARDIZED MODEL RESULTS


STDYX Standardization

                                                    Two-Tailed
                    Estimate       S.E.  Est./S.E.    P-Value

 RIX      BY
    X1                 0.793      0.017     47.400      0.000
    X2                 0.799      0.019     42.977      0.000
    X3                 0.801      0.019     43.178      0.000

 RIY      BY
    Y1                 0.710      0.026     27.579      0.000
    Y2                 0.678      0.024     27.823      0.000
    Y3                 0.678      0.025     27.288      0.000

 RIM      BY
    M1                 0.753      0.026     28.515      0.000
    M2                 0.658      0.022     29.322      0.000
    M3                 0.654      0.024     27.222      0.000

 WX1      BY
    X1                 0.590      0.022     27.148      0.000

 WX2      BY
    X2                 0.580      0.025     23.393      0.000

 WX3      BY
    X3                 0.582      0.025     23.106      0.000

 WY1      BY
    Y1                 0.641      0.027     24.090      0.000

 WY2      BY
    Y2                 0.675      0.023     29.554      0.000

 WY3      BY
    Y3                 0.679      0.024     28.909      0.000

 WM1      BY
    M1                 0.629      0.030     20.856      0.000

 WM2      BY
    M2                 0.733      0.020     36.816      0.000

 WM3      BY
    M3                 0.739      0.021     35.153      0.000

 WY2      ON
    WY1                0.121      0.057      2.130      0.033
    WX1                0.009      0.044      0.208      0.835
    WM1               -0.083      0.039     -2.121      0.034

 WY3      ON
    WY2                0.133      0.062      2.164      0.030
    WX2                0.009      0.043      0.209      0.835
    WM2               -0.109      0.050     -2.163      0.031

 WX2      ON
    WX1                0.097      0.067      1.446      0.148
    WY1                0.034      0.046      0.729      0.466
    WM1                0.019      0.043      0.451      0.652

 WX3      ON
    WX2                0.095      0.068      1.396      0.163
    WY2                0.037      0.051      0.731      0.465
    WM2                0.026      0.057      0.453      0.650

 WM2      ON
    WM1                0.172      0.048      3.604      0.000
    WX1               -0.031      0.043     -0.727      0.467
    WY1               -0.075      0.038     -1.996      0.046

 WM3      ON
    WM2                0.226      0.058      3.885      0.000
    WX2               -0.030      0.041     -0.738      0.461
    WY2               -0.082      0.041     -2.009      0.044

 X1       ON
    GENDER1           -0.105      0.033     -3.177      0.001
    AGE1              -0.002      0.029     -0.067      0.946
    EDUCATION_        -0.025      0.036     -0.684      0.494
    EDUCATION_         0.025      0.036      0.681      0.496
    UNEMPLOYED        -0.005      0.031     -0.155      0.877
    UNEMPLOYED         0.020      0.033      0.615      0.539
    FIN1               0.112      0.028      3.970      0.000

 X2       ON
    GENDER1           -0.064      0.034     -1.877      0.060
    AGE1              -0.006      0.029     -0.220      0.826
    EDUCATION_        -0.037      0.037     -0.996      0.319
    EDUCATION_         0.023      0.038      0.617      0.537
    UNEMPLOYED        -0.003      0.031     -0.083      0.934
    UNEMPLOYED         0.050      0.035      1.422      0.155
    FIN2               0.138      0.028      4.889      0.000

 X3       ON
    GENDER1           -0.080      0.034     -2.365      0.018
    AGE1              -0.001      0.029     -0.027      0.978
    EDUCATION_        -0.031      0.037     -0.851      0.395
    EDUCATION_         0.016      0.036      0.425      0.671
    UNEMPLOYED         0.019      0.033      0.569      0.569
    UNEMPLOYED         0.043      0.035      1.215      0.225
    FIN3               0.110      0.029      3.791      0.000

 Y1       ON
    GENDER1            0.258      0.031      8.414      0.000
    AGE1              -0.006      0.028     -0.216      0.829
    EDUCATION_         0.013      0.038      0.326      0.745
    EDUCATION_        -0.019      0.039     -0.491      0.623
    UNEMPLOYED         0.003      0.033      0.104      0.918
    UNEMPLOYED        -0.040      0.031     -1.286      0.198
    FIN1              -0.141      0.029     -4.862      0.000

 Y2       ON
    GENDER1            0.251      0.031      8.089      0.000
    AGE1              -0.007      0.027     -0.263      0.792
    EDUCATION_         0.011      0.037      0.304      0.761
    EDUCATION_        -0.019      0.038     -0.495      0.621
    UNEMPLOYED         0.064      0.034      1.873      0.061
    UNEMPLOYED        -0.037      0.034     -1.113      0.266
    FIN2              -0.127      0.029     -4.320      0.000

 Y3       ON
    GENDER1            0.228      0.031      7.390      0.000
    AGE1              -0.003      0.027     -0.110      0.912
    EDUCATION_         0.024      0.037      0.651      0.515
    EDUCATION_        -0.027      0.035     -0.757      0.449
    UNEMPLOYED         0.025      0.033      0.750      0.454
    UNEMPLOYED        -0.056      0.031     -1.821      0.069
    FIN3              -0.157      0.028     -5.523      0.000

 M1       ON
    GENDER1           -0.023      0.032     -0.731      0.465
    AGE1               0.044      0.029      1.507      0.132
    EDUCATION_        -0.070      0.040     -1.761      0.078
    EDUCATION_         0.014      0.038      0.370      0.712
    UNEMPLOYED         0.010      0.035      0.280      0.780
    UNEMPLOYED         0.064      0.034      1.871      0.061
    FIN1               0.177      0.030      5.950      0.000

 M2       ON
    GENDER1           -0.061      0.030     -2.016      0.044
    AGE1               0.040      0.025      1.582      0.114
    EDUCATION_        -0.047      0.037     -1.261      0.207
    EDUCATION_        -0.002      0.037     -0.055      0.956
    UNEMPLOYED        -0.015      0.034     -0.431      0.666
    UNEMPLOYED        -0.010      0.030     -0.333      0.739
    FIN2               0.154      0.028      5.461      0.000

 M3       ON
    GENDER1           -0.016      0.033     -0.488      0.625
    AGE1               0.034      0.025      1.346      0.178
    EDUCATION_        -0.041      0.039     -1.043      0.297
    EDUCATION_         0.024      0.038      0.634      0.526
    UNEMPLOYED         0.001      0.034      0.026      0.979
    UNEMPLOYED         0.031      0.030      1.043      0.297
    FIN3               0.159      0.032      4.969      0.000

 RIX      WITH
    RIY               -0.302      0.050     -6.042      0.000
    RIM                0.388      0.051      7.607      0.000

 RIY      WITH
    RIM               -0.485      0.045    -10.806      0.000

 WX1      WITH
    WY1               -0.030      0.054     -0.550      0.583
    WM1                0.082      0.059      1.392      0.164

 WY1      WITH
    WM1               -0.192      0.064     -3.007      0.003

 WX2      WITH
    WY2               -0.113      0.045     -2.523      0.012
    WM2                0.147      0.047      3.118      0.002

 WY2      WITH
    WM2               -0.270      0.036     -7.585      0.000

 WX3      WITH
    WY3               -0.113      0.045     -2.523      0.012
    WM3                0.147      0.047      3.118      0.002

 WY3      WITH
    WM3               -0.270      0.036     -7.585      0.000

 GENDER1  WITH
    AGE1              -0.003      0.032     -0.094      0.925
    EDUCATION_        -0.076      0.032     -2.360      0.018
    EDUCATION_        -0.046      0.032     -1.454      0.146
    UNEMPLOYED        -0.017      0.032     -0.513      0.608
    UNEMPLOYED        -0.014      0.033     -0.409      0.682
    FIN1               0.036      0.032      1.108      0.268
    FIN2              -0.002      0.033     -0.075      0.941
    FIN3               0.015      0.033      0.449      0.654

 AGE1     WITH
    EDUCATION_        -0.078      0.032     -2.442      0.015
    EDUCATION_        -0.038      0.032     -1.177      0.239
    UNEMPLOYED         0.069      0.031      2.237      0.025
    UNEMPLOYED         0.014      0.032      0.427      0.669
    FIN1              -0.013      0.032     -0.414      0.679
    FIN2              -0.026      0.032     -0.793      0.428
    FIN3              -0.029      0.032     -0.912      0.362

 EDUCATIO WITH
    EDUCATION_         0.469      0.028     16.549      0.000
    UNEMPLOYED        -0.250      0.030     -8.361      0.000
    UNEMPLOYED        -0.095      0.034     -2.837      0.005
    FIN1               0.143      0.032      4.458      0.000
    FIN2               0.164      0.031      5.217      0.000
    FIN3               0.162      0.032      5.055      0.000

 EDUCATIO WITH
    UNEMPLOYED        -0.158      0.031     -5.179      0.000
    UNEMPLOYED        -0.121      0.027     -4.481      0.000
    FIN1               0.172      0.032      5.299      0.000
    FIN2               0.211      0.031      6.834      0.000
    FIN3               0.214      0.031      7.015      0.000

 UNEMPLOY WITH
    UNEMPLOYED         0.146      0.042      3.468      0.001
    FIN1              -0.108      0.035     -3.092      0.002
    FIN2              -0.097      0.033     -2.936      0.003
    FIN3              -0.130      0.032     -3.992      0.000

 UNEMPLOY WITH
    FIN1              -0.122      0.036     -3.365      0.001
    FIN2              -0.092      0.030     -3.091      0.002
    FIN3              -0.091      0.033     -2.761      0.006

 FIN1     WITH
    FIN2               0.716      0.019     38.331      0.000
    FIN3               0.655      0.024     27.842      0.000

 FIN2     WITH
    FIN3               0.703      0.021     33.385      0.000

 Means
    GENDER1            1.352      0.045     29.963      0.000
    AGE1              32.399      0.350     92.492      0.000
    EDUCATION_         4.017      0.064     62.478      0.000
    EDUCATION_         3.785      0.060     63.158      0.000
    UNEMPLOYED         0.427      0.019     22.565      0.000
    UNEMPLOYED         0.274      0.018     15.507      0.000
    FIN1               4.404      0.092     48.130      0.000
    FIN2               4.566      0.096     47.380      0.000
    FIN3               4.333      0.102     42.314      0.000

 Intercepts
    X1                -0.302      0.955     -0.316      0.752
    X2                -0.304      0.963     -0.316      0.752
    X3                -0.305      0.965     -0.316      0.752
    Y1                 0.500      0.925      0.540      0.589
    Y2                 0.477      0.885      0.539      0.590
    Y3                 0.477      0.884      0.539      0.590
    M1                -1.992      0.967     -2.061      0.039
    M2                -1.743      0.848     -2.056      0.040
    M3                -1.731      0.841     -2.057      0.040

 Variances
    GENDER1            1.000      0.000    999.000    999.000
    AGE1               1.000      0.000    999.000    999.000
    EDUCATION_         1.000      0.000    999.000    999.000
    EDUCATION_         1.000      0.000    999.000    999.000
    UNEMPLOYED         1.000      0.000    999.000    999.000
    UNEMPLOYED         1.000      0.000    999.000    999.000
    FIN1               1.000      0.000    999.000    999.000
    FIN2               1.000      0.000    999.000    999.000
    FIN3               1.000      0.000    999.000    999.000
    RIX                1.000      0.000    999.000    999.000
    RIY                1.000      0.000    999.000    999.000
    RIM                1.000      0.000    999.000    999.000
    WX1                1.000      0.000    999.000    999.000
    WY1                1.000      0.000    999.000    999.000
    WM1                1.000      0.000    999.000    999.000

 Residual Variances
    X1                 0.000      0.000      0.000      1.000
    X2                 0.000      0.000      0.000      1.000
    X3                 0.000      0.000      0.000      1.000
    Y1                 0.000      0.000      0.000      1.000
    Y2                 0.000      0.000      0.000      1.000
    Y3                 0.000      0.000      0.000      1.000
    M1                 0.000      0.000      0.000      1.000
    M2                 0.000      0.000      0.000      1.000
    M3                 0.000      0.000      0.000      1.000
    WX2                0.989      0.016     63.190      0.000
    WX3                0.990      0.017     57.846      0.000
    WY2                0.975      0.018     53.181      0.000
    WY3                0.962      0.024     39.846      0.000
    WM2                0.960      0.020     47.394      0.000
    WM3                0.933      0.030     30.941      0.000


R-SQUARE

    Observed                                        Two-Tailed
    Variable        Estimate       S.E.  Est./S.E.    P-Value

    X1                 1.000      0.000    999.000    999.000
    X2                 1.000      0.000    999.000    999.000
    X3                 1.000      0.000    999.000    999.000
    Y1                 1.000      0.000    999.000    999.000
    Y2                 1.000      0.000    999.000    999.000
    Y3                 1.000      0.000    999.000    999.000
    M1                 1.000      0.000    999.000    999.000
    M2                 1.000      0.000    999.000    999.000
    M3                 1.000      0.000    999.000    999.000

     Latent                                         Two-Tailed
    Variable        Estimate       S.E.  Est./S.E.    P-Value

    WX2                0.011      0.016      0.693      0.488
    WX3                0.010      0.017      0.611      0.541
    WY2                0.025      0.018      1.381      0.167
    WY3                0.038      0.024      1.557      0.119
    WM2                0.040      0.020      1.989      0.047
    WM3                0.067      0.030      2.223      0.026


CONFIDENCE INTERVALS OF MODEL RESULTS

                  Lower .5%  Lower 2.5%    Lower 5%    Estimate    Upper 5%  Upper 2.5%   Upper .5%

 RIX      BY
    X1               1.000       1.000       1.000       1.000       1.000       1.000       1.000
    X2               1.000       1.000       1.000       1.000       1.000       1.000       1.000
    X3               1.000       1.000       1.000       1.000       1.000       1.000       1.000

 RIY      BY
    Y1               1.000       1.000       1.000       1.000       1.000       1.000       1.000
    Y2               1.000       1.000       1.000       1.000       1.000       1.000       1.000
    Y3               1.000       1.000       1.000       1.000       1.000       1.000       1.000

 RIM      BY
    M1               1.000       1.000       1.000       1.000       1.000       1.000       1.000
    M2               1.000       1.000       1.000       1.000       1.000       1.000       1.000
    M3               1.000       1.000       1.000       1.000       1.000       1.000       1.000

 WX1      BY
    X1               1.000       1.000       1.000       1.000       1.000       1.000       1.000

 WX2      BY
    X2               1.000       1.000       1.000       1.000       1.000       1.000       1.000

 WX3      BY
    X3               1.000       1.000       1.000       1.000       1.000       1.000       1.000

 WY1      BY
    Y1               1.000       1.000       1.000       1.000       1.000       1.000       1.000

 WY2      BY
    Y2               1.000       1.000       1.000       1.000       1.000       1.000       1.000

 WY3      BY
    Y3               1.000       1.000       1.000       1.000       1.000       1.000       1.000

 WM1      BY
    M1               1.000       1.000       1.000       1.000       1.000       1.000       1.000

 WM2      BY
    M2               1.000       1.000       1.000       1.000       1.000       1.000       1.000

 WM3      BY
    M3               1.000       1.000       1.000       1.000       1.000       1.000       1.000

 WY2      ON
    WY1             -0.025       0.015       0.034       0.134       0.238       0.257       0.297
    WX1             -0.107      -0.079      -0.064       0.010       0.088       0.102       0.137
    WM1             -0.359      -0.307      -0.284      -0.162      -0.037      -0.017       0.032

 WY3      ON
    WY2             -0.025       0.015       0.034       0.134       0.238       0.257       0.297
    WX2             -0.107      -0.079      -0.064       0.010       0.088       0.102       0.137
    WM2             -0.359      -0.307      -0.284      -0.162      -0.037      -0.017       0.032

 WX2      ON
    WX1             -0.065      -0.029      -0.011       0.095       0.215       0.236       0.277
    WY1             -0.087      -0.055      -0.041       0.034       0.114       0.129       0.160
    WM1             -0.160      -0.118      -0.094       0.035       0.163       0.188       0.238

 WX3      ON
    WX2             -0.065      -0.029      -0.011       0.095       0.215       0.236       0.277
    WY2             -0.087      -0.055      -0.041       0.034       0.114       0.129       0.160
    WM2             -0.160      -0.118      -0.094       0.035       0.163       0.188       0.238

 WM2      ON
    WM1              0.067       0.109       0.128       0.229       0.329       0.349       0.381
    WX1             -0.101      -0.081      -0.072      -0.022       0.027       0.037       0.056
    WY1             -0.129      -0.112      -0.102      -0.056      -0.010      -0.001       0.016

 WM3      ON
    WM2              0.067       0.109       0.128       0.229       0.329       0.349       0.381
    WX2             -0.101      -0.081      -0.072      -0.022       0.027       0.037       0.056
    WY2             -0.129      -0.112      -0.102      -0.056      -0.010      -0.001       0.016

 X1       ON
    GENDER1         -0.369      -0.329      -0.306      -0.202      -0.098      -0.078      -0.045
    AGE1            -0.146      -0.111      -0.095      -0.004       0.087       0.106       0.138
    EDUCATION_      -0.112      -0.091      -0.080      -0.023       0.033       0.043       0.063
    EDUCATION_      -0.067      -0.043      -0.032       0.023       0.077       0.087       0.110
    UNEMPLOYED      -0.215      -0.165      -0.139      -0.012       0.117       0.142       0.192
    UNEMPLOYED      -0.238      -0.161      -0.117       0.073       0.272       0.310       0.382
    FIN1             0.045       0.060       0.070       0.120       0.170       0.179       0.197

 X2       ON
    GENDER1         -0.290      -0.248      -0.228      -0.122      -0.015       0.004       0.046
    AGE1            -0.151      -0.120      -0.101      -0.012       0.077       0.095       0.128
    EDUCATION_      -0.120      -0.101      -0.091      -0.034       0.022       0.034       0.055
    EDUCATION_      -0.068      -0.046      -0.035       0.021       0.078       0.089       0.115
    UNEMPLOYED      -0.214      -0.161      -0.136      -0.007       0.123       0.147       0.193
    UNEMPLOYED      -0.154      -0.077      -0.034       0.180       0.387       0.427       0.502
    FIN2             0.073       0.091       0.101       0.152       0.203       0.212       0.232

 X3       ON
    GENDER1         -0.319      -0.280      -0.259      -0.152      -0.047      -0.026       0.016
    AGE1            -0.142      -0.110      -0.093      -0.001       0.089       0.107       0.140
    EDUCATION_      -0.118      -0.096      -0.086      -0.029       0.027       0.038       0.059
    EDUCATION_      -0.072      -0.052      -0.040       0.014       0.070       0.079       0.104
    UNEMPLOYED      -0.168      -0.117      -0.091       0.047       0.183       0.206       0.263
    UNEMPLOYED      -0.180      -0.096      -0.052       0.152       0.360       0.401       0.477
    FIN3             0.035       0.055       0.064       0.115       0.165       0.175       0.192

 Y1       ON
    GENDER1          0.297       0.331       0.348       0.434       0.520       0.536       0.567
    AGE1            -0.129      -0.099      -0.086      -0.010       0.068       0.084       0.114
    EDUCATION_      -0.071      -0.051      -0.042       0.010       0.063       0.073       0.094
    EDUCATION_      -0.097      -0.077      -0.068      -0.015       0.036       0.045       0.064
    UNEMPLOYED      -0.175      -0.137      -0.114       0.008       0.130       0.155       0.202
    UNEMPLOYED      -0.378      -0.316      -0.285      -0.126       0.036       0.070       0.133
    FIN1            -0.204      -0.186      -0.178      -0.133      -0.088      -0.080      -0.065

 Y2       ON
    GENDER1          0.297       0.332       0.350       0.442       0.533       0.551       0.586
    AGE1            -0.131      -0.102      -0.087      -0.012       0.065       0.081       0.111
    EDUCATION_      -0.074      -0.053      -0.043       0.010       0.061       0.072       0.091
    EDUCATION_      -0.099      -0.080      -0.070      -0.016       0.036       0.047       0.069
    UNEMPLOYED      -0.052      -0.008       0.017       0.149       0.279       0.306       0.358
    UNEMPLOYED      -0.404      -0.339      -0.305      -0.123       0.063       0.100       0.170
    FIN2            -0.207      -0.190      -0.180      -0.130      -0.081      -0.071      -0.056

 Y3       ON
    GENDER1          0.261       0.293       0.311       0.401       0.492       0.508       0.541
    AGE1            -0.123      -0.095      -0.081      -0.005       0.072       0.088       0.118
    EDUCATION_      -0.059      -0.041      -0.031       0.021       0.073       0.084       0.105
    EDUCATION_      -0.099      -0.082      -0.072      -0.023       0.026       0.037       0.056
    UNEMPLOYED      -0.139      -0.095      -0.069       0.059       0.189       0.214       0.264
    UNEMPLOYED      -0.447      -0.385      -0.352      -0.185      -0.016       0.017       0.086
    FIN3            -0.224      -0.207      -0.198      -0.153      -0.108      -0.100      -0.082

 M1       ON
    GENDER1         -0.102      -0.083      -0.073      -0.022       0.028       0.037       0.056
    AGE1            -0.029      -0.012      -0.004       0.042       0.087       0.097       0.115
    EDUCATION_      -0.082      -0.069      -0.064      -0.033      -0.001       0.005       0.015
    EDUCATION_      -0.040      -0.028      -0.023       0.007       0.036       0.041       0.053
    UNEMPLOYED      -0.105      -0.077      -0.062       0.013       0.087       0.099       0.127
    UNEMPLOYED      -0.050      -0.007       0.012       0.116       0.219       0.238       0.278
    FIN1             0.054       0.064       0.069       0.095       0.122       0.127       0.137

 M2       ON
    GENDER1         -0.154      -0.133      -0.122      -0.067      -0.013      -0.001       0.020
    AGE1            -0.028      -0.010      -0.002       0.044       0.089       0.098       0.116
    EDUCATION_      -0.077      -0.064      -0.058      -0.025       0.008       0.015       0.027
    EDUCATION_      -0.053      -0.040      -0.033      -0.001       0.032       0.038       0.050
    UNEMPLOYED      -0.154      -0.120      -0.105      -0.022       0.060       0.075       0.107
    UNEMPLOYED      -0.188      -0.144      -0.124      -0.021       0.082       0.105       0.143
    FIN2             0.051       0.063       0.069       0.098       0.128       0.134       0.146

 M3       ON
    GENDER1         -0.114      -0.090      -0.079      -0.018       0.042       0.054       0.076
    AGE1            -0.035      -0.017      -0.008       0.038       0.083       0.092       0.110
    EDUCATION_      -0.076      -0.064      -0.057      -0.022       0.012       0.019       0.034
    EDUCATION_      -0.040      -0.027      -0.021       0.013       0.047       0.054       0.067
    UNEMPLOYED      -0.130      -0.098      -0.082       0.001       0.083       0.098       0.128
    UNEMPLOYED      -0.103      -0.061      -0.039       0.065       0.167       0.186       0.224
    FIN3             0.046       0.058       0.064       0.097       0.130       0.137       0.149

 RIX      WITH
    RIY             -0.182      -0.168      -0.161      -0.125      -0.089      -0.082      -0.070
    RIM              0.061       0.070       0.074       0.097       0.119       0.125       0.133

 RIY      WITH
    RIM             -0.126      -0.118      -0.114      -0.096      -0.075      -0.071      -0.062

 WX1      WITH
    WY1             -0.049      -0.038      -0.033      -0.008       0.017       0.021       0.031
    WM1             -0.011      -0.006      -0.002       0.013       0.028       0.031       0.037

 WY1      WITH
    WM1             -0.058      -0.050      -0.046      -0.029      -0.012      -0.009      -0.003

 WX2      WITH
    WY2             -0.068      -0.059      -0.055      -0.033      -0.010      -0.006       0.003
    WM2              0.004       0.009       0.012       0.029       0.044       0.047       0.053

 WY2      WITH
    WM2             -0.077      -0.072      -0.069      -0.057      -0.043      -0.040      -0.035

 WX3      WITH
    WY3             -0.068      -0.059      -0.055      -0.033      -0.010      -0.006       0.003
    WM3              0.004       0.009       0.012       0.029       0.044       0.047       0.053

 WY3      WITH
    WM3             -0.077      -0.072      -0.069      -0.057      -0.043      -0.040      -0.035

 GENDER1  WITH
    AGE1            -0.020      -0.015      -0.013      -0.001       0.011       0.014       0.018
    EDUCATION_      -0.073      -0.065      -0.060      -0.035      -0.011      -0.006       0.004
    EDUCATION_      -0.059      -0.050      -0.046      -0.022       0.003       0.008       0.018
    UNEMPLOYED      -0.017      -0.014      -0.012      -0.003       0.006       0.008       0.011
    UNEMPLOYED      -0.012      -0.010      -0.008      -0.002       0.005       0.006       0.009
    FIN1            -0.019      -0.011      -0.007       0.015       0.036       0.040       0.048
    FIN2            -0.035      -0.027      -0.022      -0.001       0.020       0.024       0.032
    FIN3            -0.030      -0.021      -0.017       0.006       0.029       0.033       0.040

 AGE1     WITH
    EDUCATION_      -0.075      -0.067      -0.062      -0.037      -0.012      -0.008       0.002
    EDUCATION_      -0.057      -0.048      -0.044      -0.018       0.007       0.012       0.023
    UNEMPLOYED      -0.002       0.001       0.003       0.012       0.021       0.022       0.025
    UNEMPLOYED      -0.009      -0.006      -0.005       0.002       0.008       0.009       0.012
    FIN1            -0.039      -0.031      -0.027      -0.005       0.016       0.020       0.028
    FIN2            -0.044      -0.036      -0.031      -0.010       0.011       0.015       0.022
    FIN3            -0.047      -0.038      -0.034      -0.012       0.010       0.014       0.023

 EDUCATIO WITH
    EDUCATION_       0.373       0.393       0.403       0.452       0.502       0.511       0.530
    UNEMPLOYED      -0.119      -0.111      -0.107      -0.088      -0.068      -0.065      -0.058
    UNEMPLOYED      -0.046      -0.040      -0.038      -0.024      -0.010      -0.007      -0.001
    FIN1             0.048       0.065       0.074       0.119       0.163       0.171       0.189
    FIN2             0.066       0.081       0.089       0.132       0.175       0.182       0.197
    FIN3             0.066       0.083       0.091       0.136       0.181       0.189       0.206

 EDUCATIO WITH
    UNEMPLOYED      -0.086      -0.079      -0.075      -0.057      -0.038      -0.034      -0.027
    UNEMPLOYED      -0.050      -0.045      -0.043      -0.031      -0.018      -0.016      -0.012
    FIN1             0.075       0.091       0.100       0.145       0.190       0.201       0.217
    FIN2             0.108       0.122       0.130       0.173       0.216       0.224       0.241
    FIN3             0.113       0.131       0.140       0.184       0.229       0.238       0.253

 UNEMPLOY WITH
    UNEMPLOYED       0.003       0.006       0.007       0.013       0.020       0.022       0.024
    FIN1            -0.062      -0.055      -0.051      -0.033      -0.016      -0.012      -0.006
    FIN2            -0.055      -0.048      -0.046      -0.029      -0.013      -0.009      -0.004
    FIN3            -0.068      -0.061      -0.058      -0.040      -0.023      -0.020      -0.014

 UNEMPLOY WITH
    FIN1            -0.048      -0.043      -0.040      -0.027      -0.013      -0.010      -0.005
    FIN2            -0.037      -0.033      -0.031      -0.019      -0.009      -0.007      -0.003
    FIN3            -0.040      -0.035      -0.033      -0.020      -0.008      -0.006      -0.001

 FIN1     WITH
    FIN2             0.440       0.456       0.463       0.504       0.545       0.553       0.568
    FIN3             0.419       0.434       0.442       0.484       0.525       0.533       0.551

 FIN2     WITH
    FIN3             0.441       0.457       0.463       0.504       0.544       0.552       0.567

 Means
    GENDER1          0.608       0.617       0.622       0.647       0.671       0.677       0.686
    AGE1            15.598      15.608      15.612      15.638      15.663      15.669      15.679
    EDUCATION_       3.827       3.846       3.856       3.907       3.959       3.969       3.988
    EDUCATION_       3.670       3.691       3.701       3.754       3.806       3.817       3.837
    UNEMPLOYED       0.124       0.132       0.135       0.154       0.173       0.176       0.184
    UNEMPLOYED       0.049       0.054       0.056       0.070       0.084       0.087       0.091
    FIN1             3.682       3.701       3.711       3.755       3.800       3.808       3.826
    FIN2             3.707       3.724       3.732       3.775       3.819       3.828       3.843
    FIN3             3.681       3.698       3.706       3.753       3.799       3.808       3.823

 Intercepts
    X1              -2.512      -2.015      -1.714      -0.276       1.169       1.452       1.952
    X2              -2.512      -2.015      -1.714      -0.276       1.169       1.452       1.952
    X3              -2.512      -2.015      -1.714      -0.276       1.169       1.452       1.952
    Y1              -1.568      -1.075      -0.844       0.402       1.611       1.837       2.310
    Y2              -1.568      -1.075      -0.844       0.402       1.611       1.837       2.310
    Y3              -1.568      -1.075      -0.844       0.402       1.611       1.837       2.310
    M1              -2.067      -1.787      -1.632      -0.916      -0.184      -0.049       0.242
    M2              -2.067      -1.787      -1.632      -0.916      -0.184      -0.049       0.242
    M3              -2.067      -1.787      -1.632      -0.916      -0.184      -0.049       0.242

 Variances
    GENDER1          0.216       0.219       0.221       0.229       0.236       0.237       0.239
    AGE1             0.220       0.223       0.225       0.233       0.240       0.241       0.244
    EDUCATION_       0.886       0.900       0.907       0.946       0.987       0.996       1.012
    EDUCATION_       0.914       0.929       0.938       0.984       1.030       1.039       1.059
    UNEMPLOYED       0.109       0.114       0.117       0.130       0.143       0.145       0.150
    UNEMPLOYED       0.047       0.051       0.053       0.065       0.076       0.079       0.083
    FIN1             0.657       0.672       0.681       0.727       0.771       0.779       0.798
    FIN2             0.618       0.632       0.640       0.684       0.728       0.737       0.753
    FIN3             0.670       0.688       0.698       0.750       0.803       0.814       0.834
    RIX              0.439       0.460       0.469       0.527       0.572       0.582       0.602
    RIY              0.248       0.266       0.276       0.326       0.367       0.375       0.393
    RIM              0.092       0.098       0.102       0.120       0.134       0.137       0.143
    WX1              0.233       0.246       0.253       0.292       0.333       0.342       0.360
    WY1              0.212       0.223       0.229       0.266       0.309       0.318       0.337
    WM1              0.063       0.068       0.070       0.084       0.099       0.102       0.108

 Residual Variances
    X1               0.000       0.000       0.000       0.000       0.000       0.000       0.000
    X2               0.000       0.000       0.000       0.000       0.000       0.000       0.000
    X3               0.000       0.000       0.000       0.000       0.000       0.000       0.000
    Y1               0.000       0.000       0.000       0.000       0.000       0.000       0.000
    Y2               0.000       0.000       0.000       0.000       0.000       0.000       0.000
    Y3               0.000       0.000       0.000       0.000       0.000       0.000       0.000
    M1               0.000       0.000       0.000       0.000       0.000       0.000       0.000
    M2               0.000       0.000       0.000       0.000       0.000       0.000       0.000
    M3               0.000       0.000       0.000       0.000       0.000       0.000       0.000
    WX2              0.218       0.231       0.237       0.275       0.310       0.317       0.330
    WX3              0.218       0.231       0.237       0.275       0.310       0.317       0.330
    WY2              0.265       0.276       0.282       0.316       0.342       0.348       0.359
    WY3              0.265       0.276       0.282       0.316       0.342       0.348       0.359
    WM2              0.123       0.127       0.129       0.143       0.153       0.155       0.159
    WM3              0.123       0.127       0.129       0.143       0.153       0.155       0.159

New/Additional Parameters
    IND             -0.010      -0.006      -0.004       0.004       0.014       0.017       0.024


CONFIDENCE INTERVALS OF STANDARDIZED MODEL RESULTS


STDYX Standardization

                  Lower .5%  Lower 2.5%    Lower 5%    Estimate    Upper 5%  Upper 2.5%   Upper .5%

 RIX      BY
    X1               0.741       0.754       0.760       0.793       0.815       0.819       0.828
    X2               0.741       0.755       0.762       0.799       0.823       0.827       0.836
    X3               0.743       0.757       0.764       0.801       0.825       0.829       0.838

 RIY      BY
    Y1               0.626       0.649       0.659       0.710       0.744       0.750       0.762
    Y2               0.602       0.621       0.630       0.678       0.710       0.717       0.731
    Y3               0.600       0.620       0.629       0.678       0.711       0.717       0.732

 RIM      BY
    M1               0.670       0.689       0.701       0.753       0.788       0.794       0.807
    M2               0.587       0.607       0.615       0.658       0.689       0.695       0.705
    M3               0.578       0.598       0.607       0.654       0.686       0.693       0.703

 WX1      BY
    X1               0.537       0.548       0.555       0.590       0.626       0.634       0.650

 WX2      BY
    X2               0.519       0.533       0.541       0.580       0.622       0.630       0.647

 WX3      BY
    X3               0.521       0.535       0.542       0.582       0.625       0.633       0.651

 WY1      BY
    Y1               0.577       0.591       0.599       0.641       0.687       0.696       0.715

 WY2      BY
    Y2               0.616       0.630       0.637       0.675       0.713       0.720       0.735

 WY3      BY
    Y3               0.619       0.634       0.641       0.679       0.718       0.726       0.743

 WM1      BY
    M1               0.553       0.572       0.580       0.629       0.680       0.690       0.710

 WM2      BY
    M2               0.684       0.694       0.700       0.733       0.766       0.772       0.787

 WM3      BY
    M3               0.686       0.697       0.704       0.739       0.773       0.781       0.795

 WY2      ON
    WY1             -0.023       0.013       0.031       0.121       0.218       0.238       0.275
    WX1             -0.099      -0.074      -0.060       0.009       0.085       0.099       0.133
    WM1             -0.186      -0.160      -0.147      -0.083      -0.019      -0.008       0.016

 WY3      ON
    WY2             -0.025       0.015       0.034       0.133       0.236       0.255       0.293
    WX2             -0.100      -0.074      -0.060       0.009       0.081       0.094       0.126
    WM2             -0.239      -0.208      -0.191      -0.109      -0.025      -0.011       0.022

 WX2      ON
    WX1             -0.071      -0.030      -0.012       0.097       0.212       0.232       0.269
    WY1             -0.085      -0.054      -0.040       0.034       0.112       0.126       0.156
    WM1             -0.087      -0.064      -0.052       0.019       0.090       0.104       0.133

 WX3      ON
    WX2             -0.065      -0.029      -0.011       0.095       0.215       0.235       0.277
    WY2             -0.093      -0.059      -0.044       0.037       0.122       0.138       0.171
    WM2             -0.116      -0.085      -0.069       0.026       0.120       0.137       0.174

 WM2      ON
    WM1              0.050       0.079       0.094       0.172       0.253       0.270       0.300
    WX1             -0.146      -0.117      -0.103      -0.031       0.038       0.051       0.076
    WY1             -0.173      -0.150      -0.138      -0.075      -0.013      -0.001       0.023

 WM3      ON
    WM2              0.067       0.108       0.127       0.226       0.321       0.339       0.369
    WX2             -0.134      -0.109      -0.097      -0.030       0.037       0.051       0.077
    WY2             -0.187      -0.161      -0.149      -0.082      -0.014      -0.001       0.023

 X1       ON
    GENDER1         -0.192      -0.172      -0.160      -0.105      -0.051      -0.041      -0.023
    AGE1            -0.076      -0.059      -0.050      -0.002       0.046       0.056       0.073
    EDUCATION_      -0.119      -0.097      -0.085      -0.025       0.035       0.046       0.067
    EDUCATION_      -0.073      -0.047      -0.035       0.025       0.084       0.094       0.118
    UNEMPLOYED      -0.085      -0.065      -0.055      -0.005       0.046       0.055       0.074
    UNEMPLOYED      -0.065      -0.044      -0.033       0.020       0.075       0.085       0.105
    FIN1             0.041       0.056       0.065       0.112       0.158       0.167       0.184

 X2       ON
    GENDER1         -0.152      -0.131      -0.120      -0.064      -0.008       0.002       0.024
    AGE1            -0.080      -0.064      -0.054      -0.006       0.041       0.050       0.068
    EDUCATION_      -0.129      -0.109      -0.098      -0.037       0.024       0.036       0.058
    EDUCATION_      -0.074      -0.050      -0.039       0.023       0.085       0.097       0.123
    UNEMPLOYED      -0.084      -0.063      -0.054      -0.003       0.049       0.058       0.077
    UNEMPLOYED      -0.042      -0.021      -0.009       0.050       0.108       0.119       0.140
    FIN2             0.066       0.083       0.091       0.138       0.184       0.193       0.212

 X3       ON
    GENDER1         -0.169      -0.147      -0.137      -0.080      -0.025      -0.014       0.008
    AGE1            -0.076      -0.059      -0.049      -0.001       0.048       0.057       0.075
    EDUCATION_      -0.126      -0.103      -0.092      -0.031       0.029       0.040       0.063
    EDUCATION_      -0.079      -0.056      -0.044       0.016       0.076       0.086       0.112
    UNEMPLOYED      -0.066      -0.046      -0.036       0.019       0.072       0.082       0.103
    UNEMPLOYED      -0.050      -0.027      -0.014       0.043       0.101       0.112       0.131
    FIN3             0.033       0.052       0.061       0.110       0.157       0.166       0.183

 Y1       ON
    GENDER1          0.179       0.197       0.207       0.258       0.308       0.317       0.336
    AGE1            -0.077      -0.060      -0.052      -0.006       0.041       0.050       0.068
    EDUCATION_      -0.087      -0.062      -0.051       0.013       0.076       0.088       0.113
    EDUCATION_      -0.119      -0.094      -0.083      -0.019       0.044       0.056       0.080
    UNEMPLOYED      -0.078      -0.061      -0.050       0.003       0.058       0.070       0.089
    UNEMPLOYED      -0.118      -0.099      -0.090      -0.040       0.012       0.022       0.043
    FIN1            -0.217      -0.198      -0.189      -0.141      -0.093      -0.084      -0.067

 Y2       ON
    GENDER1          0.169       0.189       0.199       0.251       0.301       0.311       0.330
    AGE1            -0.074      -0.059      -0.050      -0.007       0.037       0.046       0.063
    EDUCATION_      -0.085      -0.061      -0.050       0.011       0.071       0.083       0.105
    EDUCATION_      -0.117      -0.094      -0.082      -0.019       0.043       0.056       0.081
    UNEMPLOYED      -0.023      -0.003       0.007       0.064       0.119       0.130       0.150
    UNEMPLOYED      -0.120      -0.102      -0.092      -0.037       0.019       0.031       0.051
    FIN2            -0.203      -0.186      -0.177      -0.127      -0.080      -0.070      -0.053

 Y3       ON
    GENDER1          0.147       0.166       0.177       0.228       0.279       0.288       0.305
    AGE1            -0.070      -0.054      -0.047      -0.003       0.041       0.051       0.068
    EDUCATION_      -0.069      -0.048      -0.036       0.024       0.084       0.096       0.120
    EDUCATION_      -0.115      -0.096      -0.085      -0.027       0.031       0.044       0.066
    UNEMPLOYED      -0.060      -0.040      -0.029       0.025       0.080       0.091       0.112
    UNEMPLOYED      -0.134      -0.115      -0.105      -0.056      -0.005       0.005       0.025
    FIN3            -0.229      -0.213      -0.204      -0.157      -0.110      -0.102      -0.083

 M1       ON
    GENDER1         -0.107      -0.086      -0.075      -0.023       0.029       0.039       0.058
    AGE1            -0.031      -0.013      -0.004       0.044       0.091       0.101       0.120
    EDUCATION_      -0.172      -0.145      -0.134      -0.070      -0.003       0.010       0.033
    EDUCATION_      -0.086      -0.060      -0.049       0.014       0.077       0.089       0.114
    UNEMPLOYED      -0.083      -0.060      -0.048       0.010       0.068       0.078       0.099
    UNEMPLOYED      -0.027      -0.004       0.007       0.064       0.121       0.131       0.155
    FIN1             0.101       0.118       0.128       0.177       0.225       0.235       0.252

 M2       ON
    GENDER1         -0.140      -0.120      -0.111      -0.061      -0.011      -0.001       0.018
    AGE1            -0.025      -0.009      -0.002       0.040       0.082       0.090       0.106
    EDUCATION_      -0.141      -0.118      -0.106      -0.047       0.015       0.027       0.050
    EDUCATION_      -0.099      -0.076      -0.063      -0.002       0.059       0.071       0.094
    UNEMPLOYED      -0.104      -0.082      -0.072      -0.015       0.041       0.052       0.073
    UNEMPLOYED      -0.091      -0.070      -0.060      -0.010       0.040       0.050       0.069
    FIN2             0.080       0.099       0.108       0.154       0.201       0.209       0.228

 M3       ON
    GENDER1         -0.103      -0.081      -0.071      -0.016       0.038       0.049       0.069
    AGE1            -0.032      -0.015      -0.007       0.034       0.076       0.085       0.101
    EDUCATION_      -0.139      -0.117      -0.104      -0.041       0.023       0.035       0.062
    EDUCATION_      -0.074      -0.050      -0.039       0.024       0.089       0.102       0.125
    UNEMPLOYED      -0.087      -0.067      -0.056       0.001       0.057       0.067       0.086
    UNEMPLOYED      -0.048      -0.029      -0.019       0.031       0.080       0.089       0.107
    FIN3             0.078       0.095       0.106       0.159       0.210       0.221       0.241

 RIX      WITH
    RIY             -0.441      -0.404      -0.388      -0.302      -0.223      -0.206      -0.180
    RIM              0.258       0.291       0.307       0.388       0.475       0.492       0.526

 RIY      WITH
    RIM             -0.603      -0.572      -0.557      -0.485      -0.411      -0.395      -0.363

 WX1      WITH
    WY1             -0.170      -0.135      -0.118      -0.030       0.061       0.078       0.113
    WM1             -0.074      -0.037      -0.016       0.082       0.179       0.195       0.230

 WY1      WITH
    WM1             -0.347      -0.311      -0.294      -0.192      -0.085      -0.062      -0.025

 WX2      WITH
    WY2             -0.226      -0.198      -0.183      -0.113      -0.036      -0.021       0.013
    WM2              0.020       0.049       0.065       0.147       0.222       0.236       0.261

 WY2      WITH
    WM2             -0.356      -0.336      -0.326      -0.270      -0.209      -0.197      -0.170

 WX3      WITH
    WY3             -0.226      -0.198      -0.183      -0.113      -0.036      -0.021       0.013
    WM3              0.020       0.049       0.065       0.147       0.222       0.236       0.261

 WY3      WITH
    WM3             -0.356      -0.336      -0.326      -0.270      -0.209      -0.197      -0.170

 GENDER1  WITH
    AGE1            -0.086      -0.066      -0.056      -0.003       0.050       0.060       0.080
    EDUCATION_      -0.157      -0.139      -0.129      -0.076      -0.023      -0.012       0.009
    EDUCATION_      -0.125      -0.106      -0.097      -0.046       0.007       0.016       0.038
    UNEMPLOYED      -0.100      -0.081      -0.071      -0.017       0.036       0.046       0.066
    UNEMPLOYED      -0.103      -0.079      -0.068      -0.014       0.041       0.050       0.072
    FIN1            -0.047      -0.028      -0.018       0.036       0.088       0.098       0.117
    FIN2            -0.088      -0.067      -0.057      -0.002       0.051       0.061       0.079
    FIN3            -0.071      -0.050      -0.041       0.015       0.069       0.078       0.097

 AGE1     WITH
    EDUCATION_      -0.159      -0.142      -0.131      -0.078      -0.026      -0.016       0.004
    EDUCATION_      -0.119      -0.101      -0.091      -0.038       0.015       0.025       0.047
    UNEMPLOYED      -0.013       0.007       0.017       0.069       0.119       0.127       0.144
    UNEMPLOYED      -0.073      -0.050      -0.040       0.014       0.065       0.074       0.094
    FIN1            -0.096      -0.076      -0.066      -0.013       0.040       0.050       0.069
    FIN2            -0.109      -0.090      -0.078      -0.026       0.027       0.038       0.057
    FIN3            -0.111      -0.092      -0.082      -0.029       0.024       0.034       0.054

 EDUCATIO WITH
    EDUCATION_       0.394       0.413       0.422       0.469       0.515       0.523       0.539
    UNEMPLOYED      -0.326      -0.308      -0.298      -0.250      -0.200      -0.190      -0.172
    UNEMPLOYED      -0.180      -0.158      -0.149      -0.095      -0.040      -0.029      -0.006
    FIN1             0.060       0.079       0.089       0.143       0.196       0.205       0.226
    FIN2             0.083       0.102       0.112       0.164       0.215       0.225       0.243
    FIN3             0.081       0.099       0.109       0.162       0.214       0.224       0.242

 EDUCATIO WITH
    UNEMPLOYED      -0.236      -0.217      -0.207      -0.158      -0.107      -0.098      -0.077
    UNEMPLOYED      -0.187      -0.172      -0.164      -0.121      -0.076      -0.066      -0.050
    FIN1             0.088       0.108       0.118       0.172       0.225       0.237       0.257
    FIN2             0.133       0.151       0.159       0.211       0.261       0.271       0.290
    FIN3             0.134       0.153       0.164       0.214       0.265       0.275       0.293

 UNEMPLOY WITH
    UNEMPLOYED       0.040       0.065       0.077       0.146       0.214       0.229       0.257
    FIN1            -0.197      -0.176      -0.166      -0.108      -0.051      -0.040      -0.020
    FIN2            -0.183      -0.161      -0.152      -0.097      -0.043      -0.031      -0.014
    FIN3            -0.213      -0.193      -0.182      -0.130      -0.076      -0.065      -0.045

 UNEMPLOY WITH
    FIN1            -0.214      -0.192      -0.181      -0.122      -0.062      -0.050      -0.026
    FIN2            -0.169      -0.152      -0.141      -0.092      -0.043      -0.033      -0.015
    FIN3            -0.173      -0.155      -0.145      -0.091      -0.036      -0.026      -0.005

 FIN1     WITH
    FIN2             0.663       0.677       0.684       0.716       0.745       0.751       0.761
    FIN3             0.593       0.607       0.615       0.655       0.693       0.699       0.713

 FIN2     WITH
    FIN3             0.644       0.659       0.668       0.703       0.737       0.742       0.754

 Means
    GENDER1          1.244       1.269       1.280       1.352       1.428       1.444       1.477
    AGE1            31.618      31.785      31.878      32.399      33.018      33.146      33.447
    EDUCATION_       3.852       3.892       3.913       4.017       4.125       4.147       4.185
    EDUCATION_       3.631       3.671       3.689       3.785       3.886       3.904       3.944
    UNEMPLOYED       0.377       0.389       0.395       0.427       0.457       0.463       0.475
    UNEMPLOYED       0.227       0.238       0.244       0.274       0.302       0.308       0.317
    FIN1             4.182       4.238       4.265       4.404       4.563       4.597       4.653
    FIN2             4.331       4.382       4.413       4.566       4.731       4.765       4.821
    FIN3             4.083       4.142       4.172       4.333       4.507       4.546       4.620

 Intercepts
    X1              -2.745      -2.194      -1.866      -0.302       1.286       1.594       2.140
    X2              -2.751      -2.213      -1.887      -0.304       1.281       1.601       2.142
    X3              -2.749      -2.219      -1.895      -0.305       1.284       1.599       2.148
    Y1              -1.945      -1.347      -1.050       0.500       1.996       2.270       2.839
    Y2              -1.861      -1.281      -0.997       0.477       1.909       2.180       2.737
    Y3              -1.863      -1.279      -1.001       0.477       1.911       2.180       2.730
    M1              -4.534      -3.870      -3.552      -1.992      -0.402      -0.109       0.527
    M2              -3.971      -3.403      -3.108      -1.743      -0.350      -0.094       0.456
    M3              -3.946      -3.376      -3.091      -1.731      -0.348      -0.094       0.454

 Variances
    GENDER1          1.000       1.000       1.000       1.000       1.000       1.000       1.000
    AGE1             1.000       1.000       1.000       1.000       1.000       1.000       1.000
    EDUCATION_       1.000       1.000       1.000       1.000       1.000       1.000       1.000
    EDUCATION_       1.000       1.000       1.000       1.000       1.000       1.000       1.000
    UNEMPLOYED       1.000       1.000       1.000       1.000       1.000       1.000       1.000
    UNEMPLOYED       1.000       1.000       1.000       1.000       1.000       1.000       1.000
    FIN1             1.000       1.000       1.000       1.000       1.000       1.000       1.000
    FIN2             1.000       1.000       1.000       1.000       1.000       1.000       1.000
    FIN3             1.000       1.000       1.000       1.000       1.000       1.000       1.000
    RIX              1.000       1.000       1.000       1.000       1.000       1.000       1.000
    RIY              1.000       1.000       1.000       1.000       1.000       1.000       1.000
    RIM              1.000       1.000       1.000       1.000       1.000       1.000       1.000
    WX1              1.000       1.000       1.000       1.000       1.000       1.000       1.000
    WY1              1.000       1.000       1.000       1.000       1.000       1.000       1.000
    WM1              1.000       1.000       1.000       1.000       1.000       1.000       1.000

 Residual Variances
    X1               0.000       0.000       0.000       0.000       0.000       0.000       0.000
    X2               0.000       0.000       0.000       0.000       0.000       0.000       0.000
    X3               0.000       0.000       0.000       0.000       0.000       0.000       0.000
    Y1               0.000       0.000       0.000       0.000       0.000       0.000       0.000
    Y2               0.000       0.000       0.000       0.000       0.000       0.000       0.000
    Y3               0.000       0.000       0.000       0.000       0.000       0.000       0.000
    M1               0.000       0.000       0.000       0.000       0.000       0.000       0.000
    M2               0.000       0.000       0.000       0.000       0.000       0.000       0.000
    M3               0.000       0.000       0.000       0.000       0.000       0.000       0.000
    WX2              0.921       0.939       0.949       0.989       0.998       0.999       0.999
    WX3              0.914       0.933       0.944       0.990       0.997       0.998       0.999
    WY2              0.902       0.923       0.933       0.975       0.991       0.993       0.997
    WY3              0.873       0.898       0.909       0.962       0.987       0.990       0.996
    WM2              0.888       0.907       0.916       0.960       0.982       0.985       0.991
    WM3              0.836       0.859       0.871       0.933       0.970       0.976       0.986


     Beginning Time:  19:06:40
        Ending Time:  19:16:23
       Elapsed Time:  00:09:43



MUTHEN & MUTHEN
3463 Stoner Ave.
Los Angeles, CA  90066

Tel: (310) 391-9971
Fax: (310) 391-8971
Web: www.StatModel.com
Support: Support@StatModel.com

Copyright (c) 1998-2023 Muthen & Muthen
