Mplus VERSION 8.9
MUTHEN & MUTHEN
01/22/2025   7:16 PM

INPUT INSTRUCTIONS

  DATA:
    FILE IS "mplus.dat";
  VARIABLE:
    MISSING ARE ALL (-99);
    NAMES ARE id Gender1 Age1 Education_mother1 Education_father1
    unemployed_mother1 unemployed_father1 Fin1 Fin2 Fin3 Personal1
    Personal2 Personal3 Public1 Public2 Public3 Collective1
    Collective2 Collective3 Relational1 Relational2
    Relational3 Autonomy1 Autonomy2 Autonomy3 Relatedness1 Relatedness2
    Relatedness3 Competence1 Competence2 Competence3
    PA1 PA2 PA3 NA1 NA2 NA3 SWLS1 SWLS2 SWLS3;

  usevar =
  Gender1 Age1 Education_mother1 Education_father1
  unemployed_mother1 unemployed_father1 Fin1 Fin2 Fin3
  x1-x3 y1-y3 m1-m3 ;

  define:
  x1 = Collective1;
  x2 = Collective2;
  x3 = Collective3;

  m1 = Relatedness1;
  m2 = Relatedness2;
  m3 = Relatedness3;

  y1 = NA1;
  y2 = NA2;
  y3 = NA3;


  analysis:

  MODEL = NOCOV;
  bootstrap = 10000;


  MODEL:
  RIx BY x1@1 x2@1 x3@1;
  RIy BY y1@1 y2@1 y3@1;
  RIm BY m1@1 m2@1 m3@1;



  wx1 BY x1@1;
  wx2 BY x2@1;
  wx3 BY x3@1;



  wy1 BY y1@1;
  wy2 BY y2@1;
  wy3 BY y3@1;



  wm1 By m1@1;
  wm2 By m2@1;
  wm3 By m3@1;


  x1-m3@0;


  wy2 ON wy1 (a );
  wy3 ON wy2 (a );


  wx2 ON wx1 (b );
  wx3 ON wx2 (b );


  wm2 ON wm1  (c);
  wm3 ON wm2  (c);


  wy2 ON  wx1 wm1  (d e);
  wy3 ON  wx2 wm2  (d e);


  wx2 ON wy1 wm1  (f j);
  wx3 ON wy2 wm2  (f j);


  wm2 ON wx1 wy1   (h i);
  wm3 ON wx2 wy2   (h i);


  RIx RIy RIm  with RIx RIy RIm ;

  wx1 wy1 wm1 with wx1 wy1 wm1;
  wx2 wy2 wm2 with wx2 wy2 wm2 (cov1 cov2 cov3);
  wx3 wy3 wm3 with wx3 wy3 wm3 (cov1 cov2 cov3);

  wx2 (vx); wy2 (vy); wm2 (vm);
  wx3 (vx); wy3 (vy); wm3 (vm);

  x1-m3 on Gender1 Age1 Education_mother1 Education_father1
  unemployed_mother1 unemployed_father1 ;

  x1 y1 m1 on Fin1;
  x2 y2 m2 on Fin2;
  x3 y3 m3 on Fin3;

  Gender1 -Fin3 with Gender1 -Fin3;

  [x1-x3] (mx);
  [m1-m3] (mm);
  [y1-y3] (my);

  model constraint:
  new (ind);
  ind = h*e;

  output: cinterval (boot) stdyx;



*** WARNING in VARIABLE command
  Note that only the first 8 characters of variable names are used in the output.
  Shorten variable names to avoid any confusion.
   1 WARNING(S) FOUND IN THE INPUT INSTRUCTIONS




SUMMARY OF ANALYSIS

Number of groups                                                 1
Number of observations                                         971

Number of dependent variables                                    9
Number of independent variables                                  9
Number of continuous latent variables                           12

Observed dependent variables

  Continuous
   X1          X2          X3          Y1          Y2          Y3
   M1          M2          M3

Observed independent variables
   GENDER1     AGE1        EDUCATIO    EDUCATIO    UNEMPLOY    UNEMPLOY
   FIN1        FIN2        FIN3

Continuous latent variables
   RIX         RIY         RIM         WX1         WX2         WX3
   WY1         WY2         WY3         WM1         WM2         WM3


Estimator                                                       ML
Information matrix                                        OBSERVED
Maximum number of iterations                                  1000
Convergence criterion                                    0.500D-04
Maximum number of steepest descent iterations                   20
Maximum number of iterations for H1                           2000
Convergence criterion for H1                             0.100D-03
Number of bootstrap draws
    Requested                                                10000
    Completed                                                10000

Input data file(s)
  mplus.dat

Input data format  FREE


SUMMARY OF DATA

     Number of missing data patterns            19


COVARIANCE COVERAGE OF DATA

Minimum covariance coverage value   0.100


     PROPORTION OF DATA PRESENT


           Covariance Coverage
              X1            X2            X3            Y1            Y2
              ________      ________      ________      ________      ________
 X1             1.000
 X2             1.000         1.000
 X3             1.000         1.000         1.000
 Y1             1.000         1.000         1.000         1.000
 Y2             1.000         1.000         1.000         1.000         1.000
 Y3             1.000         1.000         1.000         1.000         1.000
 M1             1.000         1.000         1.000         1.000         1.000
 M2             1.000         1.000         1.000         1.000         1.000
 M3             1.000         1.000         1.000         1.000         1.000
 GENDER1        0.998         0.998         0.998         0.998         0.998
 AGE1           0.999         0.999         0.999         0.999         0.999
 EDUCATIO       0.994         0.994         0.994         0.994         0.994
 EDUCATIO       0.991         0.991         0.991         0.991         0.991
 UNEMPLOY       0.992         0.992         0.992         0.992         0.992
 UNEMPLOY       0.974         0.974         0.974         0.974         0.974
 FIN1           0.994         0.994         0.994         0.994         0.994
 FIN2           0.991         0.991         0.991         0.991         0.991
 FIN3           0.991         0.991         0.991         0.991         0.991


           Covariance Coverage
              Y3            M1            M2            M3            GENDER1
              ________      ________      ________      ________      ________
 Y3             1.000
 M1             1.000         1.000
 M2             1.000         1.000         1.000
 M3             1.000         1.000         1.000         1.000
 GENDER1        0.998         0.998         0.998         0.998         0.998
 AGE1           0.999         0.999         0.999         0.999         0.997
 EDUCATIO       0.994         0.994         0.994         0.994         0.992
 EDUCATIO       0.991         0.991         0.991         0.991         0.989
 UNEMPLOY       0.992         0.992         0.992         0.992         0.990
 UNEMPLOY       0.974         0.974         0.974         0.974         0.972
 FIN1           0.994         0.994         0.994         0.994         0.992
 FIN2           0.991         0.991         0.991         0.991         0.990
 FIN3           0.991         0.991         0.991         0.991         0.989


           Covariance Coverage
              AGE1          EDUCATIO      EDUCATIO      UNEMPLOY      UNEMPLOY
              ________      ________      ________      ________      ________
 AGE1           0.999
 EDUCATIO       0.993         0.994
 EDUCATIO       0.990         0.987         0.991
 UNEMPLOY       0.991         0.989         0.984         0.992
 UNEMPLOY       0.973         0.969         0.970         0.968         0.974
 FIN1           0.993         0.989         0.986         0.988         0.969
 FIN2           0.990         0.985         0.981         0.982         0.965
 FIN3           0.990         0.985         0.981         0.982         0.965


           Covariance Coverage
              FIN1          FIN2          FIN3
              ________      ________      ________
 FIN1           0.994
 FIN2           0.986         0.991
 FIN3           0.986         0.984         0.991



UNIVARIATE SAMPLE STATISTICS


     UNIVARIATE HIGHER-ORDER MOMENT DESCRIPTIVE STATISTICS

         Variable/         Mean/     Skewness/   Minimum/ % with                Percentiles
        Sample Size      Variance    Kurtosis    Maximum  Min/Max      20%/60%    40%/80%    Median

     X1                   -0.016      -0.143      -2.873    0.10%      -0.797     -0.233     -0.038
             971.000       0.819      -0.348       2.189    0.10%       0.260      0.790
     X2                   -0.011      -0.022      -3.048    0.10%      -0.793     -0.286     -0.009
             971.000       0.851      -0.289       2.197    0.10%       0.236      0.781
     X3                   -0.011      -0.129      -3.182    0.10%      -0.752     -0.288     -0.038
             971.000       0.856      -0.090       2.266    0.10%       0.220      0.793
     Y1                    0.000       0.647      -1.361    0.82%      -0.714     -0.372     -0.139
             971.000       0.671      -0.161       2.447    0.10%       0.073      0.669
     Y2                    0.000       0.519      -1.447    1.03%      -0.756     -0.389     -0.139
             971.000       0.744      -0.415       2.501    0.10%       0.124      0.732
     Y3                    0.000       0.473      -1.410    1.44%      -0.720     -0.353     -0.151
             971.000       0.706      -0.249       2.551    0.10%       0.184      0.683
     M1                   -0.034      -0.538      -1.942    0.10%      -0.486     -0.142      0.034
             971.000       0.243      -0.181       0.793    1.24%       0.182      0.446
     M2                   -0.029      -0.424      -1.864    0.10%      -0.518     -0.166      0.029
             971.000       0.294      -0.219       0.934    2.37%       0.184      0.487
     M3                   -0.033      -0.375      -2.113    0.10%      -0.528     -0.198      0.016
             971.000       0.356      -0.467       1.004    2.16%       0.216      0.541
     GENDER1               0.646      -0.611       0.000   35.40%       0.000      1.000      1.000
             969.000       0.229      -1.627       1.000   64.60%       1.000      1.000
     AGE1                 15.638      -0.547      15.000   36.29%      15.000     16.000     16.000
             970.000       0.233      -1.625      17.000    0.10%      16.000     16.000
     EDUCATION_MOTHE       3.907      -0.084       1.000    0.31%       3.000      3.000      4.000
             965.000       0.945      -1.378       5.000   39.17%       4.000      5.000
     EDUCATION_FATHE       3.754       0.093       1.000    0.62%       3.000      3.000      3.000
             962.000       0.984      -1.211       5.000   33.78%       4.000      5.000
     UNEMPLOYED_MOTH       0.154       1.921       0.000   84.63%       0.000      0.000      0.000
             963.000       0.130       1.688       1.000   15.37%       0.000      0.000
     UNEMPLOYED_FATH       0.070       3.378       0.000   93.02%       0.000      0.000      0.000
             946.000       0.065       9.408       1.000    6.98%       0.000      0.000
     FIN1                  3.754      -0.071       1.000    0.31%       3.000      3.000      4.000
             965.000       0.726      -0.634       5.000   21.55%       4.000      5.000
     FIN2                  3.777      -0.071       1.000    0.42%       3.000      4.000      4.000
             962.000       0.685      -0.517       5.000   21.21%       4.000      5.000
     FIN3                  3.756      -0.179       1.000    0.94%       3.000      3.000      4.000
             962.000       0.750      -0.296       5.000   21.93%       4.000      5.000


THE MODEL ESTIMATION TERMINATED NORMALLY



MODEL FIT INFORMATION

Number of Free Parameters                      147

Loglikelihood

          H0 Value                      -15024.675
          H1 Value                      -14960.368

Information Criteria

          Akaike (AIC)                   30343.350
          Bayesian (BIC)                 31060.464
          Sample-Size Adjusted BIC       30593.593
            (n* = (n + 2) / 24)

Chi-Square Test of Model Fit

          Value                            128.614
          Degrees of Freedom                    42
          P-Value                           0.0000

RMSEA (Root Mean Square Error Of Approximation)

          Estimate                           0.046
          90 Percent C.I.                    0.037  0.055
          Probability RMSEA <= .05           0.748

CFI/TLI

          CFI                                0.978
          TLI                                0.940

Chi-Square Test of Model Fit for the Baseline Model

          Value                           4112.282
          Degrees of Freedom                   117
          P-Value                           0.0000

SRMR (Standardized Root Mean Square Residual)

          Value                              0.041



MODEL RESULTS

                                                    Two-Tailed
                    Estimate       S.E.  Est./S.E.    P-Value

 RIX      BY
    X1                 1.000      0.000    999.000    999.000
    X2                 1.000      0.000    999.000    999.000
    X3                 1.000      0.000    999.000    999.000

 RIY      BY
    Y1                 1.000      0.000    999.000    999.000
    Y2                 1.000      0.000    999.000    999.000
    Y3                 1.000      0.000    999.000    999.000

 RIM      BY
    M1                 1.000      0.000    999.000    999.000
    M2                 1.000      0.000    999.000    999.000
    M3                 1.000      0.000    999.000    999.000

 WX1      BY
    X1                 1.000      0.000    999.000    999.000

 WX2      BY
    X2                 1.000      0.000    999.000    999.000

 WX3      BY
    X3                 1.000      0.000    999.000    999.000

 WY1      BY
    Y1                 1.000      0.000    999.000    999.000

 WY2      BY
    Y2                 1.000      0.000    999.000    999.000

 WY3      BY
    Y3                 1.000      0.000    999.000    999.000

 WM1      BY
    M1                 1.000      0.000    999.000    999.000

 WM2      BY
    M2                 1.000      0.000    999.000    999.000

 WM3      BY
    M3                 1.000      0.000    999.000    999.000

 WY2      ON
    WY1                0.164      0.065      2.504      0.012
    WX1               -0.002      0.049     -0.035      0.972
    WM1               -0.044      0.058     -0.760      0.447

 WY3      ON
    WY2                0.164      0.065      2.504      0.012
    WX2               -0.002      0.049     -0.035      0.972
    WM2               -0.044      0.058     -0.760      0.447

 WX2      ON
    WX1                0.095      0.070      1.359      0.174
    WY1                0.032      0.050      0.641      0.521
    WM1                0.059      0.063      0.935      0.350

 WX3      ON
    WX2                0.095      0.070      1.359      0.174
    WY2                0.032      0.050      0.641      0.521
    WM2                0.059      0.063      0.935      0.350

 WM2      ON
    WM1                0.214      0.057      3.754      0.000
    WX1               -0.028      0.033     -0.860      0.390
    WY1               -0.051      0.033     -1.553      0.121

 WM3      ON
    WM2                0.214      0.057      3.754      0.000
    WX2               -0.028      0.033     -0.860      0.390
    WY2               -0.051      0.033     -1.553      0.121

 X1       ON
    GENDER1           -0.201      0.063     -3.187      0.001
    AGE1              -0.004      0.055     -0.080      0.936
    EDUCATION_        -0.023      0.034     -0.675      0.500
    EDUCATION_         0.023      0.034      0.678      0.498
    UNEMPLOYED        -0.012      0.078     -0.153      0.878
    UNEMPLOYED         0.073      0.119      0.617      0.537
    FIN1               0.120      0.030      3.965      0.000

 X2       ON
    GENDER1           -0.121      0.065     -1.870      0.061
    AGE1              -0.012      0.054     -0.226      0.821
    EDUCATION_        -0.034      0.034     -0.989      0.323
    EDUCATION_         0.022      0.034      0.628      0.530
    UNEMPLOYED        -0.006      0.079     -0.080      0.936
    UNEMPLOYED         0.180      0.127      1.413      0.158
    FIN2               0.150      0.031      4.849      0.000

 X3       ON
    GENDER1           -0.152      0.064     -2.362      0.018
    AGE1              -0.002      0.055     -0.032      0.974
    EDUCATION_        -0.029      0.034     -0.848      0.397
    EDUCATION_         0.015      0.033      0.439      0.661
    UNEMPLOYED         0.046      0.083      0.561      0.575
    UNEMPLOYED         0.150      0.126      1.195      0.232
    FIN3               0.113      0.030      3.706      0.000

 Y1       ON
    GENDER1            0.433      0.053      8.242      0.000
    AGE1              -0.007      0.047     -0.145      0.885
    EDUCATION_         0.010      0.032      0.328      0.743
    EDUCATION_        -0.015      0.031     -0.489      0.625
    UNEMPLOYED         0.008      0.074      0.109      0.913
    UNEMPLOYED        -0.127      0.098     -1.286      0.199
    FIN1              -0.131      0.027     -4.865      0.000

 Y2       ON
    GENDER1            0.442      0.056      7.916      0.000
    AGE1              -0.009      0.046     -0.196      0.845
    EDUCATION_         0.010      0.032      0.306      0.760
    EDUCATION_        -0.016      0.032     -0.499      0.618
    UNEMPLOYED         0.149      0.080      1.862      0.063
    UNEMPLOYED        -0.122      0.112     -1.097      0.273
    FIN2              -0.127      0.030     -4.284      0.000

 Y3       ON
    GENDER1            0.401      0.055      7.333      0.000
    AGE1              -0.001      0.046     -0.030      0.976
    EDUCATION_         0.021      0.032      0.658      0.511
    EDUCATION_        -0.022      0.030     -0.748      0.454
    UNEMPLOYED         0.059      0.078      0.747      0.455
    UNEMPLOYED        -0.185      0.102     -1.810      0.070
    FIN3              -0.153      0.028     -5.545      0.000

 M1       ON
    GENDER1            0.153      0.033      4.603      0.000
    AGE1               0.027      0.028      0.962      0.336
    EDUCATION_        -0.028      0.019     -1.479      0.139
    EDUCATION_         0.017      0.018      0.916      0.359
    UNEMPLOYED        -0.047      0.046     -1.036      0.300
    UNEMPLOYED         0.064      0.062      1.029      0.304
    FIN1               0.095      0.017      5.498      0.000

 M2       ON
    GENDER1            0.075      0.036      2.058      0.040
    AGE1               0.027      0.028      0.970      0.332
    EDUCATION_        -0.005      0.020     -0.227      0.820
    EDUCATION_        -0.013      0.020     -0.644      0.520
    UNEMPLOYED        -0.045      0.051     -0.884      0.377
    UNEMPLOYED         0.007      0.070      0.103      0.918
    FIN2               0.114      0.019      5.991      0.000

 M3       ON
    GENDER1            0.179      0.040      4.430      0.000
    AGE1               0.018      0.028      0.632      0.527
    EDUCATION_         0.003      0.023      0.115      0.909
    EDUCATION_         0.015      0.022      0.669      0.504
    UNEMPLOYED        -0.084      0.055     -1.549      0.121
    UNEMPLOYED         0.126      0.078      1.615      0.106
    FIN3               0.099      0.021      4.698      0.000

 RIX      WITH
    RIY               -0.123      0.022     -5.586      0.000
    RIM                0.105      0.014      7.560      0.000

 RIY      WITH
    RIM               -0.096      0.012     -7.796      0.000

 WX1      WITH
    WY1               -0.008      0.015     -0.554      0.580
    WM1                0.017      0.011      1.595      0.111

 WY1      WITH
    WM1               -0.019      0.011     -1.627      0.104

 WX2      WITH
    WY2               -0.035      0.014     -2.489      0.013
    WM2                0.031      0.010      3.022      0.003

 WY2      WITH
    WM2               -0.057      0.009     -6.071      0.000

 WX3      WITH
    WY3               -0.035      0.014     -2.489      0.013
    WM3                0.031      0.010      3.022      0.003

 WY3      WITH
    WM3               -0.057      0.009     -6.071      0.000

 GENDER1  WITH
    AGE1              -0.001      0.007     -0.093      0.926
    EDUCATION_        -0.036      0.015     -2.373      0.018
    EDUCATION_        -0.022      0.015     -1.452      0.146
    UNEMPLOYED        -0.003      0.006     -0.505      0.613
    UNEMPLOYED        -0.002      0.004     -0.418      0.676
    FIN1               0.014      0.013      1.099      0.272
    FIN2              -0.001      0.013     -0.078      0.938
    FIN3               0.006      0.014      0.450      0.653

 AGE1     WITH
    EDUCATION_        -0.037      0.015     -2.442      0.015
    EDUCATION_        -0.018      0.015     -1.174      0.240
    UNEMPLOYED         0.012      0.005      2.224      0.026
    UNEMPLOYED         0.002      0.004      0.416      0.677
    FIN1              -0.005      0.013     -0.409      0.682
    FIN2              -0.010      0.013     -0.811      0.417
    FIN3              -0.012      0.014     -0.910      0.363

 EDUCATIO WITH
    EDUCATION_         0.452      0.030     14.913      0.000
    UNEMPLOYED        -0.088      0.012     -7.483      0.000
    UNEMPLOYED        -0.024      0.009     -2.742      0.006
    FIN1               0.118      0.027      4.357      0.000
    FIN2               0.132      0.026      5.117      0.000
    FIN3               0.136      0.027      4.982      0.000

 EDUCATIO WITH
    UNEMPLOYED        -0.057      0.011     -4.933      0.000
    UNEMPLOYED        -0.031      0.007     -4.097      0.000
    FIN1               0.145      0.028      5.243      0.000
    FIN2               0.173      0.026      6.606      0.000
    FIN3               0.184      0.027      6.796      0.000

 UNEMPLOY WITH
    UNEMPLOYED         0.013      0.004      3.267      0.001
    FIN1              -0.033      0.011     -3.025      0.002
    FIN2              -0.029      0.010     -2.898      0.004
    FIN3              -0.040      0.010     -3.880      0.000

 UNEMPLOY WITH
    FIN1              -0.026      0.008     -3.169      0.002
    FIN2              -0.019      0.007     -2.958      0.003
    FIN3              -0.020      0.008     -2.670      0.008

 FIN1     WITH
    FIN2               0.505      0.025     20.375      0.000
    FIN3               0.484      0.025     19.215      0.000

 FIN2     WITH
    FIN3               0.504      0.024     20.769      0.000

 Means
    GENDER1            0.647      0.015     42.504      0.000
    AGE1              15.638      0.016   1007.291      0.000
    EDUCATION_         3.907      0.031    124.210      0.000
    EDUCATION_         3.754      0.032    116.413      0.000
    UNEMPLOYED         0.154      0.012     13.354      0.000
    UNEMPLOYED         0.070      0.008      8.377      0.000
    FIN1               3.755      0.027    138.329      0.000
    FIN2               3.776      0.027    141.565      0.000
    FIN3               3.753      0.028    133.420      0.000

 Intercepts
    X1                -0.266      0.875     -0.304      0.761
    X2                -0.266      0.875     -0.304      0.761
    X3                -0.266      0.875     -0.304      0.761
    Y1                 0.343      0.744      0.461      0.645
    Y2                 0.343      0.744      0.461      0.645
    Y3                 0.343      0.744      0.461      0.645
    M1                -0.862      0.450     -1.914      0.056
    M2                -0.862      0.450     -1.914      0.056
    M3                -0.862      0.450     -1.914      0.056

 Variances
    GENDER1            0.229      0.004     51.194      0.000
    AGE1               0.233      0.005     50.728      0.000
    EDUCATION_         0.946      0.024     38.643      0.000
    EDUCATION_         0.983      0.028     34.924      0.000
    UNEMPLOYED         0.130      0.008     16.319      0.000
    UNEMPLOYED         0.065      0.007      9.066      0.000
    FIN1               0.727      0.028     26.419      0.000
    FIN2               0.684      0.027     25.737      0.000
    FIN3               0.750      0.032     23.571      0.000
    RIX                0.526      0.031     16.788      0.000
    RIY                0.322      0.028     11.469      0.000
    RIM                0.109      0.011      9.705      0.000
    WX1                0.290      0.024     11.890      0.000
    WY1                0.267      0.025     10.859      0.000
    WM1                0.116      0.011     10.392      0.000

 Residual Variances
    X1                 0.000      0.000    999.000    999.000
    X2                 0.000      0.000    999.000    999.000
    X3                 0.000      0.000    999.000    999.000
    Y1                 0.000      0.000    999.000    999.000
    Y2                 0.000      0.000    999.000    999.000
    Y3                 0.000      0.000    999.000    999.000
    M1                 0.000      0.000    999.000    999.000
    M2                 0.000      0.000    999.000    999.000
    M3                 0.000      0.000    999.000    999.000
    WX2                0.276      0.023     12.260      0.000
    WX3                0.276      0.023     12.260      0.000
    WY2                0.321      0.019     16.928      0.000
    WY3                0.321      0.019     16.928      0.000
    WM2                0.186      0.009     21.442      0.000
    WM3                0.186      0.009     21.442      0.000

New/Additional Parameters
    IND                0.001      0.003      0.408      0.683


STANDARDIZED MODEL RESULTS


STDYX Standardization

                                                    Two-Tailed
                    Estimate       S.E.  Est./S.E.    P-Value

 RIX      BY
    X1                 0.793      0.017     47.441      0.000
    X2                 0.798      0.019     42.420      0.000
    X3                 0.800      0.019     42.530      0.000

 RIY      BY
    Y1                 0.707      0.027     26.679      0.000
    Y2                 0.673      0.025     26.607      0.000
    Y3                 0.674      0.026     26.152      0.000

 RIM      BY
    M1                 0.675      0.033     20.706      0.000
    M2                 0.591      0.027     21.847      0.000
    M3                 0.580      0.028     20.506      0.000

 WX1      BY
    X1                 0.589      0.022     27.138      0.000

 WX2      BY
    X2                 0.581      0.025     23.248      0.000

 WX3      BY
    X3                 0.583      0.025     22.944      0.000

 WY1      BY
    Y1                 0.644      0.027     23.505      0.000

 WY2      BY
    Y2                 0.680      0.024     28.549      0.000

 WY3      BY
    Y3                 0.683      0.025     27.812      0.000

 WM1      BY
    M1                 0.699      0.030     23.204      0.000

 WM2      BY
    M2                 0.786      0.020     38.752      0.000

 WM3      BY
    M3                 0.780      0.021     37.499      0.000

 WY2      ON
    WY1                0.147      0.060      2.475      0.013
    WX1               -0.002      0.046     -0.035      0.972
    WM1               -0.026      0.034     -0.761      0.447

 WY3      ON
    WY2                0.163      0.065      2.521      0.012
    WX2               -0.002      0.045     -0.035      0.972
    WM2               -0.034      0.044     -0.762      0.446

 WX2      ON
    WX1                0.097      0.068      1.412      0.158
    WY1                0.031      0.048      0.641      0.522
    WM1                0.038      0.041      0.934      0.350

 WX3      ON
    WX2                0.095      0.070      1.362      0.173
    WY2                0.034      0.054      0.644      0.520
    WM2                0.049      0.052      0.938      0.348

 WM2      ON
    WM1                0.166      0.046      3.582      0.000
    WX1               -0.035      0.041     -0.852      0.394
    WY1               -0.060      0.039     -1.545      0.122

 WM3      ON
    WM2                0.211      0.055      3.821      0.000
    WX2               -0.034      0.039     -0.861      0.389
    WY2               -0.066      0.043     -1.544      0.122

 X1       ON
    GENDER1           -0.105      0.033     -3.174      0.002
    AGE1              -0.002      0.029     -0.080      0.936
    EDUCATION_        -0.025      0.036     -0.675      0.500
    EDUCATION_         0.025      0.036      0.679      0.497
    UNEMPLOYED        -0.005      0.031     -0.153      0.878
    UNEMPLOYED         0.020      0.033      0.622      0.534
    FIN1               0.112      0.028      3.976      0.000

 X2       ON
    GENDER1           -0.064      0.034     -1.872      0.061
    AGE1              -0.007      0.029     -0.226      0.821
    EDUCATION_        -0.036      0.037     -0.990      0.322
    EDUCATION_         0.024      0.038      0.629      0.529
    UNEMPLOYED        -0.002      0.031     -0.080      0.936
    UNEMPLOYED         0.050      0.035      1.423      0.155
    FIN2               0.136      0.028      4.840      0.000

 X3       ON
    GENDER1           -0.080      0.034     -2.363      0.018
    AGE1              -0.001      0.029     -0.032      0.974
    EDUCATION_        -0.031      0.037     -0.849      0.396
    EDUCATION_         0.016      0.036      0.440      0.660
    UNEMPLOYED         0.018      0.033      0.564      0.573
    UNEMPLOYED         0.042      0.035      1.205      0.228
    FIN3               0.108      0.029      3.728      0.000

 Y1       ON
    GENDER1            0.258      0.031      8.426      0.000
    AGE1              -0.004      0.028     -0.145      0.885
    EDUCATION_         0.013      0.039      0.329      0.742
    EDUCATION_        -0.019      0.039     -0.489      0.625
    UNEMPLOYED         0.004      0.033      0.109      0.913
    UNEMPLOYED        -0.040      0.031     -1.293      0.196
    FIN1              -0.139      0.029     -4.842      0.000

 Y2       ON
    GENDER1            0.251      0.031      8.085      0.000
    AGE1              -0.005      0.027     -0.196      0.845
    EDUCATION_         0.011      0.037      0.306      0.760
    EDUCATION_        -0.019      0.038     -0.499      0.618
    UNEMPLOYED         0.064      0.034      1.872      0.061
    UNEMPLOYED        -0.037      0.034     -1.104      0.270
    FIN2              -0.125      0.029     -4.267      0.000

 Y3       ON
    GENDER1            0.228      0.031      7.390      0.000
    AGE1              -0.001      0.027     -0.030      0.976
    EDUCATION_         0.024      0.037      0.659      0.510
    EDUCATION_        -0.026      0.035     -0.750      0.453
    UNEMPLOYED         0.025      0.033      0.750      0.453
    UNEMPLOYED        -0.056      0.031     -1.823      0.068
    FIN3              -0.157      0.029     -5.483      0.000

 M1       ON
    GENDER1            0.150      0.032      4.628      0.000
    AGE1               0.027      0.028      0.963      0.335
    EDUCATION_        -0.057      0.038     -1.488      0.137
    EDUCATION_         0.034      0.037      0.919      0.358
    UNEMPLOYED        -0.035      0.034     -1.039      0.299
    UNEMPLOYED         0.033      0.032      1.037      0.300
    FIN1               0.166      0.030      5.487      0.000

 M2       ON
    GENDER1            0.064      0.031      2.055      0.040
    AGE1               0.024      0.024      0.968      0.333
    EDUCATION_        -0.008      0.035     -0.227      0.820
    EDUCATION_        -0.023      0.036     -0.644      0.520
    UNEMPLOYED        -0.029      0.033     -0.886      0.375
    UNEMPLOYED         0.003      0.032      0.104      0.917
    FIN2               0.170      0.028      5.961      0.000

 M3       ON
    GENDER1            0.151      0.034      4.468      0.000
    AGE1               0.015      0.024      0.631      0.528
    EDUCATION_         0.005      0.040      0.115      0.909
    EDUCATION_         0.026      0.039      0.669      0.504
    UNEMPLOYED        -0.054      0.034     -1.560      0.119
    UNEMPLOYED         0.057      0.035      1.623      0.105
    FIN3               0.151      0.032      4.767      0.000

 RIX      WITH
    RIY               -0.300      0.051     -5.872      0.000
    RIM                0.440      0.053      8.257      0.000

 RIY      WITH
    RIM               -0.515      0.053     -9.716      0.000

 WX1      WITH
    WY1               -0.030      0.054     -0.558      0.577
    WM1                0.093      0.057      1.615      0.106

 WY1      WITH
    WM1               -0.105      0.063     -1.684      0.092

 WX2      WITH
    WY2               -0.119      0.047     -2.551      0.011
    WM2                0.138      0.044      3.101      0.002

 WY2      WITH
    WM2               -0.235      0.036     -6.520      0.000

 WX3      WITH
    WY3               -0.119      0.047     -2.551      0.011
    WM3                0.138      0.044      3.101      0.002

 WY3      WITH
    WM3               -0.235      0.036     -6.520      0.000

 GENDER1  WITH
    AGE1              -0.003      0.032     -0.093      0.926
    EDUCATION_        -0.077      0.032     -2.368      0.018
    EDUCATION_        -0.046      0.032     -1.452      0.147
    UNEMPLOYED        -0.016      0.032     -0.505      0.614
    UNEMPLOYED        -0.014      0.033     -0.418      0.676
    FIN1               0.035      0.032      1.099      0.272
    FIN2              -0.003      0.033     -0.077      0.938
    FIN3               0.015      0.033      0.450      0.653

 AGE1     WITH
    EDUCATION_        -0.078      0.032     -2.439      0.015
    EDUCATION_        -0.038      0.032     -1.172      0.241
    UNEMPLOYED         0.069      0.031      2.238      0.025
    UNEMPLOYED         0.013      0.032      0.416      0.678
    FIN1              -0.013      0.032     -0.409      0.683
    FIN2              -0.026      0.032     -0.812      0.417
    FIN3              -0.029      0.032     -0.912      0.362

 EDUCATIO WITH
    EDUCATION_         0.469      0.028     16.531      0.000
    UNEMPLOYED        -0.250      0.030     -8.360      0.000
    UNEMPLOYED        -0.095      0.034     -2.840      0.005
    FIN1               0.142      0.032      4.438      0.000
    FIN2               0.164      0.031      5.213      0.000
    FIN3               0.161      0.032      5.043      0.000

 EDUCATIO WITH
    UNEMPLOYED        -0.158      0.031     -5.171      0.000
    UNEMPLOYED        -0.121      0.027     -4.474      0.000
    FIN1               0.172      0.032      5.292      0.000
    FIN2               0.211      0.031      6.827      0.000
    FIN3               0.214      0.031      7.003      0.000

 UNEMPLOY WITH
    UNEMPLOYED         0.146      0.042      3.476      0.001
    FIN1              -0.108      0.035     -3.086      0.002
    FIN2              -0.097      0.033     -2.935      0.003
    FIN3              -0.130      0.032     -3.994      0.000

 UNEMPLOY WITH
    FIN1              -0.122      0.036     -3.349      0.001
    FIN2              -0.093      0.030     -3.097      0.002
    FIN3              -0.091      0.033     -2.770      0.006

 FIN1     WITH
    FIN2               0.716      0.019     38.348      0.000
    FIN3               0.656      0.024     27.859      0.000

 FIN2     WITH
    FIN3               0.704      0.021     33.410      0.000

 Means
    GENDER1            1.352      0.045     29.962      0.000
    AGE1              32.399      0.350     92.489      0.000
    EDUCATION_         4.017      0.064     62.467      0.000
    EDUCATION_         3.786      0.060     63.196      0.000
    UNEMPLOYED         0.426      0.019     22.548      0.000
    UNEMPLOYED         0.274      0.018     15.508      0.000
    FIN1               4.403      0.091     48.135      0.000
    FIN2               4.566      0.096     47.387      0.000
    FIN3               4.334      0.102     42.332      0.000

 Intercepts
    X1                -0.291      0.957     -0.304      0.761
    X2                -0.293      0.963     -0.304      0.761
    X3                -0.293      0.965     -0.304      0.761
    Y1                 0.427      0.926      0.461      0.645
    Y2                 0.407      0.883      0.461      0.645
    Y3                 0.407      0.883      0.461      0.645
    M1                -1.765      0.919     -1.920      0.055
    M2                -1.545      0.809     -1.909      0.056
    M3                -1.517      0.795     -1.910      0.056

 Variances
    GENDER1            1.000      0.000    999.000    999.000
    AGE1               1.000      0.000    999.000    999.000
    EDUCATION_         1.000      0.000    999.000    999.000
    EDUCATION_         1.000      0.000    999.000    999.000
    UNEMPLOYED         1.000      0.000    999.000    999.000
    UNEMPLOYED         1.000      0.000    999.000    999.000
    FIN1               1.000      0.000    999.000    999.000
    FIN2               1.000      0.000    999.000    999.000
    FIN3               1.000      0.000    999.000    999.000
    RIX                1.000      0.000    999.000    999.000
    RIY                1.000      0.000    999.000    999.000
    RIM                1.000      0.000    999.000    999.000
    WX1                1.000      0.000    999.000    999.000
    WY1                1.000      0.000    999.000    999.000
    WM1                1.000      0.000    999.000    999.000

 Residual Variances
    X1                 0.000      0.000      0.000      1.000
    X2                 0.000      0.000      0.000      1.000
    X3                 0.000      0.000      0.000      1.000
    Y1                 0.000      0.000      0.000      1.000
    Y2                 0.000      0.000      0.000      1.000
    Y3                 0.000      0.000      0.000      1.000
    M1                 0.000      0.000      0.000      1.000
    M2                 0.000      0.000      0.000      1.000
    M3                 0.000      0.000      0.000      1.000
    WX2                0.988      0.016     62.293      0.000
    WX3                0.988      0.018     56.164      0.000
    WY2                0.977      0.019     50.648      0.000
    WY3                0.970      0.024     40.717      0.000
    WM2                0.967      0.017     55.671      0.000
    WM3                0.946      0.026     36.694      0.000


R-SQUARE

    Observed                                        Two-Tailed
    Variable        Estimate       S.E.  Est./S.E.    P-Value

    X1                 1.000      0.000    999.000    999.000
    X2                 1.000      0.000    999.000    999.000
    X3                 1.000      0.000    999.000    999.000
    Y1                 1.000      0.000    999.000    999.000
    Y2                 1.000      0.000    999.000    999.000
    Y3                 1.000      0.000    999.000    999.000
    M1                 1.000      0.000    999.000    999.000
    M2                 1.000      0.000    999.000    999.000
    M3                 1.000      0.000    999.000    999.000

     Latent                                         Two-Tailed
    Variable        Estimate       S.E.  Est./S.E.    P-Value

    WX2                0.012      0.016      0.759      0.448
    WX3                0.012      0.018      0.699      0.485
    WY2                0.023      0.019      1.205      0.228
    WY3                0.030      0.024      1.277      0.202
    WM2                0.033      0.017      1.919      0.055
    WM3                0.054      0.026      2.109      0.035


CONFIDENCE INTERVALS OF MODEL RESULTS

                  Lower .5%  Lower 2.5%    Lower 5%    Estimate    Upper 5%  Upper 2.5%   Upper .5%

 RIX      BY
    X1               1.000       1.000       1.000       1.000       1.000       1.000       1.000
    X2               1.000       1.000       1.000       1.000       1.000       1.000       1.000
    X3               1.000       1.000       1.000       1.000       1.000       1.000       1.000

 RIY      BY
    Y1               1.000       1.000       1.000       1.000       1.000       1.000       1.000
    Y2               1.000       1.000       1.000       1.000       1.000       1.000       1.000
    Y3               1.000       1.000       1.000       1.000       1.000       1.000       1.000

 RIM      BY
    M1               1.000       1.000       1.000       1.000       1.000       1.000       1.000
    M2               1.000       1.000       1.000       1.000       1.000       1.000       1.000
    M3               1.000       1.000       1.000       1.000       1.000       1.000       1.000

 WX1      BY
    X1               1.000       1.000       1.000       1.000       1.000       1.000       1.000

 WX2      BY
    X2               1.000       1.000       1.000       1.000       1.000       1.000       1.000

 WX3      BY
    X3               1.000       1.000       1.000       1.000       1.000       1.000       1.000

 WY1      BY
    Y1               1.000       1.000       1.000       1.000       1.000       1.000       1.000

 WY2      BY
    Y2               1.000       1.000       1.000       1.000       1.000       1.000       1.000

 WY3      BY
    Y3               1.000       1.000       1.000       1.000       1.000       1.000       1.000

 WM1      BY
    M1               1.000       1.000       1.000       1.000       1.000       1.000       1.000

 WM2      BY
    M2               1.000       1.000       1.000       1.000       1.000       1.000       1.000

 WM3      BY
    M3               1.000       1.000       1.000       1.000       1.000       1.000       1.000

 WY2      ON
    WY1             -0.005       0.037       0.058       0.164       0.273       0.293       0.332
    WX1             -0.123      -0.093      -0.080      -0.002       0.080       0.097       0.130
    WM1             -0.193      -0.157      -0.138      -0.044       0.052       0.072       0.105

 WY3      ON
    WY2             -0.005       0.037       0.058       0.164       0.273       0.293       0.332
    WX2             -0.123      -0.093      -0.080      -0.002       0.080       0.097       0.130
    WM2             -0.193      -0.157      -0.138      -0.044       0.052       0.072       0.105

 WX2      ON
    WX1             -0.069      -0.031      -0.013       0.095       0.218       0.241       0.277
    WY1             -0.094      -0.063      -0.047       0.032       0.116       0.132       0.163
    WM1             -0.106      -0.066      -0.047       0.059       0.162       0.182       0.217

 WX3      ON
    WX2             -0.069      -0.031      -0.013       0.095       0.218       0.241       0.277
    WY2             -0.094      -0.063      -0.047       0.032       0.116       0.132       0.163
    WM2             -0.106      -0.066      -0.047       0.059       0.162       0.182       0.217

 WM2      ON
    WM1              0.059       0.097       0.117       0.214       0.304       0.322       0.359
    WX1             -0.115      -0.093      -0.083      -0.028       0.026       0.036       0.057
    WY1             -0.131      -0.112      -0.103      -0.051       0.006       0.016       0.037

 WM3      ON
    WM2              0.059       0.097       0.117       0.214       0.304       0.322       0.359
    WX2             -0.115      -0.093      -0.083      -0.028       0.026       0.036       0.057
    WY2             -0.131      -0.112      -0.103      -0.051       0.006       0.016       0.037

 X1       ON
    GENDER1         -0.368      -0.329      -0.306      -0.201      -0.098      -0.079      -0.045
    AGE1            -0.145      -0.112      -0.096      -0.004       0.086       0.105       0.139
    EDUCATION_      -0.112      -0.091      -0.080      -0.023       0.033       0.043       0.063
    EDUCATION_      -0.067      -0.044      -0.032       0.023       0.077       0.088       0.109
    UNEMPLOYED      -0.214      -0.165      -0.140      -0.012       0.118       0.142       0.192
    UNEMPLOYED      -0.237      -0.159      -0.117       0.073       0.271       0.309       0.383
    FIN1             0.045       0.061       0.070       0.120       0.170       0.179       0.197

 X2       ON
    GENDER1         -0.290      -0.247      -0.228      -0.121      -0.014       0.004       0.046
    AGE1            -0.152      -0.120      -0.102      -0.012       0.077       0.095       0.128
    EDUCATION_      -0.121      -0.101      -0.091      -0.034       0.022       0.034       0.055
    EDUCATION_      -0.068      -0.045      -0.035       0.022       0.078       0.090       0.115
    UNEMPLOYED      -0.215      -0.161      -0.136      -0.006       0.124       0.147       0.194
    UNEMPLOYED      -0.154      -0.076      -0.033       0.180       0.387       0.427       0.500
    FIN2             0.070       0.090       0.099       0.150       0.201       0.210       0.229

 X3       ON
    GENDER1         -0.319      -0.280      -0.259      -0.152      -0.046      -0.026       0.016
    AGE1            -0.144      -0.110      -0.093      -0.002       0.089       0.107       0.140
    EDUCATION_      -0.118      -0.097      -0.086      -0.029       0.027       0.038       0.059
    EDUCATION_      -0.072      -0.051      -0.040       0.015       0.070       0.080       0.105
    UNEMPLOYED      -0.168      -0.117      -0.092       0.046       0.182       0.206       0.263
    UNEMPLOYED      -0.182      -0.096      -0.053       0.150       0.359       0.400       0.475
    FIN3             0.032       0.053       0.062       0.113       0.163       0.172       0.190

 Y1       ON
    GENDER1          0.296       0.331       0.347       0.433       0.520       0.536       0.567
    AGE1            -0.127      -0.096      -0.082      -0.007       0.072       0.087       0.116
    EDUCATION_      -0.071      -0.051      -0.042       0.010       0.063       0.073       0.095
    EDUCATION_      -0.097      -0.077      -0.068      -0.015       0.036       0.045       0.064
    UNEMPLOYED      -0.175      -0.136      -0.113       0.008       0.131       0.156       0.202
    UNEMPLOYED      -0.378      -0.316      -0.286      -0.127       0.036       0.069       0.131
    FIN1            -0.202      -0.184      -0.176      -0.131      -0.087      -0.078      -0.063

 Y2       ON
    GENDER1          0.296       0.332       0.350       0.442       0.533       0.551       0.587
    AGE1            -0.128      -0.098      -0.084      -0.009       0.069       0.083       0.114
    EDUCATION_      -0.073      -0.053      -0.043       0.010       0.061       0.072       0.092
    EDUCATION_      -0.100      -0.080      -0.070      -0.016       0.036       0.047       0.069
    UNEMPLOYED      -0.053      -0.007       0.017       0.149       0.279       0.307       0.358
    UNEMPLOYED      -0.403      -0.339      -0.304      -0.122       0.064       0.102       0.171
    FIN2            -0.204      -0.186      -0.176      -0.127      -0.079      -0.069      -0.053

 Y3       ON
    GENDER1          0.261       0.293       0.311       0.401       0.492       0.508       0.542
    AGE1            -0.120      -0.091      -0.077      -0.001       0.075       0.091       0.122
    EDUCATION_      -0.059      -0.041      -0.031       0.021       0.073       0.084       0.104
    EDUCATION_      -0.099      -0.081      -0.072      -0.022       0.026       0.037       0.057
    UNEMPLOYED      -0.139      -0.094      -0.069       0.059       0.188       0.215       0.263
    UNEMPLOYED      -0.449      -0.386      -0.352      -0.185      -0.016       0.017       0.085
    FIN3            -0.225      -0.207      -0.198      -0.153      -0.108      -0.100      -0.081

 M1       ON
    GENDER1          0.068       0.087       0.098       0.153       0.207       0.217       0.236
    AGE1            -0.044      -0.027      -0.019       0.027       0.073       0.083       0.101
    EDUCATION_      -0.078      -0.066      -0.060      -0.028       0.003       0.009       0.020
    EDUCATION_      -0.030      -0.019      -0.013       0.017       0.047       0.052       0.065
    UNEMPLOYED      -0.165      -0.137      -0.122      -0.047       0.026       0.042       0.072
    UNEMPLOYED      -0.101      -0.060      -0.040       0.064       0.164       0.182       0.224
    FIN1             0.050       0.061       0.066       0.095       0.124       0.129       0.140

 M2       ON
    GENDER1         -0.023       0.002       0.014       0.075       0.134       0.145       0.168
    AGE1            -0.043      -0.027      -0.018       0.027       0.074       0.083       0.100
    EDUCATION_      -0.057      -0.044      -0.038      -0.005       0.029       0.035       0.049
    EDUCATION_      -0.064      -0.053      -0.046      -0.013       0.020       0.027       0.037
    UNEMPLOYED      -0.178      -0.147      -0.129      -0.045       0.040       0.056       0.087
    UNEMPLOYED      -0.173      -0.131      -0.109       0.007       0.122       0.142       0.185
    FIN2             0.066       0.076       0.083       0.114       0.146       0.152       0.164

 M3       ON
    GENDER1          0.075       0.099       0.112       0.179       0.244       0.258       0.282
    AGE1            -0.052      -0.037      -0.028       0.018       0.064       0.074       0.091
    EDUCATION_      -0.059      -0.043      -0.036       0.003       0.040       0.047       0.062
    EDUCATION_      -0.041      -0.029      -0.022       0.015       0.052       0.059       0.073
    UNEMPLOYED      -0.228      -0.193      -0.174      -0.084       0.005       0.020       0.051
    UNEMPLOYED      -0.081      -0.029      -0.003       0.126       0.252       0.279       0.325
    FIN3             0.045       0.058       0.065       0.099       0.135       0.141       0.153

 RIX      WITH
    RIY             -0.182      -0.166      -0.160      -0.123      -0.087      -0.080      -0.067
    RIM              0.070       0.078       0.082       0.105       0.128       0.133       0.142

 RIY      WITH
    RIM             -0.127      -0.120      -0.116      -0.096      -0.075      -0.071      -0.064

 WX1      WITH
    WY1             -0.049      -0.038      -0.033      -0.008       0.017       0.021       0.032
    WM1             -0.012      -0.004       0.000       0.017       0.034       0.038       0.045

 WY1      WITH
    WM1             -0.048      -0.041      -0.037      -0.019       0.000       0.004       0.011

 WX2      WITH
    WY2             -0.072      -0.063      -0.058      -0.035      -0.011      -0.006       0.004
    WM2              0.004       0.010       0.014       0.031       0.048       0.051       0.056

 WY2      WITH
    WM2             -0.079      -0.074      -0.071      -0.057      -0.040      -0.037      -0.031

 WX3      WITH
    WY3             -0.072      -0.063      -0.058      -0.035      -0.011      -0.006       0.004
    WM3              0.004       0.010       0.014       0.031       0.048       0.051       0.056

 WY3      WITH
    WM3             -0.079      -0.074      -0.071      -0.057      -0.040      -0.037      -0.031

 GENDER1  WITH
    AGE1            -0.020      -0.015      -0.013      -0.001       0.011       0.014       0.018
    EDUCATION_      -0.073      -0.065      -0.060      -0.036      -0.011      -0.006       0.004
    EDUCATION_      -0.059      -0.050      -0.046      -0.022       0.003       0.008       0.018
    UNEMPLOYED      -0.017      -0.014      -0.012      -0.003       0.006       0.008       0.011
    UNEMPLOYED      -0.012      -0.010      -0.008      -0.002       0.005       0.006       0.009
    FIN1            -0.019      -0.011      -0.007       0.014       0.036       0.040       0.048
    FIN2            -0.035      -0.027      -0.022      -0.001       0.020       0.024       0.032
    FIN3            -0.030      -0.021      -0.017       0.006       0.029       0.033       0.040

 AGE1     WITH
    EDUCATION_      -0.075      -0.067      -0.061      -0.037      -0.012      -0.008       0.002
    EDUCATION_      -0.056      -0.048      -0.044      -0.018       0.007       0.012       0.023
    UNEMPLOYED      -0.002       0.001       0.003       0.012       0.021       0.022       0.025
    UNEMPLOYED      -0.009      -0.006      -0.005       0.002       0.008       0.009       0.012
    FIN1            -0.039      -0.031      -0.027      -0.005       0.016       0.021       0.028
    FIN2            -0.044      -0.036      -0.031      -0.010       0.010       0.015       0.022
    FIN3            -0.047      -0.038      -0.035      -0.012       0.010       0.014       0.023

 EDUCATIO WITH
    EDUCATION_       0.373       0.393       0.403       0.452       0.502       0.511       0.530
    UNEMPLOYED      -0.119      -0.111      -0.107      -0.088      -0.068      -0.065      -0.058
    UNEMPLOYED      -0.046      -0.040      -0.038      -0.024      -0.010      -0.007      -0.001
    FIN1             0.048       0.065       0.073       0.118       0.162       0.171       0.189
    FIN2             0.066       0.081       0.089       0.132       0.174       0.182       0.197
    FIN3             0.066       0.083       0.091       0.136       0.181       0.189       0.206

 EDUCATIO WITH
    UNEMPLOYED      -0.086      -0.079      -0.075      -0.057      -0.038      -0.034      -0.027
    UNEMPLOYED      -0.050      -0.045      -0.043      -0.031      -0.018      -0.016      -0.012
    FIN1             0.074       0.091       0.099       0.145       0.190       0.201       0.217
    FIN2             0.108       0.122       0.130       0.173       0.216       0.224       0.242
    FIN3             0.113       0.130       0.139       0.184       0.229       0.237       0.253

 UNEMPLOY WITH
    UNEMPLOYED       0.004       0.006       0.007       0.013       0.020       0.022       0.024
    FIN1            -0.062      -0.055      -0.051      -0.033      -0.015      -0.012      -0.006
    FIN2            -0.055      -0.048      -0.046      -0.029      -0.013      -0.009      -0.004
    FIN3            -0.068      -0.061      -0.058      -0.040      -0.023      -0.020      -0.014

 UNEMPLOY WITH
    FIN1            -0.048      -0.043      -0.040      -0.026      -0.013      -0.010      -0.005
    FIN2            -0.037      -0.033      -0.031      -0.019      -0.009      -0.007      -0.003
    FIN3            -0.040      -0.035      -0.033      -0.020      -0.008      -0.006      -0.001

 FIN1     WITH
    FIN2             0.440       0.456       0.463       0.505       0.545       0.553       0.568
    FIN3             0.420       0.434       0.442       0.484       0.526       0.533       0.551

 FIN2     WITH
    FIN3             0.441       0.456       0.464       0.504       0.544       0.552       0.567

 Means
    GENDER1          0.608       0.617       0.622       0.647       0.671       0.677       0.686
    AGE1            15.598      15.608      15.612      15.638      15.664      15.669      15.679
    EDUCATION_       3.827       3.846       3.855       3.907       3.959       3.969       3.988
    EDUCATION_       3.671       3.691       3.701       3.754       3.806       3.817       3.838
    UNEMPLOYED       0.124       0.131       0.135       0.154       0.172       0.176       0.183
    UNEMPLOYED       0.049       0.054       0.056       0.070       0.083       0.087       0.091
    FIN1             3.683       3.701       3.711       3.755       3.800       3.808       3.826
    FIN2             3.707       3.724       3.733       3.776       3.820       3.828       3.843
    FIN3             3.681       3.698       3.706       3.753       3.799       3.808       3.823

 Intercepts
    X1              -2.481      -1.992      -1.701      -0.266       1.183       1.458       1.962
    X2              -2.481      -1.992      -1.701      -0.266       1.183       1.458       1.962
    X3              -2.481      -1.992      -1.701      -0.266       1.183       1.458       1.962
    Y1              -1.623      -1.130      -0.905       0.343       1.551       1.767       2.250
    Y2              -1.623      -1.130      -0.905       0.343       1.551       1.767       2.250
    Y3              -1.623      -1.130      -0.905       0.343       1.551       1.767       2.250
    M1              -2.036      -1.746      -1.604      -0.862      -0.123       0.009       0.284
    M2              -2.036      -1.746      -1.604      -0.862      -0.123       0.009       0.284
    M3              -2.036      -1.746      -1.604      -0.862      -0.123       0.009       0.284

 Variances
    GENDER1          0.216       0.219       0.221       0.229       0.236       0.237       0.239
    AGE1             0.220       0.223       0.225       0.233       0.240       0.241       0.244
    EDUCATION_       0.886       0.900       0.907       0.946       0.987       0.996       1.012
    EDUCATION_       0.914       0.929       0.938       0.983       1.030       1.039       1.058
    UNEMPLOYED       0.109       0.114       0.117       0.130       0.143       0.145       0.150
    UNEMPLOYED       0.047       0.051       0.053       0.065       0.077       0.079       0.083
    FIN1             0.658       0.672       0.681       0.727       0.772       0.780       0.799
    FIN2             0.617       0.632       0.640       0.684       0.727       0.737       0.753
    FIN3             0.669       0.688       0.698       0.750       0.803       0.813       0.834
    RIX              0.438       0.459       0.468       0.526       0.571       0.580       0.602
    RIY              0.241       0.262       0.271       0.322       0.362       0.372       0.389
    RIM              0.078       0.085       0.089       0.109       0.125       0.129       0.136
    WX1              0.232       0.245       0.251       0.290       0.332       0.340       0.357
    WY1              0.212       0.224       0.229       0.267       0.311       0.320       0.341
    WM1              0.089       0.095       0.099       0.116       0.135       0.139       0.148

 Residual Variances
    X1               0.000       0.000       0.000       0.000       0.000       0.000       0.000
    X2               0.000       0.000       0.000       0.000       0.000       0.000       0.000
    X3               0.000       0.000       0.000       0.000       0.000       0.000       0.000
    Y1               0.000       0.000       0.000       0.000       0.000       0.000       0.000
    Y2               0.000       0.000       0.000       0.000       0.000       0.000       0.000
    Y3               0.000       0.000       0.000       0.000       0.000       0.000       0.000
    M1               0.000       0.000       0.000       0.000       0.000       0.000       0.000
    M2               0.000       0.000       0.000       0.000       0.000       0.000       0.000
    M3               0.000       0.000       0.000       0.000       0.000       0.000       0.000
    WX2              0.219       0.231       0.238       0.276       0.311       0.319       0.332
    WX3              0.219       0.231       0.238       0.276       0.311       0.319       0.332
    WY2              0.269       0.280       0.287       0.321       0.349       0.355       0.366
    WY3              0.269       0.280       0.287       0.321       0.349       0.355       0.366
    WM2              0.162       0.166       0.169       0.186       0.198       0.201       0.207
    WM3              0.162       0.166       0.169       0.186       0.198       0.201       0.207

New/Additional Parameters
    IND             -0.005      -0.003      -0.002       0.001       0.008       0.010       0.014


CONFIDENCE INTERVALS OF STANDARDIZED MODEL RESULTS


STDYX Standardization

                  Lower .5%  Lower 2.5%    Lower 5%    Estimate    Upper 5%  Upper 2.5%   Upper .5%

 RIX      BY
    X1               0.742       0.754       0.760       0.793       0.815       0.820       0.828
    X2               0.739       0.754       0.761       0.798       0.822       0.827       0.836
    X3               0.742       0.755       0.762       0.800       0.824       0.828       0.837

 RIY      BY
    Y1               0.622       0.644       0.655       0.707       0.742       0.749       0.761
    Y2               0.595       0.615       0.625       0.673       0.708       0.714       0.728
    Y3               0.594       0.614       0.624       0.674       0.708       0.716       0.730

 RIM      BY
    M1               0.574       0.601       0.613       0.675       0.720       0.729       0.744
    M2               0.506       0.529       0.541       0.591       0.628       0.636       0.649
    M3               0.490       0.515       0.527       0.580       0.620       0.628       0.641

 WX1      BY
    X1               0.536       0.547       0.554       0.589       0.625       0.633       0.648

 WX2      BY
    X2               0.520       0.535       0.542       0.581       0.624       0.632       0.649

 WX3      BY
    X3               0.522       0.536       0.543       0.583       0.627       0.635       0.653

 WY1      BY
    Y1               0.579       0.593       0.601       0.644       0.691       0.701       0.720

 WY2      BY
    Y2               0.619       0.634       0.641       0.680       0.719       0.727       0.742

 WY3      BY
    Y3               0.621       0.636       0.644       0.683       0.724       0.732       0.749

 WM1      BY
    M1               0.621       0.639       0.648       0.699       0.747       0.757       0.777

 WM2      BY
    M2               0.733       0.746       0.752       0.786       0.818       0.825       0.839

 WM3      BY
    M3               0.726       0.739       0.745       0.780       0.813       0.820       0.834

 WY2      ON
    WY1             -0.004       0.033       0.052       0.147       0.247       0.269       0.305
    WX1             -0.113      -0.086      -0.074      -0.002       0.077       0.092       0.127
    WM1             -0.113      -0.094      -0.081      -0.026       0.031       0.043       0.064

 WY3      ON
    WY2             -0.005       0.037       0.058       0.163       0.271       0.292       0.329
    WX2             -0.114      -0.087      -0.073      -0.002       0.073       0.089       0.120
    WM2             -0.146      -0.120      -0.105      -0.034       0.039       0.055       0.079

 WX2      ON
    WX1             -0.075      -0.033      -0.013       0.097       0.213       0.233       0.269
    WY1             -0.091      -0.061      -0.046       0.031       0.114       0.128       0.158
    WM1             -0.067      -0.042      -0.030       0.038       0.105       0.117       0.141

 WX3      ON
    WX2             -0.069      -0.031      -0.013       0.095       0.217       0.240       0.276
    WY2             -0.101      -0.068      -0.050       0.034       0.125       0.141       0.173
    WM2             -0.085      -0.054      -0.038       0.049       0.134       0.151       0.180

 WM2      ON
    WM1              0.045       0.075       0.090       0.166       0.243       0.257       0.289
    WX1             -0.143      -0.117      -0.103      -0.035       0.031       0.044       0.068
    WY1             -0.155      -0.133      -0.122      -0.060       0.007       0.019       0.044

 WM3      ON
    WM2              0.059       0.097       0.117       0.211       0.299       0.315       0.350
    WX2             -0.135      -0.111      -0.098      -0.034       0.031       0.043       0.071
    WY2             -0.169      -0.146      -0.133      -0.066       0.007       0.021       0.047

 X1       ON
    GENDER1         -0.192      -0.172      -0.160      -0.105      -0.051      -0.041      -0.023
    AGE1            -0.077      -0.059      -0.051      -0.002       0.046       0.055       0.073
    EDUCATION_      -0.120      -0.097      -0.085      -0.025       0.035       0.046       0.066
    EDUCATION_      -0.073      -0.047      -0.036       0.025       0.084       0.094       0.119
    UNEMPLOYED      -0.086      -0.065      -0.055      -0.005       0.046       0.055       0.074
    UNEMPLOYED      -0.065      -0.044      -0.033       0.020       0.075       0.086       0.104
    FIN1             0.041       0.057       0.065       0.112       0.158       0.167       0.183

 X2       ON
    GENDER1         -0.152      -0.130      -0.120      -0.064      -0.007       0.002       0.024
    AGE1            -0.080      -0.064      -0.054      -0.007       0.041       0.050       0.069
    EDUCATION_      -0.129      -0.108      -0.097      -0.036       0.024       0.036       0.058
    EDUCATION_      -0.074      -0.050      -0.038       0.024       0.085       0.098       0.124
    UNEMPLOYED      -0.084      -0.063      -0.054      -0.002       0.049       0.058       0.077
    UNEMPLOYED      -0.042      -0.021      -0.009       0.050       0.108       0.120       0.140
    FIN2             0.065       0.082       0.089       0.136       0.182       0.191       0.209

 X3       ON
    GENDER1         -0.169      -0.147      -0.136      -0.080      -0.024      -0.014       0.008
    AGE1            -0.077      -0.058      -0.049      -0.001       0.047       0.057       0.074
    EDUCATION_      -0.126      -0.103      -0.092      -0.031       0.029       0.041       0.064
    EDUCATION_      -0.079      -0.056      -0.044       0.016       0.076       0.087       0.112
    UNEMPLOYED      -0.066      -0.046      -0.036       0.018       0.072       0.082       0.103
    UNEMPLOYED      -0.051      -0.027      -0.015       0.042       0.101       0.111       0.131
    FIN3             0.031       0.050       0.060       0.108       0.156       0.164       0.181

 Y1       ON
    GENDER1          0.179       0.198       0.208       0.258       0.309       0.318       0.336
    AGE1            -0.076      -0.058      -0.049      -0.004       0.043       0.053       0.070
    EDUCATION_      -0.086      -0.062      -0.051       0.013       0.077       0.089       0.114
    EDUCATION_      -0.119      -0.094      -0.083      -0.019       0.044       0.056       0.080
    UNEMPLOYED      -0.079      -0.061      -0.050       0.004       0.058       0.070       0.089
    UNEMPLOYED      -0.119      -0.100      -0.091      -0.040       0.012       0.022       0.042
    FIN1            -0.214      -0.195      -0.187      -0.139      -0.092      -0.083      -0.066

 Y2       ON
    GENDER1          0.169       0.189       0.199       0.251       0.301       0.310       0.330
    AGE1            -0.073      -0.057      -0.048      -0.005       0.039       0.048       0.064
    EDUCATION_      -0.085      -0.061      -0.050       0.011       0.071       0.083       0.105
    EDUCATION_      -0.117      -0.094      -0.082      -0.019       0.043       0.055       0.081
    UNEMPLOYED      -0.024      -0.003       0.007       0.064       0.119       0.130       0.150
    UNEMPLOYED      -0.119      -0.101      -0.091      -0.037       0.019       0.031       0.052
    FIN2            -0.201      -0.183      -0.173      -0.125      -0.077      -0.068      -0.051

 Y3       ON
    GENDER1          0.148       0.166       0.177       0.228       0.279       0.288       0.305
    AGE1            -0.068      -0.052      -0.044      -0.001       0.043       0.053       0.070
    EDUCATION_      -0.068      -0.048      -0.036       0.024       0.084       0.096       0.120
    EDUCATION_      -0.115      -0.095      -0.084      -0.026       0.031       0.045       0.066
    UNEMPLOYED      -0.060      -0.040      -0.029       0.025       0.080       0.092       0.112
    UNEMPLOYED      -0.135      -0.115      -0.105      -0.056      -0.005       0.005       0.025
    FIN3            -0.230      -0.214      -0.205      -0.157      -0.111      -0.102      -0.083

 M1       ON
    GENDER1          0.066       0.086       0.096       0.150       0.203       0.213       0.231
    AGE1            -0.044      -0.027      -0.019       0.027       0.072       0.082       0.099
    EDUCATION_      -0.154      -0.130      -0.119      -0.057       0.007       0.019       0.040
    EDUCATION_      -0.063      -0.039      -0.027       0.034       0.094       0.106       0.130
    UNEMPLOYED      -0.121      -0.101      -0.090      -0.035       0.020       0.031       0.053
    UNEMPLOYED      -0.053      -0.031      -0.021       0.033       0.085       0.095       0.116
    FIN1             0.087       0.106       0.116       0.166       0.216       0.225       0.244

 M2       ON
    GENDER1         -0.019       0.002       0.012       0.064       0.115       0.125       0.144
    AGE1            -0.037      -0.023      -0.016       0.024       0.064       0.072       0.087
    EDUCATION_      -0.099      -0.076      -0.066      -0.008       0.051       0.063       0.085
    EDUCATION_      -0.114      -0.094      -0.082      -0.023       0.036       0.047       0.065
    UNEMPLOYED      -0.114      -0.095      -0.083      -0.029       0.026       0.036       0.057
    UNEMPLOYED      -0.079      -0.059      -0.049       0.003       0.055       0.065       0.084
    FIN2             0.099       0.113       0.123       0.170       0.217       0.225       0.243

 M3       ON
    GENDER1          0.063       0.083       0.095       0.151       0.205       0.217       0.237
    AGE1            -0.044      -0.032      -0.024       0.015       0.055       0.063       0.078
    EDUCATION_      -0.099      -0.073      -0.062       0.005       0.069       0.081       0.106
    EDUCATION_      -0.071      -0.050      -0.038       0.026       0.091       0.104       0.128
    UNEMPLOYED      -0.141      -0.121      -0.111      -0.054       0.003       0.012       0.033
    UNEMPLOYED      -0.035      -0.012      -0.001       0.057       0.113       0.124       0.144
    FIN3             0.069       0.089       0.099       0.151       0.204       0.213       0.233

 RIX      WITH
    RIY             -0.440      -0.403      -0.387      -0.300      -0.219      -0.204      -0.172
    RIM              0.307       0.344       0.360       0.440       0.534       0.551       0.591

 RIY      WITH
    RIM             -0.668      -0.627      -0.608      -0.515      -0.432      -0.415      -0.380

 WX1      WITH
    WY1             -0.168      -0.136      -0.118      -0.030       0.060       0.078       0.112
    WM1             -0.065      -0.020      -0.002       0.093       0.186       0.203       0.231

 WY1      WITH
    WM1             -0.260      -0.222      -0.204      -0.105       0.001       0.022       0.066

 WX2      WITH
    WY2             -0.236      -0.206      -0.192      -0.119      -0.039      -0.022       0.014
    WM2              0.017       0.046       0.063       0.138       0.209       0.222       0.246

 WY2      WITH
    WM2             -0.319      -0.300      -0.290      -0.235      -0.171      -0.159      -0.132

 WX3      WITH
    WY3             -0.236      -0.206      -0.192      -0.119      -0.039      -0.022       0.014
    WM3              0.017       0.046       0.063       0.138       0.209       0.222       0.246

 WY3      WITH
    WM3             -0.319      -0.300      -0.290      -0.235      -0.171      -0.159      -0.132

 GENDER1  WITH
    AGE1            -0.085      -0.065      -0.056      -0.003       0.050       0.060       0.080
    EDUCATION_      -0.157      -0.139      -0.129      -0.077      -0.023      -0.013       0.008
    EDUCATION_      -0.125      -0.106      -0.097      -0.046       0.007       0.016       0.038
    UNEMPLOYED      -0.100      -0.080      -0.070      -0.016       0.037       0.047       0.066
    UNEMPLOYED      -0.102      -0.079      -0.068      -0.014       0.041       0.050       0.071
    FIN1            -0.047      -0.028      -0.019       0.035       0.087       0.098       0.117
    FIN2            -0.088      -0.068      -0.057      -0.003       0.051       0.061       0.079
    FIN3            -0.071      -0.050      -0.040       0.015       0.069       0.078       0.097

 AGE1     WITH
    EDUCATION_      -0.159      -0.142      -0.131      -0.078      -0.026      -0.016       0.004
    EDUCATION_      -0.119      -0.101      -0.091      -0.038       0.015       0.025       0.048
    UNEMPLOYED      -0.014       0.007       0.017       0.069       0.119       0.127       0.144
    UNEMPLOYED      -0.073      -0.051      -0.040       0.013       0.065       0.074       0.094
    FIN1            -0.096      -0.075      -0.066      -0.013       0.040       0.050       0.070
    FIN2            -0.109      -0.090      -0.079      -0.026       0.026       0.037       0.057
    FIN3            -0.111      -0.092      -0.083      -0.029       0.024       0.035       0.054

 EDUCATIO WITH
    EDUCATION_       0.395       0.413       0.421       0.469       0.515       0.523       0.539
    UNEMPLOYED      -0.326      -0.307      -0.298      -0.250      -0.200      -0.190      -0.172
    UNEMPLOYED      -0.180      -0.158      -0.149      -0.095      -0.040      -0.029      -0.006
    FIN1             0.059       0.079       0.089       0.142       0.195       0.205       0.225
    FIN2             0.083       0.102       0.112       0.164       0.215       0.225       0.243
    FIN3             0.080       0.099       0.109       0.161       0.214       0.223       0.242

 EDUCATIO WITH
    UNEMPLOYED      -0.236      -0.217      -0.207      -0.158      -0.107      -0.097      -0.076
    UNEMPLOYED      -0.187      -0.172      -0.164      -0.121      -0.075      -0.066      -0.050
    FIN1             0.088       0.108       0.118       0.172       0.225       0.236       0.257
    FIN2             0.133       0.150       0.159       0.211       0.261       0.271       0.290
    FIN3             0.133       0.152       0.164       0.214       0.264       0.274       0.292

 UNEMPLOY WITH
    UNEMPLOYED       0.040       0.065       0.078       0.146       0.214       0.230       0.257
    FIN1            -0.197      -0.176      -0.166      -0.108      -0.051      -0.039      -0.020
    FIN2            -0.184      -0.161      -0.152      -0.097      -0.043      -0.031      -0.014
    FIN3            -0.213      -0.193      -0.182      -0.130      -0.076      -0.065      -0.045

 UNEMPLOY WITH
    FIN1            -0.214      -0.192      -0.180      -0.122      -0.061      -0.049      -0.025
    FIN2            -0.169      -0.152      -0.141      -0.093      -0.043      -0.034      -0.016
    FIN3            -0.173      -0.155      -0.145      -0.091      -0.037      -0.027      -0.005

 FIN1     WITH
    FIN2             0.663       0.677       0.684       0.716       0.745       0.751       0.761
    FIN3             0.593       0.607       0.615       0.656       0.693       0.699       0.713

 FIN2     WITH
    FIN3             0.644       0.659       0.668       0.704       0.737       0.742       0.754

 Means
    GENDER1          1.244       1.269       1.281       1.352       1.428       1.444       1.477
    AGE1            31.618      31.785      31.878      32.399      33.018      33.146      33.447
    EDUCATION_       3.851       3.892       3.913       4.017       4.125       4.147       4.185
    EDUCATION_       3.631       3.671       3.690       3.786       3.887       3.905       3.945
    UNEMPLOYED       0.377       0.389       0.395       0.426       0.457       0.462       0.474
    UNEMPLOYED       0.227       0.238       0.244       0.274       0.302       0.308       0.317
    FIN1             4.181       4.237       4.264       4.403       4.562       4.596       4.653
    FIN2             4.334       4.383       4.414       4.566       4.731       4.766       4.821
    FIN3             4.083       4.142       4.173       4.334       4.507       4.547       4.620

 Intercepts
    X1              -2.725      -2.173      -1.860      -0.291       1.307       1.596       2.154
    X2              -2.733      -2.199      -1.873      -0.293       1.296       1.602       2.166
    X3              -2.738      -2.200      -1.875      -0.293       1.299       1.604       2.166
    Y1              -2.005      -1.416      -1.132       0.427       1.924       2.190       2.774
    Y2              -1.908      -1.344      -1.071       0.407       1.840       2.090       2.689
    Y3              -1.914      -1.343      -1.073       0.407       1.840       2.095       2.687
    M1              -4.180      -3.567      -3.284      -1.765      -0.255       0.018       0.587
    M2              -3.671      -3.146      -2.883      -1.545      -0.219       0.016       0.512
    M3              -3.606      -3.089      -2.830      -1.517      -0.215       0.015       0.503

 Variances
    GENDER1          1.000       1.000       1.000       1.000       1.000       1.000       1.000
    AGE1             1.000       1.000       1.000       1.000       1.000       1.000       1.000
    EDUCATION_       1.000       1.000       1.000       1.000       1.000       1.000       1.000
    EDUCATION_       1.000       1.000       1.000       1.000       1.000       1.000       1.000
    UNEMPLOYED       1.000       1.000       1.000       1.000       1.000       1.000       1.000
    UNEMPLOYED       1.000       1.000       1.000       1.000       1.000       1.000       1.000
    FIN1             1.000       1.000       1.000       1.000       1.000       1.000       1.000
    FIN2             1.000       1.000       1.000       1.000       1.000       1.000       1.000
    FIN3             1.000       1.000       1.000       1.000       1.000       1.000       1.000
    RIX              1.000       1.000       1.000       1.000       1.000       1.000       1.000
    RIY              1.000       1.000       1.000       1.000       1.000       1.000       1.000
    RIM              1.000       1.000       1.000       1.000       1.000       1.000       1.000
    WX1              1.000       1.000       1.000       1.000       1.000       1.000       1.000
    WY1              1.000       1.000       1.000       1.000       1.000       1.000       1.000
    WM1              1.000       1.000       1.000       1.000       1.000       1.000       1.000

 Residual Variances
    X1               0.000       0.000       0.000       0.000       0.000       0.000       0.000
    X2               0.000       0.000       0.000       0.000       0.000       0.000       0.000
    X3               0.000       0.000       0.000       0.000       0.000       0.000       0.000
    Y1               0.000       0.000       0.000       0.000       0.000       0.000       0.000
    Y2               0.000       0.000       0.000       0.000       0.000       0.000       0.000
    Y3               0.000       0.000       0.000       0.000       0.000       0.000       0.000
    M1               0.000       0.000       0.000       0.000       0.000       0.000       0.000
    M2               0.000       0.000       0.000       0.000       0.000       0.000       0.000
    M3               0.000       0.000       0.000       0.000       0.000       0.000       0.000
    WX2              0.920       0.938       0.947       0.988       0.997       0.998       0.999
    WX3              0.911       0.931       0.941       0.988       0.996       0.998       0.999
    WY2              0.900       0.922       0.933       0.977       0.994       0.996       0.999
    WY3              0.880       0.904       0.916       0.970       0.992       0.995       0.998
    WM2              0.903       0.921       0.930       0.967       0.985       0.988       0.993
    WM3              0.858       0.881       0.893       0.946       0.977       0.982       0.990


     Beginning Time:  19:16:25
        Ending Time:  19:25:42
       Elapsed Time:  00:09:17



MUTHEN & MUTHEN
3463 Stoner Ave.
Los Angeles, CA  90066

Tel: (310) 391-9971
Fax: (310) 391-8971
Web: www.StatModel.com
Support: Support@StatModel.com

Copyright (c) 1998-2023 Muthen & Muthen
