Mplus VERSION 8.9
MUTHEN & MUTHEN
01/22/2025   7:25 PM

INPUT INSTRUCTIONS

  DATA:
    FILE IS "mplus.dat";
  VARIABLE:
    MISSING ARE ALL (-99);
    NAMES ARE id Gender1 Age1 Education_mother1 Education_father1
    unemployed_mother1 unemployed_father1 Fin1 Fin2 Fin3 Personal1
    Personal2 Personal3 Public1 Public2 Public3 Collective1
    Collective2 Collective3 Relational1 Relational2
    Relational3 Autonomy1 Autonomy2 Autonomy3 Relatedness1 Relatedness2
    Relatedness3 Competence1 Competence2 Competence3
    PA1 PA2 PA3 NA1 NA2 NA3 SWLS1 SWLS2 SWLS3;

  usevar =
  Gender1 Age1 Education_mother1 Education_father1
  unemployed_mother1 unemployed_father1 Fin1 Fin2 Fin3
  x1-x3 y1-y3 m1-m3 ;

  define:
  x1 = Collective1;
  x2 = Collective2;
  x3 = Collective3;

  m1 = Competence1;
  m2 = Competence2;
  m3 = Competence3;

  y1 = NA1;
  y2 = NA2;
  y3 = NA3;


  analysis:

  MODEL = NOCOV;
  bootstrap = 10000;


  MODEL:
  RIx BY x1@1 x2@1 x3@1;
  RIy BY y1@1 y2@1 y3@1;
  RIm BY m1@1 m2@1 m3@1;



  wx1 BY x1@1;
  wx2 BY x2@1;
  wx3 BY x3@1;



  wy1 BY y1@1;
  wy2 BY y2@1;
  wy3 BY y3@1;



  wm1 By m1@1;
  wm2 By m2@1;
  wm3 By m3@1;


  x1-m3@0;


  wy2 ON wy1 (a );
  wy3 ON wy2 (a );


  wx2 ON wx1 (b );
  wx3 ON wx2 (b );


  wm2 ON wm1  (c);
  wm3 ON wm2  (c);


  wy2 ON  wx1 wm1  (d e);
  wy3 ON  wx2 wm2  (d e);


  wx2 ON wy1 wm1  (f j);
  wx3 ON wy2 wm2  (f j);


  wm2 ON wx1 wy1   (h i);
  wm3 ON wx2 wy2   (h i);


  RIx RIy RIm  with RIx RIy RIm ;

  wx1 wy1 wm1 with wx1 wy1 wm1;
  wx2 wy2 wm2 with wx2 wy2 wm2 (cov1 cov2 cov3);
  wx3 wy3 wm3 with wx3 wy3 wm3 (cov1 cov2 cov3);

  wx2 (vx); wy2 (vy); wm2 (vm);
  wx3 (vx); wy3 (vy); wm3 (vm);

  x1-m3 on Gender1 Age1 Education_mother1 Education_father1
  unemployed_mother1 unemployed_father1 ;

  x1 y1 m1 on Fin1;
  x2 y2 m2 on Fin2;
  x3 y3 m3 on Fin3;

  Gender1 -Fin3 with Gender1 -Fin3;

  [x1-x3] (mx);
  [m1-m3] (mm);
  [y1-y3] (my);

  model constraint:
  new (ind);
  ind = h*e;

  output: cinterval (boot) stdyx;



*** WARNING in VARIABLE command
  Note that only the first 8 characters of variable names are used in the output.
  Shorten variable names to avoid any confusion.
   1 WARNING(S) FOUND IN THE INPUT INSTRUCTIONS




SUMMARY OF ANALYSIS

Number of groups                                                 1
Number of observations                                         971

Number of dependent variables                                    9
Number of independent variables                                  9
Number of continuous latent variables                           12

Observed dependent variables

  Continuous
   X1          X2          X3          Y1          Y2          Y3
   M1          M2          M3

Observed independent variables
   GENDER1     AGE1        EDUCATIO    EDUCATIO    UNEMPLOY    UNEMPLOY
   FIN1        FIN2        FIN3

Continuous latent variables
   RIX         RIY         RIM         WX1         WX2         WX3
   WY1         WY2         WY3         WM1         WM2         WM3


Estimator                                                       ML
Information matrix                                        OBSERVED
Maximum number of iterations                                  1000
Convergence criterion                                    0.500D-04
Maximum number of steepest descent iterations                   20
Maximum number of iterations for H1                           2000
Convergence criterion for H1                             0.100D-03
Number of bootstrap draws
    Requested                                                10000
    Completed                                                10000

Input data file(s)
  mplus.dat

Input data format  FREE


SUMMARY OF DATA

     Number of missing data patterns            19


COVARIANCE COVERAGE OF DATA

Minimum covariance coverage value   0.100


     PROPORTION OF DATA PRESENT


           Covariance Coverage
              X1            X2            X3            Y1            Y2
              ________      ________      ________      ________      ________
 X1             1.000
 X2             1.000         1.000
 X3             1.000         1.000         1.000
 Y1             1.000         1.000         1.000         1.000
 Y2             1.000         1.000         1.000         1.000         1.000
 Y3             1.000         1.000         1.000         1.000         1.000
 M1             1.000         1.000         1.000         1.000         1.000
 M2             1.000         1.000         1.000         1.000         1.000
 M3             1.000         1.000         1.000         1.000         1.000
 GENDER1        0.998         0.998         0.998         0.998         0.998
 AGE1           0.999         0.999         0.999         0.999         0.999
 EDUCATIO       0.994         0.994         0.994         0.994         0.994
 EDUCATIO       0.991         0.991         0.991         0.991         0.991
 UNEMPLOY       0.992         0.992         0.992         0.992         0.992
 UNEMPLOY       0.974         0.974         0.974         0.974         0.974
 FIN1           0.994         0.994         0.994         0.994         0.994
 FIN2           0.991         0.991         0.991         0.991         0.991
 FIN3           0.991         0.991         0.991         0.991         0.991


           Covariance Coverage
              Y3            M1            M2            M3            GENDER1
              ________      ________      ________      ________      ________
 Y3             1.000
 M1             1.000         1.000
 M2             1.000         1.000         1.000
 M3             1.000         1.000         1.000         1.000
 GENDER1        0.998         0.998         0.998         0.998         0.998
 AGE1           0.999         0.999         0.999         0.999         0.997
 EDUCATIO       0.994         0.994         0.994         0.994         0.992
 EDUCATIO       0.991         0.991         0.991         0.991         0.989
 UNEMPLOY       0.992         0.992         0.992         0.992         0.990
 UNEMPLOY       0.974         0.974         0.974         0.974         0.972
 FIN1           0.994         0.994         0.994         0.994         0.992
 FIN2           0.991         0.991         0.991         0.991         0.990
 FIN3           0.991         0.991         0.991         0.991         0.989


           Covariance Coverage
              AGE1          EDUCATIO      EDUCATIO      UNEMPLOY      UNEMPLOY
              ________      ________      ________      ________      ________
 AGE1           0.999
 EDUCATIO       0.993         0.994
 EDUCATIO       0.990         0.987         0.991
 UNEMPLOY       0.991         0.989         0.984         0.992
 UNEMPLOY       0.973         0.969         0.970         0.968         0.974
 FIN1           0.993         0.989         0.986         0.988         0.969
 FIN2           0.990         0.985         0.981         0.982         0.965
 FIN3           0.990         0.985         0.981         0.982         0.965


           Covariance Coverage
              FIN1          FIN2          FIN3
              ________      ________      ________
 FIN1           0.994
 FIN2           0.986         0.991
 FIN3           0.986         0.984         0.991



UNIVARIATE SAMPLE STATISTICS


     UNIVARIATE HIGHER-ORDER MOMENT DESCRIPTIVE STATISTICS

         Variable/         Mean/     Skewness/   Minimum/ % with                Percentiles
        Sample Size      Variance    Kurtosis    Maximum  Min/Max      20%/60%    40%/80%    Median

     X1                   -0.016      -0.143      -2.873    0.10%      -0.797     -0.233     -0.038
             971.000       0.819      -0.348       2.189    0.10%       0.260      0.790
     X2                   -0.011      -0.022      -3.048    0.10%      -0.793     -0.286     -0.009
             971.000       0.851      -0.289       2.197    0.10%       0.236      0.781
     X3                   -0.011      -0.129      -3.182    0.10%      -0.752     -0.288     -0.038
             971.000       0.856      -0.090       2.266    0.10%       0.220      0.793
     Y1                    0.000       0.647      -1.361    0.82%      -0.714     -0.372     -0.139
             971.000       0.671      -0.161       2.447    0.10%       0.073      0.669
     Y2                    0.000       0.519      -1.447    1.03%      -0.756     -0.389     -0.139
             971.000       0.744      -0.415       2.501    0.10%       0.124      0.732
     Y3                    0.000       0.473      -1.410    1.44%      -0.720     -0.353     -0.151
             971.000       0.706      -0.249       2.551    0.10%       0.184      0.683
     M1                   -0.013      -0.207      -2.157    0.10%      -0.547     -0.152     -0.037
             971.000       0.426      -0.176       1.305    1.24%       0.156      0.562
     M2                   -0.012      -0.221      -2.427    0.10%      -0.568     -0.153     -0.024
             971.000       0.500       0.061       1.414    2.47%       0.149      0.590
     M3                   -0.011      -0.082      -2.110    0.10%      -0.624     -0.206     -0.045
             971.000       0.507      -0.375       1.425    2.16%       0.159      0.607
     GENDER1               0.646      -0.611       0.000   35.40%       0.000      1.000      1.000
             969.000       0.229      -1.627       1.000   64.60%       1.000      1.000
     AGE1                 15.638      -0.547      15.000   36.29%      15.000     16.000     16.000
             970.000       0.233      -1.625      17.000    0.10%      16.000     16.000
     EDUCATION_MOTHE       3.907      -0.084       1.000    0.31%       3.000      3.000      4.000
             965.000       0.945      -1.378       5.000   39.17%       4.000      5.000
     EDUCATION_FATHE       3.754       0.093       1.000    0.62%       3.000      3.000      3.000
             962.000       0.984      -1.211       5.000   33.78%       4.000      5.000
     UNEMPLOYED_MOTH       0.154       1.921       0.000   84.63%       0.000      0.000      0.000
             963.000       0.130       1.688       1.000   15.37%       0.000      0.000
     UNEMPLOYED_FATH       0.070       3.378       0.000   93.02%       0.000      0.000      0.000
             946.000       0.065       9.408       1.000    6.98%       0.000      0.000
     FIN1                  3.754      -0.071       1.000    0.31%       3.000      3.000      4.000
             965.000       0.726      -0.634       5.000   21.55%       4.000      5.000
     FIN2                  3.777      -0.071       1.000    0.42%       3.000      4.000      4.000
             962.000       0.685      -0.517       5.000   21.21%       4.000      5.000
     FIN3                  3.756      -0.179       1.000    0.94%       3.000      3.000      4.000
             962.000       0.750      -0.296       5.000   21.93%       4.000      5.000


THE MODEL ESTIMATION TERMINATED NORMALLY



MODEL FIT INFORMATION

Number of Free Parameters                      147

Loglikelihood

          H0 Value                      -15467.290
          H1 Value                      -15401.030

Information Criteria

          Akaike (AIC)                   31228.579
          Bayesian (BIC)                 31945.693
          Sample-Size Adjusted BIC       31478.822
            (n* = (n + 2) / 24)

Chi-Square Test of Model Fit

          Value                            132.518
          Degrees of Freedom                    42
          P-Value                           0.0000

RMSEA (Root Mean Square Error Of Approximation)

          Estimate                           0.047
          90 Percent C.I.                    0.038  0.056
          Probability RMSEA <= .05           0.686

CFI/TLI

          CFI                                0.980
          TLI                                0.944

Chi-Square Test of Model Fit for the Baseline Model

          Value                           4632.572
          Degrees of Freedom                   117
          P-Value                           0.0000

SRMR (Standardized Root Mean Square Residual)

          Value                              0.040



MODEL RESULTS

                                                    Two-Tailed
                    Estimate       S.E.  Est./S.E.    P-Value

 RIX      BY
    X1                 1.000      0.000    999.000    999.000
    X2                 1.000      0.000    999.000    999.000
    X3                 1.000      0.000    999.000    999.000

 RIY      BY
    Y1                 1.000      0.000    999.000    999.000
    Y2                 1.000      0.000    999.000    999.000
    Y3                 1.000      0.000    999.000    999.000

 RIM      BY
    M1                 1.000      0.000    999.000    999.000
    M2                 1.000      0.000    999.000    999.000
    M3                 1.000      0.000    999.000    999.000

 WX1      BY
    X1                 1.000      0.000    999.000    999.000

 WX2      BY
    X2                 1.000      0.000    999.000    999.000

 WX3      BY
    X3                 1.000      0.000    999.000    999.000

 WY1      BY
    Y1                 1.000      0.000    999.000    999.000

 WY2      BY
    Y2                 1.000      0.000    999.000    999.000

 WY3      BY
    Y3                 1.000      0.000    999.000    999.000

 WM1      BY
    M1                 1.000      0.000    999.000    999.000

 WM2      BY
    M2                 1.000      0.000    999.000    999.000

 WM3      BY
    M3                 1.000      0.000    999.000    999.000

 WY2      ON
    WY1                0.147      0.065      2.264      0.024
    WX1                0.003      0.048      0.060      0.952
    WM1               -0.104      0.068     -1.529      0.126

 WY3      ON
    WY2                0.147      0.065      2.264      0.024
    WX2                0.003      0.048      0.060      0.952
    WM2               -0.104      0.068     -1.529      0.126

 WX2      ON
    WX1                0.097      0.070      1.389      0.165
    WY1                0.031      0.049      0.635      0.526
    WM1                0.029      0.056      0.519      0.604

 WX3      ON
    WX2                0.097      0.070      1.389      0.165
    WY2                0.031      0.049      0.635      0.526
    WM2                0.029      0.056      0.519      0.604

 WM2      ON
    WM1                0.298      0.058      5.157      0.000
    WX1               -0.012      0.036     -0.347      0.728
    WY1               -0.044      0.036     -1.240      0.215

 WM3      ON
    WM2                0.298      0.058      5.157      0.000
    WX2               -0.012      0.036     -0.347      0.728
    WY2               -0.044      0.036     -1.240      0.215

 X1       ON
    GENDER1           -0.201      0.063     -3.179      0.001
    AGE1              -0.005      0.055     -0.083      0.934
    EDUCATION_        -0.023      0.034     -0.681      0.496
    EDUCATION_         0.023      0.033      0.682      0.495
    UNEMPLOYED        -0.012      0.078     -0.153      0.878
    UNEMPLOYED         0.071      0.119      0.597      0.551
    FIN1               0.119      0.030      3.909      0.000

 X2       ON
    GENDER1           -0.121      0.065     -1.864      0.062
    AGE1              -0.013      0.054     -0.233      0.815
    EDUCATION_        -0.034      0.034     -0.993      0.321
    EDUCATION_         0.022      0.034      0.626      0.531
    UNEMPLOYED        -0.007      0.079     -0.083      0.934
    UNEMPLOYED         0.179      0.127      1.409      0.159
    FIN2               0.150      0.031      4.842      0.000

 X3       ON
    GENDER1           -0.152      0.064     -2.355      0.019
    AGE1              -0.002      0.055     -0.045      0.964
    EDUCATION_        -0.029      0.034     -0.854      0.393
    EDUCATION_         0.014      0.033      0.429      0.668
    UNEMPLOYED         0.046      0.083      0.562      0.574
    UNEMPLOYED         0.150      0.126      1.191      0.234
    FIN3               0.114      0.030      3.744      0.000

 Y1       ON
    GENDER1            0.433      0.053      8.240      0.000
    AGE1              -0.008      0.047     -0.174      0.862
    EDUCATION_         0.010      0.032      0.323      0.747
    EDUCATION_        -0.015      0.031     -0.484      0.628
    UNEMPLOYED         0.007      0.074      0.101      0.920
    UNEMPLOYED        -0.122      0.098     -1.245      0.213
    FIN1              -0.131      0.027     -4.837      0.000

 Y2       ON
    GENDER1            0.441      0.056      7.904      0.000
    AGE1              -0.010      0.046     -0.221      0.825
    EDUCATION_         0.010      0.032      0.301      0.763
    EDUCATION_        -0.016      0.032     -0.494      0.621
    UNEMPLOYED         0.149      0.080      1.863      0.063
    UNEMPLOYED        -0.122      0.112     -1.090      0.276
    FIN2              -0.127      0.030     -4.278      0.000

 Y3       ON
    GENDER1            0.401      0.055      7.316      0.000
    AGE1              -0.003      0.046     -0.061      0.951
    EDUCATION_         0.021      0.032      0.651      0.515
    EDUCATION_        -0.022      0.030     -0.745      0.456
    UNEMPLOYED         0.059      0.078      0.746      0.456
    UNEMPLOYED        -0.182      0.103     -1.776      0.076
    FIN3              -0.152      0.027     -5.578      0.000

 M1       ON
    GENDER1           -0.155      0.042     -3.652      0.000
    AGE1               0.071      0.039      1.815      0.070
    EDUCATION_        -0.024      0.025     -0.932      0.351
    EDUCATION_         0.023      0.024      0.935      0.350
    UNEMPLOYED         0.018      0.061      0.296      0.767
    UNEMPLOYED         0.186      0.088      2.102      0.036
    FIN1               0.111      0.021      5.308      0.000

 M2       ON
    GENDER1           -0.153      0.046     -3.342      0.001
    AGE1               0.069      0.039      1.752      0.080
    EDUCATION_        -0.007      0.026     -0.248      0.804
    EDUCATION_         0.017      0.027      0.627      0.530
    UNEMPLOYED         0.013      0.067      0.187      0.852
    UNEMPLOYED        -0.002      0.093     -0.021      0.983
    FIN2               0.112      0.022      5.066      0.000

 M3       ON
    GENDER1           -0.106      0.048     -2.205      0.027
    AGE1               0.068      0.039      1.724      0.085
    EDUCATION_         0.002      0.027      0.090      0.928
    EDUCATION_         0.010      0.026      0.365      0.715
    UNEMPLOYED        -0.042      0.065     -0.648      0.517
    UNEMPLOYED         0.143      0.090      1.589      0.112
    FIN3               0.107      0.025      4.356      0.000

 RIX      WITH
    RIY               -0.124      0.022     -5.605      0.000
    RIM                0.124      0.019      6.607      0.000

 RIY      WITH
    RIM               -0.137      0.018     -7.674      0.000

 WX1      WITH
    WY1               -0.009      0.015     -0.594      0.553
    WM1                0.021      0.013      1.622      0.105

 WY1      WITH
    WM1               -0.032      0.016     -1.983      0.047

 WX2      WITH
    WY2               -0.035      0.014     -2.503      0.012
    WM2                0.037      0.011      3.480      0.001

 WY2      WITH
    WM2               -0.071      0.010     -7.064      0.000

 WX3      WITH
    WY3               -0.035      0.014     -2.503      0.012
    WM3                0.037      0.011      3.480      0.001

 WY3      WITH
    WM3               -0.071      0.010     -7.064      0.000

 GENDER1  WITH
    AGE1              -0.001      0.007     -0.096      0.924
    EDUCATION_        -0.036      0.015     -2.370      0.018
    EDUCATION_        -0.022      0.015     -1.461      0.144
    UNEMPLOYED        -0.003      0.006     -0.500      0.617
    UNEMPLOYED        -0.002      0.004     -0.424      0.672
    FIN1               0.015      0.013      1.107      0.268
    FIN2              -0.001      0.013     -0.080      0.936
    FIN3               0.006      0.014      0.438      0.661

 AGE1     WITH
    EDUCATION_        -0.037      0.015     -2.442      0.015
    EDUCATION_        -0.018      0.015     -1.183      0.237
    UNEMPLOYED         0.012      0.005      2.219      0.026
    UNEMPLOYED         0.002      0.004      0.438      0.661
    FIN1              -0.006      0.013     -0.419      0.675
    FIN2              -0.010      0.013     -0.795      0.427
    FIN3              -0.012      0.014     -0.910      0.363

 EDUCATIO WITH
    EDUCATION_         0.452      0.030     14.924      0.000
    UNEMPLOYED        -0.088      0.012     -7.481      0.000
    UNEMPLOYED        -0.024      0.009     -2.740      0.006
    FIN1               0.118      0.027      4.365      0.000
    FIN2               0.132      0.026      5.110      0.000
    FIN3               0.136      0.027      4.981      0.000

 EDUCATIO WITH
    UNEMPLOYED        -0.057      0.011     -4.940      0.000
    UNEMPLOYED        -0.030      0.007     -4.086      0.000
    FIN1               0.145      0.028      5.252      0.000
    FIN2               0.173      0.026      6.619      0.000
    FIN3               0.184      0.027      6.807      0.000

 UNEMPLOY WITH
    UNEMPLOYED         0.013      0.004      3.263      0.001
    FIN1              -0.033      0.011     -3.031      0.002
    FIN2              -0.029      0.010     -2.896      0.004
    FIN3              -0.040      0.010     -3.870      0.000

 UNEMPLOY WITH
    FIN1              -0.027      0.008     -3.192      0.001
    FIN2              -0.020      0.007     -2.965      0.003
    FIN3              -0.020      0.008     -2.678      0.007

 FIN1     WITH
    FIN2               0.504      0.025     20.359      0.000
    FIN3               0.484      0.025     19.203      0.000

 FIN2     WITH
    FIN3               0.504      0.024     20.764      0.000

 Means
    GENDER1            0.647      0.015     42.489      0.000
    AGE1              15.638      0.016   1007.273      0.000
    EDUCATION_         3.907      0.031    124.206      0.000
    EDUCATION_         3.754      0.032    116.422      0.000
    UNEMPLOYED         0.154      0.012     13.359      0.000
    UNEMPLOYED         0.070      0.008      8.377      0.000
    FIN1               3.755      0.027    138.366      0.000
    FIN2               3.776      0.027    141.525      0.000
    FIN3               3.753      0.028    133.397      0.000

 Intercepts
    X1                -0.259      0.874     -0.296      0.767
    X2                -0.259      0.874     -0.296      0.767
    X3                -0.259      0.874     -0.296      0.767
    Y1                 0.363      0.743      0.488      0.625
    Y2                 0.363      0.743      0.488      0.625
    Y3                 0.363      0.743      0.488      0.625
    M1                -1.452      0.631     -2.302      0.021
    M2                -1.452      0.631     -2.302      0.021
    M3                -1.452      0.631     -2.302      0.021

 Variances
    GENDER1            0.229      0.004     51.226      0.000
    AGE1               0.233      0.005     50.731      0.000
    EDUCATION_         0.946      0.024     38.620      0.000
    EDUCATION_         0.984      0.028     34.895      0.000
    UNEMPLOYED         0.130      0.008     16.318      0.000
    UNEMPLOYED         0.065      0.007      9.065      0.000
    FIN1               0.727      0.028     26.419      0.000
    FIN2               0.684      0.027     25.739      0.000
    FIN3               0.750      0.032     23.565      0.000
    RIX                0.527      0.031     16.775      0.000
    RIY                0.323      0.028     11.449      0.000
    RIM                0.243      0.020     11.884      0.000
    WX1                0.291      0.024     11.986      0.000
    WY1                0.266      0.025     10.727      0.000
    WM1                0.149      0.019      8.030      0.000

 Residual Variances
    X1                 0.000      0.000    999.000    999.000
    X2                 0.000      0.000    999.000    999.000
    X3                 0.000      0.000    999.000    999.000
    Y1                 0.000      0.000    999.000    999.000
    Y2                 0.000      0.000    999.000    999.000
    Y3                 0.000      0.000    999.000    999.000
    M1                 0.000      0.000    999.000    999.000
    M2                 0.000      0.000    999.000    999.000
    M3                 0.000      0.000    999.000    999.000
    WX2                0.276      0.022     12.268      0.000
    WX3                0.276      0.022     12.268      0.000
    WY2                0.319      0.019     16.813      0.000
    WY3                0.319      0.019     16.813      0.000
    WM2                0.220      0.011     19.810      0.000
    WM3                0.220      0.011     19.810      0.000

New/Additional Parameters
    IND                0.001      0.005      0.279      0.780


STANDARDIZED MODEL RESULTS


STDYX Standardization

                                                    Two-Tailed
                    Estimate       S.E.  Est./S.E.    P-Value

 RIX      BY
    X1                 0.793      0.017     47.739      0.000
    X2                 0.798      0.019     42.307      0.000
    X3                 0.801      0.019     42.408      0.000

 RIY      BY
    Y1                 0.709      0.027     26.569      0.000
    Y2                 0.674      0.025     26.833      0.000
    Y3                 0.674      0.026     26.225      0.000

 RIM      BY
    M1                 0.771      0.028     27.067      0.000
    M2                 0.702      0.024     29.770      0.000
    M3                 0.697      0.025     28.165      0.000

 WX1      BY
    X1                 0.590      0.022     27.282      0.000

 WX2      BY
    X2                 0.581      0.025     23.116      0.000

 WX3      BY
    X3                 0.583      0.026     22.831      0.000

 WY1      BY
    Y1                 0.643      0.028     23.292      0.000

 WY2      BY
    Y2                 0.679      0.024     28.831      0.000

 WY3      BY
    Y3                 0.683      0.024     28.248      0.000

 WM1      BY
    M1                 0.604      0.035     17.030      0.000

 WM2      BY
    M2                 0.690      0.023     29.683      0.000

 WM3      BY
    M3                 0.698      0.024     28.650      0.000

 WY2      ON
    WY1                0.133      0.059      2.245      0.025
    WX1                0.003      0.045      0.060      0.952
    WM1               -0.070      0.046     -1.518      0.129

 WY3      ON
    WY2                0.146      0.064      2.279      0.023
    WX2                0.003      0.044      0.060      0.952
    WM2               -0.087      0.058     -1.517      0.129

 WX2      ON
    WX1                0.099      0.068      1.447      0.148
    WY1                0.030      0.048      0.635      0.525
    WM1                0.021      0.042      0.515      0.606

 WX3      ON
    WX2                0.097      0.070      1.392      0.164
    WY2                0.034      0.053      0.638      0.524
    WM2                0.027      0.052      0.520      0.603

 WM2      ON
    WM1                0.237      0.051      4.634      0.000
    WX1               -0.014      0.040     -0.346      0.729
    WY1               -0.047      0.038     -1.227      0.220

 WM3      ON
    WM2                0.292      0.055      5.294      0.000
    WX2               -0.013      0.038     -0.347      0.728
    WY2               -0.051      0.041     -1.245      0.213

 X1       ON
    GENDER1           -0.105      0.033     -3.165      0.002
    AGE1              -0.002      0.029     -0.083      0.934
    EDUCATION_        -0.025      0.036     -0.681      0.496
    EDUCATION_         0.025      0.036      0.683      0.495
    UNEMPLOYED        -0.005      0.031     -0.154      0.878
    UNEMPLOYED         0.020      0.033      0.601      0.548
    FIN1               0.111      0.028      3.924      0.000

 X2       ON
    GENDER1           -0.064      0.034     -1.866      0.062
    AGE1              -0.007      0.029     -0.234      0.815
    EDUCATION_        -0.037      0.037     -0.994      0.320
    EDUCATION_         0.024      0.038      0.628      0.530
    UNEMPLOYED        -0.003      0.031     -0.083      0.934
    UNEMPLOYED         0.050      0.035      1.419      0.156
    FIN2               0.136      0.028      4.837      0.000

 X3       ON
    GENDER1           -0.080      0.034     -2.356      0.018
    AGE1              -0.001      0.029     -0.045      0.964
    EDUCATION_        -0.031      0.037     -0.856      0.392
    EDUCATION_         0.016      0.036      0.430      0.667
    UNEMPLOYED         0.018      0.033      0.564      0.573
    UNEMPLOYED         0.042      0.035      1.201      0.230
    FIN3               0.109      0.029      3.770      0.000

 Y1       ON
    GENDER1            0.258      0.031      8.412      0.000
    AGE1              -0.005      0.028     -0.174      0.862
    EDUCATION_         0.012      0.039      0.323      0.746
    EDUCATION_        -0.019      0.039     -0.484      0.628
    UNEMPLOYED         0.003      0.033      0.101      0.920
    UNEMPLOYED        -0.039      0.031     -1.252      0.211
    FIN1              -0.139      0.029     -4.804      0.000

 Y2       ON
    GENDER1            0.250      0.031      8.075      0.000
    AGE1              -0.006      0.027     -0.221      0.825
    EDUCATION_         0.011      0.037      0.302      0.763
    EDUCATION_        -0.019      0.038     -0.494      0.621
    UNEMPLOYED         0.064      0.034      1.873      0.061
    UNEMPLOYED        -0.037      0.034     -1.097      0.273
    FIN2              -0.125      0.029     -4.261      0.000

 Y3       ON
    GENDER1            0.227      0.031      7.377      0.000
    AGE1              -0.002      0.026     -0.061      0.951
    EDUCATION_         0.024      0.037      0.652      0.514
    EDUCATION_        -0.026      0.035     -0.746      0.456
    UNEMPLOYED         0.025      0.033      0.748      0.454
    UNEMPLOYED        -0.055      0.031     -1.789      0.074
    FIN3              -0.157      0.028     -5.516      0.000

 M1       ON
    GENDER1           -0.116      0.031     -3.690      0.000
    AGE1               0.054      0.030      1.819      0.069
    EDUCATION_        -0.036      0.038     -0.933      0.351
    EDUCATION_         0.035      0.037      0.936      0.349
    UNEMPLOYED         0.010      0.034      0.297      0.767
    UNEMPLOYED         0.074      0.035      2.108      0.035
    FIN1               0.148      0.028      5.280      0.000

 M2       ON
    GENDER1           -0.104      0.031     -3.390      0.001
    AGE1               0.047      0.027      1.751      0.080
    EDUCATION_        -0.009      0.037     -0.248      0.804
    EDUCATION_         0.023      0.037      0.627      0.530
    UNEMPLOYED         0.006      0.034      0.187      0.852
    UNEMPLOYED        -0.001      0.034     -0.021      0.983
    FIN2               0.132      0.026      5.063      0.000

 M3       ON
    GENDER1           -0.071      0.032     -2.219      0.026
    AGE1               0.046      0.027      1.723      0.085
    EDUCATION_         0.003      0.037      0.090      0.928
    EDUCATION_         0.014      0.037      0.365      0.715
    UNEMPLOYED        -0.022      0.033     -0.650      0.516
    UNEMPLOYED         0.051      0.032      1.594      0.111
    FIN3               0.132      0.030      4.423      0.000

 RIX      WITH
    RIY               -0.300      0.051     -5.902      0.000
    RIM                0.347      0.048      7.257      0.000

 RIY      WITH
    RIM               -0.489      0.049     -9.937      0.000

 WX1      WITH
    WY1               -0.033      0.055     -0.599      0.549
    WM1                0.102      0.061      1.678      0.093

 WY1      WITH
    WM1               -0.162      0.075     -2.160      0.031

 WX2      WITH
    WY2               -0.117      0.046     -2.567      0.010
    WM2                0.152      0.043      3.560      0.000

 WY2      WITH
    WM2               -0.268      0.035     -7.564      0.000

 WX3      WITH
    WY3               -0.117      0.046     -2.567      0.010
    WM3                0.152      0.043      3.560      0.000

 WY3      WITH
    WM3               -0.268      0.035     -7.564      0.000

 GENDER1  WITH
    AGE1              -0.003      0.032     -0.096      0.924
    EDUCATION_        -0.076      0.032     -2.365      0.018
    EDUCATION_        -0.046      0.032     -1.461      0.144
    UNEMPLOYED        -0.016      0.032     -0.500      0.617
    UNEMPLOYED        -0.014      0.033     -0.423      0.672
    FIN1               0.036      0.032      1.107      0.268
    FIN2              -0.003      0.033     -0.080      0.936
    FIN3               0.014      0.033      0.438      0.661

 AGE1     WITH
    EDUCATION_        -0.078      0.032     -2.439      0.015
    EDUCATION_        -0.038      0.032     -1.181      0.238
    UNEMPLOYED         0.068      0.031      2.233      0.026
    UNEMPLOYED         0.014      0.032      0.438      0.661
    FIN1              -0.013      0.032     -0.419      0.676
    FIN2              -0.026      0.032     -0.796      0.426
    FIN3              -0.029      0.032     -0.911      0.362

 EDUCATIO WITH
    EDUCATION_         0.469      0.028     16.545      0.000
    UNEMPLOYED        -0.250      0.030     -8.358      0.000
    UNEMPLOYED        -0.095      0.034     -2.837      0.005
    FIN1               0.143      0.032      4.447      0.000
    FIN2               0.164      0.031      5.206      0.000
    FIN3               0.162      0.032      5.042      0.000

 EDUCATIO WITH
    UNEMPLOYED        -0.158      0.031     -5.179      0.000
    UNEMPLOYED        -0.121      0.027     -4.460      0.000
    FIN1               0.172      0.032      5.301      0.000
    FIN2               0.211      0.031      6.842      0.000
    FIN3               0.214      0.031      7.017      0.000

 UNEMPLOY WITH
    UNEMPLOYED         0.146      0.042      3.472      0.001
    FIN1              -0.108      0.035     -3.093      0.002
    FIN2              -0.097      0.033     -2.933      0.003
    FIN3              -0.129      0.032     -3.982      0.000

 UNEMPLOY WITH
    FIN1              -0.123      0.036     -3.377      0.001
    FIN2              -0.093      0.030     -3.106      0.002
    FIN3              -0.091      0.033     -2.778      0.005

 FIN1     WITH
    FIN2               0.715      0.019     38.274      0.000
    FIN3               0.655      0.024     27.836      0.000

 FIN2     WITH
    FIN3               0.703      0.021     33.391      0.000

 Means
    GENDER1            1.352      0.045     29.959      0.000
    AGE1              32.399      0.350     92.493      0.000
    EDUCATION_         4.017      0.064     62.436      0.000
    EDUCATION_         3.785      0.060     63.150      0.000
    UNEMPLOYED         0.427      0.019     22.563      0.000
    UNEMPLOYED         0.274      0.018     15.504      0.000
    FIN1               4.405      0.092     48.127      0.000
    FIN2               4.566      0.096     47.388      0.000
    FIN3               4.334      0.102     42.315      0.000

 Intercepts
    X1                -0.283      0.956     -0.296      0.767
    X2                -0.285      0.962     -0.296      0.767
    X3                -0.286      0.964     -0.296      0.767
    Y1                 0.452      0.926      0.488      0.625
    Y2                 0.431      0.883      0.488      0.626
    Y3                 0.431      0.882      0.488      0.626
    M1                -2.268      0.983     -2.307      0.021
    M2                -2.066      0.898     -2.300      0.021
    M3                -2.052      0.892     -2.300      0.021

 Variances
    GENDER1            1.000      0.000    999.000    999.000
    AGE1               1.000      0.000    999.000    999.000
    EDUCATION_         1.000      0.000    999.000    999.000
    EDUCATION_         1.000      0.000    999.000    999.000
    UNEMPLOYED         1.000      0.000    999.000    999.000
    UNEMPLOYED         1.000      0.000    999.000    999.000
    FIN1               1.000      0.000    999.000    999.000
    FIN2               1.000      0.000    999.000    999.000
    FIN3               1.000      0.000    999.000    999.000
    RIX                1.000      0.000    999.000    999.000
    RIY                1.000      0.000    999.000    999.000
    RIM                1.000      0.000    999.000    999.000
    WX1                1.000      0.000    999.000    999.000
    WY1                1.000      0.000    999.000    999.000
    WM1                1.000      0.000    999.000    999.000

 Residual Variances
    X1                 0.000      0.000      0.000      1.000
    X2                 0.000      0.000      0.000      1.000
    X3                 0.000      0.000      0.000      1.000
    Y1                 0.000      0.000      0.000      1.000
    Y2                 0.000      0.000      0.000      1.000
    Y3                 0.000      0.000      0.000      1.000
    M1                 0.000      0.000      0.000      1.000
    M2                 0.000      0.000      0.000      1.000
    M3                 0.000      0.000      0.000      1.000
    WX2                0.989      0.016     61.342      0.000
    WX3                0.989      0.018     56.458      0.000
    WY2                0.975      0.020     49.240      0.000
    WY3                0.964      0.026     37.346      0.000
    WM2                0.938      0.028     34.032      0.000
    WM3                0.905      0.035     25.497      0.000


R-SQUARE

    Observed                                        Two-Tailed
    Variable        Estimate       S.E.  Est./S.E.    P-Value

    X1                 1.000      0.000    999.000    999.000
    X2                 1.000      0.000    999.000    999.000
    X3                 1.000      0.000    999.000    999.000
    Y1                 1.000      0.000    999.000    999.000
    Y2                 1.000      0.000    999.000    999.000
    Y3                 1.000      0.000    999.000    999.000
    M1                 1.000      0.000    999.000    999.000
    M2                 1.000      0.000    999.000    999.000
    M3                 1.000      0.000    999.000    999.000

     Latent                                         Two-Tailed
    Variable        Estimate       S.E.  Est./S.E.    P-Value

    WX2                0.011      0.016      0.694      0.488
    WX3                0.011      0.018      0.614      0.539
    WY2                0.025      0.020      1.285      0.199
    WY3                0.036      0.026      1.401      0.161
    WM2                0.062      0.028      2.236      0.025
    WM3                0.095      0.035      2.688      0.007


CONFIDENCE INTERVALS OF MODEL RESULTS

                  Lower .5%  Lower 2.5%    Lower 5%    Estimate    Upper 5%  Upper 2.5%   Upper .5%

 RIX      BY
    X1               1.000       1.000       1.000       1.000       1.000       1.000       1.000
    X2               1.000       1.000       1.000       1.000       1.000       1.000       1.000
    X3               1.000       1.000       1.000       1.000       1.000       1.000       1.000

 RIY      BY
    Y1               1.000       1.000       1.000       1.000       1.000       1.000       1.000
    Y2               1.000       1.000       1.000       1.000       1.000       1.000       1.000
    Y3               1.000       1.000       1.000       1.000       1.000       1.000       1.000

 RIM      BY
    M1               1.000       1.000       1.000       1.000       1.000       1.000       1.000
    M2               1.000       1.000       1.000       1.000       1.000       1.000       1.000
    M3               1.000       1.000       1.000       1.000       1.000       1.000       1.000

 WX1      BY
    X1               1.000       1.000       1.000       1.000       1.000       1.000       1.000

 WX2      BY
    X2               1.000       1.000       1.000       1.000       1.000       1.000       1.000

 WX3      BY
    X3               1.000       1.000       1.000       1.000       1.000       1.000       1.000

 WY1      BY
    Y1               1.000       1.000       1.000       1.000       1.000       1.000       1.000

 WY2      BY
    Y2               1.000       1.000       1.000       1.000       1.000       1.000       1.000

 WY3      BY
    Y3               1.000       1.000       1.000       1.000       1.000       1.000       1.000

 WM1      BY
    M1               1.000       1.000       1.000       1.000       1.000       1.000       1.000

 WM2      BY
    M2               1.000       1.000       1.000       1.000       1.000       1.000       1.000

 WM3      BY
    M3               1.000       1.000       1.000       1.000       1.000       1.000       1.000

 WY2      ON
    WY1             -0.020       0.022       0.042       0.147       0.257       0.277       0.320
    WX1             -0.119      -0.088      -0.073       0.003       0.084       0.098       0.134
    WM1             -0.272      -0.235      -0.216      -0.104       0.008       0.028       0.076

 WY3      ON
    WY2             -0.020       0.022       0.042       0.147       0.257       0.277       0.320
    WX2             -0.119      -0.088      -0.073       0.003       0.084       0.098       0.134
    WM2             -0.272      -0.235      -0.216      -0.104       0.008       0.028       0.076

 WX2      ON
    WX1             -0.066      -0.028      -0.011       0.097       0.220       0.243       0.284
    WY1             -0.096      -0.062      -0.048       0.031       0.113       0.129       0.161
    WM1             -0.118      -0.080      -0.062       0.029       0.122       0.140       0.178

 WX3      ON
    WX2             -0.066      -0.028      -0.011       0.097       0.220       0.243       0.284
    WY2             -0.096      -0.062      -0.048       0.031       0.113       0.129       0.161
    WM2             -0.118      -0.080      -0.062       0.029       0.122       0.140       0.178

 WM2      ON
    WM1              0.150       0.186       0.203       0.298       0.395       0.413       0.457
    WX1             -0.106      -0.083      -0.070      -0.012       0.046       0.057       0.077
    WY1             -0.135      -0.115      -0.103      -0.044       0.015       0.025       0.046

 WM3      ON
    WM2              0.150       0.186       0.203       0.298       0.395       0.413       0.457
    WX2             -0.106      -0.083      -0.070      -0.012       0.046       0.057       0.077
    WY2             -0.135      -0.115      -0.103      -0.044       0.015       0.025       0.046

 X1       ON
    GENDER1         -0.368      -0.328      -0.306      -0.201      -0.097      -0.078      -0.044
    AGE1            -0.147      -0.112      -0.096      -0.005       0.086       0.105       0.137
    EDUCATION_      -0.113      -0.091      -0.080      -0.023       0.033       0.043       0.063
    EDUCATION_      -0.067      -0.043      -0.032       0.023       0.077       0.087       0.110
    UNEMPLOYED      -0.215      -0.165      -0.140      -0.012       0.117       0.142       0.192
    UNEMPLOYED      -0.240      -0.162      -0.119       0.071       0.270       0.308       0.381
    FIN1             0.043       0.059       0.069       0.119       0.169       0.179       0.196

 X2       ON
    GENDER1         -0.290      -0.248      -0.228      -0.121      -0.014       0.005       0.047
    AGE1            -0.151      -0.121      -0.102      -0.013       0.077       0.094       0.127
    EDUCATION_      -0.121      -0.101      -0.091      -0.034       0.023       0.034       0.055
    EDUCATION_      -0.068      -0.045      -0.035       0.022       0.078       0.089       0.115
    UNEMPLOYED      -0.214      -0.161      -0.136      -0.007       0.123       0.147       0.193
    UNEMPLOYED      -0.155      -0.077      -0.035       0.179       0.387       0.426       0.502
    FIN2             0.071       0.089       0.099       0.150       0.200       0.210       0.229

 X3       ON
    GENDER1         -0.319      -0.279      -0.258      -0.152      -0.046      -0.025       0.017
    AGE1            -0.142      -0.111      -0.093      -0.002       0.088       0.106       0.139
    EDUCATION_      -0.118      -0.097      -0.086      -0.029       0.027       0.037       0.059
    EDUCATION_      -0.072      -0.051      -0.040       0.014       0.069       0.080       0.105
    UNEMPLOYED      -0.168      -0.117      -0.092       0.046       0.182       0.206       0.263
    UNEMPLOYED      -0.182      -0.097      -0.054       0.150       0.358       0.400       0.475
    FIN3             0.035       0.054       0.063       0.114       0.164       0.174       0.191

 Y1       ON
    GENDER1          0.296       0.331       0.347       0.433       0.520       0.536       0.566
    AGE1            -0.129      -0.098      -0.084      -0.008       0.070       0.085       0.116
    EDUCATION_      -0.072      -0.052      -0.042       0.010       0.063       0.073       0.094
    EDUCATION_      -0.097      -0.076      -0.067      -0.015       0.036       0.046       0.064
    UNEMPLOYED      -0.175      -0.137      -0.114       0.007       0.130       0.156       0.203
    UNEMPLOYED      -0.376      -0.313      -0.282      -0.122       0.040       0.073       0.136
    FIN1            -0.201      -0.184      -0.176      -0.131      -0.086      -0.078      -0.062

 Y2       ON
    GENDER1          0.296       0.331       0.350       0.441       0.532       0.550       0.586
    AGE1            -0.127      -0.100      -0.085      -0.010       0.068       0.082       0.112
    EDUCATION_      -0.074      -0.053      -0.043       0.010       0.061       0.072       0.091
    EDUCATION_      -0.099      -0.080      -0.070      -0.016       0.036       0.047       0.069
    UNEMPLOYED      -0.053      -0.008       0.017       0.149       0.278       0.306       0.358
    UNEMPLOYED      -0.403      -0.337      -0.303      -0.122       0.064       0.102       0.171
    FIN2            -0.204      -0.187      -0.177      -0.127      -0.079      -0.070      -0.053

 Y3       ON
    GENDER1          0.261       0.292       0.311       0.401       0.491       0.507       0.542
    AGE1            -0.121      -0.092      -0.078      -0.003       0.074       0.091       0.120
    EDUCATION_      -0.059      -0.041      -0.031       0.021       0.073       0.084       0.104
    EDUCATION_      -0.099      -0.081      -0.072      -0.022       0.027       0.038       0.057
    UNEMPLOYED      -0.139      -0.095      -0.069       0.059       0.189       0.215       0.264
    UNEMPLOYED      -0.446      -0.383      -0.349      -0.182      -0.013       0.020       0.090
    FIN3            -0.222      -0.207      -0.197      -0.152      -0.108      -0.100      -0.082

 M1       ON
    GENDER1         -0.270      -0.239      -0.225      -0.155      -0.086      -0.073      -0.049
    AGE1            -0.029      -0.006       0.007       0.071       0.136       0.148       0.173
    EDUCATION_      -0.088      -0.074      -0.065      -0.024       0.018       0.026       0.041
    EDUCATION_      -0.042      -0.025      -0.017       0.023       0.062       0.070       0.084
    UNEMPLOYED      -0.140      -0.102      -0.081       0.018       0.117       0.135       0.174
    UNEMPLOYED      -0.042       0.012       0.040       0.186       0.330       0.357       0.413
    FIN1             0.057       0.070       0.077       0.111       0.146       0.152       0.166

 M2       ON
    GENDER1         -0.273      -0.245      -0.230      -0.153      -0.079      -0.064      -0.036
    AGE1            -0.030      -0.009       0.004       0.069       0.133       0.146       0.170
    EDUCATION_      -0.074      -0.059      -0.049      -0.007       0.038       0.046       0.062
    EDUCATION_      -0.053      -0.036      -0.028       0.017       0.060       0.068       0.085
    UNEMPLOYED      -0.164      -0.117      -0.096       0.013       0.122       0.145       0.183
    UNEMPLOYED      -0.248      -0.187      -0.154      -0.002       0.154       0.183       0.237
    FIN2             0.057       0.070       0.076       0.112       0.149       0.156       0.170

 M3       ON
    GENDER1         -0.234      -0.200      -0.186      -0.106      -0.028      -0.013       0.014
    AGE1            -0.032      -0.010       0.003       0.068       0.132       0.144       0.169
    EDUCATION_      -0.066      -0.051      -0.042       0.002       0.046       0.055       0.069
    EDUCATION_      -0.060      -0.044      -0.034       0.010       0.054       0.063       0.078
    UNEMPLOYED      -0.208      -0.173      -0.151      -0.042       0.064       0.084       0.130
    UNEMPLOYED      -0.103      -0.036      -0.005       0.143       0.287       0.314       0.372
    FIN3             0.044       0.060       0.068       0.107       0.149       0.157       0.172

 RIX      WITH
    RIY             -0.181      -0.167      -0.160      -0.124      -0.087      -0.081      -0.068
    RIM              0.074       0.087       0.093       0.124       0.154       0.160       0.172

 RIY      WITH
    RIM             -0.180      -0.170      -0.165      -0.137      -0.105      -0.100      -0.087

 WX1      WITH
    WY1             -0.049      -0.039      -0.034      -0.009       0.016       0.021       0.031
    WM1             -0.013      -0.004       0.000       0.021       0.043       0.047       0.057

 WY1      WITH
    WM1             -0.078      -0.067      -0.060      -0.032      -0.007      -0.002       0.006

 WX2      WITH
    WY2             -0.070      -0.062      -0.057      -0.035      -0.011      -0.007       0.003
    WM2              0.009       0.016       0.019       0.037       0.055       0.058       0.064

 WY2      WITH
    WM2             -0.096      -0.089      -0.087      -0.071      -0.054      -0.050      -0.043

 WX3      WITH
    WY3             -0.070      -0.062      -0.057      -0.035      -0.011      -0.007       0.003
    WM3              0.009       0.016       0.019       0.037       0.055       0.058       0.064

 WY3      WITH
    WM3             -0.096      -0.089      -0.087      -0.071      -0.054      -0.050      -0.043

 GENDER1  WITH
    AGE1            -0.020      -0.015      -0.013      -0.001       0.011       0.014       0.018
    EDUCATION_      -0.073      -0.065      -0.060      -0.036      -0.011      -0.006       0.004
    EDUCATION_      -0.059      -0.051      -0.046      -0.022       0.003       0.008       0.018
    UNEMPLOYED      -0.017      -0.014      -0.012      -0.003       0.006       0.008       0.011
    UNEMPLOYED      -0.012      -0.010      -0.008      -0.002       0.005       0.006       0.009
    FIN1            -0.019      -0.011      -0.007       0.015       0.036       0.040       0.048
    FIN2            -0.035      -0.027      -0.022      -0.001       0.020       0.024       0.031
    FIN3            -0.030      -0.021      -0.017       0.006       0.028       0.032       0.040

 AGE1     WITH
    EDUCATION_      -0.075      -0.067      -0.061      -0.037      -0.012      -0.008       0.002
    EDUCATION_      -0.057      -0.049      -0.044      -0.018       0.007       0.012       0.023
    UNEMPLOYED      -0.002       0.001       0.003       0.012       0.021       0.022       0.025
    UNEMPLOYED      -0.009      -0.006      -0.005       0.002       0.008       0.009       0.012
    FIN1            -0.040      -0.031      -0.027      -0.006       0.016       0.020       0.028
    FIN2            -0.044      -0.036      -0.031      -0.010       0.011       0.015       0.022
    FIN3            -0.047      -0.038      -0.034      -0.012       0.010       0.014       0.023

 EDUCATIO WITH
    EDUCATION_       0.373       0.393       0.402       0.452       0.502       0.511       0.530
    UNEMPLOYED      -0.120      -0.111      -0.107      -0.088      -0.068      -0.065      -0.058
    UNEMPLOYED      -0.046      -0.040      -0.038      -0.024      -0.010      -0.007      -0.001
    FIN1             0.048       0.065       0.073       0.118       0.163       0.171       0.189
    FIN2             0.066       0.081       0.089       0.132       0.174       0.182       0.197
    FIN3             0.066       0.083       0.091       0.136       0.181       0.189       0.206

 EDUCATIO WITH
    UNEMPLOYED      -0.086      -0.079      -0.075      -0.057      -0.038      -0.034      -0.027
    UNEMPLOYED      -0.050      -0.045      -0.043      -0.030      -0.018      -0.016      -0.012
    FIN1             0.075       0.091       0.100       0.145       0.190       0.201       0.217
    FIN2             0.108       0.122       0.130       0.173       0.216       0.225       0.242
    FIN3             0.113       0.130       0.140       0.184       0.229       0.238       0.253

 UNEMPLOY WITH
    UNEMPLOYED       0.004       0.006       0.007       0.013       0.020       0.022       0.024
    FIN1            -0.062      -0.055      -0.052      -0.033      -0.016      -0.012      -0.006
    FIN2            -0.055      -0.048      -0.045      -0.029      -0.013      -0.009      -0.004
    FIN3            -0.068      -0.061      -0.057      -0.040      -0.023      -0.020      -0.014

 UNEMPLOY WITH
    FIN1            -0.048      -0.043      -0.041      -0.027      -0.013      -0.010      -0.005
    FIN2            -0.037      -0.033      -0.031      -0.020      -0.009      -0.007      -0.003
    FIN3            -0.040      -0.035      -0.033      -0.020      -0.008      -0.006      -0.001

 FIN1     WITH
    FIN2             0.440       0.455       0.463       0.504       0.545       0.553       0.567
    FIN3             0.419       0.434       0.442       0.484       0.525       0.532       0.551

 FIN2     WITH
    FIN3             0.441       0.456       0.464       0.504       0.544       0.552       0.566

 Means
    GENDER1          0.608       0.617       0.622       0.647       0.671       0.676       0.686
    AGE1            15.598      15.608      15.612      15.638      15.663      15.669      15.679
    EDUCATION_       3.827       3.846       3.856       3.907       3.959       3.969       3.988
    EDUCATION_       3.671       3.691       3.701       3.754       3.806       3.817       3.838
    UNEMPLOYED       0.124       0.132       0.135       0.154       0.173       0.176       0.184
    UNEMPLOYED       0.049       0.054       0.056       0.070       0.084       0.087       0.091
    FIN1             3.682       3.701       3.711       3.755       3.800       3.808       3.826
    FIN2             3.707       3.724       3.732       3.776       3.820       3.828       3.843
    FIN3             3.681       3.698       3.706       3.753       3.799       3.808       3.824

 Intercepts
    X1              -2.478      -1.991      -1.700      -0.259       1.190       1.469       1.977
    X2              -2.478      -1.991      -1.700      -0.259       1.190       1.469       1.977
    X3              -2.478      -1.991      -1.700      -0.259       1.190       1.469       1.977
    Y1              -1.583      -1.118      -0.890       0.363       1.568       1.786       2.256
    Y2              -1.583      -1.118      -0.890       0.363       1.568       1.786       2.256
    Y3              -1.583      -1.118      -0.890       0.363       1.568       1.786       2.256
    M1              -3.072      -2.707      -2.496      -1.452      -0.420      -0.218       0.147
    M2              -3.072      -2.707      -2.496      -1.452      -0.420      -0.218       0.147
    M3              -3.072      -2.707      -2.496      -1.452      -0.420      -0.218       0.147

 Variances
    GENDER1          0.216       0.219       0.221       0.229       0.236       0.237       0.239
    AGE1             0.220       0.223       0.225       0.233       0.240       0.241       0.244
    EDUCATION_       0.886       0.900       0.907       0.946       0.987       0.996       1.013
    EDUCATION_       0.914       0.929       0.938       0.984       1.030       1.039       1.059
    UNEMPLOYED       0.109       0.114       0.117       0.130       0.143       0.145       0.150
    UNEMPLOYED       0.047       0.051       0.053       0.065       0.076       0.079       0.083
    FIN1             0.657       0.671       0.680       0.727       0.771       0.779       0.798
    FIN2             0.617       0.632       0.640       0.684       0.727       0.737       0.753
    FIN3             0.670       0.688       0.698       0.750       0.803       0.814       0.834
    RIX              0.439       0.459       0.469       0.527       0.572       0.581       0.601
    RIY              0.242       0.261       0.271       0.323       0.363       0.372       0.389
    RIM              0.183       0.198       0.205       0.243       0.273       0.278       0.289
    WX1              0.234       0.246       0.252       0.291       0.332       0.341       0.359
    WY1              0.211       0.223       0.229       0.266       0.310       0.320       0.339
    WM1              0.108       0.117       0.122       0.149       0.182       0.190       0.207

 Residual Variances
    X1               0.000       0.000       0.000       0.000       0.000       0.000       0.000
    X2               0.000       0.000       0.000       0.000       0.000       0.000       0.000
    X3               0.000       0.000       0.000       0.000       0.000       0.000       0.000
    Y1               0.000       0.000       0.000       0.000       0.000       0.000       0.000
    Y2               0.000       0.000       0.000       0.000       0.000       0.000       0.000
    Y3               0.000       0.000       0.000       0.000       0.000       0.000       0.000
    M1               0.000       0.000       0.000       0.000       0.000       0.000       0.000
    M2               0.000       0.000       0.000       0.000       0.000       0.000       0.000
    M3               0.000       0.000       0.000       0.000       0.000       0.000       0.000
    WX2              0.219       0.232       0.238       0.276       0.311       0.318       0.332
    WX3              0.219       0.232       0.238       0.276       0.311       0.318       0.332
    WY2              0.266       0.278       0.284       0.319       0.347       0.353       0.364
    WY3              0.266       0.278       0.284       0.319       0.347       0.353       0.364
    WM2              0.190       0.197       0.200       0.220       0.237       0.240       0.248
    WM3              0.190       0.197       0.200       0.220       0.237       0.240       0.248

New/Additional Parameters
    IND             -0.011      -0.006      -0.005       0.001       0.010       0.013       0.019


CONFIDENCE INTERVALS OF STANDARDIZED MODEL RESULTS


STDYX Standardization

                  Lower .5%  Lower 2.5%    Lower 5%    Estimate    Upper 5%  Upper 2.5%   Upper .5%

 RIX      BY
    X1               0.742       0.754       0.760       0.793       0.815       0.820       0.827
    X2               0.739       0.754       0.761       0.798       0.823       0.827       0.836
    X3               0.741       0.755       0.763       0.801       0.824       0.829       0.838

 RIY      BY
    Y1               0.620       0.645       0.656       0.709       0.743       0.750       0.761
    Y2               0.596       0.616       0.626       0.674       0.708       0.714       0.728
    Y3               0.594       0.614       0.624       0.674       0.708       0.715       0.729

 RIM      BY
    M1               0.677       0.702       0.715       0.771       0.807       0.813       0.826
    M2               0.622       0.645       0.655       0.702       0.731       0.737       0.748
    M3               0.612       0.637       0.648       0.697       0.728       0.734       0.744

 WX1      BY
    X1               0.537       0.548       0.555       0.590       0.625       0.633       0.648

 WX2      BY
    X2               0.520       0.534       0.541       0.581       0.624       0.632       0.649

 WX3      BY
    X3               0.521       0.536       0.543       0.583       0.627       0.635       0.653

 WY1      BY
    Y1               0.578       0.592       0.600       0.643       0.691       0.700       0.721

 WY2      BY
    Y2               0.620       0.634       0.641       0.679       0.718       0.726       0.741

 WY3      BY
    Y3               0.623       0.637       0.644       0.683       0.723       0.732       0.749

 WM1      BY
    M1               0.519       0.539       0.549       0.604       0.665       0.677       0.702

 WM2      BY
    M2               0.636       0.647       0.653       0.690       0.729       0.738       0.758

 WM3      BY
    M3               0.640       0.653       0.659       0.698       0.739       0.748       0.769

 WY2      ON
    WY1             -0.019       0.020       0.038       0.133       0.233       0.252       0.291
    WX1             -0.109      -0.082      -0.068       0.003       0.080       0.093       0.132
    WM1             -0.189      -0.161      -0.147      -0.070       0.005       0.019       0.050

 WY3      ON
    WY2             -0.020       0.022       0.042       0.146       0.254       0.274       0.314
    WX2             -0.109      -0.082      -0.068       0.003       0.076       0.089       0.126
    WM2             -0.234      -0.200      -0.184      -0.087       0.006       0.024       0.061

 WX2      ON
    WX1             -0.071      -0.031      -0.012       0.099       0.215       0.236       0.273
    WY1             -0.092      -0.061      -0.047       0.030       0.110       0.125       0.158
    WM1             -0.085      -0.058      -0.045       0.021       0.090       0.104       0.135

 WX3      ON
    WX2             -0.066      -0.028      -0.011       0.097       0.220       0.243       0.282
    WY2             -0.104      -0.067      -0.052       0.034       0.123       0.139       0.171
    WM2             -0.108      -0.072      -0.057       0.027       0.112       0.128       0.166

 WM2      ON
    WM1              0.114       0.143       0.157       0.237       0.325       0.343       0.386
    WX1             -0.122      -0.094      -0.080      -0.014       0.051       0.063       0.086
    WY1             -0.147      -0.123      -0.111      -0.047       0.016       0.026       0.047

 WM3      ON
    WM2              0.149       0.184       0.201       0.292       0.384       0.401       0.441
    WX2             -0.114      -0.088      -0.075      -0.013       0.050       0.062       0.085
    WY2             -0.154      -0.131      -0.119      -0.051       0.017       0.029       0.053

 X1       ON
    GENDER1         -0.191      -0.172      -0.160      -0.105      -0.051      -0.040      -0.023
    AGE1            -0.077      -0.059      -0.051      -0.002       0.045       0.055       0.073
    EDUCATION_      -0.120      -0.097      -0.085      -0.025       0.035       0.046       0.067
    EDUCATION_      -0.073      -0.047      -0.035       0.025       0.083       0.094       0.119
    UNEMPLOYED      -0.085      -0.065      -0.055      -0.005       0.046       0.055       0.074
    UNEMPLOYED      -0.066      -0.044      -0.033       0.020       0.075       0.085       0.104
    FIN1             0.040       0.055       0.064       0.111       0.157       0.166       0.183

 X2       ON
    GENDER1         -0.152      -0.130      -0.119      -0.064      -0.007       0.002       0.024
    AGE1            -0.080      -0.064      -0.054      -0.007       0.041       0.050       0.068
    EDUCATION_      -0.129      -0.108      -0.098      -0.037       0.024       0.036       0.058
    EDUCATION_      -0.074      -0.050      -0.038       0.024       0.085       0.097       0.123
    UNEMPLOYED      -0.084      -0.063      -0.054      -0.003       0.049       0.058       0.077
    UNEMPLOYED      -0.042      -0.021      -0.009       0.050       0.108       0.119       0.139
    FIN2             0.064       0.081       0.090       0.136       0.182       0.191       0.209

 X3       ON
    GENDER1         -0.168      -0.147      -0.136      -0.080      -0.024      -0.013       0.009
    AGE1            -0.077      -0.059      -0.049      -0.001       0.047       0.056       0.074
    EDUCATION_      -0.126      -0.104      -0.092      -0.031       0.029       0.040       0.063
    EDUCATION_      -0.079      -0.056      -0.044       0.016       0.076       0.087       0.113
    UNEMPLOYED      -0.066      -0.047      -0.036       0.018       0.072       0.082       0.103
    UNEMPLOYED      -0.050      -0.027      -0.015       0.042       0.100       0.111       0.131
    FIN3             0.033       0.052       0.061       0.109       0.156       0.165       0.182

 Y1       ON
    GENDER1          0.179       0.198       0.208       0.258       0.309       0.318       0.337
    AGE1            -0.077      -0.058      -0.050      -0.005       0.042       0.052       0.069
    EDUCATION_      -0.087      -0.062      -0.051       0.012       0.077       0.089       0.113
    EDUCATION_      -0.119      -0.094      -0.083      -0.019       0.044       0.057       0.081
    UNEMPLOYED      -0.079      -0.061      -0.051       0.003       0.058       0.070       0.089
    UNEMPLOYED      -0.118      -0.099      -0.089      -0.039       0.013       0.023       0.044
    FIN1            -0.214      -0.196      -0.187      -0.139      -0.092      -0.082      -0.065

 Y2       ON
    GENDER1          0.169       0.188       0.199       0.250       0.301       0.310       0.329
    AGE1            -0.073      -0.057      -0.049      -0.006       0.039       0.047       0.064
    EDUCATION_      -0.085      -0.061      -0.050       0.011       0.071       0.083       0.105
    EDUCATION_      -0.117      -0.094      -0.082      -0.019       0.043       0.056       0.080
    UNEMPLOYED      -0.023      -0.003       0.007       0.064       0.119       0.130       0.150
    UNEMPLOYED      -0.119      -0.101      -0.091      -0.037       0.019       0.031       0.052
    FIN2            -0.201      -0.184      -0.174      -0.125      -0.078      -0.068      -0.051

 Y3       ON
    GENDER1          0.147       0.166       0.177       0.227       0.279       0.287       0.305
    AGE1            -0.070      -0.053      -0.045      -0.002       0.043       0.052       0.069
    EDUCATION_      -0.068      -0.048      -0.036       0.024       0.084       0.096       0.120
    EDUCATION_      -0.115      -0.095      -0.084      -0.026       0.031       0.045       0.066
    UNEMPLOYED      -0.060      -0.040      -0.029       0.025       0.080       0.091       0.112
    UNEMPLOYED      -0.133      -0.114      -0.105      -0.055      -0.004       0.006       0.026
    FIN3            -0.229      -0.212      -0.204      -0.157      -0.110      -0.102      -0.084

 M1       ON
    GENDER1         -0.200      -0.178      -0.168      -0.116      -0.065      -0.055      -0.036
    AGE1            -0.022      -0.005       0.005       0.054       0.102       0.112       0.130
    EDUCATION_      -0.133      -0.111      -0.099      -0.036       0.028       0.039       0.061
    EDUCATION_      -0.064      -0.038      -0.026       0.035       0.096       0.108       0.130
    UNEMPLOYED      -0.080      -0.058      -0.046       0.010       0.066       0.076       0.099
    UNEMPLOYED      -0.017       0.005       0.015       0.074       0.131       0.141       0.165
    FIN1             0.077       0.093       0.102       0.148       0.194       0.203       0.222

 M2       ON
    GENDER1         -0.184      -0.165      -0.155      -0.104      -0.054      -0.044      -0.024
    AGE1            -0.021      -0.006       0.003       0.047       0.092       0.100       0.117
    EDUCATION_      -0.101      -0.081      -0.069      -0.009       0.052       0.063       0.087
    EDUCATION_      -0.074      -0.050      -0.039       0.023       0.084       0.096       0.121
    UNEMPLOYED      -0.083      -0.060      -0.049       0.006       0.063       0.074       0.093
    UNEMPLOYED      -0.088      -0.067      -0.055      -0.001       0.055       0.067       0.086
    FIN2             0.067       0.082       0.090       0.132       0.175       0.184       0.200

 M3       ON
    GENDER1         -0.157      -0.134      -0.125      -0.071      -0.019      -0.009       0.009
    AGE1            -0.022      -0.007       0.002       0.046       0.090       0.098       0.116
    EDUCATION_      -0.090      -0.070      -0.058       0.003       0.063       0.075       0.095
    EDUCATION_      -0.082      -0.061      -0.047       0.014       0.075       0.087       0.110
    UNEMPLOYED      -0.104      -0.087      -0.077      -0.022       0.033       0.043       0.066
    UNEMPLOYED      -0.036      -0.013      -0.002       0.051       0.103       0.112       0.133
    FIN3             0.054       0.073       0.083       0.132       0.181       0.189       0.208

 RIX      WITH
    RIY             -0.439      -0.403      -0.387      -0.300      -0.219      -0.203      -0.175
    RIM              0.223       0.255       0.271       0.347       0.426       0.442       0.473

 RIY      WITH
    RIM             -0.617      -0.585      -0.570      -0.489      -0.407      -0.391      -0.359

 WX1      WITH
    WY1             -0.175      -0.139      -0.121      -0.033       0.060       0.077       0.109
    WM1             -0.065      -0.019       0.001       0.102       0.200       0.217       0.254

 WY1      WITH
    WM1             -0.343      -0.306      -0.283      -0.162      -0.035      -0.012       0.034

 WX2      WITH
    WY2             -0.233      -0.204      -0.188      -0.117      -0.038      -0.023       0.011
    WM2              0.040       0.066       0.080       0.152       0.220       0.233       0.258

 WY2      WITH
    WM2             -0.356      -0.335      -0.325      -0.268      -0.209      -0.197      -0.172

 WX3      WITH
    WY3             -0.233      -0.204      -0.188      -0.117      -0.038      -0.023       0.011
    WM3              0.040       0.066       0.080       0.152       0.220       0.233       0.258

 WY3      WITH
    WM3             -0.356      -0.335      -0.325      -0.268      -0.209      -0.197      -0.172

 GENDER1  WITH
    AGE1            -0.085      -0.066      -0.056      -0.003       0.049       0.060       0.080
    EDUCATION_      -0.157      -0.139      -0.129      -0.076      -0.023      -0.013       0.009
    EDUCATION_      -0.125      -0.107      -0.097      -0.046       0.006       0.016       0.038
    UNEMPLOYED      -0.100      -0.080      -0.070      -0.016       0.036       0.047       0.066
    UNEMPLOYED      -0.103      -0.079      -0.069      -0.014       0.040       0.050       0.072
    FIN1            -0.047      -0.028      -0.018       0.036       0.087       0.098       0.117
    FIN2            -0.089      -0.068      -0.057      -0.003       0.051       0.061       0.079
    FIN3            -0.071      -0.050      -0.041       0.014       0.068       0.078       0.097

 AGE1     WITH
    EDUCATION_      -0.159      -0.142      -0.131      -0.078      -0.026      -0.016       0.004
    EDUCATION_      -0.119      -0.102      -0.092      -0.038       0.015       0.025       0.047
    UNEMPLOYED      -0.013       0.007       0.017       0.068       0.118       0.127       0.144
    UNEMPLOYED      -0.072      -0.050      -0.039       0.014       0.065       0.075       0.094
    FIN1            -0.096      -0.076      -0.066      -0.013       0.040       0.050       0.069
    FIN2            -0.109      -0.090      -0.078      -0.026       0.027       0.038       0.057
    FIN3            -0.111      -0.092      -0.082      -0.029       0.024       0.035       0.054

 EDUCATIO WITH
    EDUCATION_       0.395       0.413       0.422       0.469       0.515       0.523       0.539
    UNEMPLOYED      -0.326      -0.308      -0.298      -0.250      -0.200      -0.190      -0.172
    UNEMPLOYED      -0.180      -0.158      -0.149      -0.095      -0.039      -0.029      -0.006
    FIN1             0.059       0.079       0.089       0.143       0.195       0.205       0.226
    FIN2             0.082       0.102       0.112       0.164       0.215       0.225       0.242
    FIN3             0.080       0.099       0.109       0.162       0.214       0.224       0.242

 EDUCATIO WITH
    UNEMPLOYED      -0.236      -0.217      -0.207      -0.158      -0.107      -0.098      -0.077
    UNEMPLOYED      -0.187      -0.172      -0.164      -0.121      -0.075      -0.066      -0.050
    FIN1             0.088       0.108       0.119       0.172       0.225       0.237       0.257
    FIN2             0.133       0.151       0.160       0.211       0.262       0.271       0.290
    FIN3             0.134       0.153       0.164       0.214       0.265       0.275       0.293

 UNEMPLOY WITH
    UNEMPLOYED       0.040       0.065       0.077       0.146       0.214       0.229       0.257
    FIN1            -0.197      -0.177      -0.166      -0.108      -0.051      -0.039      -0.020
    FIN2            -0.183      -0.161      -0.152      -0.097      -0.043      -0.031      -0.014
    FIN3            -0.213      -0.192      -0.182      -0.129      -0.076      -0.065      -0.045

 UNEMPLOY WITH
    FIN1            -0.214      -0.192      -0.181      -0.123      -0.062      -0.050      -0.026
    FIN2            -0.169      -0.152      -0.142      -0.093      -0.044      -0.034      -0.016
    FIN3            -0.174      -0.155      -0.145      -0.091      -0.037      -0.027      -0.006

 FIN1     WITH
    FIN2             0.663       0.677       0.684       0.715       0.745       0.750       0.761
    FIN3             0.593       0.607       0.615       0.655       0.693       0.699       0.713

 FIN2     WITH
    FIN3             0.644       0.659       0.668       0.703       0.737       0.742       0.754

 Means
    GENDER1          1.244       1.269       1.280       1.352       1.428       1.444       1.477
    AGE1            31.618      31.785      31.878      32.399      33.018      33.146      33.447
    EDUCATION_       3.852       3.892       3.913       4.017       4.125       4.147       4.185
    EDUCATION_       3.631       3.671       3.689       3.785       3.886       3.904       3.945
    UNEMPLOYED       0.377       0.389       0.395       0.427       0.457       0.463       0.474
    UNEMPLOYED       0.227       0.238       0.244       0.274       0.302       0.308       0.317
    FIN1             4.183       4.239       4.265       4.405       4.564       4.597       4.654
    FIN2             4.332       4.383       4.414       4.566       4.731       4.766       4.822
    FIN3             4.083       4.142       4.173       4.334       4.508       4.547       4.621

 Intercepts
    X1              -2.716      -2.170      -1.856      -0.283       1.308       1.613       2.172
    X2              -2.725      -2.185      -1.863      -0.285       1.309       1.614       2.169
    X3              -2.722      -2.196      -1.871      -0.286       1.313       1.616       2.175
    Y1              -2.015      -1.397      -1.108       0.452       1.949       2.218       2.794
    Y2              -1.898      -1.326      -1.051       0.431       1.866       2.121       2.677
    Y3              -1.902      -1.327      -1.051       0.431       1.865       2.119       2.681
    M1              -4.783      -4.193      -3.878      -2.268      -0.661      -0.339       0.227
    M2              -4.385      -3.830      -3.549      -2.066      -0.599      -0.308       0.210
    M3              -4.359      -3.806      -3.529      -2.052      -0.594      -0.306       0.210

 Variances
    GENDER1          1.000       1.000       1.000       1.000       1.000       1.000       1.000
    AGE1             1.000       1.000       1.000       1.000       1.000       1.000       1.000
    EDUCATION_       1.000       1.000       1.000       1.000       1.000       1.000       1.000
    EDUCATION_       1.000       1.000       1.000       1.000       1.000       1.000       1.000
    UNEMPLOYED       1.000       1.000       1.000       1.000       1.000       1.000       1.000
    UNEMPLOYED       1.000       1.000       1.000       1.000       1.000       1.000       1.000
    FIN1             1.000       1.000       1.000       1.000       1.000       1.000       1.000
    FIN2             1.000       1.000       1.000       1.000       1.000       1.000       1.000
    FIN3             1.000       1.000       1.000       1.000       1.000       1.000       1.000
    RIX              1.000       1.000       1.000       1.000       1.000       1.000       1.000
    RIY              1.000       1.000       1.000       1.000       1.000       1.000       1.000
    RIM              1.000       1.000       1.000       1.000       1.000       1.000       1.000
    WX1              1.000       1.000       1.000       1.000       1.000       1.000       1.000
    WY1              1.000       1.000       1.000       1.000       1.000       1.000       1.000
    WM1              1.000       1.000       1.000       1.000       1.000       1.000       1.000

 Residual Variances
    X1               0.000       0.000       0.000       0.000       0.000       0.000       0.000
    X2               0.000       0.000       0.000       0.000       0.000       0.000       0.000
    X3               0.000       0.000       0.000       0.000       0.000       0.000       0.000
    Y1               0.000       0.000       0.000       0.000       0.000       0.000       0.000
    Y2               0.000       0.000       0.000       0.000       0.000       0.000       0.000
    Y3               0.000       0.000       0.000       0.000       0.000       0.000       0.000
    M1               0.000       0.000       0.000       0.000       0.000       0.000       0.000
    M2               0.000       0.000       0.000       0.000       0.000       0.000       0.000
    M3               0.000       0.000       0.000       0.000       0.000       0.000       0.000
    WX2              0.920       0.937       0.947       0.989       0.998       0.999       0.999
    WX3              0.910       0.932       0.942       0.989       0.997       0.998       0.999
    WY2              0.896       0.918       0.929       0.975       0.992       0.994       0.997
    WY3              0.867       0.892       0.905       0.964       0.988       0.992       0.997
    WM2              0.836       0.868       0.881       0.938       0.969       0.974       0.982
    WM3              0.785       0.818       0.834       0.905       0.950       0.957       0.970


     Beginning Time:  19:25:44
        Ending Time:  19:35:11
       Elapsed Time:  00:09:27



MUTHEN & MUTHEN
3463 Stoner Ave.
Los Angeles, CA  90066

Tel: (310) 391-9971
Fax: (310) 391-8971
Web: www.StatModel.com
Support: Support@StatModel.com

Copyright (c) 1998-2023 Muthen & Muthen
