Mplus VERSION 8.9
MUTHEN & MUTHEN
01/22/2025   7:35 PM

INPUT INSTRUCTIONS

  DATA:
    FILE IS "mplus.dat";
  VARIABLE:
    MISSING ARE ALL (-99);
    NAMES ARE id Gender1 Age1 Education_mother1 Education_father1
    unemployed_mother1 unemployed_father1 Fin1 Fin2 Fin3 Personal1
    Personal2 Personal3 Public1 Public2 Public3 Collective1
    Collective2 Collective3 Relational1 Relational2
    Relational3 Autonomy1 Autonomy2 Autonomy3 Relatedness1 Relatedness2
    Relatedness3 Competence1 Competence2 Competence3
    PA1 PA2 PA3 NA1 NA2 NA3 SWLS1 SWLS2 SWLS3;

  usevar =
  Gender1 Age1 Education_mother1 Education_father1
  unemployed_mother1 unemployed_father1 Fin1 Fin2 Fin3
  x1-x3 y1-y3 m1-m3 ;

  define:
  x1 = Relational1;
  x2 = Relational2;
  x3 = Relational3;

  m1 = Autonomy1;
  m2 = Autonomy2;
  m3 = Autonomy3;

  y1 = NA1;
  y2 = NA2;
  y3 = NA3;


  analysis:

  MODEL = NOCOV;
  bootstrap = 10000;


  MODEL:
  RIx BY x1@1 x2@1 x3@1;
  RIy BY y1@1 y2@1 y3@1;
  RIm BY m1@1 m2@1 m3@1;



  wx1 BY x1@1;
  wx2 BY x2@1;
  wx3 BY x3@1;



  wy1 BY y1@1;
  wy2 BY y2@1;
  wy3 BY y3@1;



  wm1 By m1@1;
  wm2 By m2@1;
  wm3 By m3@1;


  x1-m3@0;


  wy2 ON wy1 (a );
  wy3 ON wy2 (a );


  wx2 ON wx1 (b );
  wx3 ON wx2 (b );


  wm2 ON wm1  (c);
  wm3 ON wm2  (c);


  wy2 ON  wx1 wm1  (d e);
  wy3 ON  wx2 wm2  (d e);


  wx2 ON wy1 wm1  (f j);
  wx3 ON wy2 wm2  (f j);


  wm2 ON wx1 wy1   (h i);
  wm3 ON wx2 wy2   (h i);


  RIx RIy RIm  with RIx RIy RIm ;

  wx1 wy1 wm1 with wx1 wy1 wm1;
  wx2 wy2 wm2 with wx2 wy2 wm2 (cov1 cov2 cov3);
  wx3 wy3 wm3 with wx3 wy3 wm3 (cov1 cov2 cov3);

  wx2 (vx); wy2 (vy); wm2 (vm);
  wx3 (vx); wy3 (vy); wm3 (vm);

  x1-m3 on Gender1 Age1 Education_mother1 Education_father1
  unemployed_mother1 unemployed_father1 ;

  x1 y1 m1 on Fin1;
  x2 y2 m2 on Fin2;
  x3 y3 m3 on Fin3;

  Gender1 -Fin3 with Gender1 -Fin3;

  [x1-x3] (mx);
  [m1-m3] (mm);
  [y1-y3] (my);

  model constraint:
  new (ind);
  ind = h*e;

  output: cinterval (boot) stdyx;



*** WARNING in VARIABLE command
  Note that only the first 8 characters of variable names are used in the output.
  Shorten variable names to avoid any confusion.
   1 WARNING(S) FOUND IN THE INPUT INSTRUCTIONS




SUMMARY OF ANALYSIS

Number of groups                                                 1
Number of observations                                         971

Number of dependent variables                                    9
Number of independent variables                                  9
Number of continuous latent variables                           12

Observed dependent variables

  Continuous
   X1          X2          X3          Y1          Y2          Y3
   M1          M2          M3

Observed independent variables
   GENDER1     AGE1        EDUCATIO    EDUCATIO    UNEMPLOY    UNEMPLOY
   FIN1        FIN2        FIN3

Continuous latent variables
   RIX         RIY         RIM         WX1         WX2         WX3
   WY1         WY2         WY3         WM1         WM2         WM3


Estimator                                                       ML
Information matrix                                        OBSERVED
Maximum number of iterations                                  1000
Convergence criterion                                    0.500D-04
Maximum number of steepest descent iterations                   20
Maximum number of iterations for H1                           2000
Convergence criterion for H1                             0.100D-03
Number of bootstrap draws
    Requested                                                10000
    Completed                                                10000

Input data file(s)
  mplus.dat

Input data format  FREE


SUMMARY OF DATA

     Number of missing data patterns            19


COVARIANCE COVERAGE OF DATA

Minimum covariance coverage value   0.100


     PROPORTION OF DATA PRESENT


           Covariance Coverage
              X1            X2            X3            Y1            Y2
              ________      ________      ________      ________      ________
 X1             1.000
 X2             1.000         1.000
 X3             1.000         1.000         1.000
 Y1             1.000         1.000         1.000         1.000
 Y2             1.000         1.000         1.000         1.000         1.000
 Y3             1.000         1.000         1.000         1.000         1.000
 M1             1.000         1.000         1.000         1.000         1.000
 M2             1.000         1.000         1.000         1.000         1.000
 M3             1.000         1.000         1.000         1.000         1.000
 GENDER1        0.998         0.998         0.998         0.998         0.998
 AGE1           0.999         0.999         0.999         0.999         0.999
 EDUCATIO       0.994         0.994         0.994         0.994         0.994
 EDUCATIO       0.991         0.991         0.991         0.991         0.991
 UNEMPLOY       0.992         0.992         0.992         0.992         0.992
 UNEMPLOY       0.974         0.974         0.974         0.974         0.974
 FIN1           0.994         0.994         0.994         0.994         0.994
 FIN2           0.991         0.991         0.991         0.991         0.991
 FIN3           0.991         0.991         0.991         0.991         0.991


           Covariance Coverage
              Y3            M1            M2            M3            GENDER1
              ________      ________      ________      ________      ________
 Y3             1.000
 M1             1.000         1.000
 M2             1.000         1.000         1.000
 M3             1.000         1.000         1.000         1.000
 GENDER1        0.998         0.998         0.998         0.998         0.998
 AGE1           0.999         0.999         0.999         0.999         0.997
 EDUCATIO       0.994         0.994         0.994         0.994         0.992
 EDUCATIO       0.991         0.991         0.991         0.991         0.989
 UNEMPLOY       0.992         0.992         0.992         0.992         0.990
 UNEMPLOY       0.974         0.974         0.974         0.974         0.972
 FIN1           0.994         0.994         0.994         0.994         0.992
 FIN2           0.991         0.991         0.991         0.991         0.990
 FIN3           0.991         0.991         0.991         0.991         0.989


           Covariance Coverage
              AGE1          EDUCATIO      EDUCATIO      UNEMPLOY      UNEMPLOY
              ________      ________      ________      ________      ________
 AGE1           0.999
 EDUCATIO       0.993         0.994
 EDUCATIO       0.990         0.987         0.991
 UNEMPLOY       0.991         0.989         0.984         0.992
 UNEMPLOY       0.973         0.969         0.970         0.968         0.974
 FIN1           0.993         0.989         0.986         0.988         0.969
 FIN2           0.990         0.985         0.981         0.982         0.965
 FIN3           0.990         0.985         0.981         0.982         0.965


           Covariance Coverage
              FIN1          FIN2          FIN3
              ________      ________      ________
 FIN1           0.994
 FIN2           0.986         0.991
 FIN3           0.986         0.984         0.991



UNIVARIATE SAMPLE STATISTICS


     UNIVARIATE HIGHER-ORDER MOMENT DESCRIPTIVE STATISTICS

         Variable/         Mean/     Skewness/   Minimum/ % with                Percentiles
        Sample Size      Variance    Kurtosis    Maximum  Min/Max      20%/60%    40%/80%    Median

     X1                   -0.018      -0.228      -3.919    0.21%      -0.786     -0.276     -0.021
             971.000       0.848       0.343       2.130    0.10%       0.218      0.773
     X2                   -0.015      -0.051      -3.511    0.10%      -0.773     -0.265     -0.076
             971.000       0.854      -0.055       2.293    0.10%       0.167      0.769
     X3                   -0.011      -0.059      -4.326    0.10%      -0.766     -0.327     -0.088
             971.000       0.871       0.122       2.343    0.10%       0.213      0.798
     Y1                    0.000       0.647      -1.361    0.82%      -0.714     -0.372     -0.139
             971.000       0.671      -0.161       2.447    0.10%       0.073      0.669
     Y2                    0.000       0.519      -1.447    1.03%      -0.756     -0.389     -0.139
             971.000       0.744      -0.415       2.501    0.10%       0.124      0.732
     Y3                    0.000       0.473      -1.410    1.44%      -0.720     -0.353     -0.151
             971.000       0.706      -0.249       2.551    0.10%       0.184      0.683
     M1                   -0.011      -0.113      -2.043    0.10%      -0.393     -0.135     -0.018
             971.000       0.220       0.142       1.071    1.24%       0.092      0.393
     M2                   -0.010      -0.062      -1.617    0.10%      -0.431     -0.133     -0.005
             971.000       0.273       0.011       1.172    2.37%       0.109      0.420
     M3                   -0.009       0.040      -1.447    0.10%      -0.484     -0.148     -0.035
             971.000       0.292      -0.337       1.198    2.16%       0.100      0.476
     GENDER1               0.646      -0.611       0.000   35.40%       0.000      1.000      1.000
             969.000       0.229      -1.627       1.000   64.60%       1.000      1.000
     AGE1                 15.638      -0.547      15.000   36.29%      15.000     16.000     16.000
             970.000       0.233      -1.625      17.000    0.10%      16.000     16.000
     EDUCATION_MOTHE       3.907      -0.084       1.000    0.31%       3.000      3.000      4.000
             965.000       0.945      -1.378       5.000   39.17%       4.000      5.000
     EDUCATION_FATHE       3.754       0.093       1.000    0.62%       3.000      3.000      3.000
             962.000       0.984      -1.211       5.000   33.78%       4.000      5.000
     UNEMPLOYED_MOTH       0.154       1.921       0.000   84.63%       0.000      0.000      0.000
             963.000       0.130       1.688       1.000   15.37%       0.000      0.000
     UNEMPLOYED_FATH       0.070       3.378       0.000   93.02%       0.000      0.000      0.000
             946.000       0.065       9.408       1.000    6.98%       0.000      0.000
     FIN1                  3.754      -0.071       1.000    0.31%       3.000      3.000      4.000
             965.000       0.726      -0.634       5.000   21.55%       4.000      5.000
     FIN2                  3.777      -0.071       1.000    0.42%       3.000      4.000      4.000
             962.000       0.685      -0.517       5.000   21.21%       4.000      5.000
     FIN3                  3.756      -0.179       1.000    0.94%       3.000      3.000      4.000
             962.000       0.750      -0.296       5.000   21.93%       4.000      5.000


THE MODEL ESTIMATION TERMINATED NORMALLY



MODEL FIT INFORMATION

Number of Free Parameters                      147

Loglikelihood

          H0 Value                      -14921.561
          H1 Value                      -14874.026

Information Criteria

          Akaike (AIC)                   30137.123
          Bayesian (BIC)                 30854.237
          Sample-Size Adjusted BIC       30387.365
            (n* = (n + 2) / 24)

Chi-Square Test of Model Fit

          Value                             95.070
          Degrees of Freedom                    42
          P-Value                           0.0000

RMSEA (Root Mean Square Error Of Approximation)

          Estimate                           0.036
          90 Percent C.I.                    0.026  0.046
          Probability RMSEA <= .05           0.992

CFI/TLI

          CFI                                0.986
          TLI                                0.962

Chi-Square Test of Model Fit for the Baseline Model

          Value                           3975.172
          Degrees of Freedom                   117
          P-Value                           0.0000

SRMR (Standardized Root Mean Square Residual)

          Value                              0.034



MODEL RESULTS

                                                    Two-Tailed
                    Estimate       S.E.  Est./S.E.    P-Value

 RIX      BY
    X1                 1.000      0.000    999.000    999.000
    X2                 1.000      0.000    999.000    999.000
    X3                 1.000      0.000    999.000    999.000

 RIY      BY
    Y1                 1.000      0.000    999.000    999.000
    Y2                 1.000      0.000    999.000    999.000
    Y3                 1.000      0.000    999.000    999.000

 RIM      BY
    M1                 1.000      0.000    999.000    999.000
    M2                 1.000      0.000    999.000    999.000
    M3                 1.000      0.000    999.000    999.000

 WX1      BY
    X1                 1.000      0.000    999.000    999.000

 WX2      BY
    X2                 1.000      0.000    999.000    999.000

 WX3      BY
    X3                 1.000      0.000    999.000    999.000

 WY1      BY
    Y1                 1.000      0.000    999.000    999.000

 WY2      BY
    Y2                 1.000      0.000    999.000    999.000

 WY3      BY
    Y3                 1.000      0.000    999.000    999.000

 WM1      BY
    M1                 1.000      0.000    999.000    999.000

 WM2      BY
    M2                 1.000      0.000    999.000    999.000

 WM3      BY
    M3                 1.000      0.000    999.000    999.000

 WY2      ON
    WY1                0.125      0.062      2.023      0.043
    WX1                0.031      0.042      0.736      0.461
    WM1               -0.156      0.075     -2.097      0.036

 WY3      ON
    WY2                0.125      0.062      2.023      0.043
    WX2                0.031      0.042      0.736      0.461
    WM2               -0.156      0.075     -2.097      0.036

 WX2      ON
    WX1                0.129      0.071      1.823      0.068
    WY1               -0.007      0.056     -0.122      0.903
    WM1                0.198      0.093      2.126      0.034

 WX3      ON
    WX2                0.129      0.071      1.823      0.068
    WY2               -0.007      0.056     -0.122      0.903
    WM2                0.198      0.093      2.126      0.034

 WM2      ON
    WM1                0.215      0.062      3.461      0.001
    WX1                0.009      0.028      0.332      0.740
    WY1               -0.047      0.028     -1.674      0.094

 WM3      ON
    WM2                0.215      0.062      3.461      0.001
    WX2                0.009      0.028      0.332      0.740
    WY2               -0.047      0.028     -1.674      0.094

 X1       ON
    GENDER1            0.510      0.061      8.308      0.000
    AGE1               0.056      0.052      1.073      0.283
    EDUCATION_         0.021      0.034      0.637      0.524
    EDUCATION_         0.060      0.032      1.870      0.062
    UNEMPLOYED        -0.015      0.080     -0.193      0.847
    UNEMPLOYED         0.128      0.103      1.234      0.217
    FIN1               0.059      0.031      1.895      0.058

 X2       ON
    GENDER1            0.358      0.062      5.745      0.000
    AGE1               0.050      0.052      0.960      0.337
    EDUCATION_         0.033      0.036      0.897      0.370
    EDUCATION_         0.051      0.035      1.458      0.145
    UNEMPLOYED         0.054      0.081      0.667      0.505
    UNEMPLOYED         0.102      0.107      0.955      0.340
    FIN2               0.103      0.034      3.049      0.002

 X3       ON
    GENDER1            0.367      0.062      5.946      0.000
    AGE1               0.054      0.052      1.044      0.297
    EDUCATION_         0.055      0.036      1.539      0.124
    EDUCATION_         0.040      0.034      1.152      0.249
    UNEMPLOYED         0.072      0.082      0.882      0.378
    UNEMPLOYED         0.072      0.104      0.694      0.488
    FIN3               0.073      0.035      2.083      0.037

 Y1       ON
    GENDER1            0.432      0.053      8.209      0.000
    AGE1              -0.011      0.047     -0.242      0.809
    EDUCATION_         0.011      0.032      0.331      0.741
    EDUCATION_        -0.015      0.031     -0.483      0.629
    UNEMPLOYED         0.007      0.074      0.090      0.929
    UNEMPLOYED        -0.127      0.098     -1.300      0.194
    FIN1              -0.136      0.027     -5.008      0.000

 Y2       ON
    GENDER1            0.440      0.056      7.869      0.000
    AGE1              -0.013      0.046     -0.286      0.775
    EDUCATION_         0.010      0.032      0.299      0.765
    EDUCATION_        -0.015      0.032     -0.481      0.631
    UNEMPLOYED         0.147      0.080      1.842      0.065
    UNEMPLOYED        -0.124      0.111     -1.118      0.264
    FIN2              -0.133      0.030     -4.482      0.000

 Y3       ON
    GENDER1            0.399      0.055      7.287      0.000
    AGE1              -0.006      0.046     -0.129      0.897
    EDUCATION_         0.021      0.032      0.652      0.514
    EDUCATION_        -0.022      0.030     -0.730      0.465
    UNEMPLOYED         0.057      0.078      0.726      0.468
    UNEMPLOYED        -0.187      0.102     -1.824      0.068
    FIN3              -0.158      0.027     -5.786      0.000

 M1       ON
    GENDER1           -0.023      0.031     -0.737      0.461
    AGE1               0.043      0.028      1.560      0.119
    EDUCATION_        -0.033      0.019     -1.751      0.080
    EDUCATION_         0.006      0.018      0.362      0.717
    UNEMPLOYED         0.013      0.045      0.282      0.778
    UNEMPLOYED         0.116      0.062      1.871      0.061
    FIN1               0.097      0.016      5.943      0.000

 M2       ON
    GENDER1           -0.067      0.033     -2.006      0.045
    AGE1               0.045      0.028      1.633      0.102
    EDUCATION_        -0.025      0.020     -1.250      0.211
    EDUCATION_        -0.001      0.020     -0.067      0.946
    UNEMPLOYED        -0.021      0.050     -0.421      0.674
    UNEMPLOYED        -0.020      0.063     -0.323      0.747
    FIN2               0.100      0.018      5.455      0.000

 M3       ON
    GENDER1           -0.018      0.037     -0.495      0.621
    AGE1               0.039      0.028      1.390      0.165
    EDUCATION_        -0.022      0.021     -1.047      0.295
    EDUCATION_         0.013      0.021      0.617      0.537
    UNEMPLOYED         0.002      0.050      0.037      0.971
    UNEMPLOYED         0.066      0.063      1.056      0.291
    FIN3               0.100      0.020      5.015      0.000

 RIX      WITH
    RIY                0.003      0.021      0.135      0.892
    RIM                0.060      0.015      4.095      0.000

 RIY      WITH
    RIM               -0.097      0.012     -7.965      0.000

 WX1      WITH
    WY1               -0.005      0.019     -0.248      0.804
    WM1                0.049      0.012      4.074      0.000

 WY1      WITH
    WM1               -0.030      0.011     -2.848      0.004

 WX2      WITH
    WY2               -0.016      0.015     -1.076      0.282
    WM2                0.058      0.011      5.479      0.000

 WY2      WITH
    WM2               -0.054      0.008     -6.691      0.000

 WX3      WITH
    WY3               -0.016      0.015     -1.076      0.282
    WM3                0.058      0.011      5.479      0.000

 WY3      WITH
    WM3               -0.054      0.008     -6.691      0.000

 GENDER1  WITH
    AGE1              -0.001      0.007     -0.088      0.930
    EDUCATION_        -0.036      0.015     -2.373      0.018
    EDUCATION_        -0.022      0.015     -1.463      0.143
    UNEMPLOYED        -0.003      0.006     -0.498      0.618
    UNEMPLOYED        -0.002      0.004     -0.417      0.677
    FIN1               0.014      0.013      1.079      0.281
    FIN2              -0.001      0.013     -0.075      0.940
    FIN3               0.006      0.014      0.437      0.662

 AGE1     WITH
    EDUCATION_        -0.037      0.015     -2.446      0.014
    EDUCATION_        -0.018      0.015     -1.172      0.241
    UNEMPLOYED         0.012      0.005      2.223      0.026
    UNEMPLOYED         0.002      0.004      0.422      0.673
    FIN1              -0.005      0.013     -0.413      0.680
    FIN2              -0.010      0.013     -0.805      0.421
    FIN3              -0.012      0.014     -0.912      0.362

 EDUCATIO WITH
    EDUCATION_         0.452      0.030     14.931      0.000
    UNEMPLOYED        -0.088      0.012     -7.483      0.000
    UNEMPLOYED        -0.024      0.009     -2.747      0.006
    FIN1               0.118      0.027      4.368      0.000
    FIN2               0.132      0.026      5.116      0.000
    FIN3               0.136      0.027      4.990      0.000

 EDUCATIO WITH
    UNEMPLOYED        -0.057      0.011     -4.927      0.000
    UNEMPLOYED        -0.031      0.007     -4.102      0.000
    FIN1               0.145      0.028      5.250      0.000
    FIN2               0.173      0.026      6.613      0.000
    FIN3               0.184      0.027      6.810      0.000

 UNEMPLOY WITH
    UNEMPLOYED         0.013      0.004      3.266      0.001
    FIN1              -0.033      0.011     -3.032      0.002
    FIN2              -0.029      0.010     -2.897      0.004
    FIN3              -0.040      0.010     -3.875      0.000

 UNEMPLOY WITH
    FIN1              -0.027      0.008     -3.186      0.001
    FIN2              -0.020      0.007     -2.972      0.003
    FIN3              -0.020      0.008     -2.668      0.008

 FIN1     WITH
    FIN2               0.504      0.025     20.353      0.000
    FIN3               0.484      0.025     19.202      0.000

 FIN2     WITH
    FIN3               0.504      0.024     20.751      0.000

 Means
    GENDER1            0.646      0.015     42.467      0.000
    AGE1              15.638      0.016   1007.229      0.000
    EDUCATION_         3.907      0.031    124.332      0.000
    EDUCATION_         3.754      0.032    116.455      0.000
    UNEMPLOYED         0.154      0.012     13.359      0.000
    UNEMPLOYED         0.070      0.008      8.375      0.000
    FIN1               3.755      0.027    138.370      0.000
    FIN2               3.776      0.027    141.549      0.000
    FIN3               3.753      0.028    133.400      0.000

 Intercepts
    X1                -1.754      0.837     -2.095      0.036
    X2                -1.754      0.837     -2.095      0.036
    X3                -1.754      0.837     -2.095      0.036
    Y1                 0.432      0.743      0.582      0.561
    Y2                 0.432      0.743      0.582      0.561
    Y3                 0.432      0.743      0.582      0.561
    M1                -0.942      0.444     -2.123      0.034
    M2                -0.942      0.444     -2.123      0.034
    M3                -0.942      0.444     -2.123      0.034

 Variances
    GENDER1            0.229      0.004     51.276      0.000
    AGE1               0.233      0.005     50.732      0.000
    EDUCATION_         0.946      0.024     38.668      0.000
    EDUCATION_         0.984      0.028     34.911      0.000
    UNEMPLOYED         0.130      0.008     16.320      0.000
    UNEMPLOYED         0.065      0.007      9.065      0.000
    FIN1               0.727      0.028     26.411      0.000
    FIN2               0.684      0.027     25.734      0.000
    FIN3               0.750      0.032     23.567      0.000
    RIX                0.410      0.037     11.220      0.000
    RIY                0.328      0.028     11.869      0.000
    RIM                0.120      0.010     11.872      0.000
    WX1                0.379      0.038      9.941      0.000
    WY1                0.268      0.024     11.192      0.000
    WM1                0.086      0.009      9.533      0.000

 Residual Variances
    X1                 0.000      0.000    999.000    999.000
    X2                 0.000      0.000    999.000    999.000
    X3                 0.000      0.000    999.000    999.000
    Y1                 0.000      0.000    999.000    999.000
    Y2                 0.000      0.000    999.000    999.000
    Y3                 0.000      0.000    999.000    999.000
    M1                 0.000      0.000    999.000    999.000
    M2                 0.000      0.000    999.000    999.000
    M3                 0.000      0.000    999.000    999.000
    WX2                0.389      0.028     14.117      0.000
    WX3                0.389      0.028     14.117      0.000
    WY2                0.312      0.018     17.286      0.000
    WY3                0.312      0.018     17.286      0.000
    WM2                0.141      0.007     20.042      0.000
    WM3                0.141      0.007     20.042      0.000

New/Additional Parameters
    IND               -0.001      0.005     -0.306      0.759


STANDARDIZED MODEL RESULTS


STDYX Standardization

                                                    Two-Tailed
                    Estimate       S.E.  Est./S.E.    P-Value

 RIX      BY
    X1                 0.692      0.029     23.726      0.000
    X2                 0.693      0.028     24.763      0.000
    X3                 0.692      0.029     24.071      0.000

 RIY      BY
    Y1                 0.710      0.025     27.935      0.000
    Y2                 0.681      0.024     28.322      0.000
    Y3                 0.681      0.024     27.878      0.000

 RIM      BY
    M1                 0.748      0.027     27.760      0.000
    M2                 0.660      0.023     28.480      0.000
    M3                 0.656      0.025     26.625      0.000

 WX1      BY
    X1                 0.665      0.028     23.668      0.000

 WX2      BY
    X2                 0.686      0.028     24.333      0.000

 WX3      BY
    X3                 0.688      0.028     24.165      0.000

 WY1      BY
    Y1                 0.641      0.026     24.448      0.000

 WY2      BY
    Y2                 0.671      0.023     29.676      0.000

 WY3      BY
    Y3                 0.675      0.023     29.191      0.000

 WM1      BY
    M1                 0.634      0.030     20.848      0.000

 WM2      BY
    M2                 0.731      0.021     35.334      0.000

 WM3      BY
    M3                 0.735      0.022     33.805      0.000

 WY2      ON
    WY1                0.114      0.057      2.004      0.045
    WX1                0.033      0.046      0.730      0.465
    WM1               -0.081      0.039     -2.060      0.039

 WY3      ON
    WY2                0.124      0.061      2.032      0.042
    WX2                0.034      0.046      0.739      0.460
    WM2               -0.106      0.050     -2.092      0.036

 WX2      ON
    WX1                0.125      0.069      1.827      0.068
    WY1               -0.006      0.046     -0.122      0.903
    WM1                0.091      0.044      2.075      0.038

 WX3      ON
    WX2                0.128      0.070      1.828      0.068
    WY2               -0.006      0.050     -0.122      0.903
    WM2                0.119      0.055      2.144      0.032

 WM2      ON
    WM1                0.165      0.050      3.325      0.001
    WX1                0.015      0.045      0.331      0.741
    WY1               -0.064      0.038     -1.668      0.095

 WM3      ON
    WM2                0.213      0.060      3.531      0.000
    WX2                0.015      0.046      0.330      0.741
    WY2               -0.069      0.041     -1.679      0.093

 X1       ON
    GENDER1            0.263      0.030      8.801      0.000
    AGE1               0.029      0.027      1.074      0.283
    EDUCATION_         0.022      0.035      0.639      0.523
    EDUCATION_         0.064      0.034      1.873      0.061
    UNEMPLOYED        -0.006      0.031     -0.194      0.846
    UNEMPLOYED         0.035      0.028      1.246      0.213
    FIN1               0.054      0.028      1.909      0.056

 X2       ON
    GENDER1            0.185      0.031      5.890      0.000
    AGE1               0.026      0.027      0.960      0.337
    EDUCATION_         0.034      0.038      0.897      0.370
    EDUCATION_         0.054      0.037      1.464      0.143
    UNEMPLOYED         0.021      0.032      0.669      0.504
    UNEMPLOYED         0.028      0.029      0.962      0.336
    FIN2               0.092      0.030      3.065      0.002

 X3       ON
    GENDER1            0.190      0.031      6.082      0.000
    AGE1               0.028      0.027      1.044      0.296
    EDUCATION_         0.058      0.038      1.540      0.123
    EDUCATION_         0.043      0.037      1.155      0.248
    UNEMPLOYED         0.028      0.032      0.884      0.377
    UNEMPLOYED         0.020      0.028      0.699      0.484
    FIN3               0.068      0.032      2.098      0.036

 Y1       ON
    GENDER1            0.256      0.031      8.373      0.000
    AGE1              -0.007      0.028     -0.242      0.808
    EDUCATION_         0.013      0.038      0.331      0.740
    EDUCATION_        -0.019      0.039     -0.484      0.629
    UNEMPLOYED         0.003      0.033      0.090      0.928
    UNEMPLOYED        -0.040      0.031     -1.307      0.191
    FIN1              -0.144      0.029     -4.977      0.000

 Y2       ON
    GENDER1            0.250      0.031      8.038      0.000
    AGE1              -0.008      0.027     -0.286      0.774
    EDUCATION_         0.011      0.037      0.299      0.765
    EDUCATION_        -0.018      0.038     -0.481      0.631
    UNEMPLOYED         0.063      0.034      1.852      0.064
    UNEMPLOYED        -0.038      0.034     -1.124      0.261
    FIN2              -0.131      0.029     -4.466      0.000

 Y3       ON
    GENDER1            0.227      0.031      7.352      0.000
    AGE1              -0.003      0.027     -0.129      0.897
    EDUCATION_         0.024      0.037      0.653      0.513
    EDUCATION_        -0.026      0.035     -0.732      0.464
    UNEMPLOYED         0.024      0.033      0.728      0.466
    UNEMPLOYED        -0.057      0.031     -1.838      0.066
    FIN3              -0.162      0.028     -5.714      0.000

 M1       ON
    GENDER1           -0.023      0.032     -0.738      0.460
    AGE1               0.045      0.029      1.560      0.119
    EDUCATION_        -0.070      0.040     -1.762      0.078
    EDUCATION_         0.014      0.038      0.362      0.717
    UNEMPLOYED         0.010      0.035      0.283      0.777
    UNEMPLOYED         0.064      0.034      1.881      0.060
    FIN1               0.179      0.030      6.015      0.000

 M2       ON
    GENDER1           -0.061      0.030     -2.018      0.044
    AGE1               0.042      0.026      1.632      0.103
    EDUCATION_        -0.047      0.037     -1.255      0.210
    EDUCATION_        -0.003      0.037     -0.067      0.946
    UNEMPLOYED        -0.015      0.035     -0.422      0.673
    UNEMPLOYED        -0.010      0.031     -0.325      0.745
    FIN2               0.158      0.029      5.525      0.000

 M3       ON
    GENDER1           -0.017      0.033     -0.496      0.620
    AGE1               0.035      0.025      1.388      0.165
    EDUCATION_        -0.041      0.039     -1.049      0.294
    EDUCATION_         0.024      0.039      0.617      0.537
    UNEMPLOYED         0.001      0.034      0.037      0.971
    UNEMPLOYED         0.032      0.030      1.061      0.289
    FIN3               0.164      0.032      5.171      0.000

 RIX      WITH
    RIY                0.008      0.060      0.132      0.895
    RIM                0.272      0.059      4.602      0.000

 RIY      WITH
    RIM               -0.489      0.045    -10.817      0.000

 WX1      WITH
    WY1               -0.015      0.059     -0.250      0.802
    WM1                0.274      0.057      4.766      0.000

 WY1      WITH
    WM1               -0.199      0.063     -3.156      0.002

 WX2      WITH
    WY2               -0.046      0.043     -1.070      0.284
    WM2                0.248      0.043      5.800      0.000

 WY2      WITH
    WM2               -0.259      0.036     -7.138      0.000

 WX3      WITH
    WY3               -0.046      0.043     -1.070      0.284
    WM3                0.248      0.043      5.800      0.000

 WY3      WITH
    WM3               -0.259      0.036     -7.138      0.000

 GENDER1  WITH
    AGE1              -0.003      0.032     -0.088      0.930
    EDUCATION_        -0.077      0.032     -2.368      0.018
    EDUCATION_        -0.046      0.032     -1.463      0.143
    UNEMPLOYED        -0.016      0.032     -0.498      0.619
    UNEMPLOYED        -0.014      0.033     -0.416      0.677
    FIN1               0.035      0.032      1.080      0.280
    FIN2              -0.002      0.033     -0.075      0.940
    FIN3               0.014      0.033      0.437      0.662

 AGE1     WITH
    EDUCATION_        -0.078      0.032     -2.443      0.015
    EDUCATION_        -0.038      0.032     -1.170      0.242
    UNEMPLOYED         0.069      0.031      2.237      0.025
    UNEMPLOYED         0.014      0.032      0.422      0.673
    FIN1              -0.013      0.032     -0.413      0.680
    FIN2              -0.026      0.032     -0.805      0.421
    FIN3              -0.030      0.032     -0.914      0.361

 EDUCATIO WITH
    EDUCATION_         0.469      0.028     16.547      0.000
    UNEMPLOYED        -0.250      0.030     -8.360      0.000
    UNEMPLOYED        -0.096      0.034     -2.846      0.004
    FIN1               0.143      0.032      4.451      0.000
    FIN2               0.164      0.032      5.213      0.000
    FIN3               0.162      0.032      5.051      0.000

 EDUCATIO WITH
    UNEMPLOYED        -0.158      0.031     -5.164      0.000
    UNEMPLOYED        -0.121      0.027     -4.481      0.000
    FIN1               0.172      0.032      5.298      0.000
    FIN2               0.211      0.031      6.834      0.000
    FIN3               0.214      0.031      7.017      0.000

 UNEMPLOY WITH
    UNEMPLOYED         0.146      0.042      3.474      0.001
    FIN1              -0.108      0.035     -3.094      0.002
    FIN2              -0.097      0.033     -2.934      0.003
    FIN3              -0.130      0.032     -3.987      0.000

 UNEMPLOY WITH
    FIN1              -0.122      0.036     -3.370      0.001
    FIN2              -0.093      0.030     -3.113      0.002
    FIN3              -0.091      0.033     -2.767      0.006

 FIN1     WITH
    FIN2               0.715      0.019     38.302      0.000
    FIN3               0.655      0.024     27.831      0.000

 FIN2     WITH
    FIN3               0.703      0.021     33.363      0.000

 Means
    GENDER1            1.352      0.045     29.947      0.000
    AGE1              32.399      0.350     92.494      0.000
    EDUCATION_         4.017      0.064     62.514      0.000
    EDUCATION_         3.785      0.060     63.204      0.000
    UNEMPLOYED         0.427      0.019     22.559      0.000
    UNEMPLOYED         0.274      0.018     15.498      0.000
    FIN1               4.405      0.092     48.119      0.000
    FIN2               4.566      0.096     47.381      0.000
    FIN3               4.333      0.102     42.322      0.000

 Intercepts
    X1                -1.895      0.900     -2.107      0.035
    X2                -1.898      0.903     -2.101      0.036
    X3                -1.895      0.902     -2.102      0.036
    Y1                 0.536      0.920      0.582      0.560
    Y2                 0.514      0.884      0.582      0.561
    Y3                 0.514      0.884      0.582      0.561
    M1                -2.038      0.959     -2.125      0.034
    M2                -1.798      0.848     -2.121      0.034
    M3                -1.787      0.842     -2.122      0.034

 Variances
    GENDER1            1.000      0.000    999.000    999.000
    AGE1               1.000      0.000    999.000    999.000
    EDUCATION_         1.000      0.000    999.000    999.000
    EDUCATION_         1.000      0.000    999.000    999.000
    UNEMPLOYED         1.000      0.000    999.000    999.000
    UNEMPLOYED         1.000      0.000    999.000    999.000
    FIN1               1.000      0.000    999.000    999.000
    FIN2               1.000      0.000    999.000    999.000
    FIN3               1.000      0.000    999.000    999.000
    RIX                1.000      0.000    999.000    999.000
    RIY                1.000      0.000    999.000    999.000
    RIM                1.000      0.000    999.000    999.000
    WX1                1.000      0.000    999.000    999.000
    WY1                1.000      0.000    999.000    999.000
    WM1                1.000      0.000    999.000    999.000

 Residual Variances
    X1                 0.000      0.000      0.000      1.000
    X2                 0.000      0.000      0.000      1.000
    X3                 0.000      0.000      0.000      1.000
    Y1                 0.000      0.000      0.000      1.000
    Y2                 0.000      0.000      0.000      1.000
    Y3                 0.000      0.000      0.000      1.000
    M1                 0.000      0.000      0.000      1.000
    M2                 0.000      0.000      0.000      1.000
    M3                 0.000      0.000      0.000      1.000
    WX2                0.969      0.025     39.154      0.000
    WX3                0.961      0.029     32.758      0.000
    WY2                0.977      0.017     56.495      0.000
    WY3                0.967      0.022     43.564      0.000
    WM2                0.963      0.020     48.115      0.000
    WM3                0.940      0.029     32.002      0.000


R-SQUARE

    Observed                                        Two-Tailed
    Variable        Estimate       S.E.  Est./S.E.    P-Value

    X1                 1.000      0.000    999.000    999.000
    X2                 1.000      0.000    999.000    999.000
    X3                 1.000      0.000    999.000    999.000
    Y1                 1.000      0.000    999.000    999.000
    Y2                 1.000      0.000    999.000    999.000
    Y3                 1.000      0.000    999.000    999.000
    M1                 1.000      0.000    999.000    999.000
    M2                 1.000      0.000    999.000    999.000
    M3                 1.000      0.000    999.000    999.000

     Latent                                         Two-Tailed
    Variable        Estimate       S.E.  Est./S.E.    P-Value

    WX2                0.031      0.025      1.236      0.216
    WX3                0.039      0.029      1.340      0.180
    WY2                0.023      0.017      1.321      0.187
    WY3                0.033      0.022      1.465      0.143
    WM2                0.037      0.020      1.855      0.064
    WM3                0.060      0.029      2.051      0.040


CONFIDENCE INTERVALS OF MODEL RESULTS

                  Lower .5%  Lower 2.5%    Lower 5%    Estimate    Upper 5%  Upper 2.5%   Upper .5%

 RIX      BY
    X1               1.000       1.000       1.000       1.000       1.000       1.000       1.000
    X2               1.000       1.000       1.000       1.000       1.000       1.000       1.000
    X3               1.000       1.000       1.000       1.000       1.000       1.000       1.000

 RIY      BY
    Y1               1.000       1.000       1.000       1.000       1.000       1.000       1.000
    Y2               1.000       1.000       1.000       1.000       1.000       1.000       1.000
    Y3               1.000       1.000       1.000       1.000       1.000       1.000       1.000

 RIM      BY
    M1               1.000       1.000       1.000       1.000       1.000       1.000       1.000
    M2               1.000       1.000       1.000       1.000       1.000       1.000       1.000
    M3               1.000       1.000       1.000       1.000       1.000       1.000       1.000

 WX1      BY
    X1               1.000       1.000       1.000       1.000       1.000       1.000       1.000

 WX2      BY
    X2               1.000       1.000       1.000       1.000       1.000       1.000       1.000

 WX3      BY
    X3               1.000       1.000       1.000       1.000       1.000       1.000       1.000

 WY1      BY
    Y1               1.000       1.000       1.000       1.000       1.000       1.000       1.000

 WY2      BY
    Y2               1.000       1.000       1.000       1.000       1.000       1.000       1.000

 WY3      BY
    Y3               1.000       1.000       1.000       1.000       1.000       1.000       1.000

 WM1      BY
    M1               1.000       1.000       1.000       1.000       1.000       1.000       1.000

 WM2      BY
    M2               1.000       1.000       1.000       1.000       1.000       1.000       1.000

 WM3      BY
    M3               1.000       1.000       1.000       1.000       1.000       1.000       1.000

 WY2      ON
    WY1             -0.032       0.007       0.025       0.125       0.228       0.249       0.288
    WX1             -0.075      -0.050      -0.036       0.031       0.101       0.114       0.139
    WM1             -0.348      -0.302      -0.280      -0.156      -0.035      -0.012       0.045

 WY3      ON
    WY2             -0.032       0.007       0.025       0.125       0.228       0.249       0.288
    WX2             -0.075      -0.050      -0.036       0.031       0.101       0.114       0.139
    WM2             -0.348      -0.302      -0.280      -0.156      -0.035      -0.012       0.045

 WX2      ON
    WX1             -0.047      -0.004       0.015       0.129       0.250       0.273       0.320
    WY1             -0.149      -0.114      -0.098      -0.007       0.087       0.105       0.136
    WM1             -0.043       0.017       0.045       0.198       0.350       0.376       0.438

 WX3      ON
    WX2             -0.047      -0.004       0.015       0.129       0.250       0.273       0.320
    WY2             -0.149      -0.114      -0.098      -0.007       0.087       0.105       0.136
    WM2             -0.043       0.017       0.045       0.198       0.350       0.376       0.438

 WM2      ON
    WM1              0.049       0.091       0.111       0.215       0.318       0.338       0.373
    WX1             -0.060      -0.045      -0.036       0.009       0.057       0.067       0.085
    WY1             -0.121      -0.103      -0.094      -0.047      -0.001       0.008       0.025

 WM3      ON
    WM2              0.049       0.091       0.111       0.215       0.318       0.338       0.373
    WX2             -0.060      -0.045      -0.036       0.009       0.057       0.067       0.085
    WY2             -0.121      -0.103      -0.094      -0.047      -0.001       0.008       0.025

 X1       ON
    GENDER1          0.351       0.389       0.408       0.510       0.610       0.628       0.663
    AGE1            -0.075      -0.047      -0.031       0.056       0.142       0.158       0.188
    EDUCATION_      -0.063      -0.042      -0.033       0.021       0.077       0.088       0.109
    EDUCATION_      -0.022      -0.003       0.007       0.060       0.113       0.123       0.144
    UNEMPLOYED      -0.222      -0.171      -0.147      -0.015       0.118       0.148       0.196
    UNEMPLOYED      -0.132      -0.071      -0.040       0.128       0.300       0.337       0.407
    FIN1            -0.022      -0.003       0.008       0.059       0.110       0.120       0.139

 X2       ON
    GENDER1          0.194       0.238       0.257       0.358       0.462       0.481       0.520
    AGE1            -0.081      -0.052      -0.037       0.050       0.136       0.154       0.182
    EDUCATION_      -0.062      -0.038      -0.027       0.033       0.093       0.104       0.125
    EDUCATION_      -0.040      -0.017      -0.006       0.051       0.107       0.118       0.141
    UNEMPLOYED      -0.153      -0.103      -0.077       0.054       0.193       0.217       0.268
    UNEMPLOYED      -0.161      -0.107      -0.072       0.102       0.280       0.315       0.381
    FIN2             0.016       0.037       0.047       0.103       0.158       0.169       0.191

 X3       ON
    GENDER1          0.207       0.247       0.266       0.367       0.469       0.487       0.525
    AGE1            -0.078      -0.049      -0.032       0.054       0.140       0.157       0.188
    EDUCATION_      -0.035      -0.015      -0.004       0.055       0.114       0.126       0.149
    EDUCATION_      -0.052      -0.028      -0.017       0.040       0.096       0.107       0.129
    UNEMPLOYED      -0.141      -0.087      -0.061       0.072       0.211       0.236       0.273
    UNEMPLOYED      -0.201      -0.129      -0.098       0.072       0.246       0.279       0.339
    FIN3            -0.015       0.005       0.016       0.073       0.130       0.142       0.168

 Y1       ON
    GENDER1          0.295       0.329       0.346       0.432       0.519       0.535       0.565
    AGE1            -0.130      -0.100      -0.087      -0.011       0.066       0.082       0.112
    EDUCATION_      -0.071      -0.051      -0.042       0.011       0.063       0.073       0.094
    EDUCATION_      -0.097      -0.076      -0.067      -0.015       0.036       0.046       0.064
    UNEMPLOYED      -0.177      -0.138      -0.114       0.007       0.129       0.155       0.202
    UNEMPLOYED      -0.380      -0.317      -0.286      -0.127       0.034       0.067       0.131
    FIN1            -0.208      -0.189      -0.181      -0.136      -0.091      -0.083      -0.068

 Y2       ON
    GENDER1          0.294       0.329       0.348       0.440       0.530       0.548       0.584
    AGE1            -0.130      -0.103      -0.089      -0.013       0.065       0.080       0.109
    EDUCATION_      -0.074      -0.053      -0.043       0.010       0.061       0.072       0.091
    EDUCATION_      -0.099      -0.079      -0.069      -0.015       0.037       0.048       0.069
    UNEMPLOYED      -0.056      -0.009       0.015       0.147       0.278       0.305       0.357
    UNEMPLOYED      -0.405      -0.339      -0.305      -0.124       0.061       0.099       0.169
    FIN2            -0.210      -0.193      -0.183      -0.133      -0.085      -0.076      -0.059

 Y3       ON
    GENDER1          0.258       0.291       0.309       0.399       0.490       0.507       0.540
    AGE1            -0.123      -0.096      -0.082      -0.006       0.071       0.087       0.117
    EDUCATION_      -0.059      -0.041      -0.031       0.021       0.073       0.084       0.104
    EDUCATION_      -0.099      -0.081      -0.072      -0.022       0.027       0.038       0.057
    UNEMPLOYED      -0.141      -0.096      -0.070       0.057       0.187       0.213       0.263
    UNEMPLOYED      -0.449      -0.387      -0.354      -0.187      -0.018       0.015       0.084
    FIN3            -0.228      -0.212      -0.203      -0.158      -0.113      -0.105      -0.087

 M1       ON
    GENDER1         -0.102      -0.083      -0.073      -0.023       0.028       0.037       0.055
    AGE1            -0.028      -0.010      -0.002       0.043       0.089       0.098       0.116
    EDUCATION_      -0.081      -0.069      -0.063      -0.033      -0.001       0.004       0.015
    EDUCATION_      -0.040      -0.028      -0.023       0.006       0.036       0.041       0.052
    UNEMPLOYED      -0.105      -0.077      -0.062       0.013       0.087       0.099       0.126
    UNEMPLOYED      -0.049      -0.006       0.012       0.116       0.218       0.238       0.277
    FIN1             0.056       0.065       0.070       0.097       0.124       0.129       0.138

 M2       ON
    GENDER1         -0.155      -0.133      -0.122      -0.067      -0.013      -0.001       0.020
    AGE1            -0.025      -0.009      -0.001       0.045       0.090       0.100       0.118
    EDUCATION_      -0.077      -0.064      -0.058      -0.025       0.008       0.015       0.027
    EDUCATION_      -0.053      -0.040      -0.034      -0.001       0.031       0.038       0.049
    UNEMPLOYED      -0.153      -0.119      -0.105      -0.021       0.061       0.076       0.108
    UNEMPLOYED      -0.186      -0.144      -0.124      -0.020       0.083       0.106       0.144
    FIN2             0.053       0.064       0.070       0.100       0.130       0.136       0.149

 M3       ON
    GENDER1         -0.114      -0.090      -0.080      -0.018       0.042       0.054       0.076
    AGE1            -0.033      -0.015      -0.007       0.039       0.084       0.093       0.111
    EDUCATION_      -0.076      -0.064      -0.057      -0.022       0.012       0.019       0.034
    EDUCATION_      -0.040      -0.027      -0.021       0.013       0.047       0.053       0.066
    UNEMPLOYED      -0.129      -0.097      -0.082       0.002       0.084       0.098       0.128
    UNEMPLOYED      -0.102      -0.060      -0.038       0.066       0.168       0.187       0.224
    FIN3             0.050       0.061       0.067       0.100       0.133       0.139       0.151

 RIX      WITH
    RIY             -0.053      -0.039      -0.033       0.003       0.038       0.045       0.057
    RIM              0.019       0.030       0.035       0.060       0.083       0.087       0.095

 RIY      WITH
    RIM             -0.127      -0.120      -0.116      -0.097      -0.076      -0.071      -0.064

 WX1      WITH
    WY1             -0.054      -0.042      -0.036      -0.005       0.027       0.033       0.046
    WM1              0.022       0.027       0.031       0.049       0.070       0.074       0.084

 WY1      WITH
    WM1             -0.060      -0.052      -0.048      -0.030      -0.014      -0.010      -0.004

 WX2      WITH
    WY2             -0.054      -0.045      -0.040      -0.016       0.009       0.014       0.022
    WM2              0.030       0.037       0.041       0.058       0.075       0.079       0.086

 WY2      WITH
    WM2             -0.074      -0.069      -0.067      -0.054      -0.040      -0.037      -0.032

 WX3      WITH
    WY3             -0.054      -0.045      -0.040      -0.016       0.009       0.014       0.022
    WM3              0.030       0.037       0.041       0.058       0.075       0.079       0.086

 WY3      WITH
    WM3             -0.074      -0.069      -0.067      -0.054      -0.040      -0.037      -0.032

 GENDER1  WITH
    AGE1            -0.020      -0.015      -0.013      -0.001       0.011       0.014       0.018
    EDUCATION_      -0.073      -0.065      -0.060      -0.036      -0.011      -0.006       0.004
    EDUCATION_      -0.059      -0.051      -0.046      -0.022       0.003       0.008       0.018
    UNEMPLOYED      -0.017      -0.014      -0.012      -0.003       0.006       0.008       0.011
    UNEMPLOYED      -0.012      -0.010      -0.008      -0.002       0.005       0.006       0.009
    FIN1            -0.019      -0.012      -0.008       0.014       0.035       0.040       0.048
    FIN2            -0.035      -0.027      -0.022      -0.001       0.020       0.024       0.032
    FIN3            -0.030      -0.021      -0.017       0.006       0.028       0.032       0.040

 AGE1     WITH
    EDUCATION_      -0.075      -0.067      -0.061      -0.037      -0.012      -0.008       0.002
    EDUCATION_      -0.057      -0.048      -0.044      -0.018       0.007       0.012       0.022
    UNEMPLOYED      -0.002       0.001       0.003       0.012       0.021       0.022       0.025
    UNEMPLOYED      -0.009      -0.006      -0.005       0.002       0.008       0.009       0.012
    FIN1            -0.039      -0.031      -0.027      -0.005       0.016       0.020       0.028
    FIN2            -0.044      -0.036      -0.031      -0.010       0.010       0.015       0.022
    FIN3            -0.047      -0.038      -0.035      -0.012       0.010       0.014       0.023

 EDUCATIO WITH
    EDUCATION_       0.373       0.393       0.403       0.452       0.501       0.511       0.530
    UNEMPLOYED      -0.119      -0.111      -0.107      -0.088      -0.068      -0.065      -0.058
    UNEMPLOYED      -0.046      -0.040      -0.038      -0.024      -0.010      -0.007      -0.001
    FIN1             0.049       0.065       0.073       0.118       0.163       0.171       0.190
    FIN2             0.066       0.081       0.089       0.132       0.175       0.182       0.197
    FIN3             0.066       0.083       0.091       0.136       0.181       0.189       0.206

 EDUCATIO WITH
    UNEMPLOYED      -0.086      -0.079      -0.075      -0.057      -0.038      -0.034      -0.027
    UNEMPLOYED      -0.050      -0.046      -0.043      -0.031      -0.018      -0.016      -0.012
    FIN1             0.075       0.091       0.100       0.145       0.190       0.201       0.217
    FIN2             0.108       0.122       0.130       0.173       0.216       0.224       0.241
    FIN3             0.113       0.130       0.140       0.184       0.229       0.238       0.253

 UNEMPLOY WITH
    UNEMPLOYED       0.003       0.006       0.007       0.013       0.020       0.022       0.024
    FIN1            -0.062      -0.055      -0.052      -0.033      -0.016      -0.012      -0.006
    FIN2            -0.055      -0.048      -0.046      -0.029      -0.013      -0.009      -0.004
    FIN3            -0.068      -0.061      -0.058      -0.040      -0.023      -0.020      -0.014

 UNEMPLOY WITH
    FIN1            -0.048      -0.043      -0.040      -0.027      -0.013      -0.010      -0.005
    FIN2            -0.037      -0.033      -0.031      -0.020      -0.009      -0.007      -0.003
    FIN3            -0.040      -0.035      -0.033      -0.020      -0.008      -0.006      -0.001

 FIN1     WITH
    FIN2             0.440       0.455       0.463       0.504       0.545       0.553       0.568
    FIN3             0.419       0.434       0.442       0.484       0.525       0.532       0.551

 FIN2     WITH
    FIN3             0.441       0.456       0.463       0.504       0.543       0.552       0.566

 Means
    GENDER1          0.607       0.617       0.621       0.646       0.671       0.676       0.686
    AGE1            15.598      15.608      15.612      15.638      15.663      15.669      15.679
    EDUCATION_       3.827       3.846       3.856       3.907       3.959       3.969       3.988
    EDUCATION_       3.670       3.691       3.701       3.754       3.806       3.817       3.837
    UNEMPLOYED       0.124       0.132       0.135       0.154       0.173       0.176       0.184
    UNEMPLOYED       0.049       0.054       0.056       0.070       0.084       0.087       0.092
    FIN1             3.683       3.701       3.711       3.755       3.800       3.808       3.826
    FIN2             3.707       3.724       3.732       3.776       3.820       3.828       3.843
    FIN3             3.681       3.698       3.706       3.753       3.799       3.808       3.823

 Intercepts
    X1              -3.884      -3.398      -3.143      -1.754      -0.355      -0.099       0.365
    X2              -3.884      -3.398      -3.143      -1.754      -0.355      -0.099       0.365
    X3              -3.884      -3.398      -3.143      -1.754      -0.355      -0.099       0.365
    Y1              -1.527      -1.044      -0.813       0.432       1.643       1.862       2.330
    Y2              -1.527      -1.044      -0.813       0.432       1.643       1.862       2.330
    Y3              -1.527      -1.044      -0.813       0.432       1.643       1.862       2.330
    M1              -2.105      -1.814      -1.652      -0.942      -0.214      -0.082       0.207
    M2              -2.105      -1.814      -1.652      -0.942      -0.214      -0.082       0.207
    M3              -2.105      -1.814      -1.652      -0.942      -0.214      -0.082       0.207

 Variances
    GENDER1          0.216       0.219       0.221       0.229       0.235       0.236       0.238
    AGE1             0.220       0.223       0.225       0.233       0.240       0.241       0.244
    EDUCATION_       0.886       0.900       0.906       0.946       0.986       0.996       1.012
    EDUCATION_       0.914       0.929       0.938       0.984       1.030       1.039       1.058
    UNEMPLOYED       0.109       0.114       0.117       0.130       0.143       0.145       0.150
    UNEMPLOYED       0.047       0.051       0.053       0.065       0.077       0.079       0.083
    FIN1             0.657       0.671       0.680       0.727       0.771       0.779       0.798
    FIN2             0.617       0.632       0.640       0.684       0.727       0.737       0.753
    FIN3             0.670       0.688       0.698       0.750       0.803       0.814       0.834
    RIX              0.299       0.330       0.342       0.410       0.462       0.474       0.497
    RIY              0.250       0.268       0.278       0.328       0.368       0.378       0.394
    RIM              0.091       0.098       0.101       0.120       0.134       0.137       0.144
    WX1              0.295       0.313       0.323       0.379       0.447       0.463       0.496
    WY1              0.214       0.225       0.231       0.268       0.310       0.319       0.338
    WM1              0.064       0.069       0.072       0.086       0.101       0.105       0.112

 Residual Variances
    X1               0.000       0.000       0.000       0.000       0.000       0.000       0.000
    X2               0.000       0.000       0.000       0.000       0.000       0.000       0.000
    X3               0.000       0.000       0.000       0.000       0.000       0.000       0.000
    Y1               0.000       0.000       0.000       0.000       0.000       0.000       0.000
    Y2               0.000       0.000       0.000       0.000       0.000       0.000       0.000
    Y3               0.000       0.000       0.000       0.000       0.000       0.000       0.000
    M1               0.000       0.000       0.000       0.000       0.000       0.000       0.000
    M2               0.000       0.000       0.000       0.000       0.000       0.000       0.000
    M3               0.000       0.000       0.000       0.000       0.000       0.000       0.000
    WX2              0.315       0.331       0.339       0.389       0.431       0.440       0.456
    WX3              0.315       0.331       0.339       0.389       0.431       0.440       0.456
    WY2              0.262       0.273       0.279       0.312       0.338       0.344       0.355
    WY3              0.262       0.273       0.279       0.312       0.338       0.344       0.355
    WM2              0.122       0.126       0.128       0.141       0.151       0.154       0.158
    WM3              0.122       0.126       0.128       0.141       0.151       0.154       0.158

New/Additional Parameters
    IND             -0.016      -0.011      -0.009      -0.001       0.007       0.009       0.014


CONFIDENCE INTERVALS OF STANDARDIZED MODEL RESULTS


STDYX Standardization

                  Lower .5%  Lower 2.5%    Lower 5%    Estimate    Upper 5%  Upper 2.5%   Upper .5%

 RIX      BY
    X1               0.596       0.623       0.635       0.692       0.730       0.737       0.750
    X2               0.602       0.627       0.638       0.693       0.729       0.736       0.750
    X3               0.598       0.624       0.635       0.692       0.729       0.737       0.750

 RIY      BY
    Y1               0.628       0.650       0.660       0.710       0.743       0.750       0.761
    Y2               0.607       0.626       0.634       0.681       0.713       0.720       0.733
    Y3               0.606       0.624       0.633       0.681       0.714       0.720       0.733

 RIM      BY
    M1               0.661       0.684       0.696       0.748       0.784       0.791       0.804
    M2               0.587       0.606       0.615       0.660       0.692       0.697       0.708
    M3               0.578       0.598       0.608       0.656       0.689       0.696       0.706

 WX1      BY
    X1               0.600       0.614       0.622       0.665       0.714       0.724       0.747

 WX2      BY
    X2               0.618       0.633       0.642       0.686       0.734       0.744       0.763

 WX3      BY
    X3               0.620       0.636       0.643       0.688       0.736       0.747       0.767

 WY1      BY
    Y1               0.578       0.592       0.600       0.641       0.686       0.696       0.714

 WY2      BY
    Y2               0.614       0.627       0.634       0.671       0.709       0.717       0.731

 WY3      BY
    Y3               0.615       0.630       0.638       0.675       0.713       0.722       0.737

 WM1      BY
    M1               0.558       0.576       0.584       0.634       0.686       0.696       0.715

 WM2      BY
    M2               0.680       0.690       0.696       0.731       0.765       0.772       0.786

 WM3      BY
    M3               0.681       0.693       0.699       0.735       0.771       0.779       0.793

 WY2      ON
    WY1             -0.029       0.006       0.023       0.114       0.211       0.230       0.266
    WX1             -0.082      -0.054      -0.039       0.033       0.111       0.126       0.155
    WM1             -0.185      -0.161      -0.147      -0.081      -0.018      -0.006       0.023

 WY3      ON
    WY2             -0.032       0.007       0.025       0.124       0.226       0.247       0.285
    WX2             -0.084      -0.056      -0.041       0.034       0.112       0.125       0.153
    WM2             -0.235      -0.205      -0.189      -0.106      -0.024      -0.008       0.029

 WX2      ON
    WX1             -0.047      -0.004       0.015       0.125       0.243       0.264       0.311
    WY1             -0.124      -0.093      -0.080      -0.006       0.071       0.085       0.111
    WM1             -0.020       0.008       0.020       0.091       0.165       0.179       0.209

 WX3      ON
    WX2             -0.047      -0.004       0.015       0.128       0.249       0.270       0.316
    WY2             -0.130      -0.101      -0.086      -0.006       0.077       0.093       0.120
    WM2             -0.026       0.010       0.027       0.119       0.208       0.225       0.260

 WM2      ON
    WM1              0.037       0.068       0.083       0.165       0.248       0.265       0.297
    WX1             -0.098      -0.073      -0.058       0.015       0.092       0.108       0.137
    WY1             -0.165      -0.140      -0.127      -0.064      -0.002       0.010       0.035

 WM3      ON
    WM2              0.049       0.090       0.110       0.213       0.310       0.329       0.362
    WX2             -0.098      -0.073      -0.059       0.015       0.094       0.110       0.143
    WY2             -0.176      -0.150      -0.136      -0.069      -0.002       0.011       0.037

 X1       ON
    GENDER1          0.185       0.204       0.213       0.263       0.311       0.320       0.336
    AGE1            -0.039      -0.025      -0.016       0.029       0.074       0.082       0.098
    EDUCATION_      -0.067      -0.045      -0.035       0.022       0.080       0.092       0.113
    EDUCATION_      -0.024      -0.003       0.008       0.064       0.121       0.132       0.153
    UNEMPLOYED      -0.085      -0.067      -0.057      -0.006       0.046       0.057       0.076
    UNEMPLOYED      -0.036      -0.019      -0.011       0.035       0.081       0.092       0.111
    FIN1            -0.020      -0.002       0.007       0.054       0.101       0.109       0.127

 X2       ON
    GENDER1          0.101       0.124       0.134       0.185       0.237       0.247       0.266
    AGE1            -0.043      -0.027      -0.019       0.026       0.071       0.080       0.095
    EDUCATION_      -0.065      -0.040      -0.029       0.034       0.098       0.110       0.131
    EDUCATION_      -0.043      -0.018      -0.007       0.054       0.114       0.126       0.151
    UNEMPLOYED      -0.060      -0.040      -0.030       0.021       0.075       0.085       0.103
    UNEMPLOYED      -0.044      -0.029      -0.019       0.028       0.077       0.086       0.104
    FIN2             0.013       0.033       0.043       0.092       0.141       0.151       0.171

 X3       ON
    GENDER1          0.108       0.128       0.138       0.190       0.241       0.250       0.267
    AGE1            -0.040      -0.025      -0.017       0.028       0.073       0.082       0.098
    EDUCATION_      -0.037      -0.016      -0.005       0.058       0.120       0.132       0.157
    EDUCATION_      -0.055      -0.030      -0.018       0.043       0.103       0.114       0.137
    UNEMPLOYED      -0.054      -0.034      -0.024       0.028       0.082       0.091       0.107
    UNEMPLOYED      -0.055      -0.036      -0.027       0.020       0.067       0.076       0.093
    FIN3            -0.014       0.005       0.015       0.068       0.121       0.132       0.155

 Y1       ON
    GENDER1          0.177       0.196       0.206       0.256       0.306       0.315       0.334
    AGE1            -0.077      -0.060      -0.052      -0.007       0.040       0.049       0.066
    EDUCATION_      -0.086      -0.062      -0.050       0.013       0.076       0.088       0.112
    EDUCATION_      -0.118      -0.093      -0.083      -0.019       0.044       0.056       0.080
    UNEMPLOYED      -0.079      -0.061      -0.051       0.003       0.057       0.069       0.088
    UNEMPLOYED      -0.119      -0.100      -0.090      -0.040       0.011       0.021       0.042
    FIN1            -0.220      -0.201      -0.192      -0.144      -0.096      -0.087      -0.071

 Y2       ON
    GENDER1          0.168       0.188       0.199       0.250       0.300       0.310       0.329
    AGE1            -0.074      -0.059      -0.051      -0.008       0.037       0.046       0.062
    EDUCATION_      -0.085      -0.061      -0.050       0.011       0.071       0.083       0.105
    EDUCATION_      -0.117      -0.093      -0.082      -0.018       0.044       0.056       0.081
    UNEMPLOYED      -0.024      -0.004       0.007       0.063       0.118       0.130       0.150
    UNEMPLOYED      -0.121      -0.102      -0.092      -0.038       0.018       0.030       0.051
    FIN2            -0.208      -0.189      -0.180      -0.131      -0.083      -0.074      -0.057

 Y3       ON
    GENDER1          0.147       0.165       0.176       0.227       0.278       0.287       0.304
    AGE1            -0.071      -0.055      -0.047      -0.003       0.041       0.050       0.067
    EDUCATION_      -0.068      -0.048      -0.036       0.024       0.084       0.096       0.120
    EDUCATION_      -0.115      -0.095      -0.084      -0.026       0.032       0.045       0.068
    UNEMPLOYED      -0.061      -0.041      -0.030       0.024       0.080       0.091       0.112
    UNEMPLOYED      -0.135      -0.116      -0.106      -0.057      -0.005       0.005       0.025
    FIN3            -0.236      -0.219      -0.210      -0.162      -0.116      -0.107      -0.089

 M1       ON
    GENDER1         -0.106      -0.086      -0.075      -0.023       0.029       0.038       0.058
    AGE1            -0.029      -0.011      -0.002       0.045       0.092       0.102       0.121
    EDUCATION_      -0.171      -0.145      -0.133      -0.070      -0.003       0.009       0.033
    EDUCATION_      -0.085      -0.060      -0.048       0.014       0.076       0.088       0.112
    UNEMPLOYED      -0.082      -0.060      -0.048       0.010       0.068       0.078       0.098
    UNEMPLOYED      -0.026      -0.003       0.007       0.064       0.120       0.130       0.154
    FIN1             0.103       0.120       0.129       0.179       0.227       0.236       0.253

 M2       ON
    GENDER1         -0.141      -0.120      -0.111      -0.061      -0.012      -0.001       0.018
    AGE1            -0.023      -0.008       0.000       0.042       0.083       0.091       0.109
    EDUCATION_      -0.141      -0.118      -0.107      -0.047       0.015       0.028       0.050
    EDUCATION_      -0.101      -0.076      -0.063      -0.003       0.060       0.071       0.094
    UNEMPLOYED      -0.104      -0.082      -0.072      -0.015       0.042       0.052       0.073
    UNEMPLOYED      -0.090      -0.070      -0.060      -0.010       0.040       0.051       0.070
    FIN2             0.084       0.102       0.111       0.158       0.204       0.213       0.232

 M3       ON
    GENDER1         -0.104      -0.082      -0.072      -0.017       0.038       0.049       0.069
    AGE1            -0.030      -0.014      -0.006       0.035       0.077       0.086       0.103
    EDUCATION_      -0.140      -0.117      -0.105      -0.041       0.023       0.035       0.062
    EDUCATION_      -0.075      -0.051      -0.039       0.024       0.089       0.101       0.124
    UNEMPLOYED      -0.087      -0.067      -0.056       0.001       0.057       0.068       0.087
    UNEMPLOYED      -0.047      -0.028      -0.018       0.032       0.081       0.090       0.108
    FIN3             0.084       0.101       0.111       0.164       0.215       0.226       0.244

 RIX      WITH
    RIY             -0.148      -0.108      -0.092       0.008       0.105       0.125       0.164
    RIM              0.098       0.147       0.170       0.272       0.362       0.378       0.410

 RIY      WITH
    RIM             -0.609      -0.577      -0.563      -0.489      -0.416      -0.400      -0.368

 WX1      WITH
    WY1             -0.165      -0.131      -0.112      -0.015       0.085       0.104       0.142
    WM1              0.125       0.159       0.178       0.274       0.368       0.385       0.417

 WY1      WITH
    WM1             -0.355      -0.319      -0.300      -0.199      -0.093      -0.071      -0.031

 WX2      WITH
    WY2             -0.154      -0.129      -0.116      -0.046       0.028       0.040       0.066
    WM2              0.134       0.164       0.179       0.248       0.319       0.333       0.358

 WY2      WITH
    WM2             -0.347      -0.327      -0.317      -0.259      -0.198      -0.186      -0.159

 WX3      WITH
    WY3             -0.154      -0.129      -0.116      -0.046       0.028       0.040       0.066
    WM3              0.134       0.164       0.179       0.248       0.319       0.333       0.358

 WY3      WITH
    WM3             -0.347      -0.327      -0.317      -0.259      -0.198      -0.186      -0.159

 GENDER1  WITH
    AGE1            -0.085      -0.065      -0.056      -0.003       0.050       0.060       0.080
    EDUCATION_      -0.158      -0.139      -0.129      -0.077      -0.023      -0.013       0.008
    EDUCATION_      -0.125      -0.107      -0.097      -0.046       0.006       0.016       0.038
    UNEMPLOYED      -0.100      -0.080      -0.070      -0.016       0.037       0.047       0.066
    UNEMPLOYED      -0.103      -0.079      -0.068      -0.014       0.041       0.050       0.072
    FIN1            -0.047      -0.029      -0.019       0.035       0.086       0.097       0.117
    FIN2            -0.088      -0.067      -0.057      -0.002       0.051       0.061       0.079
    FIN3            -0.072      -0.051      -0.041       0.014       0.068       0.078       0.096

 AGE1     WITH
    EDUCATION_      -0.159      -0.142      -0.131      -0.078      -0.026      -0.016       0.003
    EDUCATION_      -0.118      -0.101      -0.091      -0.038       0.015       0.025       0.048
    UNEMPLOYED      -0.013       0.007       0.017       0.069       0.118       0.127       0.144
    UNEMPLOYED      -0.073      -0.050      -0.040       0.014       0.065       0.075       0.094
    FIN1            -0.096      -0.075      -0.066      -0.013       0.040       0.050       0.069
    FIN2            -0.109      -0.090      -0.079      -0.026       0.026       0.038       0.057
    FIN3            -0.111      -0.092      -0.083      -0.030       0.024       0.035       0.054

 EDUCATIO WITH
    EDUCATION_       0.394       0.413       0.422       0.469       0.515       0.523       0.539
    UNEMPLOYED      -0.326      -0.308      -0.298      -0.250      -0.200      -0.190      -0.172
    UNEMPLOYED      -0.180      -0.159      -0.150      -0.096      -0.040      -0.029      -0.006
    FIN1             0.060       0.079       0.089       0.143       0.195       0.205       0.225
    FIN2             0.083       0.102       0.112       0.164       0.215       0.225       0.243
    FIN3             0.081       0.099       0.109       0.162       0.214       0.224       0.242

 EDUCATIO WITH
    UNEMPLOYED      -0.235      -0.217      -0.207      -0.158      -0.107      -0.097      -0.076
    UNEMPLOYED      -0.188      -0.172      -0.164      -0.121      -0.076      -0.067      -0.050
    FIN1             0.088       0.108       0.118       0.172       0.225       0.237       0.257
    FIN2             0.133       0.151       0.159       0.211       0.261       0.271       0.290
    FIN3             0.134       0.153       0.164       0.214       0.265       0.275       0.292

 UNEMPLOY WITH
    UNEMPLOYED       0.040       0.065       0.078       0.146       0.214       0.229       0.257
    FIN1            -0.197      -0.177      -0.166      -0.108      -0.051      -0.039      -0.020
    FIN2            -0.183      -0.161      -0.152      -0.097      -0.043      -0.031      -0.014
    FIN3            -0.213      -0.193      -0.182      -0.130      -0.076      -0.065      -0.045

 UNEMPLOY WITH
    FIN1            -0.214      -0.192      -0.181      -0.122      -0.062      -0.050      -0.026
    FIN2            -0.169      -0.152      -0.142      -0.093      -0.044      -0.034      -0.016
    FIN3            -0.174      -0.155      -0.145      -0.091      -0.037      -0.027      -0.006

 FIN1     WITH
    FIN2             0.663       0.677       0.684       0.715       0.745       0.751       0.761
    FIN3             0.593       0.607       0.615       0.655       0.693       0.699       0.712

 FIN2     WITH
    FIN3             0.644       0.659       0.667       0.703       0.737       0.742       0.754

 Means
    GENDER1          1.244       1.269       1.280       1.352       1.428       1.444       1.477
    AGE1            31.618      31.784      31.878      32.399      33.018      33.146      33.447
    EDUCATION_       3.851       3.892       3.914       4.017       4.125       4.147       4.185
    EDUCATION_       3.631       3.671       3.689       3.785       3.886       3.904       3.944
    UNEMPLOYED       0.377       0.389       0.395       0.427       0.457       0.463       0.475
    UNEMPLOYED       0.227       0.238       0.244       0.274       0.302       0.308       0.318
    FIN1             4.182       4.239       4.266       4.405       4.564       4.597       4.654
    FIN2             4.333       4.384       4.414       4.566       4.731       4.766       4.822
    FIN3             4.083       4.142       4.172       4.333       4.507       4.546       4.620

 Intercepts
    X1              -4.192      -3.647      -3.366      -1.895      -0.383      -0.107       0.393
    X2              -4.209      -3.663      -3.393      -1.898      -0.386      -0.107       0.394
    X3              -4.194      -3.653      -3.388      -1.895      -0.387      -0.108       0.393
    Y1              -1.896      -1.300      -1.011       0.536       2.032       2.294       2.884
    Y2              -1.814      -1.237      -0.964       0.514       1.957       2.217       2.790
    Y3              -1.819      -1.244      -0.969       0.514       1.961       2.214       2.789
    M1              -4.567      -3.911      -3.586      -2.038      -0.463      -0.180       0.445
    M2              -4.032      -3.451      -3.163      -1.798      -0.407      -0.159       0.391
    M3              -4.023      -3.436      -3.148      -1.787      -0.406      -0.158       0.387

 Variances
    GENDER1          1.000       1.000       1.000       1.000       1.000       1.000       1.000
    AGE1             1.000       1.000       1.000       1.000       1.000       1.000       1.000
    EDUCATION_       1.000       1.000       1.000       1.000       1.000       1.000       1.000
    EDUCATION_       1.000       1.000       1.000       1.000       1.000       1.000       1.000
    UNEMPLOYED       1.000       1.000       1.000       1.000       1.000       1.000       1.000
    UNEMPLOYED       1.000       1.000       1.000       1.000       1.000       1.000       1.000
    FIN1             1.000       1.000       1.000       1.000       1.000       1.000       1.000
    FIN2             1.000       1.000       1.000       1.000       1.000       1.000       1.000
    FIN3             1.000       1.000       1.000       1.000       1.000       1.000       1.000
    RIX              1.000       1.000       1.000       1.000       1.000       1.000       1.000
    RIY              1.000       1.000       1.000       1.000       1.000       1.000       1.000
    RIM              1.000       1.000       1.000       1.000       1.000       1.000       1.000
    WX1              1.000       1.000       1.000       1.000       1.000       1.000       1.000
    WY1              1.000       1.000       1.000       1.000       1.000       1.000       1.000
    WM1              1.000       1.000       1.000       1.000       1.000       1.000       1.000

 Residual Variances
    X1               0.000       0.000       0.000       0.000       0.000       0.000       0.000
    X2               0.000       0.000       0.000       0.000       0.000       0.000       0.000
    X3               0.000       0.000       0.000       0.000       0.000       0.000       0.000
    Y1               0.000       0.000       0.000       0.000       0.000       0.000       0.000
    Y2               0.000       0.000       0.000       0.000       0.000       0.000       0.000
    Y3               0.000       0.000       0.000       0.000       0.000       0.000       0.000
    M1               0.000       0.000       0.000       0.000       0.000       0.000       0.000
    M2               0.000       0.000       0.000       0.000       0.000       0.000       0.000
    M3               0.000       0.000       0.000       0.000       0.000       0.000       0.000
    WX2              0.871       0.901       0.913       0.969       0.991       0.994       0.998
    WX3              0.848       0.881       0.895       0.961       0.988       0.992       0.997
    WY2              0.908       0.928       0.937       0.977       0.992       0.994       0.997
    WY3              0.883       0.907       0.917       0.967       0.989       0.992       0.996
    WM2              0.890       0.910       0.919       0.963       0.984       0.988       0.993
    WM3              0.840       0.866       0.878       0.940       0.975       0.980       0.988


     Beginning Time:  19:35:12
        Ending Time:  19:45:06
       Elapsed Time:  00:09:54



MUTHEN & MUTHEN
3463 Stoner Ave.
Los Angeles, CA  90066

Tel: (310) 391-9971
Fax: (310) 391-8971
Web: www.StatModel.com
Support: Support@StatModel.com

Copyright (c) 1998-2023 Muthen & Muthen
