Mplus VERSION 8.9
MUTHEN & MUTHEN
01/22/2025   7:45 PM

INPUT INSTRUCTIONS

  DATA:
    FILE IS "mplus.dat";
  VARIABLE:
    MISSING ARE ALL (-99);
    NAMES ARE id Gender1 Age1 Education_mother1 Education_father1
    unemployed_mother1 unemployed_father1 Fin1 Fin2 Fin3 Personal1
    Personal2 Personal3 Public1 Public2 Public3 Collective1
    Collective2 Collective3 Relational1 Relational2
    Relational3 Autonomy1 Autonomy2 Autonomy3 Relatedness1 Relatedness2
    Relatedness3 Competence1 Competence2 Competence3
    PA1 PA2 PA3 NA1 NA2 NA3 SWLS1 SWLS2 SWLS3;

  usevar =
  Gender1 Age1 Education_mother1 Education_father1
  unemployed_mother1 unemployed_father1 Fin1 Fin2 Fin3
  x1-x3 y1-y3 m1-m3 ;

  define:
  x1 = Relational1;
  x2 = Relational2;
  x3 = Relational3;

  m1 = Relatedness1;
  m2 = Relatedness2;
  m3 = Relatedness3;

  y1 = NA1;
  y2 = NA2;
  y3 = NA3;



  analysis:

  MODEL = NOCOV;
  bootstrap = 10000;


  MODEL:
  RIx BY x1@1 x2@1 x3@1;
  RIy BY y1@1 y2@1 y3@1;
  RIm BY m1@1 m2@1 m3@1;



  wx1 BY x1@1;
  wx2 BY x2@1;
  wx3 BY x3@1;



  wy1 BY y1@1;
  wy2 BY y2@1;
  wy3 BY y3@1;



  wm1 By m1@1;
  wm2 By m2@1;
  wm3 By m3@1;


  x1-m3@0;


  wy2 ON wy1 (a );
  wy3 ON wy2 (a );


  wx2 ON wx1 (b );
  wx3 ON wx2 (b );


  wm2 ON wm1  (c);
  wm3 ON wm2  (c);


  wy2 ON  wx1 wm1  (d e);
  wy3 ON  wx2 wm2  (d e);


  wx2 ON wy1 wm1  (f j);
  wx3 ON wy2 wm2  (f j);


  wm2 ON wx1 wy1   (h i);
  wm3 ON wx2 wy2   (h i);


  RIx RIy RIm  with RIx RIy RIm ;

  wx1 wy1 wm1 with wx1 wy1 wm1;
  wx2 wy2 wm2 with wx2 wy2 wm2 (cov1 cov2 cov3);
  wx3 wy3 wm3 with wx3 wy3 wm3 (cov1 cov2 cov3);

  wx2 (vx); wy2 (vy); wm2 (vm);
  wx3 (vx); wy3 (vy); wm3 (vm);

  x1-m3 on Gender1 Age1 Education_mother1 Education_father1
  unemployed_mother1 unemployed_father1 ;

  x1 y1 m1 on Fin1;
  x2 y2 m2 on Fin2;
  x3 y3 m3 on Fin3;

  Gender1 -Fin3 with Gender1 -Fin3;

  [x1-x3] (mx);
  [m1-m3] (mm);
  [y1-y3] (my);

  model constraint:
  new (ind);
  ind = h*e;

  output: cinterval (boot) stdyx;



*** WARNING in VARIABLE command
  Note that only the first 8 characters of variable names are used in the output.
  Shorten variable names to avoid any confusion.
   1 WARNING(S) FOUND IN THE INPUT INSTRUCTIONS




SUMMARY OF ANALYSIS

Number of groups                                                 1
Number of observations                                         971

Number of dependent variables                                    9
Number of independent variables                                  9
Number of continuous latent variables                           12

Observed dependent variables

  Continuous
   X1          X2          X3          Y1          Y2          Y3
   M1          M2          M3

Observed independent variables
   GENDER1     AGE1        EDUCATIO    EDUCATIO    UNEMPLOY    UNEMPLOY
   FIN1        FIN2        FIN3

Continuous latent variables
   RIX         RIY         RIM         WX1         WX2         WX3
   WY1         WY2         WY3         WM1         WM2         WM3


Estimator                                                       ML
Information matrix                                        OBSERVED
Maximum number of iterations                                  1000
Convergence criterion                                    0.500D-04
Maximum number of steepest descent iterations                   20
Maximum number of iterations for H1                           2000
Convergence criterion for H1                             0.100D-03
Number of bootstrap draws
    Requested                                                10000
    Completed                                                10000

Input data file(s)
  mplus.dat

Input data format  FREE


SUMMARY OF DATA

     Number of missing data patterns            19


COVARIANCE COVERAGE OF DATA

Minimum covariance coverage value   0.100


     PROPORTION OF DATA PRESENT


           Covariance Coverage
              X1            X2            X3            Y1            Y2
              ________      ________      ________      ________      ________
 X1             1.000
 X2             1.000         1.000
 X3             1.000         1.000         1.000
 Y1             1.000         1.000         1.000         1.000
 Y2             1.000         1.000         1.000         1.000         1.000
 Y3             1.000         1.000         1.000         1.000         1.000
 M1             1.000         1.000         1.000         1.000         1.000
 M2             1.000         1.000         1.000         1.000         1.000
 M3             1.000         1.000         1.000         1.000         1.000
 GENDER1        0.998         0.998         0.998         0.998         0.998
 AGE1           0.999         0.999         0.999         0.999         0.999
 EDUCATIO       0.994         0.994         0.994         0.994         0.994
 EDUCATIO       0.991         0.991         0.991         0.991         0.991
 UNEMPLOY       0.992         0.992         0.992         0.992         0.992
 UNEMPLOY       0.974         0.974         0.974         0.974         0.974
 FIN1           0.994         0.994         0.994         0.994         0.994
 FIN2           0.991         0.991         0.991         0.991         0.991
 FIN3           0.991         0.991         0.991         0.991         0.991


           Covariance Coverage
              Y3            M1            M2            M3            GENDER1
              ________      ________      ________      ________      ________
 Y3             1.000
 M1             1.000         1.000
 M2             1.000         1.000         1.000
 M3             1.000         1.000         1.000         1.000
 GENDER1        0.998         0.998         0.998         0.998         0.998
 AGE1           0.999         0.999         0.999         0.999         0.997
 EDUCATIO       0.994         0.994         0.994         0.994         0.992
 EDUCATIO       0.991         0.991         0.991         0.991         0.989
 UNEMPLOY       0.992         0.992         0.992         0.992         0.990
 UNEMPLOY       0.974         0.974         0.974         0.974         0.972
 FIN1           0.994         0.994         0.994         0.994         0.992
 FIN2           0.991         0.991         0.991         0.991         0.990
 FIN3           0.991         0.991         0.991         0.991         0.989


           Covariance Coverage
              AGE1          EDUCATIO      EDUCATIO      UNEMPLOY      UNEMPLOY
              ________      ________      ________      ________      ________
 AGE1           0.999
 EDUCATIO       0.993         0.994
 EDUCATIO       0.990         0.987         0.991
 UNEMPLOY       0.991         0.989         0.984         0.992
 UNEMPLOY       0.973         0.969         0.970         0.968         0.974
 FIN1           0.993         0.989         0.986         0.988         0.969
 FIN2           0.990         0.985         0.981         0.982         0.965
 FIN3           0.990         0.985         0.981         0.982         0.965


           Covariance Coverage
              FIN1          FIN2          FIN3
              ________      ________      ________
 FIN1           0.994
 FIN2           0.986         0.991
 FIN3           0.986         0.984         0.991



UNIVARIATE SAMPLE STATISTICS


     UNIVARIATE HIGHER-ORDER MOMENT DESCRIPTIVE STATISTICS

         Variable/         Mean/     Skewness/   Minimum/ % with                Percentiles
        Sample Size      Variance    Kurtosis    Maximum  Min/Max      20%/60%    40%/80%    Median

     X1                   -0.018      -0.228      -3.919    0.21%      -0.786     -0.276     -0.021
             971.000       0.848       0.343       2.130    0.10%       0.218      0.773
     X2                   -0.015      -0.051      -3.511    0.10%      -0.773     -0.265     -0.076
             971.000       0.854      -0.055       2.293    0.10%       0.167      0.769
     X3                   -0.011      -0.059      -4.326    0.10%      -0.766     -0.327     -0.088
             971.000       0.871       0.122       2.343    0.10%       0.213      0.798
     Y1                    0.000       0.647      -1.361    0.82%      -0.714     -0.372     -0.139
             971.000       0.671      -0.161       2.447    0.10%       0.073      0.669
     Y2                    0.000       0.519      -1.447    1.03%      -0.756     -0.389     -0.139
             971.000       0.744      -0.415       2.501    0.10%       0.124      0.732
     Y3                    0.000       0.473      -1.410    1.44%      -0.720     -0.353     -0.151
             971.000       0.706      -0.249       2.551    0.10%       0.184      0.683
     M1                   -0.034      -0.538      -1.942    0.10%      -0.486     -0.142      0.034
             971.000       0.243      -0.181       0.793    1.24%       0.182      0.446
     M2                   -0.029      -0.424      -1.864    0.10%      -0.518     -0.166      0.029
             971.000       0.294      -0.219       0.934    2.37%       0.184      0.487
     M3                   -0.033      -0.375      -2.113    0.10%      -0.528     -0.198      0.016
             971.000       0.356      -0.467       1.004    2.16%       0.216      0.541
     GENDER1               0.646      -0.611       0.000   35.40%       0.000      1.000      1.000
             969.000       0.229      -1.627       1.000   64.60%       1.000      1.000
     AGE1                 15.638      -0.547      15.000   36.29%      15.000     16.000     16.000
             970.000       0.233      -1.625      17.000    0.10%      16.000     16.000
     EDUCATION_MOTHE       3.907      -0.084       1.000    0.31%       3.000      3.000      4.000
             965.000       0.945      -1.378       5.000   39.17%       4.000      5.000
     EDUCATION_FATHE       3.754       0.093       1.000    0.62%       3.000      3.000      3.000
             962.000       0.984      -1.211       5.000   33.78%       4.000      5.000
     UNEMPLOYED_MOTH       0.154       1.921       0.000   84.63%       0.000      0.000      0.000
             963.000       0.130       1.688       1.000   15.37%       0.000      0.000
     UNEMPLOYED_FATH       0.070       3.378       0.000   93.02%       0.000      0.000      0.000
             946.000       0.065       9.408       1.000    6.98%       0.000      0.000
     FIN1                  3.754      -0.071       1.000    0.31%       3.000      3.000      4.000
             965.000       0.726      -0.634       5.000   21.55%       4.000      5.000
     FIN2                  3.777      -0.071       1.000    0.42%       3.000      4.000      4.000
             962.000       0.685      -0.517       5.000   21.21%       4.000      5.000
     FIN3                  3.756      -0.179       1.000    0.94%       3.000      3.000      4.000
             962.000       0.750      -0.296       5.000   21.93%       4.000      5.000


THE MODEL ESTIMATION TERMINATED NORMALLY



MODEL FIT INFORMATION

Number of Free Parameters                      147

Loglikelihood

          H0 Value                      -15117.112
          H1 Value                      -15059.737

Information Criteria

          Akaike (AIC)                   30528.224
          Bayesian (BIC)                 31245.338
          Sample-Size Adjusted BIC       30778.466
            (n* = (n + 2) / 24)

Chi-Square Test of Model Fit

          Value                            114.749
          Degrees of Freedom                    42
          P-Value                           0.0000

RMSEA (Root Mean Square Error Of Approximation)

          Estimate                           0.042
          90 Percent C.I.                    0.033  0.052
          Probability RMSEA <= .05           0.912

CFI/TLI

          CFI                                0.981
          TLI                                0.947

Chi-Square Test of Model Fit for the Baseline Model

          Value                           3968.336
          Degrees of Freedom                   117
          P-Value                           0.0000

SRMR (Standardized Root Mean Square Residual)

          Value                              0.037



MODEL RESULTS

                                                    Two-Tailed
                    Estimate       S.E.  Est./S.E.    P-Value

 RIX      BY
    X1                 1.000      0.000    999.000    999.000
    X2                 1.000      0.000    999.000    999.000
    X3                 1.000      0.000    999.000    999.000

 RIY      BY
    Y1                 1.000      0.000    999.000    999.000
    Y2                 1.000      0.000    999.000    999.000
    Y3                 1.000      0.000    999.000    999.000

 RIM      BY
    M1                 1.000      0.000    999.000    999.000
    M2                 1.000      0.000    999.000    999.000
    M3                 1.000      0.000    999.000    999.000

 WX1      BY
    X1                 1.000      0.000    999.000    999.000

 WX2      BY
    X2                 1.000      0.000    999.000    999.000

 WX3      BY
    X3                 1.000      0.000    999.000    999.000

 WY1      BY
    Y1                 1.000      0.000    999.000    999.000

 WY2      BY
    Y2                 1.000      0.000    999.000    999.000

 WY3      BY
    Y3                 1.000      0.000    999.000    999.000

 WM1      BY
    M1                 1.000      0.000    999.000    999.000

 WM2      BY
    M2                 1.000      0.000    999.000    999.000

 WM3      BY
    M3                 1.000      0.000    999.000    999.000

 WY2      ON
    WY1                0.151      0.064      2.346      0.019
    WX1                0.016      0.042      0.389      0.697
    WM1               -0.044      0.057     -0.776      0.438

 WY3      ON
    WY2                0.151      0.064      2.346      0.019
    WX2                0.016      0.042      0.389      0.697
    WM2               -0.044      0.057     -0.776      0.438

 WX2      ON
    WX1                0.114      0.068      1.695      0.090
    WY1               -0.014      0.056     -0.253      0.800
    WM1                0.180      0.076      2.385      0.017

 WX3      ON
    WX2                0.114      0.068      1.695      0.090
    WY2               -0.014      0.056     -0.253      0.800
    WM2                0.180      0.076      2.385      0.017

 WM2      ON
    WM1                0.204      0.059      3.451      0.001
    WX1                0.036      0.031      1.156      0.248
    WY1               -0.044      0.033     -1.323      0.186

 WM3      ON
    WM2                0.204      0.059      3.451      0.001
    WX2                0.036      0.031      1.156      0.248
    WY2               -0.044      0.033     -1.323      0.186

 X1       ON
    GENDER1            0.510      0.061      8.305      0.000
    AGE1               0.053      0.052      1.024      0.306
    EDUCATION_         0.022      0.034      0.642      0.521
    EDUCATION_         0.061      0.032      1.892      0.059
    UNEMPLOYED        -0.016      0.080     -0.201      0.841
    UNEMPLOYED         0.129      0.103      1.248      0.212
    FIN1               0.053      0.031      1.726      0.084

 X2       ON
    GENDER1            0.358      0.062      5.729      0.000
    AGE1               0.048      0.052      0.921      0.357
    EDUCATION_         0.033      0.036      0.900      0.368
    EDUCATION_         0.052      0.035      1.489      0.136
    UNEMPLOYED         0.054      0.081      0.666      0.505
    UNEMPLOYED         0.101      0.107      0.944      0.345
    FIN2               0.096      0.033      2.880      0.004

 X3       ON
    GENDER1            0.366      0.062      5.932      0.000
    AGE1               0.052      0.052      0.995      0.320
    EDUCATION_         0.056      0.036      1.546      0.122
    EDUCATION_         0.041      0.034      1.175      0.240
    UNEMPLOYED         0.072      0.082      0.880      0.379
    UNEMPLOYED         0.072      0.104      0.693      0.488
    FIN3               0.068      0.035      1.947      0.052

 Y1       ON
    GENDER1            0.432      0.053      8.222      0.000
    AGE1              -0.008      0.046     -0.182      0.855
    EDUCATION_         0.010      0.032      0.329      0.742
    EDUCATION_        -0.015      0.031     -0.479      0.632
    UNEMPLOYED         0.007      0.074      0.100      0.920
    UNEMPLOYED        -0.128      0.098     -1.303      0.193
    FIN1              -0.134      0.027     -4.964      0.000

 Y2       ON
    GENDER1            0.440      0.056      7.887      0.000
    AGE1              -0.011      0.046     -0.230      0.818
    EDUCATION_         0.009      0.032      0.297      0.767
    EDUCATION_        -0.016      0.032     -0.486      0.627
    UNEMPLOYED         0.148      0.080      1.844      0.065
    UNEMPLOYED        -0.124      0.111     -1.109      0.268
    FIN2              -0.130      0.030     -4.415      0.000

 Y3       ON
    GENDER1            0.400      0.055      7.307      0.000
    AGE1              -0.003      0.046     -0.061      0.951
    EDUCATION_         0.021      0.032      0.656      0.512
    EDUCATION_        -0.022      0.030     -0.725      0.469
    UNEMPLOYED         0.057      0.078      0.725      0.468
    UNEMPLOYED        -0.187      0.102     -1.827      0.068
    FIN3              -0.157      0.028     -5.719      0.000

 M1       ON
    GENDER1            0.153      0.033      4.600      0.000
    AGE1               0.028      0.028      1.003      0.316
    EDUCATION_        -0.028      0.019     -1.484      0.138
    EDUCATION_         0.017      0.018      0.912      0.362
    UNEMPLOYED        -0.047      0.045     -1.035      0.301
    UNEMPLOYED         0.065      0.062      1.055      0.291
    FIN1               0.098      0.017      5.761      0.000

 M2       ON
    GENDER1            0.075      0.036      2.072      0.038
    AGE1               0.028      0.028      1.005      0.315
    EDUCATION_        -0.004      0.020     -0.216      0.829
    EDUCATION_        -0.013      0.020     -0.668      0.504
    UNEMPLOYED        -0.044      0.051     -0.866      0.386
    UNEMPLOYED         0.008      0.069      0.110      0.913
    FIN2               0.117      0.019      6.156      0.000

 M3       ON
    GENDER1            0.180      0.040      4.449      0.000
    AGE1               0.019      0.028      0.666      0.506
    EDUCATION_         0.003      0.023      0.113      0.910
    EDUCATION_         0.014      0.022      0.645      0.519
    UNEMPLOYED        -0.084      0.054     -1.534      0.125
    UNEMPLOYED         0.127      0.078      1.628      0.104
    FIN3               0.103      0.021      4.857      0.000

 RIX      WITH
    RIY                0.003      0.021      0.158      0.874
    RIM                0.110      0.017      6.687      0.000

 RIY      WITH
    RIM               -0.096      0.012     -7.726      0.000

 WX1      WITH
    WY1               -0.003      0.019     -0.161      0.872
    WM1                0.059      0.015      4.051      0.000

 WY1      WITH
    WM1               -0.020      0.012     -1.758      0.079

 WX2      WITH
    WY2               -0.019      0.015     -1.273      0.203
    WM2                0.085      0.012      7.296      0.000

 WY2      WITH
    WM2               -0.055      0.009     -5.836      0.000

 WX3      WITH
    WY3               -0.019      0.015     -1.273      0.203
    WM3                0.085      0.012      7.296      0.000

 WY3      WITH
    WM3               -0.055      0.009     -5.836      0.000

 GENDER1  WITH
    AGE1              -0.001      0.007     -0.092      0.926
    EDUCATION_        -0.036      0.015     -2.377      0.017
    EDUCATION_        -0.022      0.015     -1.462      0.144
    UNEMPLOYED        -0.003      0.006     -0.495      0.621
    UNEMPLOYED        -0.002      0.004     -0.431      0.666
    FIN1               0.014      0.013      1.078      0.281
    FIN2              -0.001      0.013     -0.078      0.938
    FIN3               0.006      0.014      0.439      0.661

 AGE1     WITH
    EDUCATION_        -0.037      0.015     -2.443      0.015
    EDUCATION_        -0.018      0.015     -1.166      0.244
    UNEMPLOYED         0.012      0.005      2.224      0.026
    UNEMPLOYED         0.002      0.004      0.407      0.684
    FIN1              -0.005      0.013     -0.407      0.684
    FIN2              -0.011      0.013     -0.824      0.410
    FIN3              -0.012      0.014     -0.912      0.362

 EDUCATIO WITH
    EDUCATION_         0.452      0.030     14.913      0.000
    UNEMPLOYED        -0.088      0.012     -7.482      0.000
    UNEMPLOYED        -0.024      0.009     -2.748      0.006
    FIN1               0.118      0.027      4.343      0.000
    FIN2               0.132      0.026      5.107      0.000
    FIN3               0.136      0.027      4.973      0.000

 EDUCATIO WITH
    UNEMPLOYED        -0.056      0.011     -4.921      0.000
    UNEMPLOYED        -0.031      0.007     -4.099      0.000
    FIN1               0.145      0.028      5.240      0.000
    FIN2               0.173      0.026      6.604      0.000
    FIN3               0.184      0.027      6.794      0.000

 UNEMPLOY WITH
    UNEMPLOYED         0.013      0.004      3.270      0.001
    FIN1              -0.033      0.011     -3.029      0.002
    FIN2              -0.029      0.010     -2.898      0.004
    FIN3              -0.041      0.010     -3.880      0.000

 UNEMPLOY WITH
    FIN1              -0.026      0.008     -3.173      0.002
    FIN2              -0.020      0.007     -2.975      0.003
    FIN3              -0.020      0.008     -2.679      0.007

 FIN1     WITH
    FIN2               0.504      0.025     20.363      0.000
    FIN3               0.484      0.025     19.217      0.000

 FIN2     WITH
    FIN3               0.504      0.024     20.763      0.000

 Means
    GENDER1            0.646      0.015     42.488      0.000
    AGE1              15.638      0.016   1007.252      0.000
    EDUCATION_         3.907      0.031    124.312      0.000
    EDUCATION_         3.754      0.032    116.479      0.000
    UNEMPLOYED         0.154      0.012     13.354      0.000
    UNEMPLOYED         0.070      0.008      8.376      0.000
    FIN1               3.755      0.027    138.345      0.000
    FIN2               3.776      0.027    141.616      0.000
    FIN3               3.753      0.028    133.435      0.000

 Intercepts
    X1                -1.700      0.839     -2.026      0.043
    X2                -1.700      0.839     -2.026      0.043
    X3                -1.700      0.839     -2.026      0.043
    Y1                 0.380      0.741      0.513      0.608
    Y2                 0.380      0.741      0.513      0.608
    Y3                 0.380      0.741      0.513      0.608
    M1                -0.887      0.450     -1.972      0.049
    M2                -0.887      0.450     -1.972      0.049
    M3                -0.887      0.450     -1.972      0.049

 Variances
    GENDER1            0.229      0.004     51.252      0.000
    AGE1               0.233      0.005     50.730      0.000
    EDUCATION_         0.946      0.024     38.662      0.000
    EDUCATION_         0.983      0.028     34.931      0.000
    UNEMPLOYED         0.130      0.008     16.319      0.000
    UNEMPLOYED         0.065      0.007      9.064      0.000
    FIN1               0.727      0.028     26.416      0.000
    FIN2               0.684      0.027     25.739      0.000
    FIN3               0.750      0.032     23.575      0.000
    RIX                0.415      0.036     11.502      0.000
    RIY                0.325      0.028     11.744      0.000
    RIM                0.106      0.012      9.169      0.000
    WX1                0.377      0.038      9.931      0.000
    WY1                0.268      0.024     11.068      0.000
    WM1                0.119      0.012     10.174      0.000

 Residual Variances
    X1                 0.000      0.000    999.000    999.000
    X2                 0.000      0.000    999.000    999.000
    X3                 0.000      0.000    999.000    999.000
    Y1                 0.000      0.000    999.000    999.000
    Y2                 0.000      0.000    999.000    999.000
    Y3                 0.000      0.000    999.000    999.000
    M1                 0.000      0.000    999.000    999.000
    M2                 0.000      0.000    999.000    999.000
    M3                 0.000      0.000    999.000    999.000
    WX2                0.386      0.027     14.377      0.000
    WX3                0.386      0.027     14.377      0.000
    WY2                0.316      0.019     16.991      0.000
    WY3                0.316      0.019     16.991      0.000
    WM2                0.187      0.009     21.268      0.000
    WM3                0.187      0.009     21.268      0.000

New/Additional Parameters
    IND               -0.002      0.003     -0.558      0.577


STANDARDIZED MODEL RESULTS


STDYX Standardization

                                                    Two-Tailed
                    Estimate       S.E.  Est./S.E.    P-Value

 RIX      BY
    X1                 0.695      0.029     24.288      0.000
    X2                 0.697      0.027     25.844      0.000
    X3                 0.696      0.028     25.083      0.000

 RIY      BY
    Y1                 0.708      0.026     27.418      0.000
    Y2                 0.677      0.025     27.505      0.000
    Y3                 0.678      0.025     27.157      0.000

 RIM      BY
    M1                 0.667      0.034     19.421      0.000
    M2                 0.584      0.029     20.446      0.000
    M3                 0.574      0.030     19.229      0.000

 WX1      BY
    X1                 0.662      0.028     23.775      0.000

 WX2      BY
    X2                 0.682      0.027     25.005      0.000

 WX3      BY
    X3                 0.685      0.028     24.715      0.000

 WY1      BY
    Y1                 0.644      0.027     24.138      0.000

 WY2      BY
    Y2                 0.676      0.023     28.929      0.000

 WY3      BY
    Y3                 0.678      0.024     28.313      0.000

 WM1      BY
    M1                 0.705      0.031     22.599      0.000

 WM2      BY
    M2                 0.790      0.021     37.270      0.000

 WM3      BY
    M3                 0.784      0.022     36.016      0.000

 WY2      ON
    WY1                0.137      0.059      2.325      0.020
    WX1                0.018      0.046      0.387      0.699
    WM1               -0.027      0.035     -0.778      0.437

 WY3      ON
    WY2                0.150      0.064      2.359      0.018
    WX2                0.018      0.046      0.390      0.697
    WM2               -0.034      0.044     -0.778      0.436

 WX2      ON
    WX1                0.111      0.066      1.694      0.090
    WY1               -0.012      0.046     -0.253      0.800
    WM1                0.098      0.042      2.344      0.019

 WX3      ON
    WX2                0.114      0.067      1.699      0.089
    WY2               -0.013      0.050     -0.254      0.800
    WM2                0.125      0.052      2.427      0.015

 WM2      ON
    WM1                0.159      0.048      3.309      0.001
    WX1                0.050      0.044      1.146      0.252
    WY1               -0.051      0.039     -1.316      0.188

 WM3      ON
    WM2                0.201      0.057      3.510      0.000
    WX2                0.051      0.045      1.135      0.256
    WY2               -0.056      0.042     -1.316      0.188

 X1       ON
    GENDER1            0.263      0.030      8.796      0.000
    AGE1               0.028      0.027      1.025      0.305
    EDUCATION_         0.023      0.035      0.644      0.520
    EDUCATION_         0.065      0.034      1.896      0.058
    UNEMPLOYED        -0.006      0.031     -0.202      0.840
    UNEMPLOYED         0.035      0.028      1.261      0.207
    FIN1               0.049      0.028      1.738      0.082

 X2       ON
    GENDER1            0.185      0.032      5.873      0.000
    AGE1               0.025      0.027      0.921      0.357
    EDUCATION_         0.034      0.038      0.900      0.368
    EDUCATION_         0.055      0.037      1.495      0.135
    UNEMPLOYED         0.021      0.032      0.668      0.504
    UNEMPLOYED         0.028      0.029      0.950      0.342
    FIN2               0.086      0.030      2.891      0.004

 X3       ON
    GENDER1            0.189      0.031      6.064      0.000
    AGE1               0.027      0.027      0.995      0.320
    EDUCATION_         0.058      0.038      1.547      0.122
    EDUCATION_         0.043      0.037      1.177      0.239
    UNEMPLOYED         0.028      0.032      0.882      0.378
    UNEMPLOYED         0.020      0.028      0.699      0.485
    FIN3               0.064      0.032      1.960      0.050

 Y1       ON
    GENDER1            0.257      0.031      8.406      0.000
    AGE1              -0.005      0.028     -0.182      0.855
    EDUCATION_         0.013      0.038      0.329      0.742
    EDUCATION_        -0.019      0.039     -0.479      0.632
    UNEMPLOYED         0.003      0.033      0.100      0.920
    UNEMPLOYED        -0.040      0.031     -1.310      0.190
    FIN1              -0.142      0.029     -4.948      0.000

 Y2       ON
    GENDER1            0.250      0.031      8.055      0.000
    AGE1              -0.006      0.026     -0.230      0.818
    EDUCATION_         0.011      0.037      0.297      0.767
    EDUCATION_        -0.018      0.038     -0.486      0.627
    UNEMPLOYED         0.063      0.034      1.855      0.064
    UNEMPLOYED        -0.037      0.034     -1.116      0.265
    FIN2              -0.128      0.029     -4.400      0.000

 Y3       ON
    GENDER1            0.228      0.031      7.365      0.000
    AGE1              -0.002      0.026     -0.061      0.951
    EDUCATION_         0.024      0.037      0.657      0.511
    EDUCATION_        -0.026      0.035     -0.726      0.468
    UNEMPLOYED         0.024      0.034      0.727      0.467
    UNEMPLOYED        -0.057      0.031     -1.841      0.066
    FIN3              -0.162      0.029     -5.651      0.000

 M1       ON
    GENDER1            0.150      0.032      4.629      0.000
    AGE1               0.028      0.028      1.004      0.315
    EDUCATION_        -0.057      0.038     -1.494      0.135
    EDUCATION_         0.034      0.037      0.915      0.360
    UNEMPLOYED        -0.035      0.033     -1.038      0.299
    UNEMPLOYED         0.034      0.032      1.064      0.288
    FIN1               0.171      0.030      5.757      0.000

 M2       ON
    GENDER1            0.064      0.031      2.069      0.039
    AGE1               0.024      0.024      1.003      0.316
    EDUCATION_        -0.008      0.035     -0.216      0.829
    EDUCATION_        -0.024      0.036     -0.668      0.504
    UNEMPLOYED        -0.029      0.033     -0.869      0.385
    UNEMPLOYED         0.003      0.031      0.110      0.912
    FIN2               0.174      0.028      6.135      0.000

 M3       ON
    GENDER1            0.151      0.034      4.485      0.000
    AGE1               0.016      0.024      0.665      0.506
    EDUCATION_         0.005      0.040      0.113      0.910
    EDUCATION_         0.025      0.039      0.645      0.519
    UNEMPLOYED        -0.053      0.034     -1.544      0.123
    UNEMPLOYED         0.057      0.035      1.636      0.102
    FIN3               0.157      0.032      4.930      0.000

 RIX      WITH
    RIY                0.009      0.060      0.154      0.878
    RIM                0.526      0.054      9.730      0.000

 RIY      WITH
    RIM               -0.519      0.055     -9.519      0.000

 WX1      WITH
    WY1               -0.010      0.059     -0.162      0.871
    WM1                0.280      0.056      5.003      0.000

 WY1      WITH
    WM1               -0.114      0.063     -1.826      0.068

 WX2      WITH
    WY2               -0.055      0.043     -1.268      0.205
    WM2                0.316      0.039      8.191      0.000

 WY2      WITH
    WM2               -0.228      0.037     -6.242      0.000

 WX3      WITH
    WY3               -0.055      0.043     -1.268      0.205
    WM3                0.316      0.039      8.191      0.000

 WY3      WITH
    WM3               -0.228      0.037     -6.242      0.000

 GENDER1  WITH
    AGE1              -0.003      0.032     -0.092      0.926
    EDUCATION_        -0.077      0.032     -2.373      0.018
    EDUCATION_        -0.046      0.032     -1.462      0.144
    UNEMPLOYED        -0.016      0.032     -0.494      0.621
    UNEMPLOYED        -0.014      0.033     -0.431      0.667
    FIN1               0.035      0.032      1.078      0.281
    FIN2              -0.003      0.033     -0.077      0.938
    FIN3               0.014      0.033      0.439      0.661

 AGE1     WITH
    EDUCATION_        -0.078      0.032     -2.440      0.015
    EDUCATION_        -0.038      0.032     -1.164      0.244
    UNEMPLOYED         0.069      0.031      2.238      0.025
    UNEMPLOYED         0.013      0.032      0.407      0.684
    FIN1              -0.013      0.032     -0.407      0.684
    FIN2              -0.027      0.032     -0.824      0.410
    FIN3              -0.030      0.032     -0.913      0.361

 EDUCATIO WITH
    EDUCATION_         0.469      0.028     16.529      0.000
    UNEMPLOYED        -0.250      0.030     -8.357      0.000
    UNEMPLOYED        -0.096      0.034     -2.847      0.004
    FIN1               0.142      0.032      4.423      0.000
    FIN2               0.164      0.031      5.203      0.000
    FIN3               0.161      0.032      5.032      0.000

 EDUCATIO WITH
    UNEMPLOYED        -0.158      0.031     -5.157      0.000
    UNEMPLOYED        -0.121      0.027     -4.478      0.000
    FIN1               0.172      0.032      5.288      0.000
    FIN2               0.211      0.031      6.824      0.000
    FIN3               0.214      0.031      7.001      0.000

 UNEMPLOY WITH
    UNEMPLOYED         0.146      0.042      3.480      0.001
    FIN1              -0.108      0.035     -3.090      0.002
    FIN2              -0.098      0.033     -2.936      0.003
    FIN3              -0.130      0.032     -3.994      0.000

 UNEMPLOY WITH
    FIN1              -0.122      0.036     -3.354      0.001
    FIN2              -0.093      0.030     -3.117      0.002
    FIN3              -0.091      0.033     -2.779      0.005

 FIN1     WITH
    FIN2               0.715      0.019     38.311      0.000
    FIN3               0.655      0.024     27.849      0.000

 FIN2     WITH
    FIN3               0.703      0.021     33.389      0.000

 Means
    GENDER1            1.352      0.045     29.954      0.000
    AGE1              32.399      0.350     92.492      0.000
    EDUCATION_         4.017      0.064     62.504      0.000
    EDUCATION_         3.786      0.060     63.246      0.000
    UNEMPLOYED         0.426      0.019     22.546      0.000
    UNEMPLOYED         0.274      0.018     15.506      0.000
    FIN1               4.404      0.091     48.137      0.000
    FIN2               4.567      0.096     47.397      0.000
    FIN3               4.334      0.102     42.341      0.000

 Intercepts
    X1                -1.835      0.901     -2.037      0.042
    X2                -1.840      0.905     -2.032      0.042
    X3                -1.836      0.903     -2.033      0.042
    Y1                 0.472      0.920      0.513      0.608
    Y2                 0.452      0.882      0.512      0.608
    Y3                 0.452      0.882      0.513      0.608
    M1                -1.816      0.918     -1.978      0.048
    M2                -1.591      0.809     -1.967      0.049
    M3                -1.562      0.794     -1.967      0.049

 Variances
    GENDER1            1.000      0.000    999.000    999.000
    AGE1               1.000      0.000    999.000    999.000
    EDUCATION_         1.000      0.000    999.000    999.000
    EDUCATION_         1.000      0.000    999.000    999.000
    UNEMPLOYED         1.000      0.000    999.000    999.000
    UNEMPLOYED         1.000      0.000    999.000    999.000
    FIN1               1.000      0.000    999.000    999.000
    FIN2               1.000      0.000    999.000    999.000
    FIN3               1.000      0.000    999.000    999.000
    RIX                1.000      0.000    999.000    999.000
    RIY                1.000      0.000    999.000    999.000
    RIM                1.000      0.000    999.000    999.000
    WX1                1.000      0.000    999.000    999.000
    WY1                1.000      0.000    999.000    999.000
    WM1                1.000      0.000    999.000    999.000

 Residual Variances
    X1                 0.000      0.000      0.000      1.000
    X2                 0.000      0.000      0.000      1.000
    X3                 0.000      0.000      0.000      1.000
    Y1                 0.000      0.000      0.000      1.000
    Y2                 0.000      0.000      0.000      1.000
    Y3                 0.000      0.000      0.000      1.000
    M1                 0.000      0.000      0.000      1.000
    M2                 0.000      0.000      0.000      1.000
    M3                 0.000      0.000      0.000      1.000
    WX2                0.971      0.023     41.896      0.000
    WX3                0.961      0.028     33.931      0.000
    WY2                0.980      0.018     54.096      0.000
    WY3                0.974      0.022     44.784      0.000
    WM2                0.963      0.018     53.569      0.000
    WM3                0.941      0.027     35.386      0.000


R-SQUARE

    Observed                                        Two-Tailed
    Variable        Estimate       S.E.  Est./S.E.    P-Value

    X1                 1.000      0.000    999.000    999.000
    X2                 1.000      0.000    999.000    999.000
    X3                 1.000      0.000    999.000    999.000
    Y1                 1.000      0.000    999.000    999.000
    Y2                 1.000      0.000    999.000    999.000
    Y3                 1.000      0.000    999.000    999.000
    M1                 1.000      0.000    999.000    999.000
    M2                 1.000      0.000    999.000    999.000
    M3                 1.000      0.000    999.000    999.000

     Latent                                         Two-Tailed
    Variable        Estimate       S.E.  Est./S.E.    P-Value

    WX2                0.029      0.023      1.238      0.216
    WX3                0.039      0.028      1.387      0.165
    WY2                0.020      0.018      1.129      0.259
    WY3                0.026      0.022      1.185      0.236
    WM2                0.037      0.018      2.053      0.040
    WM3                0.059      0.027      2.206      0.027


CONFIDENCE INTERVALS OF MODEL RESULTS

                  Lower .5%  Lower 2.5%    Lower 5%    Estimate    Upper 5%  Upper 2.5%   Upper .5%

 RIX      BY
    X1               1.000       1.000       1.000       1.000       1.000       1.000       1.000
    X2               1.000       1.000       1.000       1.000       1.000       1.000       1.000
    X3               1.000       1.000       1.000       1.000       1.000       1.000       1.000

 RIY      BY
    Y1               1.000       1.000       1.000       1.000       1.000       1.000       1.000
    Y2               1.000       1.000       1.000       1.000       1.000       1.000       1.000
    Y3               1.000       1.000       1.000       1.000       1.000       1.000       1.000

 RIM      BY
    M1               1.000       1.000       1.000       1.000       1.000       1.000       1.000
    M2               1.000       1.000       1.000       1.000       1.000       1.000       1.000
    M3               1.000       1.000       1.000       1.000       1.000       1.000       1.000

 WX1      BY
    X1               1.000       1.000       1.000       1.000       1.000       1.000       1.000

 WX2      BY
    X2               1.000       1.000       1.000       1.000       1.000       1.000       1.000

 WX3      BY
    X3               1.000       1.000       1.000       1.000       1.000       1.000       1.000

 WY1      BY
    Y1               1.000       1.000       1.000       1.000       1.000       1.000       1.000

 WY2      BY
    Y2               1.000       1.000       1.000       1.000       1.000       1.000       1.000

 WY3      BY
    Y3               1.000       1.000       1.000       1.000       1.000       1.000       1.000

 WM1      BY
    M1               1.000       1.000       1.000       1.000       1.000       1.000       1.000

 WM2      BY
    M2               1.000       1.000       1.000       1.000       1.000       1.000       1.000

 WM3      BY
    M3               1.000       1.000       1.000       1.000       1.000       1.000       1.000

 WY2      ON
    WY1             -0.014       0.027       0.046       0.151       0.259       0.279       0.319
    WX1             -0.089      -0.066      -0.052       0.016       0.087       0.100       0.128
    WM1             -0.190      -0.157      -0.139      -0.044       0.051       0.068       0.104

 WY3      ON
    WY2             -0.014       0.027       0.046       0.151       0.259       0.279       0.319
    WX2             -0.089      -0.066      -0.052       0.016       0.087       0.100       0.128
    WM2             -0.190      -0.157      -0.139      -0.044       0.051       0.068       0.104

 WX2      ON
    WX1             -0.055      -0.013       0.007       0.114       0.230       0.252       0.299
    WY1             -0.157      -0.121      -0.105      -0.014       0.080       0.097       0.131
    WM1             -0.007       0.032       0.054       0.180       0.306       0.330       0.370

 WX3      ON
    WX2             -0.055      -0.013       0.007       0.114       0.230       0.252       0.299
    WY2             -0.157      -0.121      -0.105      -0.014       0.080       0.097       0.131
    WM2             -0.007       0.032       0.054       0.180       0.306       0.330       0.370

 WM2      ON
    WM1              0.045       0.083       0.105       0.204       0.298       0.316       0.354
    WX1             -0.043      -0.026      -0.015       0.036       0.087       0.099       0.120
    WY1             -0.125      -0.106      -0.096      -0.044       0.012       0.024       0.043

 WM3      ON
    WM2              0.045       0.083       0.105       0.204       0.298       0.316       0.354
    WX2             -0.043      -0.026      -0.015       0.036       0.087       0.099       0.120
    WY2             -0.125      -0.106      -0.096      -0.044       0.012       0.024       0.043

 X1       ON
    GENDER1          0.350       0.389       0.408       0.510       0.610       0.628       0.663
    AGE1            -0.077      -0.050      -0.033       0.053       0.139       0.156       0.188
    EDUCATION_      -0.063      -0.042      -0.033       0.022       0.077       0.088       0.109
    EDUCATION_      -0.022      -0.002       0.008       0.061       0.113       0.123       0.145
    UNEMPLOYED      -0.223      -0.172      -0.149      -0.016       0.118       0.147       0.195
    UNEMPLOYED      -0.131      -0.068      -0.038       0.129       0.302       0.338       0.409
    FIN1            -0.026      -0.008       0.002       0.053       0.104       0.113       0.134

 X2       ON
    GENDER1          0.193       0.237       0.256       0.358       0.462       0.481       0.518
    AGE1            -0.084      -0.054      -0.038       0.048       0.134       0.152       0.183
    EDUCATION_      -0.062      -0.038      -0.027       0.033       0.093       0.104       0.125
    EDUCATION_      -0.039      -0.016      -0.005       0.052       0.108       0.119       0.142
    UNEMPLOYED      -0.153      -0.104      -0.077       0.054       0.193       0.217       0.269
    UNEMPLOYED      -0.164      -0.109      -0.073       0.101       0.280       0.316       0.381
    FIN2             0.010       0.030       0.041       0.096       0.150       0.160       0.184

 X3       ON
    GENDER1          0.206       0.246       0.265       0.366       0.468       0.487       0.525
    AGE1            -0.081      -0.051      -0.035       0.052       0.138       0.155       0.186
    EDUCATION_      -0.035      -0.015      -0.004       0.056       0.114       0.126       0.149
    EDUCATION_      -0.051      -0.028      -0.016       0.041       0.097       0.107       0.130
    UNEMPLOYED      -0.142      -0.088      -0.061       0.072       0.211       0.235       0.274
    UNEMPLOYED      -0.202      -0.129      -0.098       0.072       0.246       0.280       0.341
    FIN3            -0.019       0.001       0.012       0.068       0.125       0.138       0.164

 Y1       ON
    GENDER1          0.295       0.329       0.347       0.432       0.519       0.535       0.565
    AGE1            -0.128      -0.098      -0.084      -0.008       0.070       0.085       0.114
    EDUCATION_      -0.071      -0.051      -0.042       0.010       0.063       0.073       0.095
    EDUCATION_      -0.097      -0.076      -0.067      -0.015       0.036       0.046       0.064
    UNEMPLOYED      -0.176      -0.137      -0.114       0.007       0.130       0.155       0.202
    UNEMPLOYED      -0.378      -0.317      -0.288      -0.128       0.034       0.066       0.130
    FIN1            -0.205      -0.187      -0.178      -0.134      -0.089      -0.082      -0.066

 Y2       ON
    GENDER1          0.296       0.330       0.349       0.440       0.531       0.549       0.585
    AGE1            -0.128      -0.099      -0.085      -0.011       0.067       0.082       0.111
    EDUCATION_      -0.074      -0.053      -0.043       0.009       0.061       0.072       0.092
    EDUCATION_      -0.100      -0.079      -0.069      -0.016       0.037       0.048       0.069
    UNEMPLOYED      -0.057      -0.008       0.016       0.148       0.278       0.305       0.357
    UNEMPLOYED      -0.404      -0.339      -0.304      -0.124       0.062       0.100       0.169
    FIN2            -0.207      -0.189      -0.180      -0.130      -0.083      -0.073      -0.055

 Y3       ON
    GENDER1          0.259       0.291       0.310       0.400       0.491       0.507       0.541
    AGE1            -0.120      -0.092      -0.078      -0.003       0.074       0.090       0.120
    EDUCATION_      -0.059      -0.041      -0.031       0.021       0.073       0.084       0.104
    EDUCATION_      -0.099      -0.081      -0.071      -0.022       0.027       0.038       0.057
    UNEMPLOYED      -0.140      -0.096      -0.071       0.057       0.187       0.213       0.263
    UNEMPLOYED      -0.451      -0.387      -0.354      -0.187      -0.018       0.015       0.084
    FIN3            -0.228      -0.212      -0.202      -0.157      -0.113      -0.104      -0.085

 M1       ON
    GENDER1          0.067       0.087       0.097       0.153       0.207       0.217       0.236
    AGE1            -0.042      -0.026      -0.018       0.028       0.074       0.084       0.101
    EDUCATION_      -0.078      -0.066      -0.060      -0.028       0.003       0.009       0.020
    EDUCATION_      -0.031      -0.019      -0.013       0.017       0.047       0.052       0.065
    UNEMPLOYED      -0.165      -0.137      -0.122      -0.047       0.026       0.042       0.073
    UNEMPLOYED      -0.098      -0.059      -0.038       0.065       0.166       0.183       0.225
    FIN1             0.053       0.064       0.069       0.098       0.125       0.130       0.142

 M2       ON
    GENDER1         -0.023       0.003       0.015       0.075       0.135       0.146       0.168
    AGE1            -0.041      -0.026      -0.017       0.028       0.075       0.084       0.100
    EDUCATION_      -0.056      -0.044      -0.038      -0.004       0.029       0.036       0.049
    EDUCATION_      -0.065      -0.053      -0.046      -0.013       0.020       0.027       0.036
    UNEMPLOYED      -0.177      -0.146      -0.129      -0.044       0.041       0.057       0.089
    UNEMPLOYED      -0.172      -0.131      -0.108       0.008       0.122       0.143       0.185
    FIN2             0.069       0.080       0.086       0.117       0.149       0.154       0.167

 M3       ON
    GENDER1          0.075       0.099       0.113       0.180       0.245       0.259       0.283
    AGE1            -0.052      -0.036      -0.027       0.019       0.065       0.074       0.092
    EDUCATION_      -0.059      -0.043      -0.036       0.003       0.040       0.047       0.062
    EDUCATION_      -0.041      -0.029      -0.022       0.014       0.051       0.058       0.072
    UNEMPLOYED      -0.227      -0.192      -0.173      -0.084       0.006       0.021       0.052
    UNEMPLOYED      -0.079      -0.028      -0.003       0.127       0.253       0.279       0.326
    FIN3             0.049       0.062       0.068       0.103       0.138       0.145       0.157

 RIX      WITH
    RIY             -0.053      -0.038      -0.032       0.003       0.037       0.044       0.058
    RIM              0.065       0.076       0.082       0.110       0.136       0.141       0.150

 RIY      WITH
    RIM             -0.129      -0.120      -0.116      -0.096      -0.075      -0.071      -0.063

 WX1      WITH
    WY1             -0.052      -0.040      -0.034      -0.003       0.029       0.035       0.048
    WM1              0.027       0.033       0.037       0.059       0.085       0.090       0.102

 WY1      WITH
    WM1             -0.051      -0.043      -0.040      -0.020      -0.001       0.002       0.010

 WX2      WITH
    WY2             -0.057      -0.048      -0.043      -0.019       0.006       0.011       0.020
    WM2              0.055       0.061       0.065       0.085       0.103       0.107       0.115

 WY2      WITH
    WM2             -0.078      -0.073      -0.070      -0.055      -0.038      -0.035      -0.028

 WX3      WITH
    WY3             -0.057      -0.048      -0.043      -0.019       0.006       0.011       0.020
    WM3              0.055       0.061       0.065       0.085       0.103       0.107       0.115

 WY3      WITH
    WM3             -0.078      -0.073      -0.070      -0.055      -0.038      -0.035      -0.028

 GENDER1  WITH
    AGE1            -0.020      -0.015      -0.013      -0.001       0.011       0.014       0.018
    EDUCATION_      -0.073      -0.065      -0.060      -0.036      -0.011      -0.006       0.004
    EDUCATION_      -0.059      -0.051      -0.046      -0.022       0.003       0.008       0.018
    UNEMPLOYED      -0.017      -0.014      -0.012      -0.003       0.006       0.008       0.011
    UNEMPLOYED      -0.013      -0.010      -0.008      -0.002       0.005       0.006       0.009
    FIN1            -0.019      -0.012      -0.008       0.014       0.035       0.040       0.048
    FIN2            -0.035      -0.027      -0.022      -0.001       0.020       0.024       0.031
    FIN3            -0.030      -0.021      -0.017       0.006       0.028       0.032       0.040

 AGE1     WITH
    EDUCATION_      -0.075      -0.067      -0.061      -0.037      -0.012      -0.007       0.002
    EDUCATION_      -0.056      -0.048      -0.044      -0.018       0.007       0.012       0.023
    UNEMPLOYED      -0.002       0.001       0.003       0.012       0.021       0.022       0.025
    UNEMPLOYED      -0.009      -0.006      -0.005       0.002       0.008       0.009       0.012
    FIN1            -0.039      -0.031      -0.027      -0.005       0.016       0.020       0.028
    FIN2            -0.044      -0.036      -0.032      -0.011       0.010       0.015       0.022
    FIN3            -0.047      -0.038      -0.035      -0.012       0.010       0.014       0.023

 EDUCATIO WITH
    EDUCATION_       0.372       0.392       0.402       0.452       0.501       0.511       0.530
    UNEMPLOYED      -0.119      -0.111      -0.107      -0.088      -0.068      -0.065      -0.058
    UNEMPLOYED      -0.046      -0.040      -0.038      -0.024      -0.010      -0.007      -0.001
    FIN1             0.048       0.064       0.073       0.118       0.162       0.170       0.189
    FIN2             0.066       0.081       0.089       0.132       0.174       0.181       0.197
    FIN3             0.066       0.083       0.091       0.136       0.180       0.189       0.205

 EDUCATIO WITH
    UNEMPLOYED      -0.086      -0.079      -0.075      -0.056      -0.038      -0.034      -0.027
    UNEMPLOYED      -0.050      -0.046      -0.043      -0.031      -0.018      -0.016      -0.012
    FIN1             0.074       0.091       0.099       0.145       0.190       0.201       0.217
    FIN2             0.108       0.122       0.129       0.173       0.216       0.224       0.241
    FIN3             0.112       0.130       0.139       0.184       0.229       0.237       0.253

 UNEMPLOY WITH
    UNEMPLOYED       0.004       0.006       0.007       0.013       0.020       0.022       0.024
    FIN1            -0.062      -0.055      -0.052      -0.033      -0.016      -0.012      -0.006
    FIN2            -0.055      -0.049      -0.046      -0.029      -0.013      -0.009      -0.004
    FIN3            -0.068      -0.061      -0.058      -0.041      -0.023      -0.020      -0.014

 UNEMPLOY WITH
    FIN1            -0.048      -0.043      -0.040      -0.026      -0.013      -0.010      -0.005
    FIN2            -0.037      -0.033      -0.031      -0.020      -0.009      -0.007      -0.003
    FIN3            -0.040      -0.035      -0.033      -0.020      -0.008      -0.006      -0.001

 FIN1     WITH
    FIN2             0.440       0.456       0.463       0.504       0.545       0.553       0.568
    FIN3             0.419       0.434       0.442       0.484       0.525       0.532       0.551

 FIN2     WITH
    FIN3             0.441       0.456       0.463       0.504       0.543       0.552       0.566

 Means
    GENDER1          0.607       0.617       0.621       0.646       0.671       0.676       0.686
    AGE1            15.598      15.608      15.612      15.638      15.664      15.669      15.679
    EDUCATION_       3.827       3.846       3.856       3.907       3.959       3.969       3.988
    EDUCATION_       3.671       3.691       3.701       3.754       3.806       3.817       3.838
    UNEMPLOYED       0.124       0.131       0.135       0.154       0.172       0.176       0.183
    UNEMPLOYED       0.049       0.054       0.056       0.070       0.084       0.087       0.092
    FIN1             3.683       3.702       3.711       3.755       3.800       3.808       3.826
    FIN2             3.707       3.724       3.733       3.776       3.820       3.829       3.843
    FIN3             3.681       3.698       3.706       3.753       3.799       3.808       3.824

 Intercepts
    X1              -3.854      -3.346      -3.091      -1.700      -0.311      -0.028       0.418
    X2              -3.854      -3.346      -3.091      -1.700      -0.311      -0.028       0.418
    X3              -3.854      -3.346      -3.091      -1.700      -0.311      -0.028       0.418
    Y1              -1.566      -1.090      -0.864       0.380       1.584       1.804       2.299
    Y2              -1.566      -1.090      -0.864       0.380       1.584       1.804       2.299
    Y3              -1.566      -1.090      -0.864       0.380       1.584       1.804       2.299
    M1              -2.057      -1.768      -1.629      -0.887      -0.153      -0.018       0.265
    M2              -2.057      -1.768      -1.629      -0.887      -0.153      -0.018       0.265
    M3              -2.057      -1.768      -1.629      -0.887      -0.153      -0.018       0.265

 Variances
    GENDER1          0.216       0.219       0.221       0.229       0.235       0.236       0.239
    AGE1             0.220       0.223       0.225       0.233       0.240       0.241       0.244
    EDUCATION_       0.886       0.900       0.906       0.946       0.986       0.996       1.012
    EDUCATION_       0.914       0.929       0.938       0.983       1.030       1.039       1.058
    UNEMPLOYED       0.109       0.114       0.117       0.130       0.143       0.145       0.150
    UNEMPLOYED       0.047       0.051       0.053       0.065       0.077       0.079       0.083
    FIN1             0.658       0.672       0.681       0.727       0.771       0.780       0.798
    FIN2             0.617       0.632       0.640       0.684       0.727       0.737       0.753
    FIN3             0.669       0.688       0.697       0.750       0.803       0.813       0.834
    RIX              0.304       0.337       0.349       0.415       0.467       0.478       0.502
    RIY              0.246       0.265       0.274       0.325       0.365       0.373       0.391
    RIM              0.073       0.082       0.086       0.106       0.124       0.127       0.134
    WX1              0.294       0.311       0.320       0.377       0.445       0.460       0.492
    WY1              0.214       0.225       0.231       0.268       0.311       0.320       0.341
    WM1              0.091       0.097       0.100       0.119       0.138       0.143       0.152

 Residual Variances
    X1               0.000       0.000       0.000       0.000       0.000       0.000       0.000
    X2               0.000       0.000       0.000       0.000       0.000       0.000       0.000
    X3               0.000       0.000       0.000       0.000       0.000       0.000       0.000
    Y1               0.000       0.000       0.000       0.000       0.000       0.000       0.000
    Y2               0.000       0.000       0.000       0.000       0.000       0.000       0.000
    Y3               0.000       0.000       0.000       0.000       0.000       0.000       0.000
    M1               0.000       0.000       0.000       0.000       0.000       0.000       0.000
    M2               0.000       0.000       0.000       0.000       0.000       0.000       0.000
    M3               0.000       0.000       0.000       0.000       0.000       0.000       0.000
    WX2              0.313       0.330       0.338       0.386       0.427       0.436       0.453
    WX3              0.313       0.330       0.338       0.386       0.427       0.436       0.453
    WY2              0.265       0.277       0.283       0.316       0.344       0.350       0.361
    WY3              0.265       0.277       0.283       0.316       0.344       0.350       0.361
    WM2              0.162       0.167       0.170       0.187       0.199       0.202       0.208
    WM3              0.162       0.167       0.170       0.187       0.199       0.202       0.208

New/Additional Parameters
    IND             -0.011      -0.008      -0.007      -0.002       0.003       0.004       0.007


CONFIDENCE INTERVALS OF STANDARDIZED MODEL RESULTS


STDYX Standardization

                  Lower .5%  Lower 2.5%    Lower 5%    Estimate    Upper 5%  Upper 2.5%   Upper .5%

 RIX      BY
    X1               0.601       0.629       0.640       0.695       0.733       0.740       0.752
    X2               0.606       0.634       0.645       0.697       0.732       0.740       0.752
    X3               0.603       0.630       0.641       0.696       0.732       0.739       0.750

 RIY      BY
    Y1               0.624       0.647       0.657       0.708       0.742       0.749       0.760
    Y2               0.601       0.621       0.629       0.677       0.710       0.717       0.731
    Y3               0.602       0.620       0.629       0.678       0.711       0.718       0.731

 RIM      BY
    M1               0.561       0.589       0.602       0.667       0.715       0.724       0.739
    M2               0.495       0.518       0.531       0.584       0.623       0.631       0.644
    M3               0.479       0.505       0.518       0.574       0.615       0.622       0.637

 WX1      BY
    X1               0.597       0.612       0.619       0.662       0.710       0.720       0.742

 WX2      BY
    X2               0.616       0.632       0.639       0.682       0.728       0.739       0.761

 WX3      BY
    X3               0.619       0.634       0.641       0.685       0.732       0.742       0.764

 WY1      BY
    Y1               0.580       0.594       0.602       0.644       0.689       0.699       0.718

 WY2      BY
    Y2               0.615       0.630       0.638       0.676       0.714       0.721       0.737

 WY3      BY
    Y3               0.618       0.632       0.640       0.678       0.718       0.726       0.742

 WM1      BY
    M1               0.625       0.644       0.654       0.705       0.755       0.766       0.786

 WM2      BY
    M2               0.736       0.749       0.754       0.790       0.824       0.831       0.846

 WM3      BY
    M3               0.729       0.741       0.748       0.784       0.819       0.826       0.840

 WY2      ON
    WY1             -0.013       0.024       0.042       0.137       0.238       0.258       0.295
    WX1             -0.095      -0.070      -0.056       0.018       0.095       0.109       0.140
    WM1             -0.115      -0.094      -0.083      -0.027       0.031       0.042       0.065

 WY3      ON
    WY2             -0.014       0.027       0.046       0.150       0.257       0.276       0.317
    WX2             -0.100      -0.073      -0.058       0.018       0.095       0.110       0.139
    WM2             -0.148      -0.120      -0.107      -0.034       0.039       0.053       0.082

 WX2      ON
    WX1             -0.055      -0.013       0.007       0.111       0.224       0.244       0.287
    WY1             -0.129      -0.099      -0.086      -0.012       0.066       0.079       0.107
    WM1             -0.004       0.018       0.029       0.098       0.170       0.183       0.206

 WX3      ON
    WX2             -0.055      -0.013       0.007       0.114       0.228       0.249       0.296
    WY2             -0.141      -0.107      -0.093      -0.013       0.072       0.087       0.116
    WM2             -0.005       0.022       0.037       0.125       0.210       0.225       0.253

 WM2      ON
    WM1              0.035       0.064       0.080       0.159       0.238       0.254       0.286
    WX1             -0.059      -0.036      -0.021       0.050       0.122       0.138       0.173
    WY1             -0.148      -0.125      -0.114      -0.051       0.014       0.028       0.051

 WM3      ON
    WM2              0.045       0.083       0.104       0.201       0.292       0.310       0.346
    WX2             -0.059      -0.036      -0.021       0.051       0.127       0.142       0.179
    WY2             -0.161      -0.136      -0.124      -0.056       0.015       0.030       0.054

 X1       ON
    GENDER1          0.186       0.203       0.212       0.263       0.311       0.320       0.336
    AGE1            -0.040      -0.026      -0.017       0.028       0.072       0.081       0.098
    EDUCATION_      -0.067      -0.045      -0.035       0.023       0.080       0.092       0.113
    EDUCATION_      -0.023      -0.002       0.009       0.065       0.121       0.132       0.154
    UNEMPLOYED      -0.086      -0.068      -0.057      -0.006       0.046       0.057       0.076
    UNEMPLOYED      -0.036      -0.019      -0.011       0.035       0.082       0.092       0.112
    FIN1            -0.024      -0.007       0.002       0.049       0.095       0.103       0.122

 X2       ON
    GENDER1          0.101       0.123       0.133       0.185       0.237       0.246       0.265
    AGE1            -0.044      -0.028      -0.020       0.025       0.070       0.080       0.095
    EDUCATION_      -0.065      -0.041      -0.029       0.034       0.098       0.110       0.132
    EDUCATION_      -0.041      -0.017      -0.005       0.055       0.115       0.127       0.152
    UNEMPLOYED      -0.060      -0.040      -0.030       0.021       0.075       0.085       0.103
    UNEMPLOYED      -0.045      -0.030      -0.020       0.028       0.077       0.086       0.104
    FIN2             0.009       0.027       0.037       0.086       0.134       0.144       0.163

 X3       ON
    GENDER1          0.108       0.128       0.138       0.189       0.241       0.250       0.266
    AGE1            -0.042      -0.027      -0.018       0.027       0.072       0.081       0.097
    EDUCATION_      -0.037      -0.015      -0.004       0.058       0.120       0.132       0.156
    EDUCATION_      -0.054      -0.030      -0.017       0.043       0.104       0.115       0.137
    UNEMPLOYED      -0.054      -0.034      -0.024       0.028       0.082       0.091       0.107
    UNEMPLOYED      -0.055      -0.035      -0.027       0.020       0.067       0.076       0.093
    FIN3            -0.018       0.001       0.011       0.064       0.116       0.128       0.150

 Y1       ON
    GENDER1          0.178       0.197       0.206       0.257       0.307       0.316       0.335
    AGE1            -0.076      -0.058      -0.050      -0.005       0.042       0.051       0.068
    EDUCATION_      -0.086      -0.062      -0.051       0.013       0.076       0.088       0.114
    EDUCATION_      -0.118      -0.093      -0.082      -0.019       0.044       0.057       0.080
    UNEMPLOYED      -0.079      -0.061      -0.050       0.003       0.058       0.069       0.089
    UNEMPLOYED      -0.119      -0.100      -0.091      -0.040       0.011       0.021       0.041
    FIN1            -0.217      -0.199      -0.189      -0.142      -0.094      -0.086      -0.070

 Y2       ON
    GENDER1          0.168       0.188       0.199       0.250       0.301       0.310       0.330
    AGE1            -0.073      -0.058      -0.049      -0.006       0.038       0.047       0.064
    EDUCATION_      -0.085      -0.061      -0.050       0.011       0.071       0.083       0.105
    EDUCATION_      -0.117      -0.093      -0.082      -0.018       0.043       0.056       0.081
    UNEMPLOYED      -0.025      -0.004       0.007       0.063       0.118       0.130       0.150
    UNEMPLOYED      -0.120      -0.102      -0.092      -0.037       0.019       0.031       0.051
    FIN2            -0.204      -0.186      -0.177      -0.128      -0.081      -0.072      -0.054

 Y3       ON
    GENDER1          0.147       0.166       0.177       0.228       0.279       0.288       0.305
    AGE1            -0.069      -0.053      -0.045      -0.002       0.042       0.052       0.069
    EDUCATION_      -0.069      -0.048      -0.036       0.024       0.084       0.096       0.120
    EDUCATION_      -0.115      -0.095      -0.084      -0.026       0.032       0.046       0.067
    UNEMPLOYED      -0.061      -0.041      -0.030       0.024       0.079       0.091       0.112
    UNEMPLOYED      -0.136      -0.116      -0.106      -0.057      -0.006       0.004       0.025
    FIN3            -0.236      -0.219      -0.209      -0.162      -0.115      -0.107      -0.087

 M1       ON
    GENDER1          0.066       0.086       0.096       0.150       0.203       0.212       0.231
    AGE1            -0.042      -0.026      -0.018       0.028       0.073       0.083       0.100
    EDUCATION_      -0.155      -0.130      -0.119      -0.057       0.006       0.019       0.041
    EDUCATION_      -0.062      -0.039      -0.027       0.034       0.094       0.105       0.129
    UNEMPLOYED      -0.121      -0.101      -0.090      -0.035       0.020       0.031       0.053
    UNEMPLOYED      -0.052      -0.030      -0.020       0.034       0.085       0.096       0.117
    FIN1             0.093       0.112       0.121       0.171       0.219       0.227       0.245

 M2       ON
    GENDER1         -0.019       0.003       0.013       0.064       0.116       0.125       0.145
    AGE1            -0.037      -0.023      -0.015       0.024       0.065       0.073       0.088
    EDUCATION_      -0.099      -0.076      -0.066      -0.008       0.051       0.063       0.085
    EDUCATION_      -0.115      -0.094      -0.083      -0.024       0.035       0.047       0.064
    UNEMPLOYED      -0.114      -0.094      -0.083      -0.029       0.026       0.037       0.057
    UNEMPLOYED      -0.079      -0.058      -0.049       0.003       0.055       0.065       0.084
    FIN2             0.102       0.118       0.127       0.174       0.221       0.229       0.248

 M3       ON
    GENDER1          0.063       0.084       0.095       0.151       0.206       0.217       0.237
    AGE1            -0.044      -0.031      -0.023       0.016       0.056       0.063       0.077
    EDUCATION_      -0.099      -0.073      -0.061       0.005       0.069       0.080       0.106
    EDUCATION_      -0.072      -0.051      -0.039       0.025       0.090       0.102       0.127
    UNEMPLOYED      -0.140      -0.121      -0.110      -0.053       0.004       0.013       0.033
    UNEMPLOYED      -0.035      -0.012      -0.001       0.057       0.113       0.124       0.145
    FIN3             0.074       0.095       0.104       0.157       0.209       0.219       0.237

 RIX      WITH
    RIY             -0.153      -0.109      -0.090       0.009       0.104       0.123       0.167
    RIM              0.370       0.414       0.434       0.526       0.611       0.629       0.657

 RIY      WITH
    RIM             -0.675      -0.635      -0.615      -0.519      -0.435      -0.418      -0.379

 WX1      WITH
    WY1             -0.160      -0.125      -0.105      -0.010       0.091       0.111       0.151
    WM1              0.140       0.171       0.189       0.280       0.374       0.391       0.422

 WY1      WITH
    WM1             -0.268      -0.232      -0.214      -0.114      -0.009       0.013       0.059

 WX2      WITH
    WY2             -0.162      -0.137      -0.123      -0.055       0.019       0.032       0.059
    WM2              0.216       0.239       0.251       0.316       0.379       0.390       0.414

 WY2      WITH
    WM2             -0.315      -0.295      -0.285      -0.228      -0.164      -0.151      -0.124

 WX3      WITH
    WY3             -0.162      -0.137      -0.123      -0.055       0.019       0.032       0.059
    WM3              0.216       0.239       0.251       0.316       0.379       0.390       0.414

 WY3      WITH
    WM3             -0.315      -0.295      -0.285      -0.228      -0.164      -0.151      -0.124

 GENDER1  WITH
    AGE1            -0.085      -0.065      -0.056      -0.003       0.050       0.060       0.080
    EDUCATION_      -0.158      -0.139      -0.129      -0.077      -0.023      -0.013       0.008
    EDUCATION_      -0.126      -0.107      -0.097      -0.046       0.006       0.016       0.038
    UNEMPLOYED      -0.100      -0.080      -0.070      -0.016       0.037       0.047       0.066
    UNEMPLOYED      -0.103      -0.079      -0.069      -0.014       0.040       0.050       0.071
    FIN1            -0.047      -0.029      -0.019       0.035       0.086       0.097       0.117
    FIN2            -0.088      -0.068      -0.057      -0.003       0.051       0.061       0.079
    FIN3            -0.072      -0.050      -0.041       0.014       0.068       0.078       0.097

 AGE1     WITH
    EDUCATION_      -0.159      -0.142      -0.132      -0.078      -0.026      -0.016       0.004
    EDUCATION_      -0.118      -0.101      -0.091      -0.038       0.015       0.026       0.048
    UNEMPLOYED      -0.013       0.007       0.017       0.069       0.118       0.127       0.144
    UNEMPLOYED      -0.073      -0.051      -0.040       0.013       0.065       0.074       0.094
    FIN1            -0.096      -0.075      -0.066      -0.013       0.040       0.050       0.070
    FIN2            -0.110      -0.091      -0.079      -0.027       0.026       0.037       0.056
    FIN3            -0.111      -0.092      -0.082      -0.030       0.024       0.035       0.054

 EDUCATIO WITH
    EDUCATION_       0.394       0.413       0.421       0.469       0.514       0.523       0.538
    UNEMPLOYED      -0.326      -0.308      -0.298      -0.250      -0.200      -0.190      -0.172
    UNEMPLOYED      -0.180      -0.159      -0.150      -0.096      -0.040      -0.029      -0.006
    FIN1             0.059       0.078       0.088       0.142       0.194       0.204       0.225
    FIN2             0.083       0.101       0.112       0.164       0.215       0.225       0.243
    FIN3             0.080       0.099       0.108       0.161       0.213       0.223       0.242

 EDUCATIO WITH
    UNEMPLOYED      -0.235      -0.217      -0.207      -0.158      -0.107      -0.097      -0.076
    UNEMPLOYED      -0.188      -0.172      -0.164      -0.121      -0.076      -0.067      -0.050
    FIN1             0.088       0.108       0.118       0.172       0.225       0.236       0.257
    FIN2             0.133       0.150       0.159       0.211       0.261       0.271       0.290
    FIN3             0.133       0.153       0.164       0.214       0.264       0.274       0.292

 UNEMPLOY WITH
    UNEMPLOYED       0.040       0.065       0.078       0.146       0.214       0.230       0.257
    FIN1            -0.197      -0.177      -0.166      -0.108      -0.051      -0.039      -0.019
    FIN2            -0.184      -0.161      -0.152      -0.098      -0.043      -0.032      -0.014
    FIN3            -0.213      -0.193      -0.183      -0.130      -0.077      -0.065      -0.045

 UNEMPLOY WITH
    FIN1            -0.214      -0.191      -0.180      -0.122      -0.062      -0.049      -0.026
    FIN2            -0.169      -0.152      -0.142      -0.093      -0.044      -0.034      -0.016
    FIN3            -0.174      -0.155      -0.145      -0.091      -0.037      -0.027      -0.006

 FIN1     WITH
    FIN2             0.663       0.677       0.684       0.715       0.745       0.750       0.761
    FIN3             0.592       0.607       0.615       0.655       0.693       0.699       0.713

 FIN2     WITH
    FIN3             0.644       0.659       0.668       0.703       0.737       0.742       0.754

 Means
    GENDER1          1.244       1.269       1.280       1.352       1.428       1.444       1.477
    AGE1            31.618      31.785      31.878      32.399      33.018      33.146      33.447
    EDUCATION_       3.852       3.892       3.914       4.017       4.125       4.147       4.185
    EDUCATION_       3.632       3.672       3.690       3.786       3.887       3.905       3.945
    UNEMPLOYED       0.376       0.389       0.394       0.426       0.456       0.462       0.474
    UNEMPLOYED       0.227       0.239       0.244       0.274       0.302       0.308       0.318
    FIN1             4.182       4.238       4.265       4.404       4.563       4.597       4.654
    FIN2             4.335       4.385       4.415       4.567       4.732       4.767       4.823
    FIN3             4.084       4.142       4.174       4.334       4.508       4.547       4.621

 Intercepts
    X1              -4.126      -3.599      -3.315      -1.835      -0.335      -0.030       0.440
    X2              -4.153      -3.619      -3.340      -1.840      -0.340      -0.031       0.452
    X3              -4.145      -3.605      -3.337      -1.836      -0.337      -0.030       0.452
    Y1              -1.942      -1.371      -1.071       0.472       1.964       2.223       2.816
    Y2              -1.856      -1.302      -1.025       0.452       1.890       2.140       2.740
    Y3              -1.854      -1.297      -1.025       0.452       1.887       2.144       2.725
    M1              -4.207      -3.625      -3.330      -1.816      -0.312      -0.037       0.545
    M2              -3.707      -3.182      -2.918      -1.591      -0.273      -0.033       0.475
    M3              -3.621      -3.122      -2.863      -1.562      -0.268      -0.032       0.467

 Variances
    GENDER1          1.000       1.000       1.000       1.000       1.000       1.000       1.000
    AGE1             1.000       1.000       1.000       1.000       1.000       1.000       1.000
    EDUCATION_       1.000       1.000       1.000       1.000       1.000       1.000       1.000
    EDUCATION_       1.000       1.000       1.000       1.000       1.000       1.000       1.000
    UNEMPLOYED       1.000       1.000       1.000       1.000       1.000       1.000       1.000
    UNEMPLOYED       1.000       1.000       1.000       1.000       1.000       1.000       1.000
    FIN1             1.000       1.000       1.000       1.000       1.000       1.000       1.000
    FIN2             1.000       1.000       1.000       1.000       1.000       1.000       1.000
    FIN3             1.000       1.000       1.000       1.000       1.000       1.000       1.000
    RIX              1.000       1.000       1.000       1.000       1.000       1.000       1.000
    RIY              1.000       1.000       1.000       1.000       1.000       1.000       1.000
    RIM              1.000       1.000       1.000       1.000       1.000       1.000       1.000
    WX1              1.000       1.000       1.000       1.000       1.000       1.000       1.000
    WY1              1.000       1.000       1.000       1.000       1.000       1.000       1.000
    WM1              1.000       1.000       1.000       1.000       1.000       1.000       1.000

 Residual Variances
    X1               0.000       0.000       0.000       0.000       0.000       0.000       0.000
    X2               0.000       0.000       0.000       0.000       0.000       0.000       0.000
    X3               0.000       0.000       0.000       0.000       0.000       0.000       0.000
    Y1               0.000       0.000       0.000       0.000       0.000       0.000       0.000
    Y2               0.000       0.000       0.000       0.000       0.000       0.000       0.000
    Y3               0.000       0.000       0.000       0.000       0.000       0.000       0.000
    M1               0.000       0.000       0.000       0.000       0.000       0.000       0.000
    M2               0.000       0.000       0.000       0.000       0.000       0.000       0.000
    M3               0.000       0.000       0.000       0.000       0.000       0.000       0.000
    WX2              0.879       0.906       0.919       0.971       0.991       0.994       0.997
    WX3              0.854       0.883       0.898       0.961       0.988       0.991       0.996
    WY2              0.906       0.927       0.937       0.980       0.995       0.997       0.999
    WY3              0.888       0.913       0.924       0.974       0.994       0.996       0.998
    WM2              0.897       0.916       0.924       0.963       0.983       0.986       0.991
    WM3              0.852       0.874       0.886       0.941       0.973       0.979       0.987


     Beginning Time:  19:45:08
        Ending Time:  19:54:44
       Elapsed Time:  00:09:36



MUTHEN & MUTHEN
3463 Stoner Ave.
Los Angeles, CA  90066

Tel: (310) 391-9971
Fax: (310) 391-8971
Web: www.StatModel.com
Support: Support@StatModel.com

Copyright (c) 1998-2023 Muthen & Muthen
