Mplus VERSION 8.9
MUTHEN & MUTHEN
01/22/2025   7:54 PM

INPUT INSTRUCTIONS

  DATA:
    FILE IS "mplus.dat";
  VARIABLE:
    MISSING ARE ALL (-99);
    NAMES ARE id Gender1 Age1 Education_mother1 Education_father1
    unemployed_mother1 unemployed_father1 Fin1 Fin2 Fin3 Personal1
    Personal2 Personal3 Public1 Public2 Public3 Collective1
    Collective2 Collective3 Relational1 Relational2
    Relational3 Autonomy1 Autonomy2 Autonomy3 Relatedness1 Relatedness2
    Relatedness3 Competence1 Competence2 Competence3
    PA1 PA2 PA3 NA1 NA2 NA3 SWLS1 SWLS2 SWLS3;

  usevar =
  Gender1 Age1 Education_mother1 Education_father1
  unemployed_mother1 unemployed_father1 Fin1 Fin2 Fin3
  x1-x3 y1-y3 m1-m3 ;

  define:
  x1 = Relational1;
  x2 = Relational2;
  x3 = Relational3;

  m1 = Competence1;
  m2 = Competence2;
  m3 = Competence3;

  y1 = NA1;
  y2 = NA2;
  y3 = NA3;




  analysis:

  MODEL = NOCOV;
  bootstrap = 10000;


  MODEL:
  RIx BY x1@1 x2@1 x3@1;
  RIy BY y1@1 y2@1 y3@1;
  RIm BY m1@1 m2@1 m3@1;



  wx1 BY x1@1;
  wx2 BY x2@1;
  wx3 BY x3@1;



  wy1 BY y1@1;
  wy2 BY y2@1;
  wy3 BY y3@1;



  wm1 By m1@1;
  wm2 By m2@1;
  wm3 By m3@1;


  x1-m3@0;


  wy2 ON wy1 (a );
  wy3 ON wy2 (a );


  wx2 ON wx1 (b );
  wx3 ON wx2 (b );


  wm2 ON wm1  (c);
  wm3 ON wm2  (c);


  wy2 ON  wx1 wm1  (d e);
  wy3 ON  wx2 wm2  (d e);


  wx2 ON wy1 wm1  (f j);
  wx3 ON wy2 wm2  (f j);


  wm2 ON wx1 wy1   (h i);
  wm3 ON wx2 wy2   (h i);


  RIx RIy RIm  with RIx RIy RIm ;

  wx1 wy1 wm1 with wx1 wy1 wm1;
  wx2 wy2 wm2 with wx2 wy2 wm2 (cov1 cov2 cov3);
  wx3 wy3 wm3 with wx3 wy3 wm3 (cov1 cov2 cov3);

  wx2 (vx); wy2 (vy); wm2 (vm);
  wx3 (vx); wy3 (vy); wm3 (vm);

  x1-m3 on Gender1 Age1 Education_mother1 Education_father1
  unemployed_mother1 unemployed_father1 ;

  x1 y1 m1 on Fin1;
  x2 y2 m2 on Fin2;
  x3 y3 m3 on Fin3;

  Gender1 -Fin3 with Gender1 -Fin3;

  [x1-x3] (mx);
  [m1-m3] (mm);
  [y1-y3] (my);

  model constraint:
  new (ind);
  ind = h*e;

  output: cinterval (boot) stdyx;



*** WARNING in VARIABLE command
  Note that only the first 8 characters of variable names are used in the output.
  Shorten variable names to avoid any confusion.
   1 WARNING(S) FOUND IN THE INPUT INSTRUCTIONS




SUMMARY OF ANALYSIS

Number of groups                                                 1
Number of observations                                         971

Number of dependent variables                                    9
Number of independent variables                                  9
Number of continuous latent variables                           12

Observed dependent variables

  Continuous
   X1          X2          X3          Y1          Y2          Y3
   M1          M2          M3

Observed independent variables
   GENDER1     AGE1        EDUCATIO    EDUCATIO    UNEMPLOY    UNEMPLOY
   FIN1        FIN2        FIN3

Continuous latent variables
   RIX         RIY         RIM         WX1         WX2         WX3
   WY1         WY2         WY3         WM1         WM2         WM3


Estimator                                                       ML
Information matrix                                        OBSERVED
Maximum number of iterations                                  1000
Convergence criterion                                    0.500D-04
Maximum number of steepest descent iterations                   20
Maximum number of iterations for H1                           2000
Convergence criterion for H1                             0.100D-03
Number of bootstrap draws
    Requested                                                10000
    Completed                                                10000

Input data file(s)
  mplus.dat

Input data format  FREE


SUMMARY OF DATA

     Number of missing data patterns            19


COVARIANCE COVERAGE OF DATA

Minimum covariance coverage value   0.100


     PROPORTION OF DATA PRESENT


           Covariance Coverage
              X1            X2            X3            Y1            Y2
              ________      ________      ________      ________      ________
 X1             1.000
 X2             1.000         1.000
 X3             1.000         1.000         1.000
 Y1             1.000         1.000         1.000         1.000
 Y2             1.000         1.000         1.000         1.000         1.000
 Y3             1.000         1.000         1.000         1.000         1.000
 M1             1.000         1.000         1.000         1.000         1.000
 M2             1.000         1.000         1.000         1.000         1.000
 M3             1.000         1.000         1.000         1.000         1.000
 GENDER1        0.998         0.998         0.998         0.998         0.998
 AGE1           0.999         0.999         0.999         0.999         0.999
 EDUCATIO       0.994         0.994         0.994         0.994         0.994
 EDUCATIO       0.991         0.991         0.991         0.991         0.991
 UNEMPLOY       0.992         0.992         0.992         0.992         0.992
 UNEMPLOY       0.974         0.974         0.974         0.974         0.974
 FIN1           0.994         0.994         0.994         0.994         0.994
 FIN2           0.991         0.991         0.991         0.991         0.991
 FIN3           0.991         0.991         0.991         0.991         0.991


           Covariance Coverage
              Y3            M1            M2            M3            GENDER1
              ________      ________      ________      ________      ________
 Y3             1.000
 M1             1.000         1.000
 M2             1.000         1.000         1.000
 M3             1.000         1.000         1.000         1.000
 GENDER1        0.998         0.998         0.998         0.998         0.998
 AGE1           0.999         0.999         0.999         0.999         0.997
 EDUCATIO       0.994         0.994         0.994         0.994         0.992
 EDUCATIO       0.991         0.991         0.991         0.991         0.989
 UNEMPLOY       0.992         0.992         0.992         0.992         0.990
 UNEMPLOY       0.974         0.974         0.974         0.974         0.972
 FIN1           0.994         0.994         0.994         0.994         0.992
 FIN2           0.991         0.991         0.991         0.991         0.990
 FIN3           0.991         0.991         0.991         0.991         0.989


           Covariance Coverage
              AGE1          EDUCATIO      EDUCATIO      UNEMPLOY      UNEMPLOY
              ________      ________      ________      ________      ________
 AGE1           0.999
 EDUCATIO       0.993         0.994
 EDUCATIO       0.990         0.987         0.991
 UNEMPLOY       0.991         0.989         0.984         0.992
 UNEMPLOY       0.973         0.969         0.970         0.968         0.974
 FIN1           0.993         0.989         0.986         0.988         0.969
 FIN2           0.990         0.985         0.981         0.982         0.965
 FIN3           0.990         0.985         0.981         0.982         0.965


           Covariance Coverage
              FIN1          FIN2          FIN3
              ________      ________      ________
 FIN1           0.994
 FIN2           0.986         0.991
 FIN3           0.986         0.984         0.991



UNIVARIATE SAMPLE STATISTICS


     UNIVARIATE HIGHER-ORDER MOMENT DESCRIPTIVE STATISTICS

         Variable/         Mean/     Skewness/   Minimum/ % with                Percentiles
        Sample Size      Variance    Kurtosis    Maximum  Min/Max      20%/60%    40%/80%    Median

     X1                   -0.018      -0.228      -3.919    0.21%      -0.786     -0.276     -0.021
             971.000       0.848       0.343       2.130    0.10%       0.218      0.773
     X2                   -0.015      -0.051      -3.511    0.10%      -0.773     -0.265     -0.076
             971.000       0.854      -0.055       2.293    0.10%       0.167      0.769
     X3                   -0.011      -0.059      -4.326    0.10%      -0.766     -0.327     -0.088
             971.000       0.871       0.122       2.343    0.10%       0.213      0.798
     Y1                    0.000       0.647      -1.361    0.82%      -0.714     -0.372     -0.139
             971.000       0.671      -0.161       2.447    0.10%       0.073      0.669
     Y2                    0.000       0.519      -1.447    1.03%      -0.756     -0.389     -0.139
             971.000       0.744      -0.415       2.501    0.10%       0.124      0.732
     Y3                    0.000       0.473      -1.410    1.44%      -0.720     -0.353     -0.151
             971.000       0.706      -0.249       2.551    0.10%       0.184      0.683
     M1                   -0.013      -0.207      -2.157    0.10%      -0.547     -0.152     -0.037
             971.000       0.426      -0.176       1.305    1.24%       0.156      0.562
     M2                   -0.012      -0.221      -2.427    0.10%      -0.568     -0.153     -0.024
             971.000       0.500       0.061       1.414    2.47%       0.149      0.590
     M3                   -0.011      -0.082      -2.110    0.10%      -0.624     -0.206     -0.045
             971.000       0.507      -0.375       1.425    2.16%       0.159      0.607
     GENDER1               0.646      -0.611       0.000   35.40%       0.000      1.000      1.000
             969.000       0.229      -1.627       1.000   64.60%       1.000      1.000
     AGE1                 15.638      -0.547      15.000   36.29%      15.000     16.000     16.000
             970.000       0.233      -1.625      17.000    0.10%      16.000     16.000
     EDUCATION_MOTHE       3.907      -0.084       1.000    0.31%       3.000      3.000      4.000
             965.000       0.945      -1.378       5.000   39.17%       4.000      5.000
     EDUCATION_FATHE       3.754       0.093       1.000    0.62%       3.000      3.000      3.000
             962.000       0.984      -1.211       5.000   33.78%       4.000      5.000
     UNEMPLOYED_MOTH       0.154       1.921       0.000   84.63%       0.000      0.000      0.000
             963.000       0.130       1.688       1.000   15.37%       0.000      0.000
     UNEMPLOYED_FATH       0.070       3.378       0.000   93.02%       0.000      0.000      0.000
             946.000       0.065       9.408       1.000    6.98%       0.000      0.000
     FIN1                  3.754      -0.071       1.000    0.31%       3.000      3.000      4.000
             965.000       0.726      -0.634       5.000   21.55%       4.000      5.000
     FIN2                  3.777      -0.071       1.000    0.42%       3.000      4.000      4.000
             962.000       0.685      -0.517       5.000   21.21%       4.000      5.000
     FIN3                  3.756      -0.179       1.000    0.94%       3.000      3.000      4.000
             962.000       0.750      -0.296       5.000   21.93%       4.000      5.000


THE MODEL ESTIMATION TERMINATED NORMALLY



MODEL FIT INFORMATION

Number of Free Parameters                      147

Loglikelihood

          H0 Value                      -15721.835
          H1 Value                      -15662.673

Information Criteria

          Akaike (AIC)                   31737.670
          Bayesian (BIC)                 32454.784
          Sample-Size Adjusted BIC       31987.912
            (n* = (n + 2) / 24)

Chi-Square Test of Model Fit

          Value                            118.323
          Degrees of Freedom                    42
          P-Value                           0.0000

RMSEA (Root Mean Square Error Of Approximation)

          Estimate                           0.043
          90 Percent C.I.                    0.034  0.053
          Probability RMSEA <= .05           0.880

CFI/TLI

          CFI                                0.981
          TLI                                0.947

Chi-Square Test of Model Fit for the Baseline Model

          Value                           4164.078
          Degrees of Freedom                   117
          P-Value                           0.0000

SRMR (Standardized Root Mean Square Residual)

          Value                              0.036



MODEL RESULTS

                                                    Two-Tailed
                    Estimate       S.E.  Est./S.E.    P-Value

 RIX      BY
    X1                 1.000      0.000    999.000    999.000
    X2                 1.000      0.000    999.000    999.000
    X3                 1.000      0.000    999.000    999.000

 RIY      BY
    Y1                 1.000      0.000    999.000    999.000
    Y2                 1.000      0.000    999.000    999.000
    Y3                 1.000      0.000    999.000    999.000

 RIM      BY
    M1                 1.000      0.000    999.000    999.000
    M2                 1.000      0.000    999.000    999.000
    M3                 1.000      0.000    999.000    999.000

 WX1      BY
    X1                 1.000      0.000    999.000    999.000

 WX2      BY
    X2                 1.000      0.000    999.000    999.000

 WX3      BY
    X3                 1.000      0.000    999.000    999.000

 WY1      BY
    Y1                 1.000      0.000    999.000    999.000

 WY2      BY
    Y2                 1.000      0.000    999.000    999.000

 WY3      BY
    Y3                 1.000      0.000    999.000    999.000

 WM1      BY
    M1                 1.000      0.000    999.000    999.000

 WM2      BY
    M2                 1.000      0.000    999.000    999.000

 WM3      BY
    M3                 1.000      0.000    999.000    999.000

 WY2      ON
    WY1                0.139      0.064      2.163      0.031
    WX1                0.020      0.042      0.490      0.624
    WM1               -0.104      0.067     -1.558      0.119

 WY3      ON
    WY2                0.139      0.064      2.163      0.031
    WX2                0.020      0.042      0.490      0.624
    WM2               -0.104      0.067     -1.558      0.119

 WX2      ON
    WX1                0.140      0.071      1.963      0.050
    WY1               -0.014      0.057     -0.255      0.799
    WM1                0.148      0.070      2.105      0.035

 WX3      ON
    WX2                0.140      0.071      1.963      0.050
    WY2               -0.014      0.057     -0.255      0.799
    WM2                0.148      0.070      2.105      0.035

 WM2      ON
    WM1                0.289      0.059      4.876      0.000
    WX1                0.027      0.032      0.854      0.393
    WY1               -0.038      0.036     -1.057      0.291

 WM3      ON
    WM2                0.289      0.059      4.876      0.000
    WX2                0.027      0.032      0.854      0.393
    WY2               -0.038      0.036     -1.057      0.291

 X1       ON
    GENDER1            0.510      0.061      8.312      0.000
    AGE1               0.054      0.052      1.049      0.294
    EDUCATION_         0.021      0.034      0.637      0.524
    EDUCATION_         0.060      0.032      1.869      0.062
    UNEMPLOYED        -0.016      0.080     -0.201      0.841
    UNEMPLOYED         0.126      0.103      1.221      0.222
    FIN1               0.058      0.031      1.866      0.062

 X2       ON
    GENDER1            0.359      0.062      5.754      0.000
    AGE1               0.049      0.052      0.941      0.346
    EDUCATION_         0.032      0.036      0.892      0.372
    EDUCATION_         0.051      0.035      1.462      0.144
    UNEMPLOYED         0.054      0.081      0.666      0.506
    UNEMPLOYED         0.101      0.107      0.951      0.341
    FIN2               0.101      0.034      2.990      0.003

 X3       ON
    GENDER1            0.368      0.062      5.955      0.000
    AGE1               0.053      0.052      1.018      0.309
    EDUCATION_         0.055      0.036      1.536      0.124
    EDUCATION_         0.040      0.034      1.148      0.251
    UNEMPLOYED         0.072      0.082      0.872      0.383
    UNEMPLOYED         0.072      0.104      0.687      0.492
    FIN3               0.073      0.035      2.092      0.036

 Y1       ON
    GENDER1            0.432      0.053      8.204      0.000
    AGE1              -0.009      0.046     -0.196      0.844
    EDUCATION_         0.011      0.032      0.331      0.741
    EDUCATION_        -0.015      0.031     -0.476      0.634
    UNEMPLOYED         0.007      0.074      0.090      0.929
    UNEMPLOYED        -0.125      0.098     -1.271      0.204
    FIN1              -0.134      0.027     -4.965      0.000

 Y2       ON
    GENDER1            0.439      0.056      7.856      0.000
    AGE1              -0.011      0.046     -0.243      0.808
    EDUCATION_         0.010      0.032      0.298      0.765
    EDUCATION_        -0.016      0.032     -0.483      0.629
    UNEMPLOYED         0.148      0.080      1.845      0.065
    UNEMPLOYED        -0.123      0.111     -1.103      0.270
    FIN2              -0.131      0.030     -4.409      0.000

 Y3       ON
    GENDER1            0.399      0.055      7.277      0.000
    AGE1              -0.004      0.046     -0.078      0.938
    EDUCATION_         0.021      0.032      0.656      0.512
    EDUCATION_        -0.022      0.030     -0.721      0.471
    UNEMPLOYED         0.057      0.078      0.727      0.467
    UNEMPLOYED        -0.184      0.103     -1.796      0.072
    FIN3              -0.157      0.027     -5.766      0.000

 M1       ON
    GENDER1           -0.156      0.042     -3.680      0.000
    AGE1               0.072      0.039      1.844      0.065
    EDUCATION_        -0.024      0.025     -0.933      0.351
    EDUCATION_         0.022      0.024      0.923      0.356
    UNEMPLOYED         0.018      0.061      0.305      0.760
    UNEMPLOYED         0.185      0.088      2.103      0.035
    FIN1               0.113      0.021      5.387      0.000

 M2       ON
    GENDER1           -0.154      0.046     -3.366      0.001
    AGE1               0.070      0.039      1.783      0.075
    EDUCATION_        -0.007      0.026     -0.251      0.802
    EDUCATION_         0.016      0.027      0.616      0.538
    UNEMPLOYED         0.013      0.067      0.196      0.845
    UNEMPLOYED        -0.002      0.093     -0.021      0.984
    FIN2               0.114      0.022      5.104      0.000

 M3       ON
    GENDER1           -0.107      0.048     -2.234      0.025
    AGE1               0.068      0.039      1.748      0.080
    EDUCATION_         0.002      0.027      0.086      0.932
    EDUCATION_         0.009      0.026      0.350      0.726
    UNEMPLOYED        -0.042      0.065     -0.637      0.524
    UNEMPLOYED         0.143      0.090      1.598      0.110
    FIN3               0.111      0.025      4.508      0.000

 RIX      WITH
    RIY                0.006      0.022      0.260      0.795
    RIM                0.047      0.020      2.367      0.018

 RIY      WITH
    RIM               -0.136      0.018     -7.521      0.000

 WX1      WITH
    WY1               -0.006      0.019     -0.322      0.747
    WM1                0.049      0.017      2.811      0.005

 WY1      WITH
    WM1               -0.035      0.016     -2.119      0.034

 WX2      WITH
    WY2               -0.018      0.015     -1.183      0.237
    WM2                0.059      0.012      4.716      0.000

 WY2      WITH
    WM2               -0.069      0.010     -6.857      0.000

 WX3      WITH
    WY3               -0.018      0.015     -1.183      0.237
    WM3                0.059      0.012      4.716      0.000

 WY3      WITH
    WM3               -0.069      0.010     -6.857      0.000

 GENDER1  WITH
    AGE1              -0.001      0.007     -0.089      0.929
    EDUCATION_        -0.036      0.015     -2.381      0.017
    EDUCATION_        -0.022      0.015     -1.471      0.141
    UNEMPLOYED        -0.003      0.006     -0.485      0.628
    UNEMPLOYED        -0.002      0.004     -0.429      0.668
    FIN1               0.014      0.013      1.079      0.281
    FIN2              -0.001      0.013     -0.080      0.936
    FIN3               0.006      0.014      0.426      0.670

 AGE1     WITH
    EDUCATION_        -0.037      0.015     -2.445      0.014
    EDUCATION_        -0.018      0.015     -1.178      0.239
    UNEMPLOYED         0.012      0.005      2.219      0.026
    UNEMPLOYED         0.002      0.004      0.432      0.666
    FIN1              -0.006      0.013     -0.417      0.677
    FIN2              -0.010      0.013     -0.806      0.420
    FIN3              -0.012      0.014     -0.911      0.362

 EDUCATIO WITH
    EDUCATION_         0.452      0.030     14.923      0.000
    UNEMPLOYED        -0.088      0.012     -7.481      0.000
    UNEMPLOYED        -0.024      0.009     -2.747      0.006
    FIN1               0.118      0.027      4.356      0.000
    FIN2               0.132      0.026      5.103      0.000
    FIN3               0.136      0.027      4.974      0.000

 EDUCATIO WITH
    UNEMPLOYED        -0.057      0.011     -4.928      0.000
    UNEMPLOYED        -0.031      0.007     -4.086      0.000
    FIN1               0.145      0.028      5.248      0.000
    FIN2               0.173      0.026      6.617      0.000
    FIN3               0.184      0.027      6.807      0.000

 UNEMPLOY WITH
    UNEMPLOYED         0.013      0.004      3.269      0.001
    FIN1              -0.033      0.011     -3.034      0.002
    FIN2              -0.029      0.010     -2.897      0.004
    FIN3              -0.040      0.010     -3.868      0.000

 UNEMPLOY WITH
    FIN1              -0.027      0.008     -3.193      0.001
    FIN2              -0.020      0.007     -2.983      0.003
    FIN3              -0.020      0.008     -2.683      0.007

 FIN1     WITH
    FIN2               0.504      0.025     20.343      0.000
    FIN3               0.484      0.025     19.202      0.000

 FIN2     WITH
    FIN3               0.504      0.024     20.758      0.000

 Means
    GENDER1            0.646      0.015     42.455      0.000
    AGE1              15.638      0.016   1007.240      0.000
    EDUCATION_         3.907      0.031    124.291      0.000
    EDUCATION_         3.754      0.032    116.479      0.000
    UNEMPLOYED         0.154      0.012     13.357      0.000
    UNEMPLOYED         0.070      0.008      8.375      0.000
    FIN1               3.755      0.027    138.379      0.000
    FIN2               3.776      0.027    141.542      0.000
    FIN3               3.754      0.028    133.405      0.000

 Intercepts
    X1                -1.733      0.838     -2.069      0.039
    X2                -1.733      0.838     -2.069      0.039
    X3                -1.733      0.838     -2.069      0.039
    Y1                 0.391      0.742      0.528      0.598
    Y2                 0.391      0.742      0.528      0.598
    Y3                 0.391      0.742      0.528      0.598
    M1                -1.474      0.630     -2.339      0.019
    M2                -1.474      0.630     -2.339      0.019
    M3                -1.474      0.630     -2.339      0.019

 Variances
    GENDER1            0.229      0.004     51.286      0.000
    AGE1               0.233      0.005     50.732      0.000
    EDUCATION_         0.946      0.024     38.653      0.000
    EDUCATION_         0.984      0.028     34.902      0.000
    UNEMPLOYED         0.130      0.008     16.320      0.000
    UNEMPLOYED         0.065      0.007      9.065      0.000
    FIN1               0.727      0.028     26.409      0.000
    FIN2               0.684      0.027     25.738      0.000
    FIN3               0.750      0.032     23.571      0.000
    RIX                0.407      0.037     11.007      0.000
    RIY                0.325      0.028     11.574      0.000
    RIM                0.241      0.021     11.477      0.000
    WX1                0.379      0.038      9.873      0.000
    WY1                0.267      0.025     10.818      0.000
    WM1                0.154      0.019      7.901      0.000

 Residual Variances
    X1                 0.000      0.000    999.000    999.000
    X2                 0.000      0.000    999.000    999.000
    X3                 0.000      0.000    999.000    999.000
    Y1                 0.000      0.000    999.000    999.000
    Y2                 0.000      0.000    999.000    999.000
    Y3                 0.000      0.000    999.000    999.000
    M1                 0.000      0.000    999.000    999.000
    M2                 0.000      0.000    999.000    999.000
    M3                 0.000      0.000    999.000    999.000
    WX2                0.392      0.028     14.198      0.000
    WX3                0.392      0.028     14.198      0.000
    WY2                0.316      0.019     16.937      0.000
    WY3                0.316      0.019     16.937      0.000
    WM2                0.219      0.011     19.536      0.000
    WM3                0.219      0.011     19.536      0.000

New/Additional Parameters
    IND               -0.003      0.004     -0.684      0.494


STANDARDIZED MODEL RESULTS


STDYX Standardization

                                                    Two-Tailed
                    Estimate       S.E.  Est./S.E.    P-Value

 RIX      BY
    X1                 0.691      0.030     23.158      0.000
    X2                 0.691      0.029     24.232      0.000
    X3                 0.690      0.029     23.610      0.000

 RIY      BY
    Y1                 0.709      0.026     26.863      0.000
    Y2                 0.677      0.025     27.339      0.000
    Y3                 0.677      0.025     26.782      0.000

 RIM      BY
    M1                 0.765      0.030     25.689      0.000
    M2                 0.700      0.025     28.291      0.000
    M3                 0.696      0.026     26.821      0.000

 WX1      BY
    X1                 0.666      0.029     23.319      0.000

 WX2      BY
    X2                 0.688      0.028     24.242      0.000

 WX3      BY
    X3                 0.690      0.029     24.076      0.000

 WY1      BY
    Y1                 0.643      0.027     23.587      0.000

 WY2      BY
    Y2                 0.676      0.023     29.098      0.000

 WY3      BY
    Y3                 0.679      0.024     28.651      0.000

 WM1      BY
    M1                 0.611      0.036     16.829      0.000

 WM2      BY
    M2                 0.691      0.024     28.471      0.000

 WM3      BY
    M3                 0.698      0.025     27.497      0.000

 WY2      ON
    WY1                0.126      0.059      2.147      0.032
    WX1                0.022      0.045      0.486      0.627
    WM1               -0.072      0.046     -1.546      0.122

 WY3      ON
    WY2                0.138      0.064      2.175      0.030
    WX2                0.023      0.046      0.491      0.624
    WM2               -0.088      0.057     -1.545      0.122

 WX2      ON
    WX1                0.136      0.069      1.969      0.049
    WY1               -0.012      0.046     -0.254      0.799
    WM1                0.091      0.045      2.041      0.041

 WX3      ON
    WX2                0.139      0.071      1.969      0.049
    WY2               -0.013      0.050     -0.255      0.799
    WM2                0.112      0.053      2.104      0.035

 WM2      ON
    WM1                0.234      0.053      4.416      0.000
    WX1                0.034      0.041      0.849      0.396
    WY1               -0.041      0.039     -1.047      0.295

 WM3      ON
    WM2                0.284      0.057      4.995      0.000
    WX2                0.035      0.041      0.844      0.399
    WY2               -0.044      0.041     -1.060      0.289

 X1       ON
    GENDER1            0.264      0.030      8.805      0.000
    AGE1               0.028      0.027      1.050      0.294
    EDUCATION_         0.022      0.035      0.639      0.523
    EDUCATION_         0.064      0.034      1.873      0.061
    UNEMPLOYED        -0.006      0.031     -0.202      0.840
    UNEMPLOYED         0.035      0.028      1.233      0.217
    FIN1               0.054      0.029      1.880      0.060

 X2       ON
    GENDER1            0.186      0.031      5.899      0.000
    AGE1               0.026      0.027      0.942      0.346
    EDUCATION_         0.034      0.038      0.892      0.372
    EDUCATION_         0.054      0.037      1.468      0.142
    UNEMPLOYED         0.021      0.032      0.668      0.504
    UNEMPLOYED         0.028      0.029      0.958      0.338
    FIN2               0.091      0.030      3.006      0.003

 X3       ON
    GENDER1            0.190      0.031      6.088      0.000
    AGE1               0.028      0.027      1.018      0.309
    EDUCATION_         0.058      0.038      1.538      0.124
    EDUCATION_         0.042      0.037      1.151      0.250
    UNEMPLOYED         0.028      0.032      0.874      0.382
    UNEMPLOYED         0.020      0.028      0.692      0.489
    FIN3               0.068      0.032      2.110      0.035

 Y1       ON
    GENDER1            0.257      0.031      8.376      0.000
    AGE1              -0.005      0.028     -0.196      0.844
    EDUCATION_         0.013      0.038      0.332      0.740
    EDUCATION_        -0.018      0.039     -0.477      0.633
    UNEMPLOYED         0.003      0.033      0.090      0.928
    UNEMPLOYED        -0.039      0.031     -1.277      0.201
    FIN1              -0.142      0.029     -4.938      0.000

 Y2       ON
    GENDER1            0.249      0.031      8.025      0.000
    AGE1              -0.006      0.026     -0.243      0.808
    EDUCATION_         0.011      0.037      0.299      0.765
    EDUCATION_        -0.018      0.038     -0.483      0.629
    UNEMPLOYED         0.063      0.034      1.855      0.064
    UNEMPLOYED        -0.037      0.034     -1.110      0.267
    FIN2              -0.128      0.029     -4.393      0.000

 Y3       ON
    GENDER1            0.227      0.031      7.340      0.000
    AGE1              -0.002      0.026     -0.078      0.938
    EDUCATION_         0.024      0.037      0.657      0.511
    EDUCATION_        -0.026      0.035     -0.722      0.470
    UNEMPLOYED         0.024      0.034      0.729      0.466
    UNEMPLOYED        -0.056      0.031     -1.810      0.070
    FIN3              -0.162      0.028     -5.694      0.000

 M1       ON
    GENDER1           -0.116      0.031     -3.717      0.000
    AGE1               0.054      0.029      1.848      0.065
    EDUCATION_        -0.036      0.038     -0.934      0.350
    EDUCATION_         0.034      0.037      0.924      0.356
    UNEMPLOYED         0.010      0.034      0.306      0.760
    UNEMPLOYED         0.073      0.035      2.110      0.035
    FIN1               0.150      0.028      5.362      0.000

 M2       ON
    GENDER1           -0.105      0.031     -3.413      0.001
    AGE1               0.048      0.027      1.784      0.074
    EDUCATION_        -0.009      0.037     -0.251      0.802
    EDUCATION_         0.023      0.038      0.616      0.538
    UNEMPLOYED         0.007      0.034      0.196      0.845
    UNEMPLOYED        -0.001      0.034     -0.021      0.983
    FIN2               0.135      0.026      5.107      0.000

 M3       ON
    GENDER1           -0.072      0.032     -2.248      0.025
    AGE1               0.047      0.027      1.748      0.081
    EDUCATION_         0.003      0.037      0.086      0.932
    EDUCATION_         0.013      0.037      0.351      0.726
    UNEMPLOYED        -0.021      0.033     -0.639      0.523
    UNEMPLOYED         0.052      0.032      1.604      0.109
    FIN3               0.136      0.030      4.584      0.000

 RIX      WITH
    RIY                0.016      0.062      0.253      0.800
    RIM                0.151      0.061      2.457      0.014

 RIY      WITH
    RIM               -0.488      0.050     -9.758      0.000

 WX1      WITH
    WY1               -0.020      0.060     -0.326      0.744
    WM1                0.202      0.064      3.152      0.002

 WY1      WITH
    WM1               -0.172      0.074     -2.324      0.020

 WX2      WITH
    WY2               -0.051      0.043     -1.177      0.239
    WM2                0.201      0.041      4.891      0.000

 WY2      WITH
    WM2               -0.263      0.036     -7.321      0.000

 WX3      WITH
    WY3               -0.051      0.043     -1.177      0.239
    WM3                0.201      0.041      4.891      0.000

 WY3      WITH
    WM3               -0.263      0.036     -7.321      0.000

 GENDER1  WITH
    AGE1              -0.003      0.032     -0.089      0.929
    EDUCATION_        -0.077      0.032     -2.376      0.017
    EDUCATION_        -0.046      0.032     -1.471      0.141
    UNEMPLOYED        -0.016      0.032     -0.484      0.628
    UNEMPLOYED        -0.014      0.033     -0.428      0.669
    FIN1               0.035      0.032      1.080      0.280
    FIN2              -0.003      0.033     -0.080      0.936
    FIN3               0.014      0.033      0.426      0.670

 AGE1     WITH
    EDUCATION_        -0.078      0.032     -2.442      0.015
    EDUCATION_        -0.038      0.032     -1.176      0.240
    UNEMPLOYED         0.068      0.031      2.233      0.026
    UNEMPLOYED         0.014      0.032      0.431      0.666
    FIN1              -0.013      0.032     -0.417      0.677
    FIN2              -0.026      0.032     -0.807      0.420
    FIN3              -0.030      0.032     -0.912      0.362

 EDUCATIO WITH
    EDUCATION_         0.469      0.028     16.540      0.000
    UNEMPLOYED        -0.250      0.030     -8.357      0.000
    UNEMPLOYED        -0.096      0.034     -2.846      0.004
    FIN1               0.142      0.032      4.438      0.000
    FIN2               0.164      0.032      5.198      0.000
    FIN3               0.161      0.032      5.034      0.000

 EDUCATIO WITH
    UNEMPLOYED        -0.158      0.031     -5.165      0.000
    UNEMPLOYED        -0.121      0.027     -4.461      0.000
    FIN1               0.172      0.032      5.297      0.000
    FIN2               0.211      0.031      6.839      0.000
    FIN3               0.214      0.031      7.014      0.000

 UNEMPLOY WITH
    UNEMPLOYED         0.146      0.042      3.478      0.001
    FIN1              -0.108      0.035     -3.096      0.002
    FIN2              -0.097      0.033     -2.934      0.003
    FIN3              -0.129      0.032     -3.980      0.000

 UNEMPLOY WITH
    FIN1              -0.122      0.036     -3.378      0.001
    FIN2              -0.093      0.030     -3.127      0.002
    FIN3              -0.091      0.033     -2.784      0.005

 FIN1     WITH
    FIN2               0.715      0.019     38.243      0.000
    FIN3               0.655      0.024     27.824      0.000

 FIN2     WITH
    FIN3               0.703      0.021     33.370      0.000

 Means
    GENDER1            1.352      0.045     29.942      0.000
    AGE1              32.399      0.350     92.494      0.000
    EDUCATION_         4.017      0.064     62.487      0.000
    EDUCATION_         3.785      0.060     63.203      0.000
    UNEMPLOYED         0.426      0.019     22.555      0.000
    UNEMPLOYED         0.274      0.018     15.499      0.000
    FIN1               4.405      0.092     48.115      0.000
    FIN2               4.567      0.096     47.388      0.000
    FIN3               4.334      0.102     42.326      0.000

 Intercepts
    X1                -1.874      0.901     -2.080      0.038
    X2                -1.875      0.903     -2.075      0.038
    X3                -1.872      0.902     -2.076      0.038
    Y1                 0.487      0.922      0.528      0.597
    Y2                 0.465      0.882      0.527      0.598
    Y3                 0.465      0.882      0.528      0.598
    M1                -2.296      0.979     -2.346      0.019
    M2                -2.103      0.899     -2.338      0.019
    M3                -2.089      0.894     -2.338      0.019

 Variances
    GENDER1            1.000      0.000    999.000    999.000
    AGE1               1.000      0.000    999.000    999.000
    EDUCATION_         1.000      0.000    999.000    999.000
    EDUCATION_         1.000      0.000    999.000    999.000
    UNEMPLOYED         1.000      0.000    999.000    999.000
    UNEMPLOYED         1.000      0.000    999.000    999.000
    FIN1               1.000      0.000    999.000    999.000
    FIN2               1.000      0.000    999.000    999.000
    FIN3               1.000      0.000    999.000    999.000
    RIX                1.000      0.000    999.000    999.000
    RIY                1.000      0.000    999.000    999.000
    RIM                1.000      0.000    999.000    999.000
    WX1                1.000      0.000    999.000    999.000
    WY1                1.000      0.000    999.000    999.000
    WM1                1.000      0.000    999.000    999.000

 Residual Variances
    X1                 0.000      0.000      0.000      1.000
    X2                 0.000      0.000      0.000      1.000
    X3                 0.000      0.000      0.000      1.000
    Y1                 0.000      0.000      0.000      1.000
    Y2                 0.000      0.000      0.000      1.000
    Y3                 0.000      0.000      0.000      1.000
    M1                 0.000      0.000      0.000      1.000
    M2                 0.000      0.000      0.000      1.000
    M3                 0.000      0.000      0.000      1.000
    WX2                0.968      0.025     38.484      0.000
    WX3                0.960      0.029     32.903      0.000
    WY2                0.976      0.019     51.279      0.000
    WY3                0.967      0.024     39.803      0.000
    WM2                0.936      0.029     32.281      0.000
    WM3                0.904      0.036     24.825      0.000


R-SQUARE

    Observed                                        Two-Tailed
    Variable        Estimate       S.E.  Est./S.E.    P-Value

    X1                 1.000      0.000    999.000    999.000
    X2                 1.000      0.000    999.000    999.000
    X3                 1.000      0.000    999.000    999.000
    Y1                 1.000      0.000    999.000    999.000
    Y2                 1.000      0.000    999.000    999.000
    Y3                 1.000      0.000    999.000    999.000
    M1                 1.000      0.000    999.000    999.000
    M2                 1.000      0.000    999.000    999.000
    M3                 1.000      0.000    999.000    999.000

     Latent                                         Two-Tailed
    Variable        Estimate       S.E.  Est./S.E.    P-Value

    WX2                0.032      0.025      1.284      0.199
    WX3                0.040      0.029      1.382      0.167
    WY2                0.024      0.019      1.257      0.209
    WY3                0.033      0.024      1.355      0.175
    WM2                0.064      0.029      2.219      0.026
    WM3                0.096      0.036      2.626      0.009


CONFIDENCE INTERVALS OF MODEL RESULTS

                  Lower .5%  Lower 2.5%    Lower 5%    Estimate    Upper 5%  Upper 2.5%   Upper .5%

 RIX      BY
    X1               1.000       1.000       1.000       1.000       1.000       1.000       1.000
    X2               1.000       1.000       1.000       1.000       1.000       1.000       1.000
    X3               1.000       1.000       1.000       1.000       1.000       1.000       1.000

 RIY      BY
    Y1               1.000       1.000       1.000       1.000       1.000       1.000       1.000
    Y2               1.000       1.000       1.000       1.000       1.000       1.000       1.000
    Y3               1.000       1.000       1.000       1.000       1.000       1.000       1.000

 RIM      BY
    M1               1.000       1.000       1.000       1.000       1.000       1.000       1.000
    M2               1.000       1.000       1.000       1.000       1.000       1.000       1.000
    M3               1.000       1.000       1.000       1.000       1.000       1.000       1.000

 WX1      BY
    X1               1.000       1.000       1.000       1.000       1.000       1.000       1.000

 WX2      BY
    X2               1.000       1.000       1.000       1.000       1.000       1.000       1.000

 WX3      BY
    X3               1.000       1.000       1.000       1.000       1.000       1.000       1.000

 WY1      BY
    Y1               1.000       1.000       1.000       1.000       1.000       1.000       1.000

 WY2      BY
    Y2               1.000       1.000       1.000       1.000       1.000       1.000       1.000

 WY3      BY
    Y3               1.000       1.000       1.000       1.000       1.000       1.000       1.000

 WM1      BY
    M1               1.000       1.000       1.000       1.000       1.000       1.000       1.000

 WM2      BY
    M2               1.000       1.000       1.000       1.000       1.000       1.000       1.000

 WM3      BY
    M3               1.000       1.000       1.000       1.000       1.000       1.000       1.000

 WY2      ON
    WY1             -0.024       0.014       0.034       0.139       0.246       0.268       0.310
    WX1             -0.086      -0.060      -0.048       0.020       0.090       0.103       0.130
    WM1             -0.273      -0.234      -0.214      -0.104       0.006       0.028       0.069

 WY3      ON
    WY2             -0.024       0.014       0.034       0.139       0.246       0.268       0.310
    WX2             -0.086      -0.060      -0.048       0.020       0.090       0.103       0.130
    WM2             -0.273      -0.234      -0.214      -0.104       0.006       0.028       0.069

 WX2      ON
    WX1             -0.040       0.005       0.025       0.140       0.262       0.284       0.328
    WY1             -0.159      -0.124      -0.106      -0.014       0.081       0.098       0.132
    WM1             -0.029       0.009       0.029       0.148       0.263       0.284       0.327

 WX3      ON
    WX2             -0.040       0.005       0.025       0.140       0.262       0.284       0.328
    WY2             -0.159      -0.124      -0.106      -0.014       0.081       0.098       0.132
    WM2             -0.029       0.009       0.029       0.148       0.263       0.284       0.327

 WM2      ON
    WM1              0.136       0.173       0.191       0.289       0.388       0.408       0.448
    WX1             -0.053      -0.034      -0.024       0.027       0.080       0.091       0.111
    WY1             -0.130      -0.109      -0.097      -0.038       0.022       0.032       0.054

 WM3      ON
    WM2              0.136       0.173       0.191       0.289       0.388       0.408       0.448
    WX2             -0.053      -0.034      -0.024       0.027       0.080       0.091       0.111
    WY2             -0.130      -0.109      -0.097      -0.038       0.022       0.032       0.054

 X1       ON
    GENDER1          0.351       0.389       0.408       0.510       0.610       0.628       0.664
    AGE1            -0.076      -0.048      -0.032       0.054       0.141       0.157       0.188
    EDUCATION_      -0.063      -0.042      -0.033       0.021       0.077       0.088       0.109
    EDUCATION_      -0.022      -0.003       0.007       0.060       0.113       0.123       0.144
    UNEMPLOYED      -0.223      -0.172      -0.148      -0.016       0.118       0.146       0.195
    UNEMPLOYED      -0.134      -0.072      -0.041       0.126       0.299       0.335       0.406
    FIN1            -0.023      -0.003       0.007       0.058       0.110       0.119       0.139

 X2       ON
    GENDER1          0.194       0.238       0.258       0.359       0.463       0.482       0.520
    AGE1            -0.083      -0.052      -0.038       0.049       0.135       0.153       0.181
    EDUCATION_      -0.062      -0.039      -0.028       0.032       0.093       0.104       0.125
    EDUCATION_      -0.039      -0.017      -0.006       0.051       0.107       0.118       0.141
    UNEMPLOYED      -0.154      -0.104      -0.077       0.054       0.193       0.217       0.269
    UNEMPLOYED      -0.162      -0.108      -0.071       0.101       0.280       0.316       0.380
    FIN2             0.013       0.035       0.045       0.101       0.157       0.167       0.190

 X3       ON
    GENDER1          0.208       0.248       0.267       0.368       0.469       0.487       0.526
    AGE1            -0.079      -0.050      -0.033       0.053       0.139       0.156       0.186
    EDUCATION_      -0.036      -0.015      -0.004       0.055       0.114       0.125       0.149
    EDUCATION_      -0.052      -0.028      -0.017       0.040       0.096       0.107       0.129
    UNEMPLOYED      -0.143      -0.088      -0.062       0.072       0.210       0.235       0.273
    UNEMPLOYED      -0.201      -0.130      -0.099       0.072       0.246       0.278       0.337
    FIN3            -0.015       0.005       0.017       0.073       0.130       0.142       0.168

 Y1       ON
    GENDER1          0.295       0.329       0.346       0.432       0.518       0.535       0.565
    AGE1            -0.128      -0.098      -0.085      -0.009       0.069       0.084       0.113
    EDUCATION_      -0.071      -0.051      -0.042       0.011       0.063       0.073       0.095
    EDUCATION_      -0.097      -0.076      -0.067      -0.015       0.036       0.046       0.064
    UNEMPLOYED      -0.176      -0.138      -0.114       0.007       0.129       0.155       0.202
    UNEMPLOYED      -0.377      -0.314      -0.284      -0.125       0.037       0.071       0.134
    FIN1            -0.205      -0.188      -0.179      -0.134      -0.089      -0.082      -0.066

 Y2       ON
    GENDER1          0.293       0.329       0.347       0.439       0.530       0.548       0.584
    AGE1            -0.128      -0.101      -0.086      -0.011       0.066       0.081       0.111
    EDUCATION_      -0.074      -0.053      -0.043       0.010       0.061       0.072       0.091
    EDUCATION_      -0.099      -0.079      -0.069      -0.016       0.037       0.048       0.069
    UNEMPLOYED      -0.055      -0.009       0.015       0.148       0.278       0.305       0.358
    UNEMPLOYED      -0.403      -0.338      -0.304      -0.123       0.063       0.100       0.170
    FIN2            -0.207      -0.190      -0.181      -0.131      -0.083      -0.073      -0.056

 Y3       ON
    GENDER1          0.258       0.290       0.309       0.399       0.489       0.506       0.540
    AGE1            -0.121      -0.093      -0.079      -0.004       0.073       0.089       0.119
    EDUCATION_      -0.059      -0.041      -0.031       0.021       0.073       0.084       0.104
    EDUCATION_      -0.098      -0.081      -0.071      -0.022       0.027       0.039       0.058
    UNEMPLOYED      -0.140      -0.096      -0.071       0.057       0.187       0.214       0.262
    UNEMPLOYED      -0.448      -0.384      -0.351      -0.184      -0.015       0.018       0.086
    FIN3            -0.227      -0.211      -0.202      -0.157      -0.112      -0.104      -0.087

 M1       ON
    GENDER1         -0.270      -0.240      -0.226      -0.156      -0.088      -0.074      -0.050
    AGE1            -0.028      -0.005       0.008       0.072       0.137       0.150       0.173
    EDUCATION_      -0.088      -0.074      -0.065      -0.024       0.018       0.026       0.041
    EDUCATION_      -0.042      -0.025      -0.018       0.022       0.062       0.070       0.084
    UNEMPLOYED      -0.140      -0.102      -0.081       0.018       0.118       0.136       0.174
    UNEMPLOYED      -0.044       0.012       0.040       0.185       0.330       0.356       0.414
    FIN1             0.060       0.072       0.079       0.113       0.148       0.155       0.169

 M2       ON
    GENDER1         -0.274      -0.245      -0.232      -0.154      -0.080      -0.066      -0.037
    AGE1            -0.029      -0.008       0.006       0.070       0.135       0.146       0.171
    EDUCATION_      -0.074      -0.059      -0.050      -0.007       0.037       0.046       0.062
    EDUCATION_      -0.053      -0.036      -0.028       0.016       0.059       0.068       0.084
    UNEMPLOYED      -0.164      -0.117      -0.095       0.013       0.123       0.146       0.184
    UNEMPLOYED      -0.246      -0.187      -0.154      -0.002       0.153       0.185       0.237
    FIN2             0.058       0.071       0.078       0.114       0.151       0.158       0.172

 M3       ON
    GENDER1         -0.236      -0.202      -0.187      -0.107      -0.030      -0.014       0.012
    AGE1            -0.032      -0.009       0.004       0.068       0.133       0.146       0.170
    EDUCATION_      -0.066      -0.051      -0.042       0.002       0.046       0.055       0.069
    EDUCATION_      -0.060      -0.044      -0.034       0.009       0.053       0.062       0.077
    UNEMPLOYED      -0.207      -0.172      -0.150      -0.042       0.064       0.085       0.131
    UNEMPLOYED      -0.103      -0.035      -0.004       0.143       0.288       0.314       0.372
    FIN3             0.048       0.063       0.071       0.111       0.151       0.159       0.175

 RIX      WITH
    RIY             -0.050      -0.036      -0.031       0.006       0.041       0.048       0.061
    RIM             -0.008       0.005       0.012       0.047       0.078       0.084       0.095

 RIY      WITH
    RIM             -0.180      -0.170      -0.164      -0.136      -0.104      -0.098      -0.085

 WX1      WITH
    WY1             -0.058      -0.045      -0.038      -0.006       0.026       0.032       0.045
    WM1              0.009       0.018       0.022       0.049       0.079       0.086       0.099

 WY1      WITH
    WM1             -0.083      -0.069      -0.063      -0.035      -0.009      -0.005       0.004

 WX2      WITH
    WY2             -0.056      -0.046      -0.042      -0.018       0.008       0.012       0.021
    WM2              0.026       0.034       0.037       0.059       0.078       0.082       0.090

 WY2      WITH
    WM2             -0.094      -0.088      -0.085      -0.069      -0.052      -0.048      -0.042

 WX3      WITH
    WY3             -0.056      -0.046      -0.042      -0.018       0.008       0.012       0.021
    WM3              0.026       0.034       0.037       0.059       0.078       0.082       0.090

 WY3      WITH
    WM3             -0.094      -0.088      -0.085      -0.069      -0.052      -0.048      -0.042

 GENDER1  WITH
    AGE1            -0.020      -0.015      -0.013      -0.001       0.011       0.014       0.018
    EDUCATION_      -0.073      -0.065      -0.060      -0.036      -0.011      -0.006       0.004
    EDUCATION_      -0.060      -0.051      -0.046      -0.022       0.003       0.007       0.018
    UNEMPLOYED      -0.017      -0.014      -0.012      -0.003       0.006       0.008       0.011
    UNEMPLOYED      -0.012      -0.010      -0.008      -0.002       0.005       0.006       0.008
    FIN1            -0.019      -0.012      -0.008       0.014       0.035       0.040       0.048
    FIN2            -0.035      -0.027      -0.022      -0.001       0.020       0.024       0.031
    FIN3            -0.030      -0.021      -0.017       0.006       0.028       0.032       0.040

 AGE1     WITH
    EDUCATION_      -0.075      -0.067      -0.061      -0.037      -0.012      -0.008       0.002
    EDUCATION_      -0.057      -0.048      -0.044      -0.018       0.007       0.012       0.023
    UNEMPLOYED      -0.002       0.001       0.003       0.012       0.021       0.022       0.025
    UNEMPLOYED      -0.009      -0.006      -0.005       0.002       0.008       0.009       0.012
    FIN1            -0.039      -0.031      -0.027      -0.006       0.016       0.020       0.028
    FIN2            -0.044      -0.036      -0.031      -0.010       0.010       0.015       0.022
    FIN3            -0.047      -0.038      -0.035      -0.012       0.010       0.014       0.023

 EDUCATIO WITH
    EDUCATION_       0.373       0.392       0.403       0.452       0.501       0.511       0.530
    UNEMPLOYED      -0.119      -0.111      -0.107      -0.088      -0.068      -0.065      -0.058
    UNEMPLOYED      -0.046      -0.040      -0.038      -0.024      -0.010      -0.007      -0.001
    FIN1             0.049       0.065       0.073       0.118       0.162       0.171       0.189
    FIN2             0.065       0.081       0.089       0.132       0.174       0.181       0.197
    FIN3             0.066       0.083       0.091       0.136       0.180       0.189       0.205

 EDUCATIO WITH
    UNEMPLOYED      -0.086      -0.079      -0.075      -0.057      -0.038      -0.034      -0.027
    UNEMPLOYED      -0.050      -0.045      -0.043      -0.031      -0.018      -0.016      -0.012
    FIN1             0.074       0.091       0.100       0.145       0.190       0.201       0.217
    FIN2             0.109       0.122       0.130       0.173       0.216       0.225       0.241
    FIN3             0.113       0.130       0.140       0.184       0.229       0.238       0.253

 UNEMPLOY WITH
    UNEMPLOYED       0.004       0.006       0.007       0.013       0.020       0.022       0.024
    FIN1            -0.062      -0.055      -0.052      -0.033      -0.016      -0.012      -0.006
    FIN2            -0.055      -0.048      -0.046      -0.029      -0.013      -0.009      -0.004
    FIN3            -0.068      -0.061      -0.057      -0.040      -0.023      -0.020      -0.014

 UNEMPLOY WITH
    FIN1            -0.048      -0.043      -0.040      -0.027      -0.013      -0.010      -0.005
    FIN2            -0.037      -0.033      -0.031      -0.020      -0.009      -0.007      -0.003
    FIN3            -0.040      -0.035      -0.033      -0.020      -0.008      -0.006      -0.001

 FIN1     WITH
    FIN2             0.439       0.455       0.463       0.504       0.545       0.553       0.568
    FIN3             0.419       0.434       0.442       0.484       0.525       0.532       0.551

 FIN2     WITH
    FIN3             0.441       0.456       0.463       0.504       0.543       0.552       0.566

 Means
    GENDER1          0.607       0.617       0.621       0.646       0.671       0.676       0.686
    AGE1            15.598      15.608      15.612      15.638      15.663      15.669      15.679
    EDUCATION_       3.827       3.846       3.856       3.907       3.959       3.969       3.988
    EDUCATION_       3.671       3.691       3.701       3.754       3.806       3.817       3.837
    UNEMPLOYED       0.124       0.132       0.135       0.154       0.172       0.176       0.183
    UNEMPLOYED       0.049       0.054       0.056       0.070       0.084       0.087       0.092
    FIN1             3.682       3.701       3.711       3.755       3.800       3.808       3.826
    FIN2             3.707       3.724       3.733       3.776       3.820       3.828       3.843
    FIN3             3.681       3.698       3.706       3.754       3.799       3.808       3.824

 Intercepts
    X1              -3.884      -3.371      -3.117      -1.733      -0.338      -0.085       0.374
    X2              -3.884      -3.371      -3.117      -1.733      -0.338      -0.085       0.374
    X3              -3.884      -3.371      -3.117      -1.733      -0.338      -0.085       0.374
    Y1              -1.552      -1.092      -0.858       0.391       1.599       1.808       2.280
    Y2              -1.552      -1.092      -0.858       0.391       1.599       1.808       2.280
    Y3              -1.552      -1.092      -0.858       0.391       1.599       1.808       2.280
    M1              -3.094      -2.720      -2.518      -1.474      -0.447      -0.236       0.100
    M2              -3.094      -2.720      -2.518      -1.474      -0.447      -0.236       0.100
    M3              -3.094      -2.720      -2.518      -1.474      -0.447      -0.236       0.100

 Variances
    GENDER1          0.216       0.219       0.221       0.229       0.235       0.236       0.238
    AGE1             0.220       0.223       0.225       0.233       0.240       0.241       0.244
    EDUCATION_       0.885       0.899       0.906       0.946       0.986       0.996       1.012
    EDUCATION_       0.914       0.929       0.938       0.984       1.030       1.039       1.058
    UNEMPLOYED       0.109       0.114       0.117       0.130       0.143       0.145       0.150
    UNEMPLOYED       0.047       0.051       0.053       0.065       0.077       0.079       0.083
    FIN1             0.657       0.671       0.680       0.727       0.771       0.779       0.798
    FIN2             0.617       0.632       0.640       0.684       0.727       0.737       0.753
    FIN3             0.670       0.688       0.698       0.750       0.803       0.814       0.834
    RIX              0.297       0.326       0.338       0.407       0.460       0.471       0.494
    RIY              0.244       0.263       0.273       0.325       0.365       0.374       0.390
    RIM              0.178       0.194       0.202       0.241       0.270       0.276       0.288
    WX1              0.295       0.313       0.323       0.379       0.448       0.464       0.498
    WY1              0.213       0.224       0.230       0.267       0.311       0.321       0.342
    WM1              0.110       0.120       0.125       0.154       0.189       0.196       0.214

 Residual Variances
    X1               0.000       0.000       0.000       0.000       0.000       0.000       0.000
    X2               0.000       0.000       0.000       0.000       0.000       0.000       0.000
    X3               0.000       0.000       0.000       0.000       0.000       0.000       0.000
    Y1               0.000       0.000       0.000       0.000       0.000       0.000       0.000
    Y2               0.000       0.000       0.000       0.000       0.000       0.000       0.000
    Y3               0.000       0.000       0.000       0.000       0.000       0.000       0.000
    M1               0.000       0.000       0.000       0.000       0.000       0.000       0.000
    M2               0.000       0.000       0.000       0.000       0.000       0.000       0.000
    M3               0.000       0.000       0.000       0.000       0.000       0.000       0.000
    WX2              0.317       0.334       0.342       0.392       0.433       0.443       0.459
    WX3              0.317       0.334       0.342       0.392       0.433       0.443       0.459
    WY2              0.264       0.276       0.282       0.316       0.343       0.350       0.361
    WY3              0.264       0.276       0.282       0.316       0.343       0.350       0.361
    WM2              0.189       0.195       0.199       0.219       0.236       0.239       0.247
    WM3              0.189       0.195       0.199       0.219       0.236       0.239       0.247

New/Additional Parameters
    IND             -0.017      -0.012      -0.010      -0.003       0.003       0.005       0.008


CONFIDENCE INTERVALS OF STANDARDIZED MODEL RESULTS


STDYX Standardization

                  Lower .5%  Lower 2.5%    Lower 5%    Estimate    Upper 5%  Upper 2.5%   Upper .5%

 RIX      BY
    X1               0.594       0.620       0.632       0.691       0.730       0.736       0.749
    X2               0.596       0.624       0.635       0.691       0.727       0.735       0.748
    X3               0.593       0.621       0.632       0.690       0.727       0.735       0.748

 RIY      BY
    Y1               0.621       0.646       0.656       0.709       0.742       0.749       0.761
    Y2               0.598       0.619       0.628       0.677       0.709       0.716       0.729
    Y3               0.598       0.618       0.627       0.677       0.710       0.717       0.730

 RIM      BY
    M1               0.666       0.692       0.706       0.765       0.803       0.809       0.822
    M2               0.614       0.641       0.651       0.700       0.731       0.737       0.747
    M3               0.607       0.633       0.644       0.696       0.728       0.734       0.745

 WX1      BY
    X1               0.601       0.615       0.622       0.666       0.716       0.727       0.748

 WX2      BY
    X2               0.620       0.636       0.644       0.688       0.737       0.747       0.768

 WX3      BY
    X3               0.621       0.638       0.645       0.690       0.739       0.750       0.770

 WY1      BY
    Y1               0.578       0.593       0.600       0.643       0.690       0.700       0.720

 WY2      BY
    Y2               0.618       0.631       0.638       0.676       0.715       0.723       0.738

 WY3      BY
    Y3               0.620       0.635       0.642       0.679       0.719       0.728       0.743

 WM1      BY
    M1               0.525       0.545       0.554       0.611       0.673       0.686       0.710

 WM2      BY
    M2               0.635       0.646       0.653       0.691       0.733       0.742       0.761

 WM3      BY
    M3               0.639       0.652       0.658       0.698       0.742       0.751       0.771

 WY2      ON
    WY1             -0.022       0.013       0.031       0.126       0.225       0.245       0.283
    WX1             -0.091      -0.064      -0.051       0.022       0.099       0.113       0.143
    WM1             -0.191      -0.163      -0.148      -0.072       0.004       0.019       0.049

 WY3      ON
    WY2             -0.024       0.014       0.034       0.138       0.244       0.265       0.306
    WX2             -0.095      -0.068      -0.054       0.023       0.100       0.114       0.143
    WM2             -0.235      -0.201      -0.183      -0.088       0.005       0.023       0.057

 WX2      ON
    WX1             -0.038       0.005       0.024       0.136       0.253       0.274       0.321
    WY1             -0.131      -0.101      -0.086      -0.012       0.065       0.079       0.107
    WM1             -0.018       0.005       0.018       0.091       0.165       0.181       0.210

 WX3      ON
    WX2             -0.040       0.005       0.024       0.139       0.260       0.282       0.327
    WY2             -0.141      -0.110      -0.094      -0.013       0.072       0.087       0.117
    WM2             -0.022       0.007       0.022       0.112       0.199       0.215       0.248

 WM2      ON
    WM1              0.108       0.136       0.150       0.234       0.325       0.345       0.388
    WX1             -0.069      -0.043      -0.031       0.034       0.102       0.116       0.143
    WY1             -0.140      -0.118      -0.105      -0.041       0.023       0.034       0.057

 WM3      ON
    WM2              0.135       0.172       0.190       0.284       0.379       0.397       0.436
    WX2             -0.068      -0.043      -0.031       0.035       0.105       0.119       0.149
    WY2             -0.151      -0.124      -0.112      -0.044       0.025       0.037       0.062

 X1       ON
    GENDER1          0.186       0.204       0.213       0.264       0.312       0.321       0.337
    AGE1            -0.040      -0.025      -0.017       0.028       0.073       0.082       0.098
    EDUCATION_      -0.067      -0.045      -0.035       0.022       0.080       0.092       0.113
    EDUCATION_      -0.024      -0.003       0.008       0.064       0.121       0.132       0.154
    UNEMPLOYED      -0.086      -0.068      -0.058      -0.006       0.046       0.057       0.076
    UNEMPLOYED      -0.037      -0.020      -0.011       0.035       0.081       0.091       0.111
    FIN1            -0.021      -0.003       0.006       0.054       0.101       0.109       0.127

 X2       ON
    GENDER1          0.101       0.124       0.134       0.186       0.237       0.247       0.266
    AGE1            -0.043      -0.027      -0.020       0.026       0.071       0.080       0.095
    EDUCATION_      -0.065      -0.041      -0.029       0.034       0.098       0.110       0.132
    EDUCATION_      -0.043      -0.018      -0.006       0.054       0.114       0.126       0.151
    UNEMPLOYED      -0.060      -0.040      -0.030       0.021       0.075       0.085       0.103
    UNEMPLOYED      -0.045      -0.029      -0.020       0.028       0.077       0.086       0.103
    FIN2             0.011       0.031       0.041       0.091       0.140       0.149       0.169

 X3       ON
    GENDER1          0.109       0.128       0.138       0.190       0.241       0.250       0.267
    AGE1            -0.041      -0.026      -0.017       0.028       0.073       0.081       0.097
    EDUCATION_      -0.037      -0.016      -0.005       0.058       0.119       0.131       0.156
    EDUCATION_      -0.055      -0.030      -0.018       0.042       0.103       0.114       0.137
    UNEMPLOYED      -0.054      -0.034      -0.024       0.028       0.082       0.091       0.107
    UNEMPLOYED      -0.055      -0.036      -0.027       0.020       0.067       0.076       0.093
    FIN3            -0.014       0.005       0.016       0.068       0.121       0.132       0.155

 Y1       ON
    GENDER1          0.177       0.196       0.206       0.257       0.307       0.316       0.336
    AGE1            -0.076      -0.059      -0.051      -0.005       0.041       0.051       0.068
    EDUCATION_      -0.086      -0.062      -0.051       0.013       0.076       0.089       0.113
    EDUCATION_      -0.119      -0.093      -0.083      -0.018       0.044       0.057       0.081
    UNEMPLOYED      -0.079      -0.062      -0.051       0.003       0.058       0.069       0.089
    UNEMPLOYED      -0.118      -0.099      -0.090      -0.039       0.012       0.022       0.043
    FIN1            -0.217      -0.199      -0.190      -0.142      -0.095      -0.086      -0.070

 Y2       ON
    GENDER1          0.168       0.187       0.198       0.249       0.300       0.309       0.328
    AGE1            -0.073      -0.058      -0.049      -0.006       0.038       0.047       0.064
    EDUCATION_      -0.085      -0.061      -0.050       0.011       0.071       0.083       0.105
    EDUCATION_      -0.117      -0.094      -0.081      -0.018       0.043       0.056       0.081
    UNEMPLOYED      -0.024      -0.004       0.007       0.063       0.118       0.130       0.150
    UNEMPLOYED      -0.120      -0.102      -0.091      -0.037       0.019       0.031       0.051
    FIN2            -0.205      -0.186      -0.178      -0.128      -0.081      -0.072      -0.055

 Y3       ON
    GENDER1          0.147       0.165       0.176       0.227       0.278       0.286       0.304
    AGE1            -0.070      -0.053      -0.046      -0.002       0.042       0.052       0.068
    EDUCATION_      -0.068      -0.048      -0.036       0.024       0.084       0.096       0.121
    EDUCATION_      -0.114      -0.095      -0.084      -0.026       0.032       0.046       0.068
    UNEMPLOYED      -0.061      -0.041      -0.030       0.024       0.080       0.091       0.112
    UNEMPLOYED      -0.134      -0.115      -0.105      -0.056      -0.004       0.005       0.026
    FIN3            -0.235      -0.218      -0.209      -0.162      -0.115      -0.107      -0.088

 M1       ON
    GENDER1         -0.201      -0.178      -0.168      -0.116      -0.066      -0.056      -0.037
    AGE1            -0.021      -0.004       0.006       0.054       0.103       0.112       0.130
    EDUCATION_      -0.132      -0.111      -0.098      -0.036       0.027       0.039       0.061
    EDUCATION_      -0.064      -0.039      -0.027       0.034       0.095       0.108       0.129
    UNEMPLOYED      -0.079      -0.057      -0.045       0.010       0.066       0.076       0.099
    UNEMPLOYED      -0.017       0.005       0.015       0.073       0.130       0.141       0.164
    FIN1             0.078       0.096       0.104       0.150       0.196       0.206       0.224

 M2       ON
    GENDER1         -0.185      -0.167      -0.157      -0.105      -0.055      -0.045      -0.025
    AGE1            -0.020      -0.005       0.004       0.048       0.093       0.101       0.118
    EDUCATION_      -0.102      -0.081      -0.069      -0.009       0.052       0.064       0.087
    EDUCATION_      -0.074      -0.051      -0.039       0.023       0.083       0.096       0.120
    UNEMPLOYED      -0.083      -0.060      -0.049       0.007       0.063       0.075       0.093
    UNEMPLOYED      -0.088      -0.067      -0.055      -0.001       0.055       0.066       0.086
    FIN2             0.069       0.084       0.092       0.135       0.178       0.187       0.203

 M3       ON
    GENDER1         -0.157      -0.136      -0.126      -0.072      -0.020      -0.010       0.008
    AGE1            -0.022      -0.006       0.003       0.047       0.091       0.099       0.116
    EDUCATION_      -0.091      -0.070      -0.058       0.003       0.063       0.075       0.096
    EDUCATION_      -0.083      -0.061      -0.048       0.013       0.075       0.087       0.110
    UNEMPLOYED      -0.104      -0.087      -0.077      -0.021       0.033       0.044       0.067
    UNEMPLOYED      -0.036      -0.013      -0.002       0.052       0.104       0.113       0.134
    FIN3             0.059       0.078       0.087       0.136       0.185       0.193       0.211

 RIX      WITH
    RIY             -0.145      -0.103      -0.086       0.016       0.116       0.137       0.177
    RIM             -0.031       0.017       0.043       0.151       0.244       0.260       0.292

 RIY      WITH
    RIM             -0.621      -0.586      -0.571      -0.488      -0.406      -0.389      -0.356

 WX1      WITH
    WY1             -0.172      -0.137      -0.118      -0.020       0.082       0.101       0.140
    WM1              0.039       0.077       0.096       0.202       0.308       0.328       0.365

 WY1      WITH
    WM1             -0.356      -0.313      -0.291      -0.172      -0.048      -0.024       0.019

 WX2      WITH
    WY2             -0.158      -0.133      -0.120      -0.051       0.023       0.036       0.062
    WM2              0.091       0.119       0.132       0.201       0.267       0.279       0.301

 WY2      WITH
    WM2             -0.351      -0.329      -0.319      -0.263      -0.203      -0.190      -0.166

 WX3      WITH
    WY3             -0.158      -0.133      -0.120      -0.051       0.023       0.036       0.062
    WM3              0.091       0.119       0.132       0.201       0.267       0.279       0.301

 WY3      WITH
    WM3             -0.351      -0.329      -0.319      -0.263      -0.203      -0.190      -0.166

 GENDER1  WITH
    AGE1            -0.085      -0.065      -0.056      -0.003       0.050       0.060       0.080
    EDUCATION_      -0.158      -0.140      -0.129      -0.077      -0.024      -0.013       0.008
    EDUCATION_      -0.126      -0.107      -0.097      -0.046       0.006       0.016       0.037
    UNEMPLOYED      -0.100      -0.080      -0.070      -0.016       0.037       0.047       0.066
    UNEMPLOYED      -0.103      -0.080      -0.069      -0.014       0.040       0.050       0.071
    FIN1            -0.048      -0.029      -0.019       0.035       0.086       0.097       0.116
    FIN2            -0.089      -0.068      -0.057      -0.003       0.051       0.061       0.079
    FIN3            -0.072      -0.051      -0.041       0.014       0.068       0.077       0.096

 AGE1     WITH
    EDUCATION_      -0.159      -0.142      -0.131      -0.078      -0.026      -0.016       0.003
    EDUCATION_      -0.119      -0.101      -0.091      -0.038       0.015       0.025       0.047
    UNEMPLOYED      -0.013       0.007       0.017       0.068       0.118       0.127       0.144
    UNEMPLOYED      -0.072      -0.050      -0.039       0.014       0.065       0.075       0.094
    FIN1            -0.096      -0.076      -0.066      -0.013       0.040       0.050       0.069
    FIN2            -0.109      -0.090      -0.079      -0.026       0.026       0.038       0.057
    FIN3            -0.111      -0.092      -0.083      -0.030       0.024       0.035       0.054

 EDUCATIO WITH
    EDUCATION_       0.394       0.413       0.421       0.469       0.514       0.523       0.539
    UNEMPLOYED      -0.326      -0.308      -0.298      -0.250      -0.200      -0.190      -0.172
    UNEMPLOYED      -0.180      -0.159      -0.150      -0.096      -0.040      -0.029      -0.006
    FIN1             0.059       0.079       0.089       0.142       0.195       0.205       0.225
    FIN2             0.082       0.101       0.112       0.164       0.215       0.225       0.242
    FIN3             0.080       0.099       0.108       0.161       0.214       0.223       0.242

 EDUCATIO WITH
    UNEMPLOYED      -0.235      -0.217      -0.207      -0.158      -0.107      -0.098      -0.077
    UNEMPLOYED      -0.188      -0.172      -0.164      -0.121      -0.075      -0.066      -0.050
    FIN1             0.088       0.108       0.118       0.172       0.225       0.237       0.257
    FIN2             0.133       0.151       0.160       0.211       0.261       0.271       0.290
    FIN3             0.133       0.153       0.164       0.214       0.265       0.274       0.292

 UNEMPLOY WITH
    UNEMPLOYED       0.040       0.065       0.078       0.146       0.214       0.229       0.257
    FIN1            -0.197      -0.177      -0.166      -0.108      -0.051      -0.039      -0.020
    FIN2            -0.184      -0.161      -0.152      -0.097      -0.043      -0.031      -0.014
    FIN3            -0.213      -0.193      -0.182      -0.129      -0.076      -0.065      -0.045

 UNEMPLOY WITH
    FIN1            -0.214      -0.192      -0.181      -0.122      -0.062      -0.050      -0.026
    FIN2            -0.169      -0.152      -0.142      -0.093      -0.045      -0.034      -0.017
    FIN3            -0.174      -0.155      -0.145      -0.091      -0.037      -0.027      -0.006

 FIN1     WITH
    FIN2             0.663       0.677       0.683       0.715       0.745       0.750       0.761
    FIN3             0.592       0.607       0.615       0.655       0.693       0.699       0.712

 FIN2     WITH
    FIN3             0.644       0.659       0.668       0.703       0.737       0.742       0.754

 Means
    GENDER1          1.244       1.268       1.280       1.352       1.428       1.444       1.477
    AGE1            31.618      31.784      31.878      32.399      33.018      33.146      33.447
    EDUCATION_       3.851       3.892       3.914       4.017       4.125       4.147       4.185
    EDUCATION_       3.631       3.671       3.689       3.785       3.886       3.904       3.944
    UNEMPLOYED       0.376       0.389       0.394       0.426       0.457       0.462       0.474
    UNEMPLOYED       0.227       0.239       0.244       0.274       0.303       0.308       0.318
    FIN1             4.183       4.239       4.266       4.405       4.564       4.598       4.654
    FIN2             4.335       4.384       4.414       4.567       4.731       4.766       4.823
    FIN3             4.084       4.142       4.173       4.334       4.508       4.547       4.621

 Intercepts
    X1              -4.170      -3.647      -3.343      -1.874      -0.368      -0.094       0.411
    X2              -4.155      -3.645      -3.371      -1.875      -0.371      -0.092       0.413
    X3              -4.166      -3.645      -3.365      -1.872      -0.369      -0.093       0.410
    Y1              -1.943      -1.367      -1.073       0.487       1.986       2.237       2.845
    Y2              -1.866      -1.293      -1.015       0.465       1.908       2.151       2.722
    Y3              -1.866      -1.296      -1.018       0.465       1.909       2.144       2.726
    M1              -4.784      -4.211      -3.900      -2.296      -0.704      -0.365       0.159
    M2              -4.427      -3.861      -3.584      -2.103      -0.639      -0.334       0.142
    M3              -4.392      -3.843      -3.556      -2.089      -0.637      -0.332       0.141

 Variances
    GENDER1          1.000       1.000       1.000       1.000       1.000       1.000       1.000
    AGE1             1.000       1.000       1.000       1.000       1.000       1.000       1.000
    EDUCATION_       1.000       1.000       1.000       1.000       1.000       1.000       1.000
    EDUCATION_       1.000       1.000       1.000       1.000       1.000       1.000       1.000
    UNEMPLOYED       1.000       1.000       1.000       1.000       1.000       1.000       1.000
    UNEMPLOYED       1.000       1.000       1.000       1.000       1.000       1.000       1.000
    FIN1             1.000       1.000       1.000       1.000       1.000       1.000       1.000
    FIN2             1.000       1.000       1.000       1.000       1.000       1.000       1.000
    FIN3             1.000       1.000       1.000       1.000       1.000       1.000       1.000
    RIX              1.000       1.000       1.000       1.000       1.000       1.000       1.000
    RIY              1.000       1.000       1.000       1.000       1.000       1.000       1.000
    RIM              1.000       1.000       1.000       1.000       1.000       1.000       1.000
    WX1              1.000       1.000       1.000       1.000       1.000       1.000       1.000
    WY1              1.000       1.000       1.000       1.000       1.000       1.000       1.000
    WM1              1.000       1.000       1.000       1.000       1.000       1.000       1.000

 Residual Variances
    X1               0.000       0.000       0.000       0.000       0.000       0.000       0.000
    X2               0.000       0.000       0.000       0.000       0.000       0.000       0.000
    X3               0.000       0.000       0.000       0.000       0.000       0.000       0.000
    Y1               0.000       0.000       0.000       0.000       0.000       0.000       0.000
    Y2               0.000       0.000       0.000       0.000       0.000       0.000       0.000
    Y3               0.000       0.000       0.000       0.000       0.000       0.000       0.000
    M1               0.000       0.000       0.000       0.000       0.000       0.000       0.000
    M2               0.000       0.000       0.000       0.000       0.000       0.000       0.000
    M3               0.000       0.000       0.000       0.000       0.000       0.000       0.000
    WX2              0.866       0.899       0.911       0.968       0.990       0.993       0.997
    WX3              0.851       0.879       0.894       0.960       0.987       0.991       0.996
    WY2              0.900       0.920       0.932       0.976       0.992       0.994       0.997
    WY3              0.875       0.898       0.911       0.967       0.989       0.992       0.997
    WM2              0.829       0.861       0.876       0.936       0.968       0.973       0.981
    WM3              0.785       0.815       0.832       0.904       0.950       0.959       0.970


     Beginning Time:  19:54:46
        Ending Time:  20:04:20
       Elapsed Time:  00:09:34



MUTHEN & MUTHEN
3463 Stoner Ave.
Los Angeles, CA  90066

Tel: (310) 391-9971
Fax: (310) 391-8971
Web: www.StatModel.com
Support: Support@StatModel.com

Copyright (c) 1998-2023 Muthen & Muthen
