Mplus VERSION 8.9
MUTHEN & MUTHEN
01/22/2025   8:04 PM

INPUT INSTRUCTIONS

  DATA:
    FILE IS "mplus.dat";
  VARIABLE:
    MISSING ARE ALL (-99);
    NAMES ARE id Gender1 Age1 Education_mother1 Education_father1
    unemployed_mother1 unemployed_father1 Fin1 Fin2 Fin3 Personal1
    Personal2 Personal3 Public1 Public2 Public3 Collective1
    Collective2 Collective3 Relational1 Relational2
    Relational3 Autonomy1 Autonomy2 Autonomy3 Relatedness1 Relatedness2
    Relatedness3 Competence1 Competence2 Competence3
    PA1 PA2 PA3 NA1 NA2 NA3 SWLS1 SWLS2 SWLS3;

  usevar =
  Gender1 Age1 Education_mother1 Education_father1
  unemployed_mother1 unemployed_father1 Fin1 Fin2 Fin3
  x1-x3 y1-y3 m1-m3 ;

  define:
  x1 = Public1;
  x2 = Public2;
  x3 = Public3;

  m1 = Autonomy1;
  m2 = Autonomy2;
  m3 = Autonomy3;

  y1 = SWLS1;
  y2 = SWLS2;
  y3 = SWLS3;







  analysis:

  MODEL = NOCOV;
  bootstrap = 10000;


  MODEL:
  RIx BY x1@1 x2@1 x3@1;
  RIy BY y1@1 y2@1 y3@1;
  RIm BY m1@1 m2@1 m3@1;



  wx1 BY x1@1;
  wx2 BY x2@1;
  wx3 BY x3@1;



  wy1 BY y1@1;
  wy2 BY y2@1;
  wy3 BY y3@1;



  wm1 By m1@1;
  wm2 By m2@1;
  wm3 By m3@1;


  x1-m3@0;


  wy2 ON wy1 (a );
  wy3 ON wy2 (a );


  wx2 ON wx1 (b );
  wx3 ON wx2 (b );


  wm2 ON wm1  (c);
  wm3 ON wm2  (c);


  wy2 ON  wx1 wm1  (d e);
  wy3 ON  wx2 wm2  (d e);


  wx2 ON wy1 wm1  (f j);
  wx3 ON wy2 wm2  (f j);


  wm2 ON wx1 wy1   (h i);
  wm3 ON wx2 wy2   (h i);


  RIx RIy RIm  with RIx RIy RIm ;

  wx1 wy1 wm1 with wx1 wy1 wm1;
  wx2 wy2 wm2 with wx2 wy2 wm2 (cov1 cov2 cov3);
  wx3 wy3 wm3 with wx3 wy3 wm3 (cov1 cov2 cov3);

  wx2 (vx); wy2 (vy); wm2 (vm);
  wx3 (vx); wy3 (vy); wm3 (vm);

  x1-m3 on Gender1 Age1 Education_mother1 Education_father1
  unemployed_mother1 unemployed_father1 ;

  x1 y1 m1 on Fin1;
  x2 y2 m2 on Fin2;
  x3 y3 m3 on Fin3;

  Gender1 -Fin3 with Gender1 -Fin3;

  [x1-x3] (mx);
  [m1-m3] (mm);
  [y1-y3] (my);

  model constraint:
  new (ind);
  ind = h*e;

  output: cinterval (boot) stdyx;



*** WARNING in VARIABLE command
  Note that only the first 8 characters of variable names are used in the output.
  Shorten variable names to avoid any confusion.
   1 WARNING(S) FOUND IN THE INPUT INSTRUCTIONS




SUMMARY OF ANALYSIS

Number of groups                                                 1
Number of observations                                         971

Number of dependent variables                                    9
Number of independent variables                                  9
Number of continuous latent variables                           12

Observed dependent variables

  Continuous
   X1          X2          X3          Y1          Y2          Y3
   M1          M2          M3

Observed independent variables
   GENDER1     AGE1        EDUCATIO    EDUCATIO    UNEMPLOY    UNEMPLOY
   FIN1        FIN2        FIN3

Continuous latent variables
   RIX         RIY         RIM         WX1         WX2         WX3
   WY1         WY2         WY3         WM1         WM2         WM3


Estimator                                                       ML
Information matrix                                        OBSERVED
Maximum number of iterations                                  1000
Convergence criterion                                    0.500D-04
Maximum number of steepest descent iterations                   20
Maximum number of iterations for H1                           2000
Convergence criterion for H1                             0.100D-03
Number of bootstrap draws
    Requested                                                10000
    Completed                                                10000

Input data file(s)
  mplus.dat

Input data format  FREE


SUMMARY OF DATA

     Number of missing data patterns            19


COVARIANCE COVERAGE OF DATA

Minimum covariance coverage value   0.100


     PROPORTION OF DATA PRESENT


           Covariance Coverage
              X1            X2            X3            Y1            Y2
              ________      ________      ________      ________      ________
 X1             1.000
 X2             1.000         1.000
 X3             1.000         1.000         1.000
 Y1             1.000         1.000         1.000         1.000
 Y2             1.000         1.000         1.000         1.000         1.000
 Y3             1.000         1.000         1.000         1.000         1.000
 M1             1.000         1.000         1.000         1.000         1.000
 M2             1.000         1.000         1.000         1.000         1.000
 M3             1.000         1.000         1.000         1.000         1.000
 GENDER1        0.998         0.998         0.998         0.998         0.998
 AGE1           0.999         0.999         0.999         0.999         0.999
 EDUCATIO       0.994         0.994         0.994         0.994         0.994
 EDUCATIO       0.991         0.991         0.991         0.991         0.991
 UNEMPLOY       0.992         0.992         0.992         0.992         0.992
 UNEMPLOY       0.974         0.974         0.974         0.974         0.974
 FIN1           0.994         0.994         0.994         0.994         0.994
 FIN2           0.991         0.991         0.991         0.991         0.991
 FIN3           0.991         0.991         0.991         0.991         0.991


           Covariance Coverage
              Y3            M1            M2            M3            GENDER1
              ________      ________      ________      ________      ________
 Y3             1.000
 M1             1.000         1.000
 M2             1.000         1.000         1.000
 M3             1.000         1.000         1.000         1.000
 GENDER1        0.998         0.998         0.998         0.998         0.998
 AGE1           0.999         0.999         0.999         0.999         0.997
 EDUCATIO       0.994         0.994         0.994         0.994         0.992
 EDUCATIO       0.991         0.991         0.991         0.991         0.989
 UNEMPLOY       0.992         0.992         0.992         0.992         0.990
 UNEMPLOY       0.974         0.974         0.974         0.974         0.972
 FIN1           0.994         0.994         0.994         0.994         0.992
 FIN2           0.991         0.991         0.991         0.991         0.990
 FIN3           0.991         0.991         0.991         0.991         0.989


           Covariance Coverage
              AGE1          EDUCATIO      EDUCATIO      UNEMPLOY      UNEMPLOY
              ________      ________      ________      ________      ________
 AGE1           0.999
 EDUCATIO       0.993         0.994
 EDUCATIO       0.990         0.987         0.991
 UNEMPLOY       0.991         0.989         0.984         0.992
 UNEMPLOY       0.973         0.969         0.970         0.968         0.974
 FIN1           0.993         0.989         0.986         0.988         0.969
 FIN2           0.990         0.985         0.981         0.982         0.965
 FIN3           0.990         0.985         0.981         0.982         0.965


           Covariance Coverage
              FIN1          FIN2          FIN3
              ________      ________      ________
 FIN1           0.994
 FIN2           0.986         0.991
 FIN3           0.986         0.984         0.991



UNIVARIATE SAMPLE STATISTICS


     UNIVARIATE HIGHER-ORDER MOMENT DESCRIPTIVE STATISTICS

         Variable/         Mean/     Skewness/   Minimum/ % with                Percentiles
        Sample Size      Variance    Kurtosis    Maximum  Min/Max      20%/60%    40%/80%    Median

     X1                   -0.003      -0.091      -3.540    0.10%      -0.756     -0.211      0.039
             971.000       0.836       0.265       2.801    0.10%       0.222      0.728
     X2                    0.000       0.059      -2.732    0.10%      -0.713     -0.211     -0.009
             971.000       0.848       0.269       3.079    0.10%       0.179      0.698
     X3                    0.001       0.007      -3.090    0.10%      -0.690     -0.216     -0.019
             971.000       0.844       0.498       2.792    0.10%       0.174      0.735
     Y1                    5.197      -0.908       1.000    0.51%       4.333      5.000      5.333
             971.000       1.455       0.746       7.000    4.43%       5.667      6.333
     Y2                    5.307      -0.912       1.000    0.41%       4.333      5.333      5.667
             971.000       1.416       0.731       7.000    5.97%       5.667      6.333
     Y3                    5.309      -0.984       1.000    0.82%       4.333      5.333      5.667
             971.000       1.518       0.898       7.000    7.11%       5.667      6.333
     M1                   -0.011      -0.113      -2.043    0.10%      -0.393     -0.135     -0.018
             971.000       0.220       0.142       1.071    1.24%       0.092      0.393
     M2                   -0.010      -0.062      -1.617    0.10%      -0.431     -0.133     -0.005
             971.000       0.273       0.011       1.172    2.37%       0.109      0.420
     M3                   -0.009       0.040      -1.447    0.10%      -0.484     -0.148     -0.035
             971.000       0.292      -0.337       1.198    2.16%       0.100      0.476
     GENDER1               0.646      -0.611       0.000   35.40%       0.000      1.000      1.000
             969.000       0.229      -1.627       1.000   64.60%       1.000      1.000
     AGE1                 15.638      -0.547      15.000   36.29%      15.000     16.000     16.000
             970.000       0.233      -1.625      17.000    0.10%      16.000     16.000
     EDUCATION_MOTHE       3.907      -0.084       1.000    0.31%       3.000      3.000      4.000
             965.000       0.945      -1.378       5.000   39.17%       4.000      5.000
     EDUCATION_FATHE       3.754       0.093       1.000    0.62%       3.000      3.000      3.000
             962.000       0.984      -1.211       5.000   33.78%       4.000      5.000
     UNEMPLOYED_MOTH       0.154       1.921       0.000   84.63%       0.000      0.000      0.000
             963.000       0.130       1.688       1.000   15.37%       0.000      0.000
     UNEMPLOYED_FATH       0.070       3.378       0.000   93.02%       0.000      0.000      0.000
             946.000       0.065       9.408       1.000    6.98%       0.000      0.000
     FIN1                  3.754      -0.071       1.000    0.31%       3.000      3.000      4.000
             965.000       0.726      -0.634       5.000   21.55%       4.000      5.000
     FIN2                  3.777      -0.071       1.000    0.42%       3.000      4.000      4.000
             962.000       0.685      -0.517       5.000   21.21%       4.000      5.000
     FIN3                  3.756      -0.179       1.000    0.94%       3.000      3.000      4.000
             962.000       0.750      -0.296       5.000   21.93%       4.000      5.000


THE MODEL ESTIMATION TERMINATED NORMALLY



MODEL FIT INFORMATION

Number of Free Parameters                      147

Loglikelihood

          H0 Value                      -15949.295
          H1 Value                      -15863.089

Information Criteria

          Akaike (AIC)                   32192.589
          Bayesian (BIC)                 32909.703
          Sample-Size Adjusted BIC       32442.832
            (n* = (n + 2) / 24)

Chi-Square Test of Model Fit

          Value                            172.412
          Degrees of Freedom                    42
          P-Value                           0.0000

RMSEA (Root Mean Square Error Of Approximation)

          Estimate                           0.057
          90 Percent C.I.                    0.048  0.065
          Probability RMSEA <= .05           0.104

CFI/TLI

          CFI                                0.967
          TLI                                0.908

Chi-Square Test of Model Fit for the Baseline Model

          Value                           4065.992
          Degrees of Freedom                   117
          P-Value                           0.0000

SRMR (Standardized Root Mean Square Residual)

          Value                              0.049



MODEL RESULTS

                                                    Two-Tailed
                    Estimate       S.E.  Est./S.E.    P-Value

 RIX      BY
    X1                 1.000      0.000    999.000    999.000
    X2                 1.000      0.000    999.000    999.000
    X3                 1.000      0.000    999.000    999.000

 RIY      BY
    Y1                 1.000      0.000    999.000    999.000
    Y2                 1.000      0.000    999.000    999.000
    Y3                 1.000      0.000    999.000    999.000

 RIM      BY
    M1                 1.000      0.000    999.000    999.000
    M2                 1.000      0.000    999.000    999.000
    M3                 1.000      0.000    999.000    999.000

 WX1      BY
    X1                 1.000      0.000    999.000    999.000

 WX2      BY
    X2                 1.000      0.000    999.000    999.000

 WX3      BY
    X3                 1.000      0.000    999.000    999.000

 WY1      BY
    Y1                 1.000      0.000    999.000    999.000

 WY2      BY
    Y2                 1.000      0.000    999.000    999.000

 WY3      BY
    Y3                 1.000      0.000    999.000    999.000

 WM1      BY
    M1                 1.000      0.000    999.000    999.000

 WM2      BY
    M2                 1.000      0.000    999.000    999.000

 WM3      BY
    M3                 1.000      0.000    999.000    999.000

 WY2      ON
    WY1                0.180      0.074      2.414      0.016
    WX1                0.036      0.068      0.533      0.594
    WM1                0.105      0.110      0.959      0.337

 WY3      ON
    WY2                0.180      0.074      2.414      0.016
    WX2                0.036      0.068      0.533      0.594
    WM2                0.105      0.110      0.959      0.337

 WX2      ON
    WX1                0.094      0.064      1.474      0.140
    WY1               -0.001      0.037     -0.022      0.982
    WM1                0.119      0.085      1.409      0.159

 WX3      ON
    WX2                0.094      0.064      1.474      0.140
    WY2               -0.001      0.037     -0.022      0.982
    WM2                0.119      0.085      1.409      0.159

 WM2      ON
    WM1                0.221      0.062      3.536      0.000
    WX1                0.031      0.033      0.951      0.342
    WY1                0.036      0.018      2.002      0.045

 WM3      ON
    WM2                0.221      0.062      3.536      0.000
    WX2                0.031      0.033      0.951      0.342
    WY2                0.036      0.018      2.002      0.045

 X1       ON
    GENDER1            0.225      0.061      3.668      0.000
    AGE1              -0.010      0.054     -0.182      0.855
    EDUCATION_         0.073      0.033      2.194      0.028
    EDUCATION_         0.144      0.035      4.179      0.000
    UNEMPLOYED         0.068      0.080      0.861      0.389
    UNEMPLOYED         0.137      0.099      1.379      0.168
    FIN1              -0.006      0.032     -0.171      0.864

 X2       ON
    GENDER1            0.130      0.062      2.113      0.035
    AGE1              -0.009      0.054     -0.170      0.865
    EDUCATION_         0.090      0.035      2.522      0.012
    EDUCATION_         0.149      0.035      4.301      0.000
    UNEMPLOYED         0.115      0.083      1.393      0.164
    UNEMPLOYED        -0.089      0.111     -0.800      0.424
    FIN2              -0.010      0.031     -0.318      0.751

 X3       ON
    GENDER1            0.063      0.062      1.007      0.314
    AGE1               0.006      0.053      0.105      0.916
    EDUCATION_         0.064      0.035      1.835      0.067
    EDUCATION_         0.104      0.034      3.048      0.002
    UNEMPLOYED         0.112      0.083      1.350      0.177
    UNEMPLOYED        -0.059      0.104     -0.565      0.572
    FIN3               0.010      0.032      0.323      0.746

 Y1       ON
    GENDER1           -0.271      0.073     -3.720      0.000
    AGE1               0.128      0.059      2.186      0.029
    EDUCATION_        -0.029      0.046     -0.626      0.531
    EDUCATION_         0.010      0.047      0.215      0.830
    UNEMPLOYED        -0.147      0.115     -1.281      0.200
    UNEMPLOYED         0.142      0.154      0.925      0.355
    FIN1               0.440      0.042     10.416      0.000

 Y2       ON
    GENDER1           -0.128      0.073     -1.762      0.078
    AGE1               0.109      0.059      1.847      0.065
    EDUCATION_         0.039      0.043      0.913      0.361
    EDUCATION_         0.030      0.045      0.662      0.508
    UNEMPLOYED        -0.124      0.110     -1.124      0.261
    UNEMPLOYED         0.001      0.143      0.004      0.996
    FIN2               0.432      0.042     10.386      0.000

 Y3       ON
    GENDER1            0.017      0.076      0.228      0.820
    AGE1               0.075      0.059      1.263      0.207
    EDUCATION_         0.034      0.042      0.800      0.424
    EDUCATION_         0.041      0.040      1.011      0.312
    UNEMPLOYED        -0.032      0.103     -0.309      0.757
    UNEMPLOYED         0.056      0.146      0.381      0.703
    FIN3               0.544      0.044     12.393      0.000

 M1       ON
    GENDER1           -0.022      0.031     -0.719      0.472
    AGE1               0.046      0.027      1.671      0.095
    EDUCATION_        -0.032      0.019     -1.717      0.086
    EDUCATION_         0.007      0.018      0.388      0.698
    UNEMPLOYED         0.012      0.045      0.268      0.789
    UNEMPLOYED         0.115      0.062      1.848      0.065
    FIN1               0.093      0.017      5.518      0.000

 M2       ON
    GENDER1           -0.067      0.034     -1.991      0.046
    AGE1               0.048      0.027      1.736      0.083
    EDUCATION_        -0.024      0.020     -1.210      0.226
    EDUCATION_        -0.001      0.020     -0.038      0.970
    UNEMPLOYED        -0.021      0.050     -0.426      0.670
    UNEMPLOYED        -0.020      0.063     -0.311      0.756
    FIN2               0.096      0.019      5.178      0.000

 M3       ON
    GENDER1           -0.018      0.037     -0.482      0.630
    AGE1               0.041      0.028      1.489      0.137
    EDUCATION_        -0.022      0.021     -1.016      0.310
    EDUCATION_         0.013      0.021      0.647      0.517
    UNEMPLOYED         0.001      0.050      0.030      0.976
    UNEMPLOYED         0.066      0.063      1.045      0.296
    FIN3               0.096      0.020      4.747      0.000

 RIX      WITH
    RIY               -0.068      0.032     -2.105      0.035
    RIM               -0.036      0.014     -2.675      0.007

 RIY      WITH
    RIM                0.128      0.018      6.956      0.000

 WX1      WITH
    WY1               -0.001      0.030     -0.019      0.985
    WM1                0.008      0.011      0.677      0.498

 WY1      WITH
    WM1                0.059      0.018      3.221      0.001

 WX2      WITH
    WY2               -0.010      0.025     -0.379      0.705
    WM2                0.006      0.011      0.571      0.568

 WY2      WITH
    WM2                0.075      0.013      5.881      0.000

 WX3      WITH
    WY3               -0.010      0.025     -0.379      0.705
    WM3                0.006      0.011      0.571      0.568

 WY3      WITH
    WM3                0.075      0.013      5.881      0.000

 GENDER1  WITH
    AGE1              -0.001      0.007     -0.081      0.935
    EDUCATION_        -0.036      0.015     -2.376      0.017
    EDUCATION_        -0.022      0.015     -1.485      0.137
    UNEMPLOYED        -0.003      0.006     -0.495      0.621
    UNEMPLOYED        -0.002      0.004     -0.408      0.683
    FIN1               0.014      0.013      1.049      0.294
    FIN2              -0.002      0.013     -0.127      0.899
    FIN3               0.006      0.014      0.407      0.684

 AGE1     WITH
    EDUCATION_        -0.036      0.015     -2.436      0.015
    EDUCATION_        -0.018      0.015     -1.177      0.239
    UNEMPLOYED         0.012      0.005      2.233      0.026
    UNEMPLOYED         0.002      0.004      0.408      0.683
    FIN1              -0.005      0.013     -0.407      0.684
    FIN2              -0.010      0.013     -0.787      0.432
    FIN3              -0.012      0.014     -0.896      0.370

 EDUCATIO WITH
    EDUCATION_         0.451      0.030     14.906      0.000
    UNEMPLOYED        -0.088      0.012     -7.484      0.000
    UNEMPLOYED        -0.023      0.009     -2.724      0.006
    FIN1               0.117      0.027      4.310      0.000
    FIN2               0.130      0.026      5.044      0.000
    FIN3               0.134      0.027      4.917      0.000

 EDUCATIO WITH
    UNEMPLOYED        -0.057      0.011     -4.932      0.000
    UNEMPLOYED        -0.031      0.007     -4.087      0.000
    FIN1               0.146      0.028      5.265      0.000
    FIN2               0.173      0.026      6.615      0.000
    FIN3               0.184      0.027      6.793      0.000

 UNEMPLOY WITH
    UNEMPLOYED         0.013      0.004      3.263      0.001
    FIN1              -0.033      0.011     -2.986      0.003
    FIN2              -0.029      0.010     -2.848      0.004
    FIN3              -0.040      0.010     -3.828      0.000

 UNEMPLOY WITH
    FIN1              -0.027      0.008     -3.178      0.001
    FIN2              -0.020      0.007     -2.986      0.003
    FIN3              -0.020      0.008     -2.642      0.008

 FIN1     WITH
    FIN2               0.505      0.025     20.381      0.000
    FIN3               0.484      0.025     19.222      0.000

 FIN2     WITH
    FIN3               0.504      0.024     20.766      0.000

 Means
    GENDER1            0.646      0.015     42.443      0.000
    AGE1              15.638      0.016   1007.180      0.000
    EDUCATION_         3.907      0.031    124.326      0.000
    EDUCATION_         3.754      0.032    116.437      0.000
    UNEMPLOYED         0.154      0.012     13.360      0.000
    UNEMPLOYED         0.070      0.008      8.377      0.000
    FIN1               3.756      0.027    138.415      0.000
    FIN2               3.776      0.027    141.590      0.000
    FIN3               3.754      0.028    133.454      0.000

 Intercepts
    X1                -0.823      0.865     -0.951      0.342
    X2                -0.823      0.865     -0.951      0.342
    X3                -0.823      0.865     -0.951      0.342
    Y1                 1.802      0.943      1.911      0.056
    Y2                 1.802      0.943      1.911      0.056
    Y3                 1.802      0.943      1.911      0.056
    M1                -0.972      0.440     -2.211      0.027
    M2                -0.972      0.440     -2.211      0.027
    M3                -0.972      0.440     -2.211      0.027

 Variances
    GENDER1            0.229      0.004     51.278      0.000
    AGE1               0.233      0.005     50.733      0.000
    EDUCATION_         0.946      0.024     38.616      0.000
    EDUCATION_         0.983      0.028     34.945      0.000
    UNEMPLOYED         0.130      0.008     16.313      0.000
    UNEMPLOYED         0.065      0.007      9.065      0.000
    FIN1               0.727      0.028     26.428      0.000
    FIN2               0.684      0.027     25.753      0.000
    FIN3               0.750      0.032     23.550      0.000
    RIX                0.459      0.036     12.903      0.000
    RIY                0.493      0.060      8.198      0.000
    RIM                0.118      0.010     11.304      0.000
    WX1                0.362      0.034     10.724      0.000
    WY1                0.685      0.079      8.671      0.000
    WM1                0.088      0.009      9.429      0.000

 Residual Variances
    X1                 0.000      0.000    999.000    999.000
    X2                 0.000      0.000    999.000    999.000
    X3                 0.000      0.000    999.000    999.000
    Y1                 0.000      0.000    999.000    999.000
    Y2                 0.000      0.000    999.000    999.000
    Y3                 0.000      0.000    999.000    999.000
    M1                 0.000      0.000    999.000    999.000
    M2                 0.000      0.000    999.000    999.000
    M3                 0.000      0.000    999.000    999.000
    WX2                0.339      0.026     13.283      0.000
    WX3                0.339      0.026     13.283      0.000
    WY2                0.640      0.062     10.253      0.000
    WY3                0.640      0.062     10.253      0.000
    WM2                0.141      0.007     19.827      0.000
    WM3                0.141      0.007     19.827      0.000

New/Additional Parameters
    IND                0.003      0.006      0.582      0.561


STANDARDIZED MODEL RESULTS


STDYX Standardization

                                                    Two-Tailed
                    Estimate       S.E.  Est./S.E.    P-Value

 RIX      BY
    X1                 0.729      0.023     32.315      0.000
    X2                 0.737      0.023     31.447      0.000
    X3                 0.746      0.024     31.550      0.000

 RIY      BY
    Y1                 0.607      0.037     16.204      0.000
    Y2                 0.614      0.039     15.822      0.000
    Y3                 0.594      0.038     15.683      0.000

 RIM      BY
    M1                 0.743      0.028     26.137      0.000
    M2                 0.657      0.025     26.575      0.000
    M3                 0.653      0.026     24.975      0.000

 WX1      BY
    X1                 0.648      0.025     26.329      0.000

 WX2      BY
    X2                 0.638      0.027     24.021      0.000

 WX3      BY
    X3                 0.646      0.027     23.975      0.000

 WY1      BY
    Y1                 0.715      0.032     22.511      0.000

 WY2      BY
    Y2                 0.713      0.034     21.147      0.000

 WY3      BY
    Y3                 0.690      0.033     20.707      0.000

 WM1      BY
    M1                 0.642      0.031     20.506      0.000

 WM2      BY
    M2                 0.735      0.022     33.800      0.000

 WM3      BY
    M3                 0.739      0.023     32.703      0.000

 WY2      ON
    WY1                0.182      0.072      2.511      0.012
    WX1                0.027      0.050      0.530      0.596
    WM1                0.038      0.041      0.940      0.347

 WY3      ON
    WY2                0.179      0.074      2.419      0.016
    WX2                0.026      0.049      0.533      0.594
    WM2                0.049      0.052      0.950      0.342

 WX2      ON
    WX1                0.096      0.063      1.535      0.125
    WY1               -0.001      0.052     -0.022      0.982
    WM1                0.060      0.043      1.400      0.161

 WX3      ON
    WX2                0.094      0.064      1.477      0.140
    WY2               -0.001      0.051     -0.022      0.982
    WM2                0.078      0.055      1.420      0.156

 WM2      ON
    WM1                0.170      0.051      3.371      0.001
    WX1                0.049      0.051      0.946      0.344
    WY1                0.077      0.039      1.974      0.048

 WM3      ON
    WM2                0.218      0.061      3.608      0.000
    WX2                0.047      0.049      0.948      0.343
    WY2                0.075      0.038      2.004      0.045

 X1       ON
    GENDER1            0.116      0.031      3.702      0.000
    AGE1              -0.005      0.028     -0.182      0.855
    EDUCATION_         0.077      0.035      2.197      0.028
    EDUCATION_         0.154      0.036      4.249      0.000
    UNEMPLOYED         0.027      0.031      0.864      0.387
    UNEMPLOYED         0.038      0.027      1.389      0.165
    FIN1              -0.005      0.030     -0.171      0.864

 X2       ON
    GENDER1            0.068      0.032      2.122      0.034
    AGE1              -0.005      0.028     -0.170      0.865
    EDUCATION_         0.095      0.037      2.528      0.011
    EDUCATION_         0.161      0.036      4.422      0.000
    UNEMPLOYED         0.045      0.032      1.401      0.161
    UNEMPLOYED        -0.025      0.031     -0.807      0.420
    FIN2              -0.009      0.028     -0.318      0.751

 X3       ON
    GENDER1            0.033      0.033      1.009      0.313
    AGE1               0.003      0.028      0.105      0.916
    EDUCATION_         0.069      0.038      1.837      0.066
    EDUCATION_         0.114      0.037      3.085      0.002
    UNEMPLOYED         0.045      0.033      1.358      0.174
    UNEMPLOYED        -0.017      0.029     -0.570      0.569
    FIN3               0.010      0.030      0.324      0.746

 Y1       ON
    GENDER1           -0.112      0.030     -3.768      0.000
    AGE1               0.053      0.025      2.180      0.029
    EDUCATION_        -0.024      0.039     -0.627      0.531
    EDUCATION_         0.009      0.040      0.215      0.829
    UNEMPLOYED        -0.046      0.035     -1.295      0.195
    UNEMPLOYED         0.031      0.034      0.930      0.352
    FIN1               0.324      0.032     10.057      0.000

 Y2       ON
    GENDER1           -0.054      0.030     -1.770      0.077
    AGE1               0.046      0.025      1.843      0.065
    EDUCATION_         0.033      0.036      0.913      0.362
    EDUCATION_         0.026      0.039      0.663      0.507
    UNEMPLOYED        -0.039      0.034     -1.132      0.258
    UNEMPLOYED         0.000      0.032      0.005      0.996
    FIN2               0.312      0.030     10.383      0.000

 Y3       ON
    GENDER1            0.007      0.031      0.229      0.819
    AGE1               0.031      0.024      1.261      0.207
    EDUCATION_         0.028      0.035      0.801      0.423
    EDUCATION_         0.034      0.034      1.015      0.310
    UNEMPLOYED        -0.010      0.031     -0.310      0.756
    UNEMPLOYED         0.012      0.031      0.384      0.701
    FIN3               0.398      0.031     13.013      0.000

 M1       ON
    GENDER1           -0.023      0.032     -0.720      0.471
    AGE1               0.048      0.029      1.669      0.095
    EDUCATION_        -0.068      0.040     -1.728      0.084
    EDUCATION_         0.015      0.038      0.389      0.698
    UNEMPLOYED         0.009      0.035      0.269      0.788
    UNEMPLOYED         0.064      0.034      1.857      0.063
    FIN1               0.171      0.031      5.582      0.000

 M2       ON
    GENDER1           -0.061      0.030     -2.003      0.045
    AGE1               0.044      0.025      1.735      0.083
    EDUCATION_        -0.045      0.037     -1.214      0.225
    EDUCATION_        -0.001      0.038     -0.038      0.970
    UNEMPLOYED        -0.015      0.035     -0.428      0.669
    UNEMPLOYED        -0.010      0.031     -0.313      0.754
    FIN2               0.152      0.029      5.228      0.000

 M3       ON
    GENDER1           -0.016      0.033     -0.482      0.630
    AGE1               0.038      0.025      1.488      0.137
    EDUCATION_        -0.040      0.039     -1.018      0.309
    EDUCATION_         0.025      0.039      0.648      0.517
    UNEMPLOYED         0.001      0.034      0.030      0.976
    UNEMPLOYED         0.032      0.030      1.050      0.294
    FIN3               0.158      0.032      4.881      0.000

 RIX      WITH
    RIY               -0.142      0.069     -2.054      0.040
    RIM               -0.157      0.060     -2.622      0.009

 RIY      WITH
    RIM                0.531      0.057      9.345      0.000

 WX1      WITH
    WY1               -0.001      0.060     -0.019      0.985
    WM1                0.043      0.063      0.679      0.497

 WY1      WITH
    WM1                0.240      0.064      3.771      0.000

 WX2      WITH
    WY2               -0.021      0.055     -0.377      0.706
    WM2                0.027      0.049      0.560      0.576

 WY2      WITH
    WM2                0.249      0.044      5.708      0.000

 WX3      WITH
    WY3               -0.021      0.055     -0.377      0.706
    WM3                0.027      0.049      0.560      0.576

 WY3      WITH
    WM3                0.249      0.044      5.708      0.000

 GENDER1  WITH
    AGE1              -0.003      0.032     -0.081      0.936
    EDUCATION_        -0.077      0.032     -2.372      0.018
    EDUCATION_        -0.047      0.032     -1.485      0.137
    UNEMPLOYED        -0.016      0.032     -0.494      0.621
    UNEMPLOYED        -0.014      0.033     -0.407      0.684
    FIN1               0.034      0.032      1.050      0.294
    FIN2              -0.004      0.033     -0.127      0.899
    FIN3               0.013      0.033      0.407      0.684

 AGE1     WITH
    EDUCATION_        -0.078      0.032     -2.433      0.015
    EDUCATION_        -0.038      0.032     -1.175      0.240
    UNEMPLOYED         0.069      0.031      2.247      0.025
    UNEMPLOYED         0.013      0.032      0.408      0.683
    FIN1              -0.013      0.032     -0.406      0.685
    FIN2              -0.025      0.032     -0.787      0.431
    FIN3              -0.029      0.032     -0.897      0.370

 EDUCATIO WITH
    EDUCATION_         0.468      0.028     16.515      0.000
    UNEMPLOYED        -0.250      0.030     -8.360      0.000
    UNEMPLOYED        -0.095      0.034     -2.820      0.005
    FIN1               0.140      0.032      4.382      0.000
    FIN2               0.162      0.032      5.127      0.000
    FIN3               0.159      0.032      4.966      0.000

 EDUCATIO WITH
    UNEMPLOYED        -0.158      0.031     -5.170      0.000
    UNEMPLOYED        -0.121      0.027     -4.461      0.000
    FIN1               0.172      0.032      5.314      0.000
    FIN2               0.211      0.031      6.838      0.000
    FIN3               0.214      0.031      6.998      0.000

 UNEMPLOY WITH
    UNEMPLOYED         0.146      0.042      3.471      0.001
    FIN1              -0.106      0.035     -3.045      0.002
    FIN2              -0.096      0.033     -2.882      0.004
    FIN3              -0.128      0.033     -3.936      0.000

 UNEMPLOY WITH
    FIN1              -0.122      0.036     -3.360      0.001
    FIN2              -0.094      0.030     -3.130      0.002
    FIN3              -0.090      0.033     -2.738      0.006

 FIN1     WITH
    FIN2               0.716      0.019     38.338      0.000
    FIN3               0.656      0.024     27.907      0.000

 FIN2     WITH
    FIN3               0.703      0.021     33.404      0.000

 Means
    GENDER1            1.351      0.045     29.935      0.000
    AGE1              32.399      0.350     92.498      0.000
    EDUCATION_         4.017      0.064     62.446      0.000
    EDUCATION_         3.785      0.060     63.246      0.000
    UNEMPLOYED         0.427      0.019     22.567      0.000
    UNEMPLOYED         0.275      0.018     15.504      0.000
    FIN1               4.404      0.091     48.149      0.000
    FIN2               4.567      0.096     47.433      0.000
    FIN3               4.336      0.102     42.299      0.000

 Intercepts
    X1                -0.886      0.933     -0.950      0.342
    X2                -0.895      0.940     -0.952      0.341
    X3                -0.906      0.951     -0.953      0.341
    Y1                 1.558      0.818      1.904      0.057
    Y2                 1.575      0.826      1.907      0.057
    Y3                 1.524      0.799      1.906      0.057
    M1                -2.103      0.951     -2.211      0.027
    M2                -1.859      0.842     -2.208      0.027
    M3                -1.849      0.836     -2.210      0.027

 Variances
    GENDER1            1.000      0.000    999.000    999.000
    AGE1               1.000      0.000    999.000    999.000
    EDUCATION_         1.000      0.000    999.000    999.000
    EDUCATION_         1.000      0.000    999.000    999.000
    UNEMPLOYED         1.000      0.000    999.000    999.000
    UNEMPLOYED         1.000      0.000    999.000    999.000
    FIN1               1.000      0.000    999.000    999.000
    FIN2               1.000      0.000    999.000    999.000
    FIN3               1.000      0.000    999.000    999.000
    RIX                1.000      0.000    999.000    999.000
    RIY                1.000      0.000    999.000    999.000
    RIM                1.000      0.000    999.000    999.000
    WX1                1.000      0.000    999.000    999.000
    WY1                1.000      0.000    999.000    999.000
    WM1                1.000      0.000    999.000    999.000

 Residual Variances
    X1                 0.000      0.000      0.000      1.000
    X2                 0.000      0.000      0.000      1.000
    X3                 0.000      0.000      0.000      1.000
    Y1                 0.000      0.000      0.000      1.000
    Y2                 0.000      0.000      0.000      1.000
    Y3                 0.000      0.000      0.000      1.000
    M1                 0.000      0.000      0.000      1.000
    M2                 0.000      0.000      0.000      1.000
    M3                 0.000      0.000      0.000      1.000
    WX2                0.987      0.016     60.673      0.000
    WX3                0.985      0.019     51.836      0.000
    WY2                0.961      0.027     35.296      0.000
    WY3                0.960      0.028     34.431      0.000
    WM2                0.956      0.021     44.628      0.000
    WM3                0.935      0.030     31.672      0.000


R-SQUARE

    Observed                                        Two-Tailed
    Variable        Estimate       S.E.  Est./S.E.    P-Value

    X1                 1.000      0.000    999.000    999.000
    X2                 1.000      0.000    999.000    999.000
    X3                 1.000      0.000    999.000    999.000
    Y1                 1.000      0.000    999.000    999.000
    Y2                 1.000      0.000    999.000    999.000
    Y3                 1.000      0.000    999.000    999.000
    M1                 1.000      0.000    999.000    999.000
    M2                 1.000      0.000    999.000    999.000
    M3                 1.000      0.000    999.000    999.000

     Latent                                         Two-Tailed
    Variable        Estimate       S.E.  Est./S.E.    P-Value

    WX2                0.013      0.016      0.823      0.410
    WX3                0.015      0.019      0.815      0.415
    WY2                0.039      0.027      1.422      0.155
    WY3                0.040      0.028      1.436      0.151
    WM2                0.044      0.021      2.072      0.038
    WM3                0.065      0.030      2.207      0.027


CONFIDENCE INTERVALS OF MODEL RESULTS

                  Lower .5%  Lower 2.5%    Lower 5%    Estimate    Upper 5%  Upper 2.5%   Upper .5%

 RIX      BY
    X1               1.000       1.000       1.000       1.000       1.000       1.000       1.000
    X2               1.000       1.000       1.000       1.000       1.000       1.000       1.000
    X3               1.000       1.000       1.000       1.000       1.000       1.000       1.000

 RIY      BY
    Y1               1.000       1.000       1.000       1.000       1.000       1.000       1.000
    Y2               1.000       1.000       1.000       1.000       1.000       1.000       1.000
    Y3               1.000       1.000       1.000       1.000       1.000       1.000       1.000

 RIM      BY
    M1               1.000       1.000       1.000       1.000       1.000       1.000       1.000
    M2               1.000       1.000       1.000       1.000       1.000       1.000       1.000
    M3               1.000       1.000       1.000       1.000       1.000       1.000       1.000

 WX1      BY
    X1               1.000       1.000       1.000       1.000       1.000       1.000       1.000

 WX2      BY
    X2               1.000       1.000       1.000       1.000       1.000       1.000       1.000

 WX3      BY
    X3               1.000       1.000       1.000       1.000       1.000       1.000       1.000

 WY1      BY
    Y1               1.000       1.000       1.000       1.000       1.000       1.000       1.000

 WY2      BY
    Y2               1.000       1.000       1.000       1.000       1.000       1.000       1.000

 WY3      BY
    Y3               1.000       1.000       1.000       1.000       1.000       1.000       1.000

 WM1      BY
    M1               1.000       1.000       1.000       1.000       1.000       1.000       1.000

 WM2      BY
    M2               1.000       1.000       1.000       1.000       1.000       1.000       1.000

 WM3      BY
    M3               1.000       1.000       1.000       1.000       1.000       1.000       1.000

 WY2      ON
    WY1             -0.009       0.035       0.059       0.180       0.303       0.326       0.374
    WX1             -0.143      -0.097      -0.076       0.036       0.145       0.168       0.207
    WM1             -0.197      -0.124      -0.083       0.105       0.279       0.311       0.377

 WY3      ON
    WY2             -0.009       0.035       0.059       0.180       0.303       0.326       0.374
    WX2             -0.143      -0.097      -0.076       0.036       0.145       0.168       0.207
    WM2             -0.197      -0.124      -0.083       0.105       0.279       0.311       0.377

 WX2      ON
    WX1             -0.056      -0.021      -0.005       0.094       0.203       0.228       0.275
    WY1             -0.099      -0.074      -0.062      -0.001       0.058       0.071       0.095
    WM1             -0.101      -0.046      -0.020       0.119       0.258       0.285       0.333

 WX3      ON
    WX2             -0.056      -0.021      -0.005       0.094       0.203       0.228       0.275
    WY2             -0.099      -0.074      -0.062      -0.001       0.058       0.071       0.095
    WM2             -0.101      -0.046      -0.020       0.119       0.258       0.285       0.333

 WM2      ON
    WM1              0.061       0.097       0.116       0.221       0.324       0.344       0.383
    WX1             -0.048      -0.031      -0.022       0.031       0.086       0.096       0.118
    WY1             -0.012       0.000       0.006       0.036       0.064       0.070       0.081

 WM3      ON
    WM2              0.061       0.097       0.116       0.221       0.324       0.344       0.383
    WX2             -0.048      -0.031      -0.022       0.031       0.086       0.096       0.118
    WY2             -0.012       0.000       0.006       0.036       0.064       0.070       0.081

 X1       ON
    GENDER1          0.072       0.105       0.122       0.225       0.325       0.345       0.380
    AGE1            -0.150      -0.115      -0.098      -0.010       0.079       0.096       0.126
    EDUCATION_      -0.014       0.007       0.018       0.073       0.128       0.139       0.159
    EDUCATION_       0.056       0.077       0.089       0.144       0.203       0.214       0.233
    UNEMPLOYED      -0.136      -0.084      -0.058       0.068       0.203       0.228       0.274
    UNEMPLOYED      -0.119      -0.055      -0.025       0.137       0.300       0.333       0.399
    FIN1            -0.089      -0.068      -0.058      -0.006       0.049       0.057       0.076

 X2       ON
    GENDER1         -0.031       0.011       0.029       0.130       0.233       0.251       0.285
    AGE1            -0.149      -0.116      -0.098      -0.009       0.080       0.099       0.129
    EDUCATION_      -0.005       0.019       0.030       0.090       0.147       0.158       0.179
    EDUCATION_       0.059       0.082       0.093       0.149       0.206       0.218       0.239
    UNEMPLOYED      -0.098      -0.045      -0.020       0.115       0.255       0.283       0.331
    UNEMPLOYED      -0.381      -0.311      -0.275      -0.089       0.093       0.129       0.200
    FIN2            -0.092      -0.071      -0.061      -0.010       0.041       0.051       0.071

 X3       ON
    GENDER1         -0.096      -0.058      -0.040       0.063       0.165       0.184       0.223
    AGE1            -0.131      -0.099      -0.081       0.006       0.094       0.111       0.142
    EDUCATION_      -0.025      -0.005       0.005       0.064       0.121       0.132       0.155
    EDUCATION_       0.015       0.037       0.049       0.104       0.162       0.172       0.193
    UNEMPLOYED      -0.101      -0.047      -0.024       0.112       0.249       0.277       0.332
    UNEMPLOYED      -0.330      -0.266      -0.231      -0.059       0.112       0.143       0.221
    FIN3            -0.069      -0.051      -0.042       0.010       0.064       0.073       0.094

 Y1       ON
    GENDER1         -0.459      -0.414      -0.391      -0.271      -0.151      -0.129      -0.083
    AGE1            -0.025       0.013       0.033       0.128       0.226       0.244       0.281
    EDUCATION_      -0.148      -0.119      -0.105      -0.029       0.046       0.060       0.087
    EDUCATION_      -0.107      -0.079      -0.066       0.010       0.089       0.103       0.132
    UNEMPLOYED      -0.458      -0.375      -0.337      -0.147       0.042       0.076       0.135
    UNEMPLOYED      -0.267      -0.172      -0.118       0.142       0.388       0.434       0.531
    FIN1             0.329       0.357       0.370       0.440       0.509       0.521       0.546

 Y2       ON
    GENDER1         -0.313      -0.269      -0.248      -0.128      -0.007       0.014       0.055
    AGE1            -0.045      -0.007       0.014       0.109       0.208       0.227       0.262
    EDUCATION_      -0.074      -0.046      -0.032       0.039       0.109       0.122       0.146
    EDUCATION_      -0.085      -0.057      -0.044       0.030       0.105       0.121       0.151
    UNEMPLOYED      -0.403      -0.339      -0.305      -0.124       0.060       0.093       0.157
    UNEMPLOYED      -0.399      -0.290      -0.241       0.001       0.228       0.271       0.353
    FIN2             0.319       0.349       0.363       0.432       0.499       0.513       0.536

 Y3       ON
    GENDER1         -0.173      -0.132      -0.107       0.017       0.143       0.165       0.217
    AGE1            -0.080      -0.040      -0.021       0.075       0.174       0.193       0.227
    EDUCATION_      -0.076      -0.048      -0.035       0.034       0.104       0.116       0.138
    EDUCATION_      -0.062      -0.036      -0.025       0.041       0.109       0.121       0.144
    UNEMPLOYED      -0.298      -0.234      -0.202      -0.032       0.137       0.170       0.231
    UNEMPLOYED      -0.348      -0.238      -0.188       0.056       0.291       0.330       0.409
    FIN3             0.434       0.459       0.472       0.544       0.616       0.628       0.660

 M1       ON
    GENDER1         -0.102      -0.083      -0.072      -0.022       0.029       0.038       0.056
    AGE1            -0.024      -0.008       0.001       0.046       0.091       0.100       0.118
    EDUCATION_      -0.081      -0.068      -0.063      -0.032      -0.001       0.005       0.016
    EDUCATION_      -0.039      -0.027      -0.022       0.007       0.036       0.042       0.053
    UNEMPLOYED      -0.106      -0.078      -0.062       0.012       0.086       0.099       0.126
    UNEMPLOYED      -0.050      -0.008       0.011       0.115       0.218       0.238       0.278
    FIN1             0.050       0.060       0.065       0.093       0.120       0.125       0.136

 M2       ON
    GENDER1         -0.154      -0.133      -0.122      -0.067      -0.012      -0.001       0.020
    AGE1            -0.022      -0.006       0.003       0.048       0.093       0.102       0.120
    EDUCATION_      -0.076      -0.063      -0.057      -0.024       0.009       0.016       0.027
    EDUCATION_      -0.053      -0.040      -0.033      -0.001       0.032       0.038       0.050
    UNEMPLOYED      -0.154      -0.120      -0.105      -0.021       0.061       0.076       0.107
    UNEMPLOYED      -0.188      -0.144      -0.123      -0.020       0.084       0.107       0.145
    FIN2             0.048       0.060       0.066       0.096       0.127       0.133       0.144

 M3       ON
    GENDER1         -0.113      -0.090      -0.079      -0.018       0.042       0.054       0.076
    AGE1            -0.030      -0.013      -0.004       0.041       0.086       0.095       0.113
    EDUCATION_      -0.076      -0.063      -0.057      -0.022       0.013       0.020       0.034
    EDUCATION_      -0.040      -0.027      -0.020       0.013       0.047       0.054       0.067
    UNEMPLOYED      -0.129      -0.098      -0.082       0.001       0.083       0.098       0.128
    UNEMPLOYED      -0.102      -0.061      -0.038       0.066       0.167       0.186       0.225
    FIN3             0.045       0.057       0.063       0.096       0.130       0.136       0.148

 RIX      WITH
    RIY             -0.149      -0.130      -0.120      -0.068      -0.013      -0.003       0.019
    RIM             -0.072      -0.064      -0.059      -0.036      -0.015      -0.010      -0.001

 RIY      WITH
    RIM              0.078       0.090       0.096       0.128       0.157       0.163       0.175

 WX1      WITH
    WY1             -0.077      -0.059      -0.049      -0.001       0.050       0.061       0.081
    WM1             -0.021      -0.014      -0.010       0.008       0.026       0.030       0.037

 WY1      WITH
    WM1              0.015       0.025       0.031       0.059       0.090       0.097       0.110

 WX2      WITH
    WY2             -0.077      -0.060      -0.051      -0.010       0.031       0.039       0.053
    WM2             -0.021      -0.014      -0.011       0.006       0.023       0.027       0.033

 WY2      WITH
    WM2              0.039       0.048       0.052       0.075       0.094       0.098       0.106

 WX3      WITH
    WY3             -0.077      -0.060      -0.051      -0.010       0.031       0.039       0.053
    WM3             -0.021      -0.014      -0.011       0.006       0.023       0.027       0.033

 WY3      WITH
    WM3              0.039       0.048       0.052       0.075       0.094       0.098       0.106

 GENDER1  WITH
    AGE1            -0.019      -0.015      -0.013      -0.001       0.012       0.014       0.019
    EDUCATION_      -0.073      -0.065      -0.060      -0.036      -0.011      -0.006       0.004
    EDUCATION_      -0.060      -0.051      -0.046      -0.022       0.003       0.007       0.018
    UNEMPLOYED      -0.017      -0.014      -0.012      -0.003       0.006       0.008       0.011
    UNEMPLOYED      -0.012      -0.010      -0.008      -0.002       0.005       0.006       0.009
    FIN1            -0.020      -0.012      -0.008       0.014       0.035       0.039       0.047
    FIN2            -0.036      -0.027      -0.023      -0.002       0.020       0.024       0.031
    FIN3            -0.030      -0.021      -0.017       0.006       0.028       0.032       0.040

 AGE1     WITH
    EDUCATION_      -0.075      -0.067      -0.061      -0.036      -0.012      -0.007       0.002
    EDUCATION_      -0.057      -0.048      -0.044      -0.018       0.007       0.012       0.023
    UNEMPLOYED      -0.002       0.001       0.003       0.012       0.021       0.022       0.025
    UNEMPLOYED      -0.009      -0.006      -0.005       0.002       0.008       0.009       0.012
    FIN1            -0.039      -0.031      -0.027      -0.005       0.016       0.021       0.028
    FIN2            -0.043      -0.036      -0.031      -0.010       0.011       0.015       0.023
    FIN3            -0.047      -0.038      -0.034      -0.012       0.010       0.015       0.023

 EDUCATIO WITH
    EDUCATION_       0.372       0.392       0.402       0.451       0.501       0.511       0.529
    UNEMPLOYED      -0.119      -0.111      -0.107      -0.088      -0.068      -0.065      -0.058
    UNEMPLOYED      -0.046      -0.040      -0.038      -0.023      -0.010      -0.007      -0.001
    FIN1             0.047       0.063       0.072       0.117       0.161       0.169       0.188
    FIN2             0.064       0.079       0.087       0.130       0.172       0.180       0.195
    FIN3             0.064       0.081       0.089       0.134       0.178       0.187       0.204

 EDUCATIO WITH
    UNEMPLOYED      -0.086      -0.079      -0.075      -0.057      -0.038      -0.034      -0.027
    UNEMPLOYED      -0.050      -0.045      -0.043      -0.031      -0.018      -0.016      -0.012
    FIN1             0.075       0.092       0.100       0.146       0.191       0.201       0.218
    FIN2             0.109       0.122       0.130       0.173       0.216       0.225       0.241
    FIN3             0.112       0.130       0.139       0.184       0.229       0.237       0.253

 UNEMPLOY WITH
    UNEMPLOYED       0.004       0.006       0.007       0.013       0.020       0.022       0.024
    FIN1            -0.062      -0.054      -0.051      -0.033      -0.015      -0.011      -0.005
    FIN2            -0.055      -0.048      -0.045      -0.029      -0.012      -0.009      -0.003
    FIN3            -0.067      -0.061      -0.057      -0.040      -0.023      -0.020      -0.013

 UNEMPLOY WITH
    FIN1            -0.048      -0.043      -0.040      -0.027      -0.013      -0.010      -0.005
    FIN2            -0.037      -0.033      -0.031      -0.020      -0.009      -0.007      -0.003
    FIN3            -0.039      -0.035      -0.032      -0.020      -0.008      -0.006      -0.001

 FIN1     WITH
    FIN2             0.440       0.456       0.463       0.505       0.545       0.553       0.567
    FIN3             0.420       0.434       0.442       0.484       0.526       0.533       0.550

 FIN2     WITH
    FIN3             0.441       0.456       0.463       0.504       0.544       0.552       0.567

 Means
    GENDER1          0.607       0.617       0.621       0.646       0.671       0.676       0.686
    AGE1            15.598      15.608      15.612      15.638      15.663      15.669      15.679
    EDUCATION_       3.827       3.846       3.856       3.907       3.959       3.969       3.988
    EDUCATION_       3.670       3.690       3.700       3.754       3.806       3.816       3.837
    UNEMPLOYED       0.124       0.132       0.135       0.154       0.173       0.176       0.184
    UNEMPLOYED       0.049       0.054       0.056       0.070       0.084       0.087       0.092
    FIN1             3.684       3.702       3.712       3.756       3.800       3.808       3.827
    FIN2             3.708       3.724       3.733       3.776       3.820       3.829       3.844
    FIN3             3.681       3.699       3.707       3.754       3.800       3.808       3.824

 Intercepts
    X1              -3.035      -2.527      -2.250      -0.823       0.579       0.885       1.383
    X2              -3.035      -2.527      -2.250      -0.823       0.579       0.885       1.383
    X3              -3.035      -2.527      -2.250      -0.823       0.579       0.885       1.383
    Y1              -0.594      -0.076       0.234       1.802       3.326       3.634       4.299
    Y2              -0.594      -0.076       0.234       1.802       3.326       3.634       4.299
    Y3              -0.594      -0.076       0.234       1.802       3.326       3.634       4.299
    M1              -2.134      -1.833      -1.689      -0.972      -0.255      -0.115       0.157
    M2              -2.134      -1.833      -1.689      -0.972      -0.255      -0.115       0.157
    M3              -2.134      -1.833      -1.689      -0.972      -0.255      -0.115       0.157

 Variances
    GENDER1          0.216       0.219       0.221       0.229       0.235       0.236       0.238
    AGE1             0.220       0.223       0.225       0.233       0.240       0.241       0.244
    EDUCATION_       0.886       0.900       0.906       0.946       0.986       0.996       1.013
    EDUCATION_       0.914       0.929       0.937       0.983       1.030       1.039       1.058
    UNEMPLOYED       0.109       0.114       0.117       0.130       0.143       0.145       0.150
    UNEMPLOYED       0.047       0.051       0.053       0.065       0.077       0.079       0.083
    FIN1             0.658       0.672       0.681       0.727       0.771       0.780       0.799
    FIN2             0.618       0.632       0.640       0.684       0.728       0.737       0.753
    FIN3             0.669       0.687       0.697       0.750       0.803       0.813       0.833
    RIX              0.361       0.382       0.395       0.459       0.511       0.522       0.545
    RIY              0.323       0.362       0.383       0.493       0.581       0.599       0.633
    RIM              0.088       0.095       0.099       0.118       0.133       0.137       0.143
    WX1              0.281       0.299       0.307       0.362       0.418       0.430       0.454
    WY1              0.499       0.540       0.560       0.685       0.817       0.848       0.905
    WM1              0.066       0.071       0.074       0.088       0.104       0.108       0.116

 Residual Variances
    X1               0.000       0.000       0.000       0.000       0.000       0.000       0.000
    X2               0.000       0.000       0.000       0.000       0.000       0.000       0.000
    X3               0.000       0.000       0.000       0.000       0.000       0.000       0.000
    Y1               0.000       0.000       0.000       0.000       0.000       0.000       0.000
    Y2               0.000       0.000       0.000       0.000       0.000       0.000       0.000
    Y3               0.000       0.000       0.000       0.000       0.000       0.000       0.000
    M1               0.000       0.000       0.000       0.000       0.000       0.000       0.000
    M2               0.000       0.000       0.000       0.000       0.000       0.000       0.000
    M3               0.000       0.000       0.000       0.000       0.000       0.000       0.000
    WX2              0.275       0.288       0.295       0.339       0.379       0.389       0.404
    WX3              0.275       0.288       0.295       0.339       0.379       0.389       0.404
    WY2              0.482       0.517       0.535       0.640       0.739       0.761       0.804
    WY3              0.482       0.517       0.535       0.640       0.739       0.761       0.804
    WM2              0.121       0.125       0.128       0.141       0.151       0.153       0.158
    WM3              0.121       0.125       0.128       0.141       0.151       0.153       0.158

New/Additional Parameters
    IND             -0.014      -0.008      -0.005       0.003       0.013       0.016       0.023


CONFIDENCE INTERVALS OF STANDARDIZED MODEL RESULTS


STDYX Standardization

                  Lower .5%  Lower 2.5%    Lower 5%    Estimate    Upper 5%  Upper 2.5%   Upper .5%

 RIX      BY
    X1               0.662       0.679       0.686       0.729       0.761       0.767       0.778
    X2               0.664       0.682       0.692       0.737       0.768       0.774       0.785
    X3               0.671       0.690       0.699       0.746       0.777       0.782       0.793

 RIY      BY
    Y1               0.487       0.520       0.535       0.607       0.657       0.667       0.686
    Y2               0.492       0.525       0.539       0.614       0.666       0.676       0.698
    Y3               0.475       0.507       0.521       0.594       0.644       0.655       0.675

 RIM      BY
    M1               0.652       0.675       0.688       0.743       0.781       0.788       0.801
    M2               0.578       0.600       0.609       0.657       0.691       0.697       0.707
    M3               0.567       0.592       0.603       0.653       0.689       0.696       0.706

 WX1      BY
    X1               0.585       0.599       0.606       0.648       0.687       0.695       0.710

 WX2      BY
    X2               0.575       0.588       0.595       0.638       0.683       0.692       0.711

 WX3      BY
    X3               0.582       0.596       0.603       0.646       0.693       0.702       0.720

 WY1      BY
    Y1               0.634       0.654       0.663       0.715       0.768       0.777       0.798

 WY2      BY
    Y2               0.628       0.649       0.658       0.713       0.769       0.781       0.802

 WY3      BY
    Y3               0.607       0.627       0.638       0.690       0.746       0.758       0.779

 WM1      BY
    M1               0.565       0.582       0.591       0.642       0.694       0.706       0.729

 WM2      BY
    M2               0.681       0.692       0.698       0.735       0.770       0.778       0.794

 WM3      BY
    M3               0.682       0.695       0.701       0.739       0.776       0.784       0.800

 WY2      ON
    WY1             -0.010       0.036       0.061       0.182       0.299       0.319       0.365
    WX1             -0.103      -0.069      -0.055       0.027       0.109       0.127       0.156
    WM1             -0.070      -0.044      -0.029       0.038       0.105       0.118       0.142

 WY3      ON
    WY2             -0.009       0.034       0.059       0.179       0.302       0.326       0.373
    WX2             -0.103      -0.068      -0.054       0.026       0.105       0.121       0.149
    WM2             -0.090      -0.056      -0.038       0.049       0.134       0.150       0.181

 WX2      ON
    WX1             -0.060      -0.023      -0.005       0.096       0.201       0.224       0.266
    WY1             -0.139      -0.104      -0.087      -0.001       0.083       0.100       0.132
    WM1             -0.051      -0.023      -0.010       0.060       0.130       0.145       0.172

 WX3      ON
    WX2             -0.056      -0.021      -0.005       0.094       0.202       0.228       0.274
    WY2             -0.138      -0.105      -0.087      -0.001       0.081       0.096       0.127
    WM2             -0.065      -0.030      -0.013       0.078       0.167       0.183       0.214

 WM2      ON
    WM1              0.046       0.074       0.088       0.170       0.255       0.273       0.310
    WX1             -0.078      -0.049      -0.034       0.049       0.134       0.153       0.188
    WY1             -0.025       0.001       0.012       0.077       0.140       0.153       0.178

 WM3      ON
    WM2              0.060       0.097       0.116       0.218       0.317       0.336       0.374
    WX2             -0.073      -0.047      -0.033       0.047       0.130       0.146       0.177
    WY2             -0.024       0.001       0.012       0.075       0.135       0.147       0.171

 X1       ON
    GENDER1          0.037       0.055       0.063       0.116       0.167       0.176       0.194
    AGE1            -0.078      -0.060      -0.051      -0.005       0.041       0.050       0.066
    EDUCATION_      -0.014       0.007       0.019       0.077       0.134       0.146       0.167
    EDUCATION_       0.061       0.083       0.095       0.154       0.215       0.226       0.245
    UNEMPLOYED      -0.052      -0.033      -0.023       0.027       0.078       0.088       0.105
    UNEMPLOYED      -0.031      -0.015      -0.007       0.038       0.082       0.090       0.107
    FIN1            -0.081      -0.062      -0.052      -0.005       0.045       0.053       0.070

 X2       ON
    GENDER1         -0.016       0.006       0.015       0.068       0.121       0.130       0.148
    AGE1            -0.077      -0.060      -0.051      -0.005       0.042       0.052       0.067
    EDUCATION_      -0.005       0.020       0.032       0.095       0.156       0.167       0.189
    EDUCATION_       0.065       0.090       0.101       0.161       0.220       0.232       0.252
    UNEMPLOYED      -0.038      -0.017      -0.008       0.045       0.099       0.110       0.128
    UNEMPLOYED      -0.105      -0.086      -0.076      -0.025       0.026       0.035       0.054
    FIN2            -0.082      -0.063      -0.055      -0.009       0.037       0.046       0.064

 X3       ON
    GENDER1         -0.050      -0.031      -0.021       0.033       0.087       0.097       0.117
    AGE1            -0.069      -0.053      -0.043       0.003       0.050       0.059       0.076
    EDUCATION_      -0.027      -0.006       0.005       0.069       0.129       0.141       0.165
    EDUCATION_       0.017       0.041       0.053       0.114       0.175       0.186       0.210
    UNEMPLOYED      -0.040      -0.019      -0.009       0.045       0.099       0.110       0.131
    UNEMPLOYED      -0.089      -0.073      -0.064      -0.017       0.031       0.040       0.061
    FIN3            -0.066      -0.048      -0.040       0.010       0.061       0.070       0.090

 Y1       ON
    GENDER1         -0.188      -0.170      -0.160      -0.112      -0.063      -0.053      -0.035
    AGE1            -0.010       0.005       0.014       0.053       0.094       0.102       0.117
    EDUCATION_      -0.123      -0.099      -0.088      -0.024       0.039       0.051       0.074
    EDUCATION_      -0.091      -0.068      -0.056       0.009       0.075       0.088       0.112
    UNEMPLOYED      -0.140      -0.115      -0.104      -0.046       0.013       0.024       0.043
    UNEMPLOYED      -0.059      -0.038      -0.026       0.031       0.085       0.095       0.116
    FIN1             0.238       0.260       0.271       0.324       0.377       0.386       0.405

 Y2       ON
    GENDER1         -0.131      -0.112      -0.103      -0.054      -0.003       0.006       0.023
    AGE1            -0.019      -0.003       0.006       0.046       0.088       0.096       0.111
    EDUCATION_      -0.063      -0.039      -0.027       0.033       0.092       0.103       0.124
    EDUCATION_      -0.073      -0.050      -0.038       0.026       0.091       0.104       0.129
    UNEMPLOYED      -0.126      -0.106      -0.096      -0.039       0.019       0.029       0.049
    UNEMPLOYED      -0.087      -0.065      -0.054       0.000       0.050       0.059       0.076
    FIN2             0.230       0.251       0.261       0.312       0.360       0.368       0.389

 Y3       ON
    GENDER1         -0.070      -0.053      -0.044       0.007       0.057       0.066       0.086
    AGE1            -0.032      -0.016      -0.008       0.031       0.071       0.079       0.093
    EDUCATION_      -0.062      -0.040      -0.029       0.028       0.085       0.095       0.113
    EDUCATION_      -0.053      -0.030      -0.021       0.034       0.091       0.101       0.120
    UNEMPLOYED      -0.091      -0.072      -0.062      -0.010       0.042       0.052       0.071
    UNEMPLOYED      -0.075      -0.051      -0.040       0.012       0.062       0.071       0.089
    FIN3             0.320       0.337       0.347       0.398       0.447       0.456       0.474

 M1       ON
    GENDER1         -0.105      -0.085      -0.075      -0.023       0.030       0.039       0.058
    AGE1            -0.026      -0.008       0.001       0.048       0.095       0.104       0.123
    EDUCATION_      -0.170      -0.143      -0.132      -0.068      -0.002       0.011       0.034
    EDUCATION_      -0.084      -0.059      -0.048       0.015       0.077       0.090       0.114
    UNEMPLOYED      -0.083      -0.060      -0.048       0.009       0.067       0.077       0.098
    UNEMPLOYED      -0.027      -0.004       0.006       0.064       0.119       0.130       0.154
    FIN1             0.093       0.110       0.120       0.171       0.221       0.231       0.248

 M2       ON
    GENDER1         -0.140      -0.120      -0.111      -0.061      -0.011      -0.001       0.018
    AGE1            -0.020      -0.005       0.002       0.044       0.086       0.094       0.111
    EDUCATION_      -0.140      -0.117      -0.105      -0.045       0.017       0.029       0.051
    EDUCATION_      -0.099      -0.075      -0.063      -0.001       0.061       0.072       0.095
    UNEMPLOYED      -0.105      -0.083      -0.072      -0.015       0.042       0.052       0.073
    UNEMPLOYED      -0.091      -0.070      -0.060      -0.010       0.040       0.051       0.071
    FIN2             0.076       0.095       0.104       0.152       0.200       0.208       0.227

 M3       ON
    GENDER1         -0.104      -0.082      -0.071      -0.016       0.038       0.049       0.070
    AGE1            -0.028      -0.012      -0.003       0.038       0.079       0.088       0.105
    EDUCATION_      -0.139      -0.117      -0.104      -0.040       0.024       0.036       0.063
    EDUCATION_      -0.075      -0.050      -0.038       0.025       0.090       0.103       0.126
    UNEMPLOYED      -0.088      -0.067      -0.056       0.001       0.057       0.068       0.087
    UNEMPLOYED      -0.047      -0.029      -0.018       0.032       0.081       0.090       0.108
    FIN3             0.075       0.094       0.104       0.158       0.211       0.222       0.240

 RIX      WITH
    RIY             -0.335      -0.281      -0.258      -0.142      -0.029      -0.006       0.043
    RIM             -0.319      -0.278      -0.258      -0.157      -0.064      -0.045      -0.004

 RIY      WITH
    RIM              0.388       0.425       0.443       0.531       0.628       0.648       0.690

 WX1      WITH
    WY1             -0.155      -0.119      -0.100      -0.001       0.097       0.118       0.155
    WM1             -0.120      -0.079      -0.059       0.043       0.146       0.164       0.203

 WY1      WITH
    WM1              0.067       0.111       0.134       0.240       0.343       0.361       0.396

 WX2      WITH
    WY2             -0.161      -0.128      -0.110      -0.021       0.069       0.086       0.118
    WM2             -0.094      -0.065      -0.052       0.027       0.111       0.126       0.158

 WY2      WITH
    WM2              0.131       0.161       0.176       0.249       0.318       0.332       0.357

 WX3      WITH
    WY3             -0.161      -0.128      -0.110      -0.021       0.069       0.086       0.118
    WM3             -0.094      -0.065      -0.052       0.027       0.111       0.126       0.158

 WY3      WITH
    WM3              0.131       0.161       0.176       0.249       0.318       0.332       0.357

 GENDER1  WITH
    AGE1            -0.085      -0.065      -0.056      -0.003       0.050       0.060       0.081
    EDUCATION_      -0.157      -0.139      -0.129      -0.077      -0.023      -0.013       0.008
    EDUCATION_      -0.127      -0.107      -0.097      -0.047       0.006       0.015       0.037
    UNEMPLOYED      -0.100      -0.080      -0.070      -0.016       0.037       0.047       0.066
    UNEMPLOYED      -0.102      -0.079      -0.068      -0.014       0.041       0.051       0.072
    FIN1            -0.048      -0.030      -0.020       0.034       0.085       0.096       0.115
    FIN2            -0.090      -0.069      -0.059      -0.004       0.049       0.060       0.077
    FIN3            -0.073      -0.052      -0.042       0.013       0.067       0.077       0.095

 AGE1     WITH
    EDUCATION_      -0.159      -0.141      -0.131      -0.078      -0.025      -0.016       0.004
    EDUCATION_      -0.119      -0.101      -0.091      -0.038       0.015       0.025       0.047
    UNEMPLOYED      -0.013       0.008       0.017       0.069       0.119       0.127       0.144
    UNEMPLOYED      -0.073      -0.051      -0.040       0.013       0.065       0.074       0.093
    FIN1            -0.096      -0.075      -0.066      -0.013       0.040       0.050       0.069
    FIN2            -0.108      -0.089      -0.078      -0.025       0.027       0.038       0.057
    FIN3            -0.110      -0.091      -0.082      -0.029       0.024       0.035       0.055

 EDUCATIO WITH
    EDUCATION_       0.394       0.412       0.421       0.468       0.514       0.523       0.538
    UNEMPLOYED      -0.326      -0.308      -0.298      -0.250      -0.200      -0.190      -0.172
    UNEMPLOYED      -0.179      -0.158      -0.149      -0.095      -0.039      -0.028      -0.005
    FIN1             0.058       0.077       0.087       0.140       0.193       0.203       0.222
    FIN2             0.080       0.099       0.109       0.162       0.213       0.222       0.241
    FIN3             0.077       0.096       0.106       0.159       0.211       0.221       0.240

 EDUCATIO WITH
    UNEMPLOYED      -0.235      -0.217      -0.207      -0.158      -0.107      -0.097      -0.077
    UNEMPLOYED      -0.187      -0.172      -0.164      -0.121      -0.075      -0.066      -0.050
    FIN1             0.089       0.108       0.119       0.172       0.226       0.237       0.257
    FIN2             0.134       0.151       0.159       0.211       0.261       0.271       0.291
    FIN3             0.132       0.152       0.164       0.214       0.264       0.275       0.292

 UNEMPLOY WITH
    UNEMPLOYED       0.040       0.065       0.077       0.146       0.214       0.229       0.256
    FIN1            -0.196      -0.175      -0.165      -0.106      -0.049      -0.038      -0.018
    FIN2            -0.182      -0.160      -0.151      -0.096      -0.041      -0.030      -0.011
    FIN3            -0.213      -0.192      -0.181      -0.128      -0.075      -0.064      -0.043

 UNEMPLOY WITH
    FIN1            -0.214      -0.192      -0.181      -0.122      -0.062      -0.050      -0.026
    FIN2            -0.170      -0.153      -0.143      -0.094      -0.045      -0.035      -0.016
    FIN3            -0.173      -0.154      -0.144      -0.090      -0.036      -0.026      -0.005

 FIN1     WITH
    FIN2             0.664       0.677       0.684       0.716       0.745       0.751       0.761
    FIN3             0.593       0.608       0.615       0.656       0.693       0.700       0.713

 FIN2     WITH
    FIN3             0.644       0.659       0.668       0.703       0.737       0.742       0.754

 Means
    GENDER1          1.243       1.268       1.280       1.351       1.428       1.443       1.477
    AGE1            31.618      31.784      31.878      32.399      33.018      33.146      33.447
    EDUCATION_       3.852       3.892       3.914       4.017       4.125       4.147       4.184
    EDUCATION_       3.631       3.671       3.689       3.785       3.886       3.904       3.944
    UNEMPLOYED       0.377       0.390       0.395       0.427       0.457       0.463       0.475
    UNEMPLOYED       0.228       0.239       0.245       0.275       0.303       0.309       0.318
    FIN1             4.182       4.238       4.265       4.404       4.564       4.597       4.653
    FIN2             4.331       4.385       4.414       4.567       4.731       4.766       4.822
    FIN3             4.085       4.144       4.174       4.336       4.510       4.549       4.623

 Intercepts
    X1              -3.259      -2.725      -2.426      -0.886       0.626       0.947       1.512
    X2              -3.268      -2.744      -2.446      -0.895       0.632       0.960       1.499
    X3              -3.309      -2.770      -2.472      -0.906       0.639       0.972       1.523
    Y1              -0.503      -0.064       0.207       1.558       2.887       3.149       3.706
    Y2              -0.511      -0.067       0.205       1.575       2.916       3.170       3.761
    Y3              -0.501      -0.065       0.198       1.524       2.828       3.073       3.660
    M1              -4.652      -3.956      -3.652      -2.103      -0.554      -0.250       0.336
    M2              -4.095      -3.514      -3.224      -1.859      -0.488      -0.222       0.297
    M3              -4.070      -3.493      -3.208      -1.849      -0.483      -0.221       0.297

 Variances
    GENDER1          1.000       1.000       1.000       1.000       1.000       1.000       1.000
    AGE1             1.000       1.000       1.000       1.000       1.000       1.000       1.000
    EDUCATION_       1.000       1.000       1.000       1.000       1.000       1.000       1.000
    EDUCATION_       1.000       1.000       1.000       1.000       1.000       1.000       1.000
    UNEMPLOYED       1.000       1.000       1.000       1.000       1.000       1.000       1.000
    UNEMPLOYED       1.000       1.000       1.000       1.000       1.000       1.000       1.000
    FIN1             1.000       1.000       1.000       1.000       1.000       1.000       1.000
    FIN2             1.000       1.000       1.000       1.000       1.000       1.000       1.000
    FIN3             1.000       1.000       1.000       1.000       1.000       1.000       1.000
    RIX              1.000       1.000       1.000       1.000       1.000       1.000       1.000
    RIY              1.000       1.000       1.000       1.000       1.000       1.000       1.000
    RIM              1.000       1.000       1.000       1.000       1.000       1.000       1.000
    WX1              1.000       1.000       1.000       1.000       1.000       1.000       1.000
    WY1              1.000       1.000       1.000       1.000       1.000       1.000       1.000
    WM1              1.000       1.000       1.000       1.000       1.000       1.000       1.000

 Residual Variances
    X1               0.000       0.000       0.000       0.000       0.000       0.000       0.000
    X2               0.000       0.000       0.000       0.000       0.000       0.000       0.000
    X3               0.000       0.000       0.000       0.000       0.000       0.000       0.000
    Y1               0.000       0.000       0.000       0.000       0.000       0.000       0.000
    Y2               0.000       0.000       0.000       0.000       0.000       0.000       0.000
    Y3               0.000       0.000       0.000       0.000       0.000       0.000       0.000
    M1               0.000       0.000       0.000       0.000       0.000       0.000       0.000
    M2               0.000       0.000       0.000       0.000       0.000       0.000       0.000
    M3               0.000       0.000       0.000       0.000       0.000       0.000       0.000
    WX2              0.915       0.937       0.946       0.987       0.997       0.998       0.999
    WX3              0.902       0.926       0.937       0.985       0.996       0.998       0.999
    WY2              0.859       0.889       0.902       0.961       0.988       0.991       0.996
    WY3              0.853       0.884       0.897       0.960       0.986       0.990       0.996
    WM2              0.877       0.899       0.910       0.956       0.979       0.983       0.989
    WM3              0.832       0.860       0.873       0.935       0.970       0.976       0.984


     Beginning Time:  20:04:22
        Ending Time:  20:14:31
       Elapsed Time:  00:10:09



MUTHEN & MUTHEN
3463 Stoner Ave.
Los Angeles, CA  90066

Tel: (310) 391-9971
Fax: (310) 391-8971
Web: www.StatModel.com
Support: Support@StatModel.com

Copyright (c) 1998-2023 Muthen & Muthen
