Mplus VERSION 8.9
MUTHEN & MUTHEN
01/22/2025   8:14 PM

INPUT INSTRUCTIONS

  DATA:
    FILE IS "mplus.dat";
  VARIABLE:
    MISSING ARE ALL (-99);
    NAMES ARE id Gender1 Age1 Education_mother1 Education_father1
    unemployed_mother1 unemployed_father1 Fin1 Fin2 Fin3 Personal1
    Personal2 Personal3 Public1 Public2 Public3 Collective1
    Collective2 Collective3 Relational1 Relational2
    Relational3 Autonomy1 Autonomy2 Autonomy3 Relatedness1 Relatedness2
    Relatedness3 Competence1 Competence2 Competence3
    PA1 PA2 PA3 NA1 NA2 NA3 SWLS1 SWLS2 SWLS3;

  usevar =
  Gender1 Age1 Education_mother1 Education_father1
  unemployed_mother1 unemployed_father1 Fin1 Fin2 Fin3
  x1-x3 y1-y3 m1-m3 ;

  define:
  x1 = Public1;
  x2 = Public2;
  x3 = Public3;

  m1 = Relatedness1;
  m2 = Relatedness2;
  m3 = Relatedness3;

  y1 = SWLS1;
  y2 = SWLS2;
  y3 = SWLS3;







  analysis:

  MODEL = NOCOV;
  bootstrap = 10000;


  MODEL:
  RIx BY x1@1 x2@1 x3@1;
  RIy BY y1@1 y2@1 y3@1;
  RIm BY m1@1 m2@1 m3@1;



  wx1 BY x1@1;
  wx2 BY x2@1;
  wx3 BY x3@1;



  wy1 BY y1@1;
  wy2 BY y2@1;
  wy3 BY y3@1;



  wm1 By m1@1;
  wm2 By m2@1;
  wm3 By m3@1;


  x1-m3@0;


  wy2 ON wy1 (a );
  wy3 ON wy2 (a );


  wx2 ON wx1 (b );
  wx3 ON wx2 (b );


  wm2 ON wm1  (c);
  wm3 ON wm2  (c);


  wy2 ON  wx1 wm1  (d e);
  wy3 ON  wx2 wm2  (d e);


  wx2 ON wy1 wm1  (f j);
  wx3 ON wy2 wm2  (f j);


  wm2 ON wx1 wy1   (h i);
  wm3 ON wx2 wy2   (h i);


  RIx RIy RIm  with RIx RIy RIm ;

  wx1 wy1 wm1 with wx1 wy1 wm1;
  wx2 wy2 wm2 with wx2 wy2 wm2 (cov1 cov2 cov3);
  wx3 wy3 wm3 with wx3 wy3 wm3 (cov1 cov2 cov3);

  wx2 (vx); wy2 (vy); wm2 (vm);
  wx3 (vx); wy3 (vy); wm3 (vm);

  x1-m3 on Gender1 Age1 Education_mother1 Education_father1
  unemployed_mother1 unemployed_father1 ;

  x1 y1 m1 on Fin1;
  x2 y2 m2 on Fin2;
  x3 y3 m3 on Fin3;

  Gender1 -Fin3 with Gender1 -Fin3;

  [x1-x3] (mx);
  [m1-m3] (mm);
  [y1-y3] (my);

  model constraint:
  new (ind);
  ind = h*e;

  output: cinterval (boot) stdyx;



*** WARNING in VARIABLE command
  Note that only the first 8 characters of variable names are used in the output.
  Shorten variable names to avoid any confusion.
   1 WARNING(S) FOUND IN THE INPUT INSTRUCTIONS




SUMMARY OF ANALYSIS

Number of groups                                                 1
Number of observations                                         971

Number of dependent variables                                    9
Number of independent variables                                  9
Number of continuous latent variables                           12

Observed dependent variables

  Continuous
   X1          X2          X3          Y1          Y2          Y3
   M1          M2          M3

Observed independent variables
   GENDER1     AGE1        EDUCATIO    EDUCATIO    UNEMPLOY    UNEMPLOY
   FIN1        FIN2        FIN3

Continuous latent variables
   RIX         RIY         RIM         WX1         WX2         WX3
   WY1         WY2         WY3         WM1         WM2         WM3


Estimator                                                       ML
Information matrix                                        OBSERVED
Maximum number of iterations                                  1000
Convergence criterion                                    0.500D-04
Maximum number of steepest descent iterations                   20
Maximum number of iterations for H1                           2000
Convergence criterion for H1                             0.100D-03
Number of bootstrap draws
    Requested                                                10000
    Completed                                                10000

Input data file(s)
  mplus.dat

Input data format  FREE


SUMMARY OF DATA

     Number of missing data patterns            19


COVARIANCE COVERAGE OF DATA

Minimum covariance coverage value   0.100


     PROPORTION OF DATA PRESENT


           Covariance Coverage
              X1            X2            X3            Y1            Y2
              ________      ________      ________      ________      ________
 X1             1.000
 X2             1.000         1.000
 X3             1.000         1.000         1.000
 Y1             1.000         1.000         1.000         1.000
 Y2             1.000         1.000         1.000         1.000         1.000
 Y3             1.000         1.000         1.000         1.000         1.000
 M1             1.000         1.000         1.000         1.000         1.000
 M2             1.000         1.000         1.000         1.000         1.000
 M3             1.000         1.000         1.000         1.000         1.000
 GENDER1        0.998         0.998         0.998         0.998         0.998
 AGE1           0.999         0.999         0.999         0.999         0.999
 EDUCATIO       0.994         0.994         0.994         0.994         0.994
 EDUCATIO       0.991         0.991         0.991         0.991         0.991
 UNEMPLOY       0.992         0.992         0.992         0.992         0.992
 UNEMPLOY       0.974         0.974         0.974         0.974         0.974
 FIN1           0.994         0.994         0.994         0.994         0.994
 FIN2           0.991         0.991         0.991         0.991         0.991
 FIN3           0.991         0.991         0.991         0.991         0.991


           Covariance Coverage
              Y3            M1            M2            M3            GENDER1
              ________      ________      ________      ________      ________
 Y3             1.000
 M1             1.000         1.000
 M2             1.000         1.000         1.000
 M3             1.000         1.000         1.000         1.000
 GENDER1        0.998         0.998         0.998         0.998         0.998
 AGE1           0.999         0.999         0.999         0.999         0.997
 EDUCATIO       0.994         0.994         0.994         0.994         0.992
 EDUCATIO       0.991         0.991         0.991         0.991         0.989
 UNEMPLOY       0.992         0.992         0.992         0.992         0.990
 UNEMPLOY       0.974         0.974         0.974         0.974         0.972
 FIN1           0.994         0.994         0.994         0.994         0.992
 FIN2           0.991         0.991         0.991         0.991         0.990
 FIN3           0.991         0.991         0.991         0.991         0.989


           Covariance Coverage
              AGE1          EDUCATIO      EDUCATIO      UNEMPLOY      UNEMPLOY
              ________      ________      ________      ________      ________
 AGE1           0.999
 EDUCATIO       0.993         0.994
 EDUCATIO       0.990         0.987         0.991
 UNEMPLOY       0.991         0.989         0.984         0.992
 UNEMPLOY       0.973         0.969         0.970         0.968         0.974
 FIN1           0.993         0.989         0.986         0.988         0.969
 FIN2           0.990         0.985         0.981         0.982         0.965
 FIN3           0.990         0.985         0.981         0.982         0.965


           Covariance Coverage
              FIN1          FIN2          FIN3
              ________      ________      ________
 FIN1           0.994
 FIN2           0.986         0.991
 FIN3           0.986         0.984         0.991



UNIVARIATE SAMPLE STATISTICS


     UNIVARIATE HIGHER-ORDER MOMENT DESCRIPTIVE STATISTICS

         Variable/         Mean/     Skewness/   Minimum/ % with                Percentiles
        Sample Size      Variance    Kurtosis    Maximum  Min/Max      20%/60%    40%/80%    Median

     X1                   -0.003      -0.091      -3.540    0.10%      -0.756     -0.211      0.039
             971.000       0.836       0.265       2.801    0.10%       0.222      0.728
     X2                    0.000       0.059      -2.732    0.10%      -0.713     -0.211     -0.009
             971.000       0.848       0.269       3.079    0.10%       0.179      0.698
     X3                    0.001       0.007      -3.090    0.10%      -0.690     -0.216     -0.019
             971.000       0.844       0.498       2.792    0.10%       0.174      0.735
     Y1                    5.197      -0.908       1.000    0.51%       4.333      5.000      5.333
             971.000       1.455       0.746       7.000    4.43%       5.667      6.333
     Y2                    5.307      -0.912       1.000    0.41%       4.333      5.333      5.667
             971.000       1.416       0.731       7.000    5.97%       5.667      6.333
     Y3                    5.309      -0.984       1.000    0.82%       4.333      5.333      5.667
             971.000       1.518       0.898       7.000    7.11%       5.667      6.333
     M1                   -0.034      -0.538      -1.942    0.10%      -0.486     -0.142      0.034
             971.000       0.243      -0.181       0.793    1.24%       0.182      0.446
     M2                   -0.029      -0.424      -1.864    0.10%      -0.518     -0.166      0.029
             971.000       0.294      -0.219       0.934    2.37%       0.184      0.487
     M3                   -0.033      -0.375      -2.113    0.10%      -0.528     -0.198      0.016
             971.000       0.356      -0.467       1.004    2.16%       0.216      0.541
     GENDER1               0.646      -0.611       0.000   35.40%       0.000      1.000      1.000
             969.000       0.229      -1.627       1.000   64.60%       1.000      1.000
     AGE1                 15.638      -0.547      15.000   36.29%      15.000     16.000     16.000
             970.000       0.233      -1.625      17.000    0.10%      16.000     16.000
     EDUCATION_MOTHE       3.907      -0.084       1.000    0.31%       3.000      3.000      4.000
             965.000       0.945      -1.378       5.000   39.17%       4.000      5.000
     EDUCATION_FATHE       3.754       0.093       1.000    0.62%       3.000      3.000      3.000
             962.000       0.984      -1.211       5.000   33.78%       4.000      5.000
     UNEMPLOYED_MOTH       0.154       1.921       0.000   84.63%       0.000      0.000      0.000
             963.000       0.130       1.688       1.000   15.37%       0.000      0.000
     UNEMPLOYED_FATH       0.070       3.378       0.000   93.02%       0.000      0.000      0.000
             946.000       0.065       9.408       1.000    6.98%       0.000      0.000
     FIN1                  3.754      -0.071       1.000    0.31%       3.000      3.000      4.000
             965.000       0.726      -0.634       5.000   21.55%       4.000      5.000
     FIN2                  3.777      -0.071       1.000    0.42%       3.000      4.000      4.000
             962.000       0.685      -0.517       5.000   21.21%       4.000      5.000
     FIN3                  3.756      -0.179       1.000    0.94%       3.000      3.000      4.000
             962.000       0.750      -0.296       5.000   21.93%       4.000      5.000


THE MODEL ESTIMATION TERMINATED NORMALLY



MODEL FIT INFORMATION

Number of Free Parameters                      147

Loglikelihood

          H0 Value                      -16278.423
          H1 Value                      -16188.289

Information Criteria

          Akaike (AIC)                   32850.846
          Bayesian (BIC)                 33567.960
          Sample-Size Adjusted BIC       33101.088
            (n* = (n + 2) / 24)

Chi-Square Test of Model Fit

          Value                            180.268
          Degrees of Freedom                    42
          P-Value                           0.0000

RMSEA (Root Mean Square Error Of Approximation)

          Estimate                           0.058
          90 Percent C.I.                    0.050  0.067
          Probability RMSEA <= .05           0.057

CFI/TLI

          CFI                                0.962
          TLI                                0.895

Chi-Square Test of Model Fit for the Baseline Model

          Value                           3780.176
          Degrees of Freedom                   117
          P-Value                           0.0000

SRMR (Standardized Root Mean Square Residual)

          Value                              0.051



MODEL RESULTS

                                                    Two-Tailed
                    Estimate       S.E.  Est./S.E.    P-Value

 RIX      BY
    X1                 1.000      0.000    999.000    999.000
    X2                 1.000      0.000    999.000    999.000
    X3                 1.000      0.000    999.000    999.000

 RIY      BY
    Y1                 1.000      0.000    999.000    999.000
    Y2                 1.000      0.000    999.000    999.000
    Y3                 1.000      0.000    999.000    999.000

 RIM      BY
    M1                 1.000      0.000    999.000    999.000
    M2                 1.000      0.000    999.000    999.000
    M3                 1.000      0.000    999.000    999.000

 WX1      BY
    X1                 1.000      0.000    999.000    999.000

 WX2      BY
    X2                 1.000      0.000    999.000    999.000

 WX3      BY
    X3                 1.000      0.000    999.000    999.000

 WY1      BY
    Y1                 1.000      0.000    999.000    999.000

 WY2      BY
    Y2                 1.000      0.000    999.000    999.000

 WY3      BY
    Y3                 1.000      0.000    999.000    999.000

 WM1      BY
    M1                 1.000      0.000    999.000    999.000

 WM2      BY
    M2                 1.000      0.000    999.000    999.000

 WM3      BY
    M3                 1.000      0.000    999.000    999.000

 WY2      ON
    WY1                0.202      0.075      2.705      0.007
    WX1                0.036      0.069      0.522      0.602
    WM1                0.034      0.088      0.389      0.697

 WY3      ON
    WY2                0.202      0.075      2.705      0.007
    WX2                0.036      0.069      0.522      0.602
    WM2                0.034      0.088      0.389      0.697

 WX2      ON
    WX1                0.091      0.064      1.437      0.151
    WY1               -0.002      0.037     -0.054      0.957
    WM1                0.104      0.069      1.518      0.129

 WX3      ON
    WX2                0.091      0.064      1.437      0.151
    WY2               -0.002      0.037     -0.054      0.957
    WM2                0.104      0.069      1.518      0.129

 WM2      ON
    WM1                0.205      0.056      3.654      0.000
    WX1                0.005      0.037      0.138      0.890
    WY1                0.033      0.022      1.479      0.139

 WM3      ON
    WM2                0.205      0.056      3.654      0.000
    WX2                0.005      0.037      0.138      0.890
    WY2                0.033      0.022      1.479      0.139

 X1       ON
    GENDER1            0.224      0.061      3.655      0.000
    AGE1              -0.007      0.054     -0.134      0.893
    EDUCATION_         0.074      0.033      2.204      0.028
    EDUCATION_         0.145      0.035      4.179      0.000
    UNEMPLOYED         0.067      0.080      0.845      0.398
    UNEMPLOYED         0.137      0.099      1.378      0.168
    FIN1              -0.007      0.032     -0.220      0.826

 X2       ON
    GENDER1            0.130      0.062      2.111      0.035
    AGE1              -0.007      0.054     -0.125      0.900
    EDUCATION_         0.090      0.035      2.536      0.011
    EDUCATION_         0.149      0.035      4.304      0.000
    UNEMPLOYED         0.115      0.083      1.389      0.165
    UNEMPLOYED        -0.089      0.111     -0.800      0.424
    FIN2              -0.011      0.031     -0.354      0.723

 X3       ON
    GENDER1            0.062      0.062      1.000      0.317
    AGE1               0.008      0.053      0.155      0.877
    EDUCATION_         0.065      0.035      1.851      0.064
    EDUCATION_         0.105      0.034      3.049      0.002
    UNEMPLOYED         0.112      0.083      1.345      0.179
    UNEMPLOYED        -0.060      0.105     -0.577      0.564
    FIN3               0.008      0.032      0.260      0.795

 Y1       ON
    GENDER1           -0.272      0.073     -3.736      0.000
    AGE1               0.124      0.059      2.113      0.035
    EDUCATION_        -0.029      0.046     -0.637      0.524
    EDUCATION_         0.011      0.047      0.228      0.820
    UNEMPLOYED        -0.147      0.115     -1.279      0.201
    UNEMPLOYED         0.144      0.154      0.938      0.348
    FIN1               0.437      0.042     10.493      0.000

 Y2       ON
    GENDER1           -0.129      0.073     -1.769      0.077
    AGE1               0.106      0.059      1.787      0.074
    EDUCATION_         0.039      0.043      0.909      0.363
    EDUCATION_         0.031      0.045      0.685      0.493
    UNEMPLOYED        -0.123      0.110     -1.120      0.263
    UNEMPLOYED         0.000      0.143      0.003      0.998
    FIN2               0.425      0.041     10.270      0.000

 Y3       ON
    GENDER1            0.017      0.076      0.219      0.827
    AGE1               0.071      0.059      1.193      0.233
    EDUCATION_         0.033      0.042      0.791      0.429
    EDUCATION_         0.042      0.040      1.033      0.302
    UNEMPLOYED        -0.033      0.103     -0.320      0.749
    UNEMPLOYED         0.059      0.146      0.403      0.687
    FIN3               0.540      0.044     12.404      0.000

 M1       ON
    GENDER1            0.154      0.033      4.630      0.000
    AGE1               0.031      0.028      1.100      0.271
    EDUCATION_        -0.027      0.019     -1.433      0.152
    EDUCATION_         0.018      0.018      0.965      0.335
    UNEMPLOYED        -0.049      0.046     -1.075      0.283
    UNEMPLOYED         0.061      0.062      0.982      0.326
    FIN1               0.087      0.017      4.995      0.000

 M2       ON
    GENDER1            0.076      0.036      2.092      0.036
    AGE1               0.030      0.028      1.077      0.281
    EDUCATION_        -0.003      0.020     -0.168      0.867
    EDUCATION_        -0.012      0.020     -0.599      0.549
    UNEMPLOYED        -0.046      0.051     -0.890      0.374
    UNEMPLOYED         0.007      0.070      0.096      0.924
    FIN2               0.109      0.019      5.732      0.000

 M3       ON
    GENDER1            0.181      0.040      4.478      0.000
    AGE1               0.021      0.028      0.737      0.461
    EDUCATION_         0.003      0.023      0.138      0.891
    EDUCATION_         0.016      0.022      0.723      0.470
    UNEMPLOYED        -0.086      0.055     -1.566      0.117
    UNEMPLOYED         0.125      0.078      1.597      0.110
    FIN3               0.095      0.021      4.500      0.000

 RIX      WITH
    RIY               -0.064      0.033     -1.946      0.052
    RIM               -0.001      0.014     -0.058      0.954

 RIY      WITH
    RIM                0.130      0.019      6.990      0.000

 WX1      WITH
    WY1               -0.008      0.030     -0.259      0.795
    WM1                0.019      0.012      1.597      0.110

 WY1      WITH
    WM1                0.033      0.019      1.745      0.081

 WX2      WITH
    WY2               -0.009      0.026     -0.344      0.731
    WM2                0.000      0.011     -0.027      0.979

 WY2      WITH
    WM2                0.067      0.014      4.671      0.000

 WX3      WITH
    WY3               -0.009      0.026     -0.344      0.731
    WM3                0.000      0.011     -0.027      0.979

 WY3      WITH
    WM3                0.067      0.014      4.671      0.000

 GENDER1  WITH
    AGE1              -0.001      0.007     -0.076      0.939
    EDUCATION_        -0.036      0.015     -2.385      0.017
    EDUCATION_        -0.022      0.015     -1.476      0.140
    UNEMPLOYED        -0.003      0.006     -0.490      0.624
    UNEMPLOYED        -0.002      0.004     -0.417      0.677
    FIN1               0.014      0.013      1.053      0.292
    FIN2              -0.002      0.013     -0.128      0.898
    FIN3               0.006      0.014      0.408      0.684

 AGE1     WITH
    EDUCATION_        -0.036      0.015     -2.433      0.015
    EDUCATION_        -0.018      0.015     -1.175      0.240
    UNEMPLOYED         0.012      0.005      2.231      0.026
    UNEMPLOYED         0.002      0.004      0.395      0.693
    FIN1              -0.005      0.013     -0.403      0.687
    FIN2              -0.010      0.013     -0.801      0.423
    FIN3              -0.012      0.014     -0.896      0.370

 EDUCATIO WITH
    EDUCATION_         0.452      0.030     14.894      0.000
    UNEMPLOYED        -0.088      0.012     -7.481      0.000
    UNEMPLOYED        -0.024      0.009     -2.727      0.006
    FIN1               0.116      0.027      4.291      0.000
    FIN2               0.130      0.026      5.041      0.000
    FIN3               0.134      0.027      4.909      0.000

 EDUCATIO WITH
    UNEMPLOYED        -0.057      0.011     -4.926      0.000
    UNEMPLOYED        -0.031      0.007     -4.083      0.000
    FIN1               0.146      0.028      5.260      0.000
    FIN2               0.173      0.026      6.611      0.000
    FIN3               0.183      0.027      6.787      0.000

 UNEMPLOY WITH
    UNEMPLOYED         0.013      0.004      3.265      0.001
    FIN1              -0.033      0.011     -2.979      0.003
    FIN2              -0.029      0.010     -2.844      0.004
    FIN3              -0.040      0.010     -3.827      0.000

 UNEMPLOY WITH
    FIN1              -0.026      0.008     -3.168      0.002
    FIN2              -0.020      0.007     -2.988      0.003
    FIN3              -0.020      0.008     -2.638      0.008

 FIN1     WITH
    FIN2               0.505      0.025     20.387      0.000
    FIN3               0.484      0.025     19.231      0.000

 FIN2     WITH
    FIN3               0.504      0.024     20.775      0.000

 Means
    GENDER1            0.646      0.015     42.452      0.000
    AGE1              15.638      0.016   1007.173      0.000
    EDUCATION_         3.907      0.031    124.293      0.000
    EDUCATION_         3.754      0.032    116.452      0.000
    UNEMPLOYED         0.154      0.012     13.355      0.000
    UNEMPLOYED         0.070      0.008      8.378      0.000
    FIN1               3.756      0.027    138.390      0.000
    FIN2               3.777      0.027    141.614      0.000
    FIN3               3.754      0.028    133.466      0.000

 Intercepts
    X1                -0.859      0.863     -0.995      0.320
    X2                -0.859      0.863     -0.995      0.320
    X3                -0.859      0.863     -0.995      0.320
    Y1                 1.877      0.945      1.985      0.047
    Y2                 1.877      0.945      1.985      0.047
    Y3                 1.877      0.945      1.985      0.047
    M1                -0.896      0.448     -2.002      0.045
    M2                -0.896      0.448     -2.002      0.045
    M3                -0.896      0.448     -2.002      0.045

 Variances
    GENDER1            0.229      0.004     51.273      0.000
    AGE1               0.233      0.005     50.730      0.000
    EDUCATION_         0.946      0.025     38.610      0.000
    EDUCATION_         0.983      0.028     34.950      0.000
    UNEMPLOYED         0.130      0.008     16.314      0.000
    UNEMPLOYED         0.065      0.007      9.065      0.000
    FIN1               0.728      0.028     26.425      0.000
    FIN2               0.684      0.027     25.753      0.000
    FIN3               0.750      0.032     23.562      0.000
    RIX                0.459      0.036     12.916      0.000
    RIY                0.484      0.062      7.826      0.000
    RIM                0.109      0.011      9.553      0.000
    WX1                0.366      0.034     10.794      0.000
    WY1                0.689      0.080      8.585      0.000
    WM1                0.118      0.011     10.386      0.000

 Residual Variances
    X1                 0.000      0.000    999.000    999.000
    X2                 0.000      0.000    999.000    999.000
    X3                 0.000      0.000    999.000    999.000
    Y1                 0.000      0.000    999.000    999.000
    Y2                 0.000      0.000    999.000    999.000
    Y3                 0.000      0.000    999.000    999.000
    M1                 0.000      0.000    999.000    999.000
    M2                 0.000      0.000    999.000    999.000
    M3                 0.000      0.000    999.000    999.000
    WX2                0.336      0.025     13.377      0.000
    WX3                0.336      0.025     13.377      0.000
    WY2                0.648      0.062     10.391      0.000
    WY3                0.648      0.062     10.391      0.000
    WM2                0.184      0.009     21.170      0.000
    WM3                0.184      0.009     21.170      0.000

New/Additional Parameters
    IND                0.000      0.003      0.051      0.959


STANDARDIZED MODEL RESULTS


STDYX Standardization

                                                    Two-Tailed
                    Estimate       S.E.  Est./S.E.    P-Value

 RIX      BY
    X1                 0.727      0.023     32.254      0.000
    X2                 0.738      0.023     31.453      0.000
    X3                 0.747      0.024     31.668      0.000

 RIY      BY
    Y1                 0.603      0.040     15.246      0.000
    Y2                 0.608      0.041     14.968      0.000
    Y3                 0.588      0.040     14.841      0.000

 RIM      BY
    M1                 0.675      0.033     20.487      0.000
    M2                 0.594      0.028     21.384      0.000
    M3                 0.584      0.029     20.144      0.000

 WX1      BY
    X1                 0.650      0.024     26.629      0.000

 WX2      BY
    X2                 0.636      0.027     23.945      0.000

 WX3      BY
    X3                 0.645      0.027     24.025      0.000

 WY1      BY
    Y1                 0.720      0.033     21.908      0.000

 WY2      BY
    Y2                 0.719      0.035     20.775      0.000

 WY3      BY
    Y3                 0.696      0.034     20.304      0.000

 WM1      BY
    M1                 0.702      0.030     23.135      0.000

 WM2      BY
    M2                 0.785      0.021     37.580      0.000

 WM3      BY
    M3                 0.778      0.021     36.562      0.000

 WY2      ON
    WY1                0.204      0.073      2.790      0.005
    WX1                0.026      0.051      0.520      0.603
    WM1                0.014      0.037      0.387      0.699

 WY3      ON
    WY2                0.202      0.074      2.712      0.007
    WX2                0.025      0.049      0.521      0.602
    WM2                0.018      0.047      0.388      0.698

 WX2      ON
    WX1                0.095      0.063      1.496      0.135
    WY1               -0.003      0.053     -0.054      0.957
    WM1                0.061      0.041      1.512      0.131

 WX3      ON
    WX2                0.091      0.064      1.439      0.150
    WY2               -0.003      0.053     -0.054      0.957
    WM2                0.078      0.051      1.529      0.126

 WM2      ON
    WM1                0.161      0.046      3.498      0.000
    WX1                0.007      0.052      0.137      0.891
    WY1                0.062      0.042      1.479      0.139

 WM3      ON
    WM2                0.203      0.055      3.717      0.000
    WX2                0.007      0.049      0.138      0.891
    WY2                0.061      0.042      1.477      0.140

 X1       ON
    GENDER1            0.115      0.031      3.686      0.000
    AGE1              -0.004      0.028     -0.134      0.894
    EDUCATION_         0.077      0.035      2.207      0.027
    EDUCATION_         0.154      0.036      4.247      0.000
    UNEMPLOYED         0.026      0.031      0.848      0.397
    UNEMPLOYED         0.037      0.027      1.387      0.165
    FIN1              -0.007      0.030     -0.220      0.826

 X2       ON
    GENDER1            0.068      0.032      2.120      0.034
    AGE1              -0.004      0.028     -0.125      0.900
    EDUCATION_         0.095      0.038      2.543      0.011
    EDUCATION_         0.161      0.036      4.424      0.000
    UNEMPLOYED         0.045      0.032      1.398      0.162
    UNEMPLOYED        -0.025      0.031     -0.806      0.420
    FIN2              -0.010      0.028     -0.354      0.723

 X3       ON
    GENDER1            0.033      0.033      1.002      0.316
    AGE1               0.004      0.028      0.156      0.876
    EDUCATION_         0.070      0.038      1.854      0.064
    EDUCATION_         0.114      0.037      3.088      0.002
    UNEMPLOYED         0.044      0.033      1.353      0.176
    UNEMPLOYED        -0.017      0.029     -0.582      0.560
    FIN3               0.008      0.030      0.261      0.794

 Y1       ON
    GENDER1           -0.113      0.030     -3.794      0.000
    AGE1               0.052      0.025      2.108      0.035
    EDUCATION_        -0.025      0.039     -0.638      0.524
    EDUCATION_         0.009      0.040      0.228      0.820
    UNEMPLOYED        -0.046      0.035     -1.292      0.196
    UNEMPLOYED         0.032      0.034      0.943      0.346
    FIN1               0.323      0.032     10.196      0.000

 Y2       ON
    GENDER1           -0.054      0.030     -1.776      0.076
    AGE1               0.045      0.025      1.784      0.074
    EDUCATION_         0.033      0.036      0.909      0.363
    EDUCATION_         0.027      0.039      0.687      0.492
    UNEMPLOYED        -0.039      0.035     -1.128      0.259
    UNEMPLOYED         0.000      0.032      0.003      0.998
    FIN2               0.307      0.030     10.273      0.000

 Y3       ON
    GENDER1            0.007      0.031      0.219      0.827
    AGE1               0.029      0.024      1.192      0.233
    EDUCATION_         0.027      0.035      0.792      0.429
    EDUCATION_         0.035      0.034      1.037      0.300
    UNEMPLOYED        -0.010      0.031     -0.321      0.748
    UNEMPLOYED         0.013      0.031      0.406      0.685
    FIN3               0.396      0.030     13.034      0.000

 M1       ON
    GENDER1            0.150      0.032      4.653      0.000
    AGE1               0.030      0.027      1.101      0.271
    EDUCATION_        -0.055      0.038     -1.442      0.149
    EDUCATION_         0.036      0.037      0.968      0.333
    UNEMPLOYED        -0.036      0.033     -1.078      0.281
    UNEMPLOYED         0.032      0.032      0.989      0.322
    FIN1               0.152      0.030      4.983      0.000

 M2       ON
    GENDER1            0.065      0.031      2.090      0.037
    AGE1               0.026      0.024      1.076      0.282
    EDUCATION_        -0.006      0.035     -0.168      0.867
    EDUCATION_        -0.021      0.036     -0.599      0.549
    UNEMPLOYED        -0.030      0.033     -0.892      0.372
    UNEMPLOYED         0.003      0.032      0.096      0.923
    FIN2               0.162      0.029      5.694      0.000

 M3       ON
    GENDER1            0.153      0.034      4.518      0.000
    AGE1               0.018      0.024      0.736      0.462
    EDUCATION_         0.005      0.040      0.138      0.890
    EDUCATION_         0.028      0.039      0.723      0.470
    UNEMPLOYED        -0.055      0.035     -1.577      0.115
    UNEMPLOYED         0.056      0.035      1.605      0.108
    FIN3               0.145      0.032      4.568      0.000

 RIX      WITH
    RIY               -0.135      0.071     -1.898      0.058
    RIM               -0.004      0.064     -0.057      0.955

 RIY      WITH
    RIM                0.567      0.070      8.093      0.000

 WX1      WITH
    WY1               -0.016      0.060     -0.260      0.795
    WM1                0.089      0.056      1.609      0.108

 WY1      WITH
    WM1                0.115      0.064      1.800      0.072

 WX2      WITH
    WY2               -0.019      0.056     -0.342      0.732
    WM2               -0.001      0.046     -0.026      0.979

 WY2      WITH
    WM2                0.194      0.042      4.588      0.000

 WX3      WITH
    WY3               -0.019      0.056     -0.342      0.732
    WM3               -0.001      0.046     -0.026      0.979

 WY3      WITH
    WM3                0.194      0.042      4.588      0.000

 GENDER1  WITH
    AGE1              -0.002      0.032     -0.076      0.940
    EDUCATION_        -0.077      0.032     -2.380      0.017
    EDUCATION_        -0.047      0.032     -1.476      0.140
    UNEMPLOYED        -0.016      0.032     -0.490      0.624
    UNEMPLOYED        -0.014      0.033     -0.416      0.677
    FIN1               0.034      0.032      1.054      0.292
    FIN2              -0.004      0.033     -0.127      0.899
    FIN3               0.013      0.033      0.408      0.684

 AGE1     WITH
    EDUCATION_        -0.078      0.032     -2.430      0.015
    EDUCATION_        -0.038      0.032     -1.173      0.241
    UNEMPLOYED         0.069      0.031      2.244      0.025
    UNEMPLOYED         0.013      0.032      0.395      0.693
    FIN1              -0.013      0.032     -0.403      0.687
    FIN2              -0.026      0.032     -0.801      0.423
    FIN3              -0.029      0.032     -0.897      0.370

 EDUCATIO WITH
    EDUCATION_         0.468      0.028     16.506      0.000
    UNEMPLOYED        -0.250      0.030     -8.356      0.000
    UNEMPLOYED        -0.095      0.034     -2.824      0.005
    FIN1               0.140      0.032      4.361      0.000
    FIN2               0.161      0.031      5.123      0.000
    FIN3               0.159      0.032      4.957      0.000

 EDUCATIO WITH
    UNEMPLOYED        -0.158      0.031     -5.164      0.000
    UNEMPLOYED        -0.121      0.027     -4.456      0.000
    FIN1               0.172      0.032      5.309      0.000
    FIN2               0.211      0.031      6.835      0.000
    FIN3               0.214      0.031      6.992      0.000

 UNEMPLOY WITH
    UNEMPLOYED         0.146      0.042      3.474      0.001
    FIN1              -0.106      0.035     -3.037      0.002
    FIN2              -0.096      0.033     -2.878      0.004
    FIN3              -0.128      0.033     -3.936      0.000

 UNEMPLOY WITH
    FIN1              -0.122      0.036     -3.349      0.001
    FIN2              -0.094      0.030     -3.133      0.002
    FIN3              -0.090      0.033     -2.733      0.006

 FIN1     WITH
    FIN2               0.716      0.019     38.348      0.000
    FIN3               0.656      0.023     27.915      0.000

 FIN2     WITH
    FIN3               0.704      0.021     33.426      0.000

 Means
    GENDER1            1.351      0.045     29.940      0.000
    AGE1              32.399      0.350     92.494      0.000
    EDUCATION_         4.016      0.064     62.432      0.000
    EDUCATION_         3.786      0.060     63.261      0.000
    UNEMPLOYED         0.426      0.019     22.551      0.000
    UNEMPLOYED         0.275      0.018     15.511      0.000
    FIN1               4.403      0.091     48.147      0.000
    FIN2               4.567      0.096     47.439      0.000
    FIN3               4.336      0.102     42.320      0.000

 Intercepts
    X1                -0.922      0.929     -0.993      0.321
    X2                -0.936      0.940     -0.996      0.319
    X3                -0.947      0.951     -0.997      0.319
    Y1                 1.627      0.823      1.978      0.048
    Y2                 1.640      0.828      1.981      0.048
    Y3                 1.587      0.801      1.980      0.048
    M1                -1.831      0.912     -2.007      0.045
    M2                -1.612      0.807     -1.998      0.046
    M3                -1.584      0.792     -1.999      0.046

 Variances
    GENDER1            1.000      0.000    999.000    999.000
    AGE1               1.000      0.000    999.000    999.000
    EDUCATION_         1.000      0.000    999.000    999.000
    EDUCATION_         1.000      0.000    999.000    999.000
    UNEMPLOYED         1.000      0.000    999.000    999.000
    UNEMPLOYED         1.000      0.000    999.000    999.000
    FIN1               1.000      0.000    999.000    999.000
    FIN2               1.000      0.000    999.000    999.000
    FIN3               1.000      0.000    999.000    999.000
    RIX                1.000      0.000    999.000    999.000
    RIY                1.000      0.000    999.000    999.000
    RIM                1.000      0.000    999.000    999.000
    WX1                1.000      0.000    999.000    999.000
    WY1                1.000      0.000    999.000    999.000
    WM1                1.000      0.000    999.000    999.000

 Residual Variances
    X1                 0.000      0.000      0.000      1.000
    X2                 0.000      0.000      0.000      1.000
    X3                 0.000      0.000      0.000      1.000
    Y1                 0.000      0.000      0.000      1.000
    Y2                 0.000      0.000      0.000      1.000
    Y3                 0.000      0.000      0.000      1.000
    M1                 0.000      0.000      0.000      1.000
    M2                 0.000      0.000      0.000      1.000
    M3                 0.000      0.000      0.000      1.000
    WX2                0.986      0.016     59.824      0.000
    WX3                0.985      0.018     54.633      0.000
    WY2                0.957      0.030     31.692      0.000
    WY3                0.957      0.031     30.872      0.000
    WM2                0.967      0.018     54.737      0.000
    WM3                0.950      0.025     37.504      0.000


R-SQUARE

    Observed                                        Two-Tailed
    Variable        Estimate       S.E.  Est./S.E.    P-Value

    X1                 1.000      0.000    999.000    999.000
    X2                 1.000      0.000    999.000    999.000
    X3                 1.000      0.000    999.000    999.000
    Y1                 1.000      0.000    999.000    999.000
    Y2                 1.000      0.000    999.000    999.000
    Y3                 1.000      0.000    999.000    999.000
    M1                 1.000      0.000    999.000    999.000
    M2                 1.000      0.000    999.000    999.000
    M3                 1.000      0.000    999.000    999.000

     Latent                                         Two-Tailed
    Variable        Estimate       S.E.  Est./S.E.    P-Value

    WX2                0.014      0.016      0.834      0.404
    WX3                0.015      0.018      0.804      0.421
    WY2                0.043      0.030      1.423      0.155
    WY3                0.043      0.031      1.393      0.164
    WM2                0.033      0.018      1.839      0.066
    WM3                0.050      0.025      1.984      0.047


CONFIDENCE INTERVALS OF MODEL RESULTS

                  Lower .5%  Lower 2.5%    Lower 5%    Estimate    Upper 5%  Upper 2.5%   Upper .5%

 RIX      BY
    X1               1.000       1.000       1.000       1.000       1.000       1.000       1.000
    X2               1.000       1.000       1.000       1.000       1.000       1.000       1.000
    X3               1.000       1.000       1.000       1.000       1.000       1.000       1.000

 RIY      BY
    Y1               1.000       1.000       1.000       1.000       1.000       1.000       1.000
    Y2               1.000       1.000       1.000       1.000       1.000       1.000       1.000
    Y3               1.000       1.000       1.000       1.000       1.000       1.000       1.000

 RIM      BY
    M1               1.000       1.000       1.000       1.000       1.000       1.000       1.000
    M2               1.000       1.000       1.000       1.000       1.000       1.000       1.000
    M3               1.000       1.000       1.000       1.000       1.000       1.000       1.000

 WX1      BY
    X1               1.000       1.000       1.000       1.000       1.000       1.000       1.000

 WX2      BY
    X2               1.000       1.000       1.000       1.000       1.000       1.000       1.000

 WX3      BY
    X3               1.000       1.000       1.000       1.000       1.000       1.000       1.000

 WY1      BY
    Y1               1.000       1.000       1.000       1.000       1.000       1.000       1.000

 WY2      BY
    Y2               1.000       1.000       1.000       1.000       1.000       1.000       1.000

 WY3      BY
    Y3               1.000       1.000       1.000       1.000       1.000       1.000       1.000

 WM1      BY
    M1               1.000       1.000       1.000       1.000       1.000       1.000       1.000

 WM2      BY
    M2               1.000       1.000       1.000       1.000       1.000       1.000       1.000

 WM3      BY
    M3               1.000       1.000       1.000       1.000       1.000       1.000       1.000

 WY2      ON
    WY1              0.009       0.054       0.079       0.202       0.322       0.345       0.393
    WX1             -0.147      -0.100      -0.080       0.036       0.146       0.168       0.211
    WM1             -0.199      -0.141      -0.114       0.034       0.175       0.202       0.256

 WY3      ON
    WY2              0.009       0.054       0.079       0.202       0.322       0.345       0.393
    WX2             -0.147      -0.100      -0.080       0.036       0.146       0.168       0.211
    WM2             -0.199      -0.141      -0.114       0.034       0.175       0.202       0.256

 WX2      ON
    WX1             -0.055      -0.023      -0.006       0.091       0.201       0.226       0.274
    WY1             -0.102      -0.076      -0.065      -0.002       0.059       0.070       0.093
    WM1             -0.075      -0.030      -0.008       0.104       0.216       0.239       0.286

 WX3      ON
    WX2             -0.055      -0.023      -0.006       0.091       0.201       0.226       0.274
    WY2             -0.102      -0.076      -0.065      -0.002       0.059       0.070       0.093
    WM2             -0.075      -0.030      -0.008       0.104       0.216       0.239       0.286

 WM2      ON
    WM1              0.056       0.093       0.111       0.205       0.296       0.313       0.350
    WX1             -0.087      -0.066      -0.056       0.005       0.068       0.078       0.102
    WY1             -0.027      -0.013      -0.005       0.033       0.069       0.076       0.090

 WM3      ON
    WM2              0.056       0.093       0.111       0.205       0.296       0.313       0.350
    WX2             -0.087      -0.066      -0.056       0.005       0.068       0.078       0.102
    WY2             -0.027      -0.013      -0.005       0.033       0.069       0.076       0.090

 X1       ON
    GENDER1          0.070       0.104       0.121       0.224       0.324       0.343       0.380
    AGE1            -0.148      -0.113      -0.095      -0.007       0.081       0.098       0.128
    EDUCATION_      -0.013       0.007       0.019       0.074       0.129       0.139       0.159
    EDUCATION_       0.056       0.077       0.089       0.145       0.203       0.214       0.233
    UNEMPLOYED      -0.138      -0.085      -0.060       0.067       0.202       0.227       0.273
    UNEMPLOYED      -0.119      -0.056      -0.025       0.137       0.299       0.333       0.399
    FIN1            -0.091      -0.070      -0.060      -0.007       0.047       0.056       0.074

 X2       ON
    GENDER1         -0.031       0.011       0.029       0.130       0.233       0.251       0.285
    AGE1            -0.146      -0.113      -0.095      -0.007       0.083       0.101       0.130
    EDUCATION_      -0.004       0.019       0.031       0.090       0.147       0.159       0.179
    EDUCATION_       0.059       0.082       0.093       0.149       0.206       0.217       0.238
    UNEMPLOYED      -0.099      -0.045      -0.020       0.115       0.255       0.283       0.331
    UNEMPLOYED      -0.380      -0.311      -0.275      -0.089       0.092       0.129       0.200
    FIN2            -0.093      -0.072      -0.062      -0.011       0.040       0.050       0.068

 X3       ON
    GENDER1         -0.096      -0.059      -0.040       0.062       0.165       0.184       0.224
    AGE1            -0.130      -0.096      -0.078       0.008       0.097       0.113       0.145
    EDUCATION_      -0.025      -0.005       0.006       0.065       0.121       0.132       0.156
    EDUCATION_       0.015       0.038       0.049       0.105       0.162       0.173       0.193
    UNEMPLOYED      -0.101      -0.048      -0.024       0.112       0.249       0.276       0.331
    UNEMPLOYED      -0.332      -0.268      -0.233      -0.060       0.111       0.141       0.220
    FIN3            -0.071      -0.053      -0.043       0.008       0.062       0.071       0.091

 Y1       ON
    GENDER1         -0.461      -0.415      -0.392      -0.272      -0.152      -0.131      -0.083
    AGE1            -0.029       0.009       0.028       0.124       0.222       0.240       0.278
    EDUCATION_      -0.148      -0.119      -0.105      -0.029       0.046       0.059       0.087
    EDUCATION_      -0.105      -0.078      -0.065       0.011       0.089       0.103       0.133
    UNEMPLOYED      -0.459      -0.374      -0.336      -0.147       0.043       0.075       0.135
    UNEMPLOYED      -0.266      -0.171      -0.115       0.144       0.390       0.436       0.532
    FIN1             0.328       0.355       0.368       0.437       0.505       0.517       0.543

 Y2       ON
    GENDER1         -0.313      -0.270      -0.249      -0.129      -0.007       0.014       0.055
    AGE1            -0.048      -0.010       0.010       0.106       0.204       0.224       0.260
    EDUCATION_      -0.075      -0.046      -0.032       0.039       0.109       0.122       0.146
    EDUCATION_      -0.085      -0.056      -0.043       0.031       0.106       0.122       0.151
    UNEMPLOYED      -0.404      -0.338      -0.306      -0.123       0.059       0.092       0.156
    UNEMPLOYED      -0.402      -0.291      -0.241       0.000       0.228       0.271       0.353
    FIN2             0.313       0.343       0.356       0.425       0.492       0.506       0.530

 Y3       ON
    GENDER1         -0.173      -0.133      -0.109       0.017       0.142       0.164       0.216
    AGE1            -0.083      -0.045      -0.026       0.071       0.170       0.190       0.225
    EDUCATION_      -0.077      -0.050      -0.036       0.033       0.103       0.115       0.138
    EDUCATION_      -0.061      -0.035      -0.024       0.042       0.110       0.122       0.144
    UNEMPLOYED      -0.300      -0.235      -0.203      -0.033       0.137       0.169       0.230
    UNEMPLOYED      -0.342      -0.234      -0.184       0.059       0.294       0.332       0.415
    FIN3             0.431       0.456       0.469       0.540       0.611       0.624       0.653

 M1       ON
    GENDER1          0.069       0.089       0.099       0.154       0.209       0.218       0.237
    AGE1            -0.041      -0.023      -0.015       0.031       0.077       0.086       0.104
    EDUCATION_      -0.078      -0.065      -0.059      -0.027       0.004       0.010       0.020
    EDUCATION_      -0.030      -0.018      -0.012       0.018       0.048       0.053       0.066
    UNEMPLOYED      -0.167      -0.139      -0.124      -0.049       0.025       0.040       0.070
    UNEMPLOYED      -0.104      -0.064      -0.043       0.061       0.162       0.180       0.221
    FIN1             0.041       0.053       0.058       0.087       0.116       0.121       0.131

 M2       ON
    GENDER1         -0.021       0.004       0.016       0.076       0.136       0.147       0.169
    AGE1            -0.040      -0.024      -0.015       0.030       0.076       0.086       0.103
    EDUCATION_      -0.055      -0.043      -0.037      -0.003       0.030       0.037       0.050
    EDUCATION_      -0.063      -0.052      -0.045      -0.012       0.021       0.028       0.038
    UNEMPLOYED      -0.178      -0.147      -0.130      -0.046       0.040       0.056       0.087
    UNEMPLOYED      -0.173      -0.132      -0.109       0.007       0.121       0.142       0.186
    FIN2             0.060       0.072       0.078       0.109       0.141       0.146       0.159

 M3       ON
    GENDER1          0.076       0.101       0.115       0.181       0.247       0.260       0.285
    AGE1            -0.049      -0.034      -0.025       0.021       0.067       0.077       0.093
    EDUCATION_      -0.058      -0.042      -0.036       0.003       0.041       0.048       0.063
    EDUCATION_      -0.039      -0.028      -0.020       0.016       0.053       0.061       0.074
    UNEMPLOYED      -0.229      -0.194      -0.175      -0.086       0.004       0.019       0.050
    UNEMPLOYED      -0.082      -0.030      -0.005       0.125       0.250       0.278       0.325
    FIN3             0.041       0.054       0.061       0.095       0.130       0.136       0.149

 RIX      WITH
    RIY             -0.146      -0.127      -0.117      -0.064      -0.007       0.002       0.025
    RIM             -0.037      -0.028      -0.024      -0.001       0.022       0.026       0.035

 RIY      WITH
    RIM              0.079       0.093       0.099       0.130       0.160       0.166       0.178

 WX1      WITH
    WY1             -0.085      -0.066      -0.056      -0.008       0.043       0.054       0.074
    WM1             -0.011      -0.003       0.000       0.019       0.038       0.042       0.050

 WY1      WITH
    WM1             -0.016      -0.004       0.002       0.033       0.063       0.071       0.082

 WX2      WITH
    WY2             -0.077      -0.061      -0.052      -0.009       0.033       0.041       0.055
    WM2             -0.029      -0.022      -0.019       0.000       0.019       0.022       0.029

 WY2      WITH
    WM2              0.026       0.037       0.042       0.067       0.089       0.093       0.101

 WX3      WITH
    WY3             -0.077      -0.061      -0.052      -0.009       0.033       0.041       0.055
    WM3             -0.029      -0.022      -0.019       0.000       0.019       0.022       0.029

 WY3      WITH
    WM3              0.026       0.037       0.042       0.067       0.089       0.093       0.101

 GENDER1  WITH
    AGE1            -0.019      -0.015      -0.013      -0.001       0.012       0.014       0.019
    EDUCATION_      -0.073      -0.065      -0.060      -0.036      -0.011      -0.006       0.004
    EDUCATION_      -0.060      -0.051      -0.046      -0.022       0.003       0.007       0.018
    UNEMPLOYED      -0.017      -0.014      -0.012      -0.003       0.006       0.008       0.011
    UNEMPLOYED      -0.012      -0.010      -0.008      -0.002       0.005       0.006       0.009
    FIN1            -0.020      -0.012      -0.008       0.014       0.035       0.039       0.047
    FIN2            -0.036      -0.027      -0.023      -0.002       0.020       0.024       0.031
    FIN3            -0.030      -0.021      -0.017       0.006       0.028       0.032       0.040

 AGE1     WITH
    EDUCATION_      -0.075      -0.067      -0.061      -0.036      -0.012      -0.007       0.002
    EDUCATION_      -0.057      -0.048      -0.044      -0.018       0.007       0.012       0.023
    UNEMPLOYED      -0.002       0.001       0.003       0.012       0.021       0.022       0.025
    UNEMPLOYED      -0.009      -0.006      -0.005       0.002       0.008       0.009       0.012
    FIN1            -0.039      -0.031      -0.027      -0.005       0.016       0.021       0.028
    FIN2            -0.044      -0.036      -0.031      -0.010       0.011       0.015       0.022
    FIN3            -0.047      -0.038      -0.034      -0.012       0.010       0.015       0.023

 EDUCATIO WITH
    EDUCATION_       0.372       0.392       0.402       0.452       0.501       0.511       0.529
    UNEMPLOYED      -0.119      -0.111      -0.107      -0.088      -0.068      -0.065      -0.058
    UNEMPLOYED      -0.046      -0.040      -0.038      -0.024      -0.010      -0.007      -0.001
    FIN1             0.047       0.063       0.071       0.116       0.160       0.169       0.187
    FIN2             0.064       0.079       0.087       0.130       0.172       0.180       0.195
    FIN3             0.063       0.081       0.089       0.134       0.178       0.186       0.204

 EDUCATIO WITH
    UNEMPLOYED      -0.086      -0.079      -0.075      -0.057      -0.038      -0.034      -0.027
    UNEMPLOYED      -0.050      -0.045      -0.043      -0.031      -0.018      -0.016      -0.012
    FIN1             0.075       0.092       0.100       0.146       0.191       0.201       0.218
    FIN2             0.109       0.122       0.130       0.173       0.216       0.225       0.241
    FIN3             0.112       0.130       0.139       0.183       0.229       0.237       0.253

 UNEMPLOY WITH
    UNEMPLOYED       0.004       0.006       0.007       0.013       0.020       0.022       0.024
    FIN1            -0.062      -0.054      -0.051      -0.033      -0.015      -0.011      -0.005
    FIN2            -0.055      -0.048      -0.045      -0.029      -0.012      -0.009      -0.003
    FIN3            -0.067      -0.061      -0.057      -0.040      -0.023      -0.020      -0.013

 UNEMPLOY WITH
    FIN1            -0.048      -0.043      -0.040      -0.026      -0.013      -0.010      -0.005
    FIN2            -0.037      -0.033      -0.031      -0.020      -0.009      -0.007      -0.003
    FIN3            -0.039      -0.035      -0.032      -0.020      -0.008      -0.005      -0.001

 FIN1     WITH
    FIN2             0.440       0.456       0.463       0.505       0.545       0.553       0.568
    FIN3             0.420       0.434       0.442       0.484       0.526       0.533       0.551

 FIN2     WITH
    FIN3             0.441       0.456       0.463       0.504       0.544       0.552       0.567

 Means
    GENDER1          0.607       0.617       0.621       0.646       0.671       0.676       0.686
    AGE1            15.598      15.608      15.612      15.638      15.663      15.669      15.679
    EDUCATION_       3.827       3.846       3.856       3.907       3.959       3.969       3.988
    EDUCATION_       3.671       3.690       3.700       3.754       3.806       3.816       3.838
    UNEMPLOYED       0.124       0.132       0.135       0.154       0.173       0.176       0.183
    UNEMPLOYED       0.049       0.054       0.056       0.070       0.084       0.087       0.092
    FIN1             3.684       3.702       3.712       3.756       3.800       3.808       3.827
    FIN2             3.708       3.725       3.733       3.777       3.821       3.829       3.844
    FIN3             3.682       3.699       3.707       3.754       3.800       3.809       3.824

 Intercepts
    X1              -3.038      -2.555      -2.279      -0.859       0.542       0.840       1.362
    X2              -3.038      -2.555      -2.279      -0.859       0.542       0.840       1.362
    X3              -3.038      -2.555      -2.279      -0.859       0.542       0.840       1.362
    Y1              -0.537      -0.015       0.315       1.877       3.405       3.720       4.388
    Y2              -0.537      -0.015       0.315       1.877       3.405       3.720       4.388
    Y3              -0.537      -0.015       0.315       1.877       3.405       3.720       4.388
    M1              -2.042      -1.774      -1.635      -0.896      -0.164      -0.027       0.236
    M2              -2.042      -1.774      -1.635      -0.896      -0.164      -0.027       0.236
    M3              -2.042      -1.774      -1.635      -0.896      -0.164      -0.027       0.236

 Variances
    GENDER1          0.216       0.219       0.221       0.229       0.235       0.236       0.238
    AGE1             0.220       0.223       0.225       0.233       0.240       0.241       0.244
    EDUCATION_       0.886       0.900       0.907       0.946       0.987       0.996       1.013
    EDUCATION_       0.913       0.929       0.937       0.983       1.030       1.039       1.058
    UNEMPLOYED       0.109       0.114       0.117       0.130       0.143       0.145       0.150
    UNEMPLOYED       0.047       0.051       0.053       0.065       0.077       0.079       0.083
    FIN1             0.658       0.672       0.681       0.728       0.772       0.780       0.799
    FIN2             0.618       0.632       0.640       0.684       0.728       0.737       0.753
    FIN3             0.669       0.687       0.697       0.750       0.803       0.813       0.833
    RIX              0.359       0.383       0.395       0.459       0.511       0.522       0.543
    RIY              0.306       0.347       0.369       0.484       0.572       0.592       0.628
    RIM              0.077       0.085       0.089       0.109       0.126       0.130       0.137
    WX1              0.284       0.302       0.311       0.366       0.422       0.433       0.459
    WY1              0.502       0.543       0.565       0.689       0.826       0.857       0.917
    WM1              0.091       0.097       0.100       0.118       0.138       0.142       0.150

 Residual Variances
    X1               0.000       0.000       0.000       0.000       0.000       0.000       0.000
    X2               0.000       0.000       0.000       0.000       0.000       0.000       0.000
    X3               0.000       0.000       0.000       0.000       0.000       0.000       0.000
    Y1               0.000       0.000       0.000       0.000       0.000       0.000       0.000
    Y2               0.000       0.000       0.000       0.000       0.000       0.000       0.000
    Y3               0.000       0.000       0.000       0.000       0.000       0.000       0.000
    M1               0.000       0.000       0.000       0.000       0.000       0.000       0.000
    M2               0.000       0.000       0.000       0.000       0.000       0.000       0.000
    M3               0.000       0.000       0.000       0.000       0.000       0.000       0.000
    WX2              0.274       0.287       0.294       0.336       0.376       0.386       0.400
    WX3              0.274       0.287       0.294       0.336       0.376       0.386       0.400
    WY2              0.488       0.524       0.542       0.648       0.747       0.769       0.812
    WY3              0.488       0.524       0.542       0.648       0.747       0.769       0.812
    WM2              0.160       0.165       0.168       0.184       0.196       0.199       0.205
    WM3              0.160       0.165       0.168       0.184       0.196       0.199       0.205

New/Additional Parameters
    IND             -0.012      -0.008      -0.006       0.000       0.005       0.007       0.012


CONFIDENCE INTERVALS OF STANDARDIZED MODEL RESULTS


STDYX Standardization

                  Lower .5%  Lower 2.5%    Lower 5%    Estimate    Upper 5%  Upper 2.5%   Upper .5%

 RIX      BY
    X1               0.660       0.677       0.685       0.727       0.759       0.765       0.776
    X2               0.664       0.683       0.692       0.738       0.769       0.775       0.786
    X3               0.669       0.691       0.701       0.747       0.778       0.783       0.793

 RIY      BY
    Y1               0.473       0.510       0.526       0.603       0.655       0.665       0.685
    Y2               0.477       0.514       0.530       0.608       0.662       0.673       0.694
    Y3               0.462       0.496       0.512       0.588       0.641       0.651       0.672

 RIM      BY
    M1               0.570       0.600       0.613       0.675       0.720       0.729       0.744
    M2               0.507       0.531       0.542       0.594       0.632       0.639       0.653
    M3               0.492       0.517       0.529       0.584       0.623       0.632       0.645

 WX1      BY
    X1               0.587       0.601       0.609       0.650       0.689       0.697       0.713

 WX2      BY
    X2               0.574       0.587       0.594       0.636       0.682       0.691       0.711

 WX3      BY
    X3               0.581       0.595       0.602       0.645       0.691       0.700       0.719

 WY1      BY
    Y1               0.637       0.656       0.666       0.720       0.774       0.785       0.807

 WY2      BY
    Y2               0.633       0.653       0.664       0.719       0.778       0.789       0.814

 WY3      BY
    Y3               0.610       0.632       0.642       0.696       0.754       0.766       0.789

 WM1      BY
    M1               0.623       0.642       0.652       0.702       0.751       0.761       0.782

 WM2      BY
    M2               0.731       0.744       0.750       0.785       0.818       0.826       0.840

 WM3      BY
    M3               0.722       0.736       0.743       0.778       0.812       0.819       0.833

 WY2      ON
    WY1              0.010       0.056       0.081       0.204       0.319       0.340       0.387
    WX1             -0.105      -0.072      -0.057       0.026       0.109       0.126       0.157
    WM1             -0.081      -0.059      -0.046       0.014       0.074       0.086       0.113

 WY3      ON
    WY2              0.009       0.054       0.079       0.202       0.321       0.344       0.392
    WX2             -0.104      -0.070      -0.057       0.025       0.104       0.119       0.149
    WM2             -0.101      -0.073      -0.059       0.018       0.094       0.110       0.141

 WX2      ON
    WX1             -0.059      -0.025      -0.006       0.095       0.201       0.224       0.267
    WY1             -0.143      -0.108      -0.092      -0.003       0.082       0.099       0.130
    WM1             -0.044      -0.017      -0.005       0.061       0.127       0.143       0.169

 WX3      ON
    WX2             -0.055      -0.023      -0.006       0.091       0.201       0.226       0.274
    WY2             -0.143      -0.108      -0.092      -0.003       0.081       0.097       0.127
    WM2             -0.056      -0.022      -0.006       0.078       0.161       0.177       0.212

 WM2      ON
    WM1              0.043       0.071       0.086       0.161       0.238       0.254       0.284
    WX1             -0.123      -0.093      -0.077       0.007       0.094       0.109       0.143
    WY1             -0.051      -0.024      -0.009       0.062       0.131       0.145       0.170

 WM3      ON
    WM2              0.056       0.092       0.111       0.203       0.291       0.308       0.342
    WX2             -0.117      -0.088      -0.074       0.007       0.090       0.104       0.135
    WY2             -0.050      -0.023      -0.009       0.061       0.130       0.142       0.167

 X1       ON
    GENDER1          0.036       0.054       0.063       0.115       0.166       0.175       0.194
    AGE1            -0.076      -0.058      -0.050      -0.004       0.043       0.051       0.067
    EDUCATION_      -0.014       0.008       0.020       0.077       0.134       0.146       0.167
    EDUCATION_       0.061       0.083       0.095       0.154       0.214       0.226       0.244
    UNEMPLOYED      -0.053      -0.033      -0.023       0.026       0.078       0.087       0.105
    UNEMPLOYED      -0.032      -0.015      -0.007       0.037       0.082       0.090       0.107
    FIN1            -0.082      -0.064      -0.054      -0.007       0.043       0.052       0.068

 X2       ON
    GENDER1         -0.016       0.006       0.015       0.068       0.121       0.130       0.148
    AGE1            -0.077      -0.059      -0.050      -0.004       0.043       0.053       0.068
    EDUCATION_      -0.005       0.021       0.033       0.095       0.156       0.168       0.190
    EDUCATION_       0.065       0.090       0.101       0.161       0.220       0.232       0.253
    UNEMPLOYED      -0.038      -0.018      -0.008       0.045       0.099       0.110       0.128
    UNEMPLOYED      -0.105      -0.085      -0.076      -0.025       0.026       0.035       0.054
    FIN2            -0.084      -0.065      -0.056      -0.010       0.036       0.046       0.062

 X3       ON
    GENDER1         -0.051      -0.031      -0.021       0.033       0.087       0.097       0.117
    AGE1            -0.069      -0.051      -0.042       0.004       0.051       0.060       0.078
    EDUCATION_      -0.027      -0.005       0.006       0.070       0.130       0.141       0.166
    EDUCATION_       0.017       0.041       0.054       0.114       0.175       0.186       0.210
    UNEMPLOYED      -0.040      -0.019      -0.009       0.044       0.098       0.110       0.130
    UNEMPLOYED      -0.090      -0.074      -0.065      -0.017       0.031       0.040       0.061
    FIN3            -0.068      -0.050      -0.041       0.008       0.059       0.068       0.087

 Y1       ON
    GENDER1         -0.189      -0.171      -0.161      -0.113      -0.064      -0.054      -0.035
    AGE1            -0.012       0.004       0.011       0.052       0.092       0.101       0.116
    EDUCATION_      -0.124      -0.100      -0.088      -0.025       0.039       0.051       0.073
    EDUCATION_      -0.091      -0.068      -0.056       0.009       0.076       0.088       0.112
    UNEMPLOYED      -0.140      -0.115      -0.104      -0.046       0.014       0.024       0.043
    UNEMPLOYED      -0.059      -0.037      -0.025       0.032       0.086       0.096       0.117
    FIN1             0.238       0.261       0.270       0.323       0.375       0.383       0.402

 Y2       ON
    GENDER1         -0.131      -0.112      -0.104      -0.054      -0.003       0.006       0.023
    AGE1            -0.020      -0.004       0.004       0.045       0.086       0.095       0.110
    EDUCATION_      -0.063      -0.039      -0.027       0.033       0.092       0.104       0.124
    EDUCATION_      -0.074      -0.049      -0.037       0.027       0.092       0.105       0.129
    UNEMPLOYED      -0.126      -0.106      -0.096      -0.039       0.019       0.029       0.049
    UNEMPLOYED      -0.087      -0.065      -0.054       0.000       0.050       0.059       0.076
    FIN2             0.226       0.247       0.257       0.307       0.356       0.364       0.383

 Y3       ON
    GENDER1         -0.070      -0.054      -0.044       0.007       0.057       0.066       0.086
    AGE1            -0.034      -0.018      -0.011       0.029       0.069       0.077       0.092
    EDUCATION_      -0.063      -0.040      -0.029       0.027       0.084       0.094       0.113
    EDUCATION_      -0.052      -0.030      -0.020       0.035       0.092       0.102       0.120
    UNEMPLOYED      -0.091      -0.072      -0.062      -0.010       0.041       0.052       0.071
    UNEMPLOYED      -0.074      -0.050      -0.040       0.013       0.063       0.072       0.089
    FIN3             0.317       0.335       0.345       0.396       0.445       0.453       0.472

 M1       ON
    GENDER1          0.067       0.087       0.097       0.150       0.203       0.213       0.231
    AGE1            -0.041      -0.023      -0.015       0.030       0.076       0.084       0.101
    EDUCATION_      -0.152      -0.128      -0.116      -0.055       0.008       0.020       0.041
    EDUCATION_      -0.061      -0.037      -0.025       0.036       0.096       0.107       0.131
    UNEMPLOYED      -0.122      -0.102      -0.091      -0.036       0.018       0.030       0.051
    UNEMPLOYED      -0.054      -0.033      -0.022       0.032       0.083       0.094       0.115
    FIN1             0.073       0.092       0.101       0.152       0.202       0.211       0.229

 M2       ON
    GENDER1         -0.018       0.003       0.013       0.065       0.117       0.126       0.146
    AGE1            -0.034      -0.021      -0.013       0.026       0.067       0.074       0.090
    EDUCATION_      -0.097      -0.074      -0.064      -0.006       0.053       0.064       0.087
    EDUCATION_      -0.113      -0.092      -0.080      -0.021       0.037       0.049       0.068
    UNEMPLOYED      -0.115      -0.095      -0.084      -0.030       0.026       0.036       0.057
    UNEMPLOYED      -0.079      -0.059      -0.050       0.003       0.055       0.064       0.084
    FIN2             0.090       0.106       0.115       0.162       0.209       0.218       0.237

 M3       ON
    GENDER1          0.065       0.085       0.097       0.153       0.207       0.219       0.239
    AGE1            -0.042      -0.029      -0.021       0.018       0.057       0.065       0.080
    EDUCATION_      -0.098      -0.072      -0.061       0.005       0.071       0.082       0.107
    EDUCATION_      -0.069      -0.048      -0.036       0.028       0.093       0.106       0.131
    UNEMPLOYED      -0.142      -0.122      -0.112      -0.055       0.003       0.012       0.032
    UNEMPLOYED      -0.036      -0.013      -0.002       0.056       0.112       0.124       0.144
    FIN3             0.063       0.083       0.093       0.145       0.198       0.207       0.225

 RIX      WITH
    RIY             -0.329      -0.277      -0.253      -0.135      -0.016       0.005       0.058
    RIM             -0.176      -0.132      -0.112      -0.004       0.099       0.119       0.155

 RIY      WITH
    RIM              0.404       0.444       0.466       0.567       0.694       0.720       0.790

 WX1      WITH
    WY1             -0.168      -0.132      -0.114      -0.016       0.083       0.103       0.138
    WM1             -0.054      -0.016       0.001       0.089       0.183       0.200       0.236

 WY1      WITH
    WM1             -0.056      -0.013       0.008       0.115       0.217       0.237       0.273

 WX2      WITH
    WY2             -0.162      -0.128      -0.112      -0.019       0.072       0.089       0.120
    WM2             -0.119      -0.091      -0.077      -0.001       0.076       0.090       0.119

 WY2      WITH
    WM2              0.077       0.109       0.122       0.194       0.261       0.273       0.296

 WX3      WITH
    WY3             -0.162      -0.128      -0.112      -0.019       0.072       0.089       0.120
    WM3             -0.119      -0.091      -0.077      -0.001       0.076       0.090       0.119

 WY3      WITH
    WM3              0.077       0.109       0.122       0.194       0.261       0.273       0.296

 GENDER1  WITH
    AGE1            -0.085      -0.065      -0.056      -0.002       0.050       0.061       0.081
    EDUCATION_      -0.158      -0.139      -0.129      -0.077      -0.024      -0.013       0.008
    EDUCATION_      -0.127      -0.107      -0.097      -0.047       0.006       0.015       0.037
    UNEMPLOYED      -0.100      -0.080      -0.070      -0.016       0.037       0.047       0.066
    UNEMPLOYED      -0.102      -0.079      -0.068      -0.014       0.041       0.050       0.071
    FIN1            -0.048      -0.030      -0.020       0.034       0.085       0.096       0.115
    FIN2            -0.090      -0.069      -0.059      -0.004       0.049       0.060       0.077
    FIN3            -0.073      -0.052      -0.042       0.013       0.067       0.077       0.095

 AGE1     WITH
    EDUCATION_      -0.159      -0.142      -0.131      -0.078      -0.025      -0.016       0.004
    EDUCATION_      -0.119      -0.101      -0.091      -0.038       0.015       0.025       0.047
    UNEMPLOYED      -0.013       0.008       0.017       0.069       0.119       0.127       0.144
    UNEMPLOYED      -0.074      -0.051      -0.041       0.013       0.064       0.074       0.094
    FIN1            -0.096      -0.075      -0.066      -0.013       0.040       0.050       0.070
    FIN2            -0.109      -0.090      -0.078      -0.026       0.027       0.038       0.057
    FIN3            -0.110      -0.091      -0.082      -0.029       0.024       0.035       0.055

 EDUCATIO WITH
    EDUCATION_       0.394       0.412       0.421       0.468       0.514       0.523       0.538
    UNEMPLOYED      -0.326      -0.308      -0.298      -0.250      -0.200      -0.190      -0.172
    UNEMPLOYED      -0.179      -0.158      -0.149      -0.095      -0.039      -0.028      -0.005
    FIN1             0.057       0.076       0.086       0.140       0.192       0.202       0.222
    FIN2             0.080       0.099       0.109       0.161       0.212       0.222       0.240
    FIN3             0.077       0.096       0.106       0.159       0.211       0.221       0.240

 EDUCATIO WITH
    UNEMPLOYED      -0.235      -0.217      -0.207      -0.158      -0.107      -0.097      -0.076
    UNEMPLOYED      -0.187      -0.172      -0.163      -0.121      -0.075      -0.066      -0.049
    FIN1             0.088       0.108       0.119       0.172       0.225       0.237       0.256
    FIN2             0.133       0.151       0.159       0.211       0.261       0.271       0.290
    FIN3             0.132       0.152       0.164       0.214       0.264       0.274       0.292

 UNEMPLOY WITH
    UNEMPLOYED       0.040       0.065       0.077       0.146       0.214       0.229       0.257
    FIN1            -0.196      -0.175      -0.165      -0.106      -0.049      -0.038      -0.017
    FIN2            -0.182      -0.160      -0.151      -0.096      -0.041      -0.030      -0.012
    FIN3            -0.212      -0.192      -0.181      -0.128      -0.075      -0.064      -0.043

 UNEMPLOY WITH
    FIN1            -0.214      -0.192      -0.181      -0.122      -0.062      -0.049      -0.025
    FIN2            -0.170      -0.153      -0.143      -0.094      -0.045      -0.035      -0.017
    FIN3            -0.173      -0.154      -0.144      -0.090      -0.035      -0.026      -0.005

 FIN1     WITH
    FIN2             0.664       0.677       0.684       0.716       0.745       0.750       0.761
    FIN3             0.593       0.608       0.615       0.656       0.693       0.700       0.713

 FIN2     WITH
    FIN3             0.644       0.659       0.668       0.704       0.737       0.742       0.754

 Means
    GENDER1          1.243       1.268       1.280       1.351       1.428       1.443       1.477
    AGE1            31.618      31.785      31.878      32.399      33.019      33.146      33.447
    EDUCATION_       3.852       3.892       3.913       4.016       4.125       4.147       4.185
    EDUCATION_       3.631       3.672       3.690       3.786       3.887       3.905       3.945
    UNEMPLOYED       0.377       0.389       0.395       0.426       0.457       0.463       0.474
    UNEMPLOYED       0.228       0.239       0.245       0.275       0.303       0.309       0.318
    FIN1             4.181       4.237       4.264       4.403       4.563       4.596       4.652
    FIN2             4.333       4.386       4.415       4.567       4.732       4.766       4.823
    FIN3             4.086       4.144       4.175       4.336       4.511       4.549       4.623

 Intercepts
    X1              -3.256      -2.744      -2.457      -0.922       0.585       0.903       1.479
    X2              -3.294      -2.785      -2.479      -0.936       0.591       0.910       1.492
    X3              -3.352      -2.813      -2.507      -0.947       0.598       0.935       1.510
    Y1              -0.454      -0.013       0.274       1.627       2.968       3.228       3.797
    Y2              -0.476      -0.013       0.275       1.640       2.987       3.244       3.854
    Y3              -0.458      -0.013       0.266       1.587       2.889       3.139       3.718
    M1              -4.214      -3.636      -3.335      -1.831      -0.336      -0.057       0.471
    M2              -3.711      -3.203      -2.948      -1.612      -0.295      -0.050       0.421
    M3              -3.646      -3.151      -2.891      -1.584      -0.290      -0.048       0.410

 Variances
    GENDER1          1.000       1.000       1.000       1.000       1.000       1.000       1.000
    AGE1             1.000       1.000       1.000       1.000       1.000       1.000       1.000
    EDUCATION_       1.000       1.000       1.000       1.000       1.000       1.000       1.000
    EDUCATION_       1.000       1.000       1.000       1.000       1.000       1.000       1.000
    UNEMPLOYED       1.000       1.000       1.000       1.000       1.000       1.000       1.000
    UNEMPLOYED       1.000       1.000       1.000       1.000       1.000       1.000       1.000
    FIN1             1.000       1.000       1.000       1.000       1.000       1.000       1.000
    FIN2             1.000       1.000       1.000       1.000       1.000       1.000       1.000
    FIN3             1.000       1.000       1.000       1.000       1.000       1.000       1.000
    RIX              1.000       1.000       1.000       1.000       1.000       1.000       1.000
    RIY              1.000       1.000       1.000       1.000       1.000       1.000       1.000
    RIM              1.000       1.000       1.000       1.000       1.000       1.000       1.000
    WX1              1.000       1.000       1.000       1.000       1.000       1.000       1.000
    WY1              1.000       1.000       1.000       1.000       1.000       1.000       1.000
    WM1              1.000       1.000       1.000       1.000       1.000       1.000       1.000

 Residual Variances
    X1               0.000       0.000       0.000       0.000       0.000       0.000       0.000
    X2               0.000       0.000       0.000       0.000       0.000       0.000       0.000
    X3               0.000       0.000       0.000       0.000       0.000       0.000       0.000
    Y1               0.000       0.000       0.000       0.000       0.000       0.000       0.000
    Y2               0.000       0.000       0.000       0.000       0.000       0.000       0.000
    Y3               0.000       0.000       0.000       0.000       0.000       0.000       0.000
    M1               0.000       0.000       0.000       0.000       0.000       0.000       0.000
    M2               0.000       0.000       0.000       0.000       0.000       0.000       0.000
    M3               0.000       0.000       0.000       0.000       0.000       0.000       0.000
    WX2              0.915       0.935       0.945       0.986       0.996       0.998       0.999
    WX3              0.907       0.929       0.939       0.985       0.996       0.997       0.999
    WY2              0.845       0.878       0.892       0.957       0.988       0.991       0.997
    WY3              0.839       0.873       0.889       0.957       0.987       0.991       0.997
    WM2              0.900       0.920       0.929       0.967       0.986       0.988       0.994
    WM3              0.861       0.884       0.897       0.950       0.978       0.983       0.991


     Beginning Time:  20:14:32
        Ending Time:  20:24:31
       Elapsed Time:  00:09:59



MUTHEN & MUTHEN
3463 Stoner Ave.
Los Angeles, CA  90066

Tel: (310) 391-9971
Fax: (310) 391-8971
Web: www.StatModel.com
Support: Support@StatModel.com

Copyright (c) 1998-2023 Muthen & Muthen
