Mplus VERSION 8.9
MUTHEN & MUTHEN
01/22/2025   8:24 PM

INPUT INSTRUCTIONS

  DATA:
    FILE IS "mplus.dat";
  VARIABLE:
    MISSING ARE ALL (-99);
    NAMES ARE id Gender1 Age1 Education_mother1 Education_father1
    unemployed_mother1 unemployed_father1 Fin1 Fin2 Fin3 Personal1
    Personal2 Personal3 Public1 Public2 Public3 Collective1
    Collective2 Collective3 Relational1 Relational2
    Relational3 Autonomy1 Autonomy2 Autonomy3 Relatedness1 Relatedness2
    Relatedness3 Competence1 Competence2 Competence3
    PA1 PA2 PA3 NA1 NA2 NA3 SWLS1 SWLS2 SWLS3;

  usevar =
  Gender1 Age1 Education_mother1 Education_father1
  unemployed_mother1 unemployed_father1 Fin1 Fin2 Fin3
  x1-x3 y1-y3 m1-m3 ;

  define:
  x1 = Public1;
  x2 = Public2;
  x3 = Public3;

  m1 = Competence1;
  m2 = Competence2;
  m3 = Competence3;

  y1 = SWLS1;
  y2 = SWLS2;
  y3 = SWLS3;






  analysis:

  MODEL = NOCOV;
  bootstrap = 10000;


  MODEL:
  RIx BY x1@1 x2@1 x3@1;
  RIy BY y1@1 y2@1 y3@1;
  RIm BY m1@1 m2@1 m3@1;



  wx1 BY x1@1;
  wx2 BY x2@1;
  wx3 BY x3@1;



  wy1 BY y1@1;
  wy2 BY y2@1;
  wy3 BY y3@1;



  wm1 By m1@1;
  wm2 By m2@1;
  wm3 By m3@1;


  x1-m3@0;


  wy2 ON wy1 (a );
  wy3 ON wy2 (a );


  wx2 ON wx1 (b );
  wx3 ON wx2 (b );


  wm2 ON wm1  (c);
  wm3 ON wm2  (c);


  wy2 ON  wx1 wm1  (d e);
  wy3 ON  wx2 wm2  (d e);


  wx2 ON wy1 wm1  (f j);
  wx3 ON wy2 wm2  (f j);


  wm2 ON wx1 wy1   (h i);
  wm3 ON wx2 wy2   (h i);


  RIx RIy RIm  with RIx RIy RIm ;

  wx1 wy1 wm1 with wx1 wy1 wm1;
  wx2 wy2 wm2 with wx2 wy2 wm2 (cov1 cov2 cov3);
  wx3 wy3 wm3 with wx3 wy3 wm3 (cov1 cov2 cov3);

  wx2 (vx); wy2 (vy); wm2 (vm);
  wx3 (vx); wy3 (vy); wm3 (vm);

  x1-m3 on Gender1 Age1 Education_mother1 Education_father1
  unemployed_mother1 unemployed_father1 ;

  x1 y1 m1 on Fin1;
  x2 y2 m2 on Fin2;
  x3 y3 m3 on Fin3;

  Gender1 -Fin3 with Gender1 -Fin3;

  [x1-x3] (mx);
  [m1-m3] (mm);
  [y1-y3] (my);

  model constraint:
  new (ind);
  ind = h*e;

  output: cinterval (boot) stdyx;



*** WARNING in VARIABLE command
  Note that only the first 8 characters of variable names are used in the output.
  Shorten variable names to avoid any confusion.
   1 WARNING(S) FOUND IN THE INPUT INSTRUCTIONS




SUMMARY OF ANALYSIS

Number of groups                                                 1
Number of observations                                         971

Number of dependent variables                                    9
Number of independent variables                                  9
Number of continuous latent variables                           12

Observed dependent variables

  Continuous
   X1          X2          X3          Y1          Y2          Y3
   M1          M2          M3

Observed independent variables
   GENDER1     AGE1        EDUCATIO    EDUCATIO    UNEMPLOY    UNEMPLOY
   FIN1        FIN2        FIN3

Continuous latent variables
   RIX         RIY         RIM         WX1         WX2         WX3
   WY1         WY2         WY3         WM1         WM2         WM3


Estimator                                                       ML
Information matrix                                        OBSERVED
Maximum number of iterations                                  1000
Convergence criterion                                    0.500D-04
Maximum number of steepest descent iterations                   20
Maximum number of iterations for H1                           2000
Convergence criterion for H1                             0.100D-03
Number of bootstrap draws
    Requested                                                10000
    Completed                                                10000

Input data file(s)
  mplus.dat

Input data format  FREE


SUMMARY OF DATA

     Number of missing data patterns            19


COVARIANCE COVERAGE OF DATA

Minimum covariance coverage value   0.100


     PROPORTION OF DATA PRESENT


           Covariance Coverage
              X1            X2            X3            Y1            Y2
              ________      ________      ________      ________      ________
 X1             1.000
 X2             1.000         1.000
 X3             1.000         1.000         1.000
 Y1             1.000         1.000         1.000         1.000
 Y2             1.000         1.000         1.000         1.000         1.000
 Y3             1.000         1.000         1.000         1.000         1.000
 M1             1.000         1.000         1.000         1.000         1.000
 M2             1.000         1.000         1.000         1.000         1.000
 M3             1.000         1.000         1.000         1.000         1.000
 GENDER1        0.998         0.998         0.998         0.998         0.998
 AGE1           0.999         0.999         0.999         0.999         0.999
 EDUCATIO       0.994         0.994         0.994         0.994         0.994
 EDUCATIO       0.991         0.991         0.991         0.991         0.991
 UNEMPLOY       0.992         0.992         0.992         0.992         0.992
 UNEMPLOY       0.974         0.974         0.974         0.974         0.974
 FIN1           0.994         0.994         0.994         0.994         0.994
 FIN2           0.991         0.991         0.991         0.991         0.991
 FIN3           0.991         0.991         0.991         0.991         0.991


           Covariance Coverage
              Y3            M1            M2            M3            GENDER1
              ________      ________      ________      ________      ________
 Y3             1.000
 M1             1.000         1.000
 M2             1.000         1.000         1.000
 M3             1.000         1.000         1.000         1.000
 GENDER1        0.998         0.998         0.998         0.998         0.998
 AGE1           0.999         0.999         0.999         0.999         0.997
 EDUCATIO       0.994         0.994         0.994         0.994         0.992
 EDUCATIO       0.991         0.991         0.991         0.991         0.989
 UNEMPLOY       0.992         0.992         0.992         0.992         0.990
 UNEMPLOY       0.974         0.974         0.974         0.974         0.972
 FIN1           0.994         0.994         0.994         0.994         0.992
 FIN2           0.991         0.991         0.991         0.991         0.990
 FIN3           0.991         0.991         0.991         0.991         0.989


           Covariance Coverage
              AGE1          EDUCATIO      EDUCATIO      UNEMPLOY      UNEMPLOY
              ________      ________      ________      ________      ________
 AGE1           0.999
 EDUCATIO       0.993         0.994
 EDUCATIO       0.990         0.987         0.991
 UNEMPLOY       0.991         0.989         0.984         0.992
 UNEMPLOY       0.973         0.969         0.970         0.968         0.974
 FIN1           0.993         0.989         0.986         0.988         0.969
 FIN2           0.990         0.985         0.981         0.982         0.965
 FIN3           0.990         0.985         0.981         0.982         0.965


           Covariance Coverage
              FIN1          FIN2          FIN3
              ________      ________      ________
 FIN1           0.994
 FIN2           0.986         0.991
 FIN3           0.986         0.984         0.991



UNIVARIATE SAMPLE STATISTICS


     UNIVARIATE HIGHER-ORDER MOMENT DESCRIPTIVE STATISTICS

         Variable/         Mean/     Skewness/   Minimum/ % with                Percentiles
        Sample Size      Variance    Kurtosis    Maximum  Min/Max      20%/60%    40%/80%    Median

     X1                   -0.003      -0.091      -3.540    0.10%      -0.756     -0.211      0.039
             971.000       0.836       0.265       2.801    0.10%       0.222      0.728
     X2                    0.000       0.059      -2.732    0.10%      -0.713     -0.211     -0.009
             971.000       0.848       0.269       3.079    0.10%       0.179      0.698
     X3                    0.001       0.007      -3.090    0.10%      -0.690     -0.216     -0.019
             971.000       0.844       0.498       2.792    0.10%       0.174      0.735
     Y1                    5.197      -0.908       1.000    0.51%       4.333      5.000      5.333
             971.000       1.455       0.746       7.000    4.43%       5.667      6.333
     Y2                    5.307      -0.912       1.000    0.41%       4.333      5.333      5.667
             971.000       1.416       0.731       7.000    5.97%       5.667      6.333
     Y3                    5.309      -0.984       1.000    0.82%       4.333      5.333      5.667
             971.000       1.518       0.898       7.000    7.11%       5.667      6.333
     M1                   -0.013      -0.207      -2.157    0.10%      -0.547     -0.152     -0.037
             971.000       0.426      -0.176       1.305    1.24%       0.156      0.562
     M2                   -0.012      -0.221      -2.427    0.10%      -0.568     -0.153     -0.024
             971.000       0.500       0.061       1.414    2.47%       0.149      0.590
     M3                   -0.011      -0.082      -2.110    0.10%      -0.624     -0.206     -0.045
             971.000       0.507      -0.375       1.425    2.16%       0.159      0.607
     GENDER1               0.646      -0.611       0.000   35.40%       0.000      1.000      1.000
             969.000       0.229      -1.627       1.000   64.60%       1.000      1.000
     AGE1                 15.638      -0.547      15.000   36.29%      15.000     16.000     16.000
             970.000       0.233      -1.625      17.000    0.10%      16.000     16.000
     EDUCATION_MOTHE       3.907      -0.084       1.000    0.31%       3.000      3.000      4.000
             965.000       0.945      -1.378       5.000   39.17%       4.000      5.000
     EDUCATION_FATHE       3.754       0.093       1.000    0.62%       3.000      3.000      3.000
             962.000       0.984      -1.211       5.000   33.78%       4.000      5.000
     UNEMPLOYED_MOTH       0.154       1.921       0.000   84.63%       0.000      0.000      0.000
             963.000       0.130       1.688       1.000   15.37%       0.000      0.000
     UNEMPLOYED_FATH       0.070       3.378       0.000   93.02%       0.000      0.000      0.000
             946.000       0.065       9.408       1.000    6.98%       0.000      0.000
     FIN1                  3.754      -0.071       1.000    0.31%       3.000      3.000      4.000
             965.000       0.726      -0.634       5.000   21.55%       4.000      5.000
     FIN2                  3.777      -0.071       1.000    0.42%       3.000      4.000      4.000
             962.000       0.685      -0.517       5.000   21.21%       4.000      5.000
     FIN3                  3.756      -0.179       1.000    0.94%       3.000      3.000      4.000
             962.000       0.750      -0.296       5.000   21.93%       4.000      5.000


THE MODEL ESTIMATION TERMINATED NORMALLY



MODEL FIT INFORMATION

Number of Free Parameters                      147

Loglikelihood

          H0 Value                      -16691.888
          H1 Value                      -16593.519

Information Criteria

          Akaike (AIC)                   33677.777
          Bayesian (BIC)                 34394.891
          Sample-Size Adjusted BIC       33928.019
            (n* = (n + 2) / 24)

Chi-Square Test of Model Fit

          Value                            196.738
          Degrees of Freedom                    42
          P-Value                           0.0000

RMSEA (Root Mean Square Error Of Approximation)

          Estimate                           0.062
          90 Percent C.I.                    0.053  0.070
          Probability RMSEA <= .05           0.013

CFI/TLI

          CFI                                0.964
          TLI                                0.899

Chi-Square Test of Model Fit for the Baseline Model

          Value                           4371.331
          Degrees of Freedom                   117
          P-Value                           0.0000

SRMR (Standardized Root Mean Square Residual)

          Value                              0.050



MODEL RESULTS

                                                    Two-Tailed
                    Estimate       S.E.  Est./S.E.    P-Value

 RIX      BY
    X1                 1.000      0.000    999.000    999.000
    X2                 1.000      0.000    999.000    999.000
    X3                 1.000      0.000    999.000    999.000

 RIY      BY
    Y1                 1.000      0.000    999.000    999.000
    Y2                 1.000      0.000    999.000    999.000
    Y3                 1.000      0.000    999.000    999.000

 RIM      BY
    M1                 1.000      0.000    999.000    999.000
    M2                 1.000      0.000    999.000    999.000
    M3                 1.000      0.000    999.000    999.000

 WX1      BY
    X1                 1.000      0.000    999.000    999.000

 WX2      BY
    X2                 1.000      0.000    999.000    999.000

 WX3      BY
    X3                 1.000      0.000    999.000    999.000

 WY1      BY
    Y1                 1.000      0.000    999.000    999.000

 WY2      BY
    Y2                 1.000      0.000    999.000    999.000

 WY3      BY
    Y3                 1.000      0.000    999.000    999.000

 WM1      BY
    M1                 1.000      0.000    999.000    999.000

 WM2      BY
    M2                 1.000      0.000    999.000    999.000

 WM3      BY
    M3                 1.000      0.000    999.000    999.000

 WY2      ON
    WY1                0.179      0.075      2.391      0.017
    WX1                0.032      0.068      0.469      0.639
    WM1                0.043      0.093      0.463      0.643

 WY3      ON
    WY2                0.179      0.075      2.391      0.017
    WX2                0.032      0.068      0.469      0.639
    WM2                0.043      0.093      0.463      0.643

 WX2      ON
    WX1                0.098      0.066      1.496      0.135
    WY1               -0.002      0.037     -0.063      0.950
    WM1                0.077      0.066      1.173      0.241

 WX3      ON
    WX2                0.098      0.066      1.496      0.135
    WY2               -0.002      0.037     -0.063      0.950
    WM2                0.077      0.066      1.173      0.241

 WM2      ON
    WM1                0.301      0.061      4.937      0.000
    WX1                0.046      0.035      1.302      0.193
    WY1                0.030      0.021      1.433      0.152

 WM3      ON
    WM2                0.301      0.061      4.937      0.000
    WX2                0.046      0.035      1.302      0.193
    WY2                0.030      0.021      1.433      0.152

 X1       ON
    GENDER1            0.227      0.061      3.700      0.000
    AGE1              -0.009      0.054     -0.175      0.861
    EDUCATION_         0.074      0.033      2.200      0.028
    EDUCATION_         0.145      0.035      4.179      0.000
    UNEMPLOYED         0.067      0.080      0.842      0.400
    UNEMPLOYED         0.136      0.099      1.371      0.170
    FIN1              -0.007      0.032     -0.225      0.822

 X2       ON
    GENDER1            0.131      0.062      2.128      0.033
    AGE1              -0.009      0.054     -0.167      0.867
    EDUCATION_         0.090      0.035      2.527      0.012
    EDUCATION_         0.149      0.035      4.306      0.000
    UNEMPLOYED         0.115      0.083      1.388      0.165
    UNEMPLOYED        -0.089      0.111     -0.796      0.426
    FIN2              -0.011      0.031     -0.343      0.731

 X3       ON
    GENDER1            0.064      0.062      1.028      0.304
    AGE1               0.006      0.054      0.105      0.916
    EDUCATION_         0.065      0.035      1.841      0.066
    EDUCATION_         0.104      0.034      3.045      0.002
    UNEMPLOYED         0.112      0.083      1.353      0.176
    UNEMPLOYED        -0.058      0.104     -0.555      0.579
    FIN3               0.010      0.032      0.322      0.747

 Y1       ON
    GENDER1           -0.268      0.073     -3.681      0.000
    AGE1               0.127      0.059      2.166      0.030
    EDUCATION_        -0.029      0.046     -0.628      0.530
    EDUCATION_         0.011      0.047      0.228      0.820
    UNEMPLOYED        -0.147      0.115     -1.281      0.200
    UNEMPLOYED         0.139      0.154      0.900      0.368
    FIN1               0.435      0.042     10.342      0.000

 Y2       ON
    GENDER1           -0.127      0.073     -1.748      0.080
    AGE1               0.108      0.059      1.826      0.068
    EDUCATION_         0.039      0.043      0.913      0.361
    EDUCATION_         0.030      0.045      0.672      0.501
    UNEMPLOYED        -0.124      0.110     -1.124      0.261
    UNEMPLOYED        -0.001      0.143     -0.010      0.992
    FIN2               0.427      0.041     10.378      0.000

 Y3       ON
    GENDER1            0.019      0.076      0.244      0.807
    AGE1               0.073      0.059      1.235      0.217
    EDUCATION_         0.033      0.042      0.791      0.429
    EDUCATION_         0.041      0.040      1.020      0.308
    UNEMPLOYED        -0.033      0.103     -0.320      0.749
    UNEMPLOYED         0.052      0.146      0.354      0.723
    FIN3               0.542      0.044     12.398      0.000

 M1       ON
    GENDER1           -0.156      0.042     -3.679      0.000
    AGE1               0.077      0.039      1.973      0.049
    EDUCATION_        -0.023      0.025     -0.900      0.368
    EDUCATION_         0.023      0.024      0.943      0.346
    UNEMPLOYED         0.017      0.061      0.283      0.777
    UNEMPLOYED         0.185      0.088      2.089      0.037
    FIN1               0.108      0.022      4.993      0.000

 M2       ON
    GENDER1           -0.154      0.046     -3.369      0.001
    AGE1               0.074      0.039      1.899      0.058
    EDUCATION_        -0.006      0.026     -0.218      0.827
    EDUCATION_         0.016      0.027      0.621      0.535
    UNEMPLOYED         0.012      0.067      0.173      0.862
    UNEMPLOYED         0.000      0.093     -0.004      0.997
    FIN2               0.111      0.023      4.922      0.000

 M3       ON
    GENDER1           -0.107      0.048     -2.243      0.025
    AGE1               0.073      0.039      1.868      0.062
    EDUCATION_         0.003      0.027      0.120      0.904
    EDUCATION_         0.010      0.027      0.360      0.719
    UNEMPLOYED        -0.043      0.065     -0.656      0.512
    UNEMPLOYED         0.142      0.090      1.586      0.113
    FIN3               0.107      0.025      4.323      0.000

 RIX      WITH
    RIY               -0.065      0.032     -2.008      0.045
    RIM               -0.058      0.019     -3.080      0.002

 RIY      WITH
    RIM                0.183      0.026      7.040      0.000

 WX1      WITH
    WY1               -0.002      0.030     -0.064      0.949
    WM1                0.009      0.016      0.586      0.558

 WY1      WITH
    WM1                0.076      0.027      2.786      0.005

 WX2      WITH
    WY2               -0.011      0.026     -0.434      0.664
    WM2               -0.002      0.012     -0.168      0.867

 WY2      WITH
    WM2                0.091      0.015      6.026      0.000

 WX3      WITH
    WY3               -0.011      0.026     -0.434      0.664
    WM3               -0.002      0.012     -0.168      0.867

 WY3      WITH
    WM3                0.091      0.015      6.026      0.000

 GENDER1  WITH
    AGE1              -0.001      0.007     -0.085      0.932
    EDUCATION_        -0.036      0.015     -2.385      0.017
    EDUCATION_        -0.022      0.015     -1.500      0.134
    UNEMPLOYED        -0.003      0.006     -0.479      0.632
    UNEMPLOYED        -0.002      0.004     -0.414      0.679
    FIN1               0.014      0.013      1.040      0.298
    FIN2              -0.002      0.013     -0.130      0.897
    FIN3               0.005      0.014      0.403      0.687

 AGE1     WITH
    EDUCATION_        -0.036      0.015     -2.434      0.015
    EDUCATION_        -0.018      0.015     -1.184      0.237
    UNEMPLOYED         0.012      0.005      2.228      0.026
    UNEMPLOYED         0.002      0.004      0.411      0.681
    FIN1              -0.005      0.013     -0.409      0.682
    FIN2              -0.010      0.013     -0.789      0.430
    FIN3              -0.012      0.014     -0.897      0.370

 EDUCATIO WITH
    EDUCATION_         0.451      0.030     14.901      0.000
    UNEMPLOYED        -0.088      0.012     -7.484      0.000
    UNEMPLOYED        -0.024      0.009     -2.728      0.006
    FIN1               0.116      0.027      4.301      0.000
    FIN2               0.130      0.026      5.037      0.000
    FIN3               0.134      0.027      4.906      0.000

 EDUCATIO WITH
    UNEMPLOYED        -0.057      0.011     -4.934      0.000
    UNEMPLOYED        -0.030      0.007     -4.071      0.000
    FIN1               0.146      0.028      5.269      0.000
    FIN2               0.173      0.026      6.624      0.000
    FIN3               0.184      0.027      6.797      0.000

 UNEMPLOY WITH
    UNEMPLOYED         0.013      0.004      3.265      0.001
    FIN1              -0.033      0.011     -2.988      0.003
    FIN2              -0.029      0.010     -2.852      0.004
    FIN3              -0.040      0.010     -3.825      0.000

 UNEMPLOY WITH
    FIN1              -0.027      0.008     -3.184      0.001
    FIN2              -0.020      0.007     -2.999      0.003
    FIN3              -0.020      0.008     -2.654      0.008

 FIN1     WITH
    FIN2               0.505      0.025     20.374      0.000
    FIN3               0.484      0.025     19.223      0.000

 FIN2     WITH
    FIN3               0.504      0.024     20.772      0.000

 Means
    GENDER1            0.646      0.015     42.418      0.000
    AGE1              15.638      0.016   1007.178      0.000
    EDUCATION_         3.907      0.031    124.289      0.000
    EDUCATION_         3.754      0.032    116.460      0.000
    UNEMPLOYED         0.154      0.012     13.359      0.000
    UNEMPLOYED         0.070      0.008      8.378      0.000
    FIN1               3.756      0.027    138.420      0.000
    FIN2               3.776      0.027    141.567      0.000
    FIN3               3.754      0.028    133.444      0.000

 Intercepts
    X1                -0.824      0.866     -0.952      0.341
    X2                -0.824      0.866     -0.952      0.341
    X3                -0.824      0.866     -0.952      0.341
    Y1                 1.834      0.944      1.943      0.052
    Y2                 1.834      0.944      1.943      0.052
    Y3                 1.834      0.944      1.943      0.052
    M1                -1.530      0.625     -2.448      0.014
    M2                -1.530      0.625     -2.448      0.014
    M3                -1.530      0.625     -2.448      0.014

 Variances
    GENDER1            0.229      0.004     51.285      0.000
    AGE1               0.233      0.005     50.734      0.000
    EDUCATION_         0.946      0.025     38.605      0.000
    EDUCATION_         0.983      0.028     34.936      0.000
    UNEMPLOYED         0.130      0.008     16.312      0.000
    UNEMPLOYED         0.065      0.007      9.065      0.000
    FIN1               0.727      0.028     26.425      0.000
    FIN2               0.684      0.027     25.753      0.000
    FIN3               0.750      0.032     23.558      0.000
    RIX                0.458      0.036     12.722      0.000
    RIY                0.499      0.059      8.387      0.000
    RIM                0.237      0.021     11.029      0.000
    WX1                0.363      0.034     10.651      0.000
    WY1                0.680      0.078      8.739      0.000
    WM1                0.158      0.020      7.908      0.000

 Residual Variances
    X1                 0.000      0.000    999.000    999.000
    X2                 0.000      0.000    999.000    999.000
    X3                 0.000      0.000    999.000    999.000
    Y1                 0.000      0.000    999.000    999.000
    Y2                 0.000      0.000    999.000    999.000
    Y3                 0.000      0.000    999.000    999.000
    M1                 0.000      0.000    999.000    999.000
    M2                 0.000      0.000    999.000    999.000
    M3                 0.000      0.000    999.000    999.000
    WX2                0.340      0.026     13.003      0.000
    WX3                0.340      0.026     13.003      0.000
    WY2                0.638      0.062     10.331      0.000
    WY3                0.638      0.062     10.331      0.000
    WM2                0.219      0.011     19.365      0.000
    WM3                0.219      0.011     19.365      0.000

New/Additional Parameters
    IND                0.002      0.005      0.364      0.716


STANDARDIZED MODEL RESULTS


STDYX Standardization

                                                    Two-Tailed
                    Estimate       S.E.  Est./S.E.    P-Value

 RIX      BY
    X1                 0.728      0.023     31.754      0.000
    X2                 0.736      0.024     30.464      0.000
    X3                 0.745      0.024     30.577      0.000

 RIY      BY
    Y1                 0.611      0.037     16.640      0.000
    Y2                 0.617      0.038     16.209      0.000
    Y3                 0.597      0.037     16.079      0.000

 RIM      BY
    M1                 0.759      0.031     24.485      0.000
    M2                 0.696      0.026     26.631      0.000
    M3                 0.692      0.027     25.369      0.000

 WX1      BY
    X1                 0.648      0.025     25.974      0.000

 WX2      BY
    X2                 0.639      0.027     23.390      0.000

 WX3      BY
    X3                 0.647      0.028     23.401      0.000

 WY1      BY
    Y1                 0.714      0.031     22.785      0.000

 WY2      BY
    Y2                 0.711      0.033     21.379      0.000

 WY3      BY
    Y3                 0.688      0.033     20.865      0.000

 WM1      BY
    M1                 0.619      0.037     16.811      0.000

 WM2      BY
    M2                 0.695      0.025     27.484      0.000

 WM3      BY
    M3                 0.702      0.026     26.671      0.000

 WY2      ON
    WY1                0.181      0.073      2.487      0.013
    WX1                0.024      0.051      0.466      0.641
    WM1                0.021      0.046      0.457      0.648

 WY3      ON
    WY2                0.179      0.075      2.397      0.017
    WX2                0.023      0.049      0.468      0.640
    WM2                0.026      0.056      0.460      0.646

 WX2      ON
    WX1                0.101      0.064      1.562      0.118
    WY1               -0.003      0.052     -0.063      0.950
    WM1                0.052      0.045      1.162      0.245

 WX3      ON
    WX2                0.098      0.065      1.499      0.134
    WY2               -0.003      0.051     -0.063      0.950
    WM2                0.064      0.054      1.182      0.237

 WM2      ON
    WM1                0.246      0.055      4.469      0.000
    WX1                0.057      0.044      1.298      0.194
    WY1                0.051      0.036      1.426      0.154

 WM3      ON
    WM2                0.297      0.059      5.060      0.000
    WX2                0.055      0.042      1.298      0.194
    WY2                0.049      0.034      1.427      0.153

 X1       ON
    GENDER1            0.117      0.031      3.735      0.000
    AGE1              -0.005      0.028     -0.175      0.861
    EDUCATION_         0.077      0.035      2.203      0.028
    EDUCATION_         0.154      0.036      4.248      0.000
    UNEMPLOYED         0.026      0.031      0.845      0.398
    UNEMPLOYED         0.037      0.027      1.381      0.167
    FIN1              -0.007      0.030     -0.225      0.822

 X2       ON
    GENDER1            0.068      0.032      2.137      0.033
    AGE1              -0.005      0.028     -0.167      0.867
    EDUCATION_         0.095      0.037      2.533      0.011
    EDUCATION_         0.161      0.036      4.427      0.000
    UNEMPLOYED         0.045      0.032      1.397      0.163
    UNEMPLOYED        -0.025      0.031     -0.802      0.422
    FIN2              -0.010      0.028     -0.344      0.731

 X3       ON
    GENDER1            0.034      0.033      1.030      0.303
    AGE1               0.003      0.028      0.105      0.916
    EDUCATION_         0.069      0.038      1.843      0.065
    EDUCATION_         0.114      0.037      3.082      0.002
    UNEMPLOYED         0.045      0.033      1.361      0.174
    UNEMPLOYED        -0.016      0.029     -0.560      0.576
    FIN3               0.010      0.030      0.323      0.747

 Y1       ON
    GENDER1           -0.111      0.030     -3.732      0.000
    AGE1               0.053      0.025      2.160      0.031
    EDUCATION_        -0.024      0.039     -0.629      0.529
    EDUCATION_         0.009      0.040      0.228      0.820
    UNEMPLOYED        -0.046      0.035     -1.295      0.195
    UNEMPLOYED         0.031      0.034      0.904      0.366
    FIN1               0.321      0.032      9.970      0.000

 Y2       ON
    GENDER1           -0.053      0.030     -1.755      0.079
    AGE1               0.046      0.025      1.823      0.068
    EDUCATION_         0.033      0.036      0.912      0.362
    EDUCATION_         0.026      0.039      0.674      0.500
    UNEMPLOYED        -0.039      0.034     -1.132      0.258
    UNEMPLOYED         0.000      0.032     -0.010      0.992
    FIN2               0.309      0.030     10.377      0.000

 Y3       ON
    GENDER1            0.008      0.031      0.245      0.807
    AGE1               0.030      0.024      1.234      0.217
    EDUCATION_         0.027      0.035      0.792      0.428
    EDUCATION_         0.035      0.034      1.024      0.306
    UNEMPLOYED        -0.010      0.031     -0.321      0.748
    UNEMPLOYED         0.011      0.031      0.357      0.721
    FIN3               0.397      0.030     13.028      0.000

 M1       ON
    GENDER1           -0.116      0.031     -3.718      0.000
    AGE1               0.058      0.029      1.977      0.048
    EDUCATION_        -0.035      0.038     -0.901      0.367
    EDUCATION_         0.035      0.037      0.944      0.345
    UNEMPLOYED         0.010      0.034      0.284      0.776
    UNEMPLOYED         0.073      0.035      2.096      0.036
    FIN1               0.144      0.029      4.972      0.000

 M2       ON
    GENDER1           -0.105      0.031     -3.417      0.001
    AGE1               0.051      0.027      1.899      0.058
    EDUCATION_        -0.008      0.037     -0.218      0.827
    EDUCATION_         0.023      0.038      0.621      0.535
    UNEMPLOYED         0.006      0.034      0.174      0.862
    UNEMPLOYED         0.000      0.034     -0.004      0.997
    FIN2               0.132      0.027      4.916      0.000

 M3       ON
    GENDER1           -0.073      0.032     -2.257      0.024
    AGE1               0.050      0.027      1.868      0.062
    EDUCATION_         0.004      0.037      0.120      0.904
    EDUCATION_         0.013      0.037      0.360      0.719
    UNEMPLOYED        -0.022      0.033     -0.658      0.510
    UNEMPLOYED         0.052      0.032      1.591      0.111
    FIN3               0.131      0.030      4.392      0.000

 RIX      WITH
    RIY               -0.136      0.069     -1.961      0.050
    RIM               -0.178      0.059     -2.996      0.003

 RIY      WITH
    RIM                0.532      0.060      8.839      0.000

 WX1      WITH
    WY1               -0.004      0.060     -0.064      0.949
    WM1                0.039      0.067      0.587      0.557

 WY1      WITH
    WM1                0.232      0.072      3.193      0.001

 WX2      WITH
    WY2               -0.024      0.055     -0.431      0.666
    WM2               -0.007      0.044     -0.166      0.868

 WY2      WITH
    WM2                0.243      0.040      6.060      0.000

 WX3      WITH
    WY3               -0.024      0.055     -0.431      0.666
    WM3               -0.007      0.044     -0.166      0.868

 WY3      WITH
    WM3                0.243      0.040      6.060      0.000

 GENDER1  WITH
    AGE1              -0.003      0.032     -0.085      0.932
    EDUCATION_        -0.077      0.032     -2.381      0.017
    EDUCATION_        -0.047      0.031     -1.500      0.134
    UNEMPLOYED        -0.015      0.032     -0.478      0.632
    UNEMPLOYED        -0.014      0.033     -0.414      0.679
    FIN1               0.033      0.032      1.040      0.298
    FIN2              -0.004      0.033     -0.130      0.897
    FIN3               0.013      0.033      0.403      0.687

 AGE1     WITH
    EDUCATION_        -0.078      0.032     -2.431      0.015
    EDUCATION_        -0.038      0.032     -1.182      0.237
    UNEMPLOYED         0.069      0.031      2.242      0.025
    UNEMPLOYED         0.013      0.032      0.411      0.681
    FIN1              -0.013      0.032     -0.409      0.683
    FIN2              -0.025      0.032     -0.790      0.430
    FIN3              -0.029      0.032     -0.898      0.369

 EDUCATIO WITH
    EDUCATION_         0.468      0.028     16.511      0.000
    UNEMPLOYED        -0.250      0.030     -8.362      0.000
    UNEMPLOYED        -0.095      0.034     -2.824      0.005
    FIN1               0.140      0.032      4.372      0.000
    FIN2               0.161      0.032      5.119      0.000
    FIN3               0.159      0.032      4.954      0.000

 EDUCATIO WITH
    UNEMPLOYED        -0.158      0.031     -5.173      0.000
    UNEMPLOYED        -0.121      0.027     -4.442      0.000
    FIN1               0.173      0.032      5.319      0.000
    FIN2               0.211      0.031      6.848      0.000
    FIN3               0.214      0.031      7.003      0.000

 UNEMPLOY WITH
    UNEMPLOYED         0.146      0.042      3.473      0.001
    FIN1              -0.107      0.035     -3.047      0.002
    FIN2              -0.096      0.033     -2.887      0.004
    FIN3              -0.128      0.033     -3.934      0.000

 UNEMPLOY WITH
    FIN1              -0.123      0.036     -3.367      0.001
    FIN2              -0.094      0.030     -3.145      0.002
    FIN3              -0.090      0.033     -2.751      0.006

 FIN1     WITH
    FIN2               0.715      0.019     38.305      0.000
    FIN3               0.656      0.024     27.903      0.000

 FIN2     WITH
    FIN3               0.703      0.021     33.419      0.000

 Means
    GENDER1            1.351      0.045     29.923      0.000
    AGE1              32.399      0.350     92.498      0.000
    EDUCATION_         4.017      0.064     62.426      0.000
    EDUCATION_         3.785      0.060     63.246      0.000
    UNEMPLOYED         0.427      0.019     22.564      0.000
    UNEMPLOYED         0.275      0.018     15.507      0.000
    FIN1               4.404      0.091     48.143      0.000
    FIN2               4.567      0.096     47.434      0.000
    FIN3               4.336      0.102     42.309      0.000

 Intercepts
    X1                -0.887      0.934     -0.950      0.342
    X2                -0.897      0.941     -0.953      0.341
    X3                -0.908      0.952     -0.953      0.340
    Y1                 1.587      0.820      1.936      0.053
    Y2                 1.603      0.827      1.938      0.053
    Y3                 1.551      0.800      1.938      0.053
    M1                -2.385      0.972     -2.454      0.014
    M2                -2.187      0.894     -2.446      0.014
    M3                -2.175      0.889     -2.447      0.014

 Variances
    GENDER1            1.000      0.000    999.000    999.000
    AGE1               1.000      0.000    999.000    999.000
    EDUCATION_         1.000      0.000    999.000    999.000
    EDUCATION_         1.000      0.000    999.000    999.000
    UNEMPLOYED         1.000      0.000    999.000    999.000
    UNEMPLOYED         1.000      0.000    999.000    999.000
    FIN1               1.000      0.000    999.000    999.000
    FIN2               1.000      0.000    999.000    999.000
    FIN3               1.000      0.000    999.000    999.000
    RIX                1.000      0.000    999.000    999.000
    RIY                1.000      0.000    999.000    999.000
    RIM                1.000      0.000    999.000    999.000
    WX1                1.000      0.000    999.000    999.000
    WY1                1.000      0.000    999.000    999.000
    WM1                1.000      0.000    999.000    999.000

 Residual Variances
    X1                 0.000      0.000      0.000      1.000
    X2                 0.000      0.000      0.000      1.000
    X3                 0.000      0.000      0.000      1.000
    Y1                 0.000      0.000      0.000      1.000
    Y2                 0.000      0.000      0.000      1.000
    Y3                 0.000      0.000      0.000      1.000
    M1                 0.000      0.000      0.000      1.000
    M2                 0.000      0.000      0.000      1.000
    M3                 0.000      0.000      0.000      1.000
    WX2                0.987      0.017     56.831      0.000
    WX3                0.986      0.019     51.932      0.000
    WY2                0.964      0.027     35.903      0.000
    WY3                0.965      0.027     35.087      0.000
    WM2                0.927      0.030     31.134      0.000
    WM3                0.899      0.036     24.824      0.000


R-SQUARE

    Observed                                        Two-Tailed
    Variable        Estimate       S.E.  Est./S.E.    P-Value

    X1                 1.000      0.000    999.000    999.000
    X2                 1.000      0.000    999.000    999.000
    X3                 1.000      0.000    999.000    999.000
    Y1                 1.000      0.000    999.000    999.000
    Y2                 1.000      0.000    999.000    999.000
    Y3                 1.000      0.000    999.000    999.000
    M1                 1.000      0.000    999.000    999.000
    M2                 1.000      0.000    999.000    999.000
    M3                 1.000      0.000    999.000    999.000

     Latent                                         Two-Tailed
    Variable        Estimate       S.E.  Est./S.E.    P-Value

    WX2                0.013      0.017      0.759      0.448
    WX3                0.014      0.019      0.726      0.468
    WY2                0.036      0.027      1.329      0.184
    WY3                0.035      0.027      1.289      0.197
    WM2                0.073      0.030      2.459      0.014
    WM3                0.101      0.036      2.798      0.005


CONFIDENCE INTERVALS OF MODEL RESULTS

                  Lower .5%  Lower 2.5%    Lower 5%    Estimate    Upper 5%  Upper 2.5%   Upper .5%

 RIX      BY
    X1               1.000       1.000       1.000       1.000       1.000       1.000       1.000
    X2               1.000       1.000       1.000       1.000       1.000       1.000       1.000
    X3               1.000       1.000       1.000       1.000       1.000       1.000       1.000

 RIY      BY
    Y1               1.000       1.000       1.000       1.000       1.000       1.000       1.000
    Y2               1.000       1.000       1.000       1.000       1.000       1.000       1.000
    Y3               1.000       1.000       1.000       1.000       1.000       1.000       1.000

 RIM      BY
    M1               1.000       1.000       1.000       1.000       1.000       1.000       1.000
    M2               1.000       1.000       1.000       1.000       1.000       1.000       1.000
    M3               1.000       1.000       1.000       1.000       1.000       1.000       1.000

 WX1      BY
    X1               1.000       1.000       1.000       1.000       1.000       1.000       1.000

 WX2      BY
    X2               1.000       1.000       1.000       1.000       1.000       1.000       1.000

 WX3      BY
    X3               1.000       1.000       1.000       1.000       1.000       1.000       1.000

 WY1      BY
    Y1               1.000       1.000       1.000       1.000       1.000       1.000       1.000

 WY2      BY
    Y2               1.000       1.000       1.000       1.000       1.000       1.000       1.000

 WY3      BY
    Y3               1.000       1.000       1.000       1.000       1.000       1.000       1.000

 WM1      BY
    M1               1.000       1.000       1.000       1.000       1.000       1.000       1.000

 WM2      BY
    M2               1.000       1.000       1.000       1.000       1.000       1.000       1.000

 WM3      BY
    M3               1.000       1.000       1.000       1.000       1.000       1.000       1.000

 WY2      ON
    WY1             -0.011       0.033       0.058       0.179       0.303       0.326       0.376
    WX1             -0.148      -0.102      -0.081       0.032       0.141       0.165       0.206
    WM1             -0.209      -0.147      -0.116       0.043       0.188       0.221       0.281

 WY3      ON
    WY2             -0.011       0.033       0.058       0.179       0.303       0.326       0.376
    WX2             -0.148      -0.102      -0.081       0.032       0.141       0.165       0.206
    WM2             -0.209      -0.147      -0.116       0.043       0.188       0.221       0.281

 WX2      ON
    WX1             -0.055      -0.019      -0.003       0.098       0.212       0.237       0.285
    WY1             -0.102      -0.077      -0.064      -0.002       0.059       0.071       0.093
    WM1             -0.091      -0.054      -0.032       0.077       0.185       0.205       0.247

 WX3      ON
    WX2             -0.055      -0.019      -0.003       0.098       0.212       0.237       0.285
    WY2             -0.102      -0.077      -0.064      -0.002       0.059       0.071       0.093
    WM2             -0.091      -0.054      -0.032       0.077       0.185       0.205       0.247

 WM2      ON
    WM1              0.148       0.182       0.203       0.301       0.404       0.424       0.464
    WX1             -0.042      -0.021      -0.011       0.046       0.105       0.115       0.139
    WY1             -0.024      -0.013      -0.006       0.030       0.063       0.069       0.084

 WM3      ON
    WM2              0.148       0.182       0.203       0.301       0.404       0.424       0.464
    WX2             -0.042      -0.021      -0.011       0.046       0.105       0.115       0.139
    WY2             -0.024      -0.013      -0.006       0.030       0.063       0.069       0.084

 X1       ON
    GENDER1          0.074       0.108       0.124       0.227       0.327       0.346       0.381
    AGE1            -0.152      -0.115      -0.098      -0.009       0.079       0.096       0.127
    EDUCATION_      -0.013       0.007       0.019       0.074       0.128       0.139       0.159
    EDUCATION_       0.056       0.077       0.089       0.145       0.203       0.214       0.233
    UNEMPLOYED      -0.137      -0.085      -0.060       0.067       0.201       0.226       0.272
    UNEMPLOYED      -0.121      -0.057      -0.026       0.136       0.299       0.331       0.397
    FIN1            -0.092      -0.070      -0.060      -0.007       0.047       0.056       0.074

 X2       ON
    GENDER1         -0.031       0.012       0.030       0.131       0.234       0.252       0.286
    AGE1            -0.150      -0.115      -0.098      -0.009       0.081       0.099       0.129
    EDUCATION_      -0.004       0.019       0.030       0.090       0.147       0.159       0.179
    EDUCATION_       0.060       0.083       0.093       0.149       0.206       0.218       0.239
    UNEMPLOYED      -0.098      -0.045      -0.020       0.115       0.254       0.283       0.331
    UNEMPLOYED      -0.380      -0.310      -0.274      -0.089       0.093       0.128       0.200
    FIN2            -0.093      -0.072      -0.062      -0.011       0.040       0.051       0.070

 X3       ON
    GENDER1         -0.095      -0.056      -0.039       0.064       0.166       0.186       0.224
    AGE1            -0.132      -0.099      -0.081       0.006       0.094       0.111       0.143
    EDUCATION_      -0.025      -0.005       0.006       0.065       0.121       0.132       0.155
    EDUCATION_       0.015       0.037       0.049       0.104       0.161       0.172       0.193
    UNEMPLOYED      -0.101      -0.048      -0.023       0.112       0.249       0.277       0.333
    UNEMPLOYED      -0.329      -0.266      -0.230      -0.058       0.113       0.144       0.222
    FIN3            -0.070      -0.051      -0.042       0.010       0.064       0.073       0.094

 Y1       ON
    GENDER1         -0.455      -0.411      -0.387      -0.268      -0.149      -0.126      -0.083
    AGE1            -0.025       0.013       0.031       0.127       0.225       0.244       0.279
    EDUCATION_      -0.148      -0.119      -0.105      -0.029       0.047       0.060       0.087
    EDUCATION_      -0.106      -0.078      -0.065       0.011       0.089       0.103       0.133
    UNEMPLOYED      -0.460      -0.374      -0.337      -0.147       0.042       0.075       0.136
    UNEMPLOYED      -0.270      -0.178      -0.122       0.139       0.386       0.433       0.530
    FIN1             0.325       0.353       0.366       0.435       0.504       0.516       0.540

 Y2       ON
    GENDER1         -0.313      -0.268      -0.247      -0.127      -0.006       0.015       0.057
    AGE1            -0.046      -0.008       0.013       0.108       0.207       0.226       0.260
    EDUCATION_      -0.075      -0.046      -0.032       0.039       0.109       0.122       0.146
    EDUCATION_      -0.085      -0.057      -0.044       0.030       0.106       0.122       0.151
    UNEMPLOYED      -0.404      -0.339      -0.306      -0.124       0.059       0.092       0.156
    UNEMPLOYED      -0.402      -0.292      -0.243      -0.001       0.227       0.270       0.350
    FIN2             0.317       0.345       0.359       0.427       0.494       0.508       0.532

 Y3       ON
    GENDER1         -0.172      -0.131      -0.107       0.019       0.145       0.166       0.217
    AGE1            -0.082      -0.042      -0.024       0.073       0.172       0.191       0.226
    EDUCATION_      -0.077      -0.049      -0.036       0.033       0.103       0.116       0.138
    EDUCATION_      -0.062      -0.036      -0.025       0.041       0.109       0.122       0.144
    UNEMPLOYED      -0.299      -0.236      -0.203      -0.033       0.137       0.169       0.231
    UNEMPLOYED      -0.352      -0.243      -0.192       0.052       0.287       0.327       0.407
    FIN3             0.432       0.458       0.471       0.542       0.614       0.627       0.658

 M1       ON
    GENDER1         -0.269      -0.240      -0.226      -0.156      -0.087      -0.074      -0.050
    AGE1            -0.023       0.000       0.013       0.077       0.141       0.154       0.178
    EDUCATION_      -0.087      -0.073      -0.064      -0.023       0.019       0.027       0.041
    EDUCATION_      -0.041      -0.024      -0.017       0.023       0.062       0.070       0.084
    UNEMPLOYED      -0.141      -0.103      -0.082       0.017       0.117       0.134       0.173
    UNEMPLOYED      -0.044       0.011       0.039       0.185       0.330       0.356       0.415
    FIN1             0.052       0.066       0.072       0.108       0.143       0.151       0.165

 M2       ON
    GENDER1         -0.274      -0.245      -0.232      -0.154      -0.081      -0.066      -0.037
    AGE1            -0.025      -0.003       0.011       0.074       0.139       0.151       0.174
    EDUCATION_      -0.073      -0.058      -0.049      -0.006       0.038       0.046       0.063
    EDUCATION_      -0.053      -0.036      -0.028       0.016       0.059       0.068       0.084
    UNEMPLOYED      -0.165      -0.118      -0.097       0.012       0.121       0.145       0.182
    UNEMPLOYED      -0.247      -0.187      -0.153       0.000       0.155       0.186       0.240
    FIN2             0.054       0.068       0.075       0.111       0.149       0.157       0.170

 M3       ON
    GENDER1         -0.236      -0.203      -0.187      -0.107      -0.030      -0.015       0.011
    AGE1            -0.027      -0.003       0.009       0.073       0.137       0.150       0.173
    EDUCATION_      -0.065      -0.050      -0.041       0.003       0.047       0.055       0.070
    EDUCATION_      -0.060      -0.044      -0.034       0.010       0.053       0.062       0.078
    UNEMPLOYED      -0.208      -0.174      -0.151      -0.043       0.063       0.084       0.130
    UNEMPLOYED      -0.105      -0.036      -0.005       0.142       0.286       0.314       0.374
    FIN3             0.044       0.059       0.067       0.107       0.148       0.156       0.170

 RIX      WITH
    RIY             -0.146      -0.128      -0.117      -0.065      -0.011       0.000       0.023
    RIM             -0.108      -0.097      -0.090      -0.058      -0.028      -0.021      -0.010

 RIY      WITH
    RIM              0.113       0.130       0.138       0.183       0.223       0.232       0.249

 WX1      WITH
    WY1             -0.075      -0.060      -0.050      -0.002       0.048       0.059       0.080
    WM1             -0.031      -0.021      -0.016       0.009       0.036       0.041       0.054

 WY1      WITH
    WM1              0.011       0.026       0.034       0.076       0.123       0.133       0.154

 WX2      WITH
    WY2             -0.079      -0.061      -0.054      -0.011       0.031       0.038       0.053
    WM2             -0.032      -0.025      -0.022      -0.002       0.018       0.022       0.029

 WY2      WITH
    WM2              0.048       0.059       0.065       0.091       0.114       0.119       0.129

 WX3      WITH
    WY3             -0.079      -0.061      -0.054      -0.011       0.031       0.038       0.053
    WM3             -0.032      -0.025      -0.022      -0.002       0.018       0.022       0.029

 WY3      WITH
    WM3              0.048       0.059       0.065       0.091       0.114       0.119       0.129

 GENDER1  WITH
    AGE1            -0.019      -0.015      -0.013      -0.001       0.012       0.014       0.019
    EDUCATION_      -0.073      -0.065      -0.060      -0.036      -0.011      -0.006       0.004
    EDUCATION_      -0.060      -0.051      -0.046      -0.022       0.003       0.007       0.017
    UNEMPLOYED      -0.017      -0.014      -0.012      -0.003       0.006       0.008       0.012
    UNEMPLOYED      -0.012      -0.010      -0.008      -0.002       0.005       0.006       0.009
    FIN1            -0.020      -0.012      -0.008       0.014       0.035       0.039       0.047
    FIN2            -0.036      -0.027      -0.023      -0.002       0.020       0.024       0.031
    FIN3            -0.030      -0.021      -0.017       0.005       0.028       0.032       0.040

 AGE1     WITH
    EDUCATION_      -0.075      -0.067      -0.061      -0.036      -0.012      -0.007       0.002
    EDUCATION_      -0.057      -0.049      -0.044      -0.018       0.007       0.012       0.022
    UNEMPLOYED      -0.002       0.001       0.003       0.012       0.021       0.022       0.025
    UNEMPLOYED      -0.009      -0.006      -0.005       0.002       0.008       0.009       0.012
    FIN1            -0.039      -0.031      -0.027      -0.005       0.016       0.021       0.028
    FIN2            -0.044      -0.036      -0.031      -0.010       0.011       0.015       0.023
    FIN3            -0.047      -0.038      -0.034      -0.012       0.010       0.015       0.023

 EDUCATIO WITH
    EDUCATION_       0.372       0.392       0.402       0.451       0.501       0.511       0.529
    UNEMPLOYED      -0.119      -0.111      -0.107      -0.088      -0.069      -0.065      -0.058
    UNEMPLOYED      -0.046      -0.040      -0.038      -0.024      -0.010      -0.007      -0.001
    FIN1             0.047       0.063       0.071       0.116       0.161       0.169       0.187
    FIN2             0.064       0.079       0.087       0.130       0.172       0.180       0.195
    FIN3             0.064       0.081       0.089       0.134       0.178       0.186       0.204

 EDUCATIO WITH
    UNEMPLOYED      -0.086      -0.079      -0.075      -0.057      -0.038      -0.034      -0.027
    UNEMPLOYED      -0.050      -0.045      -0.043      -0.030      -0.018      -0.016      -0.012
    FIN1             0.075       0.092       0.100       0.146       0.191       0.201       0.218
    FIN2             0.109       0.123       0.130       0.173       0.217       0.225       0.242
    FIN3             0.112       0.130       0.139       0.184       0.229       0.237       0.253

 UNEMPLOY WITH
    UNEMPLOYED       0.004       0.006       0.007       0.013       0.020       0.022       0.024
    FIN1            -0.062      -0.054      -0.051      -0.033      -0.015      -0.011      -0.005
    FIN2            -0.055      -0.048      -0.045      -0.029      -0.012      -0.009      -0.003
    FIN3            -0.067      -0.061      -0.057      -0.040      -0.023      -0.020      -0.013

 UNEMPLOY WITH
    FIN1            -0.048      -0.043      -0.041      -0.027      -0.013      -0.010      -0.005
    FIN2            -0.037      -0.033      -0.031      -0.020      -0.009      -0.007      -0.003
    FIN3            -0.040      -0.035      -0.032      -0.020      -0.008      -0.006      -0.001

 FIN1     WITH
    FIN2             0.440       0.456       0.463       0.505       0.545       0.553       0.567
    FIN3             0.420       0.434       0.442       0.484       0.526       0.533       0.550

 FIN2     WITH
    FIN3             0.441       0.456       0.463       0.504       0.544       0.552       0.567

 Means
    GENDER1          0.607       0.616       0.621       0.646       0.671       0.676       0.686
    AGE1            15.598      15.608      15.612      15.638      15.663      15.669      15.679
    EDUCATION_       3.827       3.846       3.856       3.907       3.959       3.969       3.988
    EDUCATION_       3.670       3.691       3.701       3.754       3.806       3.817       3.837
    UNEMPLOYED       0.124       0.132       0.135       0.154       0.173       0.176       0.184
    UNEMPLOYED       0.049       0.054       0.056       0.070       0.084       0.087       0.092
    FIN1             3.684       3.702       3.712       3.756       3.800       3.808       3.827
    FIN2             3.708       3.725       3.733       3.776       3.821       3.829       3.843
    FIN3             3.682       3.699       3.707       3.754       3.800       3.809       3.824

 Intercepts
    X1              -3.036      -2.530      -2.246      -0.824       0.578       0.884       1.397
    X2              -3.036      -2.530      -2.246      -0.824       0.578       0.884       1.397
    X3              -3.036      -2.530      -2.246      -0.824       0.578       0.884       1.397
    Y1              -0.544      -0.032       0.261       1.834       3.365       3.670       4.326
    Y2              -0.544      -0.032       0.261       1.834       3.365       3.670       4.326
    Y3              -0.544      -0.032       0.261       1.834       3.365       3.670       4.326
    M1              -3.143      -2.762      -2.574      -1.530      -0.520      -0.308       0.038
    M2              -3.143      -2.762      -2.574      -1.530      -0.520      -0.308       0.038
    M3              -3.143      -2.762      -2.574      -1.530      -0.520      -0.308       0.038

 Variances
    GENDER1          0.216       0.219       0.221       0.229       0.235       0.236       0.238
    AGE1             0.220       0.223       0.225       0.233       0.240       0.241       0.244
    EDUCATION_       0.886       0.900       0.907       0.946       0.987       0.996       1.013
    EDUCATION_       0.914       0.929       0.937       0.983       1.030       1.039       1.058
    UNEMPLOYED       0.109       0.114       0.117       0.130       0.143       0.145       0.150
    UNEMPLOYED       0.047       0.051       0.053       0.065       0.077       0.079       0.083
    FIN1             0.657       0.672       0.681       0.727       0.771       0.780       0.799
    FIN2             0.618       0.632       0.640       0.684       0.728       0.737       0.753
    FIN3             0.669       0.687       0.697       0.750       0.803       0.813       0.833
    RIX              0.357       0.379       0.392       0.458       0.510       0.521       0.544
    RIY              0.330       0.369       0.389       0.499       0.585       0.604       0.638
    RIM              0.171       0.189       0.197       0.237       0.268       0.273       0.286
    WX1              0.281       0.299       0.308       0.363       0.419       0.431       0.456
    WY1              0.497       0.538       0.557       0.680       0.812       0.842       0.900
    WM1              0.114       0.124       0.129       0.158       0.193       0.201       0.221

 Residual Variances
    X1               0.000       0.000       0.000       0.000       0.000       0.000       0.000
    X2               0.000       0.000       0.000       0.000       0.000       0.000       0.000
    X3               0.000       0.000       0.000       0.000       0.000       0.000       0.000
    Y1               0.000       0.000       0.000       0.000       0.000       0.000       0.000
    Y2               0.000       0.000       0.000       0.000       0.000       0.000       0.000
    Y3               0.000       0.000       0.000       0.000       0.000       0.000       0.000
    M1               0.000       0.000       0.000       0.000       0.000       0.000       0.000
    M2               0.000       0.000       0.000       0.000       0.000       0.000       0.000
    M3               0.000       0.000       0.000       0.000       0.000       0.000       0.000
    WX2              0.275       0.289       0.296       0.340       0.382       0.391       0.407
    WX3              0.275       0.289       0.296       0.340       0.382       0.391       0.407
    WY2              0.480       0.516       0.533       0.638       0.736       0.757       0.799
    WY3              0.480       0.516       0.533       0.638       0.736       0.757       0.799
    WM2              0.189       0.195       0.198       0.219       0.236       0.240       0.247
    WM3              0.189       0.195       0.198       0.219       0.236       0.240       0.247

New/Additional Parameters
    IND             -0.016      -0.010      -0.007       0.002       0.011       0.014       0.019


CONFIDENCE INTERVALS OF STANDARDIZED MODEL RESULTS


STDYX Standardization

                  Lower .5%  Lower 2.5%    Lower 5%    Estimate    Upper 5%  Upper 2.5%   Upper .5%

 RIX      BY
    X1               0.660       0.677       0.684       0.728       0.760       0.767       0.778
    X2               0.659       0.679       0.689       0.736       0.768       0.774       0.784
    X3               0.666       0.687       0.696       0.745       0.776       0.782       0.793

 RIY      BY
    Y1               0.494       0.526       0.541       0.611       0.660       0.670       0.688
    Y2               0.497       0.529       0.544       0.617       0.669       0.679       0.700
    Y3               0.483       0.512       0.525       0.597       0.647       0.658       0.677

 RIM      BY
    M1               0.650       0.685       0.698       0.759       0.798       0.805       0.818
    M2               0.602       0.632       0.644       0.696       0.729       0.735       0.746
    M3               0.596       0.625       0.638       0.692       0.726       0.733       0.744

 WX1      BY
    X1               0.584       0.599       0.607       0.648       0.689       0.697       0.713

 WX2      BY
    X2               0.575       0.589       0.596       0.639       0.687       0.695       0.716

 WX3      BY
    X3               0.582       0.596       0.604       0.647       0.695       0.705       0.725

 WY1      BY
    Y1               0.633       0.653       0.662       0.714       0.765       0.775       0.796

 WY2      BY
    Y2               0.627       0.647       0.657       0.711       0.767       0.777       0.797

 WY3      BY
    Y3               0.605       0.625       0.635       0.688       0.743       0.754       0.776

 WM1      BY
    M1               0.533       0.552       0.562       0.619       0.682       0.694       0.725

 WM2      BY
    M2               0.637       0.650       0.656       0.695       0.739       0.748       0.772

 WM3      BY
    M3               0.641       0.654       0.661       0.702       0.747       0.757       0.782

 WY2      ON
    WY1             -0.011       0.035       0.060       0.181       0.299       0.318       0.366
    WX1             -0.107      -0.074      -0.059       0.024       0.108       0.125       0.158
    WM1             -0.100      -0.069      -0.055       0.021       0.095       0.113       0.145

 WY3      ON
    WY2             -0.011       0.033       0.058       0.179       0.302       0.324       0.372
    WX2             -0.107      -0.073      -0.058       0.023       0.103       0.120       0.149
    WM2             -0.118      -0.084      -0.067       0.026       0.116       0.137       0.175

 WX2      ON
    WX1             -0.058      -0.021      -0.003       0.101       0.207       0.231       0.275
    WY1             -0.142      -0.107      -0.089      -0.003       0.083       0.098       0.132
    WM1             -0.060      -0.036      -0.022       0.052       0.126       0.141       0.170

 WX3      ON
    WX2             -0.055      -0.019      -0.003       0.098       0.212       0.237       0.285
    WY2             -0.141      -0.108      -0.089      -0.003       0.080       0.096       0.126
    WM2             -0.075      -0.045      -0.027       0.064       0.151       0.169       0.204

 WM2      ON
    WM1              0.116       0.144       0.159       0.246       0.341       0.361       0.403
    WX1             -0.053      -0.027      -0.013       0.057       0.130       0.144       0.176
    WY1             -0.042      -0.021      -0.009       0.051       0.108       0.118       0.144

 WM3      ON
    WM2              0.147       0.181       0.201       0.297       0.395       0.413       0.451
    WX2             -0.050      -0.025      -0.013       0.055       0.126       0.138       0.169
    WY2             -0.040      -0.021      -0.009       0.049       0.104       0.115       0.138

 X1       ON
    GENDER1          0.039       0.056       0.064       0.117       0.168       0.177       0.195
    AGE1            -0.078      -0.060      -0.051      -0.005       0.041       0.051       0.066
    EDUCATION_      -0.014       0.008       0.020       0.077       0.134       0.146       0.167
    EDUCATION_       0.061       0.083       0.095       0.154       0.215       0.227       0.245
    UNEMPLOYED      -0.054      -0.033      -0.023       0.026       0.078       0.087       0.105
    UNEMPLOYED      -0.032      -0.015      -0.007       0.037       0.082       0.090       0.105
    FIN1            -0.083      -0.064      -0.054      -0.007       0.044       0.052       0.069

 X2       ON
    GENDER1         -0.016       0.006       0.015       0.068       0.122       0.130       0.148
    AGE1            -0.078      -0.060      -0.051      -0.005       0.042       0.052       0.067
    EDUCATION_      -0.005       0.021       0.032       0.095       0.156       0.167       0.189
    EDUCATION_       0.065       0.090       0.101       0.161       0.220       0.232       0.253
    UNEMPLOYED      -0.038      -0.018      -0.008       0.045       0.099       0.110       0.128
    UNEMPLOYED      -0.104      -0.085      -0.076      -0.025       0.026       0.035       0.054
    FIN2            -0.083      -0.064      -0.055      -0.010       0.036       0.046       0.062

 X3       ON
    GENDER1         -0.050      -0.030      -0.020       0.034       0.087       0.097       0.117
    AGE1            -0.070      -0.053      -0.043       0.003       0.050       0.059       0.077
    EDUCATION_      -0.027      -0.005       0.006       0.069       0.130       0.141       0.165
    EDUCATION_       0.016       0.041       0.053       0.114       0.175       0.186       0.210
    UNEMPLOYED      -0.040      -0.019      -0.009       0.045       0.099       0.110       0.131
    UNEMPLOYED      -0.090      -0.073      -0.064      -0.016       0.032       0.041       0.061
    FIN3            -0.066      -0.048      -0.040       0.010       0.061       0.070       0.090

 Y1       ON
    GENDER1         -0.186      -0.169      -0.159      -0.111      -0.062      -0.052      -0.034
    AGE1            -0.010       0.005       0.013       0.053       0.094       0.102       0.117
    EDUCATION_      -0.124      -0.100      -0.088      -0.024       0.039       0.051       0.074
    EDUCATION_      -0.091      -0.067      -0.056       0.009       0.076       0.088       0.113
    UNEMPLOYED      -0.140      -0.115      -0.104      -0.046       0.013       0.023       0.043
    UNEMPLOYED      -0.059      -0.039      -0.026       0.031       0.085       0.094       0.116
    FIN1             0.236       0.258       0.268       0.321       0.374       0.382       0.401

 Y2       ON
    GENDER1         -0.131      -0.112      -0.103      -0.053      -0.003       0.006       0.024
    AGE1            -0.019      -0.003       0.005       0.046       0.087       0.095       0.111
    EDUCATION_      -0.063      -0.039      -0.027       0.033       0.092       0.103       0.124
    EDUCATION_      -0.073      -0.049      -0.038       0.026       0.092       0.104       0.129
    UNEMPLOYED      -0.126      -0.106      -0.096      -0.039       0.019       0.029       0.049
    UNEMPLOYED      -0.088      -0.065      -0.054       0.000       0.050       0.059       0.076
    FIN2             0.229       0.248       0.259       0.309       0.357       0.366       0.385

 Y3       ON
    GENDER1         -0.070      -0.053      -0.043       0.008       0.058       0.067       0.087
    AGE1            -0.033      -0.017      -0.009       0.030       0.070       0.078       0.092
    EDUCATION_      -0.062      -0.041      -0.029       0.027       0.085       0.094       0.113
    EDUCATION_      -0.053      -0.030      -0.021       0.035       0.092       0.101       0.120
    UNEMPLOYED      -0.092      -0.072      -0.062      -0.010       0.042       0.051       0.071
    UNEMPLOYED      -0.076      -0.052      -0.041       0.011       0.061       0.070       0.088
    FIN3             0.318       0.336       0.346       0.397       0.446       0.455       0.473

 M1       ON
    GENDER1         -0.200      -0.178      -0.168      -0.116      -0.065      -0.056      -0.037
    AGE1            -0.017       0.000       0.010       0.058       0.106       0.115       0.133
    EDUCATION_      -0.131      -0.110      -0.097      -0.035       0.029       0.040       0.062
    EDUCATION_      -0.063      -0.038      -0.026       0.035       0.096       0.108       0.129
    UNEMPLOYED      -0.080      -0.058      -0.046       0.010       0.065       0.076       0.098
    UNEMPLOYED      -0.018       0.004       0.015       0.073       0.131       0.141       0.163
    FIN1             0.069       0.087       0.096       0.144       0.191       0.200       0.220

 M2       ON
    GENDER1         -0.186      -0.167      -0.157      -0.105      -0.055      -0.045      -0.026
    AGE1            -0.017      -0.002       0.007       0.051       0.095       0.104       0.121
    EDUCATION_      -0.101      -0.080      -0.068      -0.008       0.053       0.065       0.088
    EDUCATION_      -0.075      -0.051      -0.039       0.023       0.084       0.096       0.121
    UNEMPLOYED      -0.084      -0.061      -0.050       0.006       0.062       0.074       0.093
    UNEMPLOYED      -0.087      -0.067      -0.055       0.000       0.056       0.067       0.088
    FIN2             0.064       0.079       0.088       0.132       0.176       0.185       0.200

 M3       ON
    GENDER1         -0.158      -0.136      -0.127      -0.073      -0.020      -0.010       0.007
    AGE1            -0.019      -0.002       0.006       0.050       0.094       0.102       0.119
    EDUCATION_      -0.090      -0.069      -0.057       0.004       0.065       0.076       0.097
    EDUCATION_      -0.083      -0.061      -0.048       0.013       0.076       0.088       0.111
    UNEMPLOYED      -0.106      -0.088      -0.077      -0.022       0.032       0.043       0.066
    UNEMPLOYED      -0.036      -0.013      -0.002       0.052       0.104       0.113       0.134
    FIN3             0.054       0.073       0.083       0.131       0.181       0.190       0.208

 RIX      WITH
    RIY             -0.322      -0.276      -0.251      -0.136      -0.023       0.000       0.050
    RIM             -0.342      -0.301      -0.282      -0.178      -0.086      -0.066      -0.032

 RIY      WITH
    RIM              0.386       0.425       0.443       0.532       0.638       0.662       0.715

 WX1      WITH
    WY1             -0.154      -0.120      -0.102      -0.004       0.094       0.116       0.152
    WM1             -0.131      -0.088      -0.068       0.039       0.150       0.171       0.215

 WY1      WITH
    WM1              0.036       0.085       0.109       0.232       0.347       0.369       0.409

 WX2      WITH
    WY2             -0.167      -0.131      -0.113      -0.024       0.067       0.085       0.118
    WM2             -0.118      -0.092      -0.079      -0.007       0.067       0.081       0.108

 WY2      WITH
    WM2              0.133       0.161       0.177       0.243       0.307       0.320       0.344

 WX3      WITH
    WY3             -0.167      -0.131      -0.113      -0.024       0.067       0.085       0.118
    WM3             -0.118      -0.092      -0.079      -0.007       0.067       0.081       0.108

 WY3      WITH
    WM3              0.133       0.161       0.177       0.243       0.307       0.320       0.344

 GENDER1  WITH
    AGE1            -0.085      -0.065      -0.056      -0.003       0.050       0.060       0.080
    EDUCATION_      -0.158      -0.139      -0.129      -0.077      -0.024      -0.013       0.008
    EDUCATION_      -0.127      -0.108      -0.098      -0.047       0.005       0.015       0.037
    UNEMPLOYED      -0.100      -0.079      -0.069      -0.015       0.037       0.047       0.066
    UNEMPLOYED      -0.102      -0.079      -0.068      -0.014       0.041       0.051       0.072
    FIN1            -0.049      -0.030      -0.020       0.033       0.085       0.096       0.115
    FIN2            -0.090      -0.069      -0.059      -0.004       0.049       0.060       0.077
    FIN3            -0.073      -0.052      -0.042       0.013       0.067       0.077       0.095

 AGE1     WITH
    EDUCATION_      -0.159      -0.142      -0.131      -0.078      -0.025      -0.016       0.004
    EDUCATION_      -0.119      -0.102      -0.092      -0.038       0.015       0.025       0.047
    UNEMPLOYED      -0.013       0.008       0.017       0.069       0.118       0.127       0.144
    UNEMPLOYED      -0.073      -0.051      -0.040       0.013       0.065       0.074       0.093
    FIN1            -0.096      -0.075      -0.066      -0.013       0.040       0.050       0.069
    FIN2            -0.108      -0.089      -0.078      -0.025       0.027       0.038       0.057
    FIN3            -0.110      -0.092      -0.082      -0.029       0.024       0.035       0.055

 EDUCATIO WITH
    EDUCATION_       0.394       0.413       0.421       0.468       0.514       0.523       0.538
    UNEMPLOYED      -0.326      -0.308      -0.298      -0.250      -0.200      -0.190      -0.172
    UNEMPLOYED      -0.179      -0.158      -0.149      -0.095      -0.039      -0.028      -0.006
    FIN1             0.057       0.077       0.087       0.140       0.193       0.203       0.222
    FIN2             0.080       0.099       0.109       0.161       0.213       0.222       0.240
    FIN3             0.077       0.096       0.106       0.159       0.211       0.221       0.240

 EDUCATIO WITH
    UNEMPLOYED      -0.236      -0.217      -0.207      -0.158      -0.107      -0.098      -0.077
    UNEMPLOYED      -0.187      -0.172      -0.164      -0.121      -0.075      -0.066      -0.049
    FIN1             0.089       0.108       0.119       0.173       0.226       0.237       0.257
    FIN2             0.134       0.151       0.160       0.211       0.262       0.271       0.291
    FIN3             0.133       0.152       0.164       0.214       0.264       0.274       0.293

 UNEMPLOY WITH
    UNEMPLOYED       0.040       0.065       0.077       0.146       0.214       0.229       0.257
    FIN1            -0.196      -0.175      -0.165      -0.107      -0.050      -0.038      -0.018
    FIN2            -0.183      -0.160      -0.151      -0.096      -0.041      -0.031      -0.012
    FIN3            -0.212      -0.192      -0.181      -0.128      -0.075      -0.064      -0.043

 UNEMPLOY WITH
    FIN1            -0.215      -0.193      -0.181      -0.123      -0.062      -0.050      -0.026
    FIN2            -0.170      -0.153      -0.143      -0.094      -0.045      -0.035      -0.017
    FIN3            -0.174      -0.154      -0.145      -0.090      -0.036      -0.026      -0.006

 FIN1     WITH
    FIN2             0.663       0.677       0.684       0.715       0.745       0.750       0.761
    FIN3             0.593       0.608       0.615       0.656       0.693       0.700       0.713

 FIN2     WITH
    FIN3             0.644       0.659       0.668       0.703       0.737       0.742       0.754

 Means
    GENDER1          1.243       1.268       1.279       1.351       1.428       1.443       1.477
    AGE1            31.618      31.784      31.878      32.399      33.018      33.146      33.447
    EDUCATION_       3.852       3.892       3.913       4.017       4.125       4.147       4.184
    EDUCATION_       3.631       3.671       3.690       3.785       3.886       3.905       3.944
    UNEMPLOYED       0.377       0.389       0.395       0.427       0.457       0.463       0.474
    UNEMPLOYED       0.229       0.239       0.245       0.275       0.304       0.309       0.319
    FIN1             4.182       4.239       4.265       4.404       4.564       4.597       4.653
    FIN2             4.331       4.385       4.414       4.567       4.731       4.766       4.822
    FIN3             4.085       4.144       4.174       4.336       4.510       4.549       4.623

 Intercepts
    X1              -3.268      -2.734      -2.432      -0.887       0.624       0.948       1.519
    X2              -3.273      -2.751      -2.449      -0.897       0.631       0.961       1.536
    X3              -3.316      -2.782      -2.477      -0.908       0.637       0.973       1.549
    Y1              -0.474      -0.029       0.229       1.587       2.918       3.175       3.729
    Y2              -0.472      -0.028       0.228       1.603       2.948       3.200       3.785
    Y3              -0.455      -0.028       0.219       1.551       2.855       3.098       3.656
    M1              -4.903      -4.277      -3.999      -2.385      -0.806      -0.480       0.060
    M2              -4.521      -3.944      -3.672      -2.187      -0.737      -0.441       0.054
    M3              -4.509      -3.923      -3.655      -2.175      -0.733      -0.438       0.054

 Variances
    GENDER1          1.000       1.000       1.000       1.000       1.000       1.000       1.000
    AGE1             1.000       1.000       1.000       1.000       1.000       1.000       1.000
    EDUCATION_       1.000       1.000       1.000       1.000       1.000       1.000       1.000
    EDUCATION_       1.000       1.000       1.000       1.000       1.000       1.000       1.000
    UNEMPLOYED       1.000       1.000       1.000       1.000       1.000       1.000       1.000
    UNEMPLOYED       1.000       1.000       1.000       1.000       1.000       1.000       1.000
    FIN1             1.000       1.000       1.000       1.000       1.000       1.000       1.000
    FIN2             1.000       1.000       1.000       1.000       1.000       1.000       1.000
    FIN3             1.000       1.000       1.000       1.000       1.000       1.000       1.000
    RIX              1.000       1.000       1.000       1.000       1.000       1.000       1.000
    RIY              1.000       1.000       1.000       1.000       1.000       1.000       1.000
    RIM              1.000       1.000       1.000       1.000       1.000       1.000       1.000
    WX1              1.000       1.000       1.000       1.000       1.000       1.000       1.000
    WY1              1.000       1.000       1.000       1.000       1.000       1.000       1.000
    WM1              1.000       1.000       1.000       1.000       1.000       1.000       1.000

 Residual Variances
    X1               0.000       0.000       0.000       0.000       0.000       0.000       0.000
    X2               0.000       0.000       0.000       0.000       0.000       0.000       0.000
    X3               0.000       0.000       0.000       0.000       0.000       0.000       0.000
    Y1               0.000       0.000       0.000       0.000       0.000       0.000       0.000
    Y2               0.000       0.000       0.000       0.000       0.000       0.000       0.000
    Y3               0.000       0.000       0.000       0.000       0.000       0.000       0.000
    M1               0.000       0.000       0.000       0.000       0.000       0.000       0.000
    M2               0.000       0.000       0.000       0.000       0.000       0.000       0.000
    M3               0.000       0.000       0.000       0.000       0.000       0.000       0.000
    WX2              0.911       0.933       0.943       0.987       0.997       0.998       0.999
    WX3              0.901       0.928       0.938       0.986       0.997       0.998       0.999
    WY2              0.862       0.891       0.904       0.964       0.989       0.993       0.997
    WY3              0.856       0.888       0.901       0.965       0.989       0.992       0.997
    WM2              0.820       0.850       0.865       0.927       0.961       0.967       0.976
    WM3              0.776       0.810       0.826       0.899       0.945       0.953       0.966


     Beginning Time:  20:24:33
        Ending Time:  20:34:29
       Elapsed Time:  00:09:56



MUTHEN & MUTHEN
3463 Stoner Ave.
Los Angeles, CA  90066

Tel: (310) 391-9971
Fax: (310) 391-8971
Web: www.StatModel.com
Support: Support@StatModel.com

Copyright (c) 1998-2023 Muthen & Muthen
