Mplus VERSION 8.9
MUTHEN & MUTHEN
01/22/2025   8:34 PM

INPUT INSTRUCTIONS

  DATA:
    FILE IS "mplus.dat";
  VARIABLE:
    MISSING ARE ALL (-99);
    NAMES ARE id Gender1 Age1 Education_mother1 Education_father1
    unemployed_mother1 unemployed_father1 Fin1 Fin2 Fin3 Personal1
    Personal2 Personal3 Public1 Public2 Public3 Collective1
    Collective2 Collective3 Relational1 Relational2
    Relational3 Autonomy1 Autonomy2 Autonomy3 Relatedness1 Relatedness2
    Relatedness3 Competence1 Competence2 Competence3
    PA1 PA2 PA3 NA1 NA2 NA3 SWLS1 SWLS2 SWLS3;

  usevar =
  Gender1 Age1 Education_mother1 Education_father1
  unemployed_mother1 unemployed_father1 Fin1 Fin2 Fin3
  x1-x3 y1-y3 m1-m3 ;

  define:
  x1 = Collective1;
  x2 = Collective2;
  x3 = Collective3;

  m1 = Autonomy1;
  m2 = Autonomy2;
  m3 = Autonomy3;

  y1 = SWLS1;
  y2 = SWLS2;
  y3 = SWLS3;






  analysis:

  MODEL = NOCOV;
  bootstrap = 10000;


  MODEL:
  RIx BY x1@1 x2@1 x3@1;
  RIy BY y1@1 y2@1 y3@1;
  RIm BY m1@1 m2@1 m3@1;



  wx1 BY x1@1;
  wx2 BY x2@1;
  wx3 BY x3@1;



  wy1 BY y1@1;
  wy2 BY y2@1;
  wy3 BY y3@1;



  wm1 By m1@1;
  wm2 By m2@1;
  wm3 By m3@1;


  x1-m3@0;


  wy2 ON wy1 (a );
  wy3 ON wy2 (a );


  wx2 ON wx1 (b );
  wx3 ON wx2 (b );


  wm2 ON wm1  (c);
  wm3 ON wm2  (c);


  wy2 ON  wx1 wm1  (d e);
  wy3 ON  wx2 wm2  (d e);


  wx2 ON wy1 wm1  (f j);
  wx3 ON wy2 wm2  (f j);


  wm2 ON wx1 wy1   (h i);
  wm3 ON wx2 wy2   (h i);


  RIx RIy RIm  with RIx RIy RIm ;

  wx1 wy1 wm1 with wx1 wy1 wm1;
  wx2 wy2 wm2 with wx2 wy2 wm2 (cov1 cov2 cov3);
  wx3 wy3 wm3 with wx3 wy3 wm3 (cov1 cov2 cov3);

  wx2 (vx); wy2 (vy); wm2 (vm);
  wx3 (vx); wy3 (vy); wm3 (vm);

  x1-m3 on Gender1 Age1 Education_mother1 Education_father1
  unemployed_mother1 unemployed_father1 ;

  x1 y1 m1 on Fin1;
  x2 y2 m2 on Fin2;
  x3 y3 m3 on Fin3;

  Gender1 -Fin3 with Gender1 -Fin3;

  [x1-x3] (mx);
  [m1-m3] (mm);
  [y1-y3] (my);

  model constraint:
  new (ind);
  ind = h*e;

  output: cinterval (boot) stdyx;



*** WARNING in VARIABLE command
  Note that only the first 8 characters of variable names are used in the output.
  Shorten variable names to avoid any confusion.
   1 WARNING(S) FOUND IN THE INPUT INSTRUCTIONS




SUMMARY OF ANALYSIS

Number of groups                                                 1
Number of observations                                         971

Number of dependent variables                                    9
Number of independent variables                                  9
Number of continuous latent variables                           12

Observed dependent variables

  Continuous
   X1          X2          X3          Y1          Y2          Y3
   M1          M2          M3

Observed independent variables
   GENDER1     AGE1        EDUCATIO    EDUCATIO    UNEMPLOY    UNEMPLOY
   FIN1        FIN2        FIN3

Continuous latent variables
   RIX         RIY         RIM         WX1         WX2         WX3
   WY1         WY2         WY3         WM1         WM2         WM3


Estimator                                                       ML
Information matrix                                        OBSERVED
Maximum number of iterations                                  1000
Convergence criterion                                    0.500D-04
Maximum number of steepest descent iterations                   20
Maximum number of iterations for H1                           2000
Convergence criterion for H1                             0.100D-03
Number of bootstrap draws
    Requested                                                10000
    Completed                                                10000

Input data file(s)
  mplus.dat

Input data format  FREE


SUMMARY OF DATA

     Number of missing data patterns            19


COVARIANCE COVERAGE OF DATA

Minimum covariance coverage value   0.100


     PROPORTION OF DATA PRESENT


           Covariance Coverage
              X1            X2            X3            Y1            Y2
              ________      ________      ________      ________      ________
 X1             1.000
 X2             1.000         1.000
 X3             1.000         1.000         1.000
 Y1             1.000         1.000         1.000         1.000
 Y2             1.000         1.000         1.000         1.000         1.000
 Y3             1.000         1.000         1.000         1.000         1.000
 M1             1.000         1.000         1.000         1.000         1.000
 M2             1.000         1.000         1.000         1.000         1.000
 M3             1.000         1.000         1.000         1.000         1.000
 GENDER1        0.998         0.998         0.998         0.998         0.998
 AGE1           0.999         0.999         0.999         0.999         0.999
 EDUCATIO       0.994         0.994         0.994         0.994         0.994
 EDUCATIO       0.991         0.991         0.991         0.991         0.991
 UNEMPLOY       0.992         0.992         0.992         0.992         0.992
 UNEMPLOY       0.974         0.974         0.974         0.974         0.974
 FIN1           0.994         0.994         0.994         0.994         0.994
 FIN2           0.991         0.991         0.991         0.991         0.991
 FIN3           0.991         0.991         0.991         0.991         0.991


           Covariance Coverage
              Y3            M1            M2            M3            GENDER1
              ________      ________      ________      ________      ________
 Y3             1.000
 M1             1.000         1.000
 M2             1.000         1.000         1.000
 M3             1.000         1.000         1.000         1.000
 GENDER1        0.998         0.998         0.998         0.998         0.998
 AGE1           0.999         0.999         0.999         0.999         0.997
 EDUCATIO       0.994         0.994         0.994         0.994         0.992
 EDUCATIO       0.991         0.991         0.991         0.991         0.989
 UNEMPLOY       0.992         0.992         0.992         0.992         0.990
 UNEMPLOY       0.974         0.974         0.974         0.974         0.972
 FIN1           0.994         0.994         0.994         0.994         0.992
 FIN2           0.991         0.991         0.991         0.991         0.990
 FIN3           0.991         0.991         0.991         0.991         0.989


           Covariance Coverage
              AGE1          EDUCATIO      EDUCATIO      UNEMPLOY      UNEMPLOY
              ________      ________      ________      ________      ________
 AGE1           0.999
 EDUCATIO       0.993         0.994
 EDUCATIO       0.990         0.987         0.991
 UNEMPLOY       0.991         0.989         0.984         0.992
 UNEMPLOY       0.973         0.969         0.970         0.968         0.974
 FIN1           0.993         0.989         0.986         0.988         0.969
 FIN2           0.990         0.985         0.981         0.982         0.965
 FIN3           0.990         0.985         0.981         0.982         0.965


           Covariance Coverage
              FIN1          FIN2          FIN3
              ________      ________      ________
 FIN1           0.994
 FIN2           0.986         0.991
 FIN3           0.986         0.984         0.991



UNIVARIATE SAMPLE STATISTICS


     UNIVARIATE HIGHER-ORDER MOMENT DESCRIPTIVE STATISTICS

         Variable/         Mean/     Skewness/   Minimum/ % with                Percentiles
        Sample Size      Variance    Kurtosis    Maximum  Min/Max      20%/60%    40%/80%    Median

     X1                   -0.016      -0.143      -2.873    0.10%      -0.797     -0.233     -0.038
             971.000       0.819      -0.348       2.189    0.10%       0.260      0.790
     X2                   -0.011      -0.022      -3.048    0.10%      -0.793     -0.286     -0.009
             971.000       0.851      -0.289       2.197    0.10%       0.236      0.781
     X3                   -0.011      -0.129      -3.182    0.10%      -0.752     -0.288     -0.038
             971.000       0.856      -0.090       2.266    0.10%       0.220      0.793
     Y1                    5.197      -0.908       1.000    0.51%       4.333      5.000      5.333
             971.000       1.455       0.746       7.000    4.43%       5.667      6.333
     Y2                    5.307      -0.912       1.000    0.41%       4.333      5.333      5.667
             971.000       1.416       0.731       7.000    5.97%       5.667      6.333
     Y3                    5.309      -0.984       1.000    0.82%       4.333      5.333      5.667
             971.000       1.518       0.898       7.000    7.11%       5.667      6.333
     M1                   -0.011      -0.113      -2.043    0.10%      -0.393     -0.135     -0.018
             971.000       0.220       0.142       1.071    1.24%       0.092      0.393
     M2                   -0.010      -0.062      -1.617    0.10%      -0.431     -0.133     -0.005
             971.000       0.273       0.011       1.172    2.37%       0.109      0.420
     M3                   -0.009       0.040      -1.447    0.10%      -0.484     -0.148     -0.035
             971.000       0.292      -0.337       1.198    2.16%       0.100      0.476
     GENDER1               0.646      -0.611       0.000   35.40%       0.000      1.000      1.000
             969.000       0.229      -1.627       1.000   64.60%       1.000      1.000
     AGE1                 15.638      -0.547      15.000   36.29%      15.000     16.000     16.000
             970.000       0.233      -1.625      17.000    0.10%      16.000     16.000
     EDUCATION_MOTHE       3.907      -0.084       1.000    0.31%       3.000      3.000      4.000
             965.000       0.945      -1.378       5.000   39.17%       4.000      5.000
     EDUCATION_FATHE       3.754       0.093       1.000    0.62%       3.000      3.000      3.000
             962.000       0.984      -1.211       5.000   33.78%       4.000      5.000
     UNEMPLOYED_MOTH       0.154       1.921       0.000   84.63%       0.000      0.000      0.000
             963.000       0.130       1.688       1.000   15.37%       0.000      0.000
     UNEMPLOYED_FATH       0.070       3.378       0.000   93.02%       0.000      0.000      0.000
             946.000       0.065       9.408       1.000    6.98%       0.000      0.000
     FIN1                  3.754      -0.071       1.000    0.31%       3.000      3.000      4.000
             965.000       0.726      -0.634       5.000   21.55%       4.000      5.000
     FIN2                  3.777      -0.071       1.000    0.42%       3.000      4.000      4.000
             962.000       0.685      -0.517       5.000   21.21%       4.000      5.000
     FIN3                  3.756      -0.179       1.000    0.94%       3.000      3.000      4.000
             962.000       0.750      -0.296       5.000   21.93%       4.000      5.000


THE MODEL ESTIMATION TERMINATED NORMALLY



MODEL FIT INFORMATION

Number of Free Parameters                      147

Loglikelihood

          H0 Value                      -15686.987
          H1 Value                      -15599.161

Information Criteria

          Akaike (AIC)                   31667.975
          Bayesian (BIC)                 32385.089
          Sample-Size Adjusted BIC       31918.217
            (n* = (n + 2) / 24)

Chi-Square Test of Model Fit

          Value                            175.652
          Degrees of Freedom                    42
          P-Value                           0.0000

RMSEA (Root Mean Square Error Of Approximation)

          Estimate                           0.057
          90 Percent C.I.                    0.049  0.066
          Probability RMSEA <= .05           0.082

CFI/TLI

          CFI                                0.970
          TLI                                0.917

Chi-Square Test of Model Fit for the Baseline Model

          Value                           4589.591
          Degrees of Freedom                   117
          P-Value                           0.0000

SRMR (Standardized Root Mean Square Residual)

          Value                              0.054



MODEL RESULTS

                                                    Two-Tailed
                    Estimate       S.E.  Est./S.E.    P-Value

 RIX      BY
    X1                 1.000      0.000    999.000    999.000
    X2                 1.000      0.000    999.000    999.000
    X3                 1.000      0.000    999.000    999.000

 RIY      BY
    Y1                 1.000      0.000    999.000    999.000
    Y2                 1.000      0.000    999.000    999.000
    Y3                 1.000      0.000    999.000    999.000

 RIM      BY
    M1                 1.000      0.000    999.000    999.000
    M2                 1.000      0.000    999.000    999.000
    M3                 1.000      0.000    999.000    999.000

 WX1      BY
    X1                 1.000      0.000    999.000    999.000

 WX2      BY
    X2                 1.000      0.000    999.000    999.000

 WX3      BY
    X3                 1.000      0.000    999.000    999.000

 WY1      BY
    Y1                 1.000      0.000    999.000    999.000

 WY2      BY
    Y2                 1.000      0.000    999.000    999.000

 WY3      BY
    Y3                 1.000      0.000    999.000    999.000

 WM1      BY
    M1                 1.000      0.000    999.000    999.000

 WM2      BY
    M2                 1.000      0.000    999.000    999.000

 WM3      BY
    M3                 1.000      0.000    999.000    999.000

 WY2      ON
    WY1                0.188      0.073      2.565      0.010
    WX1               -0.090      0.079     -1.144      0.253
    WM1                0.134      0.111      1.203      0.229

 WY3      ON
    WY2                0.188      0.073      2.565      0.010
    WX2               -0.090      0.079     -1.144      0.253
    WM2                0.134      0.111      1.203      0.229

 WX2      ON
    WX1                0.096      0.066      1.450      0.147
    WY1               -0.062      0.032     -1.929      0.054
    WM1                0.055      0.078      0.700      0.484

 WX3      ON
    WX2                0.096      0.066      1.450      0.147
    WY2               -0.062      0.032     -1.929      0.054
    WM2                0.055      0.078      0.700      0.484

 WM2      ON
    WM1                0.233      0.062      3.736      0.000
    WX1               -0.024      0.031     -0.771      0.441
    WY1                0.040      0.018      2.229      0.026

 WM3      ON
    WM2                0.233      0.062      3.736      0.000
    WX2               -0.024      0.031     -0.771      0.441
    WY2                0.040      0.018      2.229      0.026

 X1       ON
    GENDER1           -0.198      0.063     -3.134      0.002
    AGE1              -0.001      0.055     -0.014      0.989
    EDUCATION_        -0.022      0.034     -0.644      0.520
    EDUCATION_         0.024      0.033      0.727      0.467
    UNEMPLOYED        -0.015      0.078     -0.186      0.852
    UNEMPLOYED         0.068      0.119      0.568      0.570
    FIN1               0.105      0.030      3.451      0.001

 X2       ON
    GENDER1           -0.119      0.065     -1.833      0.067
    AGE1              -0.011      0.054     -0.194      0.846
    EDUCATION_        -0.033      0.035     -0.960      0.337
    EDUCATION_         0.022      0.035      0.644      0.520
    UNEMPLOYED        -0.007      0.079     -0.095      0.924
    UNEMPLOYED         0.179      0.127      1.403      0.161
    FIN2               0.144      0.031      4.632      0.000

 X3       ON
    GENDER1           -0.150      0.065     -2.329      0.020
    AGE1               0.001      0.055      0.009      0.992
    EDUCATION_        -0.028      0.034     -0.815      0.415
    EDUCATION_         0.016      0.033      0.473      0.636
    UNEMPLOYED         0.045      0.083      0.546      0.585
    UNEMPLOYED         0.149      0.126      1.181      0.237
    FIN3               0.104      0.031      3.381      0.001

 Y1       ON
    GENDER1           -0.274      0.073     -3.767      0.000
    AGE1               0.129      0.059      2.195      0.028
    EDUCATION_        -0.029      0.046     -0.624      0.533
    EDUCATION_         0.011      0.047      0.245      0.806
    UNEMPLOYED        -0.148      0.115     -1.286      0.198
    UNEMPLOYED         0.141      0.154      0.914      0.361
    FIN1               0.434      0.042     10.348      0.000

 Y2       ON
    GENDER1           -0.130      0.073     -1.782      0.075
    AGE1               0.110      0.059      1.860      0.063
    EDUCATION_         0.039      0.043      0.913      0.361
    EDUCATION_         0.031      0.045      0.691      0.490
    UNEMPLOYED        -0.125      0.110     -1.132      0.258
    UNEMPLOYED         0.001      0.143      0.009      0.993
    FIN2               0.425      0.042     10.211      0.000

 Y3       ON
    GENDER1            0.016      0.076      0.207      0.836
    AGE1               0.076      0.059      1.288      0.198
    EDUCATION_         0.034      0.042      0.809      0.419
    EDUCATION_         0.042      0.041      1.044      0.296
    UNEMPLOYED        -0.034      0.103     -0.324      0.746
    UNEMPLOYED         0.054      0.146      0.366      0.714
    FIN3               0.534      0.044     12.086      0.000

 M1       ON
    GENDER1           -0.022      0.031     -0.710      0.478
    AGE1               0.045      0.028      1.615      0.106
    EDUCATION_        -0.032      0.019     -1.714      0.087
    EDUCATION_         0.007      0.018      0.399      0.690
    UNEMPLOYED         0.012      0.045      0.261      0.794
    UNEMPLOYED         0.115      0.063      1.828      0.068
    FIN1               0.091      0.017      5.439      0.000

 M2       ON
    GENDER1           -0.067      0.034     -1.992      0.046
    AGE1               0.047      0.028      1.689      0.091
    EDUCATION_        -0.024      0.020     -1.214      0.225
    EDUCATION_         0.000      0.020     -0.019      0.985
    UNEMPLOYED        -0.022      0.050     -0.438      0.662
    UNEMPLOYED        -0.021      0.063     -0.338      0.735
    FIN2               0.093      0.018      5.039      0.000

 M3       ON
    GENDER1           -0.017      0.037     -0.471      0.637
    AGE1               0.040      0.028      1.448      0.148
    EDUCATION_        -0.021      0.021     -1.008      0.314
    EDUCATION_         0.014      0.021      0.666      0.506
    UNEMPLOYED         0.001      0.050      0.018      0.986
    UNEMPLOYED         0.064      0.063      1.020      0.308
    FIN3               0.093      0.020      4.538      0.000

 RIX      WITH
    RIY                0.242      0.033      7.323      0.000
    RIM                0.098      0.014      6.858      0.000

 RIY      WITH
    RIM                0.128      0.019      6.877      0.000

 WX1      WITH
    WY1                0.018      0.027      0.668      0.504
    WM1                0.013      0.010      1.358      0.174

 WY1      WITH
    WM1                0.054      0.018      3.033      0.002

 WX2      WITH
    WY2                0.012      0.020      0.565      0.572
    WM2                0.029      0.010      3.001      0.003

 WY2      WITH
    WM2                0.078      0.013      6.090      0.000

 WX3      WITH
    WY3                0.012      0.020      0.565      0.572
    WM3                0.029      0.010      3.001      0.003

 WY3      WITH
    WM3                0.078      0.013      6.090      0.000

 GENDER1  WITH
    AGE1              -0.001      0.007     -0.078      0.938
    EDUCATION_        -0.036      0.015     -2.377      0.017
    EDUCATION_        -0.022      0.015     -1.448      0.148
    UNEMPLOYED        -0.003      0.006     -0.508      0.611
    UNEMPLOYED        -0.002      0.004     -0.411      0.681
    FIN1               0.014      0.013      1.072      0.284
    FIN2              -0.002      0.013     -0.127      0.899
    FIN3               0.006      0.014      0.409      0.683

 AGE1     WITH
    EDUCATION_        -0.037      0.015     -2.439      0.015
    EDUCATION_        -0.018      0.015     -1.177      0.239
    UNEMPLOYED         0.012      0.005      2.230      0.026
    UNEMPLOYED         0.002      0.004      0.436      0.663
    FIN1              -0.005      0.013     -0.405      0.685
    FIN2              -0.010      0.013     -0.775      0.438
    FIN3              -0.012      0.014     -0.892      0.372

 EDUCATIO WITH
    EDUCATION_         0.452      0.030     14.932      0.000
    UNEMPLOYED        -0.088      0.012     -7.483      0.000
    UNEMPLOYED        -0.024      0.009     -2.734      0.006
    FIN1               0.117      0.027      4.316      0.000
    FIN2               0.130      0.026      5.047      0.000
    FIN3               0.134      0.027      4.921      0.000

 EDUCATIO WITH
    UNEMPLOYED        -0.057      0.011     -4.943      0.000
    UNEMPLOYED        -0.031      0.007     -4.099      0.000
    FIN1               0.145      0.028      5.241      0.000
    FIN2               0.173      0.026      6.594      0.000
    FIN3               0.183      0.027      6.774      0.000

 UNEMPLOY WITH
    UNEMPLOYED         0.013      0.004      3.266      0.001
    FIN1              -0.033      0.011     -2.981      0.003
    FIN2              -0.029      0.010     -2.845      0.004
    FIN3              -0.040      0.010     -3.827      0.000

 UNEMPLOY WITH
    FIN1              -0.027      0.008     -3.166      0.002
    FIN2              -0.020      0.007     -2.955      0.003
    FIN3              -0.020      0.008     -2.645      0.008

 FIN1     WITH
    FIN2               0.505      0.025     20.392      0.000
    FIN3               0.484      0.025     19.226      0.000

 FIN2     WITH
    FIN3               0.504      0.024     20.773      0.000

 Means
    GENDER1            0.646      0.015     42.477      0.000
    AGE1              15.638      0.016   1007.273      0.000
    EDUCATION_         3.907      0.031    124.240      0.000
    EDUCATION_         3.754      0.032    116.401      0.000
    UNEMPLOYED         0.154      0.012     13.359      0.000
    UNEMPLOYED         0.070      0.008      8.375      0.000
    FIN1               3.756      0.027    138.435      0.000
    FIN2               3.776      0.027    141.611      0.000
    FIN3               3.754      0.028    133.497      0.000

 Intercepts
    X1                -0.278      0.876     -0.318      0.751
    X2                -0.278      0.876     -0.318      0.751
    X3                -0.278      0.876     -0.318      0.751
    Y1                 1.808      0.945      1.914      0.056
    Y2                 1.808      0.945      1.914      0.056
    Y3                 1.808      0.945      1.914      0.056
    M1                -0.945      0.441     -2.141      0.032
    M2                -0.945      0.441     -2.141      0.032
    M3                -0.945      0.441     -2.141      0.032

 Variances
    GENDER1            0.229      0.004     51.220      0.000
    AGE1               0.233      0.005     50.730      0.000
    EDUCATION_         0.946      0.024     38.632      0.000
    EDUCATION_         0.984      0.028     34.914      0.000
    UNEMPLOYED         0.130      0.008     16.314      0.000
    UNEMPLOYED         0.065      0.007      9.064      0.000
    FIN1               0.727      0.028     26.432      0.000
    FIN2               0.684      0.027     25.754      0.000
    FIN3               0.750      0.032     23.556      0.000
    RIX                0.527      0.032     16.634      0.000
    RIY                0.494      0.061      8.125      0.000
    RIM                0.118      0.010     11.371      0.000
    WX1                0.295      0.026     11.261      0.000
    WY1                0.676      0.077      8.790      0.000
    WM1                0.085      0.009      9.386      0.000

 Residual Variances
    X1                 0.000      0.000    999.000    999.000
    X2                 0.000      0.000    999.000    999.000
    X3                 0.000      0.000    999.000    999.000
    Y1                 0.000      0.000    999.000    999.000
    Y2                 0.000      0.000    999.000    999.000
    Y3                 0.000      0.000    999.000    999.000
    M1                 0.000      0.000    999.000    999.000
    M2                 0.000      0.000    999.000    999.000
    M3                 0.000      0.000    999.000    999.000
    WX2                0.273      0.021     12.961      0.000
    WX3                0.273      0.021     12.961      0.000
    WY2                0.647      0.061     10.554      0.000
    WY3                0.647      0.061     10.554      0.000
    WM2                0.143      0.007     20.104      0.000
    WM3                0.143      0.007     20.104      0.000

New/Additional Parameters
    IND               -0.003      0.006     -0.523      0.601


STANDARDIZED MODEL RESULTS


STDYX Standardization

                                                    Two-Tailed
                    Estimate       S.E.  Est./S.E.    P-Value

 RIX      BY
    X1                 0.792      0.018     45.090      0.000
    X2                 0.800      0.018     43.414      0.000
    X3                 0.802      0.018     43.581      0.000

 RIY      BY
    Y1                 0.610      0.038     16.188      0.000
    Y2                 0.612      0.039     15.761      0.000
    Y3                 0.593      0.038     15.591      0.000

 RIM      BY
    M1                 0.749      0.028     26.458      0.000
    M2                 0.656      0.025     26.705      0.000
    M3                 0.651      0.026     24.902      0.000

 WX1      BY
    X1                 0.593      0.023     25.892      0.000

 WX2      BY
    X2                 0.581      0.024     23.747      0.000

 WX3      BY
    X3                 0.582      0.025     23.358      0.000

 WY1      BY
    Y1                 0.714      0.032     22.337      0.000

 WY2      BY
    Y2                 0.717      0.034     21.369      0.000

 WY3      BY
    Y3                 0.695      0.033     20.816      0.000

 WM1      BY
    M1                 0.635      0.032     20.083      0.000

 WM2      BY
    M2                 0.737      0.021     34.384      0.000

 WM3      BY
    M3                 0.742      0.022     33.221      0.000

 WY2      ON
    WY1                0.188      0.070      2.668      0.008
    WX1               -0.060      0.053     -1.131      0.258
    WM1                0.047      0.040      1.174      0.240

 WY3      ON
    WY2                0.187      0.073      2.574      0.010
    WX2               -0.058      0.050     -1.151      0.250
    WM2                0.063      0.053      1.189      0.235

 WX2      ON
    WX1                0.099      0.066      1.496      0.135
    WY1               -0.096      0.050     -1.943      0.052
    WM1                0.030      0.044      0.697      0.486

 WX3      ON
    WX2                0.096      0.066      1.454      0.146
    WY2               -0.096      0.050     -1.931      0.053
    WM2                0.040      0.057      0.703      0.482

 WM2      ON
    WM1                0.176      0.050      3.535      0.000
    WX1               -0.033      0.043     -0.762      0.446
    WY1                0.085      0.039      2.200      0.028

 WM3      ON
    WM2                0.230      0.060      3.822      0.000
    WX2               -0.032      0.041     -0.772      0.440
    WY2                0.084      0.038      2.233      0.026

 X1       ON
    GENDER1           -0.104      0.033     -3.122      0.002
    AGE1               0.000      0.029     -0.014      0.989
    EDUCATION_        -0.024      0.036     -0.644      0.519
    EDUCATION_         0.026      0.036      0.728      0.467
    UNEMPLOYED        -0.006      0.031     -0.186      0.852
    UNEMPLOYED         0.019      0.033      0.573      0.567
    FIN1               0.098      0.028      3.462      0.001

 X2       ON
    GENDER1           -0.063      0.034     -1.835      0.067
    AGE1              -0.006      0.029     -0.194      0.846
    EDUCATION_        -0.036      0.037     -0.961      0.337
    EDUCATION_         0.024      0.038      0.645      0.519
    UNEMPLOYED        -0.003      0.031     -0.095      0.924
    UNEMPLOYED         0.050      0.035      1.413      0.158
    FIN2               0.131      0.028      4.622      0.000

 X3       ON
    GENDER1           -0.079      0.034     -2.329      0.020
    AGE1               0.000      0.029      0.009      0.992
    EDUCATION_        -0.030      0.037     -0.816      0.414
    EDUCATION_         0.017      0.037      0.474      0.635
    UNEMPLOYED         0.018      0.033      0.548      0.584
    UNEMPLOYED         0.042      0.035      1.191      0.234
    FIN3               0.099      0.029      3.398      0.001

 Y1       ON
    GENDER1           -0.114      0.030     -3.822      0.000
    AGE1               0.054      0.025      2.189      0.029
    EDUCATION_        -0.024      0.039     -0.625      0.532
    EDUCATION_         0.010      0.040      0.246      0.806
    UNEMPLOYED        -0.046      0.036     -1.301      0.193
    UNEMPLOYED         0.031      0.034      0.919      0.358
    FIN1               0.321      0.032     10.053      0.000

 Y2       ON
    GENDER1           -0.054      0.030     -1.789      0.074
    AGE1               0.046      0.025      1.856      0.063
    EDUCATION_         0.033      0.036      0.913      0.361
    EDUCATION_         0.027      0.039      0.692      0.489
    UNEMPLOYED        -0.039      0.034     -1.139      0.255
    UNEMPLOYED         0.000      0.032      0.009      0.993
    FIN2               0.306      0.030     10.172      0.000

 Y3       ON
    GENDER1            0.006      0.031      0.207      0.836
    AGE1               0.031      0.024      1.286      0.198
    EDUCATION_         0.028      0.035      0.810      0.418
    EDUCATION_         0.035      0.034      1.049      0.294
    UNEMPLOYED        -0.010      0.031     -0.325      0.745
    UNEMPLOYED         0.011      0.031      0.369      0.712
    FIN3               0.390      0.031     12.563      0.000

 M1       ON
    GENDER1           -0.023      0.032     -0.711      0.477
    AGE1               0.047      0.029      1.615      0.106
    EDUCATION_        -0.069      0.040     -1.724      0.085
    EDUCATION_         0.015      0.038      0.400      0.689
    UNEMPLOYED         0.009      0.035      0.262      0.793
    UNEMPLOYED         0.064      0.035      1.838      0.066
    FIN1               0.168      0.031      5.480      0.000

 M2       ON
    GENDER1           -0.061      0.030     -2.003      0.045
    AGE1               0.043      0.025      1.688      0.091
    EDUCATION_        -0.045      0.037     -1.218      0.223
    EDUCATION_        -0.001      0.037     -0.019      0.985
    UNEMPLOYED        -0.015      0.035     -0.439      0.661
    UNEMPLOYED        -0.010      0.031     -0.340      0.734
    FIN2               0.147      0.029      5.084      0.000

 M3       ON
    GENDER1           -0.016      0.033     -0.472      0.637
    AGE1               0.037      0.025      1.446      0.148
    EDUCATION_        -0.040      0.039     -1.010      0.312
    EDUCATION_         0.026      0.039      0.666      0.506
    UNEMPLOYED         0.001      0.034      0.018      0.986
    UNEMPLOYED         0.031      0.030      1.025      0.305
    FIN3               0.152      0.033      4.657      0.000

 RIX      WITH
    RIY                0.474      0.070      6.798      0.000
    RIM                0.393      0.053      7.438      0.000

 RIY      WITH
    RIM                0.532      0.057      9.328      0.000

 WX1      WITH
    WY1                0.040      0.060      0.668      0.504
    WM1                0.083      0.061      1.378      0.168

 WY1      WITH
    WM1                0.226      0.064      3.524      0.000

 WX2      WITH
    WY2                0.027      0.050      0.555      0.579
    WM2                0.147      0.048      3.076      0.002

 WY2      WITH
    WM2                0.258      0.043      5.957      0.000

 WX3      WITH
    WY3                0.027      0.050      0.555      0.579
    WM3                0.147      0.048      3.076      0.002

 WY3      WITH
    WM3                0.258      0.043      5.957      0.000

 GENDER1  WITH
    AGE1              -0.003      0.032     -0.078      0.938
    EDUCATION_        -0.077      0.032     -2.373      0.018
    EDUCATION_        -0.046      0.032     -1.448      0.148
    UNEMPLOYED        -0.016      0.032     -0.508      0.612
    UNEMPLOYED        -0.014      0.033     -0.410      0.682
    FIN1               0.034      0.032      1.073      0.283
    FIN2              -0.004      0.033     -0.127      0.899
    FIN3               0.013      0.033      0.409      0.683

 AGE1     WITH
    EDUCATION_        -0.078      0.032     -2.436      0.015
    EDUCATION_        -0.038      0.032     -1.175      0.240
    UNEMPLOYED         0.069      0.031      2.243      0.025
    UNEMPLOYED         0.014      0.032      0.436      0.663
    FIN1              -0.013      0.032     -0.405      0.685
    FIN2              -0.025      0.032     -0.775      0.438
    FIN3              -0.029      0.032     -0.893      0.372

 EDUCATIO WITH
    EDUCATION_         0.469      0.028     16.557      0.000
    UNEMPLOYED        -0.250      0.030     -8.359      0.000
    UNEMPLOYED        -0.095      0.034     -2.831      0.005
    FIN1               0.141      0.032      4.388      0.000
    FIN2               0.162      0.032      5.130      0.000
    FIN3               0.159      0.032      4.970      0.000

 EDUCATIO WITH
    UNEMPLOYED        -0.158      0.031     -5.183      0.000
    UNEMPLOYED        -0.121      0.027     -4.477      0.000
    FIN1               0.172      0.032      5.289      0.000
    FIN2               0.211      0.031      6.813      0.000
    FIN3               0.213      0.031      6.980      0.000

 UNEMPLOY WITH
    UNEMPLOYED         0.146      0.042      3.475      0.001
    FIN1              -0.106      0.035     -3.039      0.002
    FIN2              -0.096      0.033     -2.879      0.004
    FIN3              -0.128      0.033     -3.935      0.000

 UNEMPLOY WITH
    FIN1              -0.122      0.036     -3.347      0.001
    FIN2              -0.093      0.030     -3.094      0.002
    FIN3              -0.090      0.033     -2.743      0.006

 FIN1     WITH
    FIN2               0.716      0.019     38.363      0.000
    FIN3               0.656      0.024     27.907      0.000

 FIN2     WITH
    FIN3               0.703      0.021     33.414      0.000

 Means
    GENDER1            1.351      0.045     29.949      0.000
    AGE1              32.399      0.350     92.492      0.000
    EDUCATION_         4.016      0.064     62.438      0.000
    EDUCATION_         3.785      0.060     63.166      0.000
    UNEMPLOYED         0.427      0.019     22.565      0.000
    UNEMPLOYED         0.274      0.018     15.498      0.000
    FIN1               4.404      0.091     48.151      0.000
    FIN2               4.566      0.096     47.434      0.000
    FIN3               4.336      0.102     42.311      0.000

 Intercepts
    X1                -0.304      0.956     -0.318      0.751
    X2                -0.307      0.965     -0.318      0.751
    X3                -0.308      0.968     -0.318      0.751
    Y1                 1.570      0.823      1.907      0.056
    Y2                 1.575      0.825      1.909      0.056
    Y3                 1.525      0.799      1.909      0.056
    M1                -2.057      0.961     -2.141      0.032
    M2                -1.800      0.842     -2.138      0.033
    M3                -1.788      0.836     -2.139      0.032

 Variances
    GENDER1            1.000      0.000    999.000    999.000
    AGE1               1.000      0.000    999.000    999.000
    EDUCATION_         1.000      0.000    999.000    999.000
    EDUCATION_         1.000      0.000    999.000    999.000
    UNEMPLOYED         1.000      0.000    999.000    999.000
    UNEMPLOYED         1.000      0.000    999.000    999.000
    FIN1               1.000      0.000    999.000    999.000
    FIN2               1.000      0.000    999.000    999.000
    FIN3               1.000      0.000    999.000    999.000
    RIX                1.000      0.000    999.000    999.000
    RIY                1.000      0.000    999.000    999.000
    RIM                1.000      0.000    999.000    999.000
    WX1                1.000      0.000    999.000    999.000
    WY1                1.000      0.000    999.000    999.000
    WM1                1.000      0.000    999.000    999.000

 Residual Variances
    X1                 0.000      0.000      0.000      1.000
    X2                 0.000      0.000      0.000      1.000
    X3                 0.000      0.000      0.000      1.000
    Y1                 0.000      0.000      0.000      1.000
    Y2                 0.000      0.000      0.000      1.000
    Y3                 0.000      0.000      0.000      1.000
    M1                 0.000      0.000      0.000      1.000
    M2                 0.000      0.000      0.000      1.000
    M3                 0.000      0.000      0.000      1.000
    WX2                0.982      0.019     52.834      0.000
    WX3                0.981      0.020     48.717      0.000
    WY2                0.956      0.028     33.844      0.000
    WY3                0.952      0.030     31.571      0.000
    WM2                0.955      0.023     42.008      0.000
    WM3                0.930      0.032     29.328      0.000


R-SQUARE

    Observed                                        Two-Tailed
    Variable        Estimate       S.E.  Est./S.E.    P-Value

    X1                 1.000      0.000    999.000    999.000
    X2                 1.000      0.000    999.000    999.000
    X3                 1.000      0.000    999.000    999.000
    Y1                 1.000      0.000    999.000    999.000
    Y2                 1.000      0.000    999.000    999.000
    Y3                 1.000      0.000    999.000    999.000
    M1                 1.000      0.000    999.000    999.000
    M2                 1.000      0.000    999.000    999.000
    M3                 1.000      0.000    999.000    999.000

     Latent                                         Two-Tailed
    Variable        Estimate       S.E.  Est./S.E.    P-Value

    WX2                0.018      0.019      0.990      0.322
    WX3                0.019      0.020      0.937      0.349
    WY2                0.044      0.028      1.546      0.122
    WY3                0.048      0.030      1.587      0.112
    WM2                0.045      0.023      1.976      0.048
    WM3                0.070      0.032      2.206      0.027


CONFIDENCE INTERVALS OF MODEL RESULTS

                  Lower .5%  Lower 2.5%    Lower 5%    Estimate    Upper 5%  Upper 2.5%   Upper .5%

 RIX      BY
    X1               1.000       1.000       1.000       1.000       1.000       1.000       1.000
    X2               1.000       1.000       1.000       1.000       1.000       1.000       1.000
    X3               1.000       1.000       1.000       1.000       1.000       1.000       1.000

 RIY      BY
    Y1               1.000       1.000       1.000       1.000       1.000       1.000       1.000
    Y2               1.000       1.000       1.000       1.000       1.000       1.000       1.000
    Y3               1.000       1.000       1.000       1.000       1.000       1.000       1.000

 RIM      BY
    M1               1.000       1.000       1.000       1.000       1.000       1.000       1.000
    M2               1.000       1.000       1.000       1.000       1.000       1.000       1.000
    M3               1.000       1.000       1.000       1.000       1.000       1.000       1.000

 WX1      BY
    X1               1.000       1.000       1.000       1.000       1.000       1.000       1.000

 WX2      BY
    X2               1.000       1.000       1.000       1.000       1.000       1.000       1.000

 WX3      BY
    X3               1.000       1.000       1.000       1.000       1.000       1.000       1.000

 WY1      BY
    Y1               1.000       1.000       1.000       1.000       1.000       1.000       1.000

 WY2      BY
    Y2               1.000       1.000       1.000       1.000       1.000       1.000       1.000

 WY3      BY
    Y3               1.000       1.000       1.000       1.000       1.000       1.000       1.000

 WM1      BY
    M1               1.000       1.000       1.000       1.000       1.000       1.000       1.000

 WM2      BY
    M2               1.000       1.000       1.000       1.000       1.000       1.000       1.000

 WM3      BY
    M3               1.000       1.000       1.000       1.000       1.000       1.000       1.000

 WY2      ON
    WY1              0.000       0.045       0.068       0.188       0.308       0.331       0.375
    WX1             -0.301      -0.243      -0.219      -0.090       0.041       0.065       0.108
    WM1             -0.169      -0.095      -0.057       0.134       0.312       0.346       0.415

 WY3      ON
    WY2              0.000       0.045       0.068       0.188       0.308       0.331       0.375
    WX2             -0.301      -0.243      -0.219      -0.090       0.041       0.065       0.108
    WM2             -0.169      -0.095      -0.057       0.134       0.312       0.346       0.415

 WX2      ON
    WX1             -0.061      -0.025      -0.007       0.096       0.213       0.234       0.274
    WY1             -0.144      -0.125      -0.114      -0.062      -0.008       0.002       0.024
    WM1             -0.141      -0.098      -0.074       0.055       0.183       0.209       0.258

 WX3      ON
    WX2             -0.061      -0.025      -0.007       0.096       0.213       0.234       0.274
    WY2             -0.144      -0.125      -0.114      -0.062      -0.008       0.002       0.024
    WM2             -0.141      -0.098      -0.074       0.055       0.183       0.209       0.258

 WM2      ON
    WM1              0.069       0.109       0.130       0.233       0.336       0.357       0.396
    WX1             -0.102      -0.084      -0.073      -0.024       0.027       0.037       0.056
    WY1             -0.007       0.004       0.010       0.040       0.069       0.074       0.085

 WM3      ON
    WM2              0.069       0.109       0.130       0.233       0.336       0.357       0.396
    WX2             -0.102      -0.084      -0.073      -0.024       0.027       0.037       0.056
    WY2             -0.007       0.004       0.010       0.040       0.069       0.074       0.085

 X1       ON
    GENDER1         -0.366      -0.326      -0.303      -0.198      -0.095      -0.075      -0.042
    AGE1            -0.142      -0.109      -0.092      -0.001       0.090       0.108       0.141
    EDUCATION_      -0.111      -0.090      -0.079      -0.022       0.035       0.045       0.064
    EDUCATION_      -0.065      -0.041      -0.031       0.024       0.078       0.089       0.111
    UNEMPLOYED      -0.218      -0.168      -0.142      -0.015       0.115       0.139       0.189
    UNEMPLOYED      -0.242      -0.166      -0.123       0.068       0.267       0.306       0.379
    FIN1             0.028       0.046       0.055       0.105       0.156       0.165       0.183

 X2       ON
    GENDER1         -0.288      -0.245      -0.225      -0.119      -0.012       0.007       0.049
    AGE1            -0.150      -0.118      -0.100      -0.011       0.079       0.097       0.130
    EDUCATION_      -0.119      -0.100      -0.090      -0.033       0.024       0.035       0.056
    EDUCATION_      -0.068      -0.045      -0.035       0.022       0.079       0.090       0.116
    UNEMPLOYED      -0.215      -0.162      -0.137      -0.007       0.122       0.146       0.192
    UNEMPLOYED      -0.154      -0.078      -0.034       0.179       0.387       0.426       0.500
    FIN2             0.064       0.083       0.092       0.144       0.195       0.204       0.223

 X3       ON
    GENDER1         -0.318      -0.278      -0.257      -0.150      -0.044      -0.023       0.018
    AGE1            -0.140      -0.108      -0.090       0.001       0.091       0.108       0.142
    EDUCATION_      -0.116      -0.095      -0.085      -0.028       0.028       0.039       0.060
    EDUCATION_      -0.071      -0.050      -0.039       0.016       0.071       0.081       0.106
    UNEMPLOYED      -0.171      -0.119      -0.093       0.045       0.181       0.205       0.263
    UNEMPLOYED      -0.185      -0.098      -0.055       0.149       0.359       0.400       0.475
    FIN3             0.025       0.043       0.053       0.104       0.154       0.164       0.182

 Y1       ON
    GENDER1         -0.463      -0.417      -0.394      -0.274      -0.155      -0.133      -0.088
    AGE1            -0.023       0.014       0.033       0.129       0.226       0.245       0.281
    EDUCATION_      -0.148      -0.118      -0.105      -0.029       0.047       0.060       0.087
    EDUCATION_      -0.105      -0.078      -0.064       0.011       0.090       0.104       0.134
    UNEMPLOYED      -0.460      -0.375      -0.337      -0.148       0.041       0.074       0.135
    UNEMPLOYED      -0.274      -0.176      -0.119       0.141       0.387       0.434       0.530
    FIN1             0.324       0.351       0.365       0.434       0.502       0.515       0.539

 Y2       ON
    GENDER1         -0.314      -0.270      -0.250      -0.130      -0.008       0.014       0.054
    AGE1            -0.047      -0.007       0.015       0.110       0.209       0.229       0.263
    EDUCATION_      -0.074      -0.046      -0.032       0.039       0.109       0.122       0.147
    EDUCATION_      -0.084      -0.056      -0.043       0.031       0.106       0.123       0.152
    UNEMPLOYED      -0.403      -0.339      -0.306      -0.125       0.058       0.092       0.156
    UNEMPLOYED      -0.397      -0.291      -0.240       0.001       0.230       0.271       0.354
    FIN2             0.312       0.341       0.356       0.425       0.493       0.505       0.530

 Y3       ON
    GENDER1         -0.176      -0.134      -0.110       0.016       0.141       0.163       0.215
    AGE1            -0.081      -0.039      -0.019       0.076       0.174       0.195       0.230
    EDUCATION_      -0.076      -0.049      -0.035       0.034       0.104       0.116       0.138
    EDUCATION_      -0.062      -0.035      -0.024       0.042       0.110       0.123       0.145
    UNEMPLOYED      -0.301      -0.235      -0.203      -0.034       0.136       0.169       0.228
    UNEMPLOYED      -0.351      -0.238      -0.190       0.054       0.288       0.328       0.408
    FIN3             0.421       0.449       0.461       0.534       0.605       0.619       0.650

 M1       ON
    GENDER1         -0.102      -0.082      -0.072      -0.022       0.029       0.038       0.056
    AGE1            -0.026      -0.010       0.000       0.045       0.090       0.099       0.117
    EDUCATION_      -0.081      -0.069      -0.063      -0.032      -0.001       0.005       0.016
    EDUCATION_      -0.039      -0.027      -0.022       0.007       0.036       0.042       0.053
    UNEMPLOYED      -0.106      -0.078      -0.063       0.012       0.086       0.099       0.126
    UNEMPLOYED      -0.051      -0.009       0.010       0.115       0.218       0.239       0.279
    FIN1             0.048       0.058       0.063       0.091       0.118       0.123       0.133

 M2       ON
    GENDER1         -0.154      -0.133      -0.122      -0.067      -0.012      -0.001       0.020
    AGE1            -0.025      -0.007       0.001       0.047       0.092       0.101       0.119
    EDUCATION_      -0.076      -0.063      -0.057      -0.024       0.009       0.016       0.028
    EDUCATION_      -0.053      -0.039      -0.033       0.000       0.032       0.039       0.050
    UNEMPLOYED      -0.154      -0.121      -0.105      -0.022       0.060       0.075       0.107
    UNEMPLOYED      -0.190      -0.145      -0.125      -0.021       0.082       0.105       0.143
    FIN2             0.045       0.058       0.063       0.093       0.124       0.130       0.142

 M3       ON
    GENDER1         -0.113      -0.090      -0.079      -0.017       0.042       0.054       0.077
    AGE1            -0.032      -0.014      -0.005       0.040       0.085       0.094       0.112
    EDUCATION_      -0.076      -0.063      -0.056      -0.021       0.013       0.020       0.035
    EDUCATION_      -0.039      -0.026      -0.020       0.014       0.048       0.055       0.067
    UNEMPLOYED      -0.130      -0.099      -0.083       0.001       0.082       0.097       0.128
    UNEMPLOYED      -0.104      -0.062      -0.040       0.064       0.165       0.185       0.223
    FIN3             0.042       0.053       0.059       0.093       0.126       0.133       0.145

 RIX      WITH
    RIY              0.160       0.178       0.187       0.242       0.295       0.306       0.331
    RIM              0.061       0.069       0.074       0.098       0.121       0.126       0.135

 RIY      WITH
    RIM              0.076       0.089       0.096       0.128       0.157       0.163       0.176

 WX1      WITH
    WY1             -0.057      -0.038      -0.028       0.018       0.060       0.067       0.081
    WM1             -0.013      -0.006      -0.003       0.013       0.029       0.033       0.039

 WY1      WITH
    WM1              0.012       0.021       0.027       0.054       0.085       0.092       0.105

 WX2      WITH
    WY2             -0.043      -0.029      -0.022       0.012       0.045       0.051       0.065
    WM2              0.003       0.009       0.012       0.029       0.044       0.047       0.052

 WY2      WITH
    WM2              0.042       0.051       0.056       0.078       0.098       0.101       0.110

 WX3      WITH
    WY3             -0.043      -0.029      -0.022       0.012       0.045       0.051       0.065
    WM3              0.003       0.009       0.012       0.029       0.044       0.047       0.052

 WY3      WITH
    WM3              0.042       0.051       0.056       0.078       0.098       0.101       0.110

 GENDER1  WITH
    AGE1            -0.019      -0.015      -0.013      -0.001       0.012       0.014       0.019
    EDUCATION_      -0.073      -0.065      -0.060      -0.036      -0.011      -0.006       0.004
    EDUCATION_      -0.059      -0.050      -0.046      -0.022       0.003       0.008       0.018
    UNEMPLOYED      -0.017      -0.014      -0.012      -0.003       0.006       0.008       0.011
    UNEMPLOYED      -0.012      -0.010      -0.008      -0.002       0.005       0.006       0.009
    FIN1            -0.019      -0.012      -0.008       0.014       0.035       0.040       0.048
    FIN2            -0.036      -0.027      -0.023      -0.002       0.020       0.024       0.031
    FIN3            -0.030      -0.021      -0.017       0.006       0.028       0.032       0.040

 AGE1     WITH
    EDUCATION_      -0.075      -0.067      -0.061      -0.037      -0.012      -0.007       0.002
    EDUCATION_      -0.057      -0.048      -0.044      -0.018       0.007       0.012       0.023
    UNEMPLOYED      -0.002       0.001       0.003       0.012       0.021       0.022       0.025
    UNEMPLOYED      -0.009      -0.006      -0.005       0.002       0.008       0.009       0.012
    FIN1            -0.039      -0.031      -0.027      -0.005       0.016       0.021       0.028
    FIN2            -0.044      -0.036      -0.031      -0.010       0.011       0.015       0.023
    FIN3            -0.047      -0.038      -0.034      -0.012       0.010       0.015       0.023

 EDUCATIO WITH
    EDUCATION_       0.373       0.393       0.403       0.452       0.501       0.511       0.530
    UNEMPLOYED      -0.120      -0.111      -0.107      -0.088      -0.068      -0.065      -0.058
    UNEMPLOYED      -0.046      -0.040      -0.038      -0.024      -0.010      -0.007      -0.001
    FIN1             0.048       0.063       0.072       0.117       0.161       0.170       0.188
    FIN2             0.064       0.079       0.087       0.130       0.172       0.180       0.195
    FIN3             0.064       0.081       0.089       0.134       0.179       0.187       0.205

 EDUCATIO WITH
    UNEMPLOYED      -0.086      -0.079      -0.075      -0.057      -0.038      -0.034      -0.027
    UNEMPLOYED      -0.050      -0.045      -0.043      -0.031      -0.018      -0.016      -0.012
    FIN1             0.074       0.091       0.099       0.145       0.190       0.201       0.217
    FIN2             0.108       0.122       0.130       0.173       0.216       0.224       0.241
    FIN3             0.112       0.130       0.139       0.183       0.228       0.237       0.253

 UNEMPLOY WITH
    UNEMPLOYED       0.004       0.006       0.007       0.013       0.020       0.022       0.025
    FIN1            -0.062      -0.054      -0.051      -0.033      -0.015      -0.011      -0.005
    FIN2            -0.055      -0.048      -0.045      -0.029      -0.012      -0.009      -0.003
    FIN3            -0.067      -0.061      -0.057      -0.040      -0.023      -0.020      -0.013

 UNEMPLOY WITH
    FIN1            -0.048      -0.043      -0.040      -0.027      -0.013      -0.010      -0.005
    FIN2            -0.037      -0.033      -0.031      -0.020      -0.009      -0.007      -0.003
    FIN3            -0.040      -0.035      -0.032      -0.020      -0.008      -0.006      -0.001

 FIN1     WITH
    FIN2             0.440       0.456       0.463       0.505       0.545       0.553       0.567
    FIN3             0.420       0.434       0.442       0.484       0.526       0.533       0.551

 FIN2     WITH
    FIN3             0.441       0.456       0.463       0.504       0.544       0.552       0.567

 Means
    GENDER1          0.607       0.617       0.621       0.646       0.671       0.676       0.686
    AGE1            15.598      15.608      15.612      15.638      15.663      15.669      15.679
    EDUCATION_       3.827       3.846       3.856       3.907       3.959       3.969       3.988
    EDUCATION_       3.671       3.691       3.701       3.754       3.806       3.817       3.838
    UNEMPLOYED       0.124       0.132       0.135       0.154       0.173       0.176       0.184
    UNEMPLOYED       0.049       0.054       0.056       0.070       0.084       0.087       0.091
    FIN1             3.684       3.702       3.712       3.756       3.800       3.808       3.827
    FIN2             3.707       3.724       3.733       3.776       3.820       3.828       3.843
    FIN3             3.682       3.699       3.707       3.754       3.800       3.809       3.824

 Intercepts
    X1              -2.526      -2.016      -1.719      -0.278       1.173       1.443       1.965
    X2              -2.526      -2.016      -1.719      -0.278       1.173       1.443       1.965
    X3              -2.526      -2.016      -1.719      -0.278       1.173       1.443       1.965
    Y1              -0.577      -0.065       0.247       1.808       3.340       3.629       4.314
    Y2              -0.577      -0.065       0.247       1.808       3.340       3.629       4.314
    Y3              -0.577      -0.065       0.247       1.808       3.340       3.629       4.314
    M1              -2.096      -1.805      -1.662      -0.945      -0.221      -0.083       0.201
    M2              -2.096      -1.805      -1.662      -0.945      -0.221      -0.083       0.201
    M3              -2.096      -1.805      -1.662      -0.945      -0.221      -0.083       0.201

 Variances
    GENDER1          0.216       0.219       0.221       0.229       0.236       0.237       0.239
    AGE1             0.220       0.223       0.225       0.233       0.240       0.241       0.244
    EDUCATION_       0.886       0.900       0.907       0.946       0.987       0.996       1.013
    EDUCATION_       0.914       0.929       0.938       0.984       1.030       1.039       1.058
    UNEMPLOYED       0.109       0.114       0.117       0.130       0.143       0.145       0.150
    UNEMPLOYED       0.047       0.051       0.053       0.065       0.077       0.079       0.083
    FIN1             0.658       0.672       0.681       0.727       0.771       0.780       0.799
    FIN2             0.618       0.632       0.640       0.684       0.728       0.737       0.753
    FIN3             0.669       0.687       0.697       0.750       0.803       0.813       0.834
    RIX              0.437       0.458       0.468       0.527       0.572       0.581       0.602
    RIY              0.314       0.362       0.382       0.494       0.581       0.600       0.636
    RIM              0.088       0.095       0.099       0.118       0.134       0.137       0.143
    WX1              0.234       0.248       0.255       0.295       0.340       0.350       0.372
    WY1              0.495       0.535       0.555       0.676       0.806       0.835       0.893
    WM1              0.064       0.069       0.071       0.085       0.101       0.104       0.112

 Residual Variances
    X1               0.000       0.000       0.000       0.000       0.000       0.000       0.000
    X2               0.000       0.000       0.000       0.000       0.000       0.000       0.000
    X3               0.000       0.000       0.000       0.000       0.000       0.000       0.000
    Y1               0.000       0.000       0.000       0.000       0.000       0.000       0.000
    Y2               0.000       0.000       0.000       0.000       0.000       0.000       0.000
    Y3               0.000       0.000       0.000       0.000       0.000       0.000       0.000
    M1               0.000       0.000       0.000       0.000       0.000       0.000       0.000
    M2               0.000       0.000       0.000       0.000       0.000       0.000       0.000
    M3               0.000       0.000       0.000       0.000       0.000       0.000       0.000
    WX2              0.219       0.231       0.237       0.273       0.305       0.312       0.325
    WX3              0.219       0.231       0.237       0.273       0.305       0.312       0.325
    WY2              0.490       0.525       0.543       0.647       0.744       0.765       0.808
    WY3              0.490       0.525       0.543       0.647       0.744       0.765       0.808
    WM2              0.123       0.127       0.130       0.143       0.153       0.155       0.160
    WM3              0.123       0.127       0.130       0.143       0.153       0.155       0.160

New/Additional Parameters
    IND             -0.028      -0.018      -0.015      -0.003       0.004       0.006       0.009


CONFIDENCE INTERVALS OF STANDARDIZED MODEL RESULTS


STDYX Standardization

                  Lower .5%  Lower 2.5%    Lower 5%    Estimate    Upper 5%  Upper 2.5%   Upper .5%

 RIX      BY
    X1               0.737       0.751       0.757       0.792       0.815       0.819       0.828
    X2               0.741       0.757       0.763       0.800       0.823       0.828       0.836
    X3               0.743       0.758       0.765       0.802       0.825       0.829       0.838

 RIY      BY
    Y1               0.486       0.522       0.538       0.610       0.660       0.669       0.689
    Y2               0.487       0.523       0.538       0.612       0.664       0.674       0.695
    Y3               0.469       0.506       0.521       0.593       0.644       0.654       0.674

 RIM      BY
    M1               0.657       0.682       0.694       0.749       0.786       0.793       0.806
    M2               0.576       0.598       0.608       0.656       0.688       0.695       0.705
    M3               0.566       0.590       0.600       0.651       0.686       0.693       0.704

 WX1      BY
    X1               0.537       0.550       0.557       0.593       0.632       0.640       0.655

 WX2      BY
    X2               0.521       0.534       0.542       0.581       0.622       0.630       0.648

 WX3      BY
    X3               0.523       0.536       0.544       0.582       0.625       0.633       0.652

 WY1      BY
    Y1               0.632       0.652       0.662       0.714       0.766       0.776       0.800

 WY2      BY
    Y2               0.632       0.653       0.663       0.717       0.771       0.784       0.807

 WY3      BY
    Y3               0.611       0.632       0.643       0.695       0.751       0.763       0.786

 WM1      BY
    M1               0.558       0.576       0.585       0.635       0.689       0.700       0.723

 WM2      BY
    M2               0.685       0.695       0.701       0.737       0.772       0.780       0.796

 WM3      BY
    M3               0.687       0.699       0.705       0.742       0.779       0.787       0.803

 WY2      ON
    WY1             -0.001       0.046       0.070       0.188       0.300       0.319       0.359
    WX1             -0.203      -0.164      -0.148      -0.060       0.027       0.043       0.072
    WM1             -0.057      -0.033      -0.020       0.047       0.114       0.128       0.153

 WY3      ON
    WY2              0.000       0.045       0.068       0.187       0.307       0.328       0.372
    WX2             -0.188      -0.154      -0.139      -0.058       0.027       0.042       0.072
    WM2             -0.075      -0.042      -0.026       0.063       0.148       0.166       0.198

 WX2      ON
    WX1             -0.066      -0.026      -0.007       0.099       0.210       0.232       0.267
    WY1             -0.223      -0.192      -0.176      -0.096      -0.013       0.004       0.039
    WM1             -0.078      -0.054      -0.041       0.030       0.102       0.116       0.148

 WX3      ON
    WX2             -0.061      -0.025      -0.007       0.096       0.212       0.234       0.272
    WY2             -0.227      -0.192      -0.177      -0.096      -0.013       0.004       0.038
    WM2             -0.104      -0.072      -0.055       0.040       0.134       0.152       0.190

 WM2      ON
    WM1              0.052       0.081       0.096       0.176       0.260       0.279       0.315
    WX1             -0.147      -0.121      -0.106      -0.033       0.037       0.052       0.076
    WY1             -0.015       0.009       0.020       0.085       0.148       0.159       0.184

 WM3      ON
    WM2              0.069       0.109       0.129       0.230       0.328       0.347       0.385
    WX2             -0.137      -0.112      -0.098      -0.032       0.037       0.051       0.075
    WY2             -0.015       0.009       0.020       0.084       0.144       0.155       0.178

 X1       ON
    GENDER1         -0.190      -0.170      -0.159      -0.104      -0.049      -0.039      -0.022
    AGE1            -0.074      -0.057      -0.049       0.000       0.048       0.057       0.074
    EDUCATION_      -0.117      -0.096      -0.084      -0.024       0.037       0.047       0.068
    EDUCATION_      -0.071      -0.045      -0.033       0.026       0.085       0.096       0.120
    UNEMPLOYED      -0.086      -0.066      -0.056      -0.006       0.045       0.054       0.073
    UNEMPLOYED      -0.067      -0.045      -0.034       0.019       0.074       0.084       0.104
    FIN1             0.026       0.043       0.051       0.098       0.144       0.153       0.170

 X2       ON
    GENDER1         -0.151      -0.129      -0.118      -0.063      -0.006       0.004       0.026
    AGE1            -0.079      -0.063      -0.053      -0.006       0.042       0.051       0.069
    EDUCATION_      -0.128      -0.108      -0.097      -0.036       0.025       0.038       0.060
    EDUCATION_      -0.074      -0.049      -0.038       0.024       0.086       0.099       0.124
    UNEMPLOYED      -0.085      -0.064      -0.054      -0.003       0.048       0.058       0.077
    UNEMPLOYED      -0.042      -0.021      -0.009       0.050       0.108       0.119       0.139
    FIN2             0.059       0.075       0.084       0.131       0.177       0.186       0.204

 X3       ON
    GENDER1         -0.168      -0.146      -0.136      -0.079      -0.023      -0.012       0.010
    AGE1            -0.075      -0.058      -0.048       0.000       0.048       0.058       0.076
    EDUCATION_      -0.125      -0.102      -0.091      -0.030       0.030       0.041       0.064
    EDUCATION_      -0.077      -0.055      -0.042       0.017       0.078       0.088       0.115
    UNEMPLOYED      -0.068      -0.047      -0.037       0.018       0.072       0.082       0.102
    UNEMPLOYED      -0.051      -0.028      -0.015       0.042       0.101       0.111       0.131
    FIN3             0.023       0.041       0.051       0.099       0.147       0.156       0.173

 Y1       ON
    GENDER1         -0.190      -0.172      -0.163      -0.114      -0.065      -0.055      -0.037
    AGE1            -0.010       0.006       0.014       0.054       0.095       0.103       0.118
    EDUCATION_      -0.124      -0.100      -0.088      -0.024       0.039       0.051       0.074
    EDUCATION_      -0.090      -0.067      -0.055       0.010       0.077       0.089       0.113
    UNEMPLOYED      -0.141      -0.116      -0.104      -0.046       0.013       0.023       0.043
    UNEMPLOYED      -0.059      -0.039      -0.026       0.031       0.085       0.095       0.116
    FIN1             0.236       0.258       0.268       0.321       0.373       0.382       0.400

 Y2       ON
    GENDER1         -0.131      -0.112      -0.104      -0.054      -0.003       0.006       0.023
    AGE1            -0.020      -0.003       0.006       0.046       0.088       0.096       0.112
    EDUCATION_      -0.063      -0.039      -0.027       0.033       0.092       0.103       0.124
    EDUCATION_      -0.072      -0.048      -0.037       0.027       0.092       0.104       0.130
    UNEMPLOYED      -0.126      -0.106      -0.096      -0.039       0.018       0.029       0.048
    UNEMPLOYED      -0.086      -0.065      -0.053       0.000       0.050       0.059       0.076
    FIN2             0.226       0.245       0.256       0.306       0.355       0.363       0.383

 Y3       ON
    GENDER1         -0.070      -0.054      -0.045       0.006       0.057       0.065       0.086
    AGE1            -0.032      -0.016      -0.008       0.031       0.071       0.079       0.094
    EDUCATION_      -0.062      -0.040      -0.029       0.028       0.085       0.095       0.113
    EDUCATION_      -0.052      -0.029      -0.020       0.035       0.092       0.102       0.121
    UNEMPLOYED      -0.092      -0.072      -0.062      -0.010       0.041       0.051       0.071
    UNEMPLOYED      -0.075      -0.051      -0.041       0.011       0.061       0.071       0.088
    FIN3             0.311       0.329       0.338       0.390       0.440       0.449       0.468

 M1       ON
    GENDER1         -0.106      -0.085      -0.075      -0.023       0.030       0.040       0.059
    AGE1            -0.028      -0.010       0.000       0.047       0.094       0.103       0.122
    EDUCATION_      -0.171      -0.144      -0.132      -0.069      -0.002       0.011       0.035
    EDUCATION_      -0.084      -0.059      -0.047       0.015       0.078       0.091       0.115
    UNEMPLOYED      -0.084      -0.061      -0.049       0.009       0.068       0.078       0.098
    UNEMPLOYED      -0.028      -0.005       0.005       0.064       0.120       0.130       0.155
    FIN1             0.089       0.107       0.117       0.168       0.218       0.228       0.246

 M2       ON
    GENDER1         -0.140      -0.120      -0.111      -0.061      -0.011      -0.001       0.018
    AGE1            -0.023      -0.006       0.001       0.043       0.084       0.093       0.109
    EDUCATION_      -0.140      -0.116      -0.105      -0.045       0.017       0.029       0.052
    EDUCATION_      -0.099      -0.075      -0.062      -0.001       0.061       0.073       0.095
    UNEMPLOYED      -0.104      -0.083      -0.072      -0.015       0.041       0.052       0.072
    UNEMPLOYED      -0.091      -0.070      -0.060      -0.010       0.039       0.050       0.070
    FIN2             0.072       0.091       0.099       0.147       0.194       0.203       0.222

 M3       ON
    GENDER1         -0.103      -0.081      -0.071      -0.016       0.038       0.049       0.070
    AGE1            -0.029      -0.013      -0.005       0.037       0.078       0.087       0.103
    EDUCATION_      -0.138      -0.116      -0.104      -0.040       0.024       0.037       0.063
    EDUCATION_      -0.074      -0.049      -0.037       0.026       0.090       0.103       0.126
    UNEMPLOYED      -0.088      -0.067      -0.056       0.001       0.057       0.067       0.086
    UNEMPLOYED      -0.048      -0.029      -0.019       0.031       0.080       0.089       0.108
    FIN3             0.069       0.088       0.098       0.152       0.205       0.216       0.234

 RIX      WITH
    RIY              0.323       0.356       0.374       0.474       0.599       0.631       0.704
    RIM              0.259       0.292       0.309       0.393       0.483       0.500       0.535

 RIY      WITH
    RIM              0.383       0.424       0.443       0.532       0.628       0.648       0.691

 WX1      WITH
    WY1             -0.120      -0.082      -0.061       0.040       0.135       0.153       0.188
    WM1             -0.077      -0.038      -0.017       0.083       0.183       0.201       0.233

 WY1      WITH
    WM1              0.054       0.097       0.120       0.226       0.332       0.351       0.384

 WX2      WITH
    WY2             -0.102      -0.068      -0.052       0.027       0.109       0.125       0.160
    WM2              0.017       0.048       0.065       0.147       0.222       0.237       0.260

 WY2      WITH
    WM2              0.142       0.170       0.184       0.258       0.326       0.340       0.366

 WX3      WITH
    WY3             -0.102      -0.068      -0.052       0.027       0.109       0.125       0.160
    WM3              0.017       0.048       0.065       0.147       0.222       0.237       0.260

 WY3      WITH
    WM3              0.142       0.170       0.184       0.258       0.326       0.340       0.366

 GENDER1  WITH
    AGE1            -0.085      -0.065      -0.056      -0.003       0.050       0.061       0.081
    EDUCATION_      -0.158      -0.140      -0.129      -0.077      -0.023      -0.013       0.008
    EDUCATION_      -0.125      -0.106      -0.096      -0.046       0.007       0.016       0.038
    UNEMPLOYED      -0.100      -0.080      -0.071      -0.016       0.036       0.047       0.066
    UNEMPLOYED      -0.102      -0.079      -0.068      -0.014       0.041       0.050       0.072
    FIN1            -0.047      -0.029      -0.019       0.034       0.086       0.097       0.116
    FIN2            -0.090      -0.069      -0.059      -0.004       0.049       0.060       0.077
    FIN3            -0.073      -0.052      -0.042       0.013       0.067       0.077       0.095

 AGE1     WITH
    EDUCATION_      -0.159      -0.142      -0.131      -0.078      -0.025      -0.016       0.004
    EDUCATION_      -0.119      -0.101      -0.091      -0.038       0.015       0.025       0.047
    UNEMPLOYED      -0.013       0.008       0.017       0.069       0.119       0.127       0.145
    UNEMPLOYED      -0.073      -0.050      -0.039       0.014       0.066       0.075       0.094
    FIN1            -0.096      -0.075      -0.066      -0.013       0.040       0.050       0.070
    FIN2            -0.108      -0.089      -0.077      -0.025       0.027       0.039       0.058
    FIN3            -0.110      -0.091      -0.082      -0.029       0.024       0.035       0.055

 EDUCATIO WITH
    EDUCATION_       0.395       0.413       0.422       0.469       0.515       0.523       0.539
    UNEMPLOYED      -0.326      -0.308      -0.298      -0.250      -0.200      -0.190      -0.172
    UNEMPLOYED      -0.179      -0.158      -0.149      -0.095      -0.039      -0.028      -0.006
    FIN1             0.058       0.077       0.087       0.141       0.193       0.203       0.222
    FIN2             0.080       0.100       0.109       0.162       0.213       0.222       0.240
    FIN3             0.077       0.097       0.106       0.159       0.211       0.222       0.241

 EDUCATIO WITH
    UNEMPLOYED      -0.236      -0.217      -0.207      -0.158      -0.107      -0.098      -0.077
    UNEMPLOYED      -0.187      -0.172      -0.164      -0.121      -0.076      -0.067      -0.050
    FIN1             0.088       0.108       0.118       0.172       0.225       0.236       0.257
    FIN2             0.133       0.150       0.159       0.211       0.261       0.270       0.290
    FIN3             0.132       0.152       0.163       0.213       0.264       0.274       0.292

 UNEMPLOY WITH
    UNEMPLOYED       0.040       0.065       0.078       0.146       0.215       0.229       0.257
    FIN1            -0.196      -0.175      -0.164      -0.106      -0.049      -0.038      -0.017
    FIN2            -0.182      -0.160      -0.150      -0.096      -0.041      -0.030      -0.011
    FIN3            -0.212      -0.191      -0.181      -0.128      -0.075      -0.064      -0.043

 UNEMPLOY WITH
    FIN1            -0.215      -0.192      -0.181      -0.122      -0.062      -0.049      -0.025
    FIN2            -0.169      -0.152      -0.142      -0.093      -0.044      -0.033      -0.016
    FIN3            -0.174      -0.154      -0.145      -0.090      -0.036      -0.026      -0.005

 FIN1     WITH
    FIN2             0.664       0.677       0.684       0.716       0.745       0.751       0.761
    FIN3             0.593       0.608       0.615       0.656       0.693       0.700       0.713

 FIN2     WITH
    FIN3             0.644       0.659       0.668       0.703       0.737       0.742       0.754

 Means
    GENDER1          1.243       1.268       1.280       1.351       1.428       1.444       1.477
    AGE1            31.618      31.785      31.878      32.399      33.019      33.146      33.447
    EDUCATION_       3.851       3.891       3.913       4.016       4.125       4.146       4.185
    EDUCATION_       3.631       3.671       3.689       3.785       3.886       3.904       3.944
    UNEMPLOYED       0.377       0.390       0.395       0.427       0.457       0.463       0.475
    UNEMPLOYED       0.227       0.238       0.244       0.274       0.302       0.308       0.317
    FIN1             4.182       4.238       4.265       4.404       4.564       4.597       4.652
    FIN2             4.331       4.384       4.414       4.566       4.730       4.766       4.821
    FIN3             4.085       4.144       4.175       4.336       4.510       4.548       4.623

 Intercepts
    X1              -2.756      -2.189      -1.873      -0.304       1.286       1.585       2.129
    X2              -2.776      -2.212      -1.896      -0.307       1.292       1.604       2.154
    X3              -2.779      -2.216      -1.899      -0.308       1.296       1.603       2.162
    Y1              -0.489      -0.057       0.215       1.570       2.904       3.165       3.760
    Y2              -0.496      -0.058       0.217       1.575       2.915       3.169       3.792
    Y3              -0.481      -0.056       0.210       1.525       2.831       3.061       3.659
    M1              -4.621      -3.924      -3.624      -2.057      -0.477      -0.179       0.438
    M2              -4.006      -3.434      -3.165      -1.800      -0.416      -0.156       0.383
    M3              -3.980      -3.425      -3.150      -1.788      -0.413      -0.155       0.377

 Variances
    GENDER1          1.000       1.000       1.000       1.000       1.000       1.000       1.000
    AGE1             1.000       1.000       1.000       1.000       1.000       1.000       1.000
    EDUCATION_       1.000       1.000       1.000       1.000       1.000       1.000       1.000
    EDUCATION_       1.000       1.000       1.000       1.000       1.000       1.000       1.000
    UNEMPLOYED       1.000       1.000       1.000       1.000       1.000       1.000       1.000
    UNEMPLOYED       1.000       1.000       1.000       1.000       1.000       1.000       1.000
    FIN1             1.000       1.000       1.000       1.000       1.000       1.000       1.000
    FIN2             1.000       1.000       1.000       1.000       1.000       1.000       1.000
    FIN3             1.000       1.000       1.000       1.000       1.000       1.000       1.000
    RIX              1.000       1.000       1.000       1.000       1.000       1.000       1.000
    RIY              1.000       1.000       1.000       1.000       1.000       1.000       1.000
    RIM              1.000       1.000       1.000       1.000       1.000       1.000       1.000
    WX1              1.000       1.000       1.000       1.000       1.000       1.000       1.000
    WY1              1.000       1.000       1.000       1.000       1.000       1.000       1.000
    WM1              1.000       1.000       1.000       1.000       1.000       1.000       1.000

 Residual Variances
    X1               0.000       0.000       0.000       0.000       0.000       0.000       0.000
    X2               0.000       0.000       0.000       0.000       0.000       0.000       0.000
    X3               0.000       0.000       0.000       0.000       0.000       0.000       0.000
    Y1               0.000       0.000       0.000       0.000       0.000       0.000       0.000
    Y2               0.000       0.000       0.000       0.000       0.000       0.000       0.000
    Y3               0.000       0.000       0.000       0.000       0.000       0.000       0.000
    M1               0.000       0.000       0.000       0.000       0.000       0.000       0.000
    M2               0.000       0.000       0.000       0.000       0.000       0.000       0.000
    M3               0.000       0.000       0.000       0.000       0.000       0.000       0.000
    WX2              0.903       0.926       0.936       0.982       0.995       0.997       0.999
    WX3              0.897       0.920       0.930       0.981       0.994       0.996       0.999
    WY2              0.852       0.880       0.895       0.956       0.985       0.989       0.995
    WY3              0.839       0.871       0.886       0.952       0.983       0.987       0.994
    WM2              0.870       0.895       0.907       0.955       0.980       0.984       0.990
    WM3              0.824       0.851       0.866       0.930       0.969       0.975       0.985


     Beginning Time:  20:34:31
        Ending Time:  20:44:40
       Elapsed Time:  00:10:09



MUTHEN & MUTHEN
3463 Stoner Ave.
Los Angeles, CA  90066

Tel: (310) 391-9971
Fax: (310) 391-8971
Web: www.StatModel.com
Support: Support@StatModel.com

Copyright (c) 1998-2023 Muthen & Muthen
