Mplus VERSION 8.9
MUTHEN & MUTHEN
01/22/2025   8:44 PM

INPUT INSTRUCTIONS

  DATA:
    FILE IS "mplus.dat";
  VARIABLE:
    MISSING ARE ALL (-99);
    NAMES ARE id Gender1 Age1 Education_mother1 Education_father1
    unemployed_mother1 unemployed_father1 Fin1 Fin2 Fin3 Personal1
    Personal2 Personal3 Public1 Public2 Public3 Collective1
    Collective2 Collective3 Relational1 Relational2
    Relational3 Autonomy1 Autonomy2 Autonomy3 Relatedness1 Relatedness2
    Relatedness3 Competence1 Competence2 Competence3
    PA1 PA2 PA3 NA1 NA2 NA3 SWLS1 SWLS2 SWLS3;

  usevar =
  Gender1 Age1 Education_mother1 Education_father1
  unemployed_mother1 unemployed_father1 Fin1 Fin2 Fin3
  x1-x3 y1-y3 m1-m3 ;

  define:
  x1 = Collective1;
  x2 = Collective2;
  x3 = Collective3;

  m1 = Relatedness1;
  m2 = Relatedness2;
  m3 = Relatedness3;

  y1 = SWLS1;
  y2 = SWLS2;
  y3 = SWLS3;



  analysis:

  MODEL = NOCOV;
  bootstrap = 10000;


  MODEL:
  RIx BY x1@1 x2@1 x3@1;
  RIy BY y1@1 y2@1 y3@1;
  RIm BY m1@1 m2@1 m3@1;



  wx1 BY x1@1;
  wx2 BY x2@1;
  wx3 BY x3@1;



  wy1 BY y1@1;
  wy2 BY y2@1;
  wy3 BY y3@1;



  wm1 By m1@1;
  wm2 By m2@1;
  wm3 By m3@1;


  x1-m3@0;


  wy2 ON wy1 (a );
  wy3 ON wy2 (a );


  wx2 ON wx1 (b );
  wx3 ON wx2 (b );


  wm2 ON wm1  (c);
  wm3 ON wm2  (c);


  wy2 ON  wx1 wm1  (d e);
  wy3 ON  wx2 wm2  (d e);


  wx2 ON wy1 wm1  (f j);
  wx3 ON wy2 wm2  (f j);


  wm2 ON wx1 wy1   (h i);
  wm3 ON wx2 wy2   (h i);


  RIx RIy RIm  with RIx RIy RIm ;

  wx1 wy1 wm1 with wx1 wy1 wm1;
  wx2 wy2 wm2 with wx2 wy2 wm2 (cov1 cov2 cov3);
  wx3 wy3 wm3 with wx3 wy3 wm3 (cov1 cov2 cov3);

  wx2 (vx); wy2 (vy); wm2 (vm);
  wx3 (vx); wy3 (vy); wm3 (vm);

  x1-m3 on Gender1 Age1 Education_mother1 Education_father1
  unemployed_mother1 unemployed_father1 ;

  x1 y1 m1 on Fin1;
  x2 y2 m2 on Fin2;
  x3 y3 m3 on Fin3;

  Gender1 -Fin3 with Gender1 -Fin3;

  [x1-x3] (mx);
  [m1-m3] (mm);
  [y1-y3] (my);

  model constraint:
  new (ind);
  ind = h*e;

  output: cinterval (boot) stdyx;



*** WARNING in VARIABLE command
  Note that only the first 8 characters of variable names are used in the output.
  Shorten variable names to avoid any confusion.
   1 WARNING(S) FOUND IN THE INPUT INSTRUCTIONS




SUMMARY OF ANALYSIS

Number of groups                                                 1
Number of observations                                         971

Number of dependent variables                                    9
Number of independent variables                                  9
Number of continuous latent variables                           12

Observed dependent variables

  Continuous
   X1          X2          X3          Y1          Y2          Y3
   M1          M2          M3

Observed independent variables
   GENDER1     AGE1        EDUCATIO    EDUCATIO    UNEMPLOY    UNEMPLOY
   FIN1        FIN2        FIN3

Continuous latent variables
   RIX         RIY         RIM         WX1         WX2         WX3
   WY1         WY2         WY3         WM1         WM2         WM3


Estimator                                                       ML
Information matrix                                        OBSERVED
Maximum number of iterations                                  1000
Convergence criterion                                    0.500D-04
Maximum number of steepest descent iterations                   20
Maximum number of iterations for H1                           2000
Convergence criterion for H1                             0.100D-03
Number of bootstrap draws
    Requested                                                10000
    Completed                                                10000

Input data file(s)
  mplus.dat

Input data format  FREE


SUMMARY OF DATA

     Number of missing data patterns            19


COVARIANCE COVERAGE OF DATA

Minimum covariance coverage value   0.100


     PROPORTION OF DATA PRESENT


           Covariance Coverage
              X1            X2            X3            Y1            Y2
              ________      ________      ________      ________      ________
 X1             1.000
 X2             1.000         1.000
 X3             1.000         1.000         1.000
 Y1             1.000         1.000         1.000         1.000
 Y2             1.000         1.000         1.000         1.000         1.000
 Y3             1.000         1.000         1.000         1.000         1.000
 M1             1.000         1.000         1.000         1.000         1.000
 M2             1.000         1.000         1.000         1.000         1.000
 M3             1.000         1.000         1.000         1.000         1.000
 GENDER1        0.998         0.998         0.998         0.998         0.998
 AGE1           0.999         0.999         0.999         0.999         0.999
 EDUCATIO       0.994         0.994         0.994         0.994         0.994
 EDUCATIO       0.991         0.991         0.991         0.991         0.991
 UNEMPLOY       0.992         0.992         0.992         0.992         0.992
 UNEMPLOY       0.974         0.974         0.974         0.974         0.974
 FIN1           0.994         0.994         0.994         0.994         0.994
 FIN2           0.991         0.991         0.991         0.991         0.991
 FIN3           0.991         0.991         0.991         0.991         0.991


           Covariance Coverage
              Y3            M1            M2            M3            GENDER1
              ________      ________      ________      ________      ________
 Y3             1.000
 M1             1.000         1.000
 M2             1.000         1.000         1.000
 M3             1.000         1.000         1.000         1.000
 GENDER1        0.998         0.998         0.998         0.998         0.998
 AGE1           0.999         0.999         0.999         0.999         0.997
 EDUCATIO       0.994         0.994         0.994         0.994         0.992
 EDUCATIO       0.991         0.991         0.991         0.991         0.989
 UNEMPLOY       0.992         0.992         0.992         0.992         0.990
 UNEMPLOY       0.974         0.974         0.974         0.974         0.972
 FIN1           0.994         0.994         0.994         0.994         0.992
 FIN2           0.991         0.991         0.991         0.991         0.990
 FIN3           0.991         0.991         0.991         0.991         0.989


           Covariance Coverage
              AGE1          EDUCATIO      EDUCATIO      UNEMPLOY      UNEMPLOY
              ________      ________      ________      ________      ________
 AGE1           0.999
 EDUCATIO       0.993         0.994
 EDUCATIO       0.990         0.987         0.991
 UNEMPLOY       0.991         0.989         0.984         0.992
 UNEMPLOY       0.973         0.969         0.970         0.968         0.974
 FIN1           0.993         0.989         0.986         0.988         0.969
 FIN2           0.990         0.985         0.981         0.982         0.965
 FIN3           0.990         0.985         0.981         0.982         0.965


           Covariance Coverage
              FIN1          FIN2          FIN3
              ________      ________      ________
 FIN1           0.994
 FIN2           0.986         0.991
 FIN3           0.986         0.984         0.991



UNIVARIATE SAMPLE STATISTICS


     UNIVARIATE HIGHER-ORDER MOMENT DESCRIPTIVE STATISTICS

         Variable/         Mean/     Skewness/   Minimum/ % with                Percentiles
        Sample Size      Variance    Kurtosis    Maximum  Min/Max      20%/60%    40%/80%    Median

     X1                   -0.016      -0.143      -2.873    0.10%      -0.797     -0.233     -0.038
             971.000       0.819      -0.348       2.189    0.10%       0.260      0.790
     X2                   -0.011      -0.022      -3.048    0.10%      -0.793     -0.286     -0.009
             971.000       0.851      -0.289       2.197    0.10%       0.236      0.781
     X3                   -0.011      -0.129      -3.182    0.10%      -0.752     -0.288     -0.038
             971.000       0.856      -0.090       2.266    0.10%       0.220      0.793
     Y1                    5.197      -0.908       1.000    0.51%       4.333      5.000      5.333
             971.000       1.455       0.746       7.000    4.43%       5.667      6.333
     Y2                    5.307      -0.912       1.000    0.41%       4.333      5.333      5.667
             971.000       1.416       0.731       7.000    5.97%       5.667      6.333
     Y3                    5.309      -0.984       1.000    0.82%       4.333      5.333      5.667
             971.000       1.518       0.898       7.000    7.11%       5.667      6.333
     M1                   -0.034      -0.538      -1.942    0.10%      -0.486     -0.142      0.034
             971.000       0.243      -0.181       0.793    1.24%       0.182      0.446
     M2                   -0.029      -0.424      -1.864    0.10%      -0.518     -0.166      0.029
             971.000       0.294      -0.219       0.934    2.37%       0.184      0.487
     M3                   -0.033      -0.375      -2.113    0.10%      -0.528     -0.198      0.016
             971.000       0.356      -0.467       1.004    2.16%       0.216      0.541
     GENDER1               0.646      -0.611       0.000   35.40%       0.000      1.000      1.000
             969.000       0.229      -1.627       1.000   64.60%       1.000      1.000
     AGE1                 15.638      -0.547      15.000   36.29%      15.000     16.000     16.000
             970.000       0.233      -1.625      17.000    0.10%      16.000     16.000
     EDUCATION_MOTHE       3.907      -0.084       1.000    0.31%       3.000      3.000      4.000
             965.000       0.945      -1.378       5.000   39.17%       4.000      5.000
     EDUCATION_FATHE       3.754       0.093       1.000    0.62%       3.000      3.000      3.000
             962.000       0.984      -1.211       5.000   33.78%       4.000      5.000
     UNEMPLOYED_MOTH       0.154       1.921       0.000   84.63%       0.000      0.000      0.000
             963.000       0.130       1.688       1.000   15.37%       0.000      0.000
     UNEMPLOYED_FATH       0.070       3.378       0.000   93.02%       0.000      0.000      0.000
             946.000       0.065       9.408       1.000    6.98%       0.000      0.000
     FIN1                  3.754      -0.071       1.000    0.31%       3.000      3.000      4.000
             965.000       0.726      -0.634       5.000   21.55%       4.000      5.000
     FIN2                  3.777      -0.071       1.000    0.42%       3.000      4.000      4.000
             962.000       0.685      -0.517       5.000   21.21%       4.000      5.000
     FIN3                  3.756      -0.179       1.000    0.94%       3.000      3.000      4.000
             962.000       0.750      -0.296       5.000   21.93%       4.000      5.000


THE MODEL ESTIMATION TERMINATED NORMALLY



MODEL FIT INFORMATION

Number of Free Parameters                      147

Loglikelihood

          H0 Value                      -16011.175
          H1 Value                      -15920.502

Information Criteria

          Akaike (AIC)                   32316.349
          Bayesian (BIC)                 33033.463
          Sample-Size Adjusted BIC       32566.592
            (n* = (n + 2) / 24)

Chi-Square Test of Model Fit

          Value                            181.345
          Degrees of Freedom                    42
          P-Value                           0.0000

RMSEA (Root Mean Square Error Of Approximation)

          Estimate                           0.058
          90 Percent C.I.                    0.050  0.067
          Probability RMSEA <= .05           0.053

CFI/TLI

          CFI                                0.967
          TLI                                0.907

Chi-Square Test of Model Fit for the Baseline Model

          Value                           4311.495
          Degrees of Freedom                   117
          P-Value                           0.0000

SRMR (Standardized Root Mean Square Residual)

          Value                              0.056



MODEL RESULTS

                                                    Two-Tailed
                    Estimate       S.E.  Est./S.E.    P-Value

 RIX      BY
    X1                 1.000      0.000    999.000    999.000
    X2                 1.000      0.000    999.000    999.000
    X3                 1.000      0.000    999.000    999.000

 RIY      BY
    Y1                 1.000      0.000    999.000    999.000
    Y2                 1.000      0.000    999.000    999.000
    Y3                 1.000      0.000    999.000    999.000

 RIM      BY
    M1                 1.000      0.000    999.000    999.000
    M2                 1.000      0.000    999.000    999.000
    M3                 1.000      0.000    999.000    999.000

 WX1      BY
    X1                 1.000      0.000    999.000    999.000

 WX2      BY
    X2                 1.000      0.000    999.000    999.000

 WX3      BY
    X3                 1.000      0.000    999.000    999.000

 WY1      BY
    Y1                 1.000      0.000    999.000    999.000

 WY2      BY
    Y2                 1.000      0.000    999.000    999.000

 WY3      BY
    Y3                 1.000      0.000    999.000    999.000

 WM1      BY
    M1                 1.000      0.000    999.000    999.000

 WM2      BY
    M2                 1.000      0.000    999.000    999.000

 WM3      BY
    M3                 1.000      0.000    999.000    999.000

 WY2      ON
    WY1                0.209      0.073      2.858      0.004
    WX1               -0.080      0.081     -0.992      0.321
    WM1                0.056      0.090      0.629      0.529

 WY3      ON
    WY2                0.209      0.073      2.858      0.004
    WX2               -0.080      0.081     -0.992      0.321
    WM2                0.056      0.090      0.629      0.529

 WX2      ON
    WX1                0.095      0.068      1.410      0.159
    WY1               -0.058      0.033     -1.733      0.083
    WM1                0.060      0.063      0.955      0.340

 WX3      ON
    WX2                0.095      0.068      1.410      0.159
    WY2               -0.058      0.033     -1.733      0.083
    WM2                0.060      0.063      0.955      0.340

 WM2      ON
    WM1                0.215      0.057      3.783      0.000
    WX1               -0.035      0.033     -1.036      0.300
    WY1                0.035      0.023      1.545      0.122

 WM3      ON
    WM2                0.215      0.057      3.783      0.000
    WX2               -0.035      0.033     -1.036      0.300
    WY2                0.035      0.023      1.545      0.122

 X1       ON
    GENDER1           -0.199      0.063     -3.146      0.002
    AGE1              -0.001      0.055     -0.009      0.993
    EDUCATION_        -0.022      0.034     -0.637      0.524
    EDUCATION_         0.024      0.034      0.726      0.468
    UNEMPLOYED        -0.014      0.078     -0.185      0.853
    UNEMPLOYED         0.069      0.119      0.576      0.565
    FIN1               0.105      0.030      3.442      0.001

 X2       ON
    GENDER1           -0.119      0.065     -1.840      0.066
    AGE1              -0.010      0.054     -0.181      0.856
    EDUCATION_        -0.033      0.035     -0.955      0.339
    EDUCATION_         0.023      0.035      0.660      0.510
    UNEMPLOYED        -0.007      0.079     -0.093      0.926
    UNEMPLOYED         0.179      0.127      1.403      0.161
    FIN2               0.142      0.031      4.564      0.000

 X3       ON
    GENDER1           -0.151      0.065     -2.339      0.019
    AGE1               0.001      0.055      0.022      0.983
    EDUCATION_        -0.028      0.034     -0.817      0.414
    EDUCATION_         0.016      0.033      0.491      0.623
    UNEMPLOYED         0.045      0.083      0.540      0.590
    UNEMPLOYED         0.148      0.126      1.172      0.241
    FIN3               0.102      0.031      3.318      0.001

 Y1       ON
    GENDER1           -0.276      0.073     -3.782      0.000
    AGE1               0.125      0.059      2.114      0.035
    EDUCATION_        -0.029      0.046     -0.639      0.523
    EDUCATION_         0.012      0.047      0.255      0.799
    UNEMPLOYED        -0.148      0.115     -1.288      0.198
    UNEMPLOYED         0.143      0.154      0.927      0.354
    FIN1               0.431      0.041     10.440      0.000

 Y2       ON
    GENDER1           -0.131      0.073     -1.791      0.073
    AGE1               0.106      0.059      1.791      0.073
    EDUCATION_         0.039      0.043      0.905      0.365
    EDUCATION_         0.032      0.045      0.711      0.477
    UNEMPLOYED        -0.125      0.110     -1.130      0.258
    UNEMPLOYED         0.001      0.143      0.007      0.994
    FIN2               0.419      0.041     10.133      0.000

 Y3       ON
    GENDER1            0.015      0.076      0.194      0.846
    AGE1               0.072      0.059      1.208      0.227
    EDUCATION_         0.034      0.042      0.793      0.428
    EDUCATION_         0.043      0.041      1.061      0.289
    UNEMPLOYED        -0.035      0.103     -0.336      0.737
    UNEMPLOYED         0.057      0.146      0.389      0.697
    FIN3               0.532      0.044     12.119      0.000

 M1       ON
    GENDER1            0.154      0.033      4.632      0.000
    AGE1               0.030      0.028      1.058      0.290
    EDUCATION_        -0.027      0.019     -1.431      0.152
    EDUCATION_         0.018      0.018      0.962      0.336
    UNEMPLOYED        -0.049      0.046     -1.071      0.284
    UNEMPLOYED         0.061      0.062      0.977      0.329
    FIN1               0.087      0.017      4.985      0.000

 M2       ON
    GENDER1            0.075      0.036      2.072      0.038
    AGE1               0.030      0.028      1.059      0.290
    EDUCATION_        -0.003      0.020     -0.168      0.867
    EDUCATION_        -0.012      0.020     -0.596      0.551
    UNEMPLOYED        -0.046      0.051     -0.903      0.367
    UNEMPLOYED         0.006      0.070      0.084      0.933
    FIN2               0.106      0.019      5.571      0.000

 M3       ON
    GENDER1            0.180      0.040      4.457      0.000
    AGE1               0.020      0.028      0.718      0.473
    EDUCATION_         0.004      0.023      0.157      0.875
    EDUCATION_         0.016      0.022      0.714      0.475
    UNEMPLOYED        -0.086      0.055     -1.577      0.115
    UNEMPLOYED         0.124      0.078      1.589      0.112
    FIN3               0.092      0.021      4.350      0.000

 RIX      WITH
    RIY                0.239      0.033      7.194      0.000
    RIM                0.108      0.014      7.526      0.000

 RIY      WITH
    RIM                0.131      0.019      6.886      0.000

 WX1      WITH
    WY1                0.016      0.027      0.616      0.538
    WM1                0.018      0.011      1.655      0.098

 WY1      WITH
    WM1                0.028      0.019      1.497      0.134

 WX2      WITH
    WY2                0.014      0.021      0.683      0.494
    WM2                0.029      0.010      2.840      0.005

 WY2      WITH
    WM2                0.069      0.014      4.769      0.000

 WX3      WITH
    WY3                0.014      0.021      0.683      0.494
    WM3                0.029      0.010      2.840      0.005

 WY3      WITH
    WM3                0.069      0.014      4.769      0.000

 GENDER1  WITH
    AGE1              -0.001      0.007     -0.072      0.943
    EDUCATION_        -0.036      0.015     -2.387      0.017
    EDUCATION_        -0.021      0.015     -1.437      0.151
    UNEMPLOYED        -0.003      0.006     -0.503      0.615
    UNEMPLOYED        -0.002      0.004     -0.421      0.674
    FIN1               0.014      0.013      1.077      0.281
    FIN2              -0.002      0.013     -0.126      0.899
    FIN3               0.006      0.014      0.411      0.681

 AGE1     WITH
    EDUCATION_        -0.036      0.015     -2.435      0.015
    EDUCATION_        -0.018      0.015     -1.172      0.241
    UNEMPLOYED         0.012      0.005      2.228      0.026
    UNEMPLOYED         0.002      0.004      0.421      0.674
    FIN1              -0.005      0.013     -0.402      0.687
    FIN2              -0.010      0.013     -0.788      0.431
    FIN3              -0.012      0.014     -0.892      0.372

 EDUCATIO WITH
    EDUCATION_         0.452      0.030     14.918      0.000
    UNEMPLOYED        -0.088      0.012     -7.482      0.000
    UNEMPLOYED        -0.024      0.009     -2.737      0.006
    FIN1               0.116      0.027      4.298      0.000
    FIN2               0.130      0.026      5.045      0.000
    FIN3               0.134      0.027      4.915      0.000

 EDUCATIO WITH
    UNEMPLOYED        -0.057      0.011     -4.938      0.000
    UNEMPLOYED        -0.031      0.007     -4.093      0.000
    FIN1               0.145      0.028      5.233      0.000
    FIN2               0.173      0.026      6.590      0.000
    FIN3               0.183      0.027      6.766      0.000

 UNEMPLOY WITH
    UNEMPLOYED         0.013      0.004      3.270      0.001
    FIN1              -0.033      0.011     -2.978      0.003
    FIN2              -0.029      0.010     -2.847      0.004
    FIN3              -0.040      0.010     -3.831      0.000

 UNEMPLOY WITH
    FIN1              -0.026      0.008     -3.157      0.002
    FIN2              -0.020      0.007     -2.959      0.003
    FIN3              -0.020      0.008     -2.642      0.008

 FIN1     WITH
    FIN2               0.505      0.025     20.397      0.000
    FIN3               0.485      0.025     19.233      0.000

 FIN2     WITH
    FIN3               0.504      0.024     20.781      0.000

 Means
    GENDER1            0.646      0.015     42.483      0.000
    AGE1              15.638      0.016   1007.276      0.000
    EDUCATION_         3.906      0.031    124.192      0.000
    EDUCATION_         3.754      0.032    116.412      0.000
    UNEMPLOYED         0.154      0.012     13.355      0.000
    UNEMPLOYED         0.070      0.008      8.376      0.000
    FIN1               3.756      0.027    138.411      0.000
    FIN2               3.776      0.027    141.633      0.000
    FIN3               3.754      0.028    133.509      0.000

 Intercepts
    X1                -0.282      0.876     -0.322      0.748
    X2                -0.282      0.876     -0.322      0.748
    X3                -0.282      0.876     -0.322      0.748
    Y1                 1.891      0.947      1.997      0.046
    Y2                 1.891      0.947      1.997      0.046
    Y3                 1.891      0.947      1.997      0.046
    M1                -0.877      0.448     -1.957      0.050
    M2                -0.877      0.448     -1.957      0.050
    M3                -0.877      0.448     -1.957      0.050

 Variances
    GENDER1            0.229      0.004     51.171      0.000
    AGE1               0.233      0.005     50.729      0.000
    EDUCATION_         0.946      0.024     38.624      0.000
    EDUCATION_         0.983      0.028     34.929      0.000
    UNEMPLOYED         0.130      0.008     16.316      0.000
    UNEMPLOYED         0.065      0.007      9.064      0.000
    FIN1               0.728      0.028     26.425      0.000
    FIN2               0.684      0.027     25.755      0.000
    FIN3               0.750      0.032     23.565      0.000
    RIX                0.526      0.032     16.564      0.000
    RIY                0.485      0.062      7.878      0.000
    RIM                0.109      0.011      9.632      0.000
    WX1                0.295      0.026     11.235      0.000
    WY1                0.678      0.078      8.729      0.000
    WM1                0.117      0.011     10.442      0.000

 Residual Variances
    X1                 0.000      0.000    999.000    999.000
    X2                 0.000      0.000    999.000    999.000
    X3                 0.000      0.000    999.000    999.000
    Y1                 0.000      0.000    999.000    999.000
    Y2                 0.000      0.000    999.000    999.000
    Y3                 0.000      0.000    999.000    999.000
    M1                 0.000      0.000    999.000    999.000
    M2                 0.000      0.000    999.000    999.000
    M3                 0.000      0.000    999.000    999.000
    WX2                0.273      0.021     12.720      0.000
    WX3                0.273      0.021     12.720      0.000
    WY2                0.655      0.061     10.682      0.000
    WY3                0.655      0.061     10.682      0.000
    WM2                0.185      0.009     21.339      0.000
    WM3                0.185      0.009     21.339      0.000

New/Additional Parameters
    IND               -0.002      0.005     -0.399      0.690


STANDARDIZED MODEL RESULTS


STDYX Standardization

                                                    Two-Tailed
                    Estimate       S.E.  Est./S.E.    P-Value

 RIX      BY
    X1                 0.792      0.018     44.849      0.000
    X2                 0.800      0.019     42.788      0.000
    X3                 0.802      0.019     42.977      0.000

 RIY      BY
    Y1                 0.606      0.039     15.492      0.000
    Y2                 0.607      0.040     15.175      0.000
    Y3                 0.588      0.039     15.017      0.000

 RIM      BY
    M1                 0.677      0.033     20.745      0.000
    M2                 0.594      0.027     21.584      0.000
    M3                 0.583      0.029     20.260      0.000

 WX1      BY
    X1                 0.593      0.023     25.799      0.000

 WX2      BY
    X2                 0.581      0.025     23.476      0.000

 WX3      BY
    X3                 0.583      0.025     23.139      0.000

 WY1      BY
    Y1                 0.717      0.033     21.950      0.000

 WY2      BY
    Y2                 0.722      0.034     21.239      0.000

 WY3      BY
    Y3                 0.701      0.034     20.646      0.000

 WM1      BY
    M1                 0.699      0.030     23.169      0.000

 WM2      BY
    M2                 0.786      0.021     38.121      0.000

 WM3      BY
    M3                 0.780      0.021     37.028      0.000

 WY2      ON
    WY1                0.208      0.070      2.950      0.003
    WX1               -0.053      0.054     -0.980      0.327
    WM1                0.023      0.037      0.624      0.532

 WY3      ON
    WY2                0.209      0.073      2.871      0.004
    WX2               -0.051      0.051     -0.996      0.319
    WM2                0.030      0.047      0.626      0.531

 WX2      ON
    WX1                0.098      0.067      1.458      0.145
    WY1               -0.090      0.052     -1.745      0.081
    WM1                0.039      0.041      0.956      0.339

 WX3      ON
    WX2                0.095      0.068      1.413      0.158
    WY2               -0.091      0.052     -1.740      0.082
    WM2                0.050      0.052      0.960      0.337

 WM2      ON
    WM1                0.167      0.046      3.617      0.000
    WX1               -0.043      0.042     -1.024      0.306
    WY1                0.066      0.043      1.550      0.121

 WM3      ON
    WM2                0.212      0.055      3.851      0.000
    WX2               -0.041      0.040     -1.037      0.300
    WY2                0.066      0.042      1.550      0.121

 X1       ON
    GENDER1           -0.104      0.033     -3.131      0.002
    AGE1               0.000      0.029     -0.009      0.993
    EDUCATION_        -0.023      0.037     -0.637      0.524
    EDUCATION_         0.026      0.036      0.727      0.467
    UNEMPLOYED        -0.006      0.031     -0.185      0.853
    UNEMPLOYED         0.019      0.033      0.580      0.562
    FIN1               0.098      0.028      3.449      0.001

 X2       ON
    GENDER1           -0.063      0.034     -1.842      0.065
    AGE1              -0.005      0.029     -0.181      0.856
    EDUCATION_        -0.035      0.037     -0.957      0.339
    EDUCATION_         0.025      0.038      0.661      0.509
    UNEMPLOYED        -0.003      0.031     -0.093      0.926
    UNEMPLOYED         0.050      0.035      1.412      0.158
    FIN2               0.129      0.028      4.553      0.000

 X3       ON
    GENDER1           -0.080      0.034     -2.339      0.019
    AGE1               0.001      0.029      0.022      0.983
    EDUCATION_        -0.030      0.037     -0.818      0.413
    EDUCATION_         0.018      0.037      0.493      0.622
    UNEMPLOYED         0.018      0.033      0.542      0.588
    UNEMPLOYED         0.042      0.035      1.181      0.238
    FIN3               0.097      0.029      3.334      0.001

 Y1       ON
    GENDER1           -0.115      0.030     -3.846      0.000
    AGE1               0.052      0.025      2.109      0.035
    EDUCATION_        -0.025      0.039     -0.640      0.522
    EDUCATION_         0.010      0.040      0.256      0.798
    UNEMPLOYED        -0.046      0.036     -1.302      0.193
    UNEMPLOYED         0.032      0.034      0.932      0.351
    FIN1               0.320      0.031     10.190      0.000

 Y2       ON
    GENDER1           -0.054      0.030     -1.798      0.072
    AGE1               0.045      0.025      1.788      0.074
    EDUCATION_         0.033      0.036      0.905      0.366
    EDUCATION_         0.028      0.039      0.712      0.476
    UNEMPLOYED        -0.039      0.034     -1.138      0.255
    UNEMPLOYED         0.000      0.032      0.007      0.994
    FIN2               0.302      0.030     10.101      0.000

 Y3       ON
    GENDER1            0.006      0.031      0.195      0.846
    AGE1               0.029      0.024      1.207      0.228
    EDUCATION_         0.028      0.035      0.794      0.427
    EDUCATION_         0.036      0.034      1.066      0.286
    UNEMPLOYED        -0.011      0.031     -0.337      0.736
    UNEMPLOYED         0.012      0.031      0.392      0.695
    FIN3               0.388      0.031     12.607      0.000

 M1       ON
    GENDER1            0.151      0.032      4.655      0.000
    AGE1               0.029      0.028      1.059      0.290
    EDUCATION_        -0.055      0.038     -1.440      0.150
    EDUCATION_         0.036      0.037      0.965      0.335
    UNEMPLOYED        -0.036      0.034     -1.074      0.283
    UNEMPLOYED         0.032      0.032      0.984      0.325
    FIN1               0.151      0.031      4.957      0.000

 M2       ON
    GENDER1            0.065      0.031      2.069      0.039
    AGE1               0.026      0.024      1.057      0.290
    EDUCATION_        -0.006      0.035     -0.168      0.867
    EDUCATION_        -0.021      0.036     -0.596      0.551
    UNEMPLOYED        -0.030      0.033     -0.905      0.365
    UNEMPLOYED         0.003      0.032      0.085      0.932
    FIN2               0.158      0.028      5.532      0.000

 M3       ON
    GENDER1            0.152      0.034      4.495      0.000
    AGE1               0.017      0.024      0.717      0.474
    EDUCATION_         0.006      0.040      0.157      0.875
    EDUCATION_         0.028      0.039      0.714      0.475
    UNEMPLOYED        -0.055      0.034     -1.587      0.113
    UNEMPLOYED         0.056      0.035      1.598      0.110
    FIN3               0.140      0.032      4.414      0.000

 RIX      WITH
    RIY                0.473      0.072      6.614      0.000
    RIM                0.448      0.054      8.242      0.000

 RIY      WITH
    RIM                0.570      0.071      8.047      0.000

 WX1      WITH
    WY1                0.037      0.059      0.616      0.538
    WM1                0.097      0.058      1.675      0.094

 WY1      WITH
    WM1                0.100      0.065      1.537      0.124

 WX2      WITH
    WY2                0.034      0.051      0.673      0.501
    WM2                0.129      0.045      2.904      0.004

 WY2      WITH
    WM2                0.198      0.042      4.669      0.000

 WX3      WITH
    WY3                0.034      0.051      0.673      0.501
    WM3                0.129      0.045      2.904      0.004

 WY3      WITH
    WM3                0.198      0.042      4.669      0.000

 GENDER1  WITH
    AGE1              -0.002      0.032     -0.072      0.943
    EDUCATION_        -0.077      0.032     -2.383      0.017
    EDUCATION_        -0.045      0.032     -1.437      0.151
    UNEMPLOYED        -0.016      0.032     -0.502      0.616
    UNEMPLOYED        -0.014      0.033     -0.421      0.674
    FIN1               0.035      0.032      1.078      0.281
    FIN2              -0.004      0.033     -0.126      0.900
    FIN3               0.013      0.033      0.411      0.681

 AGE1     WITH
    EDUCATION_        -0.078      0.032     -2.432      0.015
    EDUCATION_        -0.038      0.032     -1.170      0.242
    UNEMPLOYED         0.069      0.031      2.242      0.025
    UNEMPLOYED         0.013      0.032      0.421      0.674
    FIN1              -0.013      0.032     -0.402      0.688
    FIN2              -0.025      0.032     -0.788      0.431
    FIN3              -0.029      0.032     -0.893      0.372

 EDUCATIO WITH
    EDUCATION_         0.469      0.028     16.546      0.000
    UNEMPLOYED        -0.250      0.030     -8.357      0.000
    UNEMPLOYED        -0.095      0.034     -2.835      0.005
    FIN1               0.140      0.032      4.369      0.000
    FIN2               0.161      0.031      5.127      0.000
    FIN3               0.159      0.032      4.964      0.000

 EDUCATIO WITH
    UNEMPLOYED        -0.158      0.031     -5.177      0.000
    UNEMPLOYED        -0.121      0.027     -4.469      0.000
    FIN1               0.171      0.032      5.281      0.000
    FIN2               0.210      0.031      6.809      0.000
    FIN3               0.213      0.031      6.972      0.000

 UNEMPLOY WITH
    UNEMPLOYED         0.146      0.042      3.480      0.001
    FIN1              -0.106      0.035     -3.035      0.002
    FIN2              -0.096      0.033     -2.881      0.004
    FIN3              -0.128      0.033     -3.940      0.000

 UNEMPLOY WITH
    FIN1              -0.122      0.036     -3.336      0.001
    FIN2              -0.093      0.030     -3.100      0.002
    FIN3              -0.090      0.033     -2.738      0.006

 FIN1     WITH
    FIN2               0.716      0.019     38.376      0.000
    FIN3               0.656      0.024     27.917      0.000

 FIN2     WITH
    FIN3               0.704      0.021     33.431      0.000

 Means
    GENDER1            1.351      0.045     29.952      0.000
    AGE1              32.399      0.350     92.490      0.000
    EDUCATION_         4.016      0.064     62.421      0.000
    EDUCATION_         3.786      0.060     63.198      0.000
    UNEMPLOYED         0.427      0.019     22.551      0.000
    UNEMPLOYED         0.273      0.018     15.504      0.000
    FIN1               4.403      0.091     48.143      0.000
    FIN2               4.567      0.096     47.439      0.000
    FIN3               4.336      0.102     42.327      0.000

 Intercepts
    X1                -0.308      0.957     -0.322      0.748
    X2                -0.311      0.966     -0.322      0.748
    X3                -0.312      0.968     -0.322      0.747
    Y1                 1.647      0.828      1.990      0.047
    Y2                 1.648      0.827      1.992      0.046
    Y3                 1.596      0.801      1.992      0.046
    M1                -1.797      0.916     -1.961      0.050
    M2                -1.575      0.807     -1.952      0.051
    M3                -1.547      0.792     -1.953      0.051

 Variances
    GENDER1            1.000      0.000    999.000    999.000
    AGE1               1.000      0.000    999.000    999.000
    EDUCATION_         1.000      0.000    999.000    999.000
    EDUCATION_         1.000      0.000    999.000    999.000
    UNEMPLOYED         1.000      0.000    999.000    999.000
    UNEMPLOYED         1.000      0.000    999.000    999.000
    FIN1               1.000      0.000    999.000    999.000
    FIN2               1.000      0.000    999.000    999.000
    FIN3               1.000      0.000    999.000    999.000
    RIX                1.000      0.000    999.000    999.000
    RIY                1.000      0.000    999.000    999.000
    RIM                1.000      0.000    999.000    999.000
    WX1                1.000      0.000    999.000    999.000
    WY1                1.000      0.000    999.000    999.000
    WM1                1.000      0.000    999.000    999.000

 Residual Variances
    X1                 0.000      0.000      0.000      1.000
    X2                 0.000      0.000      0.000      1.000
    X3                 0.000      0.000      0.000      1.000
    Y1                 0.000      0.000      0.000      1.000
    Y2                 0.000      0.000      0.000      1.000
    Y3                 0.000      0.000      0.000      1.000
    M1                 0.000      0.000      0.000      1.000
    M2                 0.000      0.000      0.000      1.000
    M3                 0.000      0.000      0.000      1.000
    WX2                0.981      0.019     52.527      0.000
    WX3                0.981      0.020     49.389      0.000
    WY2                0.954      0.030     31.679      0.000
    WY3                0.951      0.032     29.689      0.000
    WM2                0.965      0.019     51.554      0.000
    WM3                0.945      0.027     35.538      0.000


R-SQUARE

    Observed                                        Two-Tailed
    Variable        Estimate       S.E.  Est./S.E.    P-Value

    X1                 1.000      0.000    999.000    999.000
    X2                 1.000      0.000    999.000    999.000
    X3                 1.000      0.000    999.000    999.000
    Y1                 1.000      0.000    999.000    999.000
    Y2                 1.000      0.000    999.000    999.000
    Y3                 1.000      0.000    999.000    999.000
    M1                 1.000      0.000    999.000    999.000
    M2                 1.000      0.000    999.000    999.000
    M3                 1.000      0.000    999.000    999.000

     Latent                                         Two-Tailed
    Variable        Estimate       S.E.  Est./S.E.    P-Value

    WX2                0.019      0.019      1.000      0.317
    WX3                0.019      0.020      0.950      0.342
    WY2                0.046      0.030      1.541      0.123
    WY3                0.049      0.032      1.533      0.125
    WM2                0.035      0.019      1.857      0.063
    WM3                0.055      0.027      2.060      0.039


CONFIDENCE INTERVALS OF MODEL RESULTS

                  Lower .5%  Lower 2.5%    Lower 5%    Estimate    Upper 5%  Upper 2.5%   Upper .5%

 RIX      BY
    X1               1.000       1.000       1.000       1.000       1.000       1.000       1.000
    X2               1.000       1.000       1.000       1.000       1.000       1.000       1.000
    X3               1.000       1.000       1.000       1.000       1.000       1.000       1.000

 RIY      BY
    Y1               1.000       1.000       1.000       1.000       1.000       1.000       1.000
    Y2               1.000       1.000       1.000       1.000       1.000       1.000       1.000
    Y3               1.000       1.000       1.000       1.000       1.000       1.000       1.000

 RIM      BY
    M1               1.000       1.000       1.000       1.000       1.000       1.000       1.000
    M2               1.000       1.000       1.000       1.000       1.000       1.000       1.000
    M3               1.000       1.000       1.000       1.000       1.000       1.000       1.000

 WX1      BY
    X1               1.000       1.000       1.000       1.000       1.000       1.000       1.000

 WX2      BY
    X2               1.000       1.000       1.000       1.000       1.000       1.000       1.000

 WX3      BY
    X3               1.000       1.000       1.000       1.000       1.000       1.000       1.000

 WY1      BY
    Y1               1.000       1.000       1.000       1.000       1.000       1.000       1.000

 WY2      BY
    Y2               1.000       1.000       1.000       1.000       1.000       1.000       1.000

 WY3      BY
    Y3               1.000       1.000       1.000       1.000       1.000       1.000       1.000

 WM1      BY
    M1               1.000       1.000       1.000       1.000       1.000       1.000       1.000

 WM2      BY
    M2               1.000       1.000       1.000       1.000       1.000       1.000       1.000

 WM3      BY
    M3               1.000       1.000       1.000       1.000       1.000       1.000       1.000

 WY2      ON
    WY1              0.019       0.063       0.087       0.209       0.326       0.349       0.393
    WX1             -0.292      -0.238      -0.212      -0.080       0.053       0.081       0.127
    WM1             -0.178      -0.123      -0.096       0.056       0.201       0.229       0.284

 WY3      ON
    WY2              0.019       0.063       0.087       0.209       0.326       0.349       0.393
    WX2             -0.292      -0.238      -0.212      -0.080       0.053       0.081       0.127
    WM2             -0.178      -0.123      -0.096       0.056       0.201       0.229       0.284

 WX2      ON
    WX1             -0.063      -0.028      -0.009       0.095       0.216       0.237       0.278
    WY1             -0.143      -0.122      -0.112      -0.058      -0.002       0.009       0.031
    WM1             -0.103      -0.065      -0.045       0.060       0.163       0.183       0.220

 WX3      ON
    WX2             -0.063      -0.028      -0.009       0.095       0.216       0.237       0.278
    WY2             -0.143      -0.122      -0.112      -0.058      -0.002       0.009       0.031
    WM2             -0.103      -0.065      -0.045       0.060       0.163       0.183       0.220

 WM2      ON
    WM1              0.062       0.100       0.120       0.215       0.306       0.323       0.361
    WX1             -0.120      -0.099      -0.089      -0.035       0.021       0.032       0.053
    WY1             -0.027      -0.011      -0.003       0.035       0.072       0.079       0.092

 WM3      ON
    WM2              0.062       0.100       0.120       0.215       0.306       0.323       0.361
    WX2             -0.120      -0.099      -0.089      -0.035       0.021       0.032       0.053
    WY2             -0.027      -0.011      -0.003       0.035       0.072       0.079       0.092

 X1       ON
    GENDER1         -0.366      -0.327      -0.304      -0.199      -0.095      -0.076      -0.041
    AGE1            -0.142      -0.109      -0.092      -0.001       0.090       0.109       0.143
    EDUCATION_      -0.111      -0.090      -0.079      -0.022       0.035       0.045       0.064
    EDUCATION_      -0.065      -0.041      -0.031       0.024       0.079       0.089       0.111
    UNEMPLOYED      -0.217      -0.168      -0.142      -0.014       0.115       0.139       0.190
    UNEMPLOYED      -0.243      -0.164      -0.122       0.069       0.267       0.306       0.379
    FIN1             0.028       0.045       0.055       0.105       0.155       0.164       0.182

 X2       ON
    GENDER1         -0.287      -0.245      -0.226      -0.119      -0.012       0.007       0.048
    AGE1            -0.149      -0.118      -0.099      -0.010       0.080       0.098       0.131
    EDUCATION_      -0.119      -0.100      -0.090      -0.033       0.024       0.035       0.056
    EDUCATION_      -0.067      -0.044      -0.034       0.023       0.080       0.091       0.116
    UNEMPLOYED      -0.214      -0.162      -0.137      -0.007       0.123       0.146       0.193
    UNEMPLOYED      -0.155      -0.078      -0.035       0.179       0.387       0.426       0.500
    FIN2             0.062       0.081       0.089       0.142       0.193       0.202       0.221

 X3       ON
    GENDER1         -0.318      -0.278      -0.257      -0.151      -0.045      -0.024       0.018
    AGE1            -0.141      -0.107      -0.090       0.001       0.092       0.109       0.144
    EDUCATION_      -0.116      -0.096      -0.085      -0.028       0.028       0.039       0.060
    EDUCATION_      -0.070      -0.049      -0.038       0.016       0.072       0.082       0.106
    UNEMPLOYED      -0.170      -0.119      -0.094       0.045       0.181       0.205       0.262
    UNEMPLOYED      -0.186      -0.100      -0.057       0.148       0.357       0.399       0.474
    FIN3             0.022       0.041       0.051       0.102       0.152       0.162       0.178

 Y1       ON
    GENDER1         -0.465      -0.420      -0.396      -0.276      -0.156      -0.135      -0.090
    AGE1            -0.028       0.009       0.027       0.125       0.221       0.241       0.278
    EDUCATION_      -0.148      -0.119      -0.106      -0.029       0.046       0.060       0.086
    EDUCATION_      -0.105      -0.077      -0.064       0.012       0.091       0.105       0.134
    UNEMPLOYED      -0.461      -0.376      -0.338      -0.148       0.041       0.074       0.135
    UNEMPLOYED      -0.270      -0.174      -0.117       0.143       0.389       0.438       0.534
    FIN1             0.323       0.350       0.363       0.431       0.498       0.511       0.536

 Y2       ON
    GENDER1         -0.315      -0.271      -0.251      -0.131      -0.009       0.013       0.054
    AGE1            -0.050      -0.010       0.009       0.106       0.204       0.224       0.261
    EDUCATION_      -0.075      -0.046      -0.032       0.039       0.109       0.122       0.146
    EDUCATION_      -0.084      -0.055      -0.042       0.032       0.107       0.123       0.152
    UNEMPLOYED      -0.406      -0.340      -0.307      -0.125       0.058       0.091       0.155
    UNEMPLOYED      -0.401      -0.290      -0.241       0.001       0.229       0.272       0.354
    FIN2             0.306       0.337       0.351       0.419       0.486       0.500       0.525

 Y3       ON
    GENDER1         -0.175      -0.135      -0.110       0.015       0.140       0.162       0.214
    AGE1            -0.085      -0.044      -0.025       0.072       0.170       0.190       0.226
    EDUCATION_      -0.077      -0.049      -0.036       0.034       0.103       0.116       0.138
    EDUCATION_      -0.061      -0.034      -0.023       0.043       0.111       0.123       0.146
    UNEMPLOYED      -0.302      -0.235      -0.205      -0.035       0.135       0.168       0.226
    UNEMPLOYED      -0.345      -0.235      -0.186       0.057       0.291       0.331       0.412
    FIN3             0.419       0.446       0.459       0.532       0.602       0.616       0.645

 M1       ON
    GENDER1          0.069       0.089       0.098       0.154       0.209       0.218       0.237
    AGE1            -0.041      -0.025      -0.016       0.030       0.076       0.085       0.104
    EDUCATION_      -0.078      -0.065      -0.059      -0.027       0.004       0.010       0.021
    EDUCATION_      -0.030      -0.018      -0.012       0.018       0.048       0.053       0.066
    UNEMPLOYED      -0.167      -0.139      -0.124      -0.049       0.025       0.041       0.070
    UNEMPLOYED      -0.105      -0.064      -0.043       0.061       0.162       0.179       0.222
    FIN1             0.042       0.052       0.058       0.087       0.115       0.120       0.131

 M2       ON
    GENDER1         -0.022       0.003       0.015       0.075       0.135       0.146       0.168
    AGE1            -0.040      -0.024      -0.016       0.030       0.076       0.085       0.102
    EDUCATION_      -0.055      -0.043      -0.037      -0.003       0.030       0.037       0.050
    EDUCATION_      -0.063      -0.052      -0.045      -0.012       0.021       0.028       0.038
    UNEMPLOYED      -0.179      -0.148      -0.130      -0.046       0.039       0.054       0.087
    UNEMPLOYED      -0.175      -0.133      -0.110       0.006       0.121       0.141       0.185
    FIN2             0.057       0.068       0.075       0.106       0.138       0.144       0.155

 M3       ON
    GENDER1          0.075       0.100       0.113       0.180       0.246       0.259       0.284
    AGE1            -0.050      -0.035      -0.026       0.020       0.067       0.076       0.093
    EDUCATION_      -0.058      -0.042      -0.035       0.004       0.041       0.048       0.063
    EDUCATION_      -0.040      -0.028      -0.021       0.016       0.053       0.060       0.074
    UNEMPLOYED      -0.229      -0.194      -0.176      -0.086       0.003       0.018       0.049
    UNEMPLOYED      -0.082      -0.030      -0.005       0.124       0.250       0.277       0.324
    FIN3             0.037       0.051       0.057       0.092       0.127       0.133       0.146

 RIX      WITH
    RIY              0.155       0.175       0.184       0.239       0.294       0.304       0.328
    RIM              0.071       0.079       0.084       0.108       0.131       0.136       0.145

 RIY      WITH
    RIM              0.078       0.093       0.099       0.131       0.162       0.168       0.180

 WX1      WITH
    WY1             -0.058      -0.039      -0.029       0.016       0.058       0.066       0.081
    WM1             -0.011      -0.003       0.000       0.018       0.036       0.039       0.046

 WY1      WITH
    WM1             -0.021      -0.008      -0.002       0.028       0.059       0.066       0.078

 WX2      WITH
    WY2             -0.042      -0.027      -0.021       0.014       0.049       0.056       0.070
    WM2              0.002       0.009       0.012       0.029       0.046       0.049       0.054

 WY2      WITH
    WM2              0.029       0.038       0.043       0.069       0.091       0.095       0.102

 WX3      WITH
    WY3             -0.042      -0.027      -0.021       0.014       0.049       0.056       0.070
    WM3              0.002       0.009       0.012       0.029       0.046       0.049       0.054

 WY3      WITH
    WM3              0.029       0.038       0.043       0.069       0.091       0.095       0.102

 GENDER1  WITH
    AGE1            -0.019      -0.015      -0.013      -0.001       0.012       0.014       0.019
    EDUCATION_      -0.074      -0.065      -0.060      -0.036      -0.011      -0.006       0.004
    EDUCATION_      -0.059      -0.050      -0.046      -0.021       0.003       0.008       0.018
    UNEMPLOYED      -0.017      -0.014      -0.012      -0.003       0.006       0.008       0.011
    UNEMPLOYED      -0.012      -0.010      -0.008      -0.002       0.005       0.006       0.009
    FIN1            -0.019      -0.012      -0.008       0.014       0.035       0.040       0.048
    FIN2            -0.036      -0.027      -0.023      -0.002       0.020       0.024       0.031
    FIN3            -0.030      -0.021      -0.017       0.006       0.028       0.032       0.040

 AGE1     WITH
    EDUCATION_      -0.075      -0.067      -0.061      -0.036      -0.012      -0.007       0.002
    EDUCATION_      -0.056      -0.048      -0.044      -0.018       0.007       0.012       0.023
    UNEMPLOYED      -0.002       0.001       0.003       0.012       0.021       0.022       0.025
    UNEMPLOYED      -0.009      -0.006      -0.005       0.002       0.008       0.009       0.012
    FIN1            -0.039      -0.031      -0.027      -0.005       0.016       0.021       0.028
    FIN2            -0.044      -0.036      -0.031      -0.010       0.011       0.015       0.023
    FIN3            -0.047      -0.038      -0.034      -0.012       0.010       0.015       0.023

 EDUCATIO WITH
    EDUCATION_       0.373       0.393       0.403       0.452       0.502       0.511       0.530
    UNEMPLOYED      -0.120      -0.111      -0.107      -0.088      -0.068      -0.065      -0.058
    UNEMPLOYED      -0.046      -0.040      -0.038      -0.024      -0.010      -0.007      -0.001
    FIN1             0.047       0.063       0.071       0.116       0.160       0.169       0.187
    FIN2             0.064       0.079       0.087       0.130       0.172       0.180       0.195
    FIN3             0.064       0.081       0.089       0.134       0.179       0.187       0.205

 EDUCATIO WITH
    UNEMPLOYED      -0.086      -0.079      -0.075      -0.057      -0.038      -0.034      -0.027
    UNEMPLOYED      -0.050      -0.045      -0.043      -0.031      -0.018      -0.016      -0.012
    FIN1             0.074       0.091       0.099       0.145       0.190       0.201       0.217
    FIN2             0.108       0.122       0.129       0.173       0.216       0.224       0.240
    FIN3             0.112       0.129       0.139       0.183       0.228       0.237       0.252

 UNEMPLOY WITH
    UNEMPLOYED       0.004       0.006       0.007       0.013       0.020       0.022       0.025
    FIN1            -0.062      -0.054      -0.051      -0.033      -0.015      -0.011      -0.005
    FIN2            -0.055      -0.048      -0.045      -0.029      -0.012      -0.009      -0.003
    FIN3            -0.067      -0.061      -0.057      -0.040      -0.023      -0.020      -0.013

 UNEMPLOY WITH
    FIN1            -0.048      -0.043      -0.040      -0.026      -0.013      -0.010      -0.005
    FIN2            -0.037      -0.033      -0.031      -0.020      -0.009      -0.007      -0.003
    FIN3            -0.039      -0.035      -0.032      -0.020      -0.008      -0.005      -0.001

 FIN1     WITH
    FIN2             0.440       0.456       0.464       0.505       0.546       0.553       0.568
    FIN3             0.420       0.435       0.443       0.485       0.526       0.533       0.551

 FIN2     WITH
    FIN3             0.441       0.456       0.463       0.504       0.544       0.552       0.567

 Means
    GENDER1          0.607       0.617       0.621       0.646       0.671       0.676       0.686
    AGE1            15.598      15.608      15.612      15.638      15.664      15.669      15.679
    EDUCATION_       3.827       3.846       3.855       3.906       3.959       3.969       3.988
    EDUCATION_       3.671       3.691       3.701       3.754       3.806       3.817       3.838
    UNEMPLOYED       0.124       0.132       0.135       0.154       0.173       0.176       0.184
    UNEMPLOYED       0.049       0.054       0.056       0.070       0.083       0.086       0.091
    FIN1             3.684       3.702       3.712       3.756       3.800       3.808       3.827
    FIN2             3.708       3.725       3.733       3.776       3.820       3.829       3.843
    FIN3             3.682       3.699       3.707       3.754       3.800       3.809       3.824

 Intercepts
    X1              -2.531      -2.013      -1.725      -0.282       1.162       1.450       1.953
    X2              -2.531      -2.013      -1.725      -0.282       1.162       1.450       1.953
    X3              -2.531      -2.013      -1.725      -0.282       1.162       1.450       1.953
    Y1              -0.521       0.002       0.339       1.891       3.430       3.741       4.385
    Y2              -0.521       0.002       0.339       1.891       3.430       3.741       4.385
    Y3              -0.521       0.002       0.339       1.891       3.430       3.741       4.385
    M1              -2.033      -1.764      -1.619      -0.877      -0.146      -0.007       0.241
    M2              -2.033      -1.764      -1.619      -0.877      -0.146      -0.007       0.241
    M3              -2.033      -1.764      -1.619      -0.877      -0.146      -0.007       0.241

 Variances
    GENDER1          0.216       0.219       0.221       0.229       0.236       0.237       0.239
    AGE1             0.220       0.223       0.225       0.233       0.240       0.241       0.244
    EDUCATION_       0.886       0.900       0.907       0.946       0.987       0.996       1.013
    EDUCATION_       0.914       0.929       0.938       0.983       1.030       1.039       1.058
    UNEMPLOYED       0.109       0.114       0.117       0.130       0.143       0.145       0.150
    UNEMPLOYED       0.047       0.051       0.053       0.065       0.077       0.079       0.083
    FIN1             0.658       0.672       0.681       0.728       0.772       0.780       0.799
    FIN2             0.618       0.632       0.640       0.684       0.728       0.737       0.753
    FIN3             0.669       0.687       0.697       0.750       0.803       0.813       0.834
    RIX              0.438       0.457       0.467       0.526       0.571       0.581       0.600
    RIY              0.309       0.350       0.371       0.485       0.574       0.592       0.627
    RIM              0.077       0.085       0.089       0.109       0.126       0.130       0.137
    WX1              0.234       0.248       0.255       0.295       0.341       0.349       0.371
    WY1              0.498       0.536       0.557       0.678       0.811       0.841       0.897
    WM1              0.090       0.096       0.099       0.117       0.136       0.139       0.148

 Residual Variances
    X1               0.000       0.000       0.000       0.000       0.000       0.000       0.000
    X2               0.000       0.000       0.000       0.000       0.000       0.000       0.000
    X3               0.000       0.000       0.000       0.000       0.000       0.000       0.000
    Y1               0.000       0.000       0.000       0.000       0.000       0.000       0.000
    Y2               0.000       0.000       0.000       0.000       0.000       0.000       0.000
    Y3               0.000       0.000       0.000       0.000       0.000       0.000       0.000
    M1               0.000       0.000       0.000       0.000       0.000       0.000       0.000
    M2               0.000       0.000       0.000       0.000       0.000       0.000       0.000
    M3               0.000       0.000       0.000       0.000       0.000       0.000       0.000
    WX2              0.219       0.231       0.237       0.273       0.307       0.314       0.328
    WX3              0.219       0.231       0.237       0.273       0.307       0.314       0.328
    WY2              0.494       0.533       0.551       0.655       0.752       0.774       0.814
    WY3              0.494       0.533       0.551       0.655       0.752       0.774       0.814
    WM2              0.161       0.166       0.169       0.185       0.197       0.200       0.206
    WM3              0.161       0.166       0.169       0.185       0.197       0.200       0.206

New/Additional Parameters
    IND             -0.023      -0.015      -0.012      -0.002       0.004       0.005       0.009


CONFIDENCE INTERVALS OF STANDARDIZED MODEL RESULTS


STDYX Standardization

                  Lower .5%  Lower 2.5%    Lower 5%    Estimate    Upper 5%  Upper 2.5%   Upper .5%

 RIX      BY
    X1               0.735       0.751       0.757       0.792       0.815       0.820       0.828
    X2               0.740       0.755       0.762       0.800       0.823       0.828       0.836
    X3               0.742       0.757       0.764       0.802       0.825       0.830       0.838

 RIY      BY
    Y1               0.483       0.514       0.531       0.606       0.658       0.668       0.688
    Y2               0.480       0.514       0.531       0.607       0.661       0.670       0.692
    Y3               0.463       0.497       0.512       0.588       0.640       0.650       0.671

 RIM      BY
    M1               0.572       0.601       0.616       0.677       0.722       0.731       0.745
    M2               0.505       0.530       0.542       0.594       0.632       0.638       0.652
    M3               0.491       0.517       0.529       0.583       0.623       0.631       0.645

 WX1      BY
    X1               0.538       0.550       0.557       0.593       0.632       0.640       0.655

 WX2      BY
    X2               0.522       0.535       0.542       0.581       0.624       0.632       0.649

 WX3      BY
    X3               0.523       0.536       0.544       0.583       0.626       0.634       0.654

 WY1      BY
    Y1               0.636       0.655       0.664       0.717       0.771       0.782       0.803

 WY2      BY
    Y2               0.637       0.658       0.667       0.722       0.779       0.791       0.815

 WY3      BY
    Y3               0.615       0.636       0.646       0.701       0.758       0.770       0.791

 WM1      BY
    M1               0.621       0.640       0.650       0.699       0.748       0.759       0.779

 WM2      BY
    M2               0.733       0.746       0.752       0.786       0.819       0.827       0.842

 WM3      BY
    M3               0.724       0.738       0.744       0.780       0.814       0.821       0.836

 WY2      ON
    WY1              0.020       0.064       0.089       0.208       0.319       0.339       0.381
    WX1             -0.198      -0.160      -0.142      -0.053       0.035       0.052       0.081
    WM1             -0.072      -0.050      -0.039       0.023       0.084       0.097       0.121

 WY3      ON
    WY2              0.019       0.063       0.087       0.209       0.325       0.348       0.391
    WX2             -0.184      -0.150      -0.135      -0.051       0.035       0.052       0.082
    WM2             -0.093      -0.063      -0.049       0.030       0.107       0.124       0.155

 WX2      ON
    WX1             -0.068      -0.030      -0.009       0.098       0.213       0.234       0.271
    WY1             -0.221      -0.188      -0.173      -0.090      -0.004       0.014       0.050
    WM1             -0.065      -0.042      -0.029       0.039       0.106       0.118       0.143

 WX3      ON
    WX2             -0.063      -0.028      -0.009       0.095       0.215       0.237       0.276
    WY2             -0.225      -0.191      -0.175      -0.091      -0.004       0.014       0.049
    WM2             -0.083      -0.054      -0.037       0.050       0.135       0.151       0.180

 WM2      ON
    WM1              0.046       0.076       0.092       0.167       0.243       0.259       0.291
    WX1             -0.153      -0.126      -0.113      -0.043       0.026       0.039       0.064
    WY1             -0.049      -0.020      -0.007       0.066       0.135       0.149       0.173

 WM3      ON
    WM2              0.062       0.100       0.119       0.212       0.300       0.317       0.353
    WX2             -0.141      -0.118      -0.105      -0.041       0.025       0.038       0.065
    WY2             -0.050      -0.020      -0.007       0.066       0.134       0.148       0.172

 X1       ON
    GENDER1         -0.191      -0.170      -0.159      -0.104      -0.050      -0.039      -0.022
    AGE1            -0.075      -0.057      -0.049       0.000       0.047       0.057       0.075
    EDUCATION_      -0.118      -0.096      -0.084      -0.023       0.037       0.048       0.067
    EDUCATION_      -0.070      -0.045      -0.034       0.026       0.085       0.096       0.120
    UNEMPLOYED      -0.087      -0.066      -0.056      -0.006       0.045       0.054       0.073
    UNEMPLOYED      -0.067      -0.045      -0.034       0.019       0.074       0.084       0.103
    FIN1             0.026       0.042       0.051       0.098       0.145       0.153       0.170

 X2       ON
    GENDER1         -0.151      -0.130      -0.119      -0.063      -0.006       0.003       0.025
    AGE1            -0.079      -0.063      -0.053      -0.005       0.043       0.052       0.070
    EDUCATION_      -0.128      -0.107      -0.097      -0.035       0.026       0.038       0.060
    EDUCATION_      -0.073      -0.048      -0.037       0.025       0.087       0.099       0.125
    UNEMPLOYED      -0.085      -0.064      -0.054      -0.003       0.049       0.058       0.077
    UNEMPLOYED      -0.042      -0.021      -0.010       0.050       0.108       0.119       0.140
    FIN2             0.056       0.074       0.081       0.129       0.175       0.183       0.202

 X3       ON
    GENDER1         -0.169      -0.147      -0.136      -0.080      -0.024      -0.013       0.009
    AGE1            -0.076      -0.057      -0.048       0.001       0.049       0.058       0.077
    EDUCATION_      -0.125      -0.102      -0.091      -0.030       0.030       0.041       0.065
    EDUCATION_      -0.076      -0.054      -0.042       0.018       0.078       0.089       0.115
    UNEMPLOYED      -0.068      -0.047      -0.037       0.018       0.072       0.082       0.103
    UNEMPLOYED      -0.052      -0.028      -0.016       0.042       0.100       0.111       0.131
    FIN3             0.022       0.039       0.049       0.097       0.145       0.154       0.170

 Y1       ON
    GENDER1         -0.191      -0.173      -0.164      -0.115      -0.066      -0.056      -0.038
    AGE1            -0.012       0.004       0.011       0.052       0.093       0.101       0.117
    EDUCATION_      -0.125      -0.101      -0.089      -0.025       0.039       0.051       0.073
    EDUCATION_      -0.090      -0.067      -0.055       0.010       0.077       0.090       0.114
    UNEMPLOYED      -0.142      -0.116      -0.105      -0.046       0.013       0.024       0.043
    UNEMPLOYED      -0.059      -0.038      -0.026       0.032       0.086       0.096       0.117
    FIN1             0.237       0.258       0.268       0.320       0.372       0.380       0.399

 Y2       ON
    GENDER1         -0.131      -0.113      -0.104      -0.054      -0.004       0.006       0.023
    AGE1            -0.021      -0.004       0.004       0.045       0.086       0.095       0.111
    EDUCATION_      -0.064      -0.039      -0.027       0.033       0.092       0.103       0.124
    EDUCATION_      -0.072      -0.048      -0.036       0.028       0.093       0.105       0.130
    UNEMPLOYED      -0.126      -0.106      -0.096      -0.039       0.019       0.029       0.048
    UNEMPLOYED      -0.087      -0.065      -0.053       0.000       0.050       0.059       0.076
    FIN2             0.220       0.242       0.252       0.302       0.350       0.359       0.380

 Y3       ON
    GENDER1         -0.071      -0.054      -0.045       0.006       0.056       0.065       0.085
    AGE1            -0.034      -0.018      -0.010       0.029       0.069       0.077       0.092
    EDUCATION_      -0.063      -0.040      -0.029       0.028       0.085       0.094       0.113
    EDUCATION_      -0.052      -0.029      -0.019       0.036       0.093       0.103       0.121
    UNEMPLOYED      -0.091      -0.073      -0.062      -0.011       0.041       0.051       0.070
    UNEMPLOYED      -0.075      -0.051      -0.040       0.012       0.062       0.071       0.089
    FIN3             0.310       0.327       0.337       0.388       0.438       0.447       0.467

 M1       ON
    GENDER1          0.068       0.087       0.097       0.151       0.204       0.214       0.233
    AGE1            -0.041      -0.024      -0.016       0.029       0.075       0.084       0.102
    EDUCATION_      -0.153      -0.128      -0.117      -0.055       0.008       0.021       0.041
    EDUCATION_      -0.061      -0.037      -0.025       0.036       0.096       0.107       0.132
    UNEMPLOYED      -0.122      -0.102      -0.091      -0.036       0.019       0.030       0.052
    UNEMPLOYED      -0.054      -0.033      -0.023       0.032       0.083       0.094       0.114
    FIN1             0.072       0.091       0.101       0.151       0.201       0.211       0.230

 M2       ON
    GENDER1         -0.019       0.003       0.013       0.065       0.116       0.126       0.145
    AGE1            -0.035      -0.021      -0.014       0.026       0.066       0.074       0.090
    EDUCATION_      -0.097      -0.074      -0.064      -0.006       0.053       0.064       0.087
    EDUCATION_      -0.113      -0.092      -0.080      -0.021       0.037       0.049       0.068
    UNEMPLOYED      -0.115      -0.095      -0.084      -0.030       0.026       0.035       0.056
    UNEMPLOYED      -0.080      -0.060      -0.050       0.003       0.055       0.064       0.084
    FIN2             0.086       0.101       0.111       0.158       0.205       0.214       0.231

 M3       ON
    GENDER1          0.064       0.084       0.096       0.152       0.206       0.218       0.238
    AGE1            -0.042      -0.030      -0.022       0.017       0.057       0.065       0.079
    EDUCATION_      -0.097      -0.071      -0.060       0.006       0.071       0.083       0.108
    EDUCATION_      -0.069      -0.049      -0.036       0.028       0.093       0.106       0.131
    UNEMPLOYED      -0.142      -0.122      -0.112      -0.055       0.002       0.012       0.032
    UNEMPLOYED      -0.036      -0.013      -0.002       0.056       0.112       0.123       0.144
    FIN3             0.057       0.078       0.088       0.140       0.192       0.201       0.221

 RIX      WITH
    RIY              0.319       0.355       0.372       0.473       0.603       0.636       0.709
    RIM              0.313       0.349       0.365       0.448       0.543       0.563       0.605

 RIY      WITH
    RIM              0.404       0.446       0.468       0.570       0.697       0.724       0.800

 WX1      WITH
    WY1             -0.120      -0.084      -0.065       0.037       0.132       0.150       0.183
    WM1             -0.059      -0.017       0.001       0.097       0.190       0.206       0.239

 WY1      WITH
    WM1             -0.074      -0.030      -0.009       0.100       0.206       0.226       0.264

 WX2      WITH
    WY2             -0.098      -0.062      -0.049       0.034       0.117       0.134       0.167
    WM2              0.011       0.040       0.054       0.129       0.202       0.216       0.238

 WY2      WITH
    WM2              0.084       0.112       0.125       0.198       0.265       0.277       0.300

 WX3      WITH
    WY3             -0.098      -0.062      -0.049       0.034       0.117       0.134       0.167
    WM3              0.011       0.040       0.054       0.129       0.202       0.216       0.238

 WY3      WITH
    WM3              0.084       0.112       0.125       0.198       0.265       0.277       0.300

 GENDER1  WITH
    AGE1            -0.085      -0.064      -0.055      -0.002       0.050       0.061       0.081
    EDUCATION_      -0.158      -0.140      -0.130      -0.077      -0.024      -0.013       0.008
    EDUCATION_      -0.125      -0.106      -0.096      -0.045       0.007       0.017       0.038
    UNEMPLOYED      -0.100      -0.080      -0.070      -0.016       0.037       0.047       0.066
    UNEMPLOYED      -0.102      -0.079      -0.068      -0.014       0.040       0.050       0.071
    FIN1            -0.047      -0.029      -0.019       0.035       0.086       0.097       0.116
    FIN2            -0.090      -0.069      -0.059      -0.004       0.049       0.060       0.077
    FIN3            -0.073      -0.052      -0.042       0.013       0.068       0.077       0.095

 AGE1     WITH
    EDUCATION_      -0.159      -0.142      -0.131      -0.078      -0.025      -0.016       0.004
    EDUCATION_      -0.119      -0.101      -0.091      -0.038       0.015       0.025       0.047
    UNEMPLOYED      -0.013       0.008       0.017       0.069       0.119       0.127       0.144
    UNEMPLOYED      -0.074      -0.051      -0.040       0.013       0.065       0.074       0.093
    FIN1            -0.096      -0.075      -0.066      -0.013       0.040       0.050       0.070
    FIN2            -0.108      -0.089      -0.078      -0.025       0.027       0.038       0.058
    FIN3            -0.110      -0.091      -0.082      -0.029       0.024       0.035       0.055

 EDUCATIO WITH
    EDUCATION_       0.395       0.413       0.422       0.469       0.515       0.523       0.539
    UNEMPLOYED      -0.326      -0.308      -0.298      -0.250      -0.200      -0.190      -0.172
    UNEMPLOYED      -0.180      -0.158      -0.149      -0.095      -0.039      -0.029      -0.006
    FIN1             0.058       0.076       0.087       0.140       0.193       0.202       0.222
    FIN2             0.080       0.099       0.109       0.161       0.213       0.222       0.240
    FIN3             0.077       0.096       0.106       0.159       0.211       0.221       0.241

 EDUCATIO WITH
    UNEMPLOYED      -0.236      -0.217      -0.207      -0.158      -0.107      -0.098      -0.077
    UNEMPLOYED      -0.187      -0.172      -0.164      -0.121      -0.075      -0.066      -0.050
    FIN1             0.087       0.108       0.118       0.171       0.225       0.236       0.256
    FIN2             0.132       0.150       0.159       0.210       0.261       0.270       0.290
    FIN3             0.132       0.152       0.163       0.213       0.264       0.274       0.292

 UNEMPLOY WITH
    UNEMPLOYED       0.040       0.065       0.078       0.146       0.215       0.230       0.257
    FIN1            -0.196      -0.175      -0.164      -0.106      -0.049      -0.038      -0.017
    FIN2            -0.181      -0.160      -0.150      -0.096      -0.041      -0.030      -0.011
    FIN3            -0.213      -0.191      -0.181      -0.128      -0.075      -0.064      -0.043

 UNEMPLOY WITH
    FIN1            -0.214      -0.192      -0.181      -0.122      -0.061      -0.049      -0.025
    FIN2            -0.169      -0.152      -0.142      -0.093      -0.044      -0.034      -0.016
    FIN3            -0.173      -0.154      -0.144      -0.090      -0.036      -0.026      -0.005

 FIN1     WITH
    FIN2             0.664       0.677       0.684       0.716       0.745       0.751       0.761
    FIN3             0.593       0.608       0.616       0.656       0.693       0.700       0.713

 FIN2     WITH
    FIN3             0.644       0.659       0.668       0.704       0.737       0.742       0.754

 Means
    GENDER1          1.244       1.268       1.280       1.351       1.428       1.444       1.477
    AGE1            31.618      31.785      31.878      32.399      33.019      33.146      33.447
    EDUCATION_       3.850       3.891       3.913       4.016       4.124       4.147       4.185
    EDUCATION_       3.631       3.671       3.690       3.786       3.887       3.905       3.944
    UNEMPLOYED       0.377       0.389       0.395       0.427       0.457       0.463       0.475
    UNEMPLOYED       0.227       0.238       0.244       0.273       0.301       0.307       0.317
    FIN1             4.181       4.237       4.264       4.403       4.562       4.596       4.652
    FIN2             4.332       4.385       4.414       4.567       4.731       4.766       4.822
    FIN3             4.086       4.144       4.175       4.336       4.510       4.549       4.623

 Intercepts
    X1              -2.745      -2.191      -1.879      -0.308       1.278       1.582       2.129
    X2              -2.771      -2.214      -1.900      -0.311       1.290       1.602       2.140
    X3              -2.777      -2.228      -1.899      -0.312       1.289       1.601       2.148
    Y1              -0.449       0.001       0.295       1.647       2.988       3.256       3.849
    Y2              -0.461       0.002       0.296       1.648       3.001       3.249       3.848
    Y3              -0.438       0.001       0.282       1.596       2.901       3.152       3.722
    M1              -4.181      -3.599      -3.319      -1.797      -0.302      -0.015       0.492
    M2              -3.672      -3.167      -2.914      -1.575      -0.264      -0.013       0.430
    M3              -3.615      -3.115      -2.858      -1.547      -0.257      -0.013       0.422

 Variances
    GENDER1          1.000       1.000       1.000       1.000       1.000       1.000       1.000
    AGE1             1.000       1.000       1.000       1.000       1.000       1.000       1.000
    EDUCATION_       1.000       1.000       1.000       1.000       1.000       1.000       1.000
    EDUCATION_       1.000       1.000       1.000       1.000       1.000       1.000       1.000
    UNEMPLOYED       1.000       1.000       1.000       1.000       1.000       1.000       1.000
    UNEMPLOYED       1.000       1.000       1.000       1.000       1.000       1.000       1.000
    FIN1             1.000       1.000       1.000       1.000       1.000       1.000       1.000
    FIN2             1.000       1.000       1.000       1.000       1.000       1.000       1.000
    FIN3             1.000       1.000       1.000       1.000       1.000       1.000       1.000
    RIX              1.000       1.000       1.000       1.000       1.000       1.000       1.000
    RIY              1.000       1.000       1.000       1.000       1.000       1.000       1.000
    RIM              1.000       1.000       1.000       1.000       1.000       1.000       1.000
    WX1              1.000       1.000       1.000       1.000       1.000       1.000       1.000
    WY1              1.000       1.000       1.000       1.000       1.000       1.000       1.000
    WM1              1.000       1.000       1.000       1.000       1.000       1.000       1.000

 Residual Variances
    X1               0.000       0.000       0.000       0.000       0.000       0.000       0.000
    X2               0.000       0.000       0.000       0.000       0.000       0.000       0.000
    X3               0.000       0.000       0.000       0.000       0.000       0.000       0.000
    Y1               0.000       0.000       0.000       0.000       0.000       0.000       0.000
    Y2               0.000       0.000       0.000       0.000       0.000       0.000       0.000
    Y3               0.000       0.000       0.000       0.000       0.000       0.000       0.000
    M1               0.000       0.000       0.000       0.000       0.000       0.000       0.000
    M2               0.000       0.000       0.000       0.000       0.000       0.000       0.000
    M3               0.000       0.000       0.000       0.000       0.000       0.000       0.000
    WX2              0.901       0.926       0.936       0.981       0.995       0.996       0.999
    WX3              0.897       0.921       0.931       0.981       0.994       0.996       0.998
    WY2              0.845       0.875       0.889       0.954       0.985       0.990       0.996
    WY3              0.832       0.867       0.882       0.951       0.984       0.989       0.995
    WM2              0.894       0.916       0.925       0.965       0.985       0.988       0.993
    WM3              0.854       0.878       0.891       0.945       0.977       0.982       0.990


     Beginning Time:  20:44:42
        Ending Time:  20:54:30
       Elapsed Time:  00:09:48



MUTHEN & MUTHEN
3463 Stoner Ave.
Los Angeles, CA  90066

Tel: (310) 391-9971
Fax: (310) 391-8971
Web: www.StatModel.com
Support: Support@StatModel.com

Copyright (c) 1998-2023 Muthen & Muthen
