Mplus VERSION 8.9
MUTHEN & MUTHEN
01/22/2025   8:54 PM

INPUT INSTRUCTIONS

  DATA:
    FILE IS "mplus.dat";
  VARIABLE:
    MISSING ARE ALL (-99);
    NAMES ARE id Gender1 Age1 Education_mother1 Education_father1
    unemployed_mother1 unemployed_father1 Fin1 Fin2 Fin3 Personal1
    Personal2 Personal3 Public1 Public2 Public3 Collective1
    Collective2 Collective3 Relational1 Relational2
    Relational3 Autonomy1 Autonomy2 Autonomy3 Relatedness1 Relatedness2
    Relatedness3 Competence1 Competence2 Competence3
    PA1 PA2 PA3 NA1 NA2 NA3 SWLS1 SWLS2 SWLS3;

  usevar =
  Gender1 Age1 Education_mother1 Education_father1
  unemployed_mother1 unemployed_father1 Fin1 Fin2 Fin3
  x1-x3 y1-y3 m1-m3 ;

  define:
  x1 = Collective1;
  x2 = Collective2;
  x3 = Collective3;

  m1 = Competence1;
  m2 = Competence2;
  m3 = Competence3;

  y1 = SWLS1;
  y2 = SWLS2;
  y3 = SWLS3;



  analysis:

  MODEL = NOCOV;
  bootstrap = 10000;


  MODEL:
  RIx BY x1@1 x2@1 x3@1;
  RIy BY y1@1 y2@1 y3@1;
  RIm BY m1@1 m2@1 m3@1;



  wx1 BY x1@1;
  wx2 BY x2@1;
  wx3 BY x3@1;



  wy1 BY y1@1;
  wy2 BY y2@1;
  wy3 BY y3@1;



  wm1 By m1@1;
  wm2 By m2@1;
  wm3 By m3@1;


  x1-m3@0;


  wy2 ON wy1 (a );
  wy3 ON wy2 (a );


  wx2 ON wx1 (b );
  wx3 ON wx2 (b );


  wm2 ON wm1  (c);
  wm3 ON wm2  (c);


  wy2 ON  wx1 wm1  (d e);
  wy3 ON  wx2 wm2  (d e);


  wx2 ON wy1 wm1  (f j);
  wx3 ON wy2 wm2  (f j);


  wm2 ON wx1 wy1   (h i);
  wm3 ON wx2 wy2   (h i);


  RIx RIy RIm  with RIx RIy RIm ;

  wx1 wy1 wm1 with wx1 wy1 wm1;
  wx2 wy2 wm2 with wx2 wy2 wm2 (cov1 cov2 cov3);
  wx3 wy3 wm3 with wx3 wy3 wm3 (cov1 cov2 cov3);

  wx2 (vx); wy2 (vy); wm2 (vm);
  wx3 (vx); wy3 (vy); wm3 (vm);

  x1-m3 on Gender1 Age1 Education_mother1 Education_father1
  unemployed_mother1 unemployed_father1 ;

  x1 y1 m1 on Fin1;
  x2 y2 m2 on Fin2;
  x3 y3 m3 on Fin3;

  Gender1 -Fin3 with Gender1 -Fin3;

  [x1-x3] (mx);
  [m1-m3] (mm);
  [y1-y3] (my);

  model constraint:
  new (ind);
  ind = h*e;

  output: cinterval (boot) stdyx;



*** WARNING in VARIABLE command
  Note that only the first 8 characters of variable names are used in the output.
  Shorten variable names to avoid any confusion.
   1 WARNING(S) FOUND IN THE INPUT INSTRUCTIONS




SUMMARY OF ANALYSIS

Number of groups                                                 1
Number of observations                                         971

Number of dependent variables                                    9
Number of independent variables                                  9
Number of continuous latent variables                           12

Observed dependent variables

  Continuous
   X1          X2          X3          Y1          Y2          Y3
   M1          M2          M3

Observed independent variables
   GENDER1     AGE1        EDUCATIO    EDUCATIO    UNEMPLOY    UNEMPLOY
   FIN1        FIN2        FIN3

Continuous latent variables
   RIX         RIY         RIM         WX1         WX2         WX3
   WY1         WY2         WY3         WM1         WM2         WM3


Estimator                                                       ML
Information matrix                                        OBSERVED
Maximum number of iterations                                  1000
Convergence criterion                                    0.500D-04
Maximum number of steepest descent iterations                   20
Maximum number of iterations for H1                           2000
Convergence criterion for H1                             0.100D-03
Number of bootstrap draws
    Requested                                                10000
    Completed                                                10000

Input data file(s)
  mplus.dat

Input data format  FREE


SUMMARY OF DATA

     Number of missing data patterns            19


COVARIANCE COVERAGE OF DATA

Minimum covariance coverage value   0.100


     PROPORTION OF DATA PRESENT


           Covariance Coverage
              X1            X2            X3            Y1            Y2
              ________      ________      ________      ________      ________
 X1             1.000
 X2             1.000         1.000
 X3             1.000         1.000         1.000
 Y1             1.000         1.000         1.000         1.000
 Y2             1.000         1.000         1.000         1.000         1.000
 Y3             1.000         1.000         1.000         1.000         1.000
 M1             1.000         1.000         1.000         1.000         1.000
 M2             1.000         1.000         1.000         1.000         1.000
 M3             1.000         1.000         1.000         1.000         1.000
 GENDER1        0.998         0.998         0.998         0.998         0.998
 AGE1           0.999         0.999         0.999         0.999         0.999
 EDUCATIO       0.994         0.994         0.994         0.994         0.994
 EDUCATIO       0.991         0.991         0.991         0.991         0.991
 UNEMPLOY       0.992         0.992         0.992         0.992         0.992
 UNEMPLOY       0.974         0.974         0.974         0.974         0.974
 FIN1           0.994         0.994         0.994         0.994         0.994
 FIN2           0.991         0.991         0.991         0.991         0.991
 FIN3           0.991         0.991         0.991         0.991         0.991


           Covariance Coverage
              Y3            M1            M2            M3            GENDER1
              ________      ________      ________      ________      ________
 Y3             1.000
 M1             1.000         1.000
 M2             1.000         1.000         1.000
 M3             1.000         1.000         1.000         1.000
 GENDER1        0.998         0.998         0.998         0.998         0.998
 AGE1           0.999         0.999         0.999         0.999         0.997
 EDUCATIO       0.994         0.994         0.994         0.994         0.992
 EDUCATIO       0.991         0.991         0.991         0.991         0.989
 UNEMPLOY       0.992         0.992         0.992         0.992         0.990
 UNEMPLOY       0.974         0.974         0.974         0.974         0.972
 FIN1           0.994         0.994         0.994         0.994         0.992
 FIN2           0.991         0.991         0.991         0.991         0.990
 FIN3           0.991         0.991         0.991         0.991         0.989


           Covariance Coverage
              AGE1          EDUCATIO      EDUCATIO      UNEMPLOY      UNEMPLOY
              ________      ________      ________      ________      ________
 AGE1           0.999
 EDUCATIO       0.993         0.994
 EDUCATIO       0.990         0.987         0.991
 UNEMPLOY       0.991         0.989         0.984         0.992
 UNEMPLOY       0.973         0.969         0.970         0.968         0.974
 FIN1           0.993         0.989         0.986         0.988         0.969
 FIN2           0.990         0.985         0.981         0.982         0.965
 FIN3           0.990         0.985         0.981         0.982         0.965


           Covariance Coverage
              FIN1          FIN2          FIN3
              ________      ________      ________
 FIN1           0.994
 FIN2           0.986         0.991
 FIN3           0.986         0.984         0.991



UNIVARIATE SAMPLE STATISTICS


     UNIVARIATE HIGHER-ORDER MOMENT DESCRIPTIVE STATISTICS

         Variable/         Mean/     Skewness/   Minimum/ % with                Percentiles
        Sample Size      Variance    Kurtosis    Maximum  Min/Max      20%/60%    40%/80%    Median

     X1                   -0.016      -0.143      -2.873    0.10%      -0.797     -0.233     -0.038
             971.000       0.819      -0.348       2.189    0.10%       0.260      0.790
     X2                   -0.011      -0.022      -3.048    0.10%      -0.793     -0.286     -0.009
             971.000       0.851      -0.289       2.197    0.10%       0.236      0.781
     X3                   -0.011      -0.129      -3.182    0.10%      -0.752     -0.288     -0.038
             971.000       0.856      -0.090       2.266    0.10%       0.220      0.793
     Y1                    5.197      -0.908       1.000    0.51%       4.333      5.000      5.333
             971.000       1.455       0.746       7.000    4.43%       5.667      6.333
     Y2                    5.307      -0.912       1.000    0.41%       4.333      5.333      5.667
             971.000       1.416       0.731       7.000    5.97%       5.667      6.333
     Y3                    5.309      -0.984       1.000    0.82%       4.333      5.333      5.667
             971.000       1.518       0.898       7.000    7.11%       5.667      6.333
     M1                   -0.013      -0.207      -2.157    0.10%      -0.547     -0.152     -0.037
             971.000       0.426      -0.176       1.305    1.24%       0.156      0.562
     M2                   -0.012      -0.221      -2.427    0.10%      -0.568     -0.153     -0.024
             971.000       0.500       0.061       1.414    2.47%       0.149      0.590
     M3                   -0.011      -0.082      -2.110    0.10%      -0.624     -0.206     -0.045
             971.000       0.507      -0.375       1.425    2.16%       0.159      0.607
     GENDER1               0.646      -0.611       0.000   35.40%       0.000      1.000      1.000
             969.000       0.229      -1.627       1.000   64.60%       1.000      1.000
     AGE1                 15.638      -0.547      15.000   36.29%      15.000     16.000     16.000
             970.000       0.233      -1.625      17.000    0.10%      16.000     16.000
     EDUCATION_MOTHE       3.907      -0.084       1.000    0.31%       3.000      3.000      4.000
             965.000       0.945      -1.378       5.000   39.17%       4.000      5.000
     EDUCATION_FATHE       3.754       0.093       1.000    0.62%       3.000      3.000      3.000
             962.000       0.984      -1.211       5.000   33.78%       4.000      5.000
     UNEMPLOYED_MOTH       0.154       1.921       0.000   84.63%       0.000      0.000      0.000
             963.000       0.130       1.688       1.000   15.37%       0.000      0.000
     UNEMPLOYED_FATH       0.070       3.378       0.000   93.02%       0.000      0.000      0.000
             946.000       0.065       9.408       1.000    6.98%       0.000      0.000
     FIN1                  3.754      -0.071       1.000    0.31%       3.000      3.000      4.000
             965.000       0.726      -0.634       5.000   21.55%       4.000      5.000
     FIN2                  3.777      -0.071       1.000    0.42%       3.000      4.000      4.000
             962.000       0.685      -0.517       5.000   21.21%       4.000      5.000
     FIN3                  3.756      -0.179       1.000    0.94%       3.000      3.000      4.000
             962.000       0.750      -0.296       5.000   21.93%       4.000      5.000


THE MODEL ESTIMATION TERMINATED NORMALLY



MODEL FIT INFORMATION

Number of Free Parameters                      147

Loglikelihood

          H0 Value                      -16437.538
          H1 Value                      -16339.221

Information Criteria

          Akaike (AIC)                   33169.076
          Bayesian (BIC)                 33886.190
          Sample-Size Adjusted BIC       33419.318
            (n* = (n + 2) / 24)

Chi-Square Test of Model Fit

          Value                            196.633
          Degrees of Freedom                    42
          P-Value                           0.0000

RMSEA (Root Mean Square Error Of Approximation)

          Estimate                           0.062
          90 Percent C.I.                    0.053  0.070
          Probability RMSEA <= .05           0.013

CFI/TLI

          CFI                                0.968
          TLI                                0.909

Chi-Square Test of Model Fit for the Baseline Model

          Value                           4875.671
          Degrees of Freedom                   117
          P-Value                           0.0000

SRMR (Standardized Root Mean Square Residual)

          Value                              0.055



MODEL RESULTS

                                                    Two-Tailed
                    Estimate       S.E.  Est./S.E.    P-Value

 RIX      BY
    X1                 1.000      0.000    999.000    999.000
    X2                 1.000      0.000    999.000    999.000
    X3                 1.000      0.000    999.000    999.000

 RIY      BY
    Y1                 1.000      0.000    999.000    999.000
    Y2                 1.000      0.000    999.000    999.000
    Y3                 1.000      0.000    999.000    999.000

 RIM      BY
    M1                 1.000      0.000    999.000    999.000
    M2                 1.000      0.000    999.000    999.000
    M3                 1.000      0.000    999.000    999.000

 WX1      BY
    X1                 1.000      0.000    999.000    999.000

 WX2      BY
    X2                 1.000      0.000    999.000    999.000

 WX3      BY
    X3                 1.000      0.000    999.000    999.000

 WY1      BY
    Y1                 1.000      0.000    999.000    999.000

 WY2      BY
    Y2                 1.000      0.000    999.000    999.000

 WY3      BY
    Y3                 1.000      0.000    999.000    999.000

 WM1      BY
    M1                 1.000      0.000    999.000    999.000

 WM2      BY
    M2                 1.000      0.000    999.000    999.000

 WM3      BY
    M3                 1.000      0.000    999.000    999.000

 WY2      ON
    WY1                0.187      0.074      2.547      0.011
    WX1               -0.083      0.079     -1.042      0.297
    WM1                0.060      0.094      0.642      0.521

 WY3      ON
    WY2                0.187      0.074      2.547      0.011
    WX2               -0.083      0.079     -1.042      0.297
    WM2                0.060      0.094      0.642      0.521

 WX2      ON
    WX1                0.095      0.067      1.411      0.158
    WY1               -0.061      0.033     -1.858      0.063
    WM1                0.051      0.056      0.902      0.367

 WX3      ON
    WX2                0.095      0.067      1.411      0.158
    WY2               -0.061      0.033     -1.858      0.063
    WM2                0.051      0.056      0.902      0.367

 WM2      ON
    WM1                0.308      0.061      5.043      0.000
    WX1               -0.013      0.036     -0.359      0.720
    WY1                0.034      0.021      1.608      0.108

 WM3      ON
    WM2                0.308      0.061      5.043      0.000
    WX2               -0.013      0.036     -0.359      0.720
    WY2                0.034      0.021      1.608      0.108

 X1       ON
    GENDER1           -0.197      0.063     -3.108      0.002
    AGE1              -0.001      0.055     -0.025      0.980
    EDUCATION_        -0.022      0.034     -0.642      0.521
    EDUCATION_         0.024      0.033      0.730      0.466
    UNEMPLOYED        -0.014      0.078     -0.185      0.853
    UNEMPLOYED         0.067      0.119      0.558      0.577
    FIN1               0.104      0.031      3.399      0.001

 X2       ON
    GENDER1           -0.118      0.065     -1.811      0.070
    AGE1              -0.011      0.054     -0.203      0.839
    EDUCATION_        -0.033      0.035     -0.960      0.337
    EDUCATION_         0.023      0.034      0.654      0.513
    UNEMPLOYED        -0.007      0.079     -0.093      0.926
    UNEMPLOYED         0.178      0.127      1.401      0.161
    FIN2               0.142      0.031      4.580      0.000

 X3       ON
    GENDER1           -0.149      0.065     -2.307      0.021
    AGE1               0.000      0.055     -0.003      0.998
    EDUCATION_        -0.028      0.034     -0.822      0.411
    EDUCATION_         0.016      0.033      0.480      0.631
    UNEMPLOYED         0.045      0.083      0.540      0.589
    UNEMPLOYED         0.148      0.126      1.170      0.242
    FIN3               0.103      0.031      3.355      0.001

 Y1       ON
    GENDER1           -0.271      0.073     -3.728      0.000
    AGE1               0.128      0.059      2.170      0.030
    EDUCATION_        -0.029      0.046     -0.628      0.530
    EDUCATION_         0.012      0.047      0.256      0.798
    UNEMPLOYED        -0.148      0.115     -1.287      0.198
    UNEMPLOYED         0.137      0.155      0.887      0.375
    FIN1               0.429      0.042     10.277      0.000

 Y2       ON
    GENDER1           -0.129      0.073     -1.765      0.078
    AGE1               0.109      0.059      1.835      0.066
    EDUCATION_         0.039      0.043      0.911      0.362
    EDUCATION_         0.032      0.045      0.701      0.483
    UNEMPLOYED        -0.125      0.110     -1.132      0.258
    UNEMPLOYED        -0.001      0.143     -0.008      0.994
    FIN2               0.421      0.041     10.187      0.000

 Y3       ON
    GENDER1            0.017      0.076      0.226      0.821
    AGE1               0.074      0.059      1.254      0.210
    EDUCATION_         0.034      0.042      0.797      0.426
    EDUCATION_         0.043      0.041      1.053      0.292
    UNEMPLOYED        -0.035      0.103     -0.334      0.738
    UNEMPLOYED         0.050      0.146      0.339      0.735
    FIN3               0.533      0.044     12.083      0.000

 M1       ON
    GENDER1           -0.155      0.042     -3.657      0.000
    AGE1               0.075      0.039      1.930      0.054
    EDUCATION_        -0.023      0.025     -0.903      0.367
    EDUCATION_         0.023      0.024      0.964      0.335
    UNEMPLOYED         0.017      0.061      0.275      0.783
    UNEMPLOYED         0.185      0.089      2.081      0.037
    FIN1               0.106      0.022      4.919      0.000

 M2       ON
    GENDER1           -0.154      0.046     -3.350      0.001
    AGE1               0.072      0.039      1.858      0.063
    EDUCATION_        -0.006      0.026     -0.218      0.827
    EDUCATION_         0.017      0.027      0.648      0.517
    UNEMPLOYED         0.011      0.067      0.171      0.864
    UNEMPLOYED        -0.002      0.094     -0.022      0.983
    FIN2               0.109      0.022      4.835      0.000

 M3       ON
    GENDER1           -0.106      0.048     -2.219      0.026
    AGE1               0.071      0.039      1.835      0.067
    EDUCATION_         0.003      0.027      0.120      0.904
    EDUCATION_         0.010      0.027      0.392      0.695
    UNEMPLOYED        -0.043      0.065     -0.664      0.507
    UNEMPLOYED         0.142      0.090      1.578      0.115
    FIN3               0.103      0.025      4.136      0.000

 RIX      WITH
    RIY                0.240      0.033      7.311      0.000
    RIM                0.124      0.019      6.483      0.000

 RIY      WITH
    RIM                0.184      0.026      7.005      0.000

 WX1      WITH
    WY1                0.020      0.026      0.786      0.432
    WM1                0.023      0.014      1.695      0.090

 WY1      WITH
    WM1                0.070      0.026      2.671      0.008

 WX2      WITH
    WY2                0.012      0.021      0.587      0.557
    WM2                0.037      0.011      3.502      0.000

 WY2      WITH
    WM2                0.095      0.015      6.169      0.000

 WX3      WITH
    WY3                0.012      0.021      0.587      0.557
    WM3                0.037      0.011      3.502      0.000

 WY3      WITH
    WM3                0.095      0.015      6.169      0.000

 GENDER1  WITH
    AGE1              -0.001      0.007     -0.082      0.934
    EDUCATION_        -0.036      0.015     -2.389      0.017
    EDUCATION_        -0.022      0.015     -1.465      0.143
    UNEMPLOYED        -0.003      0.006     -0.491      0.623
    UNEMPLOYED        -0.002      0.004     -0.418      0.676
    FIN1               0.014      0.013      1.060      0.289
    FIN2              -0.002      0.013     -0.130      0.896
    FIN3               0.006      0.014      0.405      0.685

 AGE1     WITH
    EDUCATION_        -0.036      0.015     -2.436      0.015
    EDUCATION_        -0.018      0.015     -1.182      0.237
    UNEMPLOYED         0.012      0.005      2.225      0.026
    UNEMPLOYED         0.002      0.004      0.440      0.660
    FIN1              -0.005      0.013     -0.409      0.683
    FIN2              -0.010      0.013     -0.777      0.437
    FIN3              -0.012      0.014     -0.893      0.372

 EDUCATIO WITH
    EDUCATION_         0.452      0.030     14.928      0.000
    UNEMPLOYED        -0.088      0.012     -7.483      0.000
    UNEMPLOYED        -0.024      0.009     -2.736      0.006
    FIN1               0.117      0.027      4.309      0.000
    FIN2               0.130      0.026      5.042      0.000
    FIN3               0.134      0.027      4.913      0.000

 EDUCATIO WITH
    UNEMPLOYED        -0.057      0.011     -4.945      0.000
    UNEMPLOYED        -0.030      0.007     -4.082      0.000
    FIN1               0.145      0.028      5.243      0.000
    FIN2               0.173      0.026      6.603      0.000
    FIN3               0.183      0.027      6.776      0.000

 UNEMPLOY WITH
    UNEMPLOYED         0.013      0.004      3.267      0.001
    FIN1              -0.033      0.011     -2.985      0.003
    FIN2              -0.029      0.010     -2.851      0.004
    FIN3              -0.040      0.010     -3.826      0.000

 UNEMPLOY WITH
    FIN1              -0.027      0.008     -3.172      0.002
    FIN2              -0.020      0.007     -2.968      0.003
    FIN3              -0.020      0.008     -2.656      0.008

 FIN1     WITH
    FIN2               0.505      0.025     20.386      0.000
    FIN3               0.484      0.025     19.226      0.000

 FIN2     WITH
    FIN3               0.504      0.024     20.779      0.000

 Means
    GENDER1            0.646      0.015     42.455      0.000
    AGE1              15.638      0.016   1007.273      0.000
    EDUCATION_         3.907      0.031    124.205      0.000
    EDUCATION_         3.754      0.032    116.417      0.000
    UNEMPLOYED         0.154      0.012     13.358      0.000
    UNEMPLOYED         0.070      0.008      8.375      0.000
    FIN1               3.756      0.027    138.438      0.000
    FIN2               3.776      0.027    141.585      0.000
    FIN3               3.754      0.028    133.487      0.000

 Intercepts
    X1                -0.265      0.876     -0.303      0.762
    X2                -0.265      0.876     -0.303      0.762
    X3                -0.265      0.876     -0.303      0.762
    Y1                 1.845      0.946      1.951      0.051
    Y2                 1.845      0.946      1.951      0.051
    Y3                 1.845      0.946      1.951      0.051
    M1                -1.500      0.626     -2.396      0.017
    M2                -1.500      0.626     -2.396      0.017
    M3                -1.500      0.626     -2.396      0.017

 Variances
    GENDER1            0.229      0.004     51.270      0.000
    AGE1               0.233      0.005     50.731      0.000
    EDUCATION_         0.946      0.025     38.616      0.000
    EDUCATION_         0.983      0.028     34.903      0.000
    UNEMPLOYED         0.130      0.008     16.314      0.000
    UNEMPLOYED         0.065      0.007      9.064      0.000
    FIN1               0.727      0.028     26.428      0.000
    FIN2               0.684      0.027     25.754      0.000
    FIN3               0.750      0.032     23.562      0.000
    RIX                0.527      0.032     16.566      0.000
    RIY                0.500      0.060      8.372      0.000
    RIM                0.239      0.021     11.275      0.000
    WX1                0.295      0.026     11.386      0.000
    WY1                0.670      0.076      8.869      0.000
    WM1                0.152      0.019      7.933      0.000

 Residual Variances
    X1                 0.000      0.000    999.000    999.000
    X2                 0.000      0.000    999.000    999.000
    X3                 0.000      0.000    999.000    999.000
    Y1                 0.000      0.000    999.000    999.000
    Y2                 0.000      0.000    999.000    999.000
    Y3                 0.000      0.000    999.000    999.000
    M1                 0.000      0.000    999.000    999.000
    M2                 0.000      0.000    999.000    999.000
    M3                 0.000      0.000    999.000    999.000
    WX2                0.272      0.021     12.864      0.000
    WX3                0.272      0.021     12.864      0.000
    WY2                0.645      0.061     10.601      0.000
    WY3                0.645      0.061     10.601      0.000
    WM2                0.222      0.011     19.644      0.000
    WM3                0.222      0.011     19.644      0.000

New/Additional Parameters
    IND               -0.001      0.004     -0.188      0.851


STANDARDIZED MODEL RESULTS


STDYX Standardization

                                                    Two-Tailed
                    Estimate       S.E.  Est./S.E.    P-Value

 RIX      BY
    X1                 0.792      0.018     45.253      0.000
    X2                 0.800      0.019     43.029      0.000
    X3                 0.802      0.019     43.144      0.000

 RIY      BY
    Y1                 0.615      0.037     16.760      0.000
    Y2                 0.616      0.038     16.273      0.000
    Y3                 0.597      0.037     16.110      0.000

 RIM      BY
    M1                 0.765      0.030     25.431      0.000
    M2                 0.696      0.025     27.463      0.000
    M3                 0.691      0.027     25.971      0.000

 WX1      BY
    X1                 0.593      0.023     25.977      0.000

 WX2      BY
    X2                 0.581      0.025     23.543      0.000

 WX3      BY
    X3                 0.582      0.025     23.183      0.000

 WY1      BY
    Y1                 0.711      0.031     22.667      0.000

 WY2      BY
    Y2                 0.714      0.033     21.678      0.000

 WY3      BY
    Y3                 0.693      0.033     21.041      0.000

 WM1      BY
    M1                 0.612      0.037     16.719      0.000

 WM2      BY
    M2                 0.696      0.025     28.324      0.000

 WM3      BY
    M3                 0.704      0.026     27.503      0.000

 WY2      ON
    WY1                0.187      0.070      2.652      0.008
    WX1               -0.055      0.053     -1.031      0.303
    WM1                0.029      0.045      0.632      0.527

 WY3      ON
    WY2                0.187      0.073      2.557      0.011
    WX2               -0.053      0.051     -1.047      0.295
    WM2                0.036      0.056      0.636      0.525

 WX2      ON
    WX1                0.098      0.067      1.459      0.144
    WY1               -0.095      0.051     -1.875      0.061
    WM1                0.038      0.042      0.892      0.373

 WX3      ON
    WX2                0.095      0.067      1.414      0.157
    WY2               -0.095      0.051     -1.863      0.062
    WM2                0.047      0.052      0.903      0.367

 WM2      ON
    WM1                0.246      0.054      4.537      0.000
    WX1               -0.014      0.040     -0.357      0.721
    WY1                0.057      0.036      1.600      0.110

 WM3      ON
    WM2                0.302      0.058      5.177      0.000
    WX2               -0.014      0.038     -0.358      0.720
    WY2                0.056      0.035      1.602      0.109

 X1       ON
    GENDER1           -0.103      0.033     -3.095      0.002
    AGE1              -0.001      0.029     -0.025      0.980
    EDUCATION_        -0.023      0.036     -0.642      0.521
    EDUCATION_         0.026      0.036      0.730      0.465
    UNEMPLOYED        -0.006      0.031     -0.185      0.853
    UNEMPLOYED         0.019      0.033      0.562      0.574
    FIN1               0.097      0.028      3.409      0.001

 X2       ON
    GENDER1           -0.062      0.034     -1.812      0.070
    AGE1              -0.006      0.029     -0.203      0.839
    EDUCATION_        -0.036      0.037     -0.962      0.336
    EDUCATION_         0.025      0.038      0.655      0.512
    UNEMPLOYED        -0.003      0.031     -0.093      0.926
    UNEMPLOYED         0.050      0.035      1.411      0.158
    FIN2               0.130      0.028      4.573      0.000

 X3       ON
    GENDER1           -0.079      0.034     -2.308      0.021
    AGE1               0.000      0.029     -0.003      0.998
    EDUCATION_        -0.030      0.037     -0.823      0.410
    EDUCATION_         0.018      0.037      0.482      0.630
    UNEMPLOYED         0.018      0.033      0.542      0.588
    UNEMPLOYED         0.042      0.035      1.180      0.238
    FIN3               0.099      0.029      3.373      0.001

 Y1       ON
    GENDER1           -0.113      0.030     -3.785      0.000
    AGE1               0.054      0.025      2.164      0.030
    EDUCATION_        -0.024      0.039     -0.629      0.529
    EDUCATION_         0.010      0.040      0.257      0.797
    UNEMPLOYED        -0.046      0.036     -1.301      0.193
    UNEMPLOYED         0.030      0.034      0.892      0.372
    FIN1               0.318      0.032      9.961      0.000

 Y2       ON
    GENDER1           -0.054      0.030     -1.772      0.076
    AGE1               0.046      0.025      1.832      0.067
    EDUCATION_         0.033      0.036      0.911      0.362
    EDUCATION_         0.027      0.039      0.703      0.482
    UNEMPLOYED        -0.039      0.034     -1.140      0.254
    UNEMPLOYED         0.000      0.032     -0.008      0.994
    FIN2               0.303      0.030     10.139      0.000

 Y3       ON
    GENDER1            0.007      0.031      0.226      0.821
    AGE1               0.030      0.024      1.253      0.210
    EDUCATION_         0.028      0.035      0.798      0.425
    EDUCATION_         0.036      0.034      1.058      0.290
    UNEMPLOYED        -0.011      0.031     -0.335      0.738
    UNEMPLOYED         0.011      0.031      0.341      0.733
    FIN3               0.389      0.031     12.562      0.000

 M1       ON
    GENDER1           -0.116      0.031     -3.697      0.000
    AGE1               0.057      0.029      1.934      0.053
    EDUCATION_        -0.035      0.039     -0.904      0.366
    EDUCATION_         0.036      0.037      0.965      0.335
    UNEMPLOYED         0.009      0.034      0.275      0.783
    UNEMPLOYED         0.074      0.035      2.087      0.037
    FIN1               0.141      0.029      4.886      0.000

 M2       ON
    GENDER1           -0.105      0.031     -3.398      0.001
    AGE1               0.050      0.027      1.858      0.063
    EDUCATION_        -0.008      0.037     -0.218      0.827
    EDUCATION_         0.024      0.037      0.648      0.517
    UNEMPLOYED         0.006      0.034      0.171      0.864
    UNEMPLOYED        -0.001      0.034     -0.022      0.983
    FIN2               0.128      0.027      4.823      0.000

 M3       ON
    GENDER1           -0.072      0.032     -2.232      0.026
    AGE1               0.049      0.027      1.834      0.067
    EDUCATION_         0.004      0.037      0.120      0.904
    EDUCATION_         0.015      0.037      0.392      0.695
    UNEMPLOYED        -0.022      0.033     -0.666      0.505
    UNEMPLOYED         0.051      0.032      1.583      0.113
    FIN3               0.126      0.030      4.197      0.000

 RIX      WITH
    RIY                0.467      0.067      6.957      0.000
    RIM                0.348      0.049      7.163      0.000

 RIY      WITH
    RIM                0.533      0.060      8.822      0.000

 WX1      WITH
    WY1                0.046      0.058      0.786      0.432
    WM1                0.109      0.062      1.762      0.078

 WY1      WITH
    WM1                0.218      0.072      3.032      0.002

 WX2      WITH
    WY2                0.029      0.050      0.577      0.564
    WM2                0.152      0.043      3.579      0.000

 WY2      WITH
    WM2                0.252      0.040      6.235      0.000

 WX3      WITH
    WY3                0.029      0.050      0.577      0.564
    WM3                0.152      0.043      3.579      0.000

 WY3      WITH
    WM3                0.252      0.040      6.235      0.000

 GENDER1  WITH
    AGE1              -0.003      0.032     -0.082      0.934
    EDUCATION_        -0.077      0.032     -2.384      0.017
    EDUCATION_        -0.046      0.032     -1.465      0.143
    UNEMPLOYED        -0.016      0.032     -0.491      0.624
    UNEMPLOYED        -0.014      0.033     -0.418      0.676
    FIN1               0.034      0.032      1.061      0.289
    FIN2              -0.004      0.033     -0.130      0.896
    FIN3               0.013      0.033      0.405      0.685

 AGE1     WITH
    EDUCATION_        -0.078      0.032     -2.433      0.015
    EDUCATION_        -0.038      0.032     -1.180      0.238
    UNEMPLOYED         0.069      0.031      2.239      0.025
    UNEMPLOYED         0.014      0.032      0.440      0.660
    FIN1              -0.013      0.032     -0.408      0.683
    FIN2              -0.025      0.032     -0.778      0.437
    FIN3              -0.029      0.032     -0.895      0.371

 EDUCATIO WITH
    EDUCATION_         0.469      0.028     16.557      0.000
    UNEMPLOYED        -0.250      0.030     -8.360      0.000
    UNEMPLOYED        -0.095      0.034     -2.834      0.005
    FIN1               0.140      0.032      4.380      0.000
    FIN2               0.162      0.032      5.125      0.000
    FIN3               0.159      0.032      4.963      0.000

 EDUCATIO WITH
    UNEMPLOYED        -0.159      0.031     -5.185      0.000
    UNEMPLOYED        -0.121      0.027     -4.455      0.000
    FIN1               0.172      0.032      5.291      0.000
    FIN2               0.211      0.031      6.823      0.000
    FIN3               0.214      0.031      6.982      0.000

 UNEMPLOY WITH
    UNEMPLOYED         0.146      0.042      3.477      0.001
    FIN1              -0.106      0.035     -3.043      0.002
    FIN2              -0.096      0.033     -2.886      0.004
    FIN3              -0.128      0.033     -3.934      0.000

 UNEMPLOY WITH
    FIN1              -0.122      0.036     -3.354      0.001
    FIN2              -0.093      0.030     -3.109      0.002
    FIN3              -0.091      0.033     -2.755      0.006

 FIN1     WITH
    FIN2               0.715      0.019     38.333      0.000
    FIN3               0.656      0.024     27.905      0.000

 FIN2     WITH
    FIN3               0.704      0.021     33.427      0.000

 Means
    GENDER1            1.351      0.045     29.940      0.000
    AGE1              32.399      0.350     92.492      0.000
    EDUCATION_         4.016      0.064     62.413      0.000
    EDUCATION_         3.786      0.060     63.158      0.000
    UNEMPLOYED         0.427      0.019     22.562      0.000
    UNEMPLOYED         0.274      0.018     15.496      0.000
    FIN1               4.404      0.091     48.144      0.000
    FIN2               4.566      0.096     47.435      0.000
    FIN3               4.336      0.102     42.317      0.000

 Intercepts
    X1                -0.290      0.956     -0.303      0.762
    X2                -0.293      0.965     -0.303      0.762
    X3                -0.293      0.968     -0.303      0.762
    Y1                 1.604      0.825      1.944      0.052
    Y2                 1.607      0.826      1.946      0.052
    Y3                 1.556      0.800      1.946      0.052
    M1                -2.351      0.979     -2.401      0.016
    M2                -2.138      0.893     -2.395      0.017
    M3                -2.124      0.887     -2.395      0.017

 Variances
    GENDER1            1.000      0.000    999.000    999.000
    AGE1               1.000      0.000    999.000    999.000
    EDUCATION_         1.000      0.000    999.000    999.000
    EDUCATION_         1.000      0.000    999.000    999.000
    UNEMPLOYED         1.000      0.000    999.000    999.000
    UNEMPLOYED         1.000      0.000    999.000    999.000
    FIN1               1.000      0.000    999.000    999.000
    FIN2               1.000      0.000    999.000    999.000
    FIN3               1.000      0.000    999.000    999.000
    RIX                1.000      0.000    999.000    999.000
    RIY                1.000      0.000    999.000    999.000
    RIM                1.000      0.000    999.000    999.000
    WX1                1.000      0.000    999.000    999.000
    WY1                1.000      0.000    999.000    999.000
    WM1                1.000      0.000    999.000    999.000

 Residual Variances
    X1                 0.000      0.000      0.000      1.000
    X2                 0.000      0.000      0.000      1.000
    X3                 0.000      0.000      0.000      1.000
    Y1                 0.000      0.000      0.000      1.000
    Y2                 0.000      0.000      0.000      1.000
    Y3                 0.000      0.000      0.000      1.000
    M1                 0.000      0.000      0.000      1.000
    M2                 0.000      0.000      0.000      1.000
    M3                 0.000      0.000      0.000      1.000
    WX2                0.982      0.019     52.783      0.000
    WX3                0.981      0.020     48.754      0.000
    WY2                0.960      0.027     35.040      0.000
    WY3                0.958      0.029     32.768      0.000
    WM2                0.931      0.030     31.378      0.000
    WM3                0.898      0.037     24.300      0.000


R-SQUARE

    Observed                                        Two-Tailed
    Variable        Estimate       S.E.  Est./S.E.    P-Value

    X1                 1.000      0.000    999.000    999.000
    X2                 1.000      0.000    999.000    999.000
    X3                 1.000      0.000    999.000    999.000
    Y1                 1.000      0.000    999.000    999.000
    Y2                 1.000      0.000    999.000    999.000
    Y3                 1.000      0.000    999.000    999.000
    M1                 1.000      0.000    999.000    999.000
    M2                 1.000      0.000    999.000    999.000
    M3                 1.000      0.000    999.000    999.000

     Latent                                         Two-Tailed
    Variable        Estimate       S.E.  Est./S.E.    P-Value

    WX2                0.018      0.019      0.985      0.325
    WX3                0.019      0.020      0.942      0.346
    WY2                0.040      0.027      1.454      0.146
    WY3                0.042      0.029      1.434      0.151
    WM2                0.069      0.030      2.332      0.020
    WM3                0.102      0.037      2.771      0.006


CONFIDENCE INTERVALS OF MODEL RESULTS

                  Lower .5%  Lower 2.5%    Lower 5%    Estimate    Upper 5%  Upper 2.5%   Upper .5%

 RIX      BY
    X1               1.000       1.000       1.000       1.000       1.000       1.000       1.000
    X2               1.000       1.000       1.000       1.000       1.000       1.000       1.000
    X3               1.000       1.000       1.000       1.000       1.000       1.000       1.000

 RIY      BY
    Y1               1.000       1.000       1.000       1.000       1.000       1.000       1.000
    Y2               1.000       1.000       1.000       1.000       1.000       1.000       1.000
    Y3               1.000       1.000       1.000       1.000       1.000       1.000       1.000

 RIM      BY
    M1               1.000       1.000       1.000       1.000       1.000       1.000       1.000
    M2               1.000       1.000       1.000       1.000       1.000       1.000       1.000
    M3               1.000       1.000       1.000       1.000       1.000       1.000       1.000

 WX1      BY
    X1               1.000       1.000       1.000       1.000       1.000       1.000       1.000

 WX2      BY
    X2               1.000       1.000       1.000       1.000       1.000       1.000       1.000

 WX3      BY
    X3               1.000       1.000       1.000       1.000       1.000       1.000       1.000

 WY1      BY
    Y1               1.000       1.000       1.000       1.000       1.000       1.000       1.000

 WY2      BY
    Y2               1.000       1.000       1.000       1.000       1.000       1.000       1.000

 WY3      BY
    Y3               1.000       1.000       1.000       1.000       1.000       1.000       1.000

 WM1      BY
    M1               1.000       1.000       1.000       1.000       1.000       1.000       1.000

 WM2      BY
    M2               1.000       1.000       1.000       1.000       1.000       1.000       1.000

 WM3      BY
    M3               1.000       1.000       1.000       1.000       1.000       1.000       1.000

 WY2      ON
    WY1              0.001       0.044       0.067       0.187       0.309       0.331       0.376
    WX1             -0.291      -0.237      -0.211      -0.083       0.050       0.074       0.119
    WM1             -0.193      -0.130      -0.100       0.060       0.210       0.240       0.293

 WY3      ON
    WY2              0.001       0.044       0.067       0.187       0.309       0.331       0.376
    WX2             -0.291      -0.237      -0.211      -0.083       0.050       0.074       0.119
    WM2             -0.193      -0.130      -0.100       0.060       0.210       0.240       0.293

 WX2      ON
    WX1             -0.063      -0.028      -0.008       0.095       0.214       0.236       0.276
    WY1             -0.146      -0.125      -0.114      -0.061      -0.006       0.005       0.028
    WM1             -0.095      -0.060      -0.040       0.051       0.144       0.160       0.198

 WX3      ON
    WX2             -0.063      -0.028      -0.008       0.095       0.214       0.236       0.276
    WY2             -0.146      -0.125      -0.114      -0.061      -0.006       0.005       0.028
    WM2             -0.095      -0.060      -0.040       0.051       0.144       0.160       0.198

 WM2      ON
    WM1              0.154       0.190       0.209       0.308       0.411       0.430       0.472
    WX1             -0.106      -0.083      -0.071      -0.013       0.047       0.058       0.080
    WY1             -0.022      -0.008      -0.002       0.034       0.068       0.073       0.087

 WM3      ON
    WM2              0.154       0.190       0.209       0.308       0.411       0.430       0.472
    WX2             -0.106      -0.083      -0.071      -0.013       0.047       0.058       0.080
    WY2             -0.022      -0.008      -0.002       0.034       0.068       0.073       0.087

 X1       ON
    GENDER1         -0.364      -0.324      -0.301      -0.197      -0.093      -0.073      -0.041
    AGE1            -0.143      -0.109      -0.092      -0.001       0.090       0.108       0.140
    EDUCATION_      -0.112      -0.090      -0.079      -0.022       0.035       0.044       0.064
    EDUCATION_      -0.065      -0.041      -0.031       0.024       0.079       0.089       0.111
    UNEMPLOYED      -0.218      -0.168      -0.142      -0.014       0.115       0.139       0.190
    UNEMPLOYED      -0.243      -0.167      -0.125       0.067       0.266       0.304       0.379
    FIN1             0.026       0.044       0.054       0.104       0.155       0.163       0.181

 X2       ON
    GENDER1         -0.287      -0.244      -0.224      -0.118      -0.010       0.008       0.052
    AGE1            -0.151      -0.119      -0.100      -0.011       0.079       0.097       0.130
    EDUCATION_      -0.120      -0.100      -0.090      -0.033       0.024       0.035       0.055
    EDUCATION_      -0.067      -0.044      -0.034       0.023       0.080       0.091       0.115
    UNEMPLOYED      -0.216      -0.162      -0.136      -0.007       0.123       0.146       0.193
    UNEMPLOYED      -0.156      -0.078      -0.035       0.178       0.386       0.426       0.501
    FIN2             0.062       0.081       0.090       0.142       0.193       0.203       0.221

 X3       ON
    GENDER1         -0.317      -0.276      -0.255      -0.149      -0.043      -0.022       0.019
    AGE1            -0.142      -0.109      -0.091       0.000       0.091       0.108       0.141
    EDUCATION_      -0.116      -0.095      -0.085      -0.028       0.028       0.038       0.060
    EDUCATION_      -0.071      -0.050      -0.038       0.016       0.071       0.082       0.106
    UNEMPLOYED      -0.171      -0.119      -0.094       0.045       0.181       0.205       0.263
    UNEMPLOYED      -0.185      -0.100      -0.057       0.148       0.357       0.398       0.472
    FIN3             0.024       0.042       0.052       0.103       0.153       0.163       0.181

 Y1       ON
    GENDER1         -0.460      -0.414      -0.391      -0.271      -0.152      -0.130      -0.084
    AGE1            -0.025       0.012       0.031       0.128       0.224       0.244       0.279
    EDUCATION_      -0.149      -0.119      -0.105      -0.029       0.046       0.060       0.087
    EDUCATION_      -0.104      -0.077      -0.064       0.012       0.091       0.105       0.135
    UNEMPLOYED      -0.461      -0.375      -0.338      -0.148       0.041       0.074       0.136
    UNEMPLOYED      -0.276      -0.181      -0.122       0.137       0.384       0.432       0.531
    FIN1             0.321       0.346       0.360       0.429       0.498       0.509       0.534

 Y2       ON
    GENDER1         -0.313      -0.270      -0.249      -0.129      -0.007       0.014       0.055
    AGE1            -0.046      -0.008       0.013       0.109       0.207       0.227       0.261
    EDUCATION_      -0.075      -0.046      -0.032       0.039       0.109       0.122       0.146
    EDUCATION_      -0.084      -0.055      -0.042       0.032       0.107       0.123       0.152
    UNEMPLOYED      -0.404      -0.339      -0.307      -0.125       0.058       0.092       0.155
    UNEMPLOYED      -0.402      -0.293      -0.243      -0.001       0.228       0.269       0.351
    FIN2             0.308       0.337       0.352       0.421       0.488       0.500       0.526

 Y3       ON
    GENDER1         -0.174      -0.132      -0.108       0.017       0.143       0.165       0.217
    AGE1            -0.082      -0.041      -0.022       0.074       0.173       0.193       0.228
    EDUCATION_      -0.077      -0.049      -0.035       0.034       0.104       0.116       0.138
    EDUCATION_      -0.062      -0.034      -0.024       0.043       0.111       0.123       0.145
    UNEMPLOYED      -0.302      -0.235      -0.205      -0.035       0.135       0.168       0.228
    UNEMPLOYED      -0.355      -0.244      -0.194       0.050       0.285       0.324       0.406
    FIN3             0.420       0.448       0.460       0.533       0.604       0.618       0.648

 M1       ON
    GENDER1         -0.269      -0.239      -0.225      -0.155      -0.087      -0.073      -0.049
    AGE1            -0.025      -0.001       0.011       0.075       0.140       0.152       0.176
    EDUCATION_      -0.087      -0.073      -0.064      -0.023       0.019       0.027       0.041
    EDUCATION_      -0.041      -0.024      -0.016       0.023       0.063       0.071       0.085
    UNEMPLOYED      -0.141      -0.104      -0.083       0.017       0.116       0.134       0.172
    UNEMPLOYED      -0.044       0.010       0.039       0.185       0.331       0.357       0.414
    FIN1             0.050       0.064       0.070       0.106       0.141       0.148       0.162

 M2       ON
    GENDER1         -0.273      -0.244      -0.231      -0.154      -0.080      -0.065      -0.036
    AGE1            -0.026      -0.005       0.009       0.072       0.137       0.149       0.174
    EDUCATION_      -0.073      -0.058      -0.049      -0.006       0.038       0.046       0.063
    EDUCATION_      -0.052      -0.035      -0.027       0.017       0.060       0.069       0.085
    UNEMPLOYED      -0.165      -0.119      -0.097       0.011       0.121       0.145       0.182
    UNEMPLOYED      -0.249      -0.188      -0.154      -0.002       0.154       0.185       0.238
    FIN2             0.052       0.065       0.072       0.109       0.146       0.154       0.167

 M3       ON
    GENDER1         -0.235      -0.202      -0.186      -0.106      -0.028      -0.014       0.013
    AGE1            -0.029      -0.005       0.007       0.071       0.135       0.148       0.171
    EDUCATION_      -0.066      -0.050      -0.041       0.003       0.047       0.055       0.070
    EDUCATION_      -0.060      -0.043      -0.033       0.010       0.054       0.063       0.078
    UNEMPLOYED      -0.209      -0.175      -0.152      -0.043       0.063       0.084       0.128
    UNEMPLOYED      -0.105      -0.036      -0.006       0.142       0.287       0.313       0.372
    FIN3             0.040       0.055       0.063       0.103       0.144       0.152       0.167

 RIX      WITH
    RIY              0.159       0.176       0.185       0.240       0.293       0.304       0.327
    RIM              0.074       0.085       0.091       0.124       0.153       0.159       0.171

 RIY      WITH
    RIM              0.113       0.130       0.138       0.184       0.225       0.233       0.251

 WX1      WITH
    WY1             -0.051      -0.033      -0.024       0.020       0.061       0.070       0.083
    WM1             -0.011      -0.003       0.001       0.023       0.046       0.051       0.061

 WY1      WITH
    WM1              0.007       0.022       0.030       0.070       0.115       0.124       0.144

 WX2      WITH
    WY2             -0.043      -0.028      -0.022       0.012       0.046       0.053       0.068
    WM2              0.010       0.016       0.019       0.037       0.054       0.058       0.064

 WY2      WITH
    WM2              0.051       0.063       0.068       0.095       0.119       0.123       0.134

 WX3      WITH
    WY3             -0.043      -0.028      -0.022       0.012       0.046       0.053       0.068
    WM3              0.010       0.016       0.019       0.037       0.054       0.058       0.064

 WY3      WITH
    WM3              0.051       0.063       0.068       0.095       0.119       0.123       0.134

 GENDER1  WITH
    AGE1            -0.019      -0.015      -0.013      -0.001       0.012       0.014       0.018
    EDUCATION_      -0.074      -0.065      -0.060      -0.036      -0.011      -0.006       0.004
    EDUCATION_      -0.060      -0.051      -0.046      -0.022       0.003       0.008       0.018
    UNEMPLOYED      -0.017      -0.014      -0.012      -0.003       0.006       0.008       0.011
    UNEMPLOYED      -0.012      -0.010      -0.008      -0.002       0.005       0.006       0.009
    FIN1            -0.020      -0.012      -0.008       0.014       0.035       0.039       0.047
    FIN2            -0.036      -0.027      -0.023      -0.002       0.020       0.024       0.031
    FIN3            -0.030      -0.021      -0.017       0.006       0.028       0.032       0.040

 AGE1     WITH
    EDUCATION_      -0.075      -0.067      -0.061      -0.036      -0.012      -0.007       0.002
    EDUCATION_      -0.057      -0.049      -0.044      -0.018       0.007       0.012       0.022
    UNEMPLOYED      -0.002       0.001       0.003       0.012       0.021       0.022       0.025
    UNEMPLOYED      -0.009      -0.006      -0.005       0.002       0.008       0.009       0.012
    FIN1            -0.039      -0.031      -0.027      -0.005       0.016       0.021       0.028
    FIN2            -0.044      -0.036      -0.031      -0.010       0.011       0.015       0.023
    FIN3            -0.047      -0.038      -0.034      -0.012       0.010       0.015       0.023

 EDUCATIO WITH
    EDUCATION_       0.373       0.393       0.403       0.452       0.502       0.511       0.530
    UNEMPLOYED      -0.120      -0.111      -0.107      -0.088      -0.068      -0.065      -0.058
    UNEMPLOYED      -0.046      -0.040      -0.038      -0.024      -0.010      -0.007      -0.001
    FIN1             0.047       0.063       0.072       0.117       0.161       0.169       0.188
    FIN2             0.064       0.079       0.087       0.130       0.172       0.180       0.196
    FIN3             0.064       0.081       0.089       0.134       0.179       0.187       0.205

 EDUCATIO WITH
    UNEMPLOYED      -0.086      -0.079      -0.075      -0.057      -0.038      -0.034      -0.027
    UNEMPLOYED      -0.050      -0.045      -0.043      -0.030      -0.018      -0.016      -0.012
    FIN1             0.074       0.091       0.100       0.145       0.190       0.201       0.217
    FIN2             0.108       0.122       0.130       0.173       0.216       0.224       0.241
    FIN3             0.113       0.130       0.139       0.183       0.229       0.237       0.253

 UNEMPLOY WITH
    UNEMPLOYED       0.004       0.006       0.007       0.013       0.020       0.022       0.025
    FIN1            -0.062      -0.054      -0.051      -0.033      -0.015      -0.011      -0.005
    FIN2            -0.055      -0.048      -0.045      -0.029      -0.012      -0.009      -0.003
    FIN3            -0.067      -0.061      -0.057      -0.040      -0.023      -0.020      -0.013

 UNEMPLOY WITH
    FIN1            -0.048      -0.043      -0.040      -0.027      -0.013      -0.010      -0.005
    FIN2            -0.037      -0.033      -0.031      -0.020      -0.009      -0.007      -0.003
    FIN3            -0.040      -0.035      -0.033      -0.020      -0.008      -0.006      -0.001

 FIN1     WITH
    FIN2             0.440       0.456       0.463       0.505       0.545       0.553       0.567
    FIN3             0.420       0.434       0.442       0.484       0.526       0.533       0.551

 FIN2     WITH
    FIN3             0.441       0.457       0.463       0.504       0.544       0.552       0.567

 Means
    GENDER1          0.607       0.617       0.621       0.646       0.671       0.676       0.686
    AGE1            15.598      15.608      15.612      15.638      15.663      15.669      15.679
    EDUCATION_       3.827       3.846       3.856       3.907       3.959       3.969       3.988
    EDUCATION_       3.671       3.691       3.701       3.754       3.806       3.817       3.838
    UNEMPLOYED       0.124       0.132       0.135       0.154       0.173       0.176       0.184
    UNEMPLOYED       0.049       0.054       0.056       0.070       0.084       0.087       0.091
    FIN1             3.683       3.702       3.712       3.756       3.800       3.808       3.827
    FIN2             3.707       3.725       3.733       3.776       3.820       3.828       3.843
    FIN3             3.682       3.699       3.707       3.754       3.800       3.809       3.824

 Intercepts
    X1              -2.513      -1.999      -1.706      -0.265       1.181       1.462       1.955
    X2              -2.513      -1.999      -1.706      -0.265       1.181       1.462       1.955
    X3              -2.513      -1.999      -1.706      -0.265       1.181       1.462       1.955
    Y1              -0.529      -0.034       0.287       1.845       3.384       3.675       4.344
    Y2              -0.529      -0.034       0.287       1.845       3.384       3.675       4.344
    Y3              -0.529      -0.034       0.287       1.845       3.384       3.675       4.344
    M1              -3.123      -2.737      -2.546      -1.500      -0.473      -0.268       0.087
    M2              -3.123      -2.737      -2.546      -1.500      -0.473      -0.268       0.087
    M3              -3.123      -2.737      -2.546      -1.500      -0.473      -0.268       0.087

 Variances
    GENDER1          0.216       0.219       0.221       0.229       0.235       0.236       0.238
    AGE1             0.220       0.223       0.225       0.233       0.240       0.241       0.244
    EDUCATION_       0.886       0.900       0.907       0.946       0.987       0.997       1.013
    EDUCATION_       0.914       0.929       0.938       0.983       1.030       1.039       1.058
    UNEMPLOYED       0.109       0.114       0.117       0.130       0.143       0.145       0.150
    UNEMPLOYED       0.047       0.051       0.053       0.065       0.077       0.079       0.083
    FIN1             0.657       0.672       0.681       0.727       0.771       0.780       0.799
    FIN2             0.618       0.632       0.640       0.684       0.728       0.737       0.753
    FIN3             0.669       0.687       0.697       0.750       0.803       0.813       0.834
    RIX              0.437       0.458       0.467       0.527       0.572       0.581       0.602
    RIY              0.328       0.371       0.390       0.500       0.587       0.604       0.641
    RIM              0.174       0.191       0.199       0.239       0.268       0.274       0.287
    WX1              0.235       0.249       0.255       0.295       0.340       0.349       0.371
    WY1              0.492       0.531       0.550       0.670       0.798       0.825       0.881
    WM1              0.110       0.120       0.124       0.152       0.186       0.194       0.212

 Residual Variances
    X1               0.000       0.000       0.000       0.000       0.000       0.000       0.000
    X2               0.000       0.000       0.000       0.000       0.000       0.000       0.000
    X3               0.000       0.000       0.000       0.000       0.000       0.000       0.000
    Y1               0.000       0.000       0.000       0.000       0.000       0.000       0.000
    Y2               0.000       0.000       0.000       0.000       0.000       0.000       0.000
    Y3               0.000       0.000       0.000       0.000       0.000       0.000       0.000
    M1               0.000       0.000       0.000       0.000       0.000       0.000       0.000
    M2               0.000       0.000       0.000       0.000       0.000       0.000       0.000
    M3               0.000       0.000       0.000       0.000       0.000       0.000       0.000
    WX2              0.219       0.231       0.237       0.272       0.306       0.313       0.327
    WX3              0.219       0.231       0.237       0.272       0.306       0.313       0.327
    WY2              0.487       0.524       0.542       0.645       0.741       0.762       0.803
    WY3              0.487       0.524       0.542       0.645       0.741       0.762       0.803
    WM2              0.191       0.198       0.201       0.222       0.239       0.242       0.250
    WM3              0.191       0.198       0.201       0.222       0.239       0.242       0.250

New/Additional Parameters
    IND             -0.018      -0.012      -0.009      -0.001       0.004       0.006       0.010


CONFIDENCE INTERVALS OF STANDARDIZED MODEL RESULTS


STDYX Standardization

                  Lower .5%  Lower 2.5%    Lower 5%    Estimate    Upper 5%  Upper 2.5%   Upper .5%

 RIX      BY
    X1               0.737       0.751       0.757       0.792       0.815       0.819       0.827
    X2               0.740       0.756       0.762       0.800       0.823       0.828       0.836
    X3               0.742       0.758       0.764       0.802       0.825       0.830       0.839

 RIY      BY
    Y1               0.497       0.530       0.546       0.615       0.664       0.673       0.692
    Y2               0.495       0.530       0.544       0.616       0.667       0.677       0.699
    Y3               0.480       0.512       0.526       0.597       0.647       0.656       0.676

 RIM      BY
    M1               0.662       0.692       0.706       0.765       0.803       0.810       0.823
    M2               0.608       0.633       0.646       0.696       0.728       0.733       0.745
    M3               0.600       0.624       0.639       0.691       0.725       0.731       0.742

 WX1      BY
    X1               0.538       0.551       0.557       0.593       0.632       0.640       0.655

 WX2      BY
    X2               0.521       0.535       0.542       0.581       0.623       0.631       0.649

 WX3      BY
    X3               0.523       0.536       0.543       0.582       0.626       0.634       0.652

 WY1      BY
    Y1               0.631       0.651       0.660       0.711       0.763       0.772       0.794

 WY2      BY
    Y2               0.631       0.652       0.661       0.714       0.769       0.781       0.803

 WY3      BY
    Y3               0.608       0.630       0.640       0.693       0.748       0.759       0.780

 WM1      BY
    M1               0.526       0.545       0.555       0.612       0.674       0.688       0.716

 WM2      BY
    M2               0.639       0.651       0.658       0.696       0.739       0.749       0.770

 WM3      BY
    M3               0.644       0.657       0.664       0.704       0.748       0.758       0.781

 WY2      ON
    WY1              0.002       0.046       0.069       0.187       0.300       0.319       0.362
    WX1             -0.196      -0.160      -0.143      -0.055       0.032       0.048       0.076
    WM1             -0.090      -0.060      -0.046       0.029       0.102       0.120       0.150

 WY3      ON
    WY2              0.001       0.044       0.067       0.187       0.307       0.330       0.372
    WX2             -0.183      -0.150      -0.135      -0.053       0.032       0.048       0.078
    WM2             -0.110      -0.075      -0.058       0.036       0.127       0.148       0.184

 WX2      ON
    WX1             -0.067      -0.030      -0.009       0.098       0.213       0.234       0.270
    WY1             -0.224      -0.192      -0.175      -0.095      -0.009       0.008       0.042
    WM1             -0.070      -0.043      -0.030       0.038       0.108       0.121       0.155

 WX3      ON
    WX2             -0.063      -0.028      -0.008       0.095       0.213       0.235       0.274
    WY2             -0.228      -0.193      -0.177      -0.095      -0.009       0.008       0.042
    WM2             -0.087      -0.055      -0.037       0.047       0.132       0.149       0.186

 WM2      ON
    WM1              0.117       0.146       0.161       0.246       0.339       0.360       0.401
    WX1             -0.122      -0.094      -0.080      -0.014       0.052       0.063       0.087
    WY1             -0.037      -0.014      -0.004       0.057       0.114       0.124       0.148

 WM3      ON
    WM2              0.152       0.188       0.207       0.302       0.399       0.418       0.456
    WX2             -0.113      -0.088      -0.075      -0.014       0.051       0.062       0.087
    WY2             -0.036      -0.014      -0.004       0.056       0.112       0.122       0.145

 X1       ON
    GENDER1         -0.189      -0.169      -0.158      -0.103      -0.048      -0.038      -0.021
    AGE1            -0.075      -0.058      -0.049      -0.001       0.047       0.057       0.074
    EDUCATION_      -0.118      -0.096      -0.084      -0.023       0.037       0.047       0.067
    EDUCATION_      -0.070      -0.045      -0.033       0.026       0.085       0.096       0.120
    UNEMPLOYED      -0.086      -0.066      -0.056      -0.006       0.045       0.054       0.073
    UNEMPLOYED      -0.067      -0.046      -0.035       0.019       0.074       0.084       0.103
    FIN1             0.025       0.041       0.050       0.097       0.143       0.152       0.169

 X2       ON
    GENDER1         -0.150      -0.129      -0.118      -0.062      -0.005       0.004       0.027
    AGE1            -0.079      -0.063      -0.053      -0.006       0.042       0.051       0.069
    EDUCATION_      -0.128      -0.108      -0.097      -0.036       0.025       0.038       0.060
    EDUCATION_      -0.073      -0.049      -0.038       0.025       0.087       0.099       0.124
    UNEMPLOYED      -0.085      -0.064      -0.054      -0.003       0.049       0.058       0.077
    UNEMPLOYED      -0.042      -0.021      -0.010       0.050       0.108       0.119       0.138
    FIN2             0.056       0.074       0.082       0.130       0.176       0.185       0.202

 X3       ON
    GENDER1         -0.167      -0.145      -0.135      -0.079      -0.023      -0.012       0.010
    AGE1            -0.075      -0.058      -0.049       0.000       0.048       0.057       0.076
    EDUCATION_      -0.126      -0.102      -0.091      -0.030       0.030       0.041       0.064
    EDUCATION_      -0.077      -0.055      -0.042       0.018       0.078       0.089       0.115
    UNEMPLOYED      -0.068      -0.048      -0.037       0.018       0.072       0.082       0.102
    UNEMPLOYED      -0.052      -0.028      -0.016       0.042       0.100       0.111       0.131
    FIN3             0.022       0.040       0.050       0.099       0.147       0.155       0.172

 Y1       ON
    GENDER1         -0.189      -0.171      -0.161      -0.113      -0.064      -0.054      -0.035
    AGE1            -0.010       0.005       0.013       0.054       0.094       0.103       0.118
    EDUCATION_      -0.124      -0.101      -0.089      -0.024       0.039       0.051       0.074
    EDUCATION_      -0.090      -0.067      -0.055       0.010       0.077       0.090       0.115
    UNEMPLOYED      -0.141      -0.116      -0.105      -0.046       0.013       0.023       0.043
    UNEMPLOYED      -0.061      -0.039      -0.027       0.030       0.085       0.094       0.117
    FIN1             0.234       0.255       0.265       0.318       0.371       0.379       0.397

 Y2       ON
    GENDER1         -0.130      -0.112      -0.103      -0.054      -0.003       0.006       0.023
    AGE1            -0.019      -0.003       0.005       0.046       0.087       0.095       0.111
    EDUCATION_      -0.063      -0.039      -0.027       0.033       0.092       0.103       0.124
    EDUCATION_      -0.072      -0.048      -0.036       0.027       0.093       0.105       0.130
    UNEMPLOYED      -0.126      -0.106      -0.096      -0.039       0.018       0.029       0.048
    UNEMPLOYED      -0.087      -0.065      -0.054       0.000       0.050       0.058       0.076
    FIN2             0.222       0.242       0.253       0.303       0.351       0.360       0.379

 Y3       ON
    GENDER1         -0.070      -0.053      -0.044       0.007       0.057       0.066       0.086
    AGE1            -0.033      -0.017      -0.009       0.030       0.070       0.079       0.093
    EDUCATION_      -0.063      -0.040      -0.029       0.028       0.085       0.094       0.113
    EDUCATION_      -0.052      -0.029      -0.020       0.036       0.093       0.103       0.121
    UNEMPLOYED      -0.092      -0.073      -0.062      -0.011       0.041       0.051       0.070
    UNEMPLOYED      -0.076      -0.052      -0.042       0.011       0.061       0.070       0.088
    FIN3             0.310       0.328       0.337       0.389       0.439       0.448       0.467

 M1       ON
    GENDER1         -0.201      -0.178      -0.168      -0.116      -0.065      -0.055      -0.037
    AGE1            -0.018      -0.001       0.009       0.057       0.105       0.115       0.133
    EDUCATION_      -0.132      -0.111      -0.098      -0.035       0.029       0.041       0.063
    EDUCATION_      -0.063      -0.037      -0.025       0.036       0.098       0.110       0.131
    UNEMPLOYED      -0.080      -0.059      -0.046       0.009       0.065       0.076       0.098
    UNEMPLOYED      -0.018       0.004       0.015       0.074       0.132       0.142       0.165
    FIN1             0.066       0.084       0.094       0.141       0.189       0.199       0.218

 M2       ON
    GENDER1         -0.185      -0.166      -0.156      -0.105      -0.055      -0.045      -0.024
    AGE1            -0.018      -0.003       0.006       0.050       0.094       0.102       0.119
    EDUCATION_      -0.101      -0.080      -0.068      -0.008       0.053       0.065       0.088
    EDUCATION_      -0.073      -0.050      -0.038       0.024       0.085       0.097       0.121
    UNEMPLOYED      -0.084      -0.060      -0.050       0.006       0.062       0.074       0.092
    UNEMPLOYED      -0.088      -0.068      -0.056      -0.001       0.055       0.066       0.086
    FIN2             0.061       0.076       0.085       0.128       0.172       0.181       0.197

 M3       ON
    GENDER1         -0.157      -0.135      -0.125      -0.072      -0.019      -0.009       0.009
    AGE1            -0.019      -0.003       0.005       0.049       0.093       0.101       0.117
    EDUCATION_      -0.089      -0.069      -0.057       0.004       0.065       0.076       0.096
    EDUCATION_      -0.082      -0.060      -0.047       0.015       0.076       0.088       0.111
    UNEMPLOYED      -0.106      -0.088      -0.077      -0.022       0.032       0.043       0.066
    UNEMPLOYED      -0.036      -0.013      -0.002       0.051       0.103       0.113       0.134
    FIN3             0.049       0.068       0.077       0.126       0.176       0.185       0.204

 RIX      WITH
    RIY              0.320       0.353       0.371       0.467       0.587       0.615       0.684
    RIM              0.224       0.253       0.269       0.348       0.429       0.444       0.476

 RIY      WITH
    RIM              0.387       0.423       0.442       0.533       0.639       0.661       0.711

 WX1      WITH
    WY1             -0.110      -0.072      -0.053       0.046       0.139       0.158       0.186
    WM1             -0.051      -0.013       0.006       0.109       0.211       0.230       0.263

 WY1      WITH
    WM1              0.025       0.072       0.098       0.218       0.335       0.356       0.395

 WX2      WITH
    WY2             -0.102      -0.068      -0.052       0.029       0.113       0.127       0.163
    WM2              0.040       0.067       0.080       0.152       0.221       0.233       0.260

 WY2      WITH
    WM2              0.139       0.168       0.183       0.252       0.316       0.328       0.351

 WX3      WITH
    WY3             -0.102      -0.068      -0.052       0.029       0.113       0.127       0.163
    WM3              0.040       0.067       0.080       0.152       0.221       0.233       0.260

 WY3      WITH
    WM3              0.139       0.168       0.183       0.252       0.316       0.328       0.351

 GENDER1  WITH
    AGE1            -0.085      -0.065      -0.056      -0.003       0.050       0.060       0.081
    EDUCATION_      -0.158      -0.140      -0.130      -0.077      -0.024      -0.013       0.008
    EDUCATION_      -0.126      -0.107      -0.097      -0.046       0.006       0.016       0.038
    UNEMPLOYED      -0.100      -0.080      -0.070      -0.016       0.037       0.047       0.066
    UNEMPLOYED      -0.103      -0.079      -0.068      -0.014       0.040       0.050       0.071
    FIN1            -0.048      -0.029      -0.020       0.034       0.086       0.097       0.115
    FIN2            -0.090      -0.069      -0.059      -0.004       0.049       0.060       0.077
    FIN3            -0.073      -0.052      -0.042       0.013       0.067       0.077       0.095

 AGE1     WITH
    EDUCATION_      -0.159      -0.142      -0.131      -0.078      -0.025      -0.016       0.004
    EDUCATION_      -0.119      -0.102      -0.092      -0.038       0.015       0.025       0.047
    UNEMPLOYED      -0.013       0.008       0.017       0.069       0.119       0.127       0.144
    UNEMPLOYED      -0.072      -0.050      -0.039       0.014       0.066       0.075       0.094
    FIN1            -0.096      -0.075      -0.066      -0.013       0.040       0.050       0.070
    FIN2            -0.108      -0.089      -0.078      -0.025       0.027       0.039       0.058
    FIN3            -0.110      -0.091      -0.082      -0.029       0.024       0.035       0.055

 EDUCATIO WITH
    EDUCATION_       0.395       0.413       0.422       0.469       0.515       0.523       0.539
    UNEMPLOYED      -0.326      -0.308      -0.298      -0.250      -0.200      -0.190      -0.172
    UNEMPLOYED      -0.180      -0.159      -0.150      -0.095      -0.039      -0.029      -0.006
    FIN1             0.058       0.077       0.087       0.140       0.193       0.203       0.222
    FIN2             0.080       0.099       0.109       0.162       0.213       0.222       0.240
    FIN3             0.077       0.096       0.106       0.159       0.211       0.222       0.240

 EDUCATIO WITH
    UNEMPLOYED      -0.236      -0.217      -0.207      -0.159      -0.107      -0.098      -0.078
    UNEMPLOYED      -0.187      -0.172      -0.164      -0.121      -0.075      -0.066      -0.050
    FIN1             0.088       0.108       0.118       0.172       0.225       0.236       0.257
    FIN2             0.133       0.150       0.159       0.211       0.261       0.271       0.290
    FIN3             0.132       0.152       0.163       0.214       0.264       0.274       0.292

 UNEMPLOY WITH
    UNEMPLOYED       0.040       0.065       0.078       0.146       0.215       0.230       0.257
    FIN1            -0.196      -0.175      -0.165      -0.106      -0.049      -0.038      -0.017
    FIN2            -0.182      -0.160      -0.150      -0.096      -0.041      -0.030      -0.011
    FIN3            -0.212      -0.191      -0.181      -0.128      -0.075      -0.064      -0.042

 UNEMPLOY WITH
    FIN1            -0.215      -0.192      -0.181      -0.122      -0.062      -0.049      -0.026
    FIN2            -0.169      -0.152      -0.142      -0.093      -0.044      -0.034      -0.016
    FIN3            -0.174      -0.155      -0.145      -0.091      -0.036      -0.026      -0.006

 FIN1     WITH
    FIN2             0.663       0.677       0.684       0.715       0.745       0.750       0.761
    FIN3             0.593       0.608       0.615       0.656       0.693       0.700       0.713

 FIN2     WITH
    FIN3             0.644       0.659       0.668       0.704       0.737       0.742       0.754

 Means
    GENDER1          1.243       1.268       1.280       1.351       1.428       1.443       1.477
    AGE1            31.618      31.785      31.878      32.399      33.019      33.146      33.447
    EDUCATION_       3.851       3.891       3.913       4.016       4.125       4.147       4.185
    EDUCATION_       3.631       3.671       3.690       3.786       3.886       3.905       3.944
    UNEMPLOYED       0.377       0.390       0.395       0.427       0.457       0.463       0.475
    UNEMPLOYED       0.228       0.238       0.244       0.274       0.302       0.308       0.317
    FIN1             4.182       4.238       4.265       4.404       4.564       4.597       4.653
    FIN2             4.331       4.384       4.414       4.566       4.730       4.766       4.821
    FIN3             4.085       4.144       4.175       4.336       4.510       4.548       4.623

 Intercepts
    X1              -2.727      -2.178      -1.856      -0.290       1.298       1.600       2.152
    X2              -2.759      -2.198      -1.882      -0.293       1.307       1.617       2.162
    X3              -2.762      -2.203      -1.883      -0.293       1.305       1.618       2.164
    Y1              -0.454      -0.030       0.252       1.604       2.950       3.203       3.797
    Y2              -0.467      -0.029       0.250       1.607       2.957       3.203       3.807
    Y3              -0.444      -0.028       0.241       1.556       2.862       3.103       3.665
    M1              -4.882      -4.270      -3.967      -2.351      -0.745      -0.421       0.136
    M2              -4.456      -3.902      -3.615      -2.138      -0.673      -0.383       0.124
    M3              -4.430      -3.874      -3.592      -2.124      -0.672      -0.381       0.123

 Variances
    GENDER1          1.000       1.000       1.000       1.000       1.000       1.000       1.000
    AGE1             1.000       1.000       1.000       1.000       1.000       1.000       1.000
    EDUCATION_       1.000       1.000       1.000       1.000       1.000       1.000       1.000
    EDUCATION_       1.000       1.000       1.000       1.000       1.000       1.000       1.000
    UNEMPLOYED       1.000       1.000       1.000       1.000       1.000       1.000       1.000
    UNEMPLOYED       1.000       1.000       1.000       1.000       1.000       1.000       1.000
    FIN1             1.000       1.000       1.000       1.000       1.000       1.000       1.000
    FIN2             1.000       1.000       1.000       1.000       1.000       1.000       1.000
    FIN3             1.000       1.000       1.000       1.000       1.000       1.000       1.000
    RIX              1.000       1.000       1.000       1.000       1.000       1.000       1.000
    RIY              1.000       1.000       1.000       1.000       1.000       1.000       1.000
    RIM              1.000       1.000       1.000       1.000       1.000       1.000       1.000
    WX1              1.000       1.000       1.000       1.000       1.000       1.000       1.000
    WY1              1.000       1.000       1.000       1.000       1.000       1.000       1.000
    WM1              1.000       1.000       1.000       1.000       1.000       1.000       1.000

 Residual Variances
    X1               0.000       0.000       0.000       0.000       0.000       0.000       0.000
    X2               0.000       0.000       0.000       0.000       0.000       0.000       0.000
    X3               0.000       0.000       0.000       0.000       0.000       0.000       0.000
    Y1               0.000       0.000       0.000       0.000       0.000       0.000       0.000
    Y2               0.000       0.000       0.000       0.000       0.000       0.000       0.000
    Y3               0.000       0.000       0.000       0.000       0.000       0.000       0.000
    M1               0.000       0.000       0.000       0.000       0.000       0.000       0.000
    M2               0.000       0.000       0.000       0.000       0.000       0.000       0.000
    M3               0.000       0.000       0.000       0.000       0.000       0.000       0.000
    WX2              0.902       0.926       0.936       0.982       0.995       0.997       0.999
    WX3              0.897       0.921       0.931       0.981       0.994       0.996       0.999
    WY2              0.859       0.886       0.900       0.960       0.987       0.991       0.996
    WY3              0.849       0.878       0.893       0.958       0.986       0.990       0.996
    WM2              0.822       0.854       0.869       0.931       0.965       0.970       0.978
    WM3              0.775       0.808       0.824       0.898       0.946       0.953       0.966


     Beginning Time:  20:54:31
        Ending Time:  21:04:23
       Elapsed Time:  00:09:52



MUTHEN & MUTHEN
3463 Stoner Ave.
Los Angeles, CA  90066

Tel: (310) 391-9971
Fax: (310) 391-8971
Web: www.StatModel.com
Support: Support@StatModel.com

Copyright (c) 1998-2023 Muthen & Muthen
